ekarri	eraman-ere	6
ekarri	erabili	14
ekarri	ezpadadi	13
ekarri	erabila	23
ekarri	erabilteco	1
ekarri	eramaiten	15
ekarri	eramana	25
ekarri	daramala	8
ekarri	ekarri	26
ekarri	eramaiten	7
ekarri	eramanen	28
ekarri	eramaiten	22
ekarri	eramanen	3
ekarri	ika	29
ekarri	eramanen	24
ekarri	eramanic	16
ekarri	eramari	9
ekarri	eramaitera	4
ekarri	erabili	19
ekarri	eramali	20
ekarri	eguinenean	11
ekarri	eramanic	5
ekarri	baitadi	12
ekarri	berama	10
ekarri	ikus	0
ekarri	ebili	2
ekarri	eramaitec	18
ekarri	eramanili	27
ekarri	eramanic	21
ekarri	eramanic	17
eduki	ikustela	23
eduki	bedu	10
eduki	ikus	12
eduki	ikus	14
eduki	ikusten	5
eduki	ikusten	7
eduki	dadila	8
eduki	edari	9
eduki	mendia	15
eduki	ikusten	24
eduki	dura	29
eduki	ikusquerac	17
eduki	baduc	21
eduki	badadi	11
eduki	ikus	26
eduki	vrrun	2
eduki	ikusteno	22
eduki	daducan	16
eduki	duc	4
eduki	ikusten	25
eduki	ikusteco	1
eduki	ikus	18
eduki	ikus	19
eduki	ikustere	6
eduki	ikusten	3
eduki	ikus	0
eduki	ikus	20
eduki	ezpadadi	13
eduki	ikusten	28
eduki	adu	27
erabili	erabil	12
erabili	erabili	29
erabili	erabilten	3
erabili	erabili	15
erabili	erabili	14
erabili	darabila	8
erabili	erabili	4
erabili	erabili	7
erabili	erabili	5
erabili	erabilteco	1
erabili	erabil	0
erabili	erabili	21
erabili	erabili	20
erabili	erabili	6
erabili	erabili	17
erabili	erabili	28
erabili	erabil	11
erabili	erabili	10
erabili	erabili	18
erabili	erabili	19
erabili	erabil	13
erabili	erabilten	16
erabili	erabili	9
erabili	erabilteco	22
erabili	erabili	23
erabili	erabili	25
erabili	erabili	27
erabili	erabili	26
erabili	ebili	2
erabili	erabilten	24
entzun	eçagutua	21
entzun	eçagutua	24
entzun	eçagutua	3
entzun	eçagutua	12
entzun	ezpadagu	13
entzun	eçagutua	5
entzun	eçagutua	4
entzun	eçagutua	7
entzun	eçagutua	22
entzun	eçagutua	15
entzun	eçagutua	14
entzun	eçagutua	2
entzun	ezquerrac	17
entzun	ezten	16
entzun	alduz	8
entzun	eçagutua	26
entzun	eçagutua	20
entzun	eçagutua	18
entzun	eçagutua	29
entzun	eçagutua	11
entzun	eçagutua	23
entzun	eçagutua	9
entzun	eçagutua	10
entzun	eçagutua	19
entzun	eçagutua	1
entzun	eçagutua	27
entzun	eçagutua	25
entzun	eçagutua	28
entzun	eçagutua	6
entzun	eçagutua	0
eraman	eraman-ere	6
eraman	eman	2
eraman	eramaitera	18
eraman	eramanen	11
eraman	eraman	26
eraman	arama	27
eraman	eramala	20
eraman	eraman	12
eraman	eramana	25
eraman	daramala	8
eraman	eramalteco	1
eraman	eramaiten	7
eraman	eraman	9
eraman	eramaiten	22
eraman	eraman	19
eraman	eramala	23
eraman	eramanen	3
eraman	eramanean	28
eraman	eramanen	24
eraman	eramança	0
eraman	eramaitera	4
eraman	ezpadara	13
eraman	eramanic	5
eraman	eramanen	16
eraman	eramani	14
eraman	eramanerac	17
eraman	berama	10
eraman	eramara	29
eraman	eramanic	21
eraman	manra	15
egin	gona	25
egin	bagoc	21
egin	egau	19
egin	egonen	3
egin	dagola	8
egin	egon	5
egin	gora	29
egin	egoitera	4
egin	gorri	14
egin	dagocan	16
egin	igoac	18
egin	dagori	28
egin	guineça	23
egin	egon-ere	6
egin	egoiten	7
egin	egonen	24
egin	egari	9
egin	hetan	26
egin	ezpadago	13
egin	egoiteno	22
egin	badago	11
egin	gor	2
egin	ago	27
egin	moysez	20
egin	mengoa	15
egin	hango	1
egin	bego	10
egin	baitago	12
egin	egoiterac	17
egin	auançago	0
egon	egoitela	23
egon	egou	19
egon	egonen	3
egon	egoitera	4
egon	gorri	14
egon	dagocan	16
egon	gora	29
egon	dagola	8
egon	igoac	18
egon	egon-ere	6
egon	egoiten	7
egon	egoiten	22
egon	egari	9
egon	egoa	25
egon	ezpadago	13
egon	gor	2
egon	egoquerac	17
egon	auançago	0
egon	egonic	5
egon	dagorenean	28
egon	moysez	20
egon	egonaren	24
egon	mengoa	15
egon	hango	1
egon	bego	10
egon	egon	26
egon	badago	11
egon	baitago	12
egon	bagoc	21
egon	ago	27
esan	ezpadas	13
esan	moyses	20
esan	saaac	25
esan	esten	7
esan	hansteco	1
esan	asa	27
esan	sara	29
esan	esten	16
esan	dathorrenean	28
esan	isaac	18
esan	badas	11
esan	dasa	8
esan	esteno	22
esan	mensa	15
esan	auanças	0
esan	esari	9
esan	sarri	14
esan	besa	10
esan	hetan	26
esan	esau	19
esan	sar	5
esan	baitas	12
esan	esan-ere	6
esan	saren	24
esan	esaitera	4
esan	sau	23
esan	basac	21
esan	esquerrac	17
esan	esten	3
esan	sar	2
ezagutu	eçagutua	21
ezagutu	eçagutua	24
ezagutu	eçagutua	3
ezagutu	eçagutua	12
ezagutu	ezpadagu	13
ezagutu	eçagutu	7
ezagutu	eçagutua	5
ezagutu	eçagutua	4
ezagutu	eçagutua	22
ezagutu	eçagutua	15
ezagutu	eçagutua	14
ezagutu	eçagutua	8
ezagutu	eçagutua	16
ezagutu	eçagutua	2
ezagutu	eçagutua	26
ezagutu	eçagutua	20
ezagutu	eçagutua	18
ezagutu	eçagutua	29
ezagutu	eçagutua	11
ezagutu	eçagutua	23
ezagutu	eçagutua	9
ezagutu	eçagutua	10
ezagutu	eçagutua	19
ezagutu	eçagutua	1
ezagutu	eçagutua	27
ezagutu	eçagutua	25
ezagutu	eçagutua	28
ezagutu	eçagutua	6
ezagutu	eçagutua	0
ezagutu	eçagutua	17
ukan	ikustera	4
ukan	ikustela	23
ukan	ikusten	16
ukan	ikus	12
ukan	ikus	14
ukan	ikusten	5
ukan	ikusten	22
ukan	ikusten	7
ukan	ikusten	24
ukan	ikusten	15
ukan	ikusquerac	17
ukan	baduc	21
ukan	vrrun	2
ukan	hetan	26
ukan	ikusten	25
ukan	ikusteco	1
ukan	ezpadago	13
ukan	ekus	19
ukan	ikus	18
ukan	ikusten	11
ukan	bekus	10
ukan	ikustere	6
ukan	ikustela	8
ukan	moysez	20
ukan	ikusten	3
ukan	ikus	0
ukan	akusa	27
ukan	esaru	9
ukan	ikusten	28
ukan	ikusa	29
erakutsi	erabil	10
erakutsi	esari	2
erakutsi	erastera	4
erakutsi	esten	7
erakutsi	eraman-ere	6
erakutsi	esquerrac	17
erakutsi	esten	16
erakutsi	esaru	29
erakutsi	erabikus	12
erakutsi	erabil	0
erakutsi	erabil	20
erakutsi	esautua	28
erakutsi	erasteco	1
erakutsi	eramaiten	22
erakutsi	esari	9
erakutsi	erabil	27
erakutsi	erabil	14
erakutsi	eramanen	3
erakutsi	erabikusa	18
erakutsi	esau	19
erakutsi	eramaiten	25
erakutsi	eramalteco	8
erakutsi	erabil	13
erakutsi	eramanic	5
erakutsi	esau	11
erakutsi	erabilu	23
erakutsi	erabili	26
erakutsi	eramaiten	15
erakutsi	erabilten	24
erakutsi	erabikusa	21
etorri	erabi	27
etorri	eraman-ere	6
etorri	eramaitera	18
etorri	erabili	14
etorri	eraman	26
etorri	dagola	8
etorri	erabilteco	1
etorri	erabil	0
etorri	eraoiten	7
etorri	egoitera	21
etorri	eramaiten	22
etorri	eraoiten	25
etorri	egoitera	17
etorri	egoitera	20
etorri	era	29
etorri	egabili	23
etorri	eramanen	3
etorri	egari	9
etorri	eramanen	24
etorri	eramango	28
etorri	ezpadago	13
etorri	eramaitera	4
etorri	eraman	16
etorri	erabili	19
etorri	erabili	10
etorri	erabitago	12
etorri	eramanic	5
etorri	egari	11
etorri	ebili	2
etorri	eraoiten	15
atxiki	erabil	12
atxiki	darila	8
atxiki	eraman-ere	6
atxiki	erabili	29
atxiki	erabilten	3
atxiki	ezpadadi	13
atxiki	ikuteça	23
atxiki	ikuten	7
atxiki	erabil	0
atxiki	erabilteco	1
atxiki	eçari	9
atxiki	ez	20
atxiki	erabilteco	28
atxiki	ezten	16
atxiki	ikuteno	22
atxiki	erabil	27
atxiki	erabil	14
atxiki	erabil	18
atxiki	erabili	10
atxiki	eçagui	11
atxiki	erabili	19
atxiki	erabitera	4
atxiki	erabil	5
atxiki	ikuterrac	17
atxiki	ebili	21
atxiki	erabili	26
atxiki	ikutena	25
atxiki	ebili	2
atxiki	eramaiten	15
atxiki	erabilten	24
ikusi	ikustera	4
ikusi	ikustela	23
ikusi	ikusten	16
ikusi	ikus	12
ikusi	ikusteco	8
ikusi	ikus	14
ikusi	ikusten	22
ikusi	ikusten	5
ikusi	ikusten	7
ikusi	ikus	2
ikusi	ikusten	24
ikusi	ikusten	15
ikusi	ikusquerac	17
ikusi	ikus	26
ikusi	ikus	13
ikusi	ikustec	21
ikusi	ikusteco	1
ikusi	ikusten	25
ikusi	ikus	10
ikusi	ikus	27
ikusi	ikus	18
ikusi	ikus	19
ikusi	ikusten	11
ikusi	ikustere	6
ikusi	ikus	9
ikusi	ikusten	3
ikusi	ikus	0
ikusi	ikus	20
ikusi	ikusten	28
ikusi	ikusa	29
eutsi	ezpadas	13
eutsi	esten	28
eutsi	esten	5
eutsi	esaac	18
eutsi	esten	7
eutsi	esau	0
eutsi	esaru	10
eutsi	esari	26
eutsi	esau	20
eutsi	esquerrac	17
eutsi	esten	16
eutsi	esa	27
eutsi	dasa	8
eutsi	esari	29
eutsi	esteno	22
eutsi	esaru	2
eutsi	esari	9
eutsi	esteru	6
eutsi	esaru	24
eutsi	esaa	15
eutsi	esau	23
eutsi	esau	19
eutsi	esauc	21
eutsi	esteco	1
eutsi	esarutua	25
eutsi	esau	11
eutsi	esari	14
eutsi	esaru	12
eutsi	esten	3
eutsi	estera	4
ibili	ebilten	3
ibili	erabili	29
ibili	ebili	28
ibili	ebili	6
ibili	badabil	11
ibili	bebili	10
ibili	ezpadabi	13
ibili	erabilteco	1
ibili	erabil	0
ibili	ebili	17
ibili	ili	25
ibili	ebili	4
ibili	ebili	23
ibili	ebili	9
ibili	baitabi	12
ibili	ebili	19
ibili	ebili	5
ibili	ilteno	22
ibili	ebili	7
ibili	bili	21
ibili	dabila	8
ibili	ebilten	16
ibili	moysez	20
ibili	ebili	15
ibili	ebili	14
ibili	erabili	26
ibili	abili	27
ibili	ebili	2
ibili	erabilten	24
ibili	ili	18
edun	mendua	15
edun	daducan	28
edun	bedu	10
edun	duçuençát	7
edun	edu	19
edun	dunen	3
edun	auançadu	0
edun	dura	29
edun	duçuela	23
edun	baduc	21
edun	educ	17
edun	ezpadadu	13
edun	dun	5
edun	duanaren	24
edun	baitadu	12
edun	duana	25
edun	vrrun	2
edun	duteno	22
edun	daducan	16
edun	vrrun	14
edun	duc	4
edun	iduac	18
edun	hetan	26
edun	edaru	9
edun	edun-ere	6
edun	handu	1
edun	moysez	20
edun	adu	27
edun	badadu	11
edun	dadula	8
izan	hitan	26
izan	aldian	1
izan	zara	29
izan	ezauin	19
izan	mendia	15
izan	içano	22
izan	içanaren	24
izan	baldic	21
izan	guinenean	11
izan	içan	3
izan	auançan	0
izan	bez	10
izan	ezquerrac	17
izan	ezten	16
izan	içan	6
izan	içana	18
izan	ezpadan	13
izan	vriz	14
izan	aldiz	8
izan	içan	5
izan	içan	7
izan	içan	4
izan	dathorrinean	28
izan	guineçan	23
izan	moysez	20
izan	içana	25
izan	citzan	27
izan	vrrin	2
izan	baitan	12
izan	ezari	9
ezan	itzan	22
ezan	vrez	14
ezan	mendea	15
ezan	eçan	7
ezan	zara	29
ezan	ezten	3
ezan	aldean	25
ezan	dathorrenean	28
ezan	baldec	21
ezan	zan	5
ezan	auançan	0
ezan	gueneçan	23
ezan	aldean	1
ezan	ezquerrac	17
ezan	ezten	16
ezan	bez	10
ezan	ezpadan	13
ezan	ezan-ere	6
ezan	içana	18
ezan	hetan	26
ezan	aldean	24
ezan	ezau	19
ezan	aldez	8
ezan	guenenean	11
ezan	moysez	20
ezan	baitan	12
ezan	zara	4
ezan	vrrin	2
ezan	cetzan	27
ezan	ezari	9
edin	din	5
edin	diteno	22
edin	adi	27
edin	dadila	8
edin	dathorrenean	28
edin	edari	9
edin	mendia	15
edin	diçuela	23
edin	badadi	11
edin	bedi	10
edin	din-ere	6
edin	auançadi	0
edin	dira	29
edin	vrri	14
edin	hetan	26
edin	diçuençát	7
edin	dic	4
edin	handi	1
edin	badic	21
edin	dadican	16
edin	edau	19
edin	ediquerac	17
edin	baitadi	12
edin	diana	25
edin	moysez	20
edin	dianaren	24
edin	ezpadadi	13
edin	vrrin	2
edin	dinen	3
edin	idiac	18
