пращам	пращал	15
пращам	пращани	18
пращам	пращаш	14
пращам	отпращам	8
пращам	изпращам	24
пращам	пращах	6
пращам	напращам	17
пращам	пращане	22
пращам	попраща	3
пращам	пращаше	28
пращам	пращайки	19
пращам	пращай	32
пращам	попращат	27
пращам	попращаха	11
пращам	пращаха	25
пращам	изпраща	1
пращам	разпращам	20
пращам	пращате	13
пращам	опращат	12
пращам	разпраща	2
пращам	пращали	29
пращам	опращам	9
пращам	пращах	4
пращам	пращайте	26
пращам	праща	7
пращам	пращахте	16
пращам	пращаме	33
пращам	напращат	10
пращам	попращам	5
пращам	пращане	30
пращам	пращам	34
пращам	праща	21
пращам	отпраща	0
пращам	пращат	31
пращам	пращането	23
узаконявам	узаконя	0
узаконявам	узаконяваш	14
узаконявам	узаконявани	18
узаконявам	узаконяваме	33
узаконявам	узаконява	21
узаконявам	узаконявайки	19
узаконявам	поузаконява	3
узаконявам	узаконявам	34
узаконявам	узаконявали	29
узаконявам	оузаконяват	12
узаконявам	узаконявай	32
узаконявам	узаконяват	31
узаконявам	наузоконявам	17
узаконявам	узаконявах	4
узаконявам	поузакяват	27
узаконявам	разуконявам	20
узаконявам	узаконявахте	16
узаконявам	изуконявам	24
узаконявам	оузаконявам	9
узаконявам	узаконяваха	25
узаконявам	разуконява	2
узаконявам	узаконявайте	26
узаконявам	наумоняват	10
узаконявам	узаконявам	8
узаконявам	узаконяването	23
узаконявам	узаконявате	13
узаконявам	узаконяване	22
узаконявам	узаконяваше	28
узаконявам	поузавя	11
узаконявам	узаконява	7
узаконявам	узаконявах	6
узаконявам	узаконявал	15
узаконявам	узаконя	1
узаконявам	узаконяване	30
узаконявам	поузаконявам	5
простирам	простираха	25
простирам	простираме	33
простирам	изпростирам	24
простирам	напростират	10
простирам	простирането	23
простирам	простиране	30
простирам	попростираха	11
простирам	простира	0
простирам	простирали	29
простирам	простирате	13
простирам	простирай	32
простирам	простираш	14
простирам	простирал	15
простирам	простирайки	19
простирам	разпростира	2
простирам	отпростирам	8
простирам	простира	7
простирам	простирани	18
простирам	простирам	34
простирам	простирах	4
простирам	простират	31
простирам	напростирам	17
простирам	опростирам	9
простирам	простира	1
простирам	попростирам	5
простирам	простирайте	26
простирам	простирахте	16
простирам	простира	21
простирам	простираше	28
простирам	попростира	3
простирам	простирах	6
простирам	опростират	12
простирам	простиране	22
простирам	разпростирам	20
простирам	попростират	27
напичам	напичах	6
напичам	онапичат	12
напичам	напичаха	25
напичам	напичайки	19
напичам	напичаше	28
напичам	напичат	31
напичам	напичат	10
напичам	наничам	17
напичам	понапичам	5
напичам	напичали	29
напичам	понапича	3
напичам	понапичаха	11
напичам	напичаш	14
напичам	напичане	22
напичам	изнапича	1
напичам	разнапича	2
напичам	напичал	15
напичам	напича	7
напичам	разнапичам	20
напичам	понапичат	27
напичам	онапичам	9
напичам	напичането	23
напичам	напичате	13
напичам	напичах	4
напичам	отнапича	0
напичам	изнапичам	24
напичам	напичайте	26
напичам	напичай	32
напичам	напичане	30
напичам	напичахте	16
напичам	напичани	18
напичам	напича	21
напичам	напичам	34
напичам	напичаме	33
напичам	отнапичам	8
съветвам	съветване	30
съветвам	насъветвам	17
съветвам	осъветвам	9
съветвам	осъветват	12
съветвам	съветвали	29
съветвам	съветва	21
съветвам	съветвате	13
съветвам	съветването	23
съветвам	посъветвам	5
съветвам	насъветват	10
съветвам	посъветват	27
съветвам	разсъветвам	20
съветвам	съветваш	14
съветвам	съветваме	33
съветвам	съветвай	32
съветвам	съветвах	6
съветвам	съветваха	25
съветвам	съветват	31
съветвам	съветваше	28
съветвам	изсъветвам	24
съветвам	съветвайки	19
съветвам	посъветваха	11
съветвам	разсъветва	2
съветвам	отсъветвам	8
съветвам	съвети	1
съветвам	посъветва	3
съветвам	съветвах	4
съветвам	съветване	22
съветвам	съветвал	15
съветвам	съветва	7
съветвам	съветвам	34
съветвам	съветвахте	16
съветвам	съветвани	18
съветвам	съветвайте	26
съветвам	съвет	0
мечтая	меча	7
мечтая	измета	24
мечтая	помеча	1
мечтая	мечатех	6
мечтая	метането	23
мечтая	отмета	8
мечтая	помета	5
мечтая	размеча	20
мечтая	метатим	13
мечтая	отмеча	0
мечтая	измета	2
мечтая	металил	15
мечтая	омечат	12
мечтая	мечатете	26
мечтая	мечатиш	16
мечтая	мечатене	22
мечтая	помечаете	3
мечтая	мечатеха	25
мечтая	метай	32
мечтая	пометаиха	11
мечтая	мета	21
мечтая	мечатят	31
мечтая	метайки	19
мечтая	помечат	27
мечтая	метаме	33
мечтая	мечатене	30
мечтая	метаха	4
мечтая	мечатеше	28
мечтая	омета	9
мечтая	мечатите	14
мечтая	мета	34
мечтая	наметат	10
мечтая	метани	18
мечтая	намета	17
мечтая	металили	29
чакам	разчака	2
чакам	чакането	23
чакам	чака	21
чакам	чакайте	26
чакам	чакате	13
чакам	чакам	34
чакам	чакайки	19
чакам	чаках	6
чакам	разчакам	20
чакам	начакат	10
чакам	почака	3
чакам	почакат	27
чакам	отчака	0
чакам	чакат	31
чакам	очакат	12
чакам	начакам	17
чакам	почакаха	11
чакам	чакани	18
чакам	чакане	30
чакам	чаках	4
чакам	чакай	32
чакам	чакахте	16
чакам	чакали	29
чакам	изчака	1
чакам	отчакам	8
чакам	чака	7
чакам	очакам	9
чакам	чакаш	14
чакам	чакане	22
чакам	чакаха	25
чакам	почакам	5
чакам	чакаме	33
чакам	чакаше	28
чакам	чакал	15
чакам	изчакам	24
изплашвам	поизплаваха	11
изплашвам	изплашвах	6
изплашвам	изплашва	7
изплашвам	разпишвам	20
изплашвам	разпишва	2
изплашвам	изплашваше	28
изплашвам	изплашваха	25
изплашвам	оизплават	12
изплашвам	изплашвате	13
изплашвам	изплашвайки	19
изплашвам	изплашвахте	16
изплашвам	изплашвай	32
изплашвам	изплашвайте	26
изплашвам	оизплавам	9
изплашвам	изплаши	1
изплашвам	изплаш	0
изплашвам	изплашвах	4
изплашвам	поишава	3
изплашвам	изплашване	30
изплашвам	изплашва	21
изплашвам	изплашваме	33
изплашвам	изплашвани	18
изплашвам	изплашват	31
изплашвам	поишавам	5
изплашвам	наплашват	10
изплашвам	изплашване	22
изплашвам	изплашвали	29
изплашвам	наизпишавам	17
изплашвам	изплашването	23
изплашвам	изплашвам	34
изплашвам	изплашвам	24
изплашвам	изплашваш	14
изплашвам	поизпават	27
изплашвам	изплашвал	15
изплашвам	изпишавам	8
чета	изчетат	17
чета	четеше	4
чета	разчета	20
чета	чете	1
чета	изчета	24
чета	четех	6
чета	четаме	33
чета	четат	31
чета	четене	22
чета	четете	26
чета	четани	18
чета	четете	8
чета	четал	15
чета	начетат	10
чета	почетаха	11
чета	четането	23
чета	очета	9
чета	четай	32
чета	чета	34
чета	четене	30
чета	чета	21
чета	четайки	19
чета	четаха	25
чета	почетат	27
чета	четаш	16
чета	чете	5
чета	отчета	0
чета	почете	3
чета	очетат	12
чета	четали	29
чета	четате	13
чета	четете	14
чета	четеше	28
чета	чета	7
чета	изчета	2
крада	крада	21
крада	крадате	13
крада	крадаме	33
крада	крадаш	16
крада	покрада	3
крада	крадете	8
крада	накрадат	10
крада	крадани	18
крада	крада	34
крада	открада	0
крада	изкрада	24
крада	крадайки	19
крада	окрада	9
крада	изкрада	2
крада	крадете	26
крада	крадането	23
крада	крадай	32
крада	окрадат	12
крада	крадах	6
крада	накрада	17
крада	краде	5
крада	изкрада	1
крада	разкрада	20
крада	крадали	29
крада	крадеше	28
крада	крадате	14
крада	крадаха	25
крада	крадеше	4
крада	крадат	31
крада	крад	7
крада	покрадаха	11
крада	крадане	22
крада	покрадат	27
крада	крадал	15
крада	крадене	30
говоря	отговоря	8
говоря	говорил	15
говоря	говорий	32
говоря	изговори	2
говоря	оговоря	9
говоря	говорето	23
говоря	поговорете	3
говоря	говорите	14
говоря	говореха	25
говоря	изговорят	17
говоря	поговориха	11
говоря	разговоря	20
говоря	говореме	33
говоря	говор	7
говоря	говоря	34
говоря	наговорят	10
говоря	говорим	13
говоря	говори	21
говоря	говорене	22
говоря	отговор	0
говоря	говорейки	19
говоря	говориш	16
говоря	говорили	29
говоря	поговоря	5
говоря	говореше	28
говоря	изговоря	24
говоря	поговори	1
говоря	поговорят	27
говоря	говорини	18
говоря	говорене	30
говоря	говорех	6
говоря	говориха	4
говоря	оговорят	12
говоря	говорят	31
говоря	говорете	26
запирам	запирай	32
запирам	запираха	25
запирам	запира	21
запирам	запирал	15
запирам	запират	31
запирам	озапирам	9
запирам	запирахте	16
запирам	позапираха	11
запирам	запирайте	26
запирам	запира	1
запирам	запираме	33
запирам	запирате	13
запирам	запираше	28
запирам	позапира	3
запирам	запираш	14
запирам	запирах	6
запирам	запирам	34
запирам	отзапирам	8
запирам	запиране	22
запирам	разапира	2
запирам	позапирам	5
запирам	запира	7
запирам	озапират	12
запирам	изапирам	24
запирам	запирали	29
запирам	позапират	27
запирам	разапирам	20
запирам	запиране	30
запирам	назапирам	17
запирам	запирани	18
запирам	запира	0
запирам	запирах	4
запирам	запирането	23
запирам	назапират	10
запирам	запирайки	19
питам	опитам	9
питам	питане	30
питам	попитам	5
питам	питах	6
питам	напитам	17
питам	питане	22
питам	питайки	19
питам	питаш	14
питам	питате	13
питам	пита	21
питам	питай	32
питам	питаше	28
питам	отпита	0
питам	питани	18
питам	разпитам	20
питам	питали	29
питам	питам	34
питам	питането	23
питам	попита	3
питам	изпитам	24
питам	опитат	12
питам	разпита	2
питам	питах	4
питам	питаха	25
питам	напитат	10
питам	попитаха	11
питам	питахте	16
питам	пита	7
питам	питал	15
питам	питайте	26
питам	питат	31
питам	изпита	1
питам	питаме	33
питам	попитат	27
питам	отпитам	8
осиновявам	осиновяваш	14
осиновявам	осиновяване	30
осиновявам	осиновяват	12
осиновявам	осиновяват	31
осиновявам	осиновяваме	33
осиновявам	осиновявайте	26
осиновявам	осиновяваха	25
осиновявам	разосинявам	20
осиновявам	отсиновявам	8
осиновявам	осиновява	7
осиновявам	осиновявах	6
осиновявам	осиновя	1
осиновявам	осиновявайки	19
осиновявам	осиновяване	22
осиновявам	посинявам	5
осиновявам	осиновявате	13
осиновявам	осиновяването	23
осиновявам	посинява	3
осиновявам	посиняваха	11
осиновявам	насиняват	10
осиновявам	посиняват	27
осиновявам	осиновявал	15
осиновявам	осиновяваше	28
осиновявам	осиновя	0
осиновявам	осиновявай	32
осиновявам	осиновявах	4
осиновявам	насинявам	17
осиновявам	осиновявам	9
осиновявам	осиновявахте	16
осиновявам	разосинява	2
осиновявам	осиновявали	29
осиновявам	осиновявам	34
осиновявам	изосинявам	24
осиновявам	осиновявани	18
осиновявам	осиновява	21
получавам	пополучават	27
получавам	получава	7
получавам	наполучават	10
получавам	получаване	30
получавам	получаи	1
получавам	получавайки	19
получавам	получавах	6
получавам	получавате	13
получавам	пополучаваха	11
получавам	ополучавам	9
получавам	получавахте	16
получавам	изполучавам	24
получавам	получават	31
получавам	получавайте	26
получавам	пополучавам	5
получавам	ополучават	12
получавам	наполучавам	17
получавам	получаване	22
получавам	получава	21
получавам	получа	0
получавам	получаваше	28
получавам	получавали	29
получавам	получавал	15
получавам	разполучава	2
получавам	получавам	34
получавам	получавай	32
получавам	отполучавам	8
получавам	получаваш	14
получавам	получавани	18
получавам	пополучава	3
получавам	получаваме	33
получавам	получавах	4
получавам	разполучавам	20
получавам	получаваха	25
получавам	получаването	23
доказвам	раздоказвам	20
доказвам	доказваше	28
доказвам	доказ	0
доказвам	издоказвам	24
доказвам	доказвах	4
доказвам	докази	1
доказвам	доказваме	33
доказвам	доказвани	18
доказвам	доказват	31
доказвам	доказваш	14
доказвам	доказвайте	26
доказвам	доказване	30
доказвам	одказвам	9
доказвам	подоказва	3
доказвам	доказвай	32
доказвам	раздоказва	2
доказвам	подказваха	11
доказвам	доказвайки	19
доказвам	доказваха	25
доказвам	надоказват	10
доказвам	доказва	21
доказвам	доказвате	13
доказвам	доказвах	6
доказвам	доказване	22
доказвам	отдоказвам	8
доказвам	одоказват	12
доказвам	доказването	23
доказвам	подоказват	27
доказвам	подказвам	5
доказвам	доказвал	15
доказвам	надоказвам	17
доказвам	доказвахте	16
доказвам	доказвам	34
доказвам	доказвали	29
доказвам	доказва	7
наранявам	наранявайте	26
наранявам	понараняват	27
наранявам	наранявайки	19
наранявам	нараняване	30
наранявам	онаранявам	9
наранявам	наранявали	29
наранявам	нараняват	31
наранявам	понараняваха	11
наранявам	наранявам	34
наранявам	разнанява	2
наранявам	нараня	0
наранявам	нараняват	10
наранявам	нараняваме	33
наранявам	нараняване	22
наранявам	онараняват	12
наранявам	наранявам	17
наранявам	наранявай	32
наранявам	нараняваш	14
наранявам	наранявахте	16
наранявам	изнаранявам	24
наранявам	наранявате	13
наранявам	наранява	7
наранявам	нараняването	23
наранявам	разнанявам	20
наранявам	отнаранявам	8
наранявам	нараняваха	25
наранявам	наранявах	4
наранявам	нараня	1
наранявам	наранявани	18
наранявам	понаранява	3
наранявам	наранявал	15
наранявам	понаранявам	5
наранявам	наранява	21
наранявам	нараняваше	28
наранявам	наранявах	6
озаглавявам	позгаляват	27
озаглавявам	наголавям	17
озаглавявам	озаглавяйки	19
озаглавявам	озаглавяйте	26
озаглавявам	разозява	2
озаглавявам	озаглавяй	32
озаглавявам	озаглавях	4
озаглавявам	разогавям	20
озаглавявам	озаглавяме	33
озаглавявам	озаглаи	1
озаглавявам	озаглавят	12
озаглавявам	озаглавят	31
озаглавявам	озаглавял	15
озаглавявам	позгалява	3
озаглавявам	озаглавяне	22
озаглавявам	озаглавяли	29
озаглавявам	озаглавя	7
озаглавявам	изозгавям	24
озаглавявам	отгалявам	8
озаглавявам	позгаляваха	11
озаглавявам	озаглавяха	25
озаглавявам	позаговям	5
озаглавявам	озаглавяте	13
озаглавявам	озаглавяхте	16
озаглавявам	озаглавях	6
озаглавявам	нагаляват	10
озаглавявам	озаглавяни	18
озаглавявам	озагла	0
озаглавявам	озаглавяше	28
озаглавявам	озаглавям	9
озаглавявам	озаглавяш	14
озаглавявам	озаглавям	34
озаглавявам	озаглавянето	23
озаглавявам	озаглавя	21
озаглавявам	озаглавяне	30
пея	пея	34
пея	изпеят	17
пея	напеят	10
пея	пеили	29
пея	пееше	28
пея	пеене	30
пея	пеите	14
пея	пеех	6
пея	опея	9
пея	попеиха	11
пея	отпея	8
пея	попеи	1
пея	попете	3
пея	попеят	27
пея	изпея	24
пея	пе	7
пея	попея	5
пея	пеене	22
пея	пееха	25
пея	пеей	32
пея	пееме	33
пея	пеенето	23
пея	пеим	13
пея	пеи	21
пея	пеят	31
пея	изпеи	2
пея	пеиш	16
пея	отпе	0
пея	разпея	20
пея	пеил	15
пея	пеиха	4
пея	пеейки	19
пея	опеят	12
пея	пеете	26
пея	пеини	18
отхапвам	отхапвани	18
отхапвам	отхапвам	9
отхапвам	разотавам	20
отхапвам	отхапване	30
отхапвам	отхопвам	8
отхапвам	отхапвай	32
отхапвам	отхапвам	34
отхапвам	изотхапвам	24
отхапвам	отхапвайте	26
отхапвам	отхапвах	4
отхапвам	отхапва	21
отхапвам	отхапват	12
отхапвам	отхапват	31
отхапвам	отхапване	22
отхапвам	отхапваше	28
отхапвам	отхапи	1
отхапвам	отхапвайки	19
отхапвам	отхапваха	25
отхапвам	разотава	2
отхапвам	отхапвали	29
отхапвам	отхапвах	6
отхапвам	отхапвал	15
отхапвам	отхапва	7
отхапвам	нахопват	10
отхапвам	потхапваха	11
отхапвам	потхапвам	5
отхапвам	отхапваш	14
отхапвам	отхапвахте	16
отхапвам	потхапват	27
отхапвам	отхапвате	13
отхапвам	наотхапвам	17
отхапвам	потхапва	3
отхапвам	отхапването	23
отхапвам	отхапваме	33
отхапвам	отхап	0
мразя	мразим	13
мразя	мраз	7
мразя	помразиха	11
мразя	помразя	5
мразя	мразий	32
мразя	мразеха	25
мразя	намразя	17
мразя	помразят	27
мразя	мрази	21
мразя	мразиш	16
мразя	мразя	34
мразя	мразето	23
мразя	намразят	10
мразя	помразете	3
мразя	мразийки	19
мразя	измразя	24
мразя	мразят	31
мразя	мразене	22
мразя	мразите	14
мразя	мразил	15
мразя	мразини	18
мразя	размразя	20
мразя	измрази	2
мразя	отмразя	8
мразя	мразете	26
мразя	мразене	30
мразя	помрази	1
мразя	мразех	6
мразя	отмраз	0
мразя	омразя	9
мразя	мразеше	28
мразя	мраземе	33
мразя	мразили	29
мразя	омразят	12
мразя	мразиха	4
построявам	построявах	4
построявам	отпостроявам	8
построявам	попостроява	3
построявам	напострояват	10
построявам	изпостроявам	24
построявам	построявайте	26
построявам	построяват	31
построявам	разпострявам	20
построявам	попострояваха	11
построявам	опострояват	12
построявам	построя	1
построявам	построява	7
построявам	построяване	22
построявам	построявани	18
построявам	попострояват	27
построявам	построявах	6
построявам	построявам	34
построявам	построя	0
построявам	построявали	29
построявам	построяване	30
построявам	построяването	23
построявам	построяваха	25
построявам	построяваше	28
построявам	построяваме	33
построявам	построява	21
построявам	построявахте	16
построявам	построявате	13
построявам	построяваш	14
построявам	построявай	32
построявам	напостроявам	17
построявам	попостроявам	5
построявам	построявал	15
построявам	разпострява	2
построявам	опостроявам	9
построявам	построявайки	19
предупреждавам	попредупреждаваха	11
предупреждавам	предупреждавам	34
предупреждавам	отпредупреждавам	8
предупреждавам	предупреждавате	13
предупреждавам	предупреждавах	4
предупреждавам	напредупреждават	10
предупреждавам	предупреждаваш	14
предупреждавам	попредупреждава	3
предупреждавам	предупреждаване	30
предупреждавам	попредупреждават	27
предупреждавам	попредупреждавам	5
предупреждавам	предупреждавали	29
предупреждавам	предупреждава	21
предупреждавам	предупреждавахте	16
предупреждавам	разпредува	2
предупреждавам	опредупреждавам	9
предупреждавам	предупреждава	1
предупреждавам	предупреждаваха	25
предупреждавам	предупреждават	31
предупреждавам	предупреждаване	22
предупреждавам	предупреждаваше	28
предупреждавам	предупрежда	0
предупреждавам	предупреждаването	23
предупреждавам	предупреждаваме	33
предупреждавам	изпредупреждавам	24
предупреждавам	предупреждавайки	19
предупреждавам	предупреждавани	18
предупреждавам	предупреждавах	6
предупреждавам	опредупреждават	12
предупреждавам	предупреждавай	32
предупреждавам	предупреждавайте	26
предупреждавам	предупреждавал	15
предупреждавам	разпредупреждавам	20
предупреждавам	напредупреждавам	17
предупреждавам	предупреждавам	7
загребвам	загребвани	18
загребвам	загребвайте	26
загребвам	загребвай	32
загребвам	нагребват	10
загребвам	загребването	23
загребвам	позагребва	3
загребвам	загребваше	28
загребвам	позагребват	27
загребвам	загребване	30
загребвам	загребва	21
загребвам	изагребвам	24
загребвам	позагребва	11
загребвам	загребване	22
загребвам	загреберявам	8
загребвам	загребваме	33
загребвам	загребвах	4
загребвам	загребвахте	16
загребвам	назгребвам	17
загребвам	озагребват	12
загребвам	загребвам	34
загребвам	загребвал	15
загребвам	загреби	1
загребвам	загребе	0
загребвам	загребват	31
загребвам	загребваш	14
загребвам	озагребвам	9
загребвам	позагребвам	5
загребвам	загребвах	6
загребвам	загребваха	25
загребвам	разагребвам	20
загребвам	загребвали	29
загребвам	загребва	7
загребвам	загребвате	13
загребвам	разгреберава	2
загребвам	загребвайки	19
заповядвам	заповядвани	18
заповядвам	заповядваше	28
заповядвам	озаповядвам	9
заповядвам	наповядват	10
заповядвам	изаповядвам	24
заповядвам	разаповядва	2
заповядвам	заповядват	31
заповядвам	заповяд	0
заповядвам	заповядвам	34
заповядвам	заповядване	22
заповядвам	заповядва	7
заповядвам	заповядвахте	16
заповядвам	озаповядват	12
заповядвам	позаповядваха	11
заповядвам	заповядвам	8
заповядвам	заповядвал	15
заповядвам	позаповядват	27
заповядвам	назаповядвам	17
заповядвам	заповядване	30
заповядвам	заповядвах	4
заповядвам	заповядваха	25
заповядвам	заповядвайки	19
заповядвам	заповядваме	33
заповядвам	заповядваш	14
заповядвам	позаповядва	3
заповядвам	заповядва	21
заповядвам	разаповядвам	20
заповядвам	заповядването	23
заповядвам	заповядвате	13
заповядвам	заповядва	1
заповядвам	заповядвали	29
заповядвам	заповядвайте	26
заповядвам	позаповядвам	5
заповядвам	заповядвах	6
заповядвам	заповядвай	32
домитам	домитайте	26
домитам	одитам	9
домитам	подитат	27
домитам	домитах	4
домитам	домитане	22
домитам	раздитам	20
домитам	домитам	34
домитам	одитат	12
домитам	домитане	30
домитам	домитай	32
домитам	отдита	0
домитам	домитаха	25
домитам	домитат	31
домитам	подита	3
домитам	домитах	6
домитам	домита	7
домитам	домитайки	19
домитам	раздита	2
домитам	издотам	24
домитам	домитате	13
домитам	домитани	18
домитам	отдитам	8
домитам	подитам	5
домитам	домиташ	14
домитам	домитахте	16
домитам	домиташе	28
домитам	домитали	29
домитам	издотита	1
домитам	надитат	10
домитам	подитаха	11
домитам	надитам	17
домитам	домитал	15
домитам	домита	21
домитам	домитаме	33
домитам	домитането	23
принасям	отпринасям	8
принасям	принасяме	33
принасям	принасянето	23
принасям	принасяне	22
принасям	принасят	31
принасям	принасях	4
принасям	принасяйте	26
принасям	попринасят	27
принасям	принася	7
принасям	принасяше	28
принасям	изпринася	1
принасям	попринасяха	11
принасям	принасяхте	16
принасям	разпринасям	20
принасям	попринася	3
принасям	принасям	34
принасям	принасяха	25
принасям	принасяни	18
принасям	принасях	6
принасям	принасяте	13
принасям	принасяш	14
принасям	опринасям	9
принасям	принасяйки	19
принасям	опринасят	12
принасям	принасяне	30
принасям	разпринася	2
принасям	принася	0
принасям	напринасям	17
принасям	изпринасям	24
принасям	принасял	15
принасям	напринасят	10
принасям	попринасям	5
принасям	принасяли	29
принасям	принася	21
принасям	принасяй	32
надвнасям	надване	30
надвнасям	надвасяме	33
надвнасям	онадяват	12
надвнасям	изнасям	24
надвнасям	изнася	1
надвнасям	надвасяхте	16
надвнасям	надвасяйте	26
надвнасям	понасяваха	11
надвнасям	понадявам	5
надвнасям	надвася	7
надвнасям	надване	22
надвнасям	онадвам	9
надвнасям	надвасянето	23
надвнасям	разнася	2
надвнасям	над	0
надвнасям	надвасях	4
надвнасям	понасяват	27
надвнасям	нанасявам	17
надвнасям	отнадявам	8
надвнасям	надвасям	34
надвнасям	надвася	21
надвнасям	нанасяват	10
надвнасям	надвах	6
надвнасям	надвнясял	15
надвнасям	надвасяха	25
надвнасям	надвате	13
надвнасям	надваш	14
надвнасям	разнасям	20
надвнасям	понадява	3
надвнасям	надвасяли	29
надвнасям	надвайки	19
надвнасям	надвасят	31
надвнасям	надвасяй	32
надвнасям	надвасяше	28
надвнасям	надвасяни	18
моля	молейки	19
моля	молини	18
моля	измоля	24
моля	моли	21
моля	молил	15
моля	отмол	0
моля	молиха	4
моля	омолят	12
моля	измоли	2
моля	молий	32
моля	мол	7
моля	молеме	33
моля	намоля	17
моля	помолете	3
моля	молеха	25
моля	помоля	5
моля	отмоля	8
моля	размоля	20
моля	помолиха	11
моля	молим	13
моля	молете	26
моля	моля	34
моля	молеше	28
моля	моленето	23
моля	намолят	10
моля	помоли	1
моля	помолят	27
моля	омоля	9
моля	молиш	16
моля	молене	22
моля	молили	29
моля	молите	14
моля	молех	6
моля	молене	30
моля	молят	31
провирам	провирахте	16
провирам	изпровира	1
провирам	провираха	25
провирам	провира	7
провирам	попровираха	11
провирам	провиране	30
провирам	напровират	10
провирам	провирах	4
провирам	разпровирам	20
провирам	попровират	27
провирам	провираше	28
провирам	провирането	23
провирам	провирайте	26
провирам	опровират	12
провирам	провирам	34
провирам	отпровирам	8
провирам	провиране	22
провирам	провирайки	19
провирам	провирах	6
провирам	напровирам	17
провирам	провира	0
провирам	провирате	13
провирам	провирали	29
провирам	провира	21
провирам	провирани	18
провирам	попровирам	5
провирам	опровирам	9
провирам	разпровира	2
провирам	провираш	14
провирам	провирал	15
провирам	провират	31
провирам	провираме	33
провирам	попровира	3
провирам	провирай	32
провирам	изпровирам	24
очаквам	очаки	1
очаквам	очаквате	13
очаквам	почакваха	11
очаквам	очаквал	15
очаквам	очаквах	4
очаквам	наочаквам	17
очаквам	очакването	23
очаквам	очаквахте	16
очаквам	очаквам	34
очаквам	разочаквам	20
очаквам	почаква	3
очаквам	очакваме	33
очаквам	изочаквам	24
очаквам	очаква	21
очаквам	очакваше	28
очаквам	разочаква	2
очаквам	очаквайте	26
очаквам	очакваха	25
очаквам	очаквайки	19
очаквам	очаквани	18
очаквам	очакват	31
очаквам	очакват	12
очаквам	оточаквам	8
очаквам	очакване	22
очаквам	почакват	27
очаквам	очаква	7
очаквам	почаквам	5
очаквам	очакваш	14
очаквам	очаквали	29
очаквам	очаквах	6
очаквам	наочакват	10
очаквам	очаква	0
очаквам	очаквам	9
очаквам	очаквай	32
очаквам	очакване	30
подкупвам	поподкуват	27
подкупвам	подкупване	30
подкупвам	подкупва	21
подкупвам	напокупват	10
подкупвам	подкуп	0
подкупвам	оподкупват	12
подкупвам	подкупваш	14
подкупвам	подкупват	31
подкупвам	разпокупва	2
подкупвам	подкупваше	28
подкупвам	поподкупвам	5
подкупвам	подкупваха	11
подкупвам	подкупваха	25
подкупвам	подкупвах	6
подкупвам	попокупва	3
подкупвам	разподкувам	20
подкупвам	подкупвахте	16
подкупвам	подкупвал	15
подкупвам	подкупва	7
подкупвам	подкупвах	4
подкупвам	подкупвали	29
подкупвам	подкупвани	18
подкупвам	подкупи	1
подкупвам	подкупването	23
подкупвам	подкупвайки	19
подкупвам	подкупвате	13
подкупвам	отпокупвам	8
подкупвам	подкупвай	32
подкупвам	подкупвам	34
подкупвам	подкупване	22
подкупвам	подкупвайте	26
подкупвам	оподкупвам	9
подкупвам	изподкупвам	24
подкупвам	подкупваме	33
подкупвам	наподкупвам	17
бия	бил	15
бия	разбия	20
бия	избият	17
бия	побиете	3
бия	биене	22
бия	биш	16
бия	биенето	23
бия	обия	9
бия	биете	26
бия	бией	32
бия	би	7
бия	бия	34
бия	биеше	28
бия	поби	1
бия	побиха	11
бия	избия	24
бия	бииии	18
бия	побия	5
бия	биха	4
бия	набият	10
бия	биеха	25
бия	биеме	33
бия	бииили	29
бия	би	21
бия	биех	6
бия	биейки	19
бия	бим	13
бия	изби	2
бия	отби	0
бия	обият	12
бия	отбия	8
бия	биене	30
бия	бият	31
бия	бите	14
бия	побият	27
отсичам	отсича	1
отсичам	отсичах	4
отсичам	отсичайте	26
отсичам	отсичайки	19
отсичам	отсичане	22
отсичам	отсичаха	25
отсичам	потсичаха	11
отсичам	изотсичам	24
отсичам	разотсичам	20
отсичам	отсичал	15
отсичам	отсича	21
отсичам	отсича	0
отсичам	потсичам	5
отсичам	отсичали	29
отсичам	отсичах	6
отсичам	отсичам	8
отсичам	отсичаше	28
отсичам	потсича	3
отсичам	наотсичат	10
отсичам	разотсича	2
отсичам	отсичахте	16
отсичам	отсичат	31
отсичам	отсичат	12
отсичам	отсичате	13
отсичам	отсичани	18
отсичам	наотсичам	17
отсичам	отсичаме	33
отсичам	отсичаш	14
отсичам	отсичай	32
отсичам	отсичане	30
отсичам	отсичам	34
отсичам	отсичането	23
отсичам	потсичат	27
отсичам	отсича	7
отсичам	отсичам	9
бера	бери	21
бера	береме	33
бера	берат	31
бера	разбера	20
бера	берете	26
бера	берене	22
бера	избера	1
бера	поберете	3
бера	береше	4
бера	бера	7
бера	побераха	11
бера	оберат	12
бера	обера	9
бера	бере	5
бера	наберат	10
бера	изберат	17
бера	берейки	19
бера	берал	15
бера	берането	23
бера	берете	14
бера	берех	6
бера	отбера	0
бера	береш	16
бера	берете	8
бера	поберат	27
бера	берай	32
бера	береха	25
бера	берели	29
бера	бера	34
бера	избера	2
бера	берани	18
бера	избера	24
бера	берате	13
бера	берене	30
бера	береше	28
изгризвам	изгризват	31
изгризвам	изгризване	30
изгризвам	нагризват	10
изгризвам	изгризвам	24
изгризвам	изгризвам	8
изгризвам	поизгризваха	11
изгризвам	оизгризвам	9
изгризвам	разгризвам	20
изгризвам	изгризваха	25
изгризвам	изгризвах	6
изгризвам	изгризва	7
изгризвам	изгризване	22
изгризвам	изгризвайки	19
изгризвам	разгризва	2
изгризвам	изгризвам	34
изгризвам	поизграват	27
изгризвам	поизгравам	5
изгризвам	изгризвайте	26
изгризвам	оизгризват	12
изгризвам	изгризвах	4
изгризвам	изгриз	0
изгризвам	изгризвал	15
изгризвам	изгризи	1
изгризвам	изгризва	21
изгризвам	поизгрива	3
изгризвам	изгризвате	13
изгризвам	изгризвали	29
изгризвам	наизгравам	17
изгризвам	изгризваш	14
изгризвам	изгризваме	33
изгризвам	изгризвахте	16
изгризвам	изгризването	23
изгризвам	изгризваше	28
изгризвам	изгризвани	18
изгризвам	изгризвай	32
клада	кладахте	16
клада	кладай	32
клада	клада	7
клада	изкладат	17
клада	кладането	23
клада	кладеха	25
клада	кладал	15
клада	кладат	31
клада	кладани	18
клада	кладене	30
клада	кладате	13
клада	кладаме	33
клада	изклада	1
клада	кладеше	4
клада	поклада	3
клада	клада	21
клада	кладайки	19
клада	отклада	0
клада	кладане	22
клада	кладе	5
клада	клада	34
клада	накладат	10
клада	кладате	14
клада	разклада	20
клада	кладах	6
клада	изклада	24
клада	кладеше	28
клада	покладат	27
клада	окладат	12
клада	оклада	9
клада	кладете	26
клада	покладаха	11
клада	кладали	29
клада	изклада	2
клада	кладете	8
дъвча	дъвайки	19
дъвча	одъва	9
дъвча	подъват	27
дъвча	отдъва	8
дъвча	издъва	24
дъвча	дъване	30
дъвча	надъват	10
дъвча	дъват	31
дъвча	подъва	3
дъвча	дъва	7
дъвча	дъваш	16
дъвча	дъвеча	5
дъвча	дъвай	32
дъвча	дъваме	33
дъвча	дъване	22
дъвча	дъваше	28
дъвча	дъвате	13
дъвча	дъвани	18
дъвча	издъва	2
дъвча	дъва	21
дъвча	дъва	34
дъвча	дъвали	29
дъвча	отдъва	0
дъвча	дъваха	25
дъвча	дъвах	6
дъвча	дъвайте	26
дъвча	издъва	1
дъвча	подъваха	11
дъвча	дъвеше	4
дъвча	раздъва	20
дъвча	дъването	23
дъвча	дъвал	15
дъвча	дъвате	14
дъвча	издъчат	17
дъвча	одъват	12
довеждам	подовеждам	5
довеждам	издовеждам	24
довеждам	довеждахте	16
довеждам	довеждах	6
довеждам	довеждали	29
довеждам	надовеждам	17
довеждам	довеждане	30
довеждам	довежда	7
довеждам	довеждайки	19
довеждам	одовеждат	12
довеждам	довеждаме	33
довеждам	довеждам	34
довеждам	довеждаха	25
довеждам	отдовежда	0
довеждам	довеждах	4
довеждам	довеждане	22
довеждам	одовеждам	9
довеждам	довеждал	15
довеждам	довеждаше	28
довеждам	подовеждат	27
довеждам	довежда	21
довеждам	довеждаш	14
довеждам	довеждани	18
довеждам	довеждат	31
довеждам	подовеждаха	11
довеждам	издовежда	1
довеждам	довеждайте	26
довеждам	раздовежда	2
довеждам	довеждай	32
довеждам	довеждате	13
довеждам	довеждането	23
довеждам	отдовеждам	8
довеждам	раздовеждам	20
довеждам	надовеждат	10
довеждам	подовежда	3
зареждам	озареждат	12
зареждам	зарежда	7
зареждам	зареждане	30
зареждам	позареждам	5
зареждам	зареждаш	14
зареждам	зареждах	4
зареждам	зареждане	22
зареждам	зареждайте	26
зареждам	позарежда	3
зареждам	зареждай	32
зареждам	зареждат	31
зареждам	назареждам	17
зареждам	назареждат	10
зареждам	зарежда	21
зареждам	зареждаше	28
зареждам	зареждате	13
зареждам	зареждали	29
зареждам	зареждайки	19
зареждам	зарежда	0
зареждам	позареждаха	11
зареждам	отзареждам	8
зареждам	зареждахте	16
зареждам	зареждам	34
зареждам	озареждам	9
зареждам	разарежда	2
зареждам	зареждах	6
зареждам	зареждаме	33
зареждам	зареждани	18
зареждам	зареждаха	25
зареждам	разареждам	20
зареждам	зареждал	15
зареждам	позареждат	27
зареждам	изареждам	24
зареждам	зарежда	1
зареждам	зареждането	23
пия	пи	21
пия	изпи	2
пия	попият	27
пия	отпи	0
пия	пиене	22
пия	пиха	4
пия	попия	5
пия	пиеше	28
пия	пил	15
пия	отпия	8
пия	попиха	11
пия	пиех	6
пия	пиите	14
пия	пи	7
пия	изпият	17
пия	пиене	30
пия	напият	10
пия	опият	12
пия	опия	9
пия	пиеме	33
пия	пиш	16
пия	попи	1
пия	пият	31
пия	пиейки	19
пия	разпия	20
пия	пииили	29
пия	пия	34
пия	пим	13
пия	пиете	26
пия	пиенето	23
пия	пиеха	25
пия	попиете	3
пия	пиииини	18
пия	изпия	24
пия	пией	32
пречупвам	пречупвай	32
пречупвам	пречупвах	4
пречупвам	пречупват	31
пречупвам	пречупва	7
пречупвам	пречупваме	33
пречупвам	отпречупвам	8
пречупвам	напречупвам	17
пречупвам	попречупваха	11
пречупвам	попречупва	3
пречупвам	пречуп	0
пречупвам	разпречупва	2
пречупвам	изпречупвам	24
пречупвам	пречупвам	34
пречупвам	пречупвате	13
пречупвам	опречупвам	9
пречупвам	разпречупвам	20
пречупвам	пречупването	23
пречупвам	напречупват	10
пречупвам	пречупване	22
пречупвам	попречупват	27
пречупвам	пречупваш	14
пречупвам	пречупвайки	19
пречупвам	пречупвали	29
пречупвам	пречупва	21
пречупвам	пречупвах	6
пречупвам	пречупваше	28
пречупвам	пречупване	30
пречупвам	пречупи	1
пречупвам	пречупвахте	16
пречупвам	попречупвам	5
пречупвам	опречупват	12
пречупвам	пречупваха	25
пречупвам	пречупвайте	26
пречупвам	пречупвани	18
пречупвам	пречупвал	15
почвам	почват	31
почвам	почвате	13
почвам	попочвам	5
почвам	напочват	10
почвам	изпочвам	24
почвам	почвали	29
почвам	разпочвам	20
почвам	почваха	25
почвам	почвахте	16
почвам	почвал	15
почвам	почвах	4
почвам	опочвам	9
почвам	попочваха	11
почвам	почвайки	19
почвам	почва	7
почвам	изпочва	1
почвам	почваш	14
почвам	отпочвам	8
почвам	почвайте	26
почвам	опочват	12
почвам	почването	23
почвам	почвах	6
почвам	попочват	27
почвам	почване	30
почвам	почваше	28
почвам	напочвам	17
почвам	почва	21
почвам	почвани	18
почвам	отпочва	0
почвам	почваме	33
почвам	почвай	32
почвам	разпочва	2
почвам	почвам	34
почвам	почване	22
почвам	попочва	3
отвличам	отвличане	30
отвличам	отвличаш	14
отвличам	потвличаха	11
отвличам	отвлича	0
отвличам	отвличах	6
отвличам	наотвличат	10
отвличам	отвличай	32
отвличам	потвлича	3
отвличам	потвличам	5
отвличам	изотвличам	24
отвличам	разотвлича	2
отвличам	изотвлича	1
отвличам	отвличайки	19
отвличам	разотвличам	20
отвличам	отвличат	31
отвличам	отвличат	12
отвличам	отвличах	4
отвличам	отвличаха	25
отвличам	отвлича	21
отвличам	отвличаше	28
отвличам	отвличането	23
отвличам	отвличаме	33
отвличам	отвличам	8
отвличам	наотвличам	17
отвличам	отвличайте	26
отвличам	отвличане	22
отвличам	отвличал	15
отвличам	отвличани	18
отвличам	отвличам	34
отвличам	отвличате	13
отвличам	отвличам	9
отвличам	потвличат	27
отвличам	отвличахте	16
отвличам	отвличали	29
отвличам	отвлича	7
наричам	наричаш	14
наричам	разнарича	2
наричам	понаричат	27
наричам	понаричаха	11
наричам	наричаха	25
наричам	понарича	3
наричам	наричането	23
наричам	отнарича	0
наричам	наричахте	16
наричам	онаричам	9
наричам	наричайте	26
наричам	наричане	22
наричам	наричани	18
наричам	понаричам	5
наричам	наричах	4
наричам	нарича	21
наричам	наричам	17
наричам	наричаше	28
наричам	наричали	29
наричам	наричане	30
наричам	наричай	32
наричам	наричат	10
наричам	наричайки	19
наричам	наричал	15
наричам	наричам	34
наричам	онаричат	12
наричам	отнаричам	8
наричам	нарича	7
наричам	наричате	13
наричам	изнарича	1
наричам	изнаричам	24
наричам	разнаричам	20
наричам	наричат	31
наричам	наричаме	33
наричам	наричах	6
ранявам	ранявали	29
ранявам	ораняват	12
ранявам	пораняват	27
ранявам	ранявах	4
ранявам	ранявам	34
ранявам	нараняват	10
ранявам	ранява	7
ранявам	разранява	2
ранявам	наранявам	17
ранявам	отранява	0
ранявам	оранявам	9
ранявам	изранява	1
ранявам	разранявам	20
ранявам	изранявам	24
ранявам	раняват	31
ранявам	ранявай	32
ранявам	поранява	3
ранявам	ранявал	15
ранявам	раняване	22
ранявам	раняваш	14
ранявам	ранявате	13
ранявам	раняването	23
ранявам	раняваше	28
ранявам	ранявах	6
ранявам	пораняваха	11
ранявам	ранявани	18
ранявам	отранявам	8
ранявам	раняване	30
ранявам	ранявахте	16
ранявам	раняваме	33
ранявам	ранявайте	26
ранявам	ранява	21
ранявам	ранявайки	19
ранявам	раняваха	25
ранявам	поранявам	5
извеждам	извеждани	18
извеждам	извеждайки	19
извеждам	извеждаха	25
извеждам	извеждали	29
извеждам	извеждал	15
извеждам	поизвеждаха	11
извеждам	извеждахте	16
извеждам	извеждах	6
извеждам	извеждайте	26
извеждам	извеждаме	33
извеждам	оизвеждам	9
извеждам	извежда	7
извеждам	поизвеждам	5
извеждам	извежда	0
извеждам	отизвеждам	8
извеждам	извеждаш	14
извеждам	извеждане	22
извеждам	наизвеждат	10
извеждам	оизвеждат	12
извеждам	извеждане	30
извеждам	извеждаше	28
извеждам	поизвеждат	27
извеждам	поизвежда	3
извеждам	извеждат	31
извеждам	извежда	21
извеждам	извеждането	23
извеждам	наизвеждам	17
извеждам	извежда	1
извеждам	извеждам	34
извеждам	развежда	2
извеждам	извеждах	4
извеждам	извеждам	24
извеждам	извеждате	13
извеждам	разиждам	20
извеждам	извеждай	32
прочитам	отпрочитам	8
прочитам	прочитахте	16
прочитам	прочитали	29
прочитам	прочитате	13
прочитам	попрочитаха	11
прочитам	прочитани	18
прочитам	прочита	7
прочитам	прочитай	32
прочитам	прочитането	23
прочитам	прочитат	31
прочитам	изпрочитам	24
прочитам	опрочитат	12
прочитам	прочитайте	26
прочитам	напрочитам	17
прочитам	разпрочита	2
прочитам	прочитане	22
прочитам	напрочитат	10
прочитам	прочитайки	19
прочитам	попрочита	3
прочитам	прочитал	15
прочитам	изпрочита	1
прочитам	прочитах	4
прочитам	прочита	21
прочитам	попрочитам	27
прочитам	прочитаха	25
прочитам	прочиташе	28
прочитам	прочитане	30
прочитам	прочита	0
прочитам	опрочитам	9
прочитам	прочиташ	14
прочитам	попрочитам	5
прочитам	прочитаме	33
прочитам	разпрочитам	20
прочитам	прочитам	34
прочитам	прочитах	6
казвам	разказвам	20
казвам	казвай	32
казвам	казвал	15
казвам	казването	23
казвам	оказват	12
казвам	разказва	2
казвам	казвайки	19
казвам	оказвам	9
казвам	казва	7
казвам	казваха	25
казвам	казвани	18
казвам	казване	30
казвам	казвах	4
казвам	казвайте	26
казвам	казвахте	16
казвам	показвам	5
казвам	казваше	28
казвам	изказвам	24
казвам	казват	31
казвам	наказвам	17
казвам	отказва	0
казвам	казваме	33
казвам	казвах	6
казвам	отказвам	8
казвам	наказват	10
казвам	казване	22
казвам	показва	3
казвам	показват	27
казвам	казвате	13
казвам	изказва	1
казвам	показваха	11
казвам	казвам	34
казвам	казваш	14
казвам	казвали	29
казвам	казва	21
треса	тресе	0
треса	треса	7
треса	тресате	14
треса	тресал	15
треса	потресаха	11
треса	тресали	29
треса	тресането	23
треса	тресете	26
треса	тресеше	4
треса	тресене	22
треса	тресате	13
треса	потресат	27
треса	потреса	3
треса	тресеш	16
треса	тресаме	33
треса	тресаха	25
треса	тресе	5
треса	натресат	10
треса	тресете	8
треса	тресани	18
треса	разтреса	20
треса	отресат	12
треса	тресе	21
треса	тресене	30
треса	натреса	17
треса	треса	34
треса	тресеше	28
треса	изтреси	1
треса	тресех	6
треса	изтреса	24
треса	тресайки	19
треса	изтреса	2
треса	отреса	9
треса	тресай	32
треса	тресат	31
ставам	ставаха	25
ставам	ставам	34
ставам	ставането	23
ставам	ставах	4
ставам	поставам	5
ставам	ста	0
ставам	стаи	1
ставам	настават	10
ставам	оставам	9
ставам	ставане	22
ставам	става	21
ставам	ставайки	19
ставам	разстава	2
ставам	изставам	24
ставам	ставаш	14
ставам	постава	3
ставам	ставали	29
ставам	ставай	32
ставам	ставани	18
ставам	ставате	13
ставам	стават	31
ставам	ставал	15
ставам	ставах	6
ставам	става	7
ставам	ставайте	26
ставам	остават	12
ставам	поставаха	11
ставам	ставаше	28
ставам	наставам	17
ставам	постават	27
ставам	ставахте	16
ставам	ставаме	33
ставам	отставам	8
ставам	ставане	30
ставам	разставам	20
спичам	спичахте	16
спичам	спичаш	14
спичам	спичах	6
спичам	поспичаха	11
спичам	осичам	9
спичам	разсичам	20
спичам	спичате	13
спичам	спича	1
спичам	насичам	17
спичам	спичай	32
спичам	изсичам	24
спичам	насичат	10
спичам	спича	21
спичам	спичане	30
спичам	спичали	29
спичам	спичам	34
спичам	спичани	18
спичам	спичах	4
спичам	спичайте	26
спичам	отсичам	8
спичам	спичане	22
спичам	спичат	31
спичам	спичането	23
спичам	спичайки	19
спичам	разсича	2
спичам	поспича	3
спичам	спича	0
спичам	спичаме	33
спичам	спичал	15
спичам	спичаше	28
спичам	спичаха	25
спичам	посичам	5
спичам	спича	7
спичам	оспичат	12
спичам	посичат	27
губя	погубя	5
губя	губил	15
губя	губене	22
губя	губий	32
губя	губейки	19
губя	губ	7
губя	губеме	33
губя	губи	21
губя	нагубят	10
губя	губини	18
губя	губеше	28
губя	губех	6
губя	изгубя	24
губя	погуби	1
губя	губеха	25
губя	губите	14
губя	огубя	9
губя	отгубя	0
губя	губят	31
губя	погубиха	11
губя	погубят	27
губя	погубете	3
губя	отгубя	8
губя	разгубя	20
губя	губете	26
губя	губене	30
губя	губим	13
губя	губето	23
губя	губиш	16
губя	губиха	4
губя	губя	34
губя	огубят	12
губя	изгуби	2
губя	изгубят	17
губя	губили	29
запалвам	запалвали	29
запалвам	запалвани	18
запалвам	запалването	23
запалвам	отапалвам	8
запалвам	озапалват	12
запалвам	позалваха	11
запалвам	запал	0
запалвам	позапава	3
запалвам	позапават	27
запалвам	запалвай	32
запалвам	запалвахте	16
запалвам	запалвайки	19
запалвам	запалва	7
запалвам	запалвах	4
запалвам	запалвал	15
запалвам	назапавам	17
запалвам	разапавам	20
запалвам	запалваха	25
запалвам	запалваш	14
запалвам	запалваше	28
запалвам	запалване	22
запалвам	запалвате	13
запалвам	разапалва	2
запалвам	запалваме	33
запалвам	позапавам	5
запалвам	назапават	10
запалвам	запалват	31
запалвам	озапалвам	9
запалвам	запали	1
запалвам	запалване	30
запалвам	изапалвам	24
запалвам	запалва	21
запалвам	запалвайте	26
запалвам	запалвам	34
запалвам	запалвах	6
благославям	наблагославям	17
благославям	благославяше	28
благославям	благославят	31
благославям	благославяй	32
благославям	благославя	7
благославям	благославянето	23
благославям	разблагославям	20
благославям	облагославят	12
благославям	наблагославят	10
благославям	благославяйки	19
благославям	благославях	4
благославям	изблагославя	1
благославям	благославяте	13
благославям	благославяме	33
благославям	благославяйте	26
благославям	облагославям	9
благославям	благославяне	22
благославям	благославяш	14
благославям	благосла	0
благославям	поблагославят	27
благославям	благославям	34
благославям	благославял	15
благославям	благославяне	30
благославям	благославя	21
благославям	благославяхте	16
благославям	благославяни	18
благославям	поблагославяха	11
благославям	благославяли	29
благославям	отблагославям	8
благославям	поблагославя	3
благославям	разблагославя	2
благославям	благославяха	25
благославям	изблагославям	24
благославям	благославях	6
благославям	поблагославям	5
отнасям	отнася	21
отнасям	отнасяш	14
отнасям	отнасяй	32
отнасям	наотнасят	10
отнасям	отнасяли	29
отнасям	отнасяйки	19
отнасям	отнасяха	25
отнасям	потнасят	27
отнасям	отнасяни	18
отнасям	потнасяха	11
отнасям	отнасяне	22
отнасям	наотнасям	17
отнасям	разотнасям	20
отнасям	отнасяте	13
отнасям	отнасях	4
отнасям	отнася	7
отнасям	отнасям	8
отнасям	разотнася	2
отнасям	отнасял	15
отнасям	потнася	3
отнасям	отнасяхте	16
отнасям	отнасям	34
отнасям	изотнася	1
отнасям	отнасяме	33
отнасям	потнасям	5
отнасям	отнасяше	28
отнасям	отнасях	6
отнасям	отнасят	31
отнасям	отнасят	12
отнасям	отнасяйте	26
отнасям	отнася	0
отнасям	отнасям	9
отнасям	отнасяне	30
отнасям	отнасянето	23
отнасям	изотнасям	24
купувам	покупува	3
купувам	купуваше	28
купувам	разкупувам	20
купувам	откупувам	8
купувам	купуваш	14
купувам	купувате	13
купувам	накупуват	10
купувам	купува	21
купувам	купувахте	16
купувам	накупувам	17
купувам	купувайте	26
купувам	купуваме	33
купувам	откупува	0
купувам	покупуваха	11
купувам	окупуват	12
купувам	купувани	18
купувам	купувах	4
купувам	разкупува	2
купувам	купува	7
купувам	купуването	23
купувам	купуване	22
купувам	купувай	32
купувам	купувал	15
купувам	изкупува	1
купувам	купували	29
купувам	купувам	34
купувам	купуване	30
купувам	покупуват	27
купувам	изкупувам	24
купувам	купувах	6
купувам	купувайки	19
купувам	окупувам	9
купувам	купуваха	25
купувам	купуват	31
купувам	покупувам	5
счупвам	посчупвам	5
счупвам	счупваме	33
счупвам	счупване	30
счупвам	посчупват	27
счупвам	счупва	7
счупвам	счупваш	14
счупвам	счупвахте	16
счупвам	насчупват	10
счупвам	счупвани	18
счупвам	изсчупвам	24
счупвам	счупвали	29
счупвам	счупвам	34
счупвам	счупвах	4
счупвам	счупването	23
счупвам	счупвай	32
счупвам	посчупва	3
счупвам	посчупваха	11
счупвам	разсчупва	2
счупвам	насчупвам	17
счупвам	осчупват	12
счупвам	счупваха	25
счупвам	отсчупвам	8
счупвам	разсчупвам	20
счупвам	счупва	21
счупвам	счуп	0
счупвам	счупват	31
счупвам	осчупвам	9
счупвам	счупвайте	26
счупвам	счупвайки	19
счупвам	счупвах	6
счупвам	счупване	22
счупвам	счупвате	13
счупвам	счупи	1
счупвам	счупваше	28
счупвам	счупвал	15
чувам	чуват	31
чувам	чува	7
чувам	почуваха	11
чувам	чувахте	16
чувам	чувани	18
чувам	чуваха	25
чувам	почуват	27
чувам	начуват	10
чувам	отчувам	8
чувам	чувах	4
чувам	чувал	15
чувам	чуване	22
чувам	очувам	9
чувам	чуването	23
чувам	изчувам	24
чувам	чуваш	14
чувам	отчува	0
чувам	чувате	13
чувам	чува	21
чувам	чували	29
чувам	разчувам	20
чувам	чуваше	28
чувам	чуване	30
чувам	чуваме	33
чувам	чувайте	26
чувам	разчува	2
чувам	чувайки	19
чувам	чувай	32
чувам	чувам	34
чувам	почува	3
чувам	чувах	6
чувам	почувам	5
чувам	очуват	12
чувам	начувам	17
чувам	изчува	1
припирам	разприра	2
припирам	припирате	13
припирам	оприпират	12
припирам	припирахте	16
припирам	припираше	28
припирам	отприра	0
припирам	припирали	29
припирам	припира	7
припирам	изприпирам	24
припирам	поприраха	11
припирам	изприра	1
припирам	наприрам	17
припирам	припираме	33
припирам	оприпирам	9
припирам	припирам	34
припирам	припиране	30
припирам	припират	31
припирам	напрират	10
припирам	припирай	32
припирам	припирах	4
припирам	поприпира	3
припирам	припирайки	19
припирам	поприпират	27
припирам	припира	21
припирам	припираш	14
припирам	припиране	22
припирам	припирането	23
припирам	припираха	25
припирам	припирайте	26
припирам	поприпирам	5
припирам	припирал	15
припирам	припирах	6
припирам	припирани	18
припирам	отприпирам	8
припирам	разприрам	20
строя	настроят	10
строя	построи	1
строя	строим	13
строя	стро	0
строя	построете	3
строя	строите	14
строя	строейки	19
строя	строеме	33
строя	остроя	9
строя	строи	21
строя	строене	22
строя	строини	18
строя	настроя	17
строя	отстроя	8
строя	строя	34
строя	построиха	11
строя	строиш	16
строя	строене	30
строя	строех	6
строя	построят	27
строя	строенето	23
строя	остроят	12
строя	построя	5
строя	строете	26
строя	строеше	28
строя	строеха	25
строя	строиха	4
строя	разстроя	20
строя	изстрои	2
строя	строят	31
строя	изстроя	24
строя	стро	7
строя	строили	29
строя	строий	32
строя	строил	15
ушивам	наушават	10
ушивам	ушиваш	14
ушивам	ушивани	18
ушивам	ушиваме	33
ушивам	ушиваха	25
ушивам	ушивал	15
ушивам	поушива	3
ушивам	изушивам	24
ушивам	ушивах	4
ушивам	ушивайки	19
ушивам	ушивай	32
ушивам	разушвам	20
ушивам	наушивам	17
ушивам	разушива	2
ушивам	поушивам	5
ушивам	ушиваше	28
ушивам	поушиваха	11
ушивам	уши	8
ушивам	оушивам	9
ушивам	ушивахте	16
ушивам	ушиване	30
ушивам	оушиват	12
ушивам	ушивате	13
ушивам	ушивах	6
ушивам	ушивали	29
ушивам	ушива	21
ушивам	уши	1
ушивам	ушива	7
ушивам	ушивам	34
ушивам	ушиване	22
ушивам	ушивайте	26
ушивам	уши	0
ушивам	ушиват	31
ушивам	ушиването	23
ушивам	поушивам	27
обичам	обичам	34
обичам	обичате	13
обичам	обичах	4
обичам	обича	7
обичам	набичам	17
обичам	обичаш	14
обичам	побичам	5
обичам	изобича	1
обичам	обичайте	26
обичам	побичаха	11
обичам	обичат	31
обичам	обичат	12
обичам	обичане	30
обичам	обичахте	16
обичам	разобичам	20
обичам	побича	3
обичам	набичат	10
обичам	отбича	0
обичам	обичах	6
обичам	обичаха	25
обичам	обичали	29
обичам	побичат	27
обичам	обича	21
обичам	отбичам	8
обичам	обичани	18
обичам	обичай	32
обичам	обичайки	19
обичам	обичам	9
обичам	разобича	2
обичам	обичането	23
обичам	обичаме	33
обичам	обичаше	28
обичам	обичане	22
обичам	обичал	15
обичам	изобичам	24
беся	бесили	29
беся	бес	7
беся	отбеся	8
беся	бесеше	28
беся	бесят	31
беся	набесят	10
беся	беся	34
беся	побеси	1
беся	избеси	2
беся	побесят	27
беся	бесене	22
беся	отбес	0
беся	побеся	5
беся	избесят	17
беся	беси	21
беся	бесете	26
беся	разбеся	20
беся	бесейки	19
беся	обеся	9
беся	бесий	32
беся	бесеме	33
беся	бесех	6
беся	бесенето	23
беся	бесите	14
беся	побесиха	11
беся	бесини	18
беся	бесил	15
беся	избеся	24
беся	бесим	13
беся	обесят	12
беся	побесете	3
беся	бесиха	4
беся	бесиш	16
беся	бесеха	25
беся	бесене	30
прощавам	прощавали	29
прощавам	прощавах	4
прощавам	опрощавам	9
прощавам	прощават	31
прощавам	попрощаваха	11
прощавам	прощавани	18
прощавам	прощавал	15
прощавам	прощава	7
прощавам	прощавай	32
прощавам	прощаваше	28
прощавам	прощавайте	26
прощавам	разпрощава	2
прощавам	прощавах	6
прощавам	прощаване	30
прощавам	опрощават	12
прощавам	напрощават	10
прощавам	прощавате	13
прощавам	прощаи	1
прощавам	проща	0
прощавам	напрощавам	17
прощавам	прощавайки	19
прощавам	попрощават	27
прощавам	изпрощавам	24
прощавам	попрощавам	5
прощавам	попрощава	3
прощавам	прощаване	22
прощавам	отпрощавам	8
прощавам	разпрощавам	20
прощавам	прощава	21
прощавам	прощавахте	16
прощавам	прощаваме	33
прощавам	прощаваха	25
прощавам	прощаваш	14
прощавам	прощавам	34
прощавам	прощаването	23
наемам	наемал	15
наемам	понаемат	27
наемам	наемане	22
наемам	разнае	2
наемам	наемахте	16
наемам	онаемам	9
наемам	изнаема	1
наемам	наемай	32
наемам	наемайки	19
наемам	наемаше	28
наемам	нанаемам	17
наемам	понаема	3
наемам	наема	7
наемам	наемат	31
наемам	отнаема	0
наемам	наемане	30
наемам	наемани	18
наемам	наемаме	33
наемам	разнаем	20
наемам	наемах	6
наемам	наемаха	25
наемам	изнаемам	24
наемам	отнаемам	8
наемам	наемате	13
наемам	понаемам	5
наемам	наемали	29
наемам	наемайте	26
наемам	нанаемат	10
наемам	наема	21
наемам	онаемат	12
наемам	понаемаха	11
наемам	наемаш	14
наемам	наемането	23
наемам	наемах	4
наемам	наемам	34
уча	учене	30
уча	учахте	16
уча	уча	34
уча	учете	26
уча	изуча	2
уча	учани	18
уча	учаме	33
уча	уча	21
уча	учай	32
уча	оучат	12
уча	учането	23
уча	учеше	28
уча	учат	31
уча	уче	1
уча	учал	15
уча	научат	10
уча	учаха	25
уча	учете	14
уча	поучат	27
уча	поучете	3
уча	изуча	24
уча	уча	7
уча	учейки	19
уча	учеше	4
уча	разуча	20
уча	уче	5
уча	уча	0
уча	науча	17
уча	оуча	9
уча	учате	13
уча	учали	29
уча	учех	6
уча	учете	8
уча	учане	22
уча	поучаха	11
комбинирам	изкобира	1
комбинирам	кобинарах	6
комбинирам	изконирам	24
комбинирам	кобинарали	29
комбинирам	кобинара	21
комбинирам	кобинаране	22
комбинирам	покобират	27
комбинирам	кобинарай	32
комбинирам	откобирам	8
комбинирам	кобинарам	7
комбинирам	кобинарал	15
комбинирам	кобинарането	23
комбинирам	отконира	0
комбинирам	кобинарахте	16
комбинирам	кобинарат	31
комбинирам	наконирам	17
комбинирам	кобинараме	33
комбинирам	кобинараха	25
комбинирам	кобинарах	4
комбинирам	окобират	12
комбинирам	кобинирайки	19
комбинирам	покобира	3
комбинирам	разконирам	20
комбинирам	окобирам	9
комбинирам	накобират	10
комбинирам	разконира	2
комбинирам	кобинарате	13
комбинирам	покобирам	5
комбинирам	кобинараш	14
комбинирам	кобинараше	28
комбинирам	кобинаране	30
комбинирам	кобинарам	34
комбинирам	кобинарайте	26
комбинирам	покобираха	11
комбинирам	кобинрни	18
търся	търсини	18
търся	потърсете	3
търся	търсил	15
търся	търся	34
търся	търсят	31
търся	изтърси	2
търся	потърсят	27
търся	търсене	22
търся	разтърся	20
търся	търсеха	25
търся	търсете	26
търся	търсили	29
търся	потърси	1
търся	търсий	32
търся	потърся	5
търся	изтърся	24
търся	търсенето	23
търся	търсейки	19
търся	търс	7
търся	търсиха	4
търся	търсеше	28
търся	потърсиха	11
търся	търси	21
търся	търсене	30
търся	отърсят	12
търся	търсим	13
търся	отърся	0
търся	изтърсят	17
търся	търсех	6
търся	отърся	8
търся	натърсят	10
търся	търсиш	16
търся	търсите	14
търся	търсеме	33
търся	отърся	9
абсорбирам	басорирай	32
абсорбирам	басорирайте	26
абсорбирам	басорирането	23
абсорбирам	басорирахте	16
абсорбирам	басорирах	4
абсорбирам	отбори	0
абсорбирам	басорира	7
абсорбирам	аборирани	18
абсорбирам	басорират	31
абсорбирам	разборира	2
абсорбирам	обасобират	12
абсорбирам	поборират	27
абсорбирам	басориране	30
абсорбирам	изабори	1
абсорбирам	басробирал	15
абсорбирам	басорираха	25
абсорбирам	аборобираш	14
абсорбирам	басорирайки	19
абсорбирам	наборират	10
абсорбирам	обасирам	9
абсорбирам	наборирам	17
абсорбирам	басорирам	34
абсорбирам	басорирате	13
абсорбирам	басориране	22
абсорбирам	отбори	8
абсорбирам	изаборбирам	24
абсорбирам	побори	3
абсорбирам	поборираха	11
абсорбирам	басорирали	29
абсорбирам	басорираме	33
абсорбирам	басорира	21
абсорбирам	басорирах	6
абсорбирам	разборирам	20
абсорбирам	побарим	5
абсорбирам	басорираше	28
обличам	наобличам	17
обличам	поблича	3
обличам	обличани	18
обличам	обличал	15
обличам	побличаха	11
обличам	обличахте	16
обличам	отблича	0
обличам	обличали	29
обличам	обличане	22
обличам	обличах	6
обличам	облича	7
обличам	изобличам	24
обличам	обличайки	19
обличам	обличане	30
обличам	изоблича	1
обличам	обличате	13
обличам	побличам	5
обличам	разобличам	20
обличам	разоблича	2
обличам	облича	21
обличам	обличаш	14
обличам	обличането	23
обличам	отбличам	8
обличам	побличат	27
обличам	обличай	32
обличам	обличам	9
обличам	обличаме	33
обличам	наобличат	10
обличам	обличам	34
обличам	обличах	4
обличам	обличат	31
обличам	обличаха	25
обличам	обличат	12
обличам	обличаше	28
обличам	обличайте	26
нахапвам	нахапвам	17
нахапвам	нахапвай	32
нахапвам	нахапваха	25
нахапвам	понапват	27
нахапвам	отнапвам	8
нахапвам	нахапват	10
нахапвам	нахапва	21
нахапвам	понапвам	5
нахапвам	нахапвате	13
нахапвам	похапваха	11
нахапвам	нахапвам	34
нахапвам	нахапи	1
нахапвам	разнапвам	20
нахапвам	нахапвах	6
нахапвам	нахапваше	28
нахапвам	онахапвам	9
нахапвам	нахапване	30
нахапвам	нахапвахте	16
нахапвам	нахапвайте	26
нахапвам	нахапвал	15
нахапвам	онахапват	12
нахапвам	понапва	3
нахапвам	нахапвани	18
нахапвам	разнапва	2
нахапвам	изнахвам	24
нахапвам	нахапването	23
нахапвам	нахапване	22
нахапвам	нахап	0
нахапвам	нахапваш	14
нахапвам	нахапвайки	19
нахапвам	нахапва	7
нахапвам	нахапват	31
нахапвам	нахапвали	29
нахапвам	нахапваме	33
нахапвам	нахапвах	4
разбирам	разбираш	14
разбирам	разбирам	34
разбирам	отразбирам	8
разбирам	разбирал	15
разбирам	изразбира	1
разбирам	отразбира	0
разбирам	разбирах	6
разбирам	разбиране	30
разбирам	изразбирам	24
разбирам	разбираха	25
разбирам	разбирате	13
разбирам	поразбирам	5
разбирам	поразбираха	11
разбирам	разбира	21
разбирам	разбирането	23
разбирам	разбирайте	26
разбирам	разбиране	22
разбирам	разбирах	4
разбирам	разбирахте	16
разбирам	разбирани	18
разбирам	наразбирам	17
разбирам	разбирай	32
разбирам	разбираше	28
разбирам	оразбират	12
разбирам	разбираме	33
разбирам	наразбират	10
разбирам	разразбира	2
разбирам	оразбирам	9
разбирам	разразбирам	20
разбирам	разбират	31
разбирам	поразбират	27
разбирам	разбирайки	19
разбирам	разбира	7
разбирам	разбирали	29
разбирам	поразбира	3
обсъждам	объждах	6
обсъждам	объжди	1
обсъждам	объждане	22
обсъждам	разобъждам	20
обсъждам	изобъждам	24
обсъждам	объсъжда	0
обсъждам	отбъждам	8
обсъждам	объждат	12
обсъждам	объждахте	16
обсъждам	объждайте	26
обсъждам	объждат	31
обсъждам	объждаш	14
обсъждам	наобъждам	17
обсъждам	побъждат	27
обсъждам	наобъждат	10
обсъждам	объждаха	25
обсъждам	объждах	4
обсъждам	побъждаха	11
обсъждам	объждаше	28
обсъждам	объждането	23
обсъждам	объждай	32
обсъждам	объжда	21
обсъждам	объждаме	33
обсъждам	объждал	15
обсъждам	объждани	18
обсъждам	объждайки	19
обсъждам	объждам	9
обсъждам	объждане	30
обсъждам	объждали	29
обсъждам	разобъжда	2
обсъждам	побъждам	5
обсъждам	объждам	34
обсъждам	побъжда	3
обсъждам	объжда	7
обсъждам	объждате	13
давам	дава	7
давам	отдава	0
давам	давал	15
давам	дават	31
давам	отдавам	8
давам	даването	23
давам	даваш	14
давам	даваха	25
давам	издава	1
давам	издавам	24
давам	одават	12
давам	давай	32
давам	одавам	9
давам	даване	30
давам	давахте	16
давам	подават	27
давам	даваме	33
давам	даваше	28
давам	давах	6
давам	подаваха	11
давам	раздава	2
давам	подавам	5
давам	давам	34
давам	надавам	17
давам	давайки	19
давам	даване	22
давам	давайте	26
давам	раздавам	20
давам	давах	4
давам	дава	21
давам	давани	18
давам	давате	13
давам	давали	29
давам	надават	10
давам	подава	3
гласувам	гласлувах	6
гласувам	гласлували	29
гласувам	гласлувахте	16
гласувам	гласлуваше	28
гласувам	гласлувай	32
гласувам	гласлуването	23
гласувам	погласват	27
гласувам	гласлувам	34
гласувам	гласлувани	18
гласувам	гласлуваме	33
гласувам	погласлува	3
гласувам	гласлува	7
гласувам	разгласва	2
гласувам	изгласвам	24
гласувам	нагуслават	10
гласувам	погласвам	5
гласувам	гласлувал	15
гласувам	гласлуване	30
гласувам	поглаваха	11
гласувам	гласлувайки	19
гласувам	гласлувате	13
гласувам	гласлувах	4
гласувам	нагласлувам	17
гласувам	огласлувам	9
гласувам	отглаславам	8
гласувам	отгласлува	0
гласувам	гласлуване	22
гласувам	гласлувайте	26
гласувам	гласлуваха	25
гласувам	гласлуват	31
гласувам	разгласвам	20
гласувам	изгласи	1
гласувам	гласлува	21
гласувам	гласлуваш	14
гласувам	огласлуват	12
зачитам	зачита	7
зачитам	отзачитам	8
зачитам	зачитането	23
зачитам	зачитай	32
зачитам	зачита	0
зачитам	зачитали	29
зачитам	озачитам	9
зачитам	назачитам	17
зачитам	зачитат	31
зачитам	зачитах	6
зачитам	позачитаха	11
зачитам	изачитам	24
зачитам	позачита	3
зачитам	зачиташ	14
зачитам	зачитайки	19
зачитам	зачита	1
зачитам	зачитане	22
зачитам	назачитат	10
зачитам	зачитани	18
зачитам	зачитаха	25
зачитам	зачитане	30
зачитам	разачитам	20
зачитам	зачита	21
зачитам	зачитам	34
зачитам	разачита	2
зачитам	озачитат	12
зачитам	зачитахте	16
зачитам	зачитах	4
зачитам	зачитал	15
зачитам	зачитайте	26
зачитам	зачитаме	33
зачитам	зачиташе	28
зачитам	позачитам	5
зачитам	позачитат	27
зачитам	зачитате	13
ухапвам	ухапвайте	26
ухапвам	нахапвам	17
ухапвам	ухапвал	15
ухапвам	ухапвахте	16
ухапвам	ухапвани	18
ухапвам	нахапват	10
ухапвам	ухап	0
ухапвам	ухапвах	6
ухапвам	ухапвай	32
ухапвам	разхапва	2
ухапвам	ухапването	23
ухапвам	изхапвам	24
ухапвам	ухапване	22
ухапвам	ухапва	7
ухапвам	похапваха	11
ухапвам	ухапвате	13
ухапвам	отхапвам	8
ухапвам	ухапваме	33
ухапвам	ухапвайки	19
ухапвам	разхапвам	20
ухапвам	ухапваше	28
ухапвам	ухапват	31
ухапвам	похапвам	5
ухапвам	оухапвам	9
ухапвам	ухапвах	4
ухапвам	ухапваш	14
ухапвам	ухапвали	29
ухапвам	ухапваха	25
ухапвам	поухапват	27
ухапвам	похапва	3
ухапвам	ухапи	1
ухапвам	ухапва	21
ухапвам	оухапват	12
ухапвам	ухапвам	34
ухапвам	ухапване	30
изговарям	изговарям	24
изговарям	изговаряме	33
изговарям	изговарят	31
изговарям	изговаряй	32
изговарям	отизоварям	8
изговарям	изговаря	1
изговарям	наиговарят	10
изговарям	изговарял	15
изговарям	разговаря	2
изговарям	изговаряли	29
изговарям	поиговарям	5
изговарям	поизговарят	27
изговарям	изговаряне	22
изговарям	поизговаряха	11
изговарям	изговаряш	14
изговарям	изговаря	0
изговарям	изговаря	21
изговарям	изговаряхте	16
изговарям	изговарянето	23
изговарям	поиговаря	3
изговарям	изговарях	4
изговарям	изговаряне	30
изговарям	изговаряйте	26
изговарям	оизговарям	9
изговарям	разговарям	20
изговарям	изговаряте	13
изговарям	изговаряха	25
изговарям	изговаряше	28
изговарям	изговарям	34
изговарям	изговаряйки	19
изговарям	изговарях	6
изговарям	оизговарят	12
изговарям	изговаряни	18
изговарям	наиговарям	17
изговарям	изговаря	7
интересувам	оитерссствувам	9
интересувам	изнерствувам	8
интересувам	поитрествуват	27
интересувам	инерествувай	32
интересувам	изнери	1
интересувам	поитрествува	3
интересувам	инерествувах	6
интересувам	инерествуваха	25
интересувам	инерествуват	31
интересувам	наитрествуват	10
интересувам	разирествува	2
интересувам	инереселствуване	22
интересувам	инерествувайте	26
интересувам	инерествуването	23
интересувам	разирествувам	20
интересувам	инерествуваше	28
интересувам	инерествуваш	14
интересувам	инерествувате	13
интересувам	поитерствувам	5
интересувам	инерествувахте	16
интересувам	инерествува	7
интересувам	инерествували	29
интересувам	поитрествува	11
интересувам	изнирествувам	24
интересувам	инерествувах	4
интересувам	инерествуваме	33
интересувам	инерествуване	30
интересувам	инерествувам	34
интересувам	инерествувал	15
интересувам	оитерссствуват	12
интересувам	инерествувани	18
интересувам	наитрествувам	17
интересувам	инереству	0
интересувам	инерествува	21
интересувам	инерествувайки	19
пиша	пишате	14
пиша	пишай	32
пиша	попиша	3
пиша	пишане	22
пиша	пишали	29
пиша	пиша	7
пиша	напиша	17
пиша	пиша	34
пиша	разпиша	20
пиша	изпиша	2
пиша	опиша	9
пиша	изпиша	24
пиша	пишаме	33
пиша	пишате	13
пиша	пишайки	19
пиша	попишаха	11
пиша	пишат	31
пиша	попишат	27
пиша	напишат	10
пиша	пишеше	4
пиша	пишаха	25
пиша	пишах	6
пиша	пишаш	16
пиша	пишането	23
пиша	опишат	12
пиша	изпиша	1
пиша	пишайте	26
пиша	пиша	21
пиша	пишани	18
пиша	пишал	15
пиша	пишеше	28
пиша	пишете	8
пиша	пише	5
пиша	пишане	30
пиша	отпиша	0
прехапвам	разпреха	2
прехапвам	прехапваха	25
прехапвам	прехапвате	13
прехапвам	попрехапва	3
прехапвам	напреха	10
прехапвам	прехапваш	14
прехапвам	изпрехапвам	24
прехапвам	прехапване	30
прехапвам	прехапва	7
прехапвам	попрехапвам	5
прехапвам	прехапвах	4
прехапвам	прехапвай	32
прехапвам	прехапвам	34
прехапвам	разпрехавам	20
прехапвам	напрехапвам	17
прехапвам	опрехапвам	9
прехапвам	прехапвал	15
прехапвам	прехапвани	18
прехапвам	попреха	11
прехапвам	опрехапват	12
прехапвам	прехапването	23
прехапвам	прехапвах	6
прехапвам	прехапвайки	19
прехапвам	прехапвали	29
прехапвам	прехапваше	28
прехапвам	попрехават	27
прехапвам	прехапват	31
прехапвам	прехапва	21
прехапвам	прехап	0
прехапвам	прехапвайте	26
прехапвам	прехапвахте	16
прехапвам	прехапи	1
прехапвам	прехапваме	33
прехапвам	отпрехапвам	8
прехапвам	прехапване	22
желая	отжелая	8
желая	желаей	32
желая	желаим	13
желая	желаене	22
желая	отжела	0
желая	ожелаят	12
желая	изжелаят	17
желая	пожелая	5
желая	желаил	15
желая	изжелаи	2
желая	желаиха	4
желая	желаеха	25
желая	желая	34
желая	нажелат	10
желая	желаейки	19
желая	желаех	6
желая	желаят	31
желая	разжелая	20
желая	желаи	21
желая	желаини	18
желая	желаеме	33
желая	желаите	14
желая	желаили	29
желая	желаете	26
желая	пожелаи	1
желая	желаене	30
желая	пожелаиха	11
желая	пожелаят	27
желая	желаеше	28
желая	желаето	23
желая	пожелаете	3
желая	ожелая	9
желая	жела	7
желая	изжелая	24
желая	желаиш	16
заоравам	заровавайки	19
заоравам	зароваваха	25
заоравам	зарорава	7
заоравам	зароваване	22
заоравам	зараването	23
заоравам	назароват	10
заоравам	зарават	31
заоравам	позарава	3
заоравам	позараваха	11
заоравам	заровавани	18
заоравам	заровавате	13
заоравам	отзаравам	8
заоравам	озаравам	9
заоравам	позарават	27
заоравам	назаравам	17
заоравам	заравайте	26
заоравам	заровавах	6
заоравам	озарават	12
заоравам	заровавай	32
заоравам	позаравам	5
заоравам	заровавам	34
заоравам	зароваваме	33
заоравам	зарои	1
заоравам	заравахте	16
заоравам	зароваваш	14
заоравам	зарава	21
заоравам	заровавал	15
заоравам	разарава	2
заоравам	зарова	0
заоравам	заровавах	4
заоравам	заровавали	29
заоравам	зароваваше	28
заоравам	разаравам	20
заоравам	зароваване	30
заоравам	изаровавам	24
изпитам	наитат	10
изпитам	изпитахте	16
изпитам	изпитане	22
изпитам	поизпитам	5
изпитам	изпитай	32
изпитам	изпитал	15
изпитам	изпитах	4
изпитам	изпитали	29
изпитам	поитаха	11
изпитам	изпиташе	28
изпитам	изпитане	30
изпитам	оизпитат	12
изпитам	изпитането	23
изпитам	изпитаха	25
изпитам	наитам	17
изпитам	отизпитам	8
изпитам	изпитани	18
изпитам	изпита	21
изпитам	изпита	0
изпитам	оизпитам	9
изпитам	изпитате	13
изпитам	изпитат	31
изпитам	изпитайки	19
изпитам	разпитам	20
изпитам	изпитайте	26
изпитам	поизпита	3
изпитам	изпитам	24
изпитам	поитат	27
изпитам	разпита	2
изпитам	изпитах	6
изпитам	изпитаме	33
изпитам	изпиташ	14
изпитам	изпита	7
изпитам	изпитам	34
изпитам	изпита	1
плащам	плащаш	14
плащам	плащането	23
плащам	плащал	15
плащам	плащай	32
плащам	плащате	13
плащам	поплащаха	11
плащам	оплащам	9
плащам	плащаме	33
плащам	поплащам	5
плащам	плащахте	16
плащам	плаща	21
плащам	плащайки	19
плащам	наплащат	10
плащам	плащам	34
плащам	плащаше	28
плащам	плащах	4
плащам	поплащат	27
плащам	плащат	31
плащам	плащаха	25
плащам	отплащам	8
плащам	наплащам	17
плащам	плащане	30
плащам	плаща	7
плащам	разплаща	2
плащам	изплащам	24
плащам	плащах	6
плащам	плащайте	26
плащам	изплаща	1
плащам	отплаща	0
плащам	плащани	18
плащам	поплаща	3
плащам	плащане	22
плащам	оплащат	12
плащам	плащали	29
плащам	разплащам	20
забравям	забравяте	13
забравям	забравяне	22
забравям	забравяме	33
забравям	забравяха	25
забравям	озабравят	12
забравям	изабравям	24
забравям	разабравя	2
забравям	позабравям	5
забравям	озабравям	9
забравям	отзабравям	8
забравям	забравях	6
забравям	забравям	34
забравям	забра	0
забравям	разабравям	20
забравям	забраи	1
забравям	забравяйки	19
забравям	назабравям	17
забравям	забравяй	32
забравям	забравяш	14
забравям	забравя	7
забравям	назабравят	10
забравям	позабравяха	11
забравям	забравяхте	16
забравям	позабравя	3
забравям	забравяни	18
забравям	забравяли	29
забравям	забравят	31
забравям	забравяйте	26
забравям	забравях	4
забравям	забравянето	23
забравям	забравяне	30
забравям	забравяше	28
забравям	позабравят	27
забравям	забравял	15
забравям	забравя	21
удовлетворявам	удовлетворявал	15
удовлетворявам	удовлетворям	34
удовлетворявам	удовлетворяваше	28
удовлетворявам	удовлетворяхте	16
удовлетворявам	поудовлетворят	27
удовлетворявам	поудовлетворяха	11
удовлетворявам	раздовлетворям	20
удовлетворявам	удовлетворят	31
удовлетворявам	удовлетворя	0
удовлетворявам	удовлетворяха	25
удовлетворявам	удовлетворяте	13
удовлетворявам	удовлетворяне	22
удовлетворявам	удовлетворя	21
удовлетворявам	удовлетворяваш	14
удовлетворявам	наудовлетворям	17
удовлетворявам	наудовлетворят	10
удовлетворявам	оудовлетворят	12
удовлетворявам	раздовлетворя	2
удовлетворявам	удовлетворя	1
удовлетворявам	удовлетворявах	6
удовлетворявам	удовлетворяне	30
удовлетворявам	удовлетворяни	18
удовлетворявам	удовлетворях	4
удовлетворявам	удовлетворянето	23
удовлетворявам	удовлетворявай	32
удовлетворявам	изудовлетворям	24
удовлетворявам	удовлетворяли	29
удовлетворявам	удовлетворя	8
удовлетворявам	поудовлетворям	5
удовлетворявам	удовлетворя	7
удовлетворявам	удовлетворяйки	19
удовлетворявам	удовлетворяйте	26
удовлетворявам	поудовлетворя	3
удовлетворявам	оудовлетворям	9
удовлетворявам	удовлетворяме	33
вземам	повземаха	11
вземам	вземайки	19
вземам	вземаше	28
вземам	развема	2
вземам	вземаш	14
вземам	вземам	34
вземам	вземани	18
вземам	отвзема	0
вземам	развемам	20
вземам	вземахте	16
вземам	вземате	13
вземам	вземайте	26
вземам	вземах	6
вземам	вземането	23
вземам	вземане	30
вземам	навземат	10
вземам	повзема	3
вземам	взема	21
вземам	вземай	32
вземам	овземат	12
вземам	овземам	9
вземам	повземам	5
вземам	извема	1
вземам	вземаме	33
вземам	отвземам	8
вземам	повземат	27
вземам	вземах	4
вземам	извемам	24
вземам	вземане	22
вземам	вземал	15
вземам	вземали	29
вземам	вземат	31
вземам	навземам	17
вземам	вземаха	25
вземам	вземам	7
обесвам	разобесвам	20
обесвам	обесване	30
обесвам	обесва	7
обесвам	обесвани	18
обесвам	побесваха	11
обесвам	обесвам	34
обесвам	обесвах	4
обесвам	разобесва	2
обесвам	обесвахте	16
обесвам	обесвам	9
обесвам	обесването	23
обесвам	наобесвам	17
обесвам	обесва	21
обесвам	обесват	12
обесвам	обесват	31
обесвам	обесвали	29
обесвам	обесваш	14
обесвам	обеси	1
обесвам	обесвах	6
обесвам	обесваме	33
обесвам	наобесват	10
обесвам	обесвате	13
обесвам	обесвай	32
обесвам	побесват	27
обесвам	обесвайки	19
обесвам	обесвайте	26
обесвам	обес	0
обесвам	побесвам	5
обесвам	обесваха	25
обесвам	отбесвам	8
обесвам	обесване	22
обесвам	обесвал	15
обесвам	изобесвам	24
обесвам	обесваше	28
обесвам	побесва	3
започвам	напочват	10
започвам	започваме	33
започвам	започвах	4
започвам	озапочват	12
започвам	започваше	28
започвам	позапочваха	11
започвам	започваш	14
започвам	отзапочвам	8
започвам	позапочва	3
започвам	започване	22
започвам	започват	31
започвам	разапочва	2
започвам	започи	1
започвам	започвани	18
започвам	започва	21
започвам	започвате	13
започвам	започвайте	26
започвам	започването	23
започвам	започвали	29
започвам	започ	0
започвам	започвал	15
започвам	изапочвам	24
започвам	започвахте	16
започвам	назапочвам	17
започвам	започвах	6
започвам	позапочвам	5
започвам	започване	30
започвам	започваха	25
започвам	разапочвам	20
започвам	започвайки	19
започвам	започвам	34
започвам	позапочват	27
започвам	озапочвам	9
започвам	започва	7
започвам	започвай	32
омитам	омитаха	25
омитам	омиташ	14
омитам	омита	7
омитам	омитам	9
омитам	омитат	12
омитам	отмитам	8
омитам	омитането	23
омитам	омитат	31
омитам	отмита	0
омитам	помитат	27
омитам	омита	1
омитам	омитайки	19
омитам	омитане	22
омитам	омитах	6
омитам	омитай	32
омитам	разомита	2
омитам	омитам	34
омитам	омитани	18
омитам	омиташе	28
омитам	омитане	30
омитам	омитахте	16
омитам	омитали	29
омитам	омитате	13
омитам	омитаме	33
омитам	намитат	10
омитам	омитах	4
омитам	омита	21
омитам	помита	3
омитам	намитам	17
омитам	помитаха	11
омитам	разомитам	20
омитам	помитам	5
омитам	омитайте	26
омитам	изомитам	24
омитам	омитал	15
ям	ям	34
ям	янето	23
ям	яш	14
ям	яй	32
ям	оят	12
ям	яли	29
ям	я	7
ям	отям	8
ям	яхте	16
ям	ял	15
ям	ях	6
ям	отя	0
ям	яни	18
ям	пояха	11
ям	разя	2
ям	яне	22
ям	я	21
ям	яте	13
ям	поя	3
ям	наям	17
ям	яха	25
ям	яше	28
ям	поям	5
ям	ях	4
ям	изя	1
ям	поят	27
ям	яйки	19
ям	наят	10
ям	яне	30
ям	оям	9
ям	разям	20
ям	изям	24
ям	яме	33
ям	ят	31
ям	яйте	26
разнасям	разнасяше	28
разнасям	разразня	2
разнасям	разнасяли	29
разнасям	разнасяйте	26
разнасям	разнасяте	13
разнасям	поразнася	3
разнасям	разнасяйки	19
разнасям	разнасяхте	16
разнасям	разнасях	4
разнасям	оразнасят	12
разнасям	разнасяне	22
разнасям	поразнасят	27
разнасям	изразнася	1
разнасям	разнася	21
разнасям	отразнасям	8
разнасям	разнасял	15
разнасям	разнасят	31
разнасям	разнасяне	30
разнасям	поразнасям	5
разнасям	наразнасят	10
разнасям	разнасяме	33
разнасям	разнасяха	25
разнасям	изразнасям	24
разнасям	разнасяй	32
разнасям	оразнасям	9
разнасям	наразнасям	17
разнасям	разнася	7
разнасям	разнасянето	23
разнасям	разразям	20
разнасям	разнасям	34
разнасям	разнасяш	14
разнасям	разнасяни	18
разнасям	поразнасяха	11
разнасям	разнася	0
разнасям	разнасях	6
изслушвам	изслушването	23
изслушвам	изслушвали	29
изслушвам	изслушвам	34
изслушвам	изслушвайте	26
изслушвам	поизслушвам	5
изслушвам	наислушват	10
изслушвам	оизслушват	12
изслушвам	изслушва	21
изслушвам	разислушвам	20
изслушвам	изслушваха	25
изслушвам	поислушваха	11
изслушвам	изслушвах	6
изслушвам	оизслушвам	9
изслушвам	изслушваше	28
изслушвам	наислушвам	17
изслушвам	изслуши	1
изслушвам	изслушване	22
изслушвам	изслуш	0
изслушвам	изслушва	7
изслушвам	поислушва	3
изслушвам	изслушваме	33
изслушвам	изслушвахте	16
изслушвам	изслушват	31
изслушвам	изислушвам	24
изслушвам	изслушвай	32
изслушвам	изслушвани	18
изслушвам	разислушва	2
изслушвам	изслушваш	14
изслушвам	поизслушват	27
изслушвам	изслушвах	4
изслушвам	изслушвал	15
изслушвам	изслушване	30
изслушвам	изслушвате	13
изслушвам	изслушвайки	19
изслушвам	изслушвам	8
отвеждам	отвеждате	13
отвеждам	отвеждаме	33
отвеждам	наотвеждат	10
отвеждам	отвеждането	23
отвеждам	отвеждам	9
отвеждам	отвеждани	18
отвеждам	изотвеждам	24
отвеждам	разотвеждам	20
отвеждам	потвеждам	5
отвеждам	наотвеждам	17
отвеждам	отвеждал	15
отвеждам	отвежда	0
отвеждам	отвеждам	34
отвеждам	отвеждах	6
отвеждам	отвежда	7
отвеждам	потвежда	3
отвеждам	отвеждат	12
отвеждам	отвеждат	31
отвеждам	отвеждали	29
отвеждам	отвеждам	8
отвеждам	отвеждахте	16
отвеждам	отвеждай	32
отвеждам	отвеждаха	25
отвеждам	разотвежда	2
отвеждам	потвеждат	27
отвеждам	отвеждаше	28
отвеждам	отвежда	1
отвеждам	отвеждаш	14
отвеждам	потвеждаха	11
отвеждам	отвеждане	22
отвеждам	отвежда	21
отвеждам	отвеждах	4
отвеждам	отвеждайки	19
отвеждам	отвеждане	30
отвеждам	отвеждайте	26
заслужавам	позаслужават	27
заслужавам	позаслужаваха	11
заслужавам	заслужаваха	25
заслужавам	заслужавахте	16
заслужавам	заслужаването	23
заслужавам	заслужавани	18
заслужавам	заслужавах	6
заслужавам	наслужават	10
заслужавам	заслужа	1
заслужавам	заслужаваше	28
заслужавам	заслужавай	32
заслужавам	позаслужавам	5
заслужавам	заслужаване	22
заслужавам	озаслужават	12
заслужавам	заслужаваме	33
заслужавам	заслужавам	8
заслужавам	заслужавайки	19
заслужавам	заслужава	21
заслужавам	озаслужавам	9
заслужавам	заслужавам	34
заслужавам	заслужаване	30
заслужавам	разаслужава	2
заслужавам	наслужавам	17
заслужавам	заслужа	0
заслужавам	разаслужавам	20
заслужавам	заслужавах	4
заслужавам	изаслужавам	24
заслужавам	заслужават	31
заслужавам	заслужавал	15
заслужавам	заслужаваш	14
заслужавам	заслужава	7
заслужавам	позаслужава	3
заслужавам	заслужавайте	26
заслужавам	заслужавали	29
заслужавам	заслужавате	13
озадачавам	поздачва	3
озадачавам	наоздавам	17
озадачавам	озадавахте	16
озадачавам	озадаваме	33
озадачавам	озада	0
озадачавам	озадава	21
озадачавам	озадавани	18
озадачавам	озадавам	34
озадачавам	озадавах	4
озадачавам	озадават	31
озадачавам	озадавал	15
озадачавам	позадвам	5
озадачавам	отдадавам	8
озадачавам	озадавали	29
озадачавам	озадава	7
озадачавам	позадват	27
озадачавам	озадавам	9
озадачавам	изоздавам	24
озадачавам	озадаване	22
озадачавам	озадавайки	19
озадачавам	оздади	1
озадачавам	озадаваше	28
озадачавам	озадаваха	25
озадачавам	разоздава	2
озадачавам	озадавате	13
озадачавам	озадаваш	14
озадачавам	озадаването	23
озадачавам	разоздавам	20
озадачавам	позадваха	11
озадачавам	озадавай	32
озадачавам	озадаване	30
озадачавам	озадавах	6
озадачавам	озадават	12
озадачавам	озадавайте	26
озадачавам	наоздават	10
правя	правете	26
правя	правили	29
правя	правех	6
правя	правеха	25
правя	поправиха	11
правя	поправя	5
правя	прав	7
правя	правил	15
правя	поправи	1
правя	отправя	0
правя	правенето	23
правя	правеше	28
правя	отправя	8
правя	прави	21
правя	оправят	12
правя	оправя	9
правя	правини	18
правя	правий	32
правя	разправя	20
правя	правеме	33
правя	правене	30
правя	правиха	4
правя	поправете	3
правя	изправя	24
правя	правят	31
правя	поправят	27
правя	правя	34
правя	правийки	19
правя	правим	13
правя	правиш	16
правя	правите	14
правя	направят	10
правя	направя	17
правя	правене	22
правя	изправи	2
навестявам	навестване	30
навестявам	навествяли	29
навестявам	навествате	13
навестявам	навествай	32
навестявам	навестваха	25
навестявам	навест	0
навестявам	навествяш	14
навестявам	навествянето	23
навестявам	навествал	15
навестявам	навести	1
навестявам	понастявам	5
навестявам	изнастявам	24
навестявам	понаствяха	11
навестявам	навествахте	16
навестявам	навества	7
навестявам	навестваше	28
навестявам	понастяват	27
навестявам	онавятват	12
навестявам	нанастявам	17
навестявам	нанастяват	10
навестявам	навествайки	19
навестявам	навестват	31
навестявам	разнаствя	2
навестявам	навестване	22
навестявам	навествам	34
навестявам	понавя	3
навестявам	онавядвам	9
навестявам	навествани	18
навестявам	отнаствям	8
навестявам	навествайте	26
навестявам	навества	21
навестявам	навествах	6
навестявам	навествях	4
навестявам	разнаствям	20
навестявам	навестваме	33
