estimate	estimates	2
estimate	estimate	3
estimate	estimated	0
estimate	estimateing	1
vum	vumms	2
vum	vumm	3
vum	vuming	1
vum	vummed	0
hope	hoped	0
hope	hope	3
hope	hopes	2
hope	hopeing	1
transvest	transvested	0
transvest	transte	3
transvest	transtes	2
transvest	transtes	1
move	move	3
move	moves	2
move	moved	0
move	moveing	1
unforgive	unforge	3
unforgive	unforged	0
unforgive	unfforves	2
unforgive	unforgeing	1
graft	grafts	2
graft	graft	3
graft	grafted	0
graft	grafting	1
disally	disal	3
disally	disaling	1
disally	disals	2
disally	disaled	0
island	islanded	0
island	island	3
island	islanding	1
island	islands	2
export	expporting	1
export	expports	2
export	expport	3
export	expported	0
pervert	perverted	0
pervert	pervert	3
pervert	perverting	1
pervert	perverts	2
desuperheat	desupering	1
desuperheat	desuperate	3
desuperheat	desupers	2
desuperheat	desupered	0
bury	buryed	0
bury	bury	3
bury	burying	1
bury	burys	2
romanticize	romante	3
romanticize	romanting	0
romanticize	romantes	2
romanticize	romanting	1
wait	wait	3
wait	waited	0
wait	waiting	1
wait	waits	2
preallocate	prealoctes	2
preallocate	prealocted	0
preallocate	prealocte	3
preallocate	prealocteing	1
dirt	dirt	3
dirt	dirts	2
dirt	dirting	1
dirt	dirted	0
slug	slugs	2
slug	sluged	0
slug	slug	3
slug	sluging	1
utter	uttered	0
utter	uttering	1
utter	utter	3
utter	utters	2
cog	cog	3
cog	coging	1
cog	coged	0
cog	cogs	2
spend	spends	2
spend	spended	0
spend	spend	3
spend	spending	1
pelletize	pelleted	0
pelletize	pelleting	1
pelletize	pelletes	2
pelletize	pellete	3
drop	droped	0
drop	drops	2
drop	droping	1
drop	drop	3
stove	stoveing	1
stove	stoves	2
stove	stoved	0
stove	stove	3
shake	shaked	0
shake	shake	3
shake	shakeing	1
shake	shakes	2
fugle	fulleing	1
fugle	fulled	0
fugle	fulle	3
fugle	fulles	2
chest	chesting	1
chest	chest	3
chest	chested	0
chest	chests	2
unsettle	unsettles	2
unsettle	unsettle	3
unsettle	unsettled	0
unsettle	unsettleing	1
lightning	lightning	0
lightning	lightning	3
lightning	lightning	1
lightning	lightning	2
uncunt	uncunting	1
uncunt	uncunts	2
uncunt	uncunt	3
uncunt	uncunted	0
end	end	3
end	ends	2
end	ended	0
end	ending	1
overcentralize	overcerns	2
overcentralize	overctled	0
overcentralize	overcter	3
overcentralize	overcerning	1
deacon	deaconing	1
deacon	deaconed	0
deacon	deacon	3
deacon	deacons	2
burgeon	burgeon	3
burgeon	burgening	1
burgeon	burgeons	2
burgeon	burgeoned	0
service	services	2
service	serviceing	1
service	service	3
service	serviced	0
ghess	ghes	2
ghess	ghess	1
ghess	ghes	3
ghess	gheses	0
subdue	subdue	3
subdue	subdueing	1
subdue	subdues	2
subdue	subdued	0
demodulate	demouldted	0
demodulate	demouldtes	2
demodulate	demouldteing	1
demodulate	demouldte	3
roof	roofing	1
roof	roofs	2
roof	roofed	0
roof	roof	3
rebid	rebids	2
rebid	rebid	3
rebid	rebiding	1
rebid	rebided	0
unite	unite	3
unite	united	0
unite	unites	2
unite	uniteing	1
scam	scams	2
scam	scam	3
scam	scamed	0
scam	scaming	1
winter	wintered	0
winter	wintering	1
winter	winters	2
winter	winter	3
murk	murks	2
murk	murked	0
murk	murking	1
murk	murk	3
nature	nature	3
nature	natures	2
nature	natureing	1
nature	natured	0
repost	reposting	1
repost	reposted	0
repost	repost	3
repost	reposts	2
haunt	haunting	1
haunt	haunts	2
haunt	haunt	3
haunt	haunted	0
toshear	toshear	3
toshear	toshearing	1
toshear	toshears	2
toshear	tosheared	0
jump	jumps	2
jump	jumped	0
jump	jumping	1
jump	jump	3
shoulder	shouldering	1
shoulder	shouldered	0
shoulder	shoulder	3
shoulder	shoulders	2
pledge	pledged	0
pledge	pledge	3
pledge	pledges	2
pledge	pledgeing	1
insidiate	insidiated	0
insidiate	insidiates	2
insidiate	insidiate	3
insidiate	insidiateing	1
separate	separates	2
separate	separate	3
separate	separated	0
separate	separateing	1
overwit	overited	0
overwit	overits	2
overwit	overiting	1
overwit	overit	3
goat	goating	1
goat	goated	0
goat	goat	3
goat	goats	2
prophetize	prophets	2
prophetize	propheting	1
prophetize	propheted	0
prophetize	prophete	3
scene	sceneing	1
scene	scenes	2
scene	scened	0
scene	scene	3
enform	enforming	1
enform	enform	3
enform	enformed	0
enform	enforms	2
knee	kneeing	1
knee	knees	2
knee	kneed	0
knee	knee	3
bulldog	buldog	3
bulldog	buldogs	2
bulldog	bulldgoing	1
bulldog	buldoged	0
bird	bird	3
bird	birded	0
bird	birding	1
bird	birds	2
rarify	rarfiys	2
rarify	rarfiyed	0
rarify	rarfing	1
rarify	rarfiy	3
obsolete	obsoletes	2
obsolete	obsoleteing	1
obsolete	obsolete	3
obsolete	obsoleted	0
commence	commence	3
commence	commenced	0
commence	commenceing	1
commence	commences	2
bond	bonds	2
bond	bond	3
bond	bonding	1
bond	bonded	0
article	articles	2
article	articleing	1
article	articled	0
article	article	3
agree	agree	3
agree	agreed	0
agree	agreeing	1
agree	agrees	2
paean	paeaning	1
paean	paeaned	0
paean	paean	3
paean	paeans	2
perfect	perfecting	1
perfect	perfected	0
perfect	perfect	3
perfect	perfects	2
embrave	embarve	3
embrave	embarveing	1
embrave	embarved	0
embrave	embarves	2
quiet	quiets	2
quiet	quieting	1
quiet	quieted	0
quiet	quiet	3
woof	woof	3
woof	woffed	0
woof	woffs	2
woof	woofing	1
appear	appear	3
appear	appears	2
appear	appearing	1
appear	appeared	0
underlap	underapled	0
underlap	underaps	2
underlap	underap	3
underlap	underaping	1
copper	coppering	1
copper	coppers	2
copper	copper	3
copper	coppered	0
disculpate	disulpte	3
disculpate	disulpteing	1
disculpate	disulptes	2
disculpate	disulpted	0
encircle	encircleing	1
encircle	encircles	2
encircle	encircled	0
encircle	encircle	3
mank	manks	2
mank	mank	3
mank	manking	1
mank	manked	0
hunger	hungering	1
hunger	hunger	3
hunger	hungers	2
hunger	hungered	0
hyperlink	hppering	3
hyperlink	hyperling	1
hyperlink	hppering	0
hyperlink	hppering	2
full	fulls	2
full	full	3
full	fulled	0
full	fulling	1
bescare	bescared	0
bescare	bescare	3
bescare	bescares	2
bescare	bescareing	1
slave	slaves	2
slave	slaveing	1
slave	slaved	0
slave	slave	3
unmap	unmaping	1
unmap	unmaps	2
unmap	unmap	3
unmap	unmaped	0
thunder	thunder	3
thunder	thundered	0
thunder	thundering	1
thunder	thunders	2
deech	deech	3
deech	deeched	0
deech	deechs	2
deech	deeching	1
field	fielded	0
field	fields	2
field	fielding	1
field	field	3
gummer	gummer	3
gummer	gummering	1
gummer	gummered	0
gummer	gummers	2
resist	resisted	0
resist	resists	2
resist	resist	3
resist	resisting	1
predeposit	predpoists	2
predeposit	predpoisting	1
predeposit	predpoist	3
predeposit	predpoisted	0
waver	wavers	2
waver	wavered	0
waver	waver	3
waver	wavering	1
euthanase	euthanas	2
euthanase	euthanased	0
euthanase	euthanas	1
euthanase	euthanase	3
amount	amounted	0
amount	amount	3
amount	amounting	1
amount	amounts	2
tan	taning	1
tan	tans	2
tan	taned	0
tan	tan	3
acknowledge	acknowledge	3
acknowledge	acknowledgeing	1
acknowledge	acknowledged	0
acknowledge	acknowledges	2
bald	balded	0
bald	balding	1
bald	bald	3
bald	balds	2
sleep	sleep	3
sleep	sleeped	0
sleep	sleeping	1
sleep	sleeps	2
telepath	teleaths	2
telepath	teleath	3
telepath	teleathed	0
telepath	teleathing	1
attempt	attempts	2
attempt	attempted	0
attempt	attempting	1
attempt	attempt	3
outzany	out<UNK>ayed	0
outzany	out<UNK>aying	1
outzany	out<UNK>ays	2
outzany	out<UNK>ay	3
