nostattaa	nostattakoot	8
nostattaa	nostattivat	12
nostattaa	nostattako	11
nostattaa	nostattaen	16
nostattaa	nostattaisin	1
nostattaa	nostattava	18
nostattaa	nostatetaan	4
nostattaa	nostattaneet	17
nostattaa	nostattaakseen	3
nostattaa	nostattaa	20
nostattaa	nostatti	9
nostattaa	nostatan	2
nostattaa	nostattakoon	10
nostattaa	nostattakaa	5
nostattaa	nostattamaan	7
nostattaa	nostat	0
nostattaa	nostattaessaan	6
nostattaa	nostattaisi	15
nostattaa	nostattanut	14
nostattaa	nostata	13
nostattaa	nostattavat	19
saota	saotessaan	6
saota	saotva	18
saota	saot	0
saota	saotisi	15
saota	saotkoon	10
saota	saotnut	14
saota	saot	4
saota	saotan	2
saota	saotisin	1
saota	saotvat	19
saota	saotko	11
saota	saoten	16
saota	saoti	9
saota	saotkaa	5
saota	saotmaan	7
saota	saotakseen	3
saota	saotneet	17
saota	saotivat	12
saota	saota	20
saota	saotkoot	8
saota	sao	13
jylistä	jylistävä	18
jylistä	jylistävät	19
jylistä	jylistäkseen	3
jylistä	jylistän	2
jylistä	jylistivät	12
jylistä	jylistänyt	14
jylistä	jylistäkää	5
jylistä	jylistäko	11
jylistä	jylistä	13
jylistä	jylisti	9
jylistä	jylistä	4
jylistä	jylistäisi	15
jylistä	jylistäneet	17
jylistä	jylistämän	0
jylistä	jylistä	20
jylistä	jylistäkoot	8
jylistä	jylistäessään	6
jylistä	jylistämään	7
jylistä	jylistäen	16
jylistä	jylistäy	1
jylistä	jylistäen	10
indusoida	indusoidessaan	6
indusoida	indusoidisin	1
indusoida	indusoida	20
indusoida	indusoin	2
indusoida	indusoiva	18
indusoida	indusoid	4
indusoida	indusoidat	19
indusoida	indusoidkoot	8
indusoida	indusoidnut	14
indusoida	indusoidkaa	5
indusoida	indusoidakseen	3
indusoida	indusoivat	12
indusoida	indusoiden	16
indusoida	indusoidan	0
indusoida	indusoidko	11
indusoida	indusoisi	15
indusoida	indusoidmaan	7
indusoida	indusoidet	17
indusoida	indusoida	13
indusoida	indusoi	9
indusoida	indusoidkoon	10
noutaa	nouta	13
noutaa	noutan	2
noutaa	noutakoot	8
noutaa	nout	0
noutaa	noutaneet	17
noutaa	noutava	18
noutaa	noutaen	16
noutaa	noutaisin	1
noutaa	noutaessaan	6
noutaa	noutako	11
noutaa	noutaisi	15
noutaa	noutaakseen	3
noutaa	noutakoon	10
noutaa	noutakaa	5
noutaa	nouti	9
noutaa	noutivat	12
noutaa	noutaa	20
noutaa	noutamaan	7
noutaa	nouta	4
noutaa	noutavat	19
noutaa	noutanut	14
ängetä	äntetkoot	8
ängetä	änteten	16
ängetä	änettävät	19
ängetä	änaetä	13
ängetä	äntetä	20
ängetä	änetetään	4
ängetä	äntetäkseen	3
ängetä	änettämään	7
ängetä	äntetävä	18
ängetä	änteten	10
ängetä	änettäneet	17
ängetä	ännetkää	5
ängetä	äntetko	11
ängetä	änettänyt	14
ängetä	äntetäisi	15
ängetä	äntettivät	12
ängetä	äntetän	2
ängetä	änteti	9
ängetä	ännety	1
ängetä	äntet	0
ängetä	änettäessään	6
arvostella	arvostelli	9
arvostella	arvostella	20
arvostella	arvostellaan	6
arvostella	arvostellat	12
arvostella	arvostellan	16
arvostella	arvostellan	2
arvostella	arvostella	18
arvostella	arvostellan	0
arvostella	arvostella	11
arvostella	arvostellaan	4
arvostella	arvostellat	14
arvostella	arvostella	13
arvostella	arvostellaan	7
arvostella	arvostellan	10
arvostella	arvostella	5
arvostella	arvostellakseen	3
arvostella	arvostellat	17
arvostella	arvostella	15
arvostella	arvostellat	19
arvostella	arvostellat	8
arvostella	arvostellan	1
käpyillä	käpyillä	5
käpyillä	käpyillät	14
käpyillä	käpyillä	20
käpyillä	käpyillät	17
käpyillä	käpyillän	0
käpyillä	käpyillään	6
käpyillä	käpyilly	1
käpyillä	käpyillät	19
käpyillä	käpyillä	15
käpyillä	käpyillät	8
käpyillä	käpyillä	18
käpyillä	käpyillä	11
käpyillä	käpyillät	12
käpyillä	käpyilläkseen	3
käpyillä	käpyilän	2
käpyillä	käpyil	13
käpyillä	käpyillään	7
käpyillä	käpyillän	16
käpyillä	käpyillän	10
käpyillä	käpyillä	4
käpyillä	käpyillä	9
rynnistää	rynnistäkää	5
rynnistää	rynnistänyt	14
rynnistää	rynnistäko	11
rynnistää	rynnisti	9
rynnistää	rynnistän	2
rynnistää	rynnistäkoot	8
rynnistää	rynnistäen	10
rynnistää	rynnistäessään	6
rynnistää	rynnistä	13
rynnistää	rynnistää	20
rynnistää	rynnistävät	19
rynnistää	rynnistivät	12
rynnistää	rynnistämään	7
rynnistää	rynnistämän	0
rynnistää	rynnistääkseen	3
rynnistää	rynnistävä	18
rynnistää	rynnistäen	16
rynnistää	rynnistäisi	15
rynnistää	rynnistäy	1
rynnistää	rynnistä	4
rynnistää	rynnistäneet	17
paalittaa	paalittako	11
paalittaa	paalittaa	20
paalittaa	paalittaakseen	3
paalittaa	paalittamaan	7
paalittaa	paalittanut	14
paalittaa	paalittakaa	5
paalittaa	paalittakoon	10
paalittaa	paalittaisi	15
paalittaa	paalittavat	19
paalittaa	paalita	13
paalittaa	paalittaisin	1
paalittaa	paalitan	2
paalittaa	paalittivat	12
paalittaa	paalitti	9
paalittaa	paalit	0
paalittaa	paalittakoot	8
paalittaa	paalitetaan	4
paalittaa	paalittaen	16
paalittaa	paalittaneet	17
paalittaa	paalittaessaan	6
paalittaa	paalittava	18
hukuttaa	hukuttivat	12
hukuttaa	hukuttamaan	7
hukuttaa	hukuttaneet	17
hukuttaa	hukuttava	18
hukuttaa	hukut	0
hukuttaa	hukuta	13
hukuttaa	hukuttaisi	15
hukuttaa	hukutti	9
hukuttaa	hukuttakaa	5
hukuttaa	hukuttaessaan	6
hukuttaa	hukuttaa	20
hukuttaa	hukutan	2
hukuttaa	hukuttakoon	10
hukuttaa	hukuttanut	14
hukuttaa	hukuttako	11
hukuttaa	hukuttaisin	1
hukuttaa	hukuttaen	16
hukuttaa	hukuttakoot	8
hukuttaa	hukuttaakseen	3
hukuttaa	hukuttavat	19
hukuttaa	hukutetaan	4
jyrytä	jyryty	1
jyrytä	jyrytessään	6
jyrytä	jyryti	9
jyrytä	jyrytän	2
jyrytä	jyrytnyt	14
jyrytä	jyrytvät	19
jyrytä	jyryt	4
jyrytä	jyrytneet	17
jyrytä	jyrytisi	15
jyrytä	jyrytmään	7
jyrytä	jyrytko	11
jyrytä	jyry	13
jyrytä	jyrytkää	5
jyrytä	jyryt	0
jyrytä	jyrytäkseen	3
jyrytä	jyrytvä	18
jyrytä	jyryten	10
jyrytä	jyrytivät	12
jyrytä	jyrytä	20
jyrytä	jyryten	16
jyrytä	jyrytkoot	8
hioa	hioi	9
hioa	hioneet	17
hioa	hiomaan	7
hioa	hiokaa	5
hioa	hioessaan	6
hioa	hioivat	12
hioa	hiokoot	8
hioa	hioman	0
hioa	hionut	14
hioa	hioa	20
hioa	hioisin	1
hioa	hiokoon	10
hioa	hio	13
hioa	hioakseen	3
hioa	hion	2
hioa	hioko	11
hioa	hioen	16
hioa	hiovat	19
hioa	hiova	18
hioa	hioisi	15
hioa	hio	4
kipittää	kipittäkoot	8
kipittää	kipittäy	1
kipittää	kipittäko	11
kipittää	kipittäisi	15
kipittää	kipittämään	7
kipittää	kipitti	9
kipittää	kipittäen	10
kipittää	kipit	0
kipittää	kipitä	13
kipittää	kipittänyt	14
kipittää	kipittäen	16
kipittää	kipittävä	18
kipittää	kipitän	2
kipittää	kipittäessään	6
kipittää	kipittäneet	17
kipittää	kipittää	20
kipittää	kipittävät	19
kipittää	kipitetään	4
kipittää	kipittivät	12
kipittää	kipittäkää	5
kipittää	kipittääkseen	3
maistaa	maistakoot	8
maistaa	maistaisi	15
maistaa	maistavat	19
maistaa	maista	4
maistaa	maistaisin	1
maistaa	maistakaa	5
maistaa	maistakoon	10
maistaa	maistaman	0
maistaa	maisa	13
maistaa	maistanut	14
maistaa	maistaneet	17
maistaa	maistaessaan	6
maistaa	maistivat	12
maistaa	maistaakseen	3
maistaa	maistaa	20
maistaa	maisti	9
maistaa	maistaen	16
maistaa	maistako	11
maistaa	maistamaan	7
maistaa	maistava	18
maistaa	maisan	2
pitentää	pitentäy	1
pitentää	pitentä	13
pitentää	pitentäen	16
pitentää	pitentämään	7
pitentää	pitentä	4
pitentää	pitentänyt	14
pitentää	pitentävä	18
pitentää	pitenti	9
pitentää	pitentävät	19
pitentää	pitentäkoot	8
pitentää	pitentän	2
pitentää	pitentäkää	5
pitentää	pitentäisi	15
pitentää	pitentäneet	17
pitentää	pitentäessään	6
pitentää	pitentämän	0
pitentää	pitentäko	11
pitentää	pitentivät	12
pitentää	pitentää	20
pitentää	pitentääkseen	3
pitentää	pitentäen	10
kaatua	kaatuman	0
kaatua	kaatuakseen	3
kaatua	kaatukaa	5
kaatua	kaatukoot	8
kaatua	kaatuneet	17
kaatua	kaatuva	18
kaatua	kaatu	13
kaatua	kaatumaan	7
kaatua	kaatukoon	10
kaatua	kaatuessaan	6
kaatua	kaatuko	11
kaatua	kaatui	9
kaatua	kaatuen	16
kaatua	kaatuu	2
kaatua	kaatuvat	19
kaatua	kaatuivat	12
kaatua	kaatua	20
kaatua	kaatunut	14
kaatua	kaatu	4
kaatua	kaatuisi	15
kaatua	kaatuisin	1
kivahtaa	kivahtaneet	17
kivahtaa	kivahtivat	12
kivahtaa	kivahtaakseen	3
kivahtaa	kivaha	13
kivahtaa	kivahtamaan	7
kivahtaa	kivahtako	11
kivahtaa	kivahtakaa	5
kivahtaa	kivahti	9
kivahtaa	kivahtaisi	15
kivahtaa	kivah	0
kivahtaa	kivahtava	18
kivahtaa	kivahtaisin	1
kivahtaa	kivahta	4
kivahtaa	kivahtaessaan	6
kivahtaa	kivahtakoot	8
kivahtaa	kivahtaa	20
kivahtaa	kivahtanut	14
kivahtaa	kivahtaen	16
kivahtaa	kivahtakoon	10
kivahtaa	kivahtavat	19
kivahtaa	kivahan	2
ilmestyä	ilmestymän	0
ilmestyä	ilmestyy	1
ilmestyä	ilmestyen	10
ilmestyä	ilmesty	4
ilmestyä	ilmestykää	5
ilmestyä	ilmestyko	11
ilmestyä	ilmestyä	20
ilmestyä	ilmestymään	7
ilmestyä	ilmesty	13
ilmestyä	ilmestyvä	18
ilmestyä	ilmestyisi	15
ilmestyä	ilmestynyt	14
ilmestyä	ilmestyi	9
ilmestyä	ilmestykoot	8
ilmestyä	ilmestyneet	17
ilmestyä	ilmestyessään	6
ilmestyä	ilmestyvät	19
ilmestyä	ilmestyy	2
ilmestyä	ilmestyen	16
ilmestyä	ilmestyivät	12
ilmestyä	ilmestyäkseen	3
lohduttautua	lohduttautukaa	5
lohduttautua	lohduttautuvat	19
lohduttautua	lohduttautukoon	10
lohduttautua	lohdutautu	13
lohduttautua	lohduttautuivat	12
lohduttautua	lohduttautuneet	17
lohduttautua	lohduttautui	9
lohduttautua	lohduttautuva	18
lohduttautua	lohdutetautu	4
lohduttautua	lohduttautuu	2
lohduttautua	lohduttautuakseeeeen	3
lohduttautua	lohduttautuisin	1
lohduttautua	lohduttautuessaan	6
lohduttautua	lohduttautunut	14
lohduttautua	lohduttautukoot	8
lohduttautua	lohduttautuen	16
lohduttautua	lohduttautuko	11
lohduttautua	lohduttautuisi	15
lohduttautua	lohduttautua	20
lohduttautua	lohduttautumaan	7
lohduttautua	lohdut	0
pidellä	pidellät	8
pidellä	pidellää	5
pidellä	pidellän	2
pidellä	pidellä	4
pidellä	pidellät	17
pidellä	pidellä	15
pidellä	pidellän	16
pidellä	pidellän	0
pidellä	pidelly	1
pidellä	pidellä	13
pidellä	pidellään	6
pidellä	pidellät	14
pidellä	pidellä	18
pidellä	pidelläkseen	3
pidellä	pidellän	10
pidellä	pidellä	11
pidellä	pidellään	7
pidellä	pidellät	12
pidellä	pidellä	20
pidellä	pidellät	19
pidellä	pidelli	9
laahautua	laahautuen	16
laahautua	laahautuman	0
laahautua	laahautuakseen	3
laahautua	laahautui	9
laahautua	laahautukoon	10
laahautua	laahautunut	14
laahautua	laahautukoot	8
laahautua	laahautu	4
laahautua	laahautuisin	1
laahautua	laahautuessaan	6
laahautua	laahautua	20
laahautua	laahautuvat	19
laahautua	laahautumaan	7
laahautua	laahautuisi	15
laahautua	laahautukaa	5
laahautua	laahautuu	2
laahautua	laahautuivat	12
laahautua	laahautuko	11
laahautua	laahautu	13
laahautua	laahautuneet	17
laahautua	laahautuva	18
lahjoittaa	lahjoit	0
lahjoittaa	lahjoittakoon	10
lahjoittaa	lahjoittakaa	5
lahjoittaa	lahjoittaa	20
lahjoittaa	lahjoittamaan	7
lahjoittaa	lahjoittaessaan	6
lahjoittaa	lahjoitetaan	4
lahjoittaa	lahjoittako	11
lahjoittaa	lahjoittaneet	17
lahjoittaa	lahjoittivat	12
lahjoittaa	lahjoitan	2
lahjoittaa	lahjoitti	9
lahjoittaa	lahjoittavat	19
lahjoittaa	lahjoittanut	14
lahjoittaa	lahjoittaakseen	3
lahjoittaa	lahjoita	13
lahjoittaa	lahjoittaisi	15
lahjoittaa	lahjoittaen	16
lahjoittaa	lahjoittava	18
lahjoittaa	lahjoittakoot	8
lahjoittaa	lahjoittaisin	1
mainostaa	mainostaessaan	6
mainostaa	mainostaisi	15
mainostaa	mainostamaan	7
mainostaa	mainosti	9
mainostaa	mainostako	11
mainostaa	mainosta	4
mainostaa	mainostaa	20
mainostaa	mainostaneet	17
mainostaa	mainostakoon	10
mainostaa	mainosa	13
mainostaa	mainostakaa	5
mainostaa	mainostaisin	1
mainostaa	mainostivat	12
mainostaa	mainostavat	19
mainostaa	mainostakoot	8
mainostaa	mainostaakseen	3
mainostaa	mainostava	18
mainostaa	mainostanut	14
mainostaa	mainostaman	0
mainostaa	mainostaen	16
mainostaa	mainosan	2
laajentaa	laajen	0
laajentaa	laajenan	2
laajentaa	laajentamaan	7
laajentaa	laajentanut	14
laajentaa	laajenta	4
laajentaa	laajentivat	12
laajentaa	laajentakoot	8
laajentaa	laajentaneet	17
laajentaa	laajentaakseen	3
laajentaa	laajentaessaan	6
laajentaa	laajentavat	19
laajentaa	laajentako	11
laajentaa	laajentaisin	1
laajentaa	laajentava	18
laajentaa	laajentakaa	5
laajentaa	laajentaisi	15
laajentaa	laajentaen	16
laajentaa	laajena	13
laajentaa	laajentakoon	10
laajentaa	laajenti	9
laajentaa	laajentaa	20
pyytää anteeksi	pyytäänttetkai	9
pyytää anteeksi	pyytään	2
pyytää anteeksi	pyytäänttekkaivat	12
pyytää anteeksi	pyytäänttekaa	5
pyytää anteeksi	pyytäänttenyt	14
pyytää anteeksi	pyytäneenteet	17
pyytää anteeksi	pyytä	13
pyytää anteeksi	pyytäänttekoot	8
pyytää anteeksi	pyytääntteisi	15
pyytää anteeksi	pyytäentteen	10
pyytää anteeksi	pyytäentteen	16
pyytää anteeksi	pyytääntteäkseen	3
pyytää anteeksi	pyytäentaessaan	6
pyytää anteeksi	pyytäänttea	20
pyytää anteeksi	pyytä	4
pyytää anteeksi	pyytäästan	1
pyytää anteeksi	pyytämäänteman	7
pyytää anteeksi	pyytääntteksa	11
pyytää anteeksi	pyytämän	0
pyytää anteeksi	pyytävä	18
pyytää anteeksi	pyytävättevat	19
matkata	matkatu	2
matkata	matkatkaa	5
matkata	matkatkoot	8
matkata	matkatisin	1
matkata	matkaten	16
matkata	matkatvat	19
matkata	matkatmaan	7
matkata	matkatva	18
matkata	matkata	20
matkata	matkatkoon	10
matkata	matkatisi	15
matkata	matkatko	11
matkata	matkatnut	14
matkata	matkativat	12
matkata	matkatakseen	3
matkata	matkati	9
matkata	matkatman	0
matkata	matkatneet	17
matkata	matkat	4
matkata	matkata	13
matkata	matkatessaan	6
nuukahtaa	nuukaha	13
nuukahtaa	nuukahtakoon	10
nuukahtaa	nuukahtaneet	17
nuukahtaa	nuukahan	2
nuukahtaa	nuukahtava	18
nuukahtaa	nuukahtakoot	8
nuukahtaa	nuukahtavat	19
nuukahtaa	nuukahta	4
nuukahtaa	nuukahtaa	20
nuukahtaa	nuukah	0
nuukahtaa	nuukahtamaan	7
nuukahtaa	nuukahtaakseen	3
nuukahtaa	nuukahtivat	12
nuukahtaa	nuukahtako	11
nuukahtaa	nuukahtaen	16
nuukahtaa	nuukahtakaa	5
nuukahtaa	nuukahti	9
nuukahtaa	nuukahtaisi	15
nuukahtaa	nuukahtanut	14
nuukahtaa	nuukahtaessaan	6
nuukahtaa	nuukahtaisin	1
huudahtaa	huudahtakoon	10
huudahtaa	huudahtaen	16
huudahtaa	huudahtaneet	17
huudahtaa	huudahtaisi	15
huudahtaa	huudahtakaa	5
huudahtaa	huudahtaa	20
huudahtaa	huudahtivat	12
huudahtaa	huudahan	2
huudahtaa	huudaha	13
huudahtaa	huudahtaisin	1
huudahtaa	huudahtaakseen	3
huudahtaa	huudahtako	11
huudahtaa	huudahtakoot	8
huudahtaa	huudahta	4
huudahtaa	huudahtamaan	7
huudahtaa	huudahtavat	19
huudahtaa	huudahtaessaan	6
huudahtaa	huudahti	9
huudahtaa	huudahtanut	14
huudahtaa	huudahtava	18
huudahtaa	huudah	0
murjottaa	murjottaessaan	6
murjottaa	murjotan	2
murjottaa	murjottava	18
murjottaa	murjottanut	14
murjottaa	murjottaa	20
murjottaa	murjot	0
murjottaa	murjottakoon	10
murjottaa	murjottavat	19
murjottaa	murjotti	9
murjottaa	murjottaisi	15
murjottaa	murjottaneet	17
murjottaa	murjottakoot	8
murjottaa	murjottakaa	5
murjottaa	murjottivat	12
murjottaa	murjottaisin	1
murjottaa	murjottamaan	7
murjottaa	murjottaakseen	3
murjottaa	murjottaen	16
murjottaa	murjota	13
murjottaa	murjottako	11
murjottaa	murjotetaan	4
horjua	horjui	9
horjua	horjuakseen	3
horjua	horjumaan	7
horjua	horjuneet	17
horjua	horjuen	16
horjua	horjuvat	19
horjua	horjukoon	10
horjua	horjukaa	5
horjua	horjuko	11
horjua	horjuivat	12
horjua	horjukoot	8
horjua	horjuessaan	6
horjua	horjua	20
horjua	horjuman	0
horjua	horjuu	2
horjua	horju	4
horjua	horjuisin	1
horjua	horjunut	14
horjua	horjuisi	15
horjua	horju	13
horjua	horjuva	18
huvittaa	huvittaisi	15
huvittaa	huvittaneet	17
huvittaa	huvittavat	19
huvittaa	huvittamaan	7
huvittaa	huvita	13
huvittaa	huvittaakseen	3
huvittaa	huvitti	9
huvittaa	huvittako	11
huvittaa	huvittava	18
huvittaa	huvittakoon	10
huvittaa	huvittakoot	8
huvittaa	huvit	0
huvittaa	huvitan	2
huvittaa	huvittaa	20
huvittaa	huvittakaa	5
huvittaa	huvittaisin	1
huvittaa	huvittivat	12
huvittaa	huvittaessaan	6
huvittaa	huvittanut	14
huvittaa	huvitetaan	4
huvittaa	huvittaen	16
peljätä	peljätisi	15
peljätä	peljätkoot	8
peljätä	peljäten	16
peljätä	peljät	4
peljätä	peljätessään	6
peljätä	peljätä	20
peljätä	peljätän	2
peljätä	peljätivät	12
peljätä	peljätmän	0
peljätä	peljätvä	18
peljätä	peljätkää	5
peljätä	peljät	13
peljätä	peljäty	1
peljätä	peljätneet	17
peljätä	peljätko	11
peljätä	peljäten	10
peljätä	peljätvät	19
peljätä	peljätäkseen	3
peljätä	peljäti	9
peljätä	peljätmään	7
peljätä	peljätnyt	14
karsinoida	karsinit	0
karsinoida	karsinita	13
karsinoida	karsintivat	12
karsinoida	karsinioin	2
karsinoida	karsintiessaan	6
karsinoida	karsinti	4
karsinoida	karsintikoot	8
karsinoida	karsintida	15
karsinoida	karsintia	20
karsinoida	karsintimaan	7
karsinoida	karsintineet	17
karsinoida	karsintinut	14
karsinoida	karsintiva	18
karsinoida	karsintiakseen	3
karsinoida	karsintien	16
karsinoida	karsintivat	19
karsinoida	karsintidsin	1
karsinoida	karsintii	9
karsinoida	karsintikaa	5
karsinoida	karsintiko	11
karsinoida	karsintikoon	10
odottaa	odottakoot	8
odottaa	odottaisin	1
odottaa	odottaessaan	6
odottaa	odottaneet	17
odottaa	odotan	2
odottaa	odottako	11
odottaa	odotetaan	4
odottaa	odottanut	14
odottaa	odottamaan	7
odottaa	odottava	18
odottaa	odottavat	19
odottaa	odottakaa	5
odottaa	odottivat	12
odottaa	odota	13
odottaa	odotti	9
odottaa	odottaen	16
odottaa	odottakoon	10
odottaa	odottaa	20
odottaa	odottaakseen	3
odottaa	odottaisi	15
odottaa	odottaman	0
riisuuntua	riisuntuko	11
riisuuntua	riisuuntu	13
riisuuntua	riisuntuvat	19
riisuuntua	riisuntumaan	7
riisuuntua	riisuntuivat	12
riisuuntua	riisuuntuman	0
riisuuntua	riisuntunut	14
riisuuntua	riisuntukaa	5
riisuuntua	riisuntuessaan	6
riisuuntua	riisuntuneet	17
riisuuntua	riisuntuisin	1
riisuuntua	riisuntuu	2
riisuuntua	riisuntui	9
riisuuntua	riisuuntuakseen	3
riisuuntua	riisuntukoon	10
riisuuntua	riisuntuen	16
riisuuntua	riisuuntu	4
riisuuntua	riisuntukoot	8
riisuuntua	riisuntua	20
riisuuntua	riisuntuva	18
riisuuntua	riisuntuisi	15
ruoskia	ruoskin	2
ruoskia	ruoskia	20
ruoskia	ruoskineet	17
ruoskia	ruoskikoon	10
ruoskia	ruoskikaa	5
ruoskia	ruoski	13
ruoskia	ruoskiivat	12
ruoskia	ruoskii	9
ruoskia	ruoskinut	14
ruoskia	ruoski	4
ruoskia	ruoskiisi	15
ruoskia	ruoskiakseen	3
ruoskia	ruoskiisin	1
ruoskia	ruoskikoot	8
ruoskia	ruoskiko	11
ruoskia	ruoskiman	0
ruoskia	ruoskien	16
ruoskia	ruoskivat	19
ruoskia	ruoskiva	18
ruoskia	ruoskimaan	7
ruoskia	ruoskiessaan	6
politikoida	polittoidivat	12
politikoida	polittoidan	0
politikoida	polittiki	15
politikoida	polittoidiko	11
politikoida	polittoidivat	19
politikoida	politi	13
politikoida	polittoidan	2
politikoida	polittoidikaa	5
politikoida	polittoidessaan	6
politikoida	polittoidikoot	8
politikoida	polittoidet	4
politikoida	polittoidineet	17
politikoida	polittoidiva	18
politikoida	polittoidimaan	7
politikoida	polittoidit	14
politikoida	polittoidi	20
politikoida	polittoidiakseen	3
politikoida	polittoidikoon	10
politikoida	polittoidisin	1
politikoida	polittioiden	16
politikoida	polittoidi	9
närkästyä	närkästymään	7
närkästyä	närkästyen	10
närkästyä	närkästymän	0
närkästyä	närkästyisi	15
närkästyä	närkästyneet	17
närkästyä	närkästyessaän	6
närkästyä	närkästyi	9
närkästyä	närkästynyt	14
närkästyä	närkästyy	2
närkästyä	närkästy	4
närkästyä	närkästyvät	19
närkästyä	närkästyko	11
närkästyä	närkästyen	16
närkästyä	närkästy	13
närkästyä	närkästyivät	12
närkästyä	närkästyvä	18
närkästyä	närkästyä	20
närkästyä	närkästyy	1
närkästyä	närkästykoot	8
närkästyä	närkästykää	5
närkästyä	närkästyäkseen	3
aallota	aallotnut	14
aallota	aallotneet	17
aallota	aallotkaa	5
aallota	aallotva	18
aallota	aallotmaan	7
aallota	alalot	13
aallota	aallotman	0
aallota	aallotan	2
aallota	aallotkoot	8
aallota	aallotisin	1
aallota	aallotakseen	3
aallota	aallotvat	19
aallota	aalloti	9
aallota	aallotkoon	10
aallota	aallot	4
aallota	aallotivat	12
aallota	aallotisi	15
aallota	aalloten	16
aallota	aallotessaan	6
aallota	aallotko	11
aallota	aallota	20
nyökyttää	nyökyttänyt	14
nyökyttää	nyökyttääkseen	3
nyökyttää	nyökyt	0
nyökyttää	nyökyttäko	11
nyökyttää	nyökyttävä	18
nyökyttää	nyökytti	9
nyökyttää	nyökyttäen	16
nyökyttää	nyökyttäessaän	6
nyökyttää	nyökyttäneet	17
nyökyttää	nyökyttää	20
nyökyttää	nyökytä	13
nyökyttää	nyökyttäisi	15
nyökyttää	nyökyttäy	1
nyökyttää	nyökyttäen	10
nyökyttää	nyökyttäkää	5
nyökyttää	nyökyttivät	12
nyökyttää	nyökytetään	4
nyökyttää	nyökyttävät	19
nyökyttää	nyökyttämään	7
nyökyttää	nyökyttäkoot	8
nyökyttää	nyökytän	2
lemmiskellä	lemmiskellä	9
lemmiskellä	lemmiskellä	13
lemmiskellä	lemmiskellän	0
lemmiskellä	lemmiskellät	12
lemmiskellä	lemmiskellän	16
lemmiskellä	lemmiskellä	18
lemmiskellä	lemmiskellä	11
lemmiskellä	lemmiskellään	7
lemmiskellä	lemmiskellä	15
lemmiskellä	lemmiskellät	19
lemmiskellä	lemmiskelläksen	3
lemmiskellä	lemmiskellän	10
lemmiskellä	lemmiskellät	8
lemmiskellä	lemmiskellät	17
lemmiskellä	lemmiskellään	6
lemmiskellä	lemmiskellä	20
lemmiskellä	lemmiskellän	1
lemmiskellä	lemmiskellän	2
lemmiskellä	lemmiskellät	14
lemmiskellä	lemmiskellä	5
lemmiskellä	lemmiskellään	4
kieltäytyä	kieltäytyen	16
kieltäytyä	kieltäytyvä	18
kieltäytyä	kieltäytyy	1
kieltäytyä	kieltäytynyt	14
kieltäytyä	kieltäytykoot	8
kieltäytyä	kieltäytyäkseen	3
kieltäytyä	kieltäytymään	7
kieltäytyä	kieltäytyvät	19
kieltäytyä	kieltäytykää	5
kieltäytyä	kieltäytyessaän	6
kieltäytyä	kieltäytyivät	12
kieltäytyä	kieltäytyisi	15
kieltäytyä	kieltäytyi	9
kieltäytyä	kieltäyty	13
kieltäytyä	kieltäytyy	2
kieltäytyä	kieltäytyen	10
kieltäytyä	kieltäytyä	20
kieltäytyä	kieltäytyko	11
kieltäytyä	kieltäyty	4
kieltäytyä	kieltäytymän	0
kieltäytyä	kieltäytyneet	17
hämmästellä	hämmästellä	15
hämmästellä	hämmästellä	18
hämmästellä	hämmästellät	8
hämmästellä	hämmästellä	11
hämmästellä	hämmästellän	10
hämmästellä	hämmästellä	13
hämmästellä	hämmästellään	6
hämmästellä	hämmästellä	9
hämmästellä	hämmästellän	0
hämmästellä	hämmästellän	1
hämmästellä	hämmästellä	5
hämmästellä	hämmästellät	14
hämmästellä	hämmästelläkseen	3
hämmästellä	hämmästellä	4
hämmästellä	hämmästellän	16
hämmästellä	hämmästellän	2
hämmästellä	hämmästellät	17
hämmästellä	hämmästellään	7
hämmästellä	hämmästellä	20
hämmästellä	hämmästellät	12
hämmästellä	hämmästellät	19
kerskua	kersku	4
kerskua	kerskua	20
kerskua	kerskuen	16
kerskua	kerskuessaan	6
kerskua	kerskuakseen	3
kerskua	kerskuko	11
kerskua	kerskukoon	10
kerskua	kerskuvat	19
kerskua	kersku	13
kerskua	kerskuisi	15
kerskua	kerskunut	14
kerskua	kerskuisin	1
kerskua	kerskui	9
kerskua	kerskuu	2
kerskua	kerskukoot	8
kerskua	kerskumaan	7
kerskua	kerskuva	18
kerskua	kerskuman	0
kerskua	kerskukaa	5
kerskua	kerskuneet	17
kerskua	kerskuivat	12
lorista	loristakaa	5
lorista	lorista	13
lorista	loristaisin	1
lorista	loristaman	0
lorista	loristi	9
lorista	loristaessaan	6
lorista	loristamaan	7
lorista	loristanut	14
lorista	loristakoot	8
lorista	lorista	4
lorista	loristavat	19
lorista	loristaakseen	3
lorista	loristaen	16
lorista	loristan	2
lorista	lorista	20
lorista	loristivat	12
lorista	loristako	11
lorista	loristava	18
lorista	loristaneet	17
lorista	loristakoon	10
lorista	loristaisi	15
punoittaa	punoittakoon	10
punoittaa	punoitan	2
punoittaa	punoittako	11
punoittaa	punoittivat	12
punoittaa	punoit	0
punoittaa	punoitetaan	4
punoittaa	punoitti	9
punoittaa	punoittaakseen	3
punoittaa	punoita	13
punoittaa	punoittava	18
punoittaa	punoittanut	14
punoittaa	punoittaisin	1
punoittaa	punoittakoot	8
punoittaa	punoittavat	19
punoittaa	punoittaessaan	6
punoittaa	punoittaneet	17
punoittaa	punoittaa	20
punoittaa	punoittaisi	15
punoittaa	punoittaen	16
punoittaa	punoittamaan	7
punoittaa	punoittakaa	5
miinustaa	miinustako	11
miinustaa	miinustaisin	1
miinustaa	miinusta	4
miinustaa	miinustaakseen	3
miinustaa	miinustanut	14
miinustaa	miinustaa	20
miinustaa	miinustaisi	15
miinustaa	miinusta	13
miinustaa	miinustivat	12
miinustaa	miinustaessaan	6
miinustaa	miinustakoon	10
miinustaa	miinustaen	16
miinustaa	miinustakoot	8
miinustaa	miinustaman	0
miinustaa	miinustaneet	17
miinustaa	miinustakaa	5
miinustaa	miinustavat	19
miinustaa	miinustamaan	7
miinustaa	miinusti	9
miinustaa	miinustan	2
miinustaa	miinustava	18
saattaa	saattanut	14
saattaa	saattaen	16
saattaa	saattako	11
saattaa	saattaakseen	3
saattaa	saat	0
saattaa	saattavat	19
saattaa	saattaneet	17
saattaa	saattaisi	15
saattaa	saattamaan	7
saattaa	saattaisin	1
saattaa	saattava	18
saattaa	saattakoot	8
saattaa	saattivat	12
saattaa	saattakaa	5
saattaa	saattaa	20
saattaa	saatan	2
saattaa	saattakoon	10
saattaa	saatti	9
saattaa	saattaessaan	6
saattaa	saata	13
saattaa	saatetaan	4
jäykentää	jäykentämään	7
jäykentää	jäykentävät	19
jäykentää	jäykenti	9
jäykentää	jäykentää	20
jäykentää	jäykentäessään	6
jäykentää	jäykentäen	10
jäykentää	jäykentä	4
jäykentää	jäykentäkää	5
jäykentää	jäykentääkseen	3
jäykentää	jäykentäen	16
jäykentää	jäykentä	13
jäykentää	jäykentävä	18
jäykentää	jäykentän	2
jäykentää	jäykentäkoot	8
jäykentää	jäykentänyt	14
jäykentää	jäyken	0
jäykentää	jäykentäneet	17
jäykentää	jäykentivät	12
jäykentää	jäykentäko	11
jäykentää	jäykentäy	1
jäykentää	jäykentäisi	15
kunnioittaa	kunnioittamaan	7
kunnioittaa	kunnioittava	18
kunnioittaa	kunnioittanut	14
kunnioittaa	kunnioittaman	0
kunnioittaa	kunnioittaen	16
kunnioittaa	kunnioitan	2
kunnioittaa	kunnioittaakseen	3
kunnioittaa	kunnioittako	11
kunnioittaa	kunnioittakoon	10
kunnioittaa	kunnioittaa	20
kunnioittaa	kunnioitetaan	4
kunnioittaa	kunnioitti	9
kunnioittaa	kunnioittakoot	8
kunnioittaa	kunnioittavat	19
kunnioittaa	kunnioittaessaan	6
kunnioittaa	kunnioittivat	12
kunnioittaa	kunnioittakaa	5
kunnioittaa	kunnioittaneet	17
kunnioittaa	kunnioittaisi	15
kunnioittaa	kunnioita	13
kunnioittaa	kunnioittaisin	1
materialisoitua	materileistauttaa	20
materialisoitua	materileistui	9
materialisoitua	materileistautta	4
materialisoitua	materileistauttavat	19
materialisoitua	materileistuman	0
materialisoitua	materileistauttanut	14
materialisoitua	materileisi	13
materialisoitua	materileistauttaen	16
materialisoitua	materileiseen	3
materialisoitua	materileisi	15
materialisoitua	materileistauttaneet	17
materialisoitua	materileiskauttamaan	7
materialisoitua	materileistuivat	12
materialisoitua	materileiskauttakaa	5
materialisoitua	materileisin	2
materialisoitua	materileisin	1
materialisoitua	materileiskauttako	11
materialisoitua	materileistauttava	18
materialisoitua	materileiskauttakoot	8
materialisoitua	materileissaan	6
materialisoitua	materileiskauttakoon	10
kadottaa	kadottaisi	15
kadottaa	kadota	13
kadottaa	kadotan	2
kadottaa	kadottako	11
kadottaa	kadottivat	12
kadottaa	kadottaakseen	3
kadottaa	kadottamaan	7
kadottaa	kadottaa	20
kadottaa	kadottaneet	17
kadottaa	kadottava	18
kadottaa	kadottanut	14
kadottaa	kadottavat	19
kadottaa	kadottaisin	1
kadottaa	kadottakoon	10
kadottaa	kadotetaan	4
kadottaa	kadottakaa	5
kadottaa	kadottaessaan	6
kadottaa	kadottakoot	8
kadottaa	kadottaen	16
kadottaa	kadot	0
kadottaa	kadotti	9
kvantifioida	kaantioitien	16
kvantifioida	kaantioitivat	12
kvantifioida	kaantioitia	20
kvantifioida	kaantioidiman	0
kvantifioida	kaantioitisi	15
kvantifioida	kaantioiti	9
kvantifioida	kaantioitinut	14
kvantifioida	kaantioitiakseen	3
kvantifioida	kaantioitikoot	8
kvantifioida	kaantioitineet	17
kvantifioida	kaantioitisin	1
kvantifioida	kaantioitikoon	10
kvantifioida	kaantioiti	4
kvantifioida	kaantioitikaa	5
kvantifioida	kaantioitivat	19
kvantifioida	kaantioitin	2
kvantifioida	kaantioitiko	11
kvantifioida	kaantioitiva	18
kvantifioida	kaantioitimaan	7
kvantifioida	kaanti	13
kvantifioida	kaantioitiessaan	6
merkitä	merkitkoot	8
merkitä	merkitnyt	14
merkitä	merkity	1
merkitä	merkitneet	17
merkitä	merkitisi	15
merkitä	merkitä	13
merkitä	merkitmän	0
merkitä	merkit	4
merkitä	merkitvä	18
merkitä	merkitivät	12
merkitä	merkitkää	5
merkitä	merkiten	16
merkitä	merkitessään	6
merkitä	merkitäkseen	3
merkitä	merkiti	9
merkitä	merkitän	2
merkitä	merkitmään	7
merkitä	merkitä	20
merkitä	merkitvät	19
merkitä	merkiten	10
merkitä	merkitko	11
saksata	saksatisi	15
saksata	saksa	13
saksata	saksatakseen	3
saksata	saksan	2
saksata	saksatmaan	7
saksata	saksati	9
saksata	saksativat	12
saksata	saksatkoon	10
saksata	saksatkoot	8
saksata	saksat	0
saksata	saksatnut	14
saksata	saksatisin	1
saksata	saksatko	11
saksata	saksatva	18
saksata	saksat	4
saksata	saksaten	16
saksata	saksata	20
saksata	saksatessaan	6
saksata	saksatkaa	5
saksata	saksatneet	17
saksata	saksatvat	19
munia	muniessaan	6
munia	munien	16
munia	muni	4
munia	munia	20
munia	muniman	0
munia	munikaa	5
munia	munivat	19
munia	munin	2
munia	munineet	17
munia	munii	9
munia	munikoon	10
munia	munimaan	7
munia	muniisi	15
munia	muni	13
munia	muniisin	1
munia	muniakseen	3
munia	munikoot	8
munia	muniko	11
munia	muniivat	12
munia	muniva	18
munia	muninut	14
passivoida	passivoidan	0
passivoida	passivoisi	15
passivoida	passivoidat	8
passivoida	passivoida	5
passivoida	passivoidin	2
passivoida	passioita	13
passivoida	passivoidaan	7
passivoida	passivoidet	17
passivoida	passivoivat	12
passivoida	passivoidakseen	3
passivoida	passivoid	4
passivoida	passivoidkoon	10
passivoida	passivoida	20
passivoida	passivoidessaan	6
passivoida	passivoidat	19
passivoida	passivoiden	16
passivoida	passivoi	9
passivoida	passivoidut	14
passivoida	passivoida	18
passivoida	passivoida	11
passivoida	passivoisin	1
hyökätä	hyökätessään	6
hyökätä	hyökätmään	7
hyökätä	hyökätkää	5
hyökätä	hyökätkoot	8
hyökätä	hyökätän	2
hyökätä	hyökätäkseen	3
hyökätä	hyökätvät	19
hyökätä	hyökät	4
hyökätä	hyökäten	16
hyökätä	hyökätmän	0
hyökätä	hyökätneet	17
hyökätä	hyökäten	10
hyökätä	hyökätä	20
hyökätä	hyökätnyt	14
hyökätä	hyökäty	1
hyökätä	hyökätko	11
hyökätä	hyökät	13
hyökätä	hyökätisi	15
hyökätä	hyökätvä	18
hyökätä	hyökätivät	12
hyökätä	hyökäti	9
rohtua	rohtuisin	1
rohtua	rohtuakseen	3
rohtua	rohtuu	2
rohtua	rohtumaan	7
rohtua	rohtuva	18
rohtua	rohtukoot	8
rohtua	rohtunut	14
rohtua	rohtuivat	12
rohtua	rohtuessaan	6
rohtua	rohtuman	0
rohtua	rohtu	4
rohtua	rohtua	20
rohtua	rohtui	9
rohtua	rohtuen	16
rohtua	rohtukaa	5
rohtua	rohtuisi	15
rohtua	rohtuko	11
rohtua	rohtuvat	19
rohtua	rohtukoon	10
rohtua	rohtuneet	17
rohtua	rohtu	13
kiinnittää	kiinnittää	20
kiinnittää	kiinnittäneet	17
kiinnittää	kiinnitetään	4
kiinnittää	kiinnittäessaän	6
kiinnittää	kiinnittämän	0
kiinnittää	kiinnittäisi	15
kiinnittää	kiinnittämään	7
kiinnittää	kiinnittääkseen	3
kiinnittää	kiinnitän	2
kiinnittää	kiinnittävä	18
kiinnittää	kiinnittäko	11
kiinnittää	kiinnittäkoot	8
kiinnittää	kiinnittäkää	5
kiinnittää	kiinnitä	13
kiinnittää	kiinnitti	9
kiinnittää	kiinnittänyt	14
kiinnittää	kiinnittivät	12
kiinnittää	kiinnittäy	1
kiinnittää	kiinnittäen	10
kiinnittää	kiinnittäen	16
kiinnittää	kiinnittävät	19
juolahtaa mieleen	juolahti	9
juolahtaa mieleen	juolahtaneet	17
juolahtaa mieleen	juolahtaa	20
juolahtaa mieleen	juolahtakoot	8
juolahtaa mieleen	juolahtakoon	10
juolahtaa mieleen	juolahtako	11
juolahtaa mieleen	juolahtamaan	7
juolahtaa mieleen	juolahtaen	16
juolahtaa mieleen	juolahtaessaan	6
juolahtaa mieleen	juolahtakaa	5
juolahtaa mieleen	juolahan	2
juolahtaa mieleen	juolahtivat	12
juolahtaa mieleen	juolahta	4
juolahtaa mieleen	juolahtanut	14
juolahtaa mieleen	juolahtaisi	15
juolahtaa mieleen	juolahtaisin	1
juolahtaa mieleen	juolaha	13
juolahtaa mieleen	juolahtaman	0
juolahtaa mieleen	juolahtavat	19
juolahtaa mieleen	juolahtava	18
juolahtaa mieleen	juolahtaakseen	3
purjehtia	purjehtiman	0
purjehtia	purjehtineet	17
purjehtia	purjehtivat	19
purjehtia	purjehtiisin	1
purjehtia	purjehtiko	11
purjehtia	purjehtisi	15
purjehtia	purjehtinut	14
purjehtia	purjehtii	9
purjehtia	purjehtikoon	10
purjehtia	purjehti	13
purjehtia	purjehtiakseen	3
purjehtia	purjehtimaan	7
purjehtia	purjehtikaa	5
purjehtia	purjehtivat	12
purjehtia	purjehti	4
purjehtia	purjehtin	2
purjehtia	purjehtien	16
purjehtia	purjehtiessaan	6
purjehtia	purjehtikoot	8
purjehtia	purjehtia	20
purjehtia	purjehtiva	18
amputoida	amputtiakseen	3
amputoida	amputin	2
amputoida	amputtikoot	8
amputoida	amputtii	9
amputoida	amputtinut	14
amputoida	amputtiman	0
amputoida	amputtivat	19
amputoida	amputtineet	17
amputoida	amputtiko	11
amputoida	amputtimaan	7
amputoida	amputtiisi	15
amputoida	amputtivat	12
amputoida	amputtiessaan	6
amputoida	amputtiisin	1
amputoida	amputtikaa	5
amputoida	amputtikoon	10
amputoida	amputtia	20
amputoida	amputtien	16
amputoida	amputtiva	18
amputoida	amputi	13
amputoida	amputti	4
sairastaa	sairastaneet	17
sairastaa	sairastivat	12
sairastaa	sairastaa	20
sairastaa	sairasta	4
sairastaa	sairasti	9
sairastaa	sairastamaan	7
sairastaa	sairastakaa	5
sairastaa	sairasan	2
sairastaa	sairastakoot	8
sairastaa	sairas	0
sairastaa	sairastavat	19
sairastaa	sairastanut	14
sairastaa	sairastava	18
sairastaa	sairastaisi	15
sairastaa	sairastaisin	1
sairastaa	sairastako	11
sairastaa	sairastaessaan	6
sairastaa	sairasa	13
sairastaa	sairastakoon	10
sairastaa	sairastaen	16
sairastaa	sairastaakseen	3
lauleskella	laulestellan	2
lauleskella	laulestellat	14
lauleskella	laulestellan	1
lauleskella	lauleskellan	10
lauleskella	laulestelli	9
lauleskella	laulestellat	19
lauleskella	lauleskella	15
lauleskella	lauleskeuleet	17
lauleskella	lauleskeullak	3
lauleskella	laulestellat	12
lauleskella	lauleskella	13
lauleskella	lauleskella	18
lauleskella	laulestellaan	4
lauleskella	laulestellaan	7
lauleskella	laulestelloot	8
lauleskella	lauleskella	11
lauleskella	laulestellaan	16
lauleskella	laulestella	5
lauleskella	laulestella	20
lauleskella	laulestellaan	6
lauleskella	lauleskellan	0
menehtyä	menehtyen	16
menehtyä	menehtyä	20
menehtyä	menehtyy	1
menehtyä	menehtyvä	18
menehtyä	menehtyneet	17
menehtyä	menehtyivät	12
menehtyä	menehtymän	0
menehtyä	menehty	4
menehtyä	menehtykää	5
menehtyä	menehtykoot	8
menehtyä	menehtyisi	15
menehtyä	menehtyy	2
menehtyä	menehtyessään	6
menehtyä	menehtyvät	19
menehtyä	menehtyko	11
menehtyä	menehtyi	9
menehtyä	menehtymään	7
menehtyä	menehtyen	10
menehtyä	menehtynyt	14
menehtyä	menehty	13
menehtyä	menehtyäkseen	3
lanata	lanatmaan	7
lanata	lanaten	16
lanata	lanatessaan	6
lanata	lanatkoot	8
lanata	lanati	9
lanata	lanatman	0
lanata	lanativat	12
lanata	lanatkoon	10
lanata	lana	13
lanata	lanatva	18
lanata	lanatnut	14
lanata	lanatisin	1
lanata	lanatan	2
lanata	lanatakseen	3
lanata	lanatvat	19
lanata	lanatisi	15
lanata	lanatkaa	5
lanata	lanata	20
lanata	lanatko	11
lanata	lanatneet	17
lanata	lanat	4
piiloutua	piiloutukoot	8
piiloutua	piiloutua	20
piiloutua	piiloutuisi	15
piiloutua	piiloutu	4
piiloutua	piiloutunut	14
piiloutua	piiloutuessaan	6
piiloutua	piiloutukaa	5
piiloutua	piiloutui	9
piiloutua	piiloutuman	0
piiloutua	piiloutuen	16
piiloutua	piiloutu	13
piiloutua	piiloutuu	2
piiloutua	piiloutukoon	10
piiloutua	piiloutuisin	1
piiloutua	piiloutuivat	12
piiloutua	piiloutuko	11
piiloutua	piiloutumaan	7
piiloutua	piiloutuva	18
piiloutua	piiloutuakseen	3
piiloutua	piiloutuneet	17
piiloutua	piiloutuvat	19
karhentua	karhentumaan	7
karhentua	karhentuisi	15
karhentua	karhentukoot	8
karhentua	karhentuu	2
karhentua	karhentuman	0
karhentua	karhentuko	11
karhentua	karhentuneet	17
karhentua	karhentuessaan	6
karhentua	karhentu	4
karhentua	karhentuisin	1
karhentua	karhentuivat	12
karhentua	karhentuen	16
karhentua	karhentunut	14
karhentua	karhentukoon	10
karhentua	karhentui	9
karhentua	karhentuvat	19
karhentua	karhentu	13
karhentua	karhentuva	18
karhentua	karhentua	20
karhentua	karhentuakseen	3
karhentua	karhentukaa	5
periä	periko	11
periä	perin	2
periä	perivät	19
periä	periäkseen	3
periä	perikoot	8
periä	perimän	0
periä	perien	10
periä	peri	13
periä	perimään	7
periä	periessään	6
periä	perii	9
periä	periisi	15
periä	peri	4
periä	perien	16
periä	perivä	18
periä	periä	20
periä	periy	1
periä	periivät	12
periä	perineet	17
periä	perinyt	14
periä	perikää	5
printata	printatman	0
printata	printatvat	19
printata	printatisin	1
printata	printatva	18
printata	prinan	2
printata	printatkaa	5
printata	printitivat	12
printata	printatnut	14
printata	printatkoon	10
printata	printatkoot	8
printata	printatessaan	6
printata	printatisi	15
printata	printiti	9
printata	printatneet	17
printata	printata	20
printata	printatmaan	7
printata	printat	4
printata	printaten	16
printata	printatko	11
printata	printatakseen	3
printata	prinata	13
harjoittaa	harjoitetaan	4
harjoittaa	harjoita	13
harjoittaa	harjoittaneet	17
harjoittaa	harjoittaa	20
harjoittaa	harjoittivat	12
harjoittaa	harjoittanut	14
harjoittaa	harjoittaisin	1
harjoittaa	harjoittamaan	7
harjoittaa	harjoittavat	19
harjoittaa	harjoittaisi	15
harjoittaa	harjoittakoot	8
harjoittaa	harjoittaakseen	3
harjoittaa	harjoittakoon	10
harjoittaa	harjoittaessaan	6
harjoittaa	harjoittakaa	5
harjoittaa	harjoitti	9
harjoittaa	harjoittaen	16
harjoittaa	harjoit	0
harjoittaa	harjoittava	18
harjoittaa	harjoittako	11
harjoittaa	harjoitan	2
piilottaa	piilottakoon	10
piilottaa	piilottava	18
piilottaa	piilotan	2
piilottaa	piilottaakseen	3
piilottaa	piilottakaa	5
piilottaa	piilottaessaan	6
piilottaa	piilottamaan	7
piilottaa	piilottavat	19
piilottaa	piilottivat	12
piilottaa	piilottaneet	17
piilottaa	piilottaen	16
piilottaa	piilotti	9
piilottaa	piilottakoot	8
piilottaa	piilottanut	14
piilottaa	piilot	0
piilottaa	piilotetaan	4
piilottaa	piilottaisi	15
piilottaa	piilottaa	20
piilottaa	piilottaisin	1
piilottaa	piilottako	11
piilottaa	piilota	13
hiiskua	hiiskuu	2
hiiskua	hiiskuvat	19
hiiskua	hiiskuneet	17
hiiskua	hiiskuisi	15
hiiskua	hiiskua	20
hiiskua	hiiskunut	14
hiiskua	hiiskukoot	8
hiiskua	hiisku	13
hiiskua	hiiskumaan	7
hiiskua	hiiskuivat	12
hiiskua	hiiskukaa	5
hiiskua	hiiskuko	11
hiiskua	hiiskuessaan	6
hiiskua	hiiskukoon	10
hiiskua	hiiskuakseen	3
hiiskua	hiiskuman	0
hiiskua	hiiskuisin	1
hiiskua	hiisku	4
hiiskua	hiiskuen	16
hiiskua	hiiskuva	18
hiiskua	hiiskui	9
laillistuttaa	laillistuttakaaaaaa	5
laillistuttaa	laillistuttaisin	1
laillistuttaa	laillistutti	9
laillistuttaa	laillistuttaakseeen	3
laillistuttaa	laillistuttamaan	7
laillistuttaa	laillistuttivat	12
laillistuttaa	laillistuttaisi	15
laillistuttaa	laillistuttaen	16
laillistuttaa	laillistut	0
laillistuttaa	laillistuttava	18
laillistuttaa	laillistutetaan	4
laillistuttaa	laillistuttako	11
laillistuttaa	laillistuta	13
laillistuttaa	laillistuttaneet	17
laillistuttaa	laillistuttaessaaan	6
laillistuttaa	laillistutan	2
laillistuttaa	laillistuttakoot	8
laillistuttaa	laillistuttavat	19
laillistuttaa	laillistuttakoon	10
laillistuttaa	laillistuttaa	20
laillistuttaa	laillistuttanut	14
saastua	saastuman	0
saastua	saastuessaan	6
saastua	saastu	4
saastua	saastuvat	19
saastua	saastunut	14
saastua	saastuneet	17
saastua	saasu	13
saastua	saastukaa	5
saastua	saastukoot	8
saastua	saastuivat	12
saastua	saastukoon	10
saastua	saastua	20
saastua	saastui	9
saastua	saastuakseen	3
saastua	saastumaan	7
saastua	saastuu	2
saastua	saastuen	16
saastua	saastuisin	1
saastua	saastuisi	15
saastua	saastuko	11
saastua	saastuva	18
kaapeloida	kaapellimaan	7
kaapeloida	kaapeloivat	12
kaapeloida	kaapeloidat	19
kaapeloida	kaapeloida	18
kaapeloida	kaapeloin	2
kaapeloida	kaapellii	9
kaapeloida	kaapellinut	14
kaapeloida	kaapeloikaa	5
kaapeloida	kaapelliman	0
kaapeloida	kaapeloiden	16
kaapeloida	kaapeloida	20
kaapeloida	kaapeloikseen	3
kaapeloida	kaapeloi	13
kaapeloida	kaapeloisin	1
kaapeloida	kaapeloidkoon	10
kaapeloida	kaapeloisi	15
kaapeloida	kaapellineet	17
kaapeloida	kaapeloidessaan	6
kaapeloida	kaapelli	4
kaapeloida	kaapeloiko	11
kaapeloida	kaapeloikoot	8
saarnata	saarniti	9
saarnata	saarnatan	2
saarnata	saarnatmaan	7
saarnata	saarnatkaa	5
saarnata	saarnat	4
saarnata	saarnata	13
saarnata	saarnatkoot	8
saarnata	saarnat	0
saarnata	saarnitivat	12
saarnata	saarnatko	11
saarnata	saarnatkoon	10
saarnata	saarnaten	16
saarnata	saarnatakseen	3
saarnata	saarnatvat	19
saarnata	saarnatisi	15
saarnata	saarnatva	18
saarnata	saarnatneet	17
saarnata	saarnata	20
saarnata	saarnatisin	1
saarnata	saarnatnut	14
saarnata	saarnatessaan	6
aktiivistua	aktivistuessaan	6
aktiivistua	aktivistuneet	17
aktiivistua	aktivistunut	14
aktiivistua	aktivistiu	2
aktiivistua	aktivistuva	18
aktiivistua	aktivistukoon	10
aktiivistua	aktivistiuakseen	3
aktiivistua	aktivistiman	0
aktiivistua	aktivistiuisin	1
aktiivistua	aktivistiuisi	15
aktiivistua	aktivistua	20
aktiivistua	aktivistuko	11
aktiivistua	aktivistuvat	19
aktiivistua	aktivistumaan	7
aktiivistua	aktivistu	13
aktiivistua	aktivistui	9
aktiivistua	aktivistu	4
aktiivistua	aktivistien	16
aktiivistua	aktivistukaa	5
aktiivistua	aktivistukoot	8
aktiivistua	aktivistuivat	12
juoda	juodko	11
juoda	juodkoot	8
juoda	juodi	9
juoda	juodkoon	10
juoda	juodakseen	3
juoda	juodisi	15
juoda	juodkaa	5
juoda	juodneet	17
juoda	juodan	0
juoda	juoden	16
juoda	juodisin	1
juoda	juoda	20
juoda	juod	4
juoda	juodvat	19
juoda	juodu	2
juoda	juodnut	14
juoda	juodva	18
juoda	juod	13
juoda	juodivat	12
juoda	juodmaan	7
juoda	juodessaan	6
huoahtaa	huoahta	4
huoahtaa	huoahtanut	14
huoahtaa	huoahtaakseen	3
huoahtaa	huoahtaisin	1
huoahtaa	huoahti	9
huoahtaa	huoahtaisi	15
huoahtaa	huoahtamaan	7
huoahtaa	huoahtako	11
huoahtaa	huoahtaessaan	6
huoahtaa	huoahan	2
huoahtaa	huoaha	13
huoahtaa	huoahtaa	20
huoahtaa	huoahtaen	16
huoahtaa	huoahtivat	12
huoahtaa	huoah	0
huoahtaa	huoahtava	18
huoahtaa	huoahtakaa	5
huoahtaa	huoahtaneet	17
huoahtaa	huoahtavat	19
huoahtaa	huoahtakoot	8
huoahtaa	huoahtakoon	10
kulkea	kulkeisin	1
kulkea	kulkekaa	5
kulkea	kulke	4
kulkea	kulkeman	0
kulkea	kulkekoot	8
kulkea	kulkeakseen	3
kulkea	kulkeen	16
kulkea	kulkeessaan	6
kulkea	kulkeu	2
kulkea	kulkea	20
kulkea	kulkeko	11
kulkea	kulkekoon	10
kulkea	kulkevat	19
kulkea	kulke	13
kulkea	kulkeisi	15
kulkea	kulkeva	18
kulkea	kulkeneet	17
kulkea	kulkei	9
kulkea	kulkemaan	7
kulkea	kulkenut	14
kulkea	kulkeivat	12
politisoida	polittoidivat	12
politisoida	polittisin	1
politisoida	politisoidan	4
politisoida	politisoida	5
politisoida	politisoidet	17
politisoida	politisoidaan	7
politisoida	politisoidakseen	3
politisoida	politisoidko	11
politisoida	politisoidkoon	10
politisoida	polittisi	15
politisoida	politisoiden	16
politisoida	politisoidat	8
politisoida	politisoida	13
politisoida	politisoidat	19
politisoida	politisoidut	14
politisoida	politisoida	18
politisoida	politisoida	20
politisoida	politisoidan	0
politisoida	politisoidat	2
politisoida	politisoidessan	6
politisoida	polittoidi	9
sitoa	sitou	2
sitoa	sitoisin	1
sitoa	sitonut	14
sitoa	sitoneet	17
sitoa	sitovat	19
sitoa	sitoisi	15
sitoa	sito	4
sitoa	sitoko	11
sitoa	sitomaan	7
sitoa	sitoivat	12
sitoa	sito	13
sitoa	sitokoon	10
sitoa	sitoen	16
sitoa	sitoman	0
sitoa	sitova	18
sitoa	sitokaa	5
sitoa	sitoi	9
sitoa	sitokoot	8
sitoa	sitoakseen	3
sitoa	sitoessaan	6
sitoa	sitoa	20
paperoida	paperoineet	17
paperoida	paperoii	9
paperoida	paperoisin	1
paperoida	paperoidessaan	6
paperoida	paperoida	20
paperoida	paperoit	4
paperoida	paperoin	2
paperoida	paperoidko	11
paperoida	paperoidkoon	10
paperoida	paperoida	18
paperoida	paperoi	13
paperoida	paperoidmaan	7
paperoida	paperoiden	16
paperoida	paperridat	14
paperoida	paperoikoot	8
paperoida	paperoidakseen	3
paperoida	paperoisi	15
paperoida	paperoiman	0
paperoida	paperoivat	19
paperoida	paperoivat	12
paperoida	paperoidkaa	5
pysyä	pysy	13
pysyä	pysyäkseen	3
pysyä	pysykoot	8
pysyä	pysyivät	12
pysyä	pysyen	16
pysyä	pysyy	2
pysyä	pysy	4
pysyä	pysyessään	6
pysyä	pysyvä	18
pysyä	pysyy	1
pysyä	pysynyt	14
pysyä	pysymään	7
pysyä	pysymän	0
pysyä	pysyi	9
pysyä	pysykää	5
pysyä	pysyneet	17
pysyä	pysyisi	15
pysyä	pysyen	10
pysyä	pysyko	11
pysyä	pysyvät	19
pysyä	pysyä	20
prässäyttää	päässäyttäy	1
prässäyttää	päässäyttäessaän	6
prässäyttää	päässäytä	13
prässäyttää	päässäytän	2
prässäyttää	päässäyttäkoot	8
prässäyttää	päässäyttäen	16
prässäyttää	päässäyttääkseen	3
prässäyttää	päässäyttäkää	5
prässäyttää	pärssäyttäen	10
prässäyttää	pärssäyttäneet	17
prässäyttää	päässäyttäisi	15
prässäyttää	pärssäyttä	4
prässäyttää	päässäyt	0
prässäyttää	päässäyttämään	7
prässäyttää	päässäyttävä	18
prässäyttää	päässäyttivät	12
prässäyttää	päässäyttänyt	14
prässäyttää	päässäyttää	20
prässäyttää	pärssäytti	9
prässäyttää	päässäyttäko	11
prässäyttää	pärssäyttävät	19
katsahtaa	katsahtakaa	5
katsahtaa	katsahtavat	19
katsahtaa	katsahta	4
katsahtaa	katsahti	9
katsahtaa	katsaha	13
katsahtaa	katsahtakoot	8
katsahtaa	katsahtaessaan	6
katsahtaa	katsahtivat	12
katsahtaa	katsahtaa	20
katsahtaa	katsahtaisi	15
katsahtaa	katsahtakoon	10
katsahtaa	katsahtako	11
katsahtaa	katsahtaakseen	3
katsahtaa	katsahan	2
katsahtaa	katsahtaisin	1
katsahtaa	katsahtamaan	7
katsahtaa	katsahtanut	14
katsahtaa	katsahtaen	16
katsahtaa	katsah	0
katsahtaa	katsahtaneet	17
katsahtaa	katsahtava	18
jykertää	jykertää	20
jykertää	jykertävät	19
jykertää	jykertäkoot	8
jykertää	jykertän	2
jykertää	jykertä	4
jykertää	jykertäko	11
jykertää	jykertävä	18
jykertää	jykertäen	16
jykertää	jykertäy	1
jykertää	jykertäessään	6
jykertää	jykertäisi	15
jykertää	jykertääkseen	3
jykertää	jykerä	13
jykertää	jykerti	9
jykertää	jykertäen	10
jykertää	jykertänyt	14
jykertää	jykertämään	7
jykertää	jykertivät	12
jykertää	jykertäneet	17
jykertää	jykertämän	0
jykertää	jykertäkää	5
inhottaa	inhottaneet	17
inhottaa	inhottivat	12
inhottaa	inhottaisi	15
inhottaa	inhottaa	20
inhottaa	inhottako	11
inhottaa	inhotetaan	4
inhottaa	inhottava	18
inhottaa	inhottaakseen	3
inhottaa	inhottavat	19
inhottaa	inhottaessaan	6
inhottaa	inhottakoon	10
inhottaa	inhotan	2
inhottaa	inhottamaan	7
inhottaa	inhottaisin	1
inhottaa	inhot	0
inhottaa	inhottaen	16
inhottaa	inhottakaa	5
inhottaa	inhotti	9
inhottaa	inhottakoot	8
inhottaa	inhota	13
inhottaa	inhottanut	14
nakutella	nakutellaan	6
nakutella	nakutellaan	7
nakutella	nakutellan	0
nakutella	nakutellat	14
nakutella	nakutellaa	5
nakutella	nakutella	20
nakutella	nakutellaan	4
nakutella	nakutellat	8
nakutella	nakutellat	19
nakutella	nakutella	15
nakutella	nakutella	18
nakutella	nakutella	11
nakutella	nakutellan	16
nakutella	nakutelli	9
nakutella	nakutellivat	12
nakutella	nakutella	13
nakutella	nakutellaisin	1
nakutella	nakutellat	17
nakutella	nakutellon	10
nakutella	nakutelln	2
nakutella	nakutellakseen	3
hapattaa	hapattaisin	1
hapattaa	hapatetaan	4
hapattaa	hapattakoot	8
hapattaa	hapattaneet	17
hapattaa	hapattakoon	10
hapattaa	hapattaessaan	6
hapattaa	hapattava	18
hapattaa	hapattaakseen	3
hapattaa	hapatan	2
hapattaa	hapattako	11
hapattaa	hapattavat	19
hapattaa	hapattamaan	7
hapattaa	hapattaisi	15
hapattaa	hapattaen	16
hapattaa	hapattanut	14
hapattaa	hapattakaa	5
hapattaa	hapatti	9
hapattaa	hapattivat	12
hapattaa	hapattaa	20
hapattaa	hapata	13
hapattaa	hapat	0
saksia	saksineet	17
saksia	saksiko	11
saksia	saksin	2
saksia	saksikaa	5
saksia	saksikoon	10
saksia	saksivat	19
saksia	saksii	9
saksia	saksinut	14
saksia	saksiva	18
saksia	saksia	20
saksia	saksiman	0
saksia	saksi	13
saksia	saksiessaan	6
saksia	saksikoot	8
saksia	saksivat	12
saksia	saksiisi	15
saksia	saksiisin	1
saksia	saksiakseen	3
saksia	saksi	4
saksia	saksimaan	7
saksia	saksien	16
puhkaista	puhkaisan	2
puhkaista	puhkaistakoot	8
puhkaista	puhkaistakseen	3
puhkaista	puhkaistakaa	5
puhkaista	puhkaistavat	19
puhkaista	puhkaistaisin	1
puhkaista	puhkaista	4
puhkaista	puhkaistakoon	10
puhkaista	puhkaistaneet	17
puhkaista	puhkaistaessaan	6
puhkaista	puhkaistaen	16
puhkaista	puhkaisa	13
puhkaista	puhkaista	20
puhkaista	puhkais	0
puhkaista	puhkaisti	9
puhkaista	puhkaistaisi	15
puhkaista	puhkaistako	11
puhkaista	puhkaistava	18
puhkaista	puhkaistivat	12
puhkaista	puhkaistanut	14
puhkaista	puhkaistamaan	7
harottaa	harotti	9
harottaa	harottaa	20
harottaa	harottakoon	10
harottaa	harota	13
harottaa	harottavat	19
harottaa	harottava	18
harottaa	harottamaan	7
harottaa	harottaisin	1
harottaa	harottakaa	5
harottaa	harottakoot	8
harottaa	harottaessaan	6
harottaa	harottaneet	17
harottaa	harottivat	12
harottaa	harottaen	16
harottaa	harottanut	14
harottaa	harottaakseen	3
harottaa	harottaisi	15
harottaa	harot	0
harottaa	harotan	2
harottaa	harotetaan	4
harottaa	harottako	11
lausua	lausua	20
lausua	lausuen	16
lausua	lausuisi	15
lausua	lausui	9
lausua	lausukoot	8
lausua	lausu	4
lausua	lausuisin	1
lausua	lausuman	0
lausua	lausuneet	17
lausua	lausukoon	10
lausua	lausuvat	19
lausua	lausukaa	5
lausua	lausumaan	7
lausua	lausu	13
lausua	lausuva	18
lausua	lausuakseen	3
lausua	lausuessaan	6
lausua	lausuivat	12
lausua	lausuu	2
lausua	lausuko	11
lausua	lausunut	14
huumaantua	huumaantuakseen	3
huumaantua	huumaantu	13
huumaantua	huumaantuisin	1
huumaantua	huumaantuu	2
huumaantua	huumaantua	20
huumaantua	huumaantukaa	5
huumaantua	huumaantumaan	7
huumaantua	huumaantukoon	10
huumaantua	huumaantuneet	17
huumaantua	huumaantuman	0
huumaantua	huumaantuivat	12
huumaantua	huumaantunut	14
huumaantua	huumaantuva	18
huumaantua	huumaantuko	11
huumaantua	huumaantuisi	15
huumaantua	huumaantuessaan	6
huumaantua	huumaantui	9
huumaantua	huumaantukoot	8
huumaantua	huumaantuvat	19
huumaantua	huumaantu	4
huumaantua	huumaantuen	16
säästää	säästäko	11
säästää	sääs	0
säästää	säästää	20
säästää	säästäen	16
säästää	säästäneet	17
säästää	säästämään	7
säästää	säästäkoot	8
säästää	säästivät	12
säästää	säästäessään	6
säästää	säästäen	10
säästää	säästän	2
säästää	sääsä	13
säästää	säästävät	19
säästää	säästäy	1
säästää	säästänyt	14
säästää	säästäisi	15
säästää	säästäkää	5
säästää	säästä	4
säästää	säästävä	18
säästää	säästääkseen	3
säästää	säästi	9
fudata	audatan	2
fudata	audatisin	1
fudata	audatakseen	3
fudata	audatisi	15
fudata	audatko	11
fudata	audaten	16
fudata	tudatneet	17
fudata	audatnut	14
fudata	audata	20
fudata	audatvat	19
fudata	audatkoot	8
fudata	audatkoon	10
fudata	audatva	18
fudata	audat	13
fudata	audatkaa	5
fudata	audatmaan	7
fudata	audati	9
fudata	audativat	12
fudata	audat	4
fudata	audat	0
fudata	audatessaan	6
