nähren	nährt	7
nähren	nährte	5
nähren	genährt	2
nähren	nähren	8
nähren	vernähren	3
nähren	nährest	0
nähren	nähre	6
nähren	nähret	1
nähren	nährten	4
replizieren	gerepliert	2
replizieren	repliziert	7
replizieren	replizierten	4
replizieren	replizieret	1
replizieren	replizierest	0
replizieren	repliziere	6
replizieren	verrepzieren	3
replizieren	replizieren	8
replizieren	replizierte	5
brüten	brütete	5
brüten	brüte	6
brüten	brüt	2
brüten	verbrüten	3
brüten	brüten	8
brüten	brüteten	4
brüten	brütet	1
brüten	brütest	0
brüten	brütt	7
kampieren	kampierte	5
kampieren	kampiere	6
kampieren	kampiert	7
kampieren	kampier	2
kampieren	kampierest	0
kampieren	kampieret	1
kampieren	kampierten	4
kampieren	kampieren	8
kampieren	verkampieren	3
wegwerfen	wegwerfte	5
wegwerfen	wegwerfe	6
wegwerfen	wegwerften	4
wegwerfen	wegwerft	7
wegwerfen	wegwerfen	8
wegwerfen	wegwerfet	1
wegwerfen	verwegwerfen	3
wegwerfen	wegwerf	2
wegwerfen	wegwerfest	0
betanken	verbetken	3
betanken	betankten	4
betanken	betanket	1
betanken	betankest	0
betanken	betankte	5
betanken	betanke	6
betanken	betankt	7
betanken	betanken	8
betanken	gebetankt	2
versenken	senken	3
versenken	versenket	1
versenken	versenkest	0
versenken	versenkte	5
versenken	versenken	8
versenken	versenke	6
versenken	versenkten	4
versenken	versenk	2
versenken	versenkt	7
aufregen	aufregten	4
aufregen	aufrege	6
aufregen	aufreg	2
aufregen	aufreget	1
aufregen	aufregt	7
aufregen	veraufregen	3
aufregen	aufregen	8
aufregen	aufregest	0
aufregen	aufregte	5
streichen	streichet	1
streichen	streichten	4
streichen	streich	2
streichen	verstreichen	3
streichen	streichte	5
streichen	streichen	8
streichen	streicht	7
streichen	streiche	6
streichen	streichest	0
überschwemmen	verüberschwemen	3
überschwemmen	überschwemmen	8
überschwemmen	überschwemmt	7
überschwemmen	überschwemmte	5
überschwemmen	überschwemmet	1
überschwemmen	überschwemmten	4
überschwemmen	überschwemmest	0
überschwemmen	überschwemme	6
überschwemmen	überschwemm	2
bedenken	gebedenkt	2
bedenken	bedenkte	5
bedenken	verbedenken	3
bedenken	bedenkt	7
bedenken	bedenken	8
bedenken	bedenke	6
bedenken	bedenkest	0
bedenken	bedenket	1
bedenken	bedenkten	4
erstürmen	erstürmen	8
erstürmen	erstürmte	5
erstürmen	stürme	2
erstürmen	stürmte	0
erstürmen	erstürmt	7
erstürmen	stürmt	1
erstürmen	stürmen	3
erstürmen	erstürmten	4
erstürmen	erstürme	6
wehen	wehten	4
wehen	wehet	1
wehen	wehte	5
wehen	wehen	8
wehen	weht	7
wehen	wehe	6
wehen	verwehen	3
wehen	weh	2
wehen	wehest	0
kanalisieren	kanalisiert	1
kanalisieren	kanalisiert	7
kanalisieren	kanalisieren	8
kanalisieren	kanalisiere	6
kanalisieren	kanalisierte	5
kanalisieren	kanalisierten	4
kanalisieren	kanalisierest	0
kanalisieren	verkansieren	3
kanalisieren	kanalisier	2
erwachen	erwachte	5
erwachen	wacht	1
erwachen	erwache	6
erwachen	erwacht	7
erwachen	wachen	3
erwachen	erwachten	4
erwachen	wachte	0
erwachen	wache	2
erwachen	erwachen	8
fauchen	verfauchen	3
fauchen	fauchte	5
fauchen	fauchest	0
fauchen	faucht	7
fauchen	fauchten	4
fauchen	fauchen	8
fauchen	fauchet	1
fauchen	fauche	6
fauchen	gefaucht	2
versinken	versinkest	0
versinken	versinket	1
versinken	versink	2
versinken	versinkten	4
versinken	versinke	6
versinken	sinken	3
versinken	versinkte	5
versinken	versinkt	7
versinken	versinken	8
kneifen	kneifen	8
kneifen	kneifet	1
kneifen	kneif	2
kneifen	kneifte	5
kneifen	verkneifen	3
kneifen	kneiften	4
kneifen	kneife	6
kneifen	kneift	7
kneifen	kneifest	0
ekeln	ekeln	8
ekeln	ekelte	5
ekeln	ekelten	4
ekeln	ekel	6
ekeln	gekelt	2
ekeln	ekelst	0
ekeln	ekelt	7
ekeln	ekelt	1
ekeln	verkeln	3
vermitteln	mittel	6
vermitteln	vermittelt	7
vermitteln	vermittel	2
vermitteln	vermittelte	5
vermitteln	vermittelst	0
vermitteln	vermittelten	4
vermitteln	vermittelt	1
vermitteln	vermitteln	8
vermitteln	mitteln	3
würzen	würzen	8
würzen	würzten	4
würzen	würzt	7
würzen	gewürzt	2
würzen	verwürzen	3
würzen	würzet	1
würzen	würzest	0
würzen	würze	6
würzen	würzte	5
kollabieren	kollabieret	1
kollabieren	kollabier	2
kollabieren	kollabiert	7
kollabieren	kollabierest	0
kollabieren	kollabierten	4
kollabieren	kollabierte	5
kollabieren	verkollaben	3
kollabieren	kollabiere	6
kollabieren	kollabieren	8
bereiten	bereiteten	4
bereiten	bereit	7
bereiten	verbereiten	3
bereiten	bereiten	8
bereiten	bereitete	5
bereiten	bereitet	1
bereiten	bereitest	0
bereiten	bereit	2
bereiten	bereite	6
grenzen	grenze	6
grenzen	grenzet	1
grenzen	grenzest	0
grenzen	grenzten	4
grenzen	grenz	2
grenzen	grenzen	8
grenzen	grenzt	7
grenzen	vergrenzen	3
grenzen	grenzte	5
zischen	zischten	4
zischen	zischet	1
zischen	zischen	8
zischen	zischt	7
zischen	zische	6
zischen	zischte	5
zischen	zisch	2
zischen	verzischen	3
zischen	zischest	0
streiken	streikest	0
streiken	gestreikt	2
streiken	streikt	7
streiken	streikte	5
streiken	streiket	1
streiken	streiken	8
streiken	streike	6
streiken	verstreiken	3
streiken	streikten	4
erlangen	erlangten	4
erlangen	erlangte	5
erlangen	erlangt	7
erlangen	langen	3
erlangen	erlangen	8
erlangen	langt	1
erlangen	erlange	6
erlangen	lange	2
erlangen	langte	0
verfassen	verfassten	4
verfassen	verfass	2
verfassen	verfasset	1
verfassen	verfasste	5
verfassen	verfassest	0
verfassen	verfassen	8
verfassen	fassen	3
verfassen	verfasst	7
verfassen	fasse	6
bestätigen	verbestigen	3
bestätigen	bestätigten	4
bestätigen	bestätigest	0
bestätigen	bestätig	2
bestätigen	bestätigte	5
bestätigen	bestätiget	1
bestätigen	bestätigen	8
bestätigen	bestätigt	7
bestätigen	bestätige	6
terrorisieren	terrorisiert	7
terrorisieren	terrorisierest	0
terrorisieren	terrorisiere	6
terrorisieren	terrorisier	2
terrorisieren	terrorisierte	5
terrorisieren	terrorisieren	8
terrorisieren	verterrisieren	3
terrorisieren	terrorisiert	1
terrorisieren	terrorisierten	4
prüfen	verprüfen	3
prüfen	prüfe	6
prüfen	prüften	4
prüfen	prüfet	1
prüfen	prüft	7
prüfen	prüfen	8
prüfen	prüfte	5
prüfen	prüfest	0
prüfen	geprüft	2
frappieren	frapierten	4
frappieren	frapiere	6
frappieren	frapieret	1
frappieren	frapiert	7
frappieren	frapier	2
frappieren	frapierest	0
frappieren	frapierte	5
frappieren	frapieren	8
frappieren	verfraperen	3
sorgen	gesorgt	2
sorgen	sorgten	4
sorgen	sorgte	5
sorgen	sorgest	0
sorgen	versorgen	3
sorgen	sorgt	7
sorgen	sorge	6
sorgen	sorgen	8
sorgen	sorget	1
verscheißern	verscheißten	4
verscheißern	verscheißet	1
verscheißern	verscheißest	0
verscheißern	verscheißt	7
verscheißern	scheißen	3
verscheißern	scheißer	6
verscheißern	verscheißen	8
verscheißern	verscheißte	5
verscheißern	verscheiß	2
sinken	versinken	3
sinken	sinkest	0
sinken	sinkten	4
sinken	sinket	1
sinken	sinke	6
sinken	gesinkt	2
sinken	sinkt	7
sinken	sinken	8
sinken	sinkte	5
ausmustern	ausmuster	2
ausmustern	ausmuster	6
ausmustern	ausmustert	7
ausmustern	ausmustert	1
ausmustern	ausmusterten	4
ausmustern	ausmusterte	5
ausmustern	ausmustern	8
ausmustern	ausmusterst	0
ausmustern	verausmern	3
wälzen	wälzte	5
wälzen	wälzten	4
wälzen	wälzt	7
wälzen	wälze	6
wälzen	wälzet	1
wälzen	verwälzen	3
wälzen	wälzest	0
wälzen	wälzen	8
wälzen	gewälzt	2
scannen	scannt	7
scannen	scannen	8
scannen	verscannen	3
scannen	scann	2
scannen	scannest	0
scannen	scannet	1
scannen	scannten	4
scannen	scanne	6
scannen	scannte	5
mitteilen	mitteilt	7
mitteilen	mitteilte	5
mitteilen	vermitteilen	3
mitteilen	mitteilet	1
mitteilen	mitteilest	0
mitteilen	mitteil	2
mitteilen	mitteilten	4
mitteilen	mitteilen	8
mitteilen	mitteile	6
verzweigen	zweigen	3
verzweigen	verzweig	2
verzweigen	verzweiget	1
verzweigen	verzweigen	8
verzweigen	verzweigten	4
verzweigen	verzweigte	5
verzweigen	verzweigt	7
verzweigen	verzweigest	0
verzweigen	zweige	6
streuen	streue	6
streuen	streuten	4
streuen	verstreuen	3
streuen	streute	5
streuen	gestreut	2
streuen	streuen	8
streuen	streuet	1
streuen	streut	7
streuen	streuest	0
quarzen	quarzten	4
quarzen	quarzte	5
quarzen	quarzest	0
quarzen	gequarzt	2
quarzen	quarzet	1
quarzen	quarze	6
quarzen	quarzt	7
quarzen	quarzen	8
quarzen	verquarzen	3
anhaben	anhabt	7
anhaben	anhabe	6
anhaben	anhabte	5
anhaben	anhab	2
anhaben	anhabest	0
anhaben	veranhaben	3
anhaben	anhabet	1
anhaben	anhaben	8
anhaben	anhabten	4
fotographieren	fotographiert	1
fotographieren	fotographierten	4
fotographieren	verfotogran	3
fotographieren	fotographiert	7
fotographieren	fotographien	8
fotographieren	fotographierte	5
fotographieren	fotographiere	6
fotographieren	gefotogra	2
fotographieren	fotographierst	0
borgen	geborgt	2
borgen	borgt	7
borgen	borget	1
borgen	borgte	5
borgen	borgten	4
borgen	borge	6
borgen	borgen	8
borgen	borgest	0
borgen	verborgen	3
arrivieren	arricheret	1
arrivieren	arriere	6
arrivieren	arricierte	5
arrivieren	arricrier	2
arrivieren	arriviert	7
arrivieren	arricieren	8
arrivieren	verarrieren	3
arrivieren	arrierest	0
arrivieren	arrivierten	4
spotten	spottete	5
spotten	spotteten	4
spotten	spott	2
spotten	spottest	0
spotten	spottet	1
spotten	verspotten	3
spotten	spotte	6
spotten	spotten	8
spotten	spottet	7
verbreiten	verbreitest	0
verbreiten	breiten	3
verbreiten	verbreitete	5
verbreiten	verbreit	2
verbreiten	verbreiten	8
verbreiten	breite	6
verbreiten	verbreitet	1
verbreiten	verbreitet	7
verbreiten	verbreiteten	4
studieren	studiert	7
studieren	studierest	0
studieren	studiere	6
studieren	studieret	1
studieren	gestudiert	2
studieren	verstudieren	3
studieren	studierte	5
studieren	studieren	8
studieren	studierten	4
vereisen	vereis	2
vereisen	vereisten	4
vereisen	vereiset	1
vereisen	vereiste	5
vereisen	eise	6
vereisen	vereist	7
vereisen	eisen	3
vereisen	vereisen	8
vereisen	vereisest	0
aufbauen	aufbaut	7
aufbauen	aufbau	2
aufbauen	aufbauen	8
aufbauen	aufbauten	4
aufbauen	aufbaue	6
aufbauen	aufbauet	1
aufbauen	veraufbauen	3
aufbauen	aufbaute	5
aufbauen	aufbauest	0
instituieren	instituiere	6
instituieren	instituieren	8
instituieren	instituiert	7
instituieren	instituer	2
instituieren	verinstuieren	3
instituieren	instituierten	4
instituieren	instituierte	5
instituieren	instituieret	1
instituieren	instituerest	0
zanken	zankte	5
zanken	zank	2
zanken	zanken	8
zanken	zankt	7
zanken	zankest	0
zanken	verzanken	3
zanken	zankten	4
zanken	zanket	1
zanken	zanke	6
fräsen	fräsen	8
fräsen	fräset	1
fräsen	fräsest	0
fräsen	frästen	4
fräsen	fräse	6
fräsen	gefräst	2
fräsen	verfräsen	3
fräsen	fräste	5
fräsen	fräst	7
erschaffen	erschafft	7
erschaffen	schaffen	3
erschaffen	erschafften	4
erschaffen	erschaffen	8
erschaffen	schaffe	2
erschaffen	erschaffte	5
erschaffen	erschaffe	6
erschaffen	schaffte	0
erschaffen	schafft	1
beamen	beamet	1
beamen	beamen	8
beamen	beame	6
beamen	verbeamen	3
beamen	beamten	4
beamen	beamt	7
beamen	beamest	0
beamen	beam	2
beamen	beamte	5
besudeln	besudel	6
besudeln	besudelst	0
besudeln	besudelten	4
besudeln	besudelte	5
besudeln	besudeln	8
besudeln	besudel	2
besudeln	besudelt	1
besudeln	verbesudeln	3
besudeln	besudelt	7
erzielen	zielte	0
erzielen	zielt	1
erzielen	erzielten	4
erzielen	erziele	6
erzielen	erzielen	8
erzielen	erzielte	5
erzielen	ziele	2
erzielen	zielen	3
erzielen	erzielt	7
überfallen	überfallest	0
überfallen	geüberfalt	2
überfallen	überfallen	8
überfallen	überfalle	6
überfallen	überfallt	7
überfallen	überfallet	1
überfallen	verüberfen	3
überfallen	überfallten	4
überfallen	überfallte	5
verunsichern	verunsichert	1
verunsichern	verunsich	2
verunsichern	verunsicherst	0
verunsichern	unsichern	3
verunsichern	verunsicherte	5
verunsichern	verunsichern	8
verunsichern	verunsicherten	4
verunsichern	verunsichert	7
verunsichern	unsicher	6
lauten	lautest	0
lauten	lauteten	4
lauten	laut	7
lauten	lautet	1
lauten	laut	2
lauten	verlauten	3
lauten	lauten	8
lauten	lautete	5
lauten	laute	6
marodieren	vermardieren	3
marodieren	marodierest	0
marodieren	marodieret	1
marodieren	marodier	2
marodieren	marodiere	6
marodieren	marodierten	4
marodieren	marodiert	7
marodieren	marodierte	5
marodieren	marodieren	8
wundern	wundert	7
wundern	wunderten	4
wundern	wunder	6
wundern	wundert	1
wundern	wunderte	5
wundern	wunderst	0
wundern	wunder	2
wundern	verwundern	3
wundern	wundern	8
schichten	schichten	8
schichten	schichte	6
schichten	schicht	7
schichten	schichtete	5
schichten	schichtest	0
schichten	schicht	2
schichten	schichteten	4
schichten	verschichten	3
schichten	schichtet	1
eggen	eggt	7
eggen	eggten	4
eggen	egget	1
eggen	geggt	2
eggen	veregggen	3
eggen	eggest	0
eggen	eggen	8
eggen	egge	6
eggen	eggte	5
wiehern	wiehert	1
wiehern	wieher	6
wiehern	verwiehern	3
wiehern	wiehern	8
wiehern	wieher	2
wiehern	wieherten	4
wiehern	wieherte	5
wiehern	wieherst	0
wiehern	wiehert	7
gründen	gründet	1
gründen	vergründen	3
gründen	gründeten	4
gründen	gründ	2
gründen	gründe	6
gründen	gründen	8
gründen	gründt	7
gründen	gründete	5
gründen	gründest	0
lauschen	lauscht	7
lauschen	gelauscht	2
lauschen	lauschet	1
lauschen	verlauschen	3
lauschen	lausche	6
lauschen	lauschten	4
lauschen	lauschen	8
lauschen	lauschte	5
lauschen	lauschest	0
erwärmen	wärmte	0
erwärmen	wärmt	1
erwärmen	erwärmen	8
erwärmen	wärmen	3
erwärmen	wärme	2
erwärmen	erwärme	6
erwärmen	erwärmte	5
erwärmen	erwärmt	7
erwärmen	erwärmten	4
bleichen	bleicht	7
bleichen	bleich	2
bleichen	bleichet	1
bleichen	verbleichen	3
bleichen	bleichen	8
bleichen	bleichte	5
bleichen	bleiche	6
bleichen	bleichest	0
bleichen	bleichten	4
horchen	horchten	4
horchen	horche	6
horchen	horchet	1
horchen	gehorcht	2
horchen	horchen	8
horchen	horcht	7
horchen	horchte	5
horchen	verhorchen	3
horchen	horchest	0
niesen	nies	2
niesen	nieste	5
niesen	niese	6
niesen	verniesen	3
niesen	nieset	1
niesen	niest	7
niesen	niesest	0
niesen	niesten	4
niesen	niesen	8
ergötzen	ergötzten	4
ergötzen	ergötzt	7
ergötzen	götze	2
ergötzen	götzt	1
ergötzen	götzen	3
ergötzen	ergötze	6
ergötzen	ergötzte	5
ergötzen	ergötzen	8
ergötzen	götzte	0
streifen	verstreifen	3
streifen	streift	7
streifen	streifest	0
streifen	streifet	1
streifen	gestreift	2
streifen	streife	6
streifen	streiften	4
streifen	streifte	5
streifen	streifen	8
wählen	wählen	8
wählen	wählten	4
wählen	wählt	7
wählen	wählest	0
wählen	verwählen	3
wählen	gewählt	2
wählen	wählte	5
wählen	wähle	6
wählen	wählet	1
hervorheben	hervorhebe	6
hervorheben	hervorhebest	0
hervorheben	verherheben	3
hervorheben	hervorhebet	1
hervorheben	hervorheb	2
hervorheben	hervorheben	8
hervorheben	hervorhebte	5
hervorheben	hervorhebt	7
hervorheben	hervorhebten	4
zurückkommen	zurückkommte	5
zurückkommen	zurückkommen	8
zurückkommen	verzurückommen	3
zurückkommen	zurückkommten	4
zurückkommen	zurückkomme	6
zurückkommen	zurückkommest	0
zurückkommen	zurückkommt	7
zurückkommen	zurückkommet	1
zurückkommen	zurückkomm	2
umzingeln	umzingeln	8
umzingeln	umzingel	6
umzingeln	umzingelt	7
umzingeln	umzingelst	0
umzingeln	verumzingeln	3
umzingeln	geumzingt	2
umzingeln	umzingelten	4
umzingeln	umzingelte	5
umzingeln	umzingelt	1
begegnen	begegne	6
begegnen	begegneten	4
begegnen	begegnest	0
begegnen	begegnet	7
begegnen	begegnen	8
begegnen	gebegnegt	2
begegnen	verbegnen	3
begegnen	begegnet	1
begegnen	begegnete	5
rumalbern	rumalberte	5
rumalbern	verrumalben	3
rumalbern	rumalbert	1
rumalbern	gerumalbt	2
rumalbern	rumalber	6
rumalbern	rumalberst	0
rumalbern	rumalbern	8
rumalbern	rumalbert	7
rumalbern	rumalberten	4
verzeichnen	verzeichnete	5
verzeichnen	verzeichnt	7
verzeichnen	verzeichneten	4
verzeichnen	verzeichnest	0
verzeichnen	verzeichn	2
verzeichnen	verzeichnen	8
verzeichnen	zeichne	6
verzeichnen	verzeichnet	1
verzeichnen	zeichnen	3
jetten	jett	2
jetten	jette	6
jetten	jetten	8
jetten	jettet	1
jetten	jettest	0
jetten	jettete	5
jetten	jett	7
jetten	jetteten	4
jetten	verjetten	3
klopfen	verklopfen	3
klopfen	geklopft	2
klopfen	klopfest	0
klopfen	klopfen	8
klopfen	klopfe	6
klopfen	klopfet	1
klopfen	klopften	4
klopfen	klopft	7
klopfen	klopfte	5
zementieren	zementieret	1
zementieren	zementiere	6
zementieren	zementieren	8
zementieren	zementier	2
zementieren	zementierte	5
zementieren	zementiert	7
zementieren	zementierest	0
zementieren	verzemtieren	3
zementieren	zementierten	4
zerstreuen	zerstreute	5
zerstreuen	zerstreue	6
zerstreuen	zerstreu	2
zerstreuen	zerstreuen	8
zerstreuen	zerstreut	7
zerstreuen	verzerstuen	3
zerstreuen	zerstreuest	0
zerstreuen	zerstreuten	4
zerstreuen	zerstreuet	1
feststellen	verfestellen	3
feststellen	feststellten	4
feststellen	feststellte	5
feststellen	feststellen	8
feststellen	feststellest	0
feststellen	feststell	2
feststellen	feststellt	7
feststellen	feststelle	6
feststellen	feststellet	1
veralten	alten	3
veralten	veraltet	1
veralten	veralten	8
veralten	veraltest	0
veralten	veralt	2
veralten	veralteten	4
veralten	alte	6
veralten	veraltet	7
veralten	veraltete	5
verdoppeln	dopel	6
verdoppeln	verdoppp	2
verdoppeln	dopeln	3
verdoppeln	verdoppelt	1
verdoppeln	verdopppelten	4
verdoppeln	verdoppeln	8
verdoppeln	verdopppelte	5
verdoppeln	verdoppelst	0
verdoppeln	verdopppelt	7
ausrichten	ausrichtest	0
ausrichten	ausrichtet	7
ausrichten	verausrichten	3
ausrichten	ausrichtet	1
ausrichten	ausrichtete	5
ausrichten	ausricht	2
ausrichten	ausrichte	6
ausrichten	ausrichteten	4
ausrichten	ausrichten	8
schleißen	schleißet	1
schleißen	verschleißen	3
schleißen	schleißte	5
schleißen	schleißt	7
schleißen	schleißten	4
schleißen	schleißest	0
schleißen	schleißen	8
schleißen	schleiße	6
schleißen	schleiß	2
schwänzen	schwänzet	1
schwänzen	schwänzte	5
schwänzen	schwänzen	8
schwänzen	geschwänzt	2
schwänzen	schwänzten	4
schwänzen	schwänze	6
schwänzen	schwänzest	0
schwänzen	verschwänzen	3
schwänzen	schwänzt	7
überstehen	überstehten	4
überstehen	übersteh	2
überstehen	überstehte	5
überstehen	überstehest	0
überstehen	überstehen	8
überstehen	übersteht	7
überstehen	verübersten	3
überstehen	überstehe	6
überstehen	überstehet	1
lindern	lindern	8
lindern	lindert	1
lindern	lindert	7
lindern	linderten	4
lindern	linderte	5
lindern	verlindern	3
lindern	linderst	0
lindern	linder	6
lindern	linder	2
glottalisieren	glottalisiert	1
glottalisieren	glottalisiert	7
glottalisieren	glottalisierst	0
glottalisieren	glottalisiere	6
glottalisieren	glottalisiern	8
glottalisieren	glottalisierten	4
glottalisieren	glottalisierte	5
glottalisieren	glottalisist	2
glottalisieren	verglottaren	3
hervorbringen	hervorbringt	7
hervorbringen	verherbringen	3
hervorbringen	hervorbringest	0
hervorbringen	hervorbringte	5
hervorbringen	hervorbringten	4
hervorbringen	hervorbringe	6
hervorbringen	geherbringt	2
hervorbringen	hervorbringen	8
hervorbringen	hervorbringet	1
kollidieren	kollidierest	0
kollidieren	kollidierten	4
kollidieren	kollidierte	5
kollidieren	verkollieren	3
kollidieren	kollidieret	1
kollidieren	kollidier	2
kollidieren	kollidieren	8
kollidieren	kollidiere	6
kollidieren	kollidiert	7
vererben	erbe	6
vererben	vererbt	7
vererben	vererbest	0
vererben	vererben	8
vererben	vererbte	5
vererben	vererbten	4
vererben	vererbet	1
vererben	erben	3
vererben	vererb	2
verspeisen	verspeiset	1
verspeisen	verspeiste	5
verspeisen	verspeisten	4
verspeisen	speise	6
verspeisen	verspeisen	8
verspeisen	verspeis	2
verspeisen	verspeisest	0
verspeisen	speisen	3
verspeisen	verspeist	7
verfinstern	verfinstern	8
verfinstern	verfinsterte	5
verfinstern	verfinstert	7
verfinstern	finster	6
verfinstern	verfinstert	1
verfinstern	verfinster	2
verfinstern	finstern	3
verfinstern	verfinsterten	4
verfinstern	verfinsterst	0
integrieren	integrierten	4
integrieren	integrieren	8
integrieren	integrierte	5
integrieren	integriert	7
integrieren	integrierest	0
integrieren	verintegren	3
integrieren	integrier	2
integrieren	integrieret	1
integrieren	integriere	6
