ಕಾಡು	ಕಾಡಬೇಕು	157
ಕಾಡು	ಕಾಡಿಕೊಳ್ಳುತ್ತೇನೆ	25
ಕಾಡು	ಕಾಡು	90
ಕಾಡು	ಕಾಡುವಾಗ	136
ಕಾಡು	ಕಾಡದಿರುವ	82
ಕಾಡು	ಕಾಡಿದ್ದನ್ನು	48
ಕಾಡು	ಕಾಡುವುದೇಕೆ	12
ಕಾಡು	ಕಾಡುವವನಾಗಿದ್ದಾನೆ	143
ಕಾಡು	ಹಾಡುತ್ತಾ	5
ಕಾಡು	ಕಾಡಿದರೆ	132
ಕಾಡು	ಕಾಡಿದರೂ	147
ಕಾಡು	ಕಾಡಿಸುವೆನು	50
ಕಾಡು	ಕಾಡಿಕೊಳ್ಳಲು	130
ಕಾಡು	ಕಾಡುತ್ತೀರೋ	71
ಕಾಡು	ಕಾಡಿದ್ದೇವೆ	96
ಕಾಡು	ಕಾಡಿದವರು	16
ಕಾಡು	ಕಾಡಬೇಕೆಂತಲೂ	92
ಕಾಡು	ಕಾಡುತ್ತಿದ್ದಾಗಲೇ	20
ಕಾಡು	ಕಾಡಿದಳು	95
ಕಾಡು	ಕಾಡು	171
ಕಾಡು	ಕಾಡಬಲ್ಲನು	73
ಕಾಡು	ಕಾಡಿರುವ	127
ಕಾಡು	ಕಾಡಿದ್ದರೆ	21
ಕಾಡು	ಕಾಡುವೆ	149
ಕಾಡು	ಕಾಡಿಕೊಂಡ	38
ಕಾಡು	ಹಾಡುವೆನು	6
ಕಾಡು	ಕಾಡಿದೆವು	120
ಕಾಡು	ಹಾಡುತ್ತೇನೆ	2
ಕಾಡು	ಕಾಡಿಸಿಕೊಂಡ	17
ಕಾಡು	ಕಾಡಿದ್ದಾನೆ	98
ಕಾಡು	ಕಾಡಲಿಲ್ಲ	138
ಕಾಡು	ಕಾಡಬೇಡಿರಿ	114
ಕಾಡು	ಕಾಡಿದ್ದಳು	56
ಕಾಡು	ಕಾಡಿಕೊಳ್ಳಿ	69
ಕಾಡು	ಕಾಡುತ್ತೀರಿ	141
ಕಾಡು	ಕಾಡಿಕೊಂಡನು	19
ಕಾಡು	ಕಾಡುತ್ತಿದ್ದಳು	76
ಕಾಡು	ಕಾಡುತ್ತಿದ್ದ	89
ಕಾಡು	ಕಾಡಿದೆನು	162
ಕಾಡು	ಕಾಡುತ್ತಿರುವ	134
ಕಾಡು	ಕಾಡಿಕೊಳ್ಳುವೆನು	27
ಕಾಡು	ಕಾಡದ	34
ಕಾಡು	ಕಾಡುತ್ತಾ	131
ಕಾಡು	ಕಾತು	44
ಕಾಡು	ಕಾಡಿಕೊಂಡರೆ	58
ಕಾಡು	ಕಾಡದಿದ್ದರೆ	77
ಕಾಡು	ಕಾಡಿಸುವುದಿಲ್ಲ	84
ಕಾಡು	ಕಾಡಬಹುದು	26
ಕಾಡು	ಕಾಡುವುದಾದರೆ	63
ಕಾಡು	ಕಾಡುವ	169
ಕಾಡು	ಕಾಡುವಾಗಲೆಲ್ಲಾ	29
ಕಾಡು	ಕಾಡುತ್ತಿದ್ದೇನೆ	154
ಕಾಡು	ಕಾಡದೆ	158
ಕಾಡು	ಕಾಡಿದ್ದಾನೆಂದು	33
ಕಾಡು	ಕಾಡುವುದಕ್ಕೂ	102
ಕಾಡು	ಕಾಡಿದ	166
ಕಾಡು	ಕಾಡುವುದರಲ್ಲಿ	52
ಕಾಡು	ಕಾಡಿಲ್ಲದ	123
ಕಾಡು	ಕಾಡಿದಿರಿ	107
ಕಾಡು	ಕಾಡುತ್ತಾನೆ	163
ಕಾಡು	ಕಾಡಿದ್ದಾರೆ	135
ಕಾಡು	ಕಾಡಬೇಕಿತ್ತು	75
ಕಾಡು	ಕಾಡಿಕೊಳ್ಳಲಿ	110
ಕಾಡು	ಕಾಡುತ್ತಿದ್ದರು	145
ಕಾಡು	ಕಾಡಬೇಡ	137
ಕಾಡು	ಕಾಡುವುದಕ್ಕಿಂತಲೂ	124
ಕಾಡು	ಕಾಡುತ್ತಿದ್ದೆನು	66
ಕಾಡು	ಕಾಡುವುದೇ	36
ಕಾಡು	ಕಾಡುವವನು	160
ಕಾಡು	ಕಾಡಿಕೊಂಡೆನು	125
ಕಾಡು	ಕಾಡುತ್ತಿರುವುದು	156
ಕಾಡು	ಕಾಡಿಸಿದನು	91
ಕಾಡು	ಕಾಡಿದೆ	99
ಕಾಡು	ಕಾಡಿಸಿತು	65
ಕಾಡು	ಕಾಡುತ್ತದೆ	126
ಕಾಡು	ಕಾಡಿಸುವುದು	41
ಕಾಡು	ಕಾಡಿದ್ದರಿಂದ	121
ಕಾಡು	ಕಾಡಿಕೊಳ್ಳುತ್ತಾನೆ	11
ಕಾಡು	ಕಾಡುತ್ತಿರುವವನು	74
ಕಾಡು	ಕಾಡುವುದರಿಂದ	109
ಕಾಡು	ಕಾಡುತ್ತಿರುವಾಗ	18
ಕಾಡು	ಕಾಡಿಕೊಳ್ಳುವ	101
ಕಾಡು	ಕಾಡುತ್ತಲೇ	94
ಕಾಡು	ಕಾಡುವುದರಲ್ಲಿಯೂ	59
ಕಾಡು	ಕಾಡುವನು	129
ಕಾಡು	ಕಾಡುತ್ತಿರುವೆ	13
ಕಾಡು	ಕಾಡುತ್ತೇನೆ	140
ಕಾಡು	ಕಾಡಿದ್ದೇನೆ	122
ಕಾಡು	ಕಾಡುತ್ತಿದ್ದಾರೆ	119
ಕಾಡು	ಕಾಡಿಲ್ಲ	144
ಕಾಡು	ಹಾಡಿರಿ	8
ಕಾಡು	ಕಾಡುತ್ತಾರೆ	152
ಕಾಡು	ಕಾಡಲೆಂದು	23
ಕಾಡು	ಕಾಡಿತು	43
ಕಾಡು	ಕಾಡಲು	168
ಕಾಡು	ಕಾಡುವುದಕ್ಕಿಂತ	108
ಕಾಡು	ಕಾಡುವವರೂ	85
ಕಾಡು	ಕಾಡಿದ್ದರು	133
ಕಾಡು	ಕಾಡಿ	170
ಕಾಡು	ಕಾಡಿದವನು	117
ಕಾಡು	ಕಾಡಲಿ	128
ಕಾಡು	ಕಾಡುತ್ತಿದ್ದವರ	60
ಕಾಡು	ಕಾಡಿದ್ದು	78
ಕಾಡು	ಕಾಡದಂತೆ	54
ಕಾಡು	ಕಾಡುತ್ತಿದ್ದೀರಿ	111
ಕಾಡು	ಕಾಡತೊಡಗಿದರು	139
ಕಾಡು	ಹಾಡಿದರು	9
ಕಾಡು	ಕಾಡಿದನು	167
ಕಾಡು	ಕಾಡಿಕೊಳ್ಳುವವನು	10
ಕಾಡು	ಕಾಡಿಕೊಂಡರು	37
ಕಾಡು	ಕಾಡಿರಿ	165
ಕಾಡು	ಕಾಡುತ್ತೇವೆ	146
ಕಾಡು	ಕಾಡುವವರ	87
ಕಾಡು	ಕಾಡಿದ್ದೀರಿ	153
ಕಾಡು	ಕಾಡುತ್ತಿದ್ದಂತೆ	53
ಕಾಡು	ಕಾಡುತ್ತಿದ್ದಾನೆ	57
ಕಾಡು	ಹಾಡುತ್ತಾನೆ	7
ಕಾಡು	ಕಾಡಬೇಕಾದರೆ	80
ಕಾಡು	ಹಾಡಿದೆವು	0
ಕಾಡು	ಕಾಡಿದ್ದ	49
ಕಾಡು	ಕಾಡಬೇಡಿ	105
ಕಾಡು	ಕಾಲು	4
ಕಾಡು	ಕಾಡುತ್ತಿದ್ದೀರಾ	88
ಕಾಡು	ಕಾಡುವುದಿಲ್ಲವೆಂದು	40
ಕಾಡು	ಕಾಡಿದಾಗಲೆಲ್ಲಾ	79
ಕಾಡು	ಕಾಡುತ್ತಿಲ್ಲ	118
ಕಾಡು	ಕಾಡಲಾಗಲಿಲ್ಲ	35
ಕಾಡು	ಕಾಡಬೇಕೆಂಬ	103
ಕಾಡು	ಕಾಡುವುದಕ್ಕಾಗಿ	155
ಕಾಡು	ಹಾಡಬೇಕು	3
ಕಾಡು	ಕಾಡಿಸುತ್ತಾನೆ	93
ಕಾಡು	ಕಾಡಿಕೊಂಡಳು	15
ಕಾಡು	ಕಾಡಿಸಲು	24
ಕಾಡು	ಕಾಡುತ್ತಿದ್ದರೂ	86
ಕಾಡು	ಕಾಡುತ್ತಿದ್ದನು	161
ಕಾಡು	ಕಾಡುವುದರ	55
ಕಾಡು	ಕಾಡಿಸಿಕೊಂಡಿದ್ದರು	14
ಕಾಡು	ಕಾಡಿಕೊಳ್ಳಲಿಲ್ಲ	113
ಕಾಡು	ಕಾಡಿರುವೆ	116
ಕಾಡು	ಕಾಡದಿದ್ದರೂ	46
ಕಾಡು	ಕಾಡಿಕೊಳ್ಳಿರಿ	97
ಕಾಡು	ಕಾಡುವಿರಿ	112
ಕಾಡು	ಹಾಡುತ್ತಾನೆಂಬುದು	72
ಕಾಡು	ಕಾಡುವಂತೆ	61
ಕಾಡು	ಕಾಡಿಕೊಳ್ಳಬೇಕೆಂದು	22
ಕಾಡು	ಕಾಟದಿಂದ	1
ಕಾಡು	ಕಾಡುತ್ತಿದ್ದಾಗ	51
ಕಾಡು	ಕಾಡುವುದಕ್ಕೆ	150
ಕಾಡು	ಕಾಡಿಕೊಳ್ಳುವನು	47
ಕಾಡು	ಕಾಡುತ್ತಿದ್ದರೆ	32
ಕಾಡು	ಕಾಡುತ್ತಿದ್ದವರು	42
ಕಾಡು	ಕಾಡಿದಾಗ	148
ಕಾಡು	ಕಾಡಿದವುಗಳನ್ನೂ	39
ಕಾಡು	ಕಾಡಿಕೊಂಡು	151
ಕಾಡು	ಕಾಡಿದವನಾಗಿದ್ದಾನೆ	81
ಕಾಡು	ಕಾಡಬೇಕೆಂದು	159
ಕಾಡು	ಕಾಡುವುದು	100
ಕಾಡು	ಕಾಡುತ್ತಿದ್ದಾರೆಂಬುದು	83
ಕಾಡು	ಕಾಡದಂತೆಯೂ	104
ಕಾಡು	ಕಾಡಿಕೊಂಡಿದ್ದಾನೆ	28
ಕಾಡು	ಕಾಡುವವರಾಗಿದ್ದರೆ	31
ಕಾಡು	ಕಾಡದಿರುವುದರಿಂದ	67
ಕಾಡು	ಕಾಡಿಸಿಕೊಳ್ಳಲು	68
ಕಾಡು	ಕಾಡಿದರು	164
ಕಾಡು	ಕಾಡುವವರು	62
ಕಾಡು	ಕಾಡಿಕೊ	106
ಕಾಡು	ಕಾಡುತ್ತಿದ್ದೇವೆ	115
ಕಾಡು	ಕಾಡುವವರಿಗೆ	64
ಕಾಡು	ಕಾಡುವುದಿಲ್ಲ	142
ಕಾಡು	ಕಾಡಿದವನೂ	70
ಕಾಡು	ಕಾಡುತ್ತಿರುವಾಗಲೇ	30
ಕಾಡು	ಕಾಡಿದ್ದನು	45
ಕೆಮ್ಮು	ಕೊಡಿದ್ದರಿಂದ	121
ಕೆಮ್ಮು	ಕೊಡಿಲ್ಲ	144
ಕೆಮ್ಮು	ಕೊಡಿಕೊಳ್ಳಲಿಲ್ಲ	113
ಕೆಮ್ಮು	ಕೊಡದಿಂದ	1
ಕೆಮ್ಮು	ಕೊಡಿಕೊಳ್ಳುವ	101
ಕೆಮ್ಮು	ಕೊಡಿಸಿಕೊಂಡಿದ್ದರು	14
ಕೆಮ್ಮು	ಕೊಡುತ್ತಿರುವಾಗಲೇ	30
ಕೆಮ್ಮು	ಕೊಡುವಂತೆ	61
ಕೆಮ್ಮು	ಕೊಡುತ್ತಿದ್ದೀರಿ	111
ಕೆಮ್ಮು	ಕೊಡುತ್ತಿದ್ದೇನೆ	154
ಕೆಮ್ಮು	ಕೊಡುವುದಕ್ಕಾಗಿ	155
ಕೆಮ್ಮು	ಕೊಡಿದ್ದರೆ	21
ಕೆಮ್ಮು	ಕೊಡುತ್ತಿದ್ದೇನೆಂದು	86
ಕೆಮ್ಮು	ಕೊಡಿಕೊಳ್ಳಿ	69
ಕೆಮ್ಮು	ಕೊಡುತ್ತಿದ್ದಾನೆ	57
ಕೆಮ್ಮು	ಕೊಡದೆ	158
ಕೆಮ್ಮು	ಕೊಡುವೆ	149
ಕೆಮ್ಮು	ಕೊಡಬಹುದು	26
ಕೆಮ್ಮು	ಕೊಡೆಸುತ್ತಾನೆ	93
ಕೆಮ್ಮು	ಕೊಡಿದ್ದಾನೆ	98
ಕೆಮ್ಮು	ಕೊಡುವವರ	87
ಕೆಮ್ಮು	ಕೊಡುವುದಿಲ್ಲವೆಂದು	40
ಕೆಮ್ಮು	ಕೊಡಬೇಕಿತ್ತು	75
ಕೆಮ್ಮು	ಕೊಡೆದ್ದೀರಿ	153
ಕೆಮ್ಮು	ಕೊಡಿದ್ದ	49
ಕೆಮ್ಮು	ಕೊಳೆ	4
ಕೆಮ್ಮು	ಕೊಡುತ್ತಾನೆ	163
ಕೆಮ್ಮು	ಕೊಡದಂತೆಯೂ	104
ಕೆಮ್ಮು	ಕೊಡುವುದಾದರೆ	63
ಕೆಮ್ಮು	ಕೊಡಿಕೊಳ್ಳುತ್ತಾನೆ	11
ಕೆಮ್ಮು	ಕೊಡದಿದ್ದರೆ	77
ಕೆಮ್ಮು	ಹೇಳುವರು	6
ಕೆಮ್ಮು	ಕೊಡುತ್ತಿದ್ದ	89
ಕೆಮ್ಮು	ಕೊಡಬಲ್ಲನು	73
ಕೆಮ್ಮು	ಕೊಡಿದೆವು	120
ಕೆಮ್ಮು	ಕೊಡುತ್ತಿದ್ದಂತೆ	53
ಕೆಮ್ಮು	ಕೊಡಿದಳು	95
ಕೆಮ್ಮು	ಕೊಡಿದವನಾಗಿದ್ದಾನೆ	81
ಕೆಮ್ಮು	ಕೊಡುತ್ತಿದ್ದನು	161
ಕೆಮ್ಮು	ಕೊಡುವುದರ	55
ಕೆಮ್ಮು	ಕೊಡಿಯೂ	44
ಕೆಮ್ಮು	ಕೊಡಿದ್ದಾರೆ	135
ಕೆಮ್ಮು	ಕೊಡೆಕೊಂಡ	38
ಕೆಮ್ಮು	ಕೊಡುತ್ತವೆ	90
ಕೆಮ್ಮು	ಕೊಡುವವರೂ	85
ಕೆಮ್ಮು	ಕೊಡುತ್ತಿರಲಿಲ್ಲ	15
ಕೆಮ್ಮು	ಕೊಡುತ್ತಿದ್ದಾಗ	51
ಕೆಮ್ಮು	ಕೊಡುತ್ತಿರುವವನು	74
ಕೆಮ್ಮು	ಕೊಡೆದನು	25
ಕೆಮ್ಮು	ಕೊಡುವುದಕ್ಕಿಂತಲೂ	124
ಕೆಮ್ಮು	ಕೊಡಿದ್ದರು	133
ಕೆಮ್ಮು	ಕೊಡಿಕೊಳ್ಳುವನು	47
ಕೆಮ್ಮು	ಕೊಡುವನು	129
ಕೆಮ್ಮು	ಕೊಡುತ್ತಿದ್ದಾರೆಂಬುದು	83
ಕೆಮ್ಮು	ಕೊಡಿದ್ದಾನೆಂದು	33
ಕೆಮ್ಮು	ಕೊಡುವುದರಲ್ಲಿ	52
ಕೆಮ್ಮು	ಕೊಡಲಾಗಲಿಲ್ಲ	35
ಕೆಮ್ಮು	ಕೊಡುವಾಗ	136
ಕೆಮ್ಮು	ಕೊಡಿಕೊಂಡಿದ್ದಾನೆ	28
ಕೆಮ್ಮು	ಕೊಡುತ್ತಿದ್ದಳು	76
ಕೆಮ್ಮು	ಕೊಡುವವರಾಗಿದ್ದರೆ	31
ಕೆಮ್ಮು	ಕೊಪ್ರಯತ್ನಿಂದ	24
ಕೆಮ್ಮು	ಕೊಡಿಕೊಳ್ಳುವೆನು	27
ಕೆಮ್ಮು	ಕೊಡುತ್ತಿದ್ದವರ	60
ಕೆಮ್ಮು	ಕೊಡಿಸಿಕೊಂಡ	17
ಕೆಮ್ಮು	ಕೊಡಲೆಂದು	23
ಕೆಮ್ಮು	ಕೊಳೆ	130
ಕೆಮ್ಮು	ಕೊಡುತ್ತಾರೆ	152
ಕೆಮ್ಮು	ಕೆೆೆದಿರಿ	107
ಕೆಮ್ಮು	ಕೊಡಿಸಿಕೊಳ್ಳಲು	68
ಕೆಮ್ಮು	ಕೊಡಲಿ	128
ಕೆಮ್ಮು	ಕೊಡುವುದಿಲ್ಲ	142
ಕೆಮ್ಮು	ಕೊಡೆದನು	71
ಕೆಮ್ಮು	ಕೊಡಿರುವೆ	116
ಕೆಮ್ಮು	ಕೊಡಿರಲಿಲ್ಲ	84
ಕೆಮ್ಮು	ಕೊಡುತ್ತಿರುವಾಗ	18
ಕೆಮ್ಮು	ಹುಟ್ಟಲೇಬೇಕು	7
ಕೆಮ್ಮು	ಕೊಡುತ್ತಿದ್ದರು	145
ಕೆಮ್ಮು	ಕೊಡೆದಾಗಲೆಲ್ಲಾ	79
ಕೆಮ್ಮು	ಹೊರಯತ್ನಿಸುವೆನು	8
ಕೆಮ್ಮು	ಹಮಾಡುತ್ತಾ	5
ಕೆಮ್ಮು	ಕೊಡಿಕೊಳ್ಳಬೇಕೆಂದು	22
ಕೆಮ್ಮು	ಕೊಡತೊಡಗಿದರು	139
ಕೆಮ್ಮು	ಕೊಡಿರುವ	127
ಕೆಮ್ಮು	ಕೊಡಿಕೊಂಡರೆ	58
ಕೆಮ್ಮು	ಕೊಡುವುದರಲ್ಲಿಯೂ	59
ಕೆಮ್ಮು	ಕೊಡುತ್ತಿಲ್ಲ	118
ಕೆಮ್ಮು	ಕೊಡುತ್ತೀರಿ	141
ಕೆಮ್ಮು	ಕೊಡಿದರೆ	132
ಕೆಮ್ಮು	ಕೊಡಬೇಕು	157
ಕೆಮ್ಮು	ಕೊಡುವ	169
ಕೆಮ್ಮು	ಕೊಡಬೇಕಾಗಿದ್ದ	39
ಕೆಮ್ಮು	ಕೊಡುವುದರಿಂದ	109
ಕೆಮ್ಮು	ಕೊಡಿದ್ದೇನೆ	122
ಕೆಮ್ಮು	ಕೊಡುತ್ತದೆ	126
ಕೆಮ್ಮು	ಕೊಡೆದ್ದನ್ನು	48
ಕೆಮ್ಮು	ಕೊಡುವುದು	100
ಕೆಮ್ಮು	ಕೊಡುತ್ತಿದ್ದಾರೆ	119
ಕೆಮ್ಮು	ಕೊಡಿಲ್ಲದ	123
ಕೆಮ್ಮು	ಕೊಡುತ್ತೇವೆ	146
ಕೆಮ್ಮು	ಕೊಡುತ್ತಿದ್ದವರು	42
ಕೆಮ್ಮು	ಕೊಡುವಿರಿ	112
ಕೆಮ್ಮು	ಕೊಡುವುದಕ್ಕೆ	150
ಕೆಮ್ಮು	ಕೊಡಿದನು	167
ಕೆಮ್ಮು	ಕೊಡಬೇಕೆಂದು	159
ಕೆಮ್ಮು	ಕೊಡುತ್ತಾನೆಂಬುದು	72
ಕೆಮ್ಮು	ಕಮಾಡಿ	170
ಕೆಮ್ಮು	ಕೊಡದಿರುವುದರಿಂದ	67
ಕೆಮ್ಮು	ಹೇಳಬೇಕು	3
ಕೆಮ್ಮು	ಕೊಡಿದ್ದನು	45
ಕೆಮ್ಮು	ಕೊಡುತ್ತಿರುವ	134
ಕೆಮ್ಮು	ಕೊಡಿದ್ದು	78
ಕೆಮ್ಮು	ಕೊಡಿದೆ	99
ಕೆಮ್ಮು	ಕೊಡಿಕೊಳ್ಳಲಿ	110
ಕೆಮ್ಮು	ಕೊಡುವವರಿಗೆ	64
ಕೆಮ್ಮು	ಕೊಡದಿದ್ದರೂ	46
ಕೆಮ್ಮು	ಕೊಡಿದಾಗ	148
ಕೆಮ್ಮು	ಕೊಡಿದ್ದಳು	56
ಕೆಮ್ಮು	ಕೊಡುತ್ತಿದ್ದರೆ	32
ಕೆಮ್ಮು	ಕೊಡಿಸಿತು	65
ಕೆಮ್ಮು	ಕೊಡಿಕೊಂಡರು	37
ಕೆಮ್ಮು	ಕೊಡುತ್ತಿದ್ದೀರಾ	88
ಕೆಮ್ಮು	ಕಮಾಡಬೇಡ	137
ಕೆಮ್ಮು	ಕೊಡುವವನು	160
ಕೆಮ್ಮು	ಕೊಡು	171
ಕೆಮ್ಮು	ಕೊಡೆತು	43
ಕೆಮ್ಮು	ಕೊಡಿರಿ	165
ಕೆಮ್ಮು	ಕಮಾಡಿಸುವೆನು	50
ಕೆಮ್ಮು	ಹಮಾಡುತ್ತೇನೆ	2
ಕೆಮ್ಮು	ಕೊಡಿಸುವುದು	41
ಕೆಮ್ಮು	ಕೊಡುತ್ತಾ	131
ಕೆಮ್ಮು	ಕೊಡುವವನಾಗಿದ್ದಾನೆ	143
ಕೆಮ್ಮು	ಕೊಡೆಕೊಂಡನು	19
ಕೆಮ್ಮು	ಕೊಡಿದರೂ	147
ಕೆಮ್ಮು	ಕೊಡುತ್ತಲೇ	94
ಕೆಮ್ಮು	ಕಮಾಡುವುದಕ್ಕಿಂತ	108
ಕೆಮ್ಮು	ಕೊಡುತ್ತಿದ್ದಾಗಲೇ	20
ಕೆಮ್ಮು	ಕೊಡಬೇಡಿ	105
ಕೆಮ್ಮು	ಕೊಡಲು	168
ಕೆಮ್ಮು	ಕೊಡಬೇಕೆಂತಲೂ	92
ಕೆಮ್ಮು	ಕೊಡಿದ್ದೇವೆ	96
ಕೆಮ್ಮು	ಕೊಡಬೇಡಿರಿ	114
ಕೆಮ್ಮು	ಕೊಡಿಕೊಳ್ಳಿರಿ	97
ಕೆಮ್ಮು	ಕೊಡುತ್ತಿರುವುದು	156
ಕೆಮ್ಮು	ಕೊಡಿಸಿದನು	91
ಕೆಮ್ಮು	ಕೊಡುವಾಗಲೆಲ್ಲಾ	29
ಕೆಮ್ಮು	ಕೊಡಿದೆನು	162
ಕೆಮ್ಮು	ಕೊಡುವುದೇ	36
ಕೆಮ್ಮು	ಕೊಡಬೇಕಾದರೆ	80
ಕೆಮ್ಮು	ಕೊಡಿಕೊಳ್ಳುವವನು	10
ಕೆಮ್ಮು	ಹುಟ್ಟಿದರು	9
ಕೆಮ್ಮು	ಕೊಡದಂತೆ	54
ಕೆಮ್ಮು	ಕೊಡಿದವನೂ	70
ಕೆಮ್ಮು	ಕೊಡಬೇಕೆಂಬ	103
ಕೆಮ್ಮು	ಹೇಳಲಾರೆ	0
ಕೆಮ್ಮು	ಕಮಾಡುವುದಕ್ಕೂ	102
ಕೆಮ್ಮು	ಕೊಡುತ್ತಿರುವೆ	13
ಕೆಮ್ಮು	ಕೊಡಿಕೊಂಡು	151
ಕೆಮ್ಮು	ಕಮಾಡುವುದೇಕೆ	12
ಕೆಮ್ಮು	ಕೊಡುತ್ತಿದ್ದೇವೆ	115
ಕೆಮ್ಮು	ಕೊಡದ	34
ಕೆಮ್ಮು	ಕೊಡಲಿಲ್ಲ	138
ಕೆಮ್ಮು	ಕೆೆೆದ	166
ಕೆಮ್ಮು	ಕೊಡೆನು	125
ಕೆಮ್ಮು	ಕೊಡಿದರು	164
ಕೆಮ್ಮು	ಕೊಡಿಕೊ	106
ಕೆಮ್ಮು	ಕೊಡಿದವನು	117
ಕೆಮ್ಮು	ಕೊಡುತ್ತವೆ	66
ಕೆಮ್ಮು	ಕೊಡುವವರು	62
ಕೆಮ್ಮು	ಕೊಡದಿರುವ	82
ಕೆಮ್ಮು	ಕೊಡಿದವರು	16
ಕೆಮ್ಮು	ಕೊಡುತ್ತೇನೆ	140
ಕಾಪಾಡು	ಕಾಪಾಡದಂತೆ	54
ಕಾಪಾಡು	ಕಾಪಾಡಿದೆನು	162
ಕಾಪಾಡು	ಕಾಪಾಡುವವರೂ	85
ಕಾಪಾಡು	ಕಾಪಾಡಿದವನೂ	70
ಕಾಪಾಡು	ಕಾಪಾಡಿಸಲು	24
ಕಾಪಾಡು	ಕಾಪಾಡಿದವುಗಳನ್ನೂ	39
ಕಾಪಾಡು	ಕಾಪಾಡಿಸಿದನು	91
ಕಾಪಾಡು	ಕಾಪಾಡದಿರುವುದರಿಂದ	67
ಕಾಪಾಡು	ಕಾಪಾಡಬಹುದು	26
ಕಾಪಾಡು	ಕಾಪಾಡುವುದರಲ್ಲಿ	52
ಕಾಪಾಡು	ಕಾಪಾಡುತ್ತೀರಿ	141
ಕಾಪಾಡು	ಕಾಪಾಡಿದರೂ	147
ಕಾಪಾಡು	ಕಾಪಾಡದಿಂದ	1
ಕಾಪಾಡು	ಕಾಪಾಡುತ್ತಿದ್ದವರು	42
ಕಾಪಾಡು	ಕಾಪಾಡುವ	169
ಕಾಪಾಡು	ಕಾಪಾಡಿದೆವು	120
ಕಾಪಾಡು	ಕಾಪಾಡುವುದಕ್ಕೆ	150
ಕಾಪಾಡು	ಕಾಪಾಡಿಕೊಂಡ	38
ಕಾಪಾಡು	ಕಾಪಾಡಿಕೊಳ್ಳುವಂತೆ	4
ಕಾಪಾಡು	ಕಾಪಾಡುತ್ತಿದ್ದೇನೆಂದು	86
ಕಾಪಾಡು	ಕಾಪಾಡುವಂತೆ	61
ಕಾಪಾಡು	ಕಾಪಾಡಲಾಗಲಿಲ್ಲ	35
ಕಾಪಾಡು	ಕಾಪಾಡುವುದಿಲ್ಲವೆಂದು	40
ಕಾಪಾಡು	ಕಾಪಾಡುತ್ತಾನೆ	163
ಕಾಪಾಡು	ಕಾಪಾಡುತ್ತಿದ್ದವರ	60
ಕಾಪಾಡು	ಕಾಪಾಡಿಸಿಕೊಂಡ	17
ಕಾಪಾಡು	ಕಾಪಾಡಿದ್ದು	78
ಕಾಪಾಡು	ಕಾಪಾಡಬೇಕಿತ್ತು	75
ಕಾಪಾಡು	ಕಾಪಾಡುತ್ತಿದ್ದಾರೆಂಬುದು	83
ಕಾಪಾಡು	ಕಾಪಾಡೋಣ	3
ಕಾಪಾಡು	ಕಾಪಾಡುವೆನು	8
ಕಾಪಾಡು	ಕಾಪಾಡುತ್ತಾರೆ	152
ಕಾಪಾಡು	ಕಾಪಾಡದಿದ್ದರೆ	77
ಕಾಪಾಡು	ಕಾಪಾಡಿತು	43
ಕಾಪಾಡು	ಕಾಪಾಡಿರಿ	165
ಕಾಪಾಡು	ಕಾಪಾಡಿದ್ದಾರೆ	135
ಕಾಪಾಡು	ಕಾಪಾಡಿಕೊಳ್ಳಬೇಕೆಂದು	22
ಕಾಪಾಡು	ಕಾಪಾಡಿಕೊಂಡರೆ	58
ಕಾಪಾಡು	ಕಾಪಾಡುತ್ತಿಲ್ಲ	118
ಕಾಪಾಡು	ಕಾಪಾಡುವುದೇ	36
ಕಾಪಾಡು	ಕಾಪಾಡಲಿ	128
ಕಾಪಾಡು	ಕಾಪಾಡಿಕೊಂಡನು	19
ಕಾಪಾಡು	ಕಾಪಾಡಿದನು	167
ಕಾಪಾಡು	ಕಾಪಾಡುವಾಗಲೆಲ್ಲಾ	29
ಕಾಪಾಡು	ಕಾಪಾಡಿಸಿಕೊಳ್ಳಲು	68
ಕಾಪಾಡು	ಕಾಪಾಡಿಕೊಳ್ಳುವವನು	10
ಕಾಪಾಡು	ಕಾಪಾಡುತ್ತಿದ್ದಾರೆ	119
ಕಾಪಾಡು	ಕಾಪಾಡಿದ್ದನ್ನು	48
ಕಾಪಾಡು	ಕಾಪಾಡಿದಾಗಲೆಲ್ಲಾ	79
ಕಾಪಾಡು	ಕಾಪಾತು	44
ಕಾಪಾಡು	ಕಾಪಾಡಬೇಕೆಂತಲೂ	92
ಕಾಪಾಡು	ಕಾಪಾಡಿಕೊಳ್ಳಲಿಲ್ಲ	113
ಕಾಪಾಡು	ಕಾಪಾಡಲೇಬೇಕು	7
ಕಾಪಾಡು	ಕಾಪಾಡಬೇಡಿ	105
ಕಾಪಾಡು	ಕಾಪಾಡುತ್ತೀರೋ	71
ಕಾಪಾಡು	ಕಾಪಾಡತೊಡಗಿದರು	139
ಕಾಪಾಡು	ಕಾಪಾಡುತ್ತಾ	131
ಕಾಪಾಡು	ಕಾಪಾಡಿಸುವುದು	41
ಕಾಪಾಡು	ಕಾಪಾಡಿಸುತ್ತಾನೆ	93
ಕಾಪಾಡು	ಕಾಪಾಡುವವರಾಗಿದ್ದರೆ	31
ಕಾಪಾಡು	ಕಾಪಾಡುವವನು	160
ಕಾಪಾಡು	ಕಾಪಾಡಿಕೊಳ್ಳಲಿ	110
ಕಾಪಾಡು	ಕಾಪಾಡುತ್ತಿದ್ದರೆ	32
ಕಾಪಾಡು	ಕಾಪಾಡಿಸುವುದಿಲ್ಲ	84
ಕಾಪಾಡು	ಕಾಪಾಡಿದ್ದರಿಂದ	121
ಕಾಪಾಡು	ಕಾಪಾಡುವುದೇಕೆ	12
ಕಾಪಾಡು	ಕಾಪಾಡುತ್ತಿದ್ದನು	161
ಕಾಪಾಡು	ಕಾಪಾಡದಿದ್ದರೂ	46
ಕಾಪಾಡು	ಕಾಪಾಡಿದ್ದೇನೆ	122
ಕಾಪಾಡು	ಕಾಪಾಡುತ್ತಿರುವ	134
ಕಾಪಾಡು	ಕಾಪಾಡಲೆಂದು	23
ಕಾಪಾಡು	ಕಾಪಾಡುವಾಗ	136
ಕಾಪಾಡು	ಕಾಪಾಡುತ್ತೇನೆ	140
ಕಾಪಾಡು	ಕಾಪಾಡುವುದಕ್ಕಿಂತ	108
ಕಾಪಾಡು	ಕಾಪಾಡುವುದರಿಂದ	109
ಕಾಪಾಡು	ಕಾಪಾಡಿದ್ದ	49
ಕಾಪಾಡು	ಕಾಪಾಡಿದ	166
ಕಾಪಾಡು	ಕಾಪಾಡಿಲ್ಲ	144
ಕಾಪಾಡು	ಕಾಪಾಡಿಕೊಳ್ಳಲು	130
ಕಾಪಾಡು	ಕಾಪಾಡುತ್ತಲೇ	94
ಕಾಪಾಡು	ಕಾಪಾಡಿಕೊ	106
ಕಾಪಾಡು	ಕಾಪಾಡಿಸುವೆನು	50
ಕಾಪಾಡು	ಕಾಪಾಡಬೇಕಾದರೆ	80
ಕಾಪಾಡು	ಕಾಪಾಡುವುದಕ್ಕೂ	102
ಕಾಪಾಡು	ಕಾಪಾಡುತ್ತಿದ್ದ	89
ಕಾಪಾಡು	ಕಾಪಾಡಬೇಕೆಂಬ	103
ಕಾಪಾಡು	ಕಾಪಾಡುವವರು	62
ಕಾಪಾಡು	ಕಾಪಾಡಬೇಕೆಂದು	159
ಕಾಪಾಡು	ಕಾಪಾಡುತ್ತೇವೆ	146
ಕಾಪಾಡು	ಕಾಪಾಡಿಲ್ಲದ	123
ಕಾಪಾಡು	ಕಾಪಾಡಿದರು	9
ಕಾಪಾಡು	ಕಾಪಾಡುತ್ತಿರುವುದು	156
ಕಾಪಾಡು	ಕಾಪಾಡಿಕೊಳ್ಳಿ	69
ಕಾಪಾಡು	ಕಾಪಾಡುತ್ತಿರುವೆ	13
ಕಾಪಾಡು	ಕಾಪಾಡಿಕೊಂಡೆನು	125
ಕಾಪಾಡು	ಕಾಪಾಡುತ್ತಿದ್ದೀರಿ	111
ಕಾಪಾಡು	ಕಾಪಾಡಿದವರು	16
ಕಾಪಾಡು	ಕಾಪಾಡಿದರೆ	132
ಕಾಪಾಡು	ಕಾಪಾಡುವವರ	87
ಕಾಪಾಡು	ಕಾಪಾಡಿಕೊಳ್ಳುವೆನು	27
ಕಾಪಾಡು	ಕಾಪಾಡು	90
ಕಾಪಾಡು	ಕಾಪಾಡುವೆ	149
ಕಾಪಾಡು	ಕಾಪಾಡಿಕೊಳ್ಳುತ್ತೇನೆ	25
ಕಾಪಾಡು	ಕಾಪಾಡಿದ್ದಾನೆ	98
ಕಾಪಾಡು	ಕಾಪಾಡಿದ್ದೇವೆ	96
ಕಾಪಾಡು	ಕಾಪಾಡಿರುವ	127
ಕಾಪಾಡು	ಕಾಪಾಡಿಸಿತು	65
ಕಾಪಾಡು	ಕಾಪಾಡುವುದರಲ್ಲಿಯೂ	59
ಕಾಪಾಡು	ಕಾಪಾಡದಿರುವ	82
ಕಾಪಾಡು	ಕಾಪಾಡಿಕೊಂಡು	151
ಕಾಪಾಡು	ಕಾಪಾಡಿಕೊಳ್ಳಿರಿ	97
ಕಾಪಾಡು	ಕಾಪಾಡುತ್ತಿದ್ದೆನು	66
ಕಾಪಾಡು	ಕಾಪಾಡುತ್ತಿದ್ದಳು	76
ಕಾಪಾಡು	ಕಾಪಾಡಿದಾಗ	148
ಕಾಪಾಡು	ಕಾಪಾಡುತ್ತಿದ್ದಾನೆ	57
ಕಾಪಾಡು	ಕಾಪಾಡಲು	168
ಕಾಪಾಡು	ಕಾಪಾಡಲಾರೆ	0
ಕಾಪಾಡು	ಕಾಪಾಡಬೇಡ	137
ಕಾಪಾಡು	ಕಾಪಾಡುತ್ತಾ	5
ಕಾಪಾಡು	ಕಾಪಾಡುವರು	6
ಕಾಪಾಡು	ಕಾಪಾಡಿದವನಾಗಿದ್ದಾನೆ	81
ಕಾಪಾಡು	ಕಾಪಾಡಿರುವೆ	116
ಕಾಪಾಡು	ಕಾಪಾಡುತ್ತಿದ್ದಾಗಲೇ	20
ಕಾಪಾಡು	ಕಾಪಾಡಿದ್ದನು	45
ಕಾಪಾಡು	ಕಾಪಾಡುವುದಕ್ಕಿಂತಲೂ	124
ಕಾಪಾಡು	ಕಾಪಾಡಿದ್ದರೆ	21
ಕಾಪಾಡು	ಕಾಪಾಡುತ್ತಿದ್ದಾಗ	51
ಕಾಪಾಡು	ಕಾಪಾಡಿಕೊಳ್ಳುವನು	47
ಕಾಪಾಡು	ಕಾಪಾಡಿಕೊಳ್ಳುವ	101
ಕಾಪಾಡು	ಕಾಪಾಡುವುದಿಲ್ಲ	142
ಕಾಪಾಡು	ಕಾಪಾಡುವುದರ	55
ಕಾಪಾಡು	ಕಾಪಾಡುತ್ತಿದ್ದಂತೆ	53
ಕಾಪಾಡು	ಕಾಪಾಡುವುದಾದರೆ	63
ಕಾಪಾಡು	ಕಾಪಾಡುವುದು	100
ಕಾಪಾಡು	ಕಾಪಾಡುತ್ತಿರಲಿಲ್ಲ	15
ಕಾಪಾಡು	ಕಾಪಾಡುತ್ತಿರುವಾಗ	18
ಕಾಪಾಡು	ಕಾಪಾಡಬಲ್ಲನು	73
ಕಾಪಾಡು	ಕಾಪಾಡಿದಿರಿ	107
ಕಾಪಾಡು	ಕಾಪಾಡುವವನಾಗಿದ್ದಾನೆ	143
ಕಾಪಾಡು	ಕಾಪಾಡಿದರು	164
ಕಾಪಾಡು	ಕಾಪಾಡದೆ	158
ಕಾಪಾಡು	ಕಾಪಾಡುತ್ತೇನೆ	2
ಕಾಪಾಡು	ಕಾಪಾಡುತ್ತದೆ	126
ಕಾಪಾಡು	ಕಾಪಾಡಿಸಿಕೊಂಡಿದ್ದರು	14
ಕಾಪಾಡು	ಕಾಪಾಡುತ್ತಿರುವಾಗಲೇ	30
ಕಾಪಾಡು	ಕಾಪಾಡುವನು	129
ಕಾಪಾಡು	ಕಾಪಾಡುತ್ತಿರುವವನು	74
ಕಾಪಾಡು	ಕಾಪಾಡಬೇಡಿರಿ	114
ಕಾಪಾಡು	ಕಾಪಾಡಿಕೊಂಡರು	37
ಕಾಪಾಡು	ಕಾಪಾಡುವುದಕ್ಕಾಗಿ	155
ಕಾಪಾಡು	ಕಾಪಾಡಿಕೊಳ್ಳುತ್ತಾನೆ	11
ಕಾಪಾಡು	ಕಾಪಾಡುತ್ತಿದ್ದೇವೆ	115
ಕಾಪಾಡು	ಕಾಪಾಡುವಿರಿ	112
ಕಾಪಾಡು	ಕಾಪಾಡಿಕೊಂಡಿದ್ದಾನೆ	28
ಕಾಪಾಡು	ಕಾಪಾಡುತ್ತಾನೆಂಬುದು	72
ಕಾಪಾಡು	ಕಾಪಾಡಿದ್ದಾನೆಂದು	33
ಕಾಪಾಡು	ಕಾಪಾಡದಂತೆಯೂ	104
ಕಾಪಾಡು	ಕಾಪಾಡುತ್ತಿದ್ದರು	145
ಕಾಪಾಡು	ಕಾಪಾಡಿದವನು	117
ಕಾಪಾಡು	ಕಾಪಾಡಬೇಕು	157
ಕಾಪಾಡು	ಕಾಪಾಡುವವರಿಗೆ	64
ಕಾಪಾಡು	ಕಾಪಾಡದ	34
ಕಾಪಾಡು	ಕಾಪಾಡಲಿಲ್ಲ	138
ಕಾಪಾಡು	ಕಾಪಾಡಿದ್ದರು	133
ಕಾಪಾಡು	ಕಾಪಾಡುತ್ತಿದ್ದೇನೆ	154
ಕಾಪಾಡು	ಕಾಪಾಡಿ	170
ಕಾಪಾಡು	ಕಾಪಾಡಿದ್ದೀರಿ	153
ಕಾಪಾಡು	ಕಾಪಾಡು	171
ಕಾಪಾಡು	ಕಾಪಾಡಿದೆ	99
ಕಾಪಾಡು	ಕಾಪಾಡಿದ್ದಳು	56
ಕಾಪಾಡು	ಕಾಪಾಡುತ್ತಿದ್ದೀರಾ	88
ಕಾಪಾಡು	ಕಾಪಾಡಿದಳು	95
ಮೀ	ಮಾಡುವುದೇ	36
ಮೀ	ಮಾಡಬಲ್ಲನು	73
ಮೀ	ಮಾಡುವರು	6
ಮೀ	ಮಾಡುವುದೇಕೆ	12
ಮೀ	ಮಾಡಲೆಂದು	23
ಮೀ	ಮಾಡುತ್ತವೆ	66
ಮೀ	ಮಾಡಿದ್ದರೆ	21
ಮೀ	ಮಾಡುವೆ	149
ಮೀ	ಮಾಡುತ್ತಿರುವಾಗ	18
ಮೀ	ಮಾಡುತ್ತಿದ್ದೀರಿ	111
ಮೀ	ಮಾಡುತ್ತೀರಿ	141
ಮೀ	ಮಾಡುತ್ತಾನೆಂಬುದು	72
ಮೀ	ಮಾಡುತ್ತಿದ್ದಾಗ	51
ಮೀ	ಮಾಡಿಕೊಳ್ಳಲಿಲ್ಲ	113
ಮೀ	ಮಾಡುವವನು	160
ಮೀ	ಮಾಡಲಾಯಿತು	9
ಮೀ	ಮಾಡಿಸಿದನು	91
ಮೀ	ಮಾಡುವಂತೆ	61
ಮೀ	ಮಾಡುತ್ತಿದ್ದೇನೆ	154
ಮೀ	ಮಾಡಬೇಕೆಂಬ	103
ಮೀ	ಮಾಡುತ್ತಿದ್ದವರ	60
ಮೀ	ಮಾಡಲಾಗಲಿಲ್ಲ	35
ಮೀ	ಮಾಡುವವರು	62
ಮೀ	ಮಾಡಿದ್ದೇವೆ	96
ಮೀ	ಮಾಡಿಕೊಳ್ಳಲು	130
ಮೀ	ಮಾಡಿದ್ದಾನೆಂದು	33
ಮೀ	ಮಾಡಲಾರನು	65
ಮೀ	ಮಾಡುತ್ತೇನೆ	140
ಮೀ	ಮಾಡಿದ್ದಾರೆ	135
ಮೀ	ಮಾಡಿದಳು	95
ಮೀ	ಮಾಡುವವರೂ	85
ಮೀ	ಮಾಡುವುದರ	55
ಮೀ	ಮಾಡುವುದಿಲ್ಲವೆಂದು	40
ಮೀ	ಮಾಡುವುದಾದರೆ	63
ಮೀ	ಮಾಡಿತು	43
ಮೀ	ಮಾಡದಂತೆ	54
ಮೀ	ಮಾಡುತ್ತಾನೆ	163
ಮೀ	ಮಾಡಲಿಲ್ಲ	138
ಮೀ	ಮಾಡುತ್ತಿದ್ದರು	145
ಮೀ	ಮಾಡುವೆನು	8
ಮೀ	ಮಾಡಿಸಲು	24
ಮೀ	ಮಾಡಿಸುವೆನು	50
ಮೀ	ಮಾಡಿಸಿಕೊಂಡಿದ್ದರು	14
ಮೀ	ಮಾಡಬೇಕಿತ್ತು	75
ಮೀ	ಮಾಡಲೇಬೇಕು	7
ಮೀ	ಮಾಡಿದವರು	16
ಮೀ	ಮಾಡುವುದರಲ್ಲಿಯೂ	59
ಮೀ	ಮಾಡದಿದ್ದರೂ	46
ಮೀ	ಮಾಡಿಕೊಂಡ	38
ಮೀ	ಮಾಡುತ್ತಿರಲಿಲ್ಲ	15
ಮೀ	ಮಾಡು	171
ಮೀ	ಮಾಡಿಕೊಳ್ಳುವನು	47
ಮೀ	ಮಾಡಿದ್ದೇನೆ	122
ಮೀ	ಮಾಡುವುದಕ್ಕಾಗಿ	155
ಮೀ	ಮಾಡಲು	168
ಮೀ	ಮಾಡಿದೆನು	162
ಮೀ	ಮಾಡುತ್ತಿರುವ	134
ಮೀ	ಮಾಡಿಕೊಂಡೆನು	125
ಮೀ	ಮಾಡಿದ್ದೀರಿ	153
ಮೀ	ಮಾಡಿದರು	164
ಮೀ	ಮಾಡುತ್ತಿದ್ದಾರೆ	119
ಮೀ	ಮಾಡುತ್ತಿದ್ದಾಗಲೇ	20
ಮೀ	ಮಾಡಿದರೂ	147
ಮೀ	ಮಾತು	44
ಮೀ	ಮಾಡಿದನು	167
ಮೀ	ಮಾಡಿಸಿಕೊಂಡ	17
ಮೀ	ಮಾಡುವುದಕ್ಕಿಂತ	108
ಮೀ	ಮಾಡದೆ	158
ಮೀ	ಮಾಡುತ್ತಿಲ್ಲ	118
ಮೀ	ಮಾಡುತ್ತಿದ್ದಂತೆ	53
ಮೀ	ಮಾಡಬೇಕೆಂಬುದೇ	5
ಮೀ	ಮಾಡುತ್ತಿದ್ದರೆ	32
ಮೀ	ಮಾಡಿಕೊಂಡರೆ	58
ಮೀ	ಮಾಡುವುದು	100
ಮೀ	ಮಾಡುತ್ತಿದ್ದೀರಾ	88
ಮೀ	ಮಾಡಿದ್ದು	78
ಮೀ	ಮಾಡಿಕೊಂಡು	151
ಮೀ	ಮಾಡುವವನಾಗಿದ್ದಾನೆ	143
ಮೀ	ಮಾಡದಿದ್ದರೆ	77
ಮೀ	ಮಾಡಿಕೊಳ್ಳಬೇಕೆಂದು	22
ಮೀ	ಮಾಡಿದಾಗಲೆಲ್ಲಾ	79
ಮೀ	ಮಾಡಿಕೊಂಡನು	19
ಮೀ	ಮಾಡಿದ್ದ	49
ಮೀ	ಮಾಡುತ್ತೀರೋ	71
ಮೀ	ಮಾಡಿದರೆ	132
ಮೀ	ಮಾಡುತ್ತಿದ್ದಳು	76
ಮೀ	ಮಾಡಿಕೊಳ್ಳುತ್ತಾನೆ	11
ಮೀ	ಮಾಡಬೇಕೆಂದು	159
ಮೀ	ಮಾಡಿಸಿಕೊಳ್ಳಲು	68
ಮೀ	ಮಾಡಬೇಕಾದರೆ	80
ಮೀ	ಮಾಡುವವರಿಗೆ	64
ಮೀ	ಮಾಡದಿರುವ	82
ಮೀ	ಮಾಡಿದಿರಿ	107
ಮೀ	ಮಾಡೋಣ	3
ಮೀ	ಮಾಡಿಕೊಳ್ಳಬೇಕು	2
ಮೀ	ಮಾಡಿದೆವು	120
ಮೀ	ಮಾಡಿದವನಾಗಿದ್ದಾನೆ	81
ಮೀ	ಮಾಡುತ್ತಿದ್ದನು	161
ಮೀ	ಮಾಡಿರಿ	165
ಮೀ	ಮಾಡಿದ್ದನ್ನು	48
ಮೀ	ಮಾಡಿಕೊಂಡರು	37
ಮೀ	ಮಾಡುವವರ	87
ಮೀ	ಮಾಡಿದವನು	117
ಮೀ	ಮಾಡಬೇಡಿ	105
ಮೀ	ಮಾಡುವಾಗ	136
ಮೀ	ಮಾೀತಿಂದ	1
ಮೀ	ಮಾಡುತ್ತಿರುವೆ	13
ಮೀ	ಮಾಡಿಕೊಳ್ಳುವೆನು	27
ಮೀ	ಮಾಡುವುದಕ್ಕಿಂತಲೂ	124
ಮೀ	ಮಾಡುತ್ತೇವೆ	146
ಮೀ	ಮಾಡಿಕೊಳ್ಳುತ್ತೇನೆ	25
ಮೀ	ಮಾಡುವುದರಲ್ಲಿ	52
ಮೀ	ಇದು	90
ಮೀ	ಮಾಡದಿರುವುದರಿಂದ	67
ಮೀ	ಮಾಡಿರುವ	127
ಮೀ	ಮಾಡುವುದಕ್ಕೂ	102
ಮೀ	ಮಾಡುತ್ತದೆ	126
ಮೀ	ಮಾಡಿಸುತ್ತಾನೆ	93
ಮೀ	ಮಾಡುವುದರಿಂದ	109
ಮೀ	ಮಾಡುವ	169
ಮೀ	ಮಾಡಬೇಡ	137
ಮೀ	ಮಾಡುವುದಿಲ್ಲ	142
ಮೀ	ಮಾಡುತ್ತಿದ್ದವರು	42
ಮೀ	ಮಾಡಿದ್ದನು	45
ಮೀ	ಮಾಡಿ	170
ಮೀ	ಮಾಡುವಾಗಲೆಲ್ಲಾ	29
ಮೀ	ಮಾಡುತ್ತಿರುವಾಗಲೇ	30
ಮೀ	ಮಾಡುವಿರಿ	112
ಮೀ	ಮಾಡಿಕೊಳ್ಳುವ	101
ಮೀ	ಮಾಡಿದಾಗ	148
ಮೀ	ಮಾಡುತ್ತಾ	131
ಮೀ	ಮಾಡಿಕೊಳ್ಳಿ	69
ಮೀ	ಮಾಡಿರುವೆ	116
ಮೀ	ಮಾಡುತ್ತಿರುವುದು	156
ಮೀ	ಮಾಡುವವರಾಗಿದ್ದರೆ	31
ಮೀ	ಮಾಡಲಾರೆ	0
ಮೀ	ಮಾಡಿದ್ದರಿಂದ	121
ಮೀ	ಮಾಡಿರಲಿಲ್ಲ	84
ಮೀ	ಮಾಡಿಕೊಳ್ಳುವಂತೆ	4
ಮೀ	ಮಾಡಿದೆ	99
ಮೀ	ಮಾಡುತ್ತಿದ್ದಾನೆ	57
ಮೀ	ಮಾಡುತ್ತಿದ್ದೇನೆಂದು	86
ಮೀ	ಮಾಡದಂತೆಯೂ	104
ಮೀ	ಮಾಡಬೇಕು	157
ಮೀ	ಮಾಡಲಿ	128
ಮೀ	ಮಾಡುತ್ತಿದ್ದ	89
ಮೀ	ಮಾಡಬಹುದು	26
ಮೀ	ಮಾಡಿದ್ದರು	133
ಮೀ	ಮಾಡಬೇಕಾಗಿದ್ದ	39
ಮೀ	ಮಾಡಿಕೊ	106
ಮೀ	ಮಾಡಬೇಡಿರಿ	114
ಮೀ	ಮಾಡಿದ್ದಾನೆ	98
ಮೀ	ಮಾಡುತ್ತಾರೆ	152
ಮೀ	ಮಾಡಿಕೊಳ್ಳಿರಿ	97
ಮೀ	ಮಾಡಿದ	166
ಮೀ	ಮಾಡಿಕೊಳ್ಳುವವನು	10
ಮೀ	ಮಾಡುವನು	129
ಮೀ	ಮಾಡಿಲ್ಲದ	123
ಮೀ	ಮಾಡುತ್ತಲೇ	94
ಮೀ	ಮಾಡುತ್ತಿದ್ದೇವೆ	115
ಮೀ	ಮಾಡಿದವನೂ	70
ಮೀ	ಮಾಡುತ್ತಿರುವವನು	74
ಮೀ	ಮಾಡದ	34
ಮೀ	ಮಾಡಿಲ್ಲ	144
ಮೀ	ಮಾಡಿಕೊಂಡಿದ್ದಾನೆ	28
ಮೀ	ಮಾಡುವುದಕ್ಕೆ	150
ಮೀ	ಮಾಡಿಕೊಳ್ಳಲಿ	110
ಮೀ	ಮಾಡಿಸುವುದು	41
ಮೀ	ಮಾಡಬೇಕೆಂತಲೂ	92
ಮೀ	ಮಾಡತೊಡಗಿದರು	139
ಮೀ	ಮಾಡುತ್ತಿದ್ದಾರೆಂಬುದು	83
ಮೀ	ಮಾಡಿದ್ದಳು	56
ಈಜು	ನೋಡಿದವನು	117
ಈಜು	ಹುವರು	6
ಈಜು	ವರು	16
ಈಜು	ಲ್ಲದ	123
ಈಜು	ಾಗ	136
ಈಜು		170
ಈಜು	ಕೊಡಿಸಿಕೊಂಡಿದ್ದರು	14
ಈಜು	ಕೊಳಿಸಿಕೊಳ್ಳಲು	68
ಈಜು	ಕೊಳಲಾರದ	10
ಈಜು	ತೆ	54
ಈಜು	ಂದಲೆಂದು	23
ಈಜು	ಕೇಳಬೇಕಾದರೆ	80
ಈಜು	ಾಗಲೆಲ್ಲಾ	29
ಈಜು	ಹೋಡುತ್ತೀರಿ	141
ಈಜು	ಇದಿದ್ದ	49
ಈಜು	ಹೋಣ	3
ಈಜು	ನಾಡಿದವನಾಗಿದ್ದಾನೆ	81
ಈಜು	ಗುತ್ತಿದ್ದಾಗಲೇ	20
ಈಜು	ಓಡಿರುವ	127
ಈಜು	ಮಾಡಿದ್ದೇವೆ	96
ಈಜು	ದ್ದೀರಿ	111
ಈಜು	ಕೊಡಿಕೊಂಡಳು	15
ಈಜು	ಕೆಂದು	159
ಈಜು	ಕೇಳಬೇಕೆಂಬ	103
ಈಜು	ನುವನು	47
ಈಜು	ಕೇಳುವುದಕ್ಕಿಂತಲೂ	124
ಈಜು	ಮಾಡಿದ್ದಾರೆ	135
ಈಜು	ಹುತ್ತಿರುವುದು	156
ಈಜು	ನುವವನು	160
ಈಜು	ಮಾಡುವುದಾದರೆ	63
ಈಜು	<UNK>ಿದರೆ	132
ಈಜು	ಕೊಡುತ್ತಿದ್ದಂತೆ	53
ಈಜು		169
ಈಜು	ಹುವುದರಲ್ಲಿ	52
ಈಜು	ತಲೇ	94
ಈಜು	ಇದು	86
ಈಜು	ಗಲಾಗಲಿಲ್ಲ	35
ಈಜು	ಕೊಳಿಕೊಳ್ಳಲಿಲ್ಲ	113
ಈಜು	ಹುದು	26
ಈಜು	<UNK>ಿದ್ದರೆ	21
ಈಜು	<UNK><UNK>ುವಂತೆ	61
ಈಜು	ಚದಾರೆಂದಿದ್ದಾರೆ	50
ಈಜು	ಯೂ	104
ಈಜು	ಓಡಿರುವೆ	116
ಈಜು	ವಿರಿ	112
ಈಜು		166
ಈಜು	ಇದು	133
ಈಜು	<UNK><UNK>ುವುದಿಲ್ಲ	142
ಈಜು	ಲ್ಲ	144
ಈಜು	ರಿ	114
ಈಜು		36
ಈಜು	ಕೇಳುವುದಕ್ಕಿಂತ	108
ಈಜು	ಹೇಳುತ್ತೇವೆ	146
ಈಜು	ತದೆ	126
ಈಜು	<UNK><UNK>ುತ್ತಿದ್ದೀರಾ	88
ಈಜು	ನಂಬುತ್ತಿರುವವನು	74
ಈಜು	<UNK><UNK>ಬಲ್ಲನು	73
ಈಜು	ಕೊಡಿಕೊಂಡಿದ್ದಾನೆ	28
ಈಜು	ನಂಬಿದ್ದಾನೆ	98
ಈಜು	ಕೂ	102
ಈಜು	ಕಾಪಾಡುವವರಾಗಿದ್ದರೆ	31
ಈಜು	ಕೇಳುವವರೂ	85
ಈಜು	ನಂಬಿಕೊಂಡನು	19
ಈಜು	ುವುದು	100
ಈಜು	ತಿದ್ದರೆ	32
ಈಜು	ದಿದ್ದರೂ	46
ಈಜು	ತೀರೋ	71
ಈಜು	<UNK><UNK>ಬೇಡಿ	105
ಈಜು	ಕೊಳಿಕೊಳ್ಳುವ	101
ಈಜು	ಕೊಡುತ್ತಿದ್ದರು	145
ಈಜು	ತು	44
ಈಜು	ತಿದ್ದೇವೆ	115
ಈಜು	ನೋಡುತ್ತೇನೆ	140
ಈಜು	ನೋಡಿದನು	167
ಈಜು	ಈಜು	171
ಈಜು	ಕೊಡಿಕೊಂಡರೆ	58
ಈಜು	ಕೊಡುತ್ತಿಲ್ಲ	118
ಈಜು	ಸುತ್ತಾನೆ	93
ಈಜು	ಮಾಡುವವನಾಗಿದ್ದಾನೆ	143
ಈಜು	ಕೇಳಬೇಕು	157
ಈಜು	ು	95
ಈಜು	<UNK><UNK>ುತ್ತವೆ	66
ಈಜು	ೂ	147
ಈಜು	<UNK><UNK>ುವುದಿಲ್ಲವೆಂದು	40
ಈಜು	ಕೊಡಿಕೊಂಡ	38
ಈಜು	ದ್ದೇನೆ	154
ಈಜು	ಗುತ್ತಿರಲು	51
ಈಜು	ಮಾಡಿದಾಗಲೆಲ್ಲಾ	79
ಈಜು	ರಿ	165
ಈಜು	ಕೊಡಿಕೊಂಡೆನು	125
ಈಜು		34
ಈಜು	<UNK><UNK>ದೇ	18
ಈಜು	ತಾರೆ	152
ಈಜು	ಹಾಡಿರಿ	8
ಈಜು	<UNK><UNK>ದೆ	158
ಈಜು	ಅನು	56
ಈಜು	ನೋಡುತ್ತಾನೆ	163
ಈಜು	ಹೋಗುತ್ತಾನೆ	7
ಈಜು	ಕೇಳಬೇಕೆಂತಲೂ	92
ಈಜು	ನೋಡಿಕೊಳ್ಳುತ್ತೇವೆ	91
ಈಜು	ಕೊಡುವುದಕ್ಕೆ	150
ಈಜು	ನುವನು	129
ಈಜು	ಓಡಿದರು	164
ಈಜು	ಇದು	42
ಈಜು	ಮಾಡುತ್ತಿರುವೆ	13
ಈಜು	ನುಸರಿಸಿತು	65
ಈಜು	ಿದಿರಿ	107
ಈಜು	<UNK><UNK>ತೊಡಗಿದರು	139
ಈಜು	ಕಾಗುವುದಕ್ಕಾಗಿ	155
ಈಜು	ಇದು	90
ಈಜು	ಹೇಳುವುದೇಕೆ	12
ಈಜು	ನಂಬಿದ್ದಾನೆಂದು	33
ಈಜು	ಸಿಕೊಂಡ	17
ಈಜು	ವರು	62
ಈಜು	ಕೊಡುತ್ತಿರುವ	134
ಈಜು	ಹಾಡಿದೆವು	0
ಈಜು	ದ್ದೇನೆ	122
ಈಜು	ಸುವುದು	41
ಈಜು	ಕೊಳಿಕೊಳ್ಳಬೇಕೆಂದು	22
ಈಜು	ಕೊಳಿಕೊಳ್ಳುವೆನು	27
ಈಜು	ದ್ದೀರಿ	153
ಈಜು	ನೋಡಿಕೊಳ್ಳುತ್ತೇನೆ	25
ಈಜು	ಕೊಡಿಕೊಂಡರು	37
ಈಜು	<UNK><UNK>ಿದಾಗ	148
ಈಜು		128
ಈಜು	ದೆ	99
ಈಜು	ಕೇಳಿಕೊಳ್ಳುವಂತೆ	4
ಈಜು	ಕೊಳಿಕೊಳ್ಳಲು	130
ಈಜು	ನಂಬದಿಂದ	1
ಈಜು	<UNK>ದಿರುವುದರಿಂದ	67
ಈಜು	ನಂಬಿದ್ದನ್ನು	48
ಈಜು	ನೋಡಿದವುಗಳನ್ನೂ	39
ಈಜು	ಲಿಲ್ಲ	138
ಈಜು	<UNK><UNK>ುವುದರಿಂದ	109
ಈಜು	ಗೆ	64
ಈಜು	<UNK><UNK>ಬೇಡ	137
ಈಜು	ನಂಬುತ್ತಿದ್ದಾನೆ	57
ಈಜು	ಕೊಳಿಕೊಳ್ಳಿ	69
ಈಜು	<UNK><UNK>ುತ್ತಿದ್ದಾರೆ	119
ಈಜು	ನೋಡುತ್ತಿದ್ದನು	161
ಈಜು	ದಿದ್ದರೆ	77
ಈಜು	ಈಜಿಕೊಂಡು	151
ಈಜು	ಕೊಡಿಕೊಳ್ಳಿರಿ	97
ಈಜು	ಹುವುದರಲ್ಲಿಯೂ	59
ಈಜು	ದಿದ್ದರಿಂದ	121
ಈಜು	ಹಾಡಿಕೊಳ್ಳುತ್ತಾನೆ	11
ಈಜು	ನೋಡಿದೆನು	162
ಈಜು	ತಿದ್ದವರ	60
ಈಜು	ಚದರಿಹುತ್ತಿರುವಾಗಲೇ	30
ಈಜು	ಚದರಿದವರೇ	83
ಈಜು	ವವವವವವರ	87
ಈಜು	ನಂಬಿದಂದಿನಿಂದ	24
ಈಜು	ತಿಳಬೇಕಿತ್ತು	75
ಈಜು	ಹುತ್ತಾ	5
ಈಜು	ೆ	149
ಈಜು	ಇದು	78
ಈಜು	ತಿದ್ದಳು	76
ಈಜು	ಹಾಯಿತು	9
ಈಜು	<UNK><UNK>ುವುದರ	55
ಈಜು	ಲು	168
ಈಜು	ವು	120
ಈಜು	ಲಿಲ್ಲ	84
ಈಜು	ಕೊಡಿಕೊ	106
ಈಜು	ತು	43
ಈಜು	ತಿದ್ದ	89
ಈಜು	ಓದಿದ್ದನು	45
ಈಜು	ಕೊಡದಿರುವ	82
ಈಜು	ನಂಬಿದವನೂ	70
ಈಜು	<UNK><UNK>ುತ್ತಾ	131
ಈಜು	ಕೊಳಿಕೊಳ್ಳಲಿ	110
ಈಜು	ಹಾಡುತ್ತಾನೆಂಬುದು	72
ಈಜು	ಹೇಳಿಕೊಳ್ಳಬೇಕು	2
ಚದರು	ಚದರಿಹೋದರು	37
ಚದರು	ಚದರಿಹೋಗುತ್ತಿದ್ದವರು	42
ಚದರು	ಚದರಿಹೋಗಬೇಕು	157
ಚದರು	ಚದರಿ	170
ಚದರು	ಚದರಿಹೋಗುತ್ತಿರುವೆ	13
ಚದರು	ಚದರಿಹೋಗಿದ್ದಾನೆ	28
ಚದರು	ಚದರಿಹೋಗುವರೂ	85
ಚದರು	ಚದರಿಹೋಗೆ	149
ಚದರು	ಚದರಿರುವ	127
ಚದರು	ಚದರಿಸಬಲ್ಲನು	73
ಚದರು	ಚದರಿಹೋಗುತ್ತವೆ	66
ಚದರು	ಚದರಿಕೊಂಡನು	19
ಚದರು	ಚದರಿದ್ದಾರೆ	135
ಚದರು	ಚದರಿತು	43
ಚದರು	ಚದರಿಹೋಗಿರಿ	97
ಚದರು	ಚದರಿಹೋಗುತ್ತೀರಿ	141
ಚದರು	ಚದರಿಹೋಗುವುದಕ್ಕಿಂತ	108
ಚದರು	ಚದರಿಹೋಗುವ	169
ಚದರು	ಚದರಿಸುವವರಾಗಿದ್ದರೆ	31
ಚದರು	ಚದರಿದಳು	95
ಚದರು	ಚದರಿಹೋದು	159
ಚದರು	ಚದರಿಹೋದರು	10
ಚದರು	ಚದರಿಹೋಗು	90
ಚದರು	ಚದರಿಹೋಗುವುದರಲ್ಲಿ	52
ಚದರು	ಚದರಿದಾಗಲೆಲ್ಲಾ	79
ಚದರು	ಚದರಿದ್ದಾರೆ	119
ಚದರು	ಚದರಿಹೋಗುತ್ತಿದ್ದೇವೆ	115
ಚದರು	ಚದರಿ	128
ಚದರು	ಚದರಿದ್ದಾನೆಂದು	33
ಚದರು	ಚದರಿ	171
ಚದರು	ಚದರಿದನು	167
ಚದರು	ಚದರಿಯೂ	44
ಚದರು	ಚದರಿಹೋಗುತ್ತಿದ್ದ	89
ಚದರು	ಚದರಿದ್ದರೆ	21
ಚದರು	ಚದರಿಹೋದೆವು	0
ಚದರು	ಚದರಿದವನೂ	70
ಚದರು	ಚದರಿಹೋದರೆ	63
ಚದರು	ಚದರಿಸುವೆನು	50
ಚದರು	ಚದರಿಹೋಗುತ್ತೀರೋ	71
ಚದರು	ಚದರಿಹೋಗುತ್ತಿದ್ದಂತೆ	53
ಚದರು	ಚದರಿಹೋದರ	55
ಚದರು	ಚದರಿಬೇಡ	137
ಚದರು	ಚದರಿಹೋಗಲಿಲ್ಲ	35
ಚದರು	ಚದರಿಹೋದಳು	76
ಚದರು	ಚದರಿಹೋಗುವನು	129
ಚದರು	ಚದರಿದೆವು	120
ಚದರು	ಚದರಿದರು	164
ಚದರು	ಚದರಿಲ್ಲದ	123
ಚದರು	ಚದರಿಕೊಳ್ಳಲು	130
ಚದರು	ಚದರಿಹೋಗಲೇ	20
ಚದರು	ಚದರಿಹೋಗುತ್ತಿರುವುದು	156
ಚದರು	ಚದರಿದ್ದರೂ	46
ಚದರು	ಚದರಿಹೋದರೂ	86
ಚದರು	ಚದರಿದ್ದಾನೆ	98
ಚದರು	ಚದರಿದ್ದ	49
ಚದರು	ಚದರಿಹೋಗುವಂತೆ	61
ಚದರು	ಚದರಿಹೋಗುತ್ತಿದ್ದವರ	60
ಚದರು	ಚದರಿಲ್ಲ	144
ಚದರು	ಚದರಿಹೋದ್ದೀರಿ	111
ಚದರು	ಚದರಿಸಲು	24
ಚದರು	ಚದರಿಹೋಗಬೇಕೆಂಬ	103
ಚದರು	ಚದರಿಹೋಗುತ್ತೇವೆ	146
ಚದರು	ಚದರಿಹೋದರು	9
ಚದರು	ಚದರಿಹೋಗುವವನು	160
ಚದರು	ಚದರಿಹೋದರು	27
ಚದರು	ಚದರಿಹೋಗುವವರ	87
ಚದರು	ಚದರಿಹೋದರಿಂದ	67
ಚದರು	ಚದರಿಲ್ಲ	138
ಚದರು	ಚದರಿಸಿದನು	91
ಚದರು	ಚದರಿಹೋಗಬೇಕಿತ್ತು	75
ಚದರು	ಚದರಿಹೋದೆ	158
ಚದರು	ಚದರಿದಂತೆ	54
ಚದರು	ಚದರಿಹೋದ್ದಾನೆ	57
ಚದರು	ಚದರಿಹೋದರು	145
ಚದರು	ಚದರಿಹೋಗಲೆಲ್ಲಾ	29
ಚದರು	ಚದರಿಹೋಗುವುದಕ್ಕೂ	102
ಚದರು	ಚದರಿದಿರಿ	107
ಚದರು	ಚದರಿದ್ದೇವೆ	96
ಚದರು	ಚದರಿದವನಾಗಿದ್ದಾನೆ	81
ಚದರು	ಚದರಿಹೋಗಲು	168
ಚದರು	ಚದರಿಹೋಗ	51
ಚದರು	ಚದರಿಹೋಗುತ್ತಿದ್ದೇನೆ	154
ಚದರು	ಚದರಿಹೋದರೆ	152
ಚದರು	ಚದರಿಹೋಗುತ್ತಲೇ	94
ಚದರು	ಚದರಿಸಿಕೊಂಡಿದ್ದರು	14
ಚದರು	ಚದರಿಹೋಗದಿರುವ	82
ಚದರು	ಚದರಿಹೋದ	34
ಚದರು	ಚದರಿಹೋಗುವುದರಲ್ಲಿಯೂ	59
ಚದರು	ಚದರಿಕೊಳ್ಳಲಿಲ್ಲ	113
ಚದರು	ಚದರಿಸುವುದಿಲ್ಲವೆಂದು	40
ಚದರು	ಚದರಿಹೋಗಬೇಕೆಂತಲೂ	92
ಚದರು	ಚದರಿಹೋಗಿದ್ದಾನೆ	143
ಚದರು	ಚದರಿಂದ	109
ಚದರು	ಚದರಿಹೋಗುತ್ತಿರುವವನು	74
ಚದರು	ಚದರಿದ್ದಳು	56
ಚದರು	ಚದರಿಹೋಗಿ	110
ಚದರು	ಚದರಿಹೋದರು	11
ಚದರು	ಚದರಿ	105
ಚದರು	ಚದರಿಹೋಗ	136
ಚದರು	ಚದರಿಹುದು	26
ಚದರು	ಚದರಿಹೋದರು	25
ಚದರು	ಚದರಿಸುವುದು	41
ಚದರು	ಚದರಿಹೋಗುತ್ತಿರುವ	134
ಚದರು	ಚದರಿದೆನು	162
ಚದರು	ಚದರಿಹೋದರೆ	32
ಚದರು	ಚದರಿಸುತ್ತಾನೆ	93
ಚದರು	ಚದರಿದ್ದರು	133
ಚದರು	ಚದರಿಹೋಗಲೆಂದು	23
ಚದರು	ಚದರಿಲ್ಲವೇ	80
ಚದರು	ಚದರಿದ್ದೀರಿ	153
ಚದರು	ಚದರಿಕೊಂಡ	38
ಚದರು	ಚದರಿಹೋಗಬೇಡಿರಿ	114
ಚದರು	ಚದರಿಕೊಳ್ಳುವ	101
ಚದರು	ಚದರಿಹೋಗಿ	4
ಚದರು	ಚದರಿಸುತ್ತಿದ್ದೀರಾ	88
ಚದರು	ಚದರಿ	112
ಚದರು	ಚದರಿಹೋಗುತ್ತಿರಲಿಲ್ಲ	15
ಚದರು	ಚದರಿಹೋದನು	2
ಚದರು	ಚದರಿಹೋದನು	47
ಚದರು	ಚದರಿಹೋಗುವವರು	62
ಚದರು	ಚದರಿಹೋಗಿ	69
ಚದರು	ಚದರಿಸುವುದಿಲ್ಲ	84
ಚದರು	ಚದರಿದ್ದು	78
ಚದರು	ಚದರಿಹೋಗುವುದಕ್ಕಿಂತಲೂ	124
ಚದರು	ಚದರಿಹೋಗುತ್ತಾನೆ	163
ಚದರು	ಚದರಿಕೊಳ್ಳಬೇಕೆಂದು	22
ಚದರು	ಚದರಿಂದ	1
ಚದರು	ಚದರಿದ್ದರಿಂದ	121
ಚದರು	ಚದರಿಕೊ	106
ಚದರು	ಚದರಿದಾಗ	148
ಚದರು	ಚದರಿಸಿತು	65
ಚದರು	ಚದರಿಹೋಗಿ	155
ಚದರು	ಚದರಿದ್ದನು	45
ಚದರು	ಚದರಿಹೋಗದಂತೆಯೂ	104
ಚದರು	ಚದರಿರುವೆ	116
ಚದರು	ಚದರಿದವರು	16
ಚದರು	ಚದರಿಹೋಗುತ್ತಿರುವಾಗಲೇ	30
ಚದರು	ಚದರಿಹೋಗಿ	12
ಚದರು	ಚದರಿಹುವುದು	100
ಚದರು	ಚದರಿದ	166
ಚದರು	ಚದರಿಕೊಂಡರೆ	58
ಚದರು	ಚದರಿಹೋಗುವುದೇ	36
ಚದರು	ಚದರಿಲ್ಲ	118
ಚದರು	ಚದರಿದ್ದೇನೆ	122
ಚದರು	ಚದರಿಸುತ್ತಿದ್ದನು	161
ಚದರು	ಚದರಿಹೋಗುವೆನು	8
ಚದರು	ಚದರಿಹೋಗುವರು	6
ಚದರು	ಚದರಿಹೋಗುತ್ತಿರುವಾಗ	18
ಚದರು	ಚದರಿಹೋಗುತ್ತವೆ	7
ಚದರು	ಚದರಿಸುವವರಿಗೆ	64
ಚದರು	ಚದರಿದೆ	99
ಚದರು	ಚದರಿಸಿಕೊಂಡ	17
ಚದರು	ಚದರಿದವರೇ	83
ಚದರು	ಚದರಿಹೋಗಿದರು	139
ಚದರು	ಚದರಿಹೋಗುತ್ತಾನೆಂಬುದು	72
ಚದರು	ಚದರಿಹೋಗುತ್ತಾ	131
ಚದರು	ಚದರಿದರೂ	147
ಚದರು	ಚದರಿಕೊಂಡೆನು	125
ಚದರು	ಚದರಿಹೋಗುವುದಕ್ಕೆ	150
ಚದರು	ಚದರಿದವನು	117
ಚದರು	ಚದರಿದವುಗಳನ್ನೂ	39
ಚದರು	ಚದರಿಹೋಗಬೇಕೆಂಬುದೇ	5
ಚದರು	ಚದರಿದ್ದರೆ	77
ಚದರು	ಚದರಿಹೋಗುತ್ತೇನೆ	140
ಚದರು	ಚದರಿಹೋಣ	3
ಚದರು	ಚದರಿ	165
ಚದರು	ಚದರಿಹೋದೆ	126
ಚದರು	ಚದರಿಸುವುದಿಲ್ಲ	142
ಚದರು	ಚದರಿದರೆ	132
ಚದರು	ಚದರಿದ್ದನ್ನು	48
ಚದರು	ಚದರಿಸಿಕೊಳ್ಳಲು	68
ಚದರು	ಚದರಿಕೊಂಡು	151
ಮಾಡು	ಮಾಡುವುದೇ	36
ಮಾಡು	ಮಾಡಬಲ್ಲನು	73
ಮಾಡು	ಮಾಡುವರು	6
ಮಾಡು	ಮಾಡುವುದೇಕೆ	12
ಮಾಡು	ಮಾಡಲೆಂದು	23
ಮಾಡು	ಮಾಡುತ್ತವೆ	66
ಮಾಡು	ಮಾಡಿದ್ದರೆ	21
ಮಾಡು	ಮಾಡುವೆ	149
ಮಾಡು	ಮಾಡುತ್ತಿರುವಾಗ	18
ಮಾಡು	ಮಾಡುತ್ತಿದ್ದೀರಿ	111
ಮಾಡು	ಮಾಡುತ್ತೀರಿ	141
ಮಾಡು	ಮಾಡುತ್ತಾನೆಂಬುದು	72
ಮಾಡು	ಮಾಡುತ್ತಿದ್ದಾಗ	51
ಮಾಡು	ಮಾಡಿಕೊಳ್ಳಲಿಲ್ಲ	113
ಮಾಡು	ಮಾಡುವವನು	160
ಮಾಡು	ಮಾಡಲಾಯಿತು	9
ಮಾಡು	ಮಾಡಿಸಿದನು	91
ಮಾಡು	ಮಾಡುವಂತೆ	61
ಮಾಡು	ಮಾಡುತ್ತಿದ್ದೇನೆ	154
ಮಾಡು	ಮಾಡಬೇಕೆಂಬ	103
ಮಾಡು	ಮಾಡುತ್ತಿದ್ದವರ	60
ಮಾಡು	ಮಾಡುವವರು	62
ಮಾಡು	ಮಾಡಿದ್ದೇವೆ	96
ಮಾಡು	ಮಾಡಲಾಗಲಿಲ್ಲ	35
ಮಾಡು	ಮಾಡಿಕೊಳ್ಳಲು	130
ಮಾಡು	ಮಾಡಿದ್ದಾನೆಂದು	33
ಮಾಡು	ಮಾಡಲಾರನು	65
ಮಾಡು	ಮಾಡುತ್ತೇನೆ	140
ಮಾಡು	ಮಾಡಿದ್ದಾರೆ	135
ಮಾಡು	ಮಾಡಿದಳು	95
ಮಾಡು	ಮಾಟದಿಂದ	1
ಮಾಡು	ಮಾಡುವವರೂ	85
ಮಾಡು	ಮಾಡುವುದರ	55
ಮಾಡು	ಮಾಡುವುದಿಲ್ಲವೆಂದು	40
ಮಾಡು	ಮಾಡುವುದಾದರೆ	63
ಮಾಡು	ಮಾಡಿತು	43
ಮಾಡು	ಮಾಡದಂತೆ	54
ಮಾಡು	ಮಾಡುತ್ತಾನೆ	163
ಮಾಡು	ಮಾಡಲಿಲ್ಲ	138
ಮಾಡು	ಮಾಡುತ್ತಿದ್ದರು	145
ಮಾಡು	ಮಾಡುವೆನು	8
ಮಾಡು	ಮಾಡಿಸಲು	24
ಮಾಡು	ಮಾಡಿಸುವೆನು	50
ಮಾಡು	ಮಾಡಿಸಿಕೊಂಡಿದ್ದರು	14
ಮಾಡು	ಮಾಡಬೇಕಿತ್ತು	75
ಮಾಡು	ಮಾಡಲೇಬೇಕು	7
ಮಾಡು	ಮಾಡಿದವರು	16
ಮಾಡು	ಮಾಡುವುದರಲ್ಲಿಯೂ	59
ಮಾಡು	ಮಾಡದಿದ್ದರೂ	46
ಮಾಡು	ಮಾಡಿಕೊಂಡ	38
ಮಾಡು	ಮಾಡುತ್ತಿರಲಿಲ್ಲ	15
ಮಾಡು	ಮಾಡು	171
ಮಾಡು	ಮಾಡಿಕೊಳ್ಳುವನು	47
ಮಾಡು	ಮಾಡಿದ್ದೇನೆ	122
ಮಾಡು	ಮಾಡುವುದಕ್ಕಾಗಿ	155
ಮಾಡು	ಮಾಡಲು	168
ಮಾಡು	ಮಾಡಿದೆನು	162
ಮಾಡು	ಮಾಡುತ್ತಿರುವ	134
ಮಾಡು	ಮಾಡಿಕೊಂಡೆನು	125
ಮಾಡು	ಮಾಡಿದ್ದೀರಿ	153
ಮಾಡು	ಮಾಡಿದರು	164
ಮಾಡು	ಮಾಡುತ್ತಿದ್ದಾರೆ	119
ಮಾಡು	ಮಾಡುತ್ತಿದ್ದಾಗಲೇ	20
ಮಾಡು	ಮಾಡಿದರೂ	147
ಮಾಡು	ಮಾತು	44
ಮಾಡು	ಮಾಡಿದನು	167
ಮಾಡು	ಮಾಡಿಸಿಕೊಂಡ	17
ಮಾಡು	ಮಾಡುವುದಕ್ಕಿಂತ	108
ಮಾಡು	ಮಾಡದೆ	158
ಮಾಡು	ಮಾಡು	90
ಮಾಡು	ಮಾಡುತ್ತಿಲ್ಲ	118
ಮಾಡು	ಮಾಡುತ್ತಿದ್ದಂತೆ	53
ಮಾಡು	ಮಾಡಬೇಕೆಂಬುದೇ	5
ಮಾಡು	ಮಾಡುತ್ತಿದ್ದರೆ	32
ಮಾಡು	ಮಾಡಿಕೊಂಡರೆ	58
ಮಾಡು	ಮಾಡುವುದು	100
ಮಾಡು	ಮಾಡಿರುವಿರಿ	81
ಮಾಡು	ಮಾಡಿದ್ದು	78
ಮಾಡು	ಮಾಡಿಕೊಂಡು	151
ಮಾಡು	ಮಾಡುವವನಾಗಿದ್ದಾನೆ	143
ಮಾಡು	ಮಾಡದಿದ್ದರೆ	77
ಮಾಡು	ಮಾಡಿಕೊಳ್ಳಬೇಕೆಂದು	22
ಮಾಡು	ಮಾಡಿದಾಗಲೆಲ್ಲಾ	79
ಮಾಡು	ಮಾಡಿಕೊಂಡನು	19
ಮಾಡು	ಮಾಡಿದ್ದ	49
ಮಾಡು	ಮಾಡುತ್ತೀರೋ	71
ಮಾಡು	ಮಾಡಿದರೆ	132
ಮಾಡು	ಮಾಡುತ್ತಿದ್ದಳು	76
ಮಾಡು	ಮಾಡಿಕೊಳ್ಳುತ್ತಾನೆ	11
ಮಾಡು	ಮಾಡಬೇಕೆಂದು	159
ಮಾಡು	ಮಾಡಿಸಿಕೊಳ್ಳಲು	68
ಮಾಡು	ಮಾಡಬೇಕಾದರೆ	80
ಮಾಡು	ಮಾಡುವವರಿಗೆ	64
ಮಾಡು	ಮಾಡದಿರುವ	82
ಮಾಡು	ಮಾಡಿದಿರಿ	107
ಮಾಡು	ಮಾಡಿಕೊಳ್ಳಬೇಕು	2
ಮಾಡು	ಮಾಡಿದೆವು	120
ಮಾಡು	ಮಾಡುತ್ತಿದ್ದನು	161
ಮಾಡು	ಮಾಡಿರಿ	165
ಮಾಡು	ಮಾಡೋಣ	3
ಮಾಡು	ಮಾಡಿದ್ದನ್ನು	48
ಮಾಡು	ಮಾಡಿಕೊಂಡರು	37
ಮಾಡು	ಮಾಡುವವರ	87
ಮಾಡು	ಮಾಡಿದವನು	117
ಮಾಡು	ಮಾಡಬೇಡಿ	105
ಮಾಡು	ಮಾಡುವಾಗ	136
ಮಾಡು	ಮಾಡುತ್ತಿರುವೆ	13
ಮಾಡು	ಮಾಡಿಕೊಳ್ಳುವೆನು	27
ಮಾಡು	ಮಾಡುವುದಕ್ಕಿಂತಲೂ	124
ಮಾಡು	ಮಾಡುತ್ತೇವೆ	146
ಮಾಡು	ಮಾಡಿಕೊಳ್ಳುತ್ತೇನೆ	25
ಮಾಡು	ಮಾಡುವುದರಲ್ಲಿ	52
ಮಾಡು	ಮಾಡದಿರುವುದರಿಂದ	67
ಮಾಡು	ಮಾಡಿರುವ	127
ಮಾಡು	ಮಾಡುವುದಕ್ಕೂ	102
ಮಾಡು	ಮಾಡುತ್ತದೆ	126
ಮಾಡು	ಮಾಡಿಸುತ್ತಾನೆ	93
ಮಾಡು	ಮಾಡುವುದರಿಂದ	109
ಮಾಡು	ಮಾಡುವ	169
ಮಾಡು	ಮಾಡಬೇಡ	137
ಮಾಡು	ಮಾಡುವುದಿಲ್ಲ	142
ಮಾಡು	ಮಾಡುತ್ತಿದ್ದವರು	42
ಮಾಡು	ಮಾಡಿದ್ದನು	45
ಮಾಡು	ಮಾಡಿ	170
ಮಾಡು	ಮಾಡುವಾಗಲೆಲ್ಲಾ	29
ಮಾಡು	ಮಾಡುತ್ತಿರುವಾಗಲೇ	30
ಮಾಡು	ಮಾಡುವಿರಿ	112
ಮಾಡು	ಮಾಡಿಕೊಳ್ಳುವ	101
ಮಾಡು	ಮಾಡಿದಾಗ	148
ಮಾಡು	ಮಾಡುತ್ತಾ	131
ಮಾಡು	ಮಾಡಿಕೊಳ್ಳಿ	69
ಮಾಡು	ಮಾಡಿರುವೆ	116
ಮಾಡು	ಮಾಡುತ್ತಿರುವುದು	156
ಮಾಡು	ಮಾಡುವವರಾಗಿದ್ದರೆ	31
ಮಾಡು	ಮಾಡಲಾರೆ	0
ಮಾಡು	ಮಾಡಿದ್ದರಿಂದ	121
ಮಾಡು	ಮಾಡಿರಲಿಲ್ಲ	84
ಮಾಡು	ಮಾಡಿಕೊಳ್ಳುವಂತೆ	4
ಮಾಡು	ಮಾಡಿದೆ	99
ಮಾಡು	ಮಾಡುತ್ತಿದ್ದಾನೆ	57
ಮಾಡು	ಮಾಡುತ್ತಿದ್ದೇನೆಂದು	86
ಮಾಡು	ಮಾಡದಂತೆಯೂ	104
ಮಾಡು	ಮಾಡಬೇಕು	157
ಮಾಡು	ಮಾಡಲಿ	128
ಮಾಡು	ಮಾಡುತ್ತಿದ್ದ	89
ಮಾಡು	ಮಾಡಬಹುದು	26
ಮಾಡು	ಮಾಡಿದ್ದರು	133
ಮಾಡು	ಮಾಡಬೇಕಾಗಿದ್ದ	39
ಮಾಡು	ಮಾಡಿಕೊ	106
ಮಾಡು	ಮಾಡಬೇಡಿರಿ	114
ಮಾಡು	ಮಾಡಿದ್ದಾನೆ	98
ಮಾಡು	ಮಾಡುತ್ತಾರೆ	152
ಮಾಡು	ಮಾಡಿದ	166
ಮಾಡು	ಮಾಡಿಕೊಳ್ಳಿರಿ	97
ಮಾಡು	ಮಾಡಿಕೊಳ್ಳುವವನು	10
ಮಾಡು	ಮಾಡುವನು	129
ಮಾಡು	ಮಾಡಿಲ್ಲದ	123
ಮಾಡು	ಮಾಡುತ್ತಲೇ	94
ಮಾಡು	ಮಾಡುತ್ತಿದ್ದೇವೆ	115
ಮಾಡು	ಮಾಡಿಲ್ಲದಿದ್ದರೆ	88
ಮಾಡು	ಮಾಡಿದವನೂ	70
ಮಾಡು	ಮಾಡುತ್ತಿರುವವನು	74
ಮಾಡು	ಮಾಡದ	34
ಮಾಡು	ಮಾಡಿಲ್ಲ	144
ಮಾಡು	ಮಾಡಿಕೊಂಡಿದ್ದಾನೆ	28
ಮಾಡು	ಮಾಡುವುದಕ್ಕೆ	150
ಮಾಡು	ಮಾಡಿಕೊಳ್ಳಲಿ	110
ಮಾಡು	ಮಾಡಿಸುವುದು	41
ಮಾಡು	ಮಾಡತೊಡಗಿದರು	139
ಮಾಡು	ಮಾಡಬೇಕೆಂತಲೂ	92
ಮಾಡು	ಮಾಡುತ್ತಿದ್ದಾರೆಂಬುದು	83
ಮಾಡು	ಮಾಡಿದ್ದಳು	56
ಹೆಸರಿಸು	ಹುಸರಿಸುವುದರಲ್ಲಿಯೂ	59
ಹೆಸರಿಸು	ಹೆರಿಸುವ	169
ಹೆಸರಿಸು	ಹುಸರಿಸುವುದಕ್ಕೂ	102
ಹೆಸರಿಸು	ಹೆರಿಸಿದವರು	16
ಹೆಸರಿಸು	ಹುಸರಿಸುವೆ	149
ಹೆಸರಿಸು	ಹುಸರಿಸುತ್ತಿದ್ದರು	145
ಹೆಸರಿಸು	ಹುಸರಿಸುವುದಿಲ್ಲವೆಂದು	40
ಹೆಸರಿಸು	ಹುಸರಿಸದಿರುವುದರಿಂದ	67
ಹೆಸರಿಸು	ಹುಸರಿಸಲಿ	128
ಹೆಸರಿಸು	ಹುಸರಿಸುವುದರ	55
ಹೆಸರಿಸು	ಹೆರಿಸುವರು	6
ಹೆಸರಿಸು	ಹುಸರಿಸದ	34
ಹೆಸರಿಸು	ಹುಸರಿಸಿದೆ	99
ಹೆಸರಿಸು	ಹುಸರಿಸುತ್ತಿದ್ದನು	161
ಹೆಸರಿಸು	ಹುಸರಿಸುತ್ತದೆ	126
ಹೆಸರಿಸು	ಹುಸರಿಸುತ್ತಿದ್ದವರ	60
ಹೆಸರಿಸು	ಹೆರಿಸುತ್ತಿದ್ದೇವೆ	115
ಹೆಸರಿಸು	ಹುಸರಿಸುವುದು	41
ಹೆಸರಿಸು	ಹೆರಿಸಿದ್ದನು	45
ಹೆಸರಿಸು	ಹೆರಿಸಿಕೊಳ್ಳುವಂತೆ	4
ಹೆಸರಿಸು	ಹೆರಿಸಿದ್ದಾನೆಂದು	33
ಹೆಸರಿಸು	ಹೆರಿಸಿದವನಾಗಿದ್ದಾನೆ	81
ಹೆಸರಿಸು	ಹುಸರಿಸಿದ್ದರಿಂದ	121
ಹೆಸರಿಸು	ಹುಸರಿಸಬೇಕೆಂತಲೂ	92
ಹೆಸರಿಸು	ಹೆರಿಸಿಕೊಂಡು	151
ಹೆಸರಿಸು	ಹೆರಿಸಲಾಗಲಿಲ್ಲ	35
ಹೆಸರಿಸು	ಹುಸರಿಸುವುದೇ	36
ಹೆಸರಿಸು	ಹುಸರಿಸುವವರ	87
ಹೆಸರಿಸು	ಹೆರಿಸಲಾರೆ	0
ಹೆಸರಿಸು	ಹೆರಿಸದಂತೆಯೂ	104
ಹೆಸರಿಸು	ಹೆರಿಸಿದೆನು	162
ಹೆಸರಿಸು	ಹೆರಿಸುವಾಗ	136
ಹೆಸರಿಸು	ಹೆರಿಸುವೆನು	8
ಹೆಸರಿಸು	ಹುಸರಿಸುತ್ತವೆ	66
ಹೆಸರಿಸು	ಹೆರಿಸಿಕೊಂಡೆನು	125
ಹೆಸರಿಸು	ಹುಸರಿಸುವುದರಿಂದ	109
ಹೆಸರಿಸು	ಹೆರಿಸಿಕೊಳ್ಳಲು	130
ಹೆಸರಿಸು	ಹೆರಿಸುತ್ತೀರೋ	71
ಹೆಸರಿಸು	ಹುಸರಿಸದಿದ್ದರೆ	77
ಹೆಸರಿಸು	ಹುಸರಿಸಬೇಡ	137
ಹೆಸರಿಸು	ಹೆರಿಸಿರಿ	165
ಹೆಸರಿಸು	ಹೆರಿಸಿಕೊಂಡಿದ್ದರು	14
ಹೆಸರಿಸು	ಹೆರಿಸುತ್ತಾನೆಂಬುದು	72
ಹೆಸರಿಸು	ಹೆರಿಸಬೇಕು	157
ಹೆಸರಿಸು	ಹೆರಿಸಿಕೊಂಡಿದ್ದಾನೆ	28
ಹೆಸರಿಸು	ಹೆರಿಸಿಕೊ	106
ಹೆಸರಿಸು	ಹುಸರಿಸದಿಂದ	1
ಹೆಸರಿಸು	ಹೆರಿಸಿತು	43
ಹೆಸರಿಸು	ಹುಸರಿಸಲಿಲ್ಲ	138
ಹೆಸರಿಸು	ಹೆರಿಸಿದಾಗಲೆಲ್ಲಾ	79
ಹೆಸರಿಸು	ಹುಸರಿಸದಿದ್ದರೂ	46
ಹೆಸರಿಸು	ಹುಸರಿಸಿದರೆ	132
ಹೆಸರಿಸು	ಹಿಸಿದಳು	95
ಹೆಸರಿಸು	ಹುಸರಿಸುವುದಕ್ಕಾಗಿ	155
ಹೆಸರಿಸು	ಹುಸರಿಸುವುದಿಲ್ಲ	84
ಹೆಸರಿಸು	ಹುಸರಿಸುತ್ತಿದ್ದಾಗ	51
ಹೆಸರಿಸು	ಹುಸರಿಸುತ್ತಿದ್ದೀರಿ	111
ಹೆಸರಿಸು	ಹುಸರಿಸಿದ್ದು	78
ಹೆಸರಿಸು	ಹೆರಿಸಿಕೊಳ್ಳಿ	69
ಹೆಸರಿಸು	ಹೆರಿಸಿಕೊಳ್ಳುವೆನು	27
ಹೆಸರಿಸು	ಹೆರಿಸುತ್ತಿದ್ದಂತೆ	53
ಹೆಸರಿಸು	ಹೆರಿಸಿದನು	91
ಹೆಸರಿಸು	ಹುಸರಿಸುವುದಕ್ಕೆ	150
ಹೆಸರಿಸು	ಹುಸರಿಸಿದ್ದನ್ನು	48
ಹೆಸರಿಸು	ಹುಸರಿಸದಿರುವ	82
ಹೆಸರಿಸು	ಹೆರಿಸಿದ್ದೇನೆ	122
ಹೆಸರಿಸು	ಹುಸರಿಸುತ್ತಿರುವುದು	156
ಹೆಸರಿಸು	ಹೆರಿಸಿಕೊಂಡನು	19
ಹೆಸರಿಸು	ಹೆರಿಸುತ್ತಾನೆ	93
ಹೆಸರಿಸು	ಹುಸರಿಸುತ್ತಿದ್ದರೆ	32
ಹೆಸರಿಸು	ಹುಸರಿಸುತ್ತಿದ್ದಾಗಲೇ	20
ಹೆಸರಿಸು	ಹೆರಿಸಬೇಕೆಂಬ	103
ಹೆಸರಿಸು	ಹೆರಿಸುತ್ತಿಲ್ಲ	118
ಹೆಸರಿಸು	ಹೆರಿಸಿಕೊಳ್ಳಬೇಕು	2
ಹೆಸರಿಸು	ಹುಸರಿಸಬೇಕಾಗಿದ್ದ	39
ಹೆಸರಿಸು	ಹೆರಿಸಿಕೊಂಡರೆ	58
ಹೆಸರಿಸು	ಹುಸರಿಸಲು	168
ಹೆಸರಿಸು	ಹೆರಿಸುತ್ತಲೇ	94
ಹೆಸರಿಸು	ಹುಸರಿಸುತ್ತಿದ್ದೇನೆಂದು	86
ಹೆಸರಿಸು	ಹುಸರಿಸಲು	24
ಹೆಸರಿಸು	ಹುಸರಿಸಿದ್ದೀರಿ	153
ಹೆಸರಿಸು	ಹುಸರಿಸದೆ	158
ಹೆಸರಿಸು	ಹುಸರಿಸಬಲ್ಲನು	73
ಹೆಸರಿಸು	ಹೆರಿಸಿಕೊಳ್ಳಬೇಕೆಂದು	22
ಹೆಸರಿಸು	ಹುಸರಿಸುವವರೂ	85
ಹೆಸರಿಸು	ಹೆರಿಸಿಕೊಳ್ಳುತ್ತೇನೆ	25
ಹೆಸರಿಸು	ಹೆರಿಸಿದ್ದೇವೆ	96
ಹೆಸರಿಸು	ಹೆರಿಸುತ್ತಿರಲಿಲ್ಲ	15
ಹೆಸರಿಸು	ಹೆರಿಸಿಕೊಳ್ಳುವನು	47
ಹೆಸರಿಸು	ಹೆರಿಸಿಕೊಳ್ಳಿರಿ	97
ಹೆಸರಿಸು	ಹೆರಿಸುತ್ತೇವೆ	146
ಹೆಸರಿಸು	ಹೆರಿಸಿ	170
ಹೆಸರಿಸು	ಹುಸರಿಸುವವರಾಗಿದ್ದರೆ	31
ಹೆಸರಿಸು	ಹೆರಿಸಿದಾಗ	148
ಹೆಸರಿಸು	ಹೆರಿಸಿತು	65
ಹೆಸರಿಸು	ಹೆರಿಸುವೆನು	50
ಹೆಸರಿಸು	ಹುಸರಿಸಬೇಕೆಂದು	159
ಹೆಸರಿಸು	ಹುಸರಿಸಿದ್ದಾರೆ	135
ಹೆಸರಿಸು	ಹೆರಿಸುತ್ತೇನೆ	140
ಹೆಸರಿಸು	ಹೆರಿಸಿಲ್ಲ	144
ಹೆಸರಿಸು	ಹುಸರಿಸುವುದೇಕೆ	12
ಹೆಸರಿಸು	ಹೆರಿಸಿದವನೂ	70
ಹೆಸರಿಸು	ಹುಸರಿಸುವುದಕ್ಕಿಂತಲೂ	124
ಹೆಸರಿಸು	ಹೆರಿಸುತ್ತಾ	131
ಹೆಸರಿಸು	ಹೆರಿಸಿದರೂ	147
ಹೆಸರಿಸು	ಹೆರಿಸುತ್ತಿರುವ	134
ಹೆಸರಿಸು	ಹುಸರಿಸಿದರು	164
ಹೆಸರಿಸು	ಹೆರಿಸತೊಡಗಿದರು	139
ಹೆಸರಿಸು	ಹೆರಿಸದಂತೆ	54
ಹೆಸರಿಸು	ಹೆರಿಸುತ್ತಾರೆ	152
ಹೆಸರಿಸು	ಹುಸರಿಸುವುದಾದರೆ	63
ಹೆಸರಿಸು	ಹುಸರಿಸಿದ್ದಳು	56
ಹೆಸರಿಸು	ಹೆರಿಸುವಿರಿ	112
ಹೆಸರಿಸು	ಹುಸರಿಸುವುದು	100
ಹೆಸರಿಸು	ಹೆರಿಸುತ್ತಿದ್ದಾರೆಂಬುದು	83
ಹೆಸರಿಸು	ಹೆರಿಸಿರುವೆ	116
ಹೆಸರಿಸು	ಹೆರಿಸುತ್ತಿದ್ದೀರಾ	88
ಹೆಸರಿಸು	ಹುಸರಿಸು	171
ಹೆಸರಿಸು	ಹುಸರಿಸಿದ್ದರು	133
ಹೆಸರಿಸು	ಹೆರಿಸುವನು	129
ಹೆಸರಿಸು	ಹೆರಿಸಿದವನು	117
ಹೆಸರಿಸು	ಹುಸರಿಸಬೇಡಿ	105
ಹೆಸರಿಸು	ಹುಸರಿಸಿದ	166
ಹೆಸರಿಸು	ಹುಸರಿಸುತ್ತಿದ್ದಳು	76
ಹೆಸರಿಸು	ಹೆರಿಸು	90
ಹೆಸರಿಸು	ಹುಸರಿಸುವವರಿಗೆ	64
ಹೆಸರಿಸು	ಹುಸರಿಸಲಾರದ	10
ಹೆಸರಿಸು	ಹೆರಿಸುವಾಗಲೆಲ್ಲಾ	29
ಹೆಸರಿಸು	ಹೆರಿಸಿಕೊಂಡರು	37
ಹೆಸರಿಸು	ಹೆರಿಸಲಾಯಿತು	9
ಹೆಸರಿಸು	ಹುಸರಿಸಬೇಡಿರಿ	114
ಹೆಸರಿಸು	ಹೆರಿಸಿಕೊಳ್ಳುವ	101
ಹೆಸರಿಸು	ಹೆರಿಸಿಕೊಂಡ	17
ಹೆಸರಿಸು	ಹುಸರಿಸುತ್ತಿದ್ದ	89
ಹೆಸರಿಸು	ಹುಸರಿಸಿಲ್ಲದ	123
ಹೆಸರಿಸು	ಹುಸರಿಸುತ್ತಿರುವೆ	13
ಹೆಸರಿಸು	ಹುಸರಿಸಲೆಂದು	23
ಹೆಸರಿಸು	ಹೆರಿಸಿಕೊಂಡ	38
ಹೆಸರಿಸು	ಹೆರಿಸುವವನಾಗಿದ್ದಾನೆ	143
ಹೆಸರಿಸು	ಹೆರಿಸುತ್ತಿರುವಾಗಲೇ	30
ಹೆಸರಿಸು	ಹುಸರಿಸಬಹುದು	26
ಹೆಸರಿಸು	ಹೆರಿಸಬೇಕೆಂಬುದೇ	5
ಹೆಸರಿಸು	ಹುಸರಿಸುತ್ತೀರಿ	141
ಹೆಸರಿಸು	ಹುಸರಿಸಬೇಕಿತ್ತು	75
ಹೆಸರಿಸು	ಹುಸರಿಸಿದನು	167
ಹೆಸರಿಸು	ಹೆರಿಸಿದ್ದರೆ	21
ಹೆಸರಿಸು	ಹೆರಿಸುತ್ತಿದ್ದವರು	42
ಹೆಸರಿಸು	ಹೆರಿಸುವುದರಲ್ಲಿ	52
ಹೆಸರಿಸು	ಹೆರಿಸಿಕೊಳ್ಳುತ್ತಾನೆ	11
ಹೆಸರಿಸು	ಹೆರಿಸುತ್ತಿದ್ದೇನೆ	154
ಹೆಸರಿಸು	ಹುಸರಿಸಿದ್ದ	49
ಹೆಸರಿಸು	ಹುಸರಿಸುತ್ತಿದ್ದಾನೆ	57
ಹೆಸರಿಸು	ಹೆರಿಸಿಕೊಳ್ಳಲಿಲ್ಲ	113
ಹೆಸರಿಸು	ಹುಸರಿಸಿಯೂ	44
ಹೆಸರಿಸು	ಹುಸರಿಸಲಿಲ್ಲವೇ	80
ಹೆಸರಿಸು	ಹೆರಿಸುವವರು	62
ಹೆಸರಿಸು	ಹೆರಿಸಿದಿರಿ	107
ಹೆಸರಿಸು	ಹೆರಿಸುತ್ತಾನೆ	163
ಹೆಸರಿಸು	ಹುಸರಿಸಿದೆವು	120
ಹೆಸರಿಸು	ಹೆರಿಸಿರುವ	127
ಹೆಸರಿಸು	ಹುಸರಿಸುತ್ತಿರುವವನು	74
ಹೆಸರಿಸು	ಹೆರಿಸಲೇಬೇಕು	7
ಹೆಸರಿಸು	ಹುಸರಿಸುತ್ತಿರುವಾಗ	18
ಹೆಸರಿಸು	ಹೆರಿಸಿಕೊಳ್ಳಲು	68
ಹೆಸರಿಸು	ಹೆರಿಸುವವನು	160
ಹೆಸರಿಸು	ಹುಸರಿಸುವುದಕ್ಕಿಂತ	108
ಹೆಸರಿಸು	ಹೆರಿಸಿಕೊಳ್ಳಲಿ	110
ಹೆಸರಿಸು	ಹುಸರಿಸುವುದಿಲ್ಲ	142
ಹೆಸರಿಸು	ಹೆರಿಸುವಂತೆ	61
ಹೆಸರಿಸು	ಹೆರಿಸಿದ್ದಾನೆ	98
ಹೆಸರಿಸು	ಹೆರಿಸೋಣ	3
ಹೆಸರಿಸು	ಹೆರಿಸುತ್ತಿದ್ದಾರೆ	119
ಹುಟ್ಟು	ಹುಟ್ಟುವುದರಲ್ಲಿಯೂ	59
ಹುಟ್ಟು	ಹುಟ್ಟುವುದಕ್ಕಿಂತ	108
ಹುಟ್ಟು	ಹುಟ್ಟುತ್ತಾನೆ	163
ಹುಟ್ಟು	ಹುಟ್ಟಿಲ್ಲದಿದ್ದರೆ	88
ಹುಟ್ಟು	ಹುಟ್ಟುತ್ತಿದ್ದೇನೆ	154
ಹುಟ್ಟು	ಹುಟ್ಟುವುದೇಕೆ	12
ಹುಟ್ಟು	ಹುಟ್ಟದಿದ್ದರೂ	46
ಹುಟ್ಟು	ಹುಟ್ಟುತ್ತಿದ್ದರು	145
ಹುಟ್ಟು	ಹುಟ್ಟಿದೆನು	162
ಹುಟ್ಟು	ಹುಟ್ಟಿರಲಿಲ್ಲ	84
ಹುಟ್ಟು	ಹುಟ್ಟಿರುವ	127
ಹುಟ್ಟು	ಹುಟ್ಟುವೆನು	8
ಹುಟ್ಟು	ಹುಟ್ಟಬಲ್ಲನು	73
ಹುಟ್ಟು	ಹುಟ್ಟುತ್ತಿರುವ	134
ಹುಟ್ಟು	ಹುಟ್ಟಿಕೊಳ್ಳಬೇಕು	2
ಹುಟ್ಟು	ಹುಟ್ಟುವಂತೆ	61
ಹುಟ್ಟು	ಹುಟ್ಟುವೆ	149
ಹುಟ್ಟು	ಹುಟ್ಟಬೇಕು	157
ಹುಟ್ಟು	ಹುಟ್ಟಿ	170
ಹುಟ್ಟು	ಹುಟ್ಟುವಾಗ	136
ಹುಟ್ಟು	ಹುಟ್ಟತೊಡಗಿದರು	139
ಹುಟ್ಟು	ಹುಟ್ಟಿದ್ದೀರಿ	153
ಹುಟ್ಟು	ಹುಟ್ಟಲೆಂದು	23
ಹುಟ್ಟು	ಹುಟ್ಟಿಕೊಂಡ	38
ಹುಟ್ಟು	ಹುಟ್ಟಬೇಕೆಂಬ	103
ಹುಟ್ಟು	ಹುಟ್ಟಬೇಕೆಂದು	159
ಹುಟ್ಟು	ಹುಟ್ಟಲು	168
ಹುಟ್ಟು	ಹುಟ್ಟಿಕೊಳ್ಳಲಿಲ್ಲ	113
ಹುಟ್ಟು	ಹುಟ್ಟುತ್ತಿದ್ದಾಗ	51
ಹುಟ್ಟು	ಹುಟ್ಟದಿರುವ	82
ಹುಟ್ಟು	ಹುಟ್ಟಿದ್ದೇನೆ	122
ಹುಟ್ಟು	ಹುಟ್ಟಿದ್ದರಿಂದ	121
ಹುಟ್ಟು	ಹುಟ್ಟುವುದರಲ್ಲಿ	52
ಹುಟ್ಟು	ಹುಟ್ಟಿದಾಗ	148
ಹುಟ್ಟು	ಹುಟ್ಟುತ್ತಾ	131
ಹುಟ್ಟು	ಹುಟ್ಟಲಿಲ್ಲ	138
ಹುಟ್ಟು	ಹುಟ್ಟಿತು	43
ಹುಟ್ಟು	ಹುಟ್ಟುತ್ತಿದ್ದೀರಿ	111
ಹುಟ್ಟು	ಹುಟ್ಟುತ್ತವೆ	66
ಹುಟ್ಟು	ಹುಟ್ಟಿದ್ದಾನೆ	98
ಹುಟ್ಟು	ಹುಟ್ಟುವವರ	87
ಹುಟ್ಟು	ಹುಟ್ಟುವವರಾಗಿದ್ದರೆ	31
ಹುಟ್ಟು	ಹುಟ್ಟಿಕೊಳ್ಳುತ್ತಾನೆ	11
ಹುಟ್ಟು	ಹುಟ್ಟುತ್ತಿರುವೆ	13
ಹುಟ್ಟು	ಹುಟ್ಟಬೇಕಿತ್ತು	75
ಹುಟ್ಟು	ಹುಟ್ಟಿಸಿದನು	91
ಹುಟ್ಟು	ಹುಟ್ಟಿದ್ದಾನೆಂದು	33
ಹುಟ್ಟು	ಹುಟ್ಟುವುದಕ್ಕೆ	150
ಹುಟ್ಟು	ಹುಟ್ಟಿದವರು	16
ಹುಟ್ಟು	ಹುಟ್ಟುತ್ತದೆ	126
ಹುಟ್ಟು	ಹುಟ್ಟುವುದು	100
ಹುಟ್ಟು	ಹುಟ್ಟಿದ್ದಾರೆ	135
ಹುಟ್ಟು	ಹುಟ್ಟುತ್ತಿದ್ದವರು	42
ಹುಟ್ಟು	ಹುಟ್ಟಿಕೊಂಡನು	19
ಹುಟ್ಟು	ಹುಟ್ಟುತ್ತಿದ್ದೇವೆ	115
ಹುಟ್ಟು	ಹುಟ್ಟುವಾಗಲೆಲ್ಲಾ	29
ಹುಟ್ಟು	ಹುಟ್ಟಿದವನು	117
ಹುಟ್ಟು	ಹುಟ್ಟಿಕೊಳ್ಳುವೆನು	27
ಹುಟ್ಟು	ಹುಟ್ಟಬಹುದು	26
ಹುಟ್ಟು	ಹುಟ್ಟದೇ	18
ಹುಟ್ಟು	ಹುಟ್ಟದೆ	158
ಹುಟ್ಟು	ಹುಟ್ಟಬೇಕಾದರೆ	80
ಹುಟ್ಟು	ಹುಟ್ಟಿದನು	167
ಹುಟ್ಟು	ಹುಟ್ಟುತ್ತಿದ್ದಾಗಲೇ	20
ಹುಟ್ಟು	ಹುಟ್ಟಲಿ	128
ಹುಟ್ಟು	ಹುಟ್ಟಿದ್ದರೆ	21
ಹುಟ್ಟು	ಹುಟ್ಟಿಕೊಳ್ಳಬೇಕೆಂದು	22
ಹುಟ್ಟು	ಹುಟ್ಟಿಕೊಳ್ಳುವವನು	10
ಹುಟ್ಟು	ಹುಟ್ಟುತ್ತಿರುವಾಗಲೇ	30
ಹುಟ್ಟು	ಹುಟ್ಟುತ್ತಿದ್ದವರ	60
ಹುಟ್ಟು	ಹುಟ್ಟಿಕೊಂಡೆನು	125
ಹುಟ್ಟು	ಹುಟ್ಟಬೇಕೆಂತಲೂ	92
ಹುಟ್ಟು	ಹುಟ್ಟಿಸಿಕೊಂಡ	17
ಹುಟ್ಟು	ಹುಟ್ಟುತ್ತಿರಲಿಲ್ಲ	15
ಹುಟ್ಟು	ಹುಟ್ಟುವವರು	62
ಹುಟ್ಟು	ಹುಟ್ಟಲೇಬೇಕು	7
ಹುಟ್ಟು	ಹುಟ್ಟಿಲ್ಲದ	123
ಹುಟ್ಟು	ಹುಟ್ಟುತ್ತಿದ್ದಾನೆ	57
ಹುಟ್ಟು	ಹುಟ್ಟದಿಂದ	1
ಹುಟ್ಟು	ಹುಟ್ಟಿಸುವುದು	41
ಹುಟ್ಟು	ಹುಟ್ಟುತ್ತಿದ್ದಾರೆ	119
ಹುಟ್ಟು	ಹುಟ್ಟಿರಿ	165
ಹುಟ್ಟು	ಹುಟ್ಟಿಕೊಳ್ಳಿ	69
ಹುಟ್ಟು	ಹುಟ್ಟಿಕೊಂಡು	151
ಹುಟ್ಟು	ಹುಟ್ಟಿಕೊ	106
ಹುಟ್ಟು	ಹುಟ್ಟುವುದರ	55
ಹುಟ್ಟು	ಹುಟ್ಟಿಕೊಂಡಿದ್ದಾನೆ	28
ಹುಟ್ಟು	ಹುಟ್ಟಿದವನೂ	70
ಹುಟ್ಟು	ಹುಟ್ಟಿದ್ದಳು	56
ಹುಟ್ಟು	ಹುಟ್ಟುತ್ತಾರೆ	152
ಹುಟ್ಟು	ಹುಟ್ಟಿದ	166
ಹುಟ್ಟು	ಹುಟ್ಟುತ್ತಿದ್ದನು	161
ಹುಟ್ಟು	ಹುಟ್ಟಲಾಯಿತು	9
ಹುಟ್ಟು	ಹುಟ್ಟುತ್ತಿದ್ದರೆ	32
ಹುಟ್ಟು	ಹುಟ್ಟಿದೆ	99
ಹುಟ್ಟು	ಹುಟ್ಟುವುದಕ್ಕಾಗಿ	155
ಹುಟ್ಟು	ಹುಟ್ಟದಿರುವುದರಿಂದ	67
ಹುಟ್ಟು	ಹುಟ್ಟುತ್ತಿದ್ದಳು	76
ಹುಟ್ಟು	ಹುಟ್ಟಿದ್ದೇವೆ	96
ಹುಟ್ಟು	ಹುಟ್ಟದಂತೆಯೂ	104
ಹುಟ್ಟು	ಹುಟ್ಟಿಕೊಳ್ಳಲು	130
ಹುಟ್ಟು	ಹುಟ್ಟಿದ್ದ	49
ಹುಟ್ಟು	ಹುಟ್ಟಿದೆವು	120
ಹುಟ್ಟು	ಹುಟ್ಟದ	34
ಹುಟ್ಟು	ಹುಟ್ಟಬೇಕೆಂಬುದೇ	5
ಹುಟ್ಟು	ಹುಟ್ಟು	171
ಹುಟ್ಟು	ಹುಟ್ಟಬೇಡ	137
ಹುಟ್ಟು	ಹುಟ್ಟುವರು	6
ಹುಟ್ಟು	ಹುಟ್ಟಿಲ್ಲ	144
ಹುಟ್ಟು	ಹುಟ್ಟುತ್ತಿಲ್ಲ	118
ಹುಟ್ಟು	ಹುಟ್ಟುತ್ತೀರಿ	141
ಹುಟ್ಟು	ಹುಟ್ಟಿಕೊಳ್ಳುವ	101
ಹುಟ್ಟು	ಹುಟ್ಟುವವನು	160
ಹುಟ್ಟು	ಹುಟ್ಟೋಣ	3
ಹುಟ್ಟು	ಹುಟ್ಟಬೇಡಿ	105
ಹುಟ್ಟು	ಹುಟ್ಟುತ್ತಿದ್ದಂತೆ	53
ಹುಟ್ಟು	ಹುಟ್ಟುತ್ತಾನೆಂಬುದು	72
ಹುಟ್ಟು	ಹುಟ್ಟಲಾರನು	65
ಹುಟ್ಟು	ಹುಟ್ಟುತ್ತೇನೆ	140
ಹುಟ್ಟು	ಹುಟ್ಟುವವರೆಗೆ	89
ಹುಟ್ಟು	ಹುಟ್ಟಿಕೊಳ್ಳುವಂತೆ	4
ಹುಟ್ಟು	ಹುಟ್ಟಲಾರೆ	0
ಹುಟ್ಟು	ಹುಟ್ಟುವವನಾಗಿದ್ದಾನೆ	143
ಹುಟ್ಟು	ಹುಟ್ಟಿದ್ದನು	45
ಹುಟ್ಟು	ಹುಟ್ಟಿಸಿಕೊಂಡಿದ್ದರು	14
ಹುಟ್ಟು	ಹುಟ್ಟಿಕೊಳ್ಳುತ್ತೇನೆ	25
ಹುಟ್ಟು	ಹುಟ್ಟಲಾಗಲಿಲ್ಲ	35
ಹುಟ್ಟು	ಹುಟ್ಟುವುದಾದರೆ	63
ಹುಟ್ಟು	ಹುಟ್ಟುವ	169
ಹುಟ್ಟು	ಹುಟ್ಟಿಯೂ	44
ಹುಟ್ಟು	ಹುಟ್ಟಿದ್ದನ್ನು	48
ಹುಟ್ಟು	ಹುಟ್ಟಬೇಕಾಗಿದ್ದ	39
ಹುಟ್ಟು	ಹುಟ್ಟದಿದ್ದರೆ	77
ಹುಟ್ಟು	ಹುಟ್ಟುವುದೇ	36
ಹುಟ್ಟು	ಹುಟ್ಟಿಕೊಳ್ಳಲಿ	110
ಹುಟ್ಟು	ಹುಟ್ಟುತ್ತೀರೋ	71
ಹುಟ್ಟು	ಹುಟ್ಟಿದರೂ	147
ಹುಟ್ಟು	ಹುಟ್ಟುತ್ತಿರುವುದು	156
ಹುಟ್ಟು	ಹುಟ್ಟಿಕೊಳ್ಳುವನು	47
ಹುಟ್ಟು	ಹುಟ್ಟಬೇಡಿರಿ	114
ಹುಟ್ಟು	ಹುಟ್ಟಿದ್ದು	78
ಹುಟ್ಟು	ಹುಟ್ಟುವಿರಿ	112
ಹುಟ್ಟು	ಹುಟ್ಟಿಸುವೆನು	50
ಹುಟ್ಟು	ಹುಟ್ಟಿದಿರಿ	107
ಹುಟ್ಟು	ಹುಟ್ಟುತ್ತಿರುವವನು	74
ಹುಟ್ಟು	ಹುಟ್ಟುತ್ತಿದ್ದೇನೆಂದು	86
ಹುಟ್ಟು	ಹುಟ್ಟುತ್ತೇವೆ	146
ಹುಟ್ಟು	ಹುಟ್ಟಿದರು	164
ಹುಟ್ಟು	ಹುಟ್ಟುವವರಿಗೆ	64
ಹುಟ್ಟು	ಹುಟ್ಟಿದಳು	95
ಹುಟ್ಟು	ಹುಟ್ಟುವವರೂ	85
ಹುಟ್ಟು	ಹುಟ್ಟುವುದಿಲ್ಲವೆಂದು	40
ಹುಟ್ಟು	ಹುಟ್ಟಿರುವೆ	116
ಹುಟ್ಟು	ಹುಟ್ಟುವುದಿಲ್ಲ	142
ಹುಟ್ಟು	ಹುಟ್ಟುವುದಕ್ಕಿಂತಲೂ	124
ಹುಟ್ಟು	ಹುಟ್ಟಿದಂದಿನಿಂದ	24
ಹುಟ್ಟು	ಹುಟ್ಟು	90
ಹುಟ್ಟು	ಹುಟ್ಟಿಸುತ್ತಾನೆ	93
ಹುಟ್ಟು	ಹುಟ್ಟಿದಾಗಲೆಲ್ಲಾ	79
ಹುಟ್ಟು	ಹುಟ್ಟಿಕೊಳ್ಳಿರಿ	97
ಹುಟ್ಟು	ಹುಟ್ಟುವುದಕ್ಕೂ	102
ಹುಟ್ಟು	ಹುಟ್ಟಿದವರೇ	83
ಹುಟ್ಟು	ಹುಟ್ಟುವನು	129
ಹುಟ್ಟು	ಹುಟ್ಟಿಸಿಕೊಳ್ಳಲು	68
ಹುಟ್ಟು	ಹುಟ್ಟಿಕೊಂಡರು	37
ಹುಟ್ಟು	ಹುಟ್ಟಿದವನಾಗಿದ್ದಾನೆ	81
ಹುಟ್ಟು	ಹುಟ್ಟುತ್ತಲೇ	94
ಹುಟ್ಟು	ಹುಟ್ಟುವುದರಿಂದ	109
ಹುಟ್ಟು	ಹುಟ್ಟಿದರೆ	132
ಹುಟ್ಟು	ಹುಟ್ಟಿದ್ದರು	133
ಹುಟ್ಟು	ಹುಟ್ಟದಂತೆ	54
ಹುಟ್ಟು	ಹುಟ್ಟಿಕೊಂಡರೆ	58
ತಡೆ	ತಡೆಲ್ಲ	138
ತಡೆ	ತಡೆ	61
ತಡೆ	ತಡೆದನು	117
ತಡೆ	ತಡೆದವರು	42
ತಡೆ	ತಡೆದ್ದರಿಂದ	121
ತಡೆ	ತಡೆದರು	139
ತಡೆ	ತಡೆದು	168
ತಡೆ	ತಿಳೆಂದ	1
ತಡೆ	ತಡೆಲ್ಲನು	73
ತಡೆ	ತಡೆದಂತೆಯೂ	104
ತಡೆ	ತಡೆದ್ದೇನೆ	154
ತಡೆ	ತಡೆದರು	6
ತಡೆ	ತಡೆದನು	28
ತಡೆ	ತಡೆದು	72
ತಡೆ	ತಡೆದನು	25
ತಡೆ	ತಡೆದು	102
ತಡೆ	ತಡೆದ್ದಳು	56
ತಡೆ	ತಡೆ	128
ತಡೆ	ತಡೆದರು	37
ತಡೆ	ತಡೆದು	134
ತಡೆ	ತಡೆ	127
ತಡೆ	ತಡೆದಿಲ್ಲ	84
ತಡೆ	ತಡೆದವುಗಳನ್ನೂ	39
ತಡೆ	ತಡೆದು	78
ತಡೆ	ತಡೆದು	89
ತಡೆ	ತಡೆ	63
ತಡೆ	ತಡೆದು	90
ತಡೆ	ತಡೆಂಬ	103
ತಡೆ	ತಡೆ	106
ತಡೆ	ತಡೆದನು	27
ತಡೆ	ತಡೆದನೂ	70
ತಡೆ	ತಡೆದನಾಗಿದ್ದಾನೆ	143
ತಡೆ	ತಡೆದೇಕೆ	12
ತಡೆ	ತಡೆದಿಸಲು	24
ತಡೆ	ತಡೆದ್ದೇನೆ	122
ತಡೆ	ತಡೆ	170
ತಡೆ	ತಡೆದು	26
ತಡೆ	ತಡೆದ	34
ತಡೆ	ತಡೆದನು	83
ತಡೆ	ತಡೆಲಾಗಲಿಲ್ಲ	35
ತಡೆ	ತಡೆದ್ದಾರೆ	119
ತಡೆ	ತಡೆದವವರಾಗಿದ್ದರೆ	31
ತಡೆ	ತಡೆದಳು	76
ತಡೆ	ತಡೆ	136
ತಡೆ	ತಡೆದ್ದರು	145
ತಡೆ	ತಡೆಂದು	23
ತಡೆ	ತಡೆದರೂ	147
ತಡೆ	ತಡೆದನು	130
ತಡೆ	ತಡೆದು	100
ತಡೆ	ತಡೆದನು	101
ತಡೆ	ತಡೆದನು	161
ತಡೆ	ತಡೆದ್ದಾರೆ	135
ತಡೆ	ತಡೆವು	120
ತಡೆ	ತಡೆ	141
ತಡೆ	ತಡೆದರೆ	58
ತಡೆ	ತಡೆದವನಾಗಿದ್ದಾನೆ	81
ತಡೆ	ತಡೆದಾಗಲೆಲ್ಲಾ	79
ತಡೆ	ತಡೆದ್ದೀರಿ	111
ತಡೆ	ತಡೆದಿರುವ	82
ತಡೆ	ತಡೆದ್ದರೂ	46
ತಡೆ	ತಡೆದನು	157
ತಡೆ	ತಡೆದನು	140
ತಡೆ	ತಡೆಂದು	40
ತಡೆ	ತಡೆಲ್ಲಾ	29
ತಡೆ	ತಡೆ	87
ತಡೆ	ತಡೆದು	20
ತಡೆ	ತಡೆದಿರಿ	107
ತಡೆ	ತಡೆದಿರುವುದರಿಂದ	67
ತಡೆ	ತಡೆದಾಗ	148
ತಡೆ	ತಡೆದ್ದರೆ	21
ತಡೆ	ತಡೆದನು	74
ತಡೆ	ತಡೆದನು	17
ತಡೆ	ತಡೆದ್ದಾನೆ	98
ತಡೆ	ತು	44
ತಡೆ	ತಡೆದನು	22
ತಡೆ	ತಡೆದು	13
ತಡೆ	ತಡೆದನು	110
ತಡೆ	ತಡೆ	171
ತಡೆ	ತಡೆ	54
ತಡೆ	ತಡೆದು	118
ತಡೆ	ತಡೆಲ್ಲ	144
ತಡೆ	ತಡೆದರಲ್ಲಿಯೂ	59
ತಡೆ	ತಡೆದು	156
ತಡೆ	ತಡೆ	165
ತಡೆ	ತಡೆದನು	91
ತಡೆ	ತಡೆದ್ದ	49
ತಡೆ	ತಡೆದ್ದರೆ	32
ತಡೆ	ತಡೆ	112
ತಡೆ	ತಡೆ	169
ತಡೆ	ತಡೆ	116
ತಡೆ	ತಡೆದಂತೆ	53
ತಡೆ	ತಡೆದಳು	95
ತಡೆ	ತಡೆದು	108
ತಡೆ	ತಡೆದನು	7
ತಡೆ	ತಡೆದು	66
ತಡೆ	ತಡೆದನು	80
ತಡೆ	ತಡೆದ್ದನ್ನು	48
ತಡೆ	ತಡೆದನು	71
ತಡೆ	ತಡೆದನು	10
ತಡೆ	ತಡೆದನು	93
ತಡೆ	ತಡೆವವರಿಗೆ	64
ತಡೆ	ತಡೆದು	94
ತಡೆ	ತಡೆ	99
ತಡೆ	ತಡೆಲ್ಲದ	123
ತಡೆ	ತಡೆವವರು	62
ತಡೆ	ತಡೆ	105
ತಡೆ	ತಡೆ	150
ತಡೆ	ತಡೆ	149
ತಡೆ	ತಡೆ	43
ತಡೆ	ತಡೆದ್ದೇವೆ	96
ತಡೆ	ತಡೆ	137
ತಡೆ	ತಡೆದ್ದೇವೆ	115
ತಡೆ	ತಡೆದಿರಿ	114
ತಡೆ	ತಡೆ	131
ತಡೆ	ತಡೆದನು	19
ತಡೆ	ತಡೆದು	86
ತಡೆ	ತಡೆದ್ದೀರಾ	88
ತಡೆ	ತಡೆದು	15
ತಡೆ	ತಡೆದರು	164
ತಡೆ	ತಡೆದು	51
ತಡೆ	ತಡೆದನು	65
ತಡೆ	ತಡೆದನು	75
ತಡೆ	ತಡೆ	158
ತಡೆ	ತಡೆದವರು	16
ತಡೆ	ತಡೆದನು	113
ತಡೆ	ತಡೆದರಿಂದ	109
ತಡೆ	ತಡೆದು	152
ತಡೆ	ತಡೆದನು	160
ತಡೆ	ತಡೆದ್ದಾನೆ	57
ತಡೆ	ತಡೆದೇ	5
ತಡೆ	ತಡೆದು	41
ತಡೆ	ತಡೆದವರೂ	85
ತಡೆ	ತಡೆದು	151
ತಡೆ	ತಡೆದನು	47
ತಡೆ	ತಡೆದರಲ್ಲಿ	52
ತಡೆ	ತಡೆಂದು	159
ತಡೆ	ತಡೆದ್ದಾನೆಂದು	33
ತಡೆ	ತಡೆದನು	163
ತಡೆ	ತಡೆದನು	3
ತಡೆ	ತಡೆದ್ದರು	133
ತಡೆ	ತಡೆ	155
ತಡೆ	ತಡದಿದ್ದರೆ	77
ತಡೆ	ತಡೆದಂತೆ	4
ತಡೆ	ತಡೆದು	18
ತಡೆ	ತಡೆದಿ	69
ತಡೆ	ತಡೆದನು	45
ತಡೆ	ತಡೆದಿಲ್ಲ	142
ತಡೆ	ತಡೆದನು	68
ತಡೆ	ತಡೆ	146
ತಡೆ	ತಡೆದು	0
ತಡೆ	ತಡೆದನು	129
ತಡೆ	ತಡೆದವರ	60
ತಡೆ	ತಡೆಂತಲೂ	92
ತಡೆ	ತಡೆನು	125
ತಡೆ	ತಡೆದನು	2
ತಡೆ	ತಡೆದಿಸಿಕೊಂಡಿದ್ದರು	14
ತಡೆ	ತಡೆದ್ದೀರಿ	153
ತಡೆ	ತಡೆದನು	11
ತಡೆ	ತಡೆದೆನು	162
ತಡೆ	ತಡೆದನು	167
ತಡೆ	ತಡೆಂತಲೂ	124
ತಡೆ	ತಡೆದರು	9
ತಡೆ	ತಡೆದು	30
ತಡೆ	ತಡೆದೆ	126
ತಡೆ	ತಡೆ	36
ತಡೆ	ತಡೆದರೆ	132
ತಡೆ	ತಡೆ	55
ತಡೆ	ತಡೆದನು	50
ತಡೆ	ತಡೆದನು	38
ತಡೆ	ತಡೆದಿರಿ	97
ತಡೆ	ತಡೆನು	8
ತಡೆ	ತಡೆದ	166
ಪ್ರಯತ್ನಿಸು	ಪ್ರಯತ್ನಿಸುವವರಾಗಿದ್ದರೆ	31
ಪ್ರಯತ್ನಿಸು	ಪ್ರಯತ್ನಿಸಿದ್ದನ್ನು	48
ಪ್ರಯತ್ನಿಸು	ಪ್ರಯತ್ನಿಸಬೇಕೆಂತಲೂ	92
ಪ್ರಯತ್ನಿಸು	ಪ್ರಯತ್ನಿಸುವನು	129
ಪ್ರಯತ್ನಿಸು	ಪ್ರಯತ್ನಿಸುತ್ತಿದ್ದವರ	60
ಪ್ರಯತ್ನಿಸು	ಪ್ರಯತ್ನಿಸುವಂತೆ	61
ಪ್ರಯತ್ನಿಸು	ಪ್ರಯತ್ನಿಸುತ್ತೇನೆ	140
ಪ್ರಯತ್ನಿಸು	ಪ್ರಯತ್ನಿಸುತ್ತಿದ್ದವರು	42
ಪ್ರಯತ್ನಿಸು	ಪ್ರಯತ್ನಿಸುತ್ತಿದ್ದ	89
ಪ್ರಯತ್ನಿಸು	ಪ್ರಯತ್ನಿಸುತ್ತಿದ್ದರೆ	32
ಪ್ರಯತ್ನಿಸು	ಪ್ರಯತ್ನಿಸುವವರಿಗೆ	64
ಪ್ರಯತ್ನಿಸು	ಪ್ರಯತ್ನಿಸಿದ್ದೇವೆ	96
ಪ್ರಯತ್ನಿಸು	ಪ್ರಯತ್ನಿಸುವುದಕ್ಕೆ	150
ಪ್ರಯತ್ನಿಸು	ಪ್ರಯತ್ನಿಸಿಕೊಳ್ಳುವನು	47
ಪ್ರಯತ್ನಿಸು	ಪ್ರಯತ್ನಿಸುತ್ತಿದ್ದರು	145
ಪ್ರಯತ್ನಿಸು	ಪ್ರಯತ್ನಿಸದಿಂದ	1
ಪ್ರಯತ್ನಿಸು	ಪ್ರಯತ್ನಿಸಿಕೊಂಡರು	37
ಪ್ರಯತ್ನಿಸು	ಪ್ರಯತ್ನಿಸಿದನು	167
ಪ್ರಯತ್ನಿಸು	ಪ್ರಯತ್ನಿಸದಂತೆ	54
ಪ್ರಯತ್ನಿಸು	ಪ್ರಯತ್ನಿಸಿತು	43
ಪ್ರಯತ್ನಿಸು	ಪ್ರಯತ್ನಿಸುತ್ತಿಲ್ಲ	118
ಪ್ರಯತ್ನಿಸು	ಪ್ರಯತ್ನಿಸದೆ	158
ಪ್ರಯತ್ನಿಸು	ಪ್ರಯತ್ನಿಸುತ್ತಿದ್ದಳು	76
ಪ್ರಯತ್ನಿಸು	ಪ್ರಯತ್ನಿಸಿದ್ದಾರೆ	135
ಪ್ರಯತ್ನಿಸು	ಪ್ರಯತ್ನಿಸುತ್ತಿರುವಾಗಲೇ	30
ಪ್ರಯತ್ನಿಸು	ಪ್ರಯತ್ನಿಸಬೇಕೆಂಬ	103
ಪ್ರಯತ್ನಿಸು	ಪ್ರಯತ್ನಿಸಿದ್ದು	78
ಪ್ರಯತ್ನಿಸು	ಪ್ರಯತ್ನಿಸಲಿಲ್ಲ	35
ಪ್ರಯತ್ನಿಸು	ಪ್ರಯತ್ನಿಸತೊಡಗಿದರು	139
ಪ್ರಯತ್ನಿಸು	ಪ್ರಯತ್ನಿಸಲು	168
ಪ್ರಯತ್ನಿಸು	ಪ್ರಯತ್ನಿಸುತ್ತೇವೆ	146
ಪ್ರಯತ್ನಿಸು	ಪ್ರಯತ್ನಿಸುವುದಿಲ್ಲವೆಂದು	40
ಪ್ರಯತ್ನಿಸು	ಪ್ರಯತ್ನಿಸಿಕೊಂಡಿದ್ದರು	14
ಪ್ರಯತ್ನಿಸು	ಪ್ರಯತ್ನಿಸಬೇಕೆಂದು	159
ಪ್ರಯತ್ನಿಸು	ಪ್ರಯತ್ನಿಸುತ್ತಿದ್ದಾರೆಂಬುದು	83
ಪ್ರಯತ್ನಿಸು	ಪ್ರಯತ್ನಿಸಿದರೆ	132
ಪ್ರಯತ್ನಿಸು	ಪ್ರಯತ್ನಿಸದ	34
ಪ್ರಯತ್ನಿಸು	ಪ್ರಯತ್ನಿಸಿದವನೂ	70
ಪ್ರಯತ್ನಿಸು	ಪ್ರಯತ್ನಿಸುವುದೇ	36
ಪ್ರಯತ್ನಿಸು	ಪ್ರಯತ್ನಿಸಿಕೊಳ್ಳುವೆನು	27
ಪ್ರಯತ್ನಿಸು	ಪ್ರಯತ್ನಿಸಿದ್ದಳು	56
ಪ್ರಯತ್ನಿಸು	ಪ್ರಯತ್ನಿಸುವುದಕ್ಕೂ	102
ಪ್ರಯತ್ನಿಸು	ಪ್ರಯತ್ನಿಸಿದರು	164
ಪ್ರಯತ್ನಿಸು	ಪ್ರಯತ್ನಿಸುತ್ತಿದ್ದೆನು	66
ಪ್ರಯತ್ನಿಸು	ಪ್ರಯತ್ನಿಸಿರುವ	127
ಪ್ರಯತ್ನಿಸು	ಪ್ರಯತ್ನಿಸಿಕೊಳ್ಳಲಿ	110
ಪ್ರಯತ್ನಿಸು	ಪ್ರಯತ್ನಿಸಿದವರು	16
ಪ್ರಯತ್ನಿಸು	ಪ್ರಯತ್ನಿಸಿದ್ದರು	133
ಪ್ರಯತ್ನಿಸು	ಪ್ರಯತ್ನಿಸುವವನು	160
ಪ್ರಯತ್ನಿಸು	ಪ್ರಯತ್ನಿಸಿಕೊಳ್ಳಿ	69
ಪ್ರಯತ್ನಿಸು	ಪ್ರಯತ್ನಿಸಬೇಕೆಂಬುದೇ	5
ಪ್ರಯತ್ನಿಸು	ಪ್ರಯತ್ನಿಸುವರು	6
ಪ್ರಯತ್ನಿಸು	ಪ್ರಯತ್ನಿಸುತ್ತಿದ್ದೀರಿ	111
ಪ್ರಯತ್ನಿಸು	ಪ್ರಯತ್ನಿಸುತ್ತಾನೆ	163
ಪ್ರಯತ್ನಿಸು	ಪ್ರಯತ್ನಿಸಿ	170
ಪ್ರಯತ್ನಿಸು	ಪ್ರಯತ್ನಿಸಿದ್ದನು	45
ಪ್ರಯತ್ನಿಸು	ಪ್ರಯತ್ನಿಸುವುದಕ್ಕಿಂತ	108
ಪ್ರಯತ್ನಿಸು	ಪ್ರಯತ್ನಿಸಿದರೂ	147
ಪ್ರಯತ್ನಿಸು	ಪ್ರಯತ್ನಿಸುವವನಾಗಿದ್ದಾನೆ	143
ಪ್ರಯತ್ನಿಸು	ಪ್ರಯತ್ನಿಸುವುದು	100
ಪ್ರಯತ್ನಿಸು	ಪ್ರಯತ್ನಿಸುತ್ತಿರುವವನು	74
ಪ್ರಯತ್ನಿಸು	ಪ್ರಯತ್ನಿಸದಂತೆಯೂ	104
ಪ್ರಯತ್ನಿಸು	ಪ್ರಯತ್ನಿಸುವುದರಲ್ಲಿಯೂ	59
ಪ್ರಯತ್ನಿಸು	ಪ್ರಯತ್ನಿಸಿಕೊಂಡಿದ್ದಾನೆ	28
ಪ್ರಯತ್ನಿಸು	ಪ್ರಯತ್ನಿಸಿದ್ದಾನೆ	98
ಪ್ರಯತ್ನಿಸು	ಪ್ರಯತ್ನಿಸಬೇಕು	157
ಪ್ರಯತ್ನಿಸು	ಪ್ರಯತ್ನಿಸಲಿಲ್ಲವೇ	80
ಪ್ರಯತ್ನಿಸು	ಪ್ರಯತ್ನಿಸಿದ್ದೀರಿ	153
ಪ್ರಯತ್ನಿಸು	ಪ್ರಯತ್ನಿಸದಿರುವ	82
ಪ್ರಯತ್ನಿಸು	ಪ್ರಯತ್ನಿಸಿಕೊಂಡೆನು	125
ಪ್ರಯತ್ನಿಸು	ಪ್ರಯತ್ನಿಸುತ್ತದೆ	126
ಪ್ರಯತ್ನಿಸು	ಪ್ರಯತ್ನಿಸುತ್ತಾನೆಂಬುದು	72
ಪ್ರಯತ್ನಿಸು	ಪ್ರಯತ್ನಿಸುವಾಗ	136
ಪ್ರಯತ್ನಿಸು	ಪ್ರಯತ್ನಿಸುತ್ತಿದ್ದಾನೆ	57
ಪ್ರಯತ್ನಿಸು	ಪ್ರಯತ್ನಿಸುತ್ತಲೇ	94
ಪ್ರಯತ್ನಿಸು	ಪ್ರಯತ್ನಿಸಿಕೊಂಡ	17
ಪ್ರಯತ್ನಿಸು	ಪ್ರಯತ್ನಿಸುವವರು	62
ಪ್ರಯತ್ನಿಸು	ಪ್ರಯತ್ನಿಸಿಕೊಂಡರೆ	58
ಪ್ರಯತ್ನಿಸು	ಪ್ರಯತ್ನಿಸಿಕೊಳ್ಳುವಂತೆ	4
ಪ್ರಯತ್ನಿಸು	ಪ್ರಯತ್ನಿಸುತ್ತಾನೆ	93
ಪ್ರಯತ್ನಿಸು	ಪ್ರಯತ್ನಿಸಿಕೊಂಡ	38
ಪ್ರಯತ್ನಿಸು	ಪ್ರಯತ್ನಿಸುತ್ತಾರೆ	152
ಪ್ರಯತ್ನಿಸು	ಪ್ರಯತ್ನಿಸಿದ್ದ	49
ಪ್ರಯತ್ನಿಸು	ಪ್ರಯತ್ನಿಸಬೇಡಿರಿ	114
ಪ್ರಯತ್ನಿಸು	ಪ್ರಯತ್ನಿಸುವವರ	87
ಪ್ರಯತ್ನಿಸು	ಪ್ರಯತ್ನಿಸಿದನು	91
ಪ್ರಯತ್ನಿಸು	ಪ್ರಯತ್ನಿಸಿದೆವು	120
ಪ್ರಯತ್ನಿಸು	ಪ್ರಯತ್ನಿಸಿಕೊ	106
ಪ್ರಯತ್ನಿಸು	ಪ್ರಯತ್ನಿಸುತ್ತಿದ್ದೇನೆಂದು	86
ಪ್ರಯತ್ನಿಸು	ಪ್ರಯತ್ನಿಸಿದಾಗ	148
ಪ್ರಯತ್ನಿಸು	ಪ್ರಯತ್ನಿಸುವುದಕ್ಕಾಗಿ	155
ಪ್ರಯತ್ನಿಸು	ಪ್ರಯತ್ನಿಸುವ	169
ಪ್ರಯತ್ನಿಸು	ಪ್ರಯತ್ನಿಸಲೆಂದು	23
ಪ್ರಯತ್ನಿಸು	ಪ್ರಯತ್ನಿಸಿದವನಾಗಿದ್ದಾನೆ	81
ಪ್ರಯತ್ನಿಸು	ಪ್ರಯತ್ನಿಸುವುದು	90
ಪ್ರಯತ್ನಿಸು	ಪ್ರಯತ್ನಿಸಿದ್ದರೆ	21
ಪ್ರಯತ್ನಿಸು	ಪ್ರಯತ್ನಿಸುತ್ತಿದ್ದಂತೆ	53
ಪ್ರಯತ್ನಿಸು	ಪ್ರಯತ್ನಿಸಿಲ್ಲ	144
ಪ್ರಯತ್ನಿಸು	ಪ್ರಯತ್ನಿಸದಿದ್ದರೆ	77
ಪ್ರಯತ್ನಿಸು	ಪ್ರಯತ್ನಿಸಬಹುದು	26
ಪ್ರಯತ್ನಿಸು	ಪ್ರಯತ್ನಿಸಬೇಡ	137
ಪ್ರಯತ್ನಿಸು	ಪ್ರಯತ್ನಿಸುವುದರಿಂದ	109
ಪ್ರಯತ್ನಿಸು	ಪ್ರಯತ್ನಿಸುವೆನು	50
ಪ್ರಯತ್ನಿಸು	ಪ್ರಯತ್ನಿಸಿಕೊಳ್ಳುತ್ತೇನೆ	25
ಪ್ರಯತ್ನಿಸು	ಪ್ರಯತ್ನಿಸಿದವನು	117
ಪ್ರಯತ್ನಿಸು	ಪ್ರಯತ್ನಿಸಿಕೊಳ್ಳುವ	101
ಪ್ರಯತ್ನಿಸು	ಪ್ರಯತ್ನಿಸುತ್ತೀರಿ	141
ಪ್ರಯತ್ನಿಸು	ಪ್ರಯತ್ನಿಸಿಕೊಂಡನು	19
ಪ್ರಯತ್ನಿಸು	ಪ್ರಯತ್ನಿಸದಿರುವುದರಿಂದ	67
ಪ್ರಯತ್ನಿಸು	ಪ್ರಯತ್ನಿಸು	171
ಪ್ರಯತ್ನಿಸು	ಪ್ರಯತ್ನಿಸುವುದರ	55
ಪ್ರಯತ್ನಿಸು	ಪ್ರಯತ್ನಿಸಬೇಕಾಗಿದ್ದ	39
ಪ್ರಯತ್ನಿಸು	ಪ್ರಯತ್ನಿಸುವುದಿಲ್ಲ	142
ಪ್ರಯತ್ನಿಸು	ಪ್ರಯತ್ನಿಸಲಾರೆ	0
ಪ್ರಯತ್ನಿಸು	ಪ್ರಯತ್ನಿಸಲಿ	128
ಪ್ರಯತ್ನಿಸು	ಪ್ರಯತ್ನಿಸುವಿರಿ	112
ಪ್ರಯತ್ನಿಸು	ಪ್ರಯತ್ನಿಸಲಾರದ	10
ಪ್ರಯತ್ನಿಸು	ಪ್ರಯತ್ನಿಸಿದಳು	95
ಪ್ರಯತ್ನಿಸು	ಪ್ರಯತ್ನಿಸಬೇಡಿ	105
ಪ್ರಯತ್ನಿಸು	ಪ್ರಯತ್ನಿಸಿಲ್ಲದ	123
ಪ್ರಯತ್ನಿಸು	ಪ್ರಯತ್ನಿಸುತ್ತಾ	131
ಪ್ರಯತ್ನಿಸು	ಪ್ರಯತ್ನಿಸುತ್ತಿದ್ದಾಗಲೇ	20
ಪ್ರಯತ್ನಿಸು	ಪ್ರಯತ್ನಿಸುತ್ತಿರಲಿಲ್ಲ	15
ಪ್ರಯತ್ನಿಸು	ಪ್ರಯತ್ನಿಸಲು	24
ಪ್ರಯತ್ನಿಸು	ಪ್ರಯತ್ನಿಸುವುದರಲ್ಲಿ	52
ಪ್ರಯತ್ನಿಸು	ಪ್ರಯತ್ನಿಸಬಲ್ಲನು	73
ಪ್ರಯತ್ನಿಸು	ಪ್ರಯತ್ನಿಸಿದೆನು	162
ಪ್ರಯತ್ನಿಸು	ಪ್ರಯತ್ನಿಸೋಣ	3
ಪ್ರಯತ್ನಿಸು	ಪ್ರಯತ್ನಿಸುತ್ತಿದ್ದಾರೆ	119
ಪ್ರಯತ್ನಿಸು	ಪ್ರಯತ್ನಿಸುತ್ತಿರುವುದು	156
ಪ್ರಯತ್ನಿಸು	ಪ್ರಯತ್ನಿಸಿತು	65
ಪ್ರಯತ್ನಿಸು	ಪ್ರಯತ್ನಿಸುತ್ತಿರುವಾಗ	18
ಪ್ರಯತ್ನಿಸು	ಪ್ರಯತ್ನಿಸಿದ್ದೇನೆ	122
ಪ್ರಯತ್ನಿಸು	ಪ್ರಯತ್ನಿಸಿರುವೆ	116
ಪ್ರಯತ್ನಿಸು	ಪ್ರಯತ್ನಿಸಿಕೊಳ್ಳಲು	68
ಪ್ರಯತ್ನಿಸು	ಪ್ರಯತ್ನಿಸಿಕೊಳ್ಳಬೇಕು	2
ಪ್ರಯತ್ನಿಸು	ಪ್ರಯತ್ನಿಸುತ್ತಿದ್ದೇನೆ	154
ಪ್ರಯತ್ನಿಸು	ಪ್ರಯತ್ನಿಸುತ್ತೀರೋ	71
ಪ್ರಯತ್ನಿಸು	ಪ್ರಯತ್ನಿಸುವುದಿಲ್ಲ	84
ಪ್ರಯತ್ನಿಸು	ಪ್ರಯತ್ನಿಸುವವರೂ	85
ಪ್ರಯತ್ನಿಸು	ಪ್ರಯತ್ನಿಸಿರಿ	165
ಪ್ರಯತ್ನಿಸು	ಪ್ರಯತ್ನಿಸಲಾಯಿತು	9
ಪ್ರಯತ್ನಿಸು	ಪ್ರಯತ್ನಿಸುವೆ	149
ಪ್ರಯತ್ನಿಸು	ಪ್ರಯತ್ನಿಸುತ್ತಿದ್ದನು	161
ಪ್ರಯತ್ನಿಸು	ಪ್ರಯತ್ನಿಸಲಿಲ್ಲ	138
ಪ್ರಯತ್ನಿಸು	ಪ್ರಯತ್ನಿಸುವುದಾದರೆ	63
ಪ್ರಯತ್ನಿಸು	ಪ್ರಯತ್ನಿಸಿಕೊಳ್ಳಬೇಕೆಂದು	22
ಪ್ರಯತ್ನಿಸು	ಪ್ರಯತ್ನಿಸಿದ್ದರಿಂದ	121
ಪ್ರಯತ್ನಿಸು	ಪ್ರಯತ್ನಿಸಿಯೂ	44
ಪ್ರಯತ್ನಿಸು	ಪ್ರಯತ್ನಿಸಬೇಕಿತ್ತು	75
ಪ್ರಯತ್ನಿಸು	ಪ್ರಯತ್ನಿಸುವಾಗಲೆಲ್ಲಾ	29
ಪ್ರಯತ್ನಿಸು	ಪ್ರಯತ್ನಿಸುವುದೇಕೆ	12
ಪ್ರಯತ್ನಿಸು	ಪ್ರಯತ್ನಿಸಿಕೊಳ್ಳಲಿಲ್ಲ	113
ಪ್ರಯತ್ನಿಸು	ಪ್ರಯತ್ನಿಸುವೆನು	8
ಪ್ರಯತ್ನಿಸು	ಪ್ರಯತ್ನಿಸುವುದಕ್ಕಿಂತಲೂ	124
ಪ್ರಯತ್ನಿಸು	ಪ್ರಯತ್ನಿಸುತ್ತಿರುವ	134
ಪ್ರಯತ್ನಿಸು	ಪ್ರಯತ್ನಿಸಿದಾಗಲೆಲ್ಲಾ	79
ಪ್ರಯತ್ನಿಸು	ಪ್ರಯತ್ನಿಸಲೇಬೇಕು	7
ಪ್ರಯತ್ನಿಸು	ಪ್ರಯತ್ನಿಸಿಕೊಳ್ಳಿರಿ	97
ಪ್ರಯತ್ನಿಸು	ಪ್ರಯತ್ನಿಸಿಕೊಳ್ಳಲು	130
ಪ್ರಯತ್ನಿಸು	ಪ್ರಯತ್ನಿಸಿದೆ	99
ಪ್ರಯತ್ನಿಸು	ಪ್ರಯತ್ನಿಸಿಕೊಳ್ಳುತ್ತಾನೆ	11
ಪ್ರಯತ್ನಿಸು	ಪ್ರಯತ್ನಿಸುತ್ತಿದ್ದೇವೆ	115
ಪ್ರಯತ್ನಿಸು	ಪ್ರಯತ್ನಿಸುತ್ತಿರುವೆ	13
ಪ್ರಯತ್ನಿಸು	ಪ್ರಯತ್ನಿಸುವುದು	41
ಪ್ರಯತ್ನಿಸು	ಪ್ರಯತ್ನಿಸದಿದ್ದರೂ	46
ಪ್ರಯತ್ನಿಸು	ಪ್ರಯತ್ನಿಸಿಕೊಂಡು	151
ಪ್ರಯತ್ನಿಸು	ಪ್ರಯತ್ನಿಸಿದ್ದಾನೆಂದು	33
ಪ್ರಯತ್ನಿಸು	ಪ್ರಯತ್ನಿಸುತ್ತಿದ್ದಾಗ	51
ಪ್ರಯತ್ನಿಸು	ಪ್ರಯತ್ನಿಸಿದ	166
ಪ್ರಯತ್ನಿಸು	ಪ್ರಯತ್ನಿಸಿದಿರಿ	107
ಪ್ರಯತ್ನಿಸು	ಪ್ರಯತ್ನಿಸುತ್ತಿದ್ದೀರಾ	88
ಓಡು	ಓಡಿದಾಗ	148
ಓಡು	ಓಡುತ್ತಿದ್ದಾರೆ	119
ಓಡು	ಓಡುವುದೇ	36
ಓಡು	ಓಡಿಸುತ್ತಾನೆ	93
ಓಡು	ಓಡದಂತೆಯೂ	104
ಓಡು	ಓಡುತ್ತಿದ್ದೆನು	66
ಓಡು	ಓಡಬೇಕು	157
ಓಡು	ಓಡಲಿಲ್ಲ	138
ಓಡು	ಓಡುತ್ತಿದ್ದೇನೆ	154
ಓಡು	ಓಡುತ್ತೇನೆ	140
ಓಡು	ಓಡುತ್ತಿಲ್ಲ	118
ಓಡು	ಓಡಿದನು	167
ಓಡು	ಓಡಿಕೊಳ್ಳಿರಿ	97
ಓಡು	ಓಡುವುದರಲ್ಲಿಯೂ	59
ಓಡು	ಓಡಿರುವ	127
ಓಡು	ಓಡುತ್ತಾನೆಂಬುದು	72
ಓಡು	ಓಡಿದರೆ	132
ಓಡು	ಓಡುವುದಕ್ಕೂ	102
ಓಡು	ಓಡುತ್ತಿರುವಾಗಲೇ	30
ಓಡು	ಓಡುವ	169
ಓಡು	ಓಡುತ್ತಿರುವ	134
ಓಡು	ಓಡಿತು	43
ಓಡು	ಓಡಿದ್ದರು	133
ಓಡು	ಓಡಬೇಕೆಂಬ	103
ಓಡು	ಓಡುತ್ತಾರೆ	152
ಓಡು	ಓಡಿಸುವುದಿಲ್ಲ	84
ಓಡು	ಓಡುವುದಕ್ಕೆ	150
ಓಡು	ಓತು	44
ಓಡು	ಓಡುತ್ತೇವೆ	146
ಓಡು	ಓಡುವುದಿಲ್ಲವೆಂದು	40
ಓಡು	ಓಡುತ್ತಾ	131
ಓಡು	ಓಡಬೇಡಿ	105
ಓಡು	ಓಡತೊಡಗಿದರು	139
ಓಡು	ಓಡಿರುವೆ	116
ಓಡು	ಓಡುತ್ತದೆ	126
ಓಡು	ಓಡಲು	168
ಓಡು	ಓಡಿಕೊಳ್ಳುವಂತೆ	4
ಓಡು	ಓಡುತ್ತೀರಿ	141
ಓಡು	ಓಡಿಸಿದನು	91
ಓಡು	ಓಡಿದ್ದನು	45
ಓಡು	ಓಡದಂತೆ	54
ಓಡು	ಓಡದಿರುವುದರಿಂದ	67
ಓಡು	ಓಡಿದಾಗಲೆಲ್ಲಾ	79
ಓಡು	ಓಡುತ್ತಾನೆ	163
ಓಡು	ಓಡುವವರೂ	85
ಓಡು	ಓಡುವುದರ	55
ಓಡು	ಓಡುತ್ತಿದ್ದರೆ	32
ಓಡು	ಓಡಿದವರೇ	83
ಓಡು	ಓಡುವಾಗ	136
ಓಡು	ಓಡಿದ್ದಳು	56
ಓಡು	ಓಡಬೇಡ	137
ಓಡು	ಓಡಿದೆನು	162
ಓಡು	ಓಡಿದವನು	117
ಓಡು	ಓಡುತ್ತಿದ್ದನು	161
ಓಡು	ಓಡಬಹುದು	26
ಓಡು	ಓಡಿಕೊಳ್ಳುವನು	47
ಓಡು	ಓಡಿಕೊಂಡು	151
ಓಡು	ಓಡಿರಿ	165
ಓಡು	ಓಡಿಕೊಳ್ಳುವ	101
ಓಡು	ಓಡಿಕೊಂಡಿದ್ದಾನೆ	28
ಓಡು	ಓಡಿಸಿಬಿಟ್ಟನು	50
ಓಡು	ಓಡಿದವರು	16
ಓಡು	ಓಡಲಾಯಿತು	9
ಓಡು	ಓಡಿಹೋಗುತ್ತವೆ	7
ಓಡು	ಓಡಿಸಿಕೊಂಡಿದ್ದರು	14
ಓಡು	ಓಡುತ್ತಿದ್ದಾಗಲೇ	20
ಓಡು	ಓಡುವವರ	87
ಓಡು	ಓಡುವಾಗಲೆಲ್ಲಾ	29
ಓಡು	ಓಡುತ್ತಿದ್ದರೂ	86
ಓಡು	ಓಡಿದ್ದೀರಿ	153
ಓಡು	ಓಡಿ	170
ಓಡು	ಓಡದಿದ್ದರೆ	77
ಓಡು	ಓಡಿದ್ದೇನೆ	122
ಓಡು	ಓಡುತ್ತಿರುವಾಗ	18
ಓಡು	ಓಡುವಿರಿ	112
ಓಡು	ಓಡಿಕೊಳ್ಳುತ್ತೇನೆ	25
ಓಡು	ಓಡಬೇಕೆಂಬುದೇ	5
ಓಡು	ಓಡಿಕೊಳ್ಳುವವನು	10
ಓಡು	ಓಡಿಲ್ಲದ	123
ಓಡು	ಓಡಲಾಗಲಿಲ್ಲ	35
ಓಡು	ಓಡಿದ್ದು	78
ಓಡು	ಓಡಲಿ	128
ಓಡು	ಓಡುತ್ತಿರಲು	51
ಓಡು	ಇಡು	90
ಓಡು	ಓಡಿಹೋದರು	11
ಓಡು	ಓಡಿಕೊಳ್ಳುವೆನು	27
ಓಡು	ಓಡಬಲ್ಲನು	73
ಓಡು	ಓಡಲೆಂದು	23
ಓಡು	ಓಡಿಕೊಂಡೆನು	125
ಓಡು	ಓಡಬೇಡಿರಿ	114
ಓಡು	ಓಡಿಕೊಂಡರು	37
ಓಡು	ಓಡದ	34
ಓಡು	ಓಡುತ್ತಿದ್ದವರ	60
ಓಡು	ಓಡುವುದರಲ್ಲಿ	52
ಓಡು	ಓಡಿಹೋಗಿ	12
ಓಡು	ಓಡಿದೆವು	120
ಓಡು	ಓಡಿದವನಾಗಿದ್ದಾನೆ	81
ಓಡು	ಓಡಿದರೂ	147
ಓಡು	ಓಡಿದ್ದರೆ	21
ಓಡು	ಓಡಿದವನೂ	70
ಓಡು	ಓಡಿದ್ದಾನೆ	98
ಓಡು	ಓಡಿಕೊಳ್ಳಿ	69
ಓಡು	ಓಡಿಕೊಂಡಳು	15
ಓಡು	ಓಡಿದರು	164
ಓಡು	ಓಡುವೆ	149
ಓಡು	ಓಡಿಕೊಂಡರೆ	58
ಓಡು	ಓಡುವವನಾಗಿದ್ದಾನೆ	143
ಓಡು	ಓಡುವವನು	160
ಓಡು	ಓಡುವವರು	62
ಓಡು	ಓಡಿಸಿತು	65
ಓಡು	ಓಡುವುದಕ್ಕಿಂತ	108
ಓಡು	ಓಡದಿದ್ದರೂ	46
ಓಡು	ಓಡಿಕೊಳ್ಳಲು	130
ಓಡು	ಓಡಿರಿ	8
ಓಡು	ಓಡಿಕೊಳ್ಳಬೇಕೆಂದು	22
ಓಡು	ಓಡಬೇಕೆಂದು	159
ಓಡು	ಓಡಿಕೊಳ್ಳಬೇಕು	2
ಓಡು	ಓಡುವರು	6
ಓಡು	ಓಡಿದೆ	99
ಓಡು	ಓಡುವುದಿಲ್ಲ	142
ಓಡು	ಓಡಬೇಕಾದರೆ	80
ಓಡು	ಓಡಿಲ್ಲ	144
ಓಡು	ಓಡಿಸಿಕೊಳ್ಳಲು	68
ಓಡು	ಓಡಿದ್ದಾನೆಂದು	33
ಓಡು	ಓಡಿದಳು	95
ಓಡು	ಓಡಿದ್ದೇವೆ	96
ಓಡು	ಓಡುವವರಾಗಿದ್ದರೆ	31
ಓಡು	ಓಡಿಕೊಂಡ	38
ಓಡು	ಓಡೋಣ	3
ಓಡು	ಓಡಿದವುಗಳನ್ನೂ	39
ಓಡು	ಓಡುತ್ತಿದ್ದೀರಿ	111
ಓಡು	ಓಡುತ್ತಿದ್ದಾನೆ	57
ಓಡು	ಓಡಿದವರೂ	42
ಓಡು	ಓಡುವಂತೆ	61
ಓಡು	ಓಡಿಸುವುದು	41
ಓಡು	ಓಡಿದ	166
ಓಡು	ಓಡಿಕೊ	106
ಓಡು	ಓಡಿದಿರಿ	107
ಓಡು	ಓಡಿದ್ದಾರೆ	135
ಓಡು	ಓಡಿಕೊಳ್ಳಲಿ	110
ಓಡು	ಓಡುವುದಾದರೆ	63
ಓಡು	ಓಡಿದ್ದ	49
ಓಡು	ಓಡಿದ್ದರಿಂದ	121
ಓಡು	ಓಡಿದೆವು	0
ಓಡು	ಓಡುತ್ತಿರುವವನು	74
ಓಡು	ಓಡುತ್ತಿದ್ದ	89
ಓಡು	ಓಡುತ್ತಿದ್ದೀರಾ	88
ಓಡು	ಓಡುವನು	129
ಓಡು	ಓಡುತ್ತಿದ್ದಂತೆ	53
ಓಡು	ಓಡಿಸಲು	24
ಓಡು	ಓಡುತ್ತಿದ್ದರು	145
ಓಡು	ಓಡುವುದು	100
ಓಡು	ಓದಿಂದ	1
ಓಡು	ಓಡಬೇಕೆಂತಲೂ	92
ಓಡು	ಓಡುತ್ತಿರುವೆ	13
ಓಡು	ಓಡಿಕೊಳ್ಳಲಿಲ್ಲ	113
ಓಡು	ಓಡುತ್ತೀರೋ	71
ಓಡು	ಓಡುವುದಕ್ಕಿಂತಲೂ	124
ಓಡು	ಓಡು	171
ಓಡು	ಓಡದಿರುವ	82
ಓಡು	ಓಡಿದ್ದನ್ನು	48
ಓಡು	ಓಡುತ್ತಲೇ	94
ಓಡು	ಓಡುತ್ತಿದ್ದಳು	76
ಓಡು	ಓಡದೆ	158
ಓಡು	ಓಡಬೇಕಿತ್ತು	75
ಓಡು	ಓಡುತ್ತಿರುವುದು	156
ಓಡು	ಓಡುವುದಕ್ಕಾಗಿ	155
ಓಡು	ಓಡಿಸಿಕೊಂಡ	17
ಓಡು	ಓಡುವವರಿಗೆ	64
ಓಡು	ಓಡಿಕೊಂಡನು	19
ಓಡು	ಓಡುತ್ತಿದ್ದೇವೆ	115
ಓಡು	ಓಡುವುದರಿಂದ	109
ಹೊರಡು	ಹೊರಡತೊಡಗಿದರು	139
ಹೊರಡು	ಹೊರಡು	171
ಹೊರಡು	ಹೊರಡುವೆ	149
ಹೊರಡು	ಹೊರಡಿದ್ದಾನೆಂದು	33
ಹೊರಡು	ಹೊರಡುತ್ತಿದ್ದಾನೆ	57
ಹೊರಡು	ಹೊರಡುವುದು	100
ಹೊರಡು	ಹೊರಡುವವರ	87
ಹೊರಡು	ಹೊರಡುತ್ತಿರಲು	51
ಹೊರಡು	ಹೊರಡಿದಾಗ	148
ಹೊರಡು	ಹೊರಡುತ್ತಿದ್ದೇನೆ	154
ಹೊರಡು	ಹೊರಡಬೇಕೆಂದು	159
ಹೊರಡು	ಹೊರಡಿಸುವುದು	41
ಹೊರಡು	ಹೊರಡಿದರೆ	132
ಹೊರಡು	ಹೊರಡಿದವನೂ	70
ಹೊರಡು	ಹೊರಡುತ್ತಿದ್ದರು	145
ಹೊರಡು	ಹೊರಡಿದರೂ	147
ಹೊರಡು	ಹೊರಡಲಾಯಿತು	9
ಹೊರಡು	ಹೊರಡಿಸಿಕೊಳ್ಳುವವನು	10
ಹೊರಡು	ಹೊರಡಬೇಕೆಂಬುದೇ	5
ಹೊರಡು	ಹೊರಡಿಸಲು	24
ಹೊರಡು	ಹೊರಡಿಸಿಕೊಳ್ಳಲು	130
ಹೊರಡು	ಹೊರಡಿಕೊ	106
ಹೊರಡು	ಹೊರಡುತ್ತಿದ್ದೇವೆ	115
ಹೊರಡು	ಹೊರಡಿಸಿಕೊಳ್ಳಲು	68
ಹೊರಡು	ಹೊರಡುತ್ತಿದ್ದೇನೆಂದು	86
ಹೊರಡು	ಹೊರಡುವವನು	160
ಹೊರಡು	ಹೊರಡಿದ್ದನ್ನು	48
ಹೊರಡು	ಹೊರಡಿಲ್ಲದ	123
ಹೊರಡು	ಹೊರಡಿದ್ದಳು	56
ಹೊರಡು	ಹೊರಡುವವರಾಗಿದ್ದರೆ	31
ಹೊರಡು	ಹೊರಡುವವರಿಗೆ	64
ಹೊರಡು	ಹೊರಡಿಕೊಳ್ಳಿರಿ	97
ಹೊರಡು	ಹೊರಡುತ್ತಿದ್ದಾಗಲೇ	20
ಹೊರಡು	ಹೊರಡಲಾಗಲಿಲ್ಲ	35
ಹೊರಡು	ಹೊರಡುವಂತೆ	61
ಹೊರಡು	ಹೊರಡದಿಂದ	1
ಹೊರಡು	ಹೊರಡಿಕೊಳ್ಳಲಿ	110
ಹೊರಡು	ಹೊರಡಿದೆ	99
ಹೊರಡು	ಹೊರಡುತ್ತಿರುವುದು	156
ಹೊರಡು	ಹೊರಡದಿದ್ದರೆ	77
ಹೊರಡು	ಹೊರಡದಿರುವುದರಿಂದ	67
ಹೊರಡು	ಹೊರಡಲೇಬೇಕು	7
ಹೊರಡು	ಹೊರಡಿದ್ದನು	45
ಹೊರಡು	ಹೊರಡುತ್ತಿದ್ದವರ	60
ಹೊರಡು	ಹೊರಡುವಾಗಲೆಲ್ಲಾ	29
ಹೊರಡು	ಹೊರಡಿಸಿಕೊಂಡ	17
ಹೊರಡು	ಹೊರಡೋಣ	3
ಹೊರಡು	ಹೊರಡುವುದಕ್ಕಿಂತ	108
ಹೊರಡು	ಹೊರಡುವುದಕ್ಕಿಂತಲೂ	124
ಹೊರಡು	ಹೊರಡುವರು	6
ಹೊರಡು	ಹೊರಡಿಕೊಂಡನು	19
ಹೊರಡು	ಹೊರಡುವುದರ	55
ಹೊರಡು	ಹೊರಡುತ್ತಿದ್ದ	89
ಹೊರಡು	ಹೊರಡುತ್ತೀರಿ	141
ಹೊರಡು	ಹೊರಡಿಸಿಕೊಂಡಿದ್ದರು	14
ಹೊರಡು	ಹೊರಡಿದ್ದ	49
ಹೊರಡು	ಹೊರಡಿಕೊಳ್ಳುವೆನು	27
ಹೊರಡು	ಹೊರಡುತ್ತಿದ್ದಂತೆ	53
ಹೊರಡು	ಹೊರಡಿದ್ದೀರಿ	153
ಹೊರಡು	ಹೊರಡಬಲ್ಲನು	73
ಹೊರಡು	ಹೊರಡಬೇಕೆಂತಲೂ	92
ಹೊರಡು	ಹೊರಡುವುದೇಕೆ	12
ಹೊರಡು	ಹೊರಡಿಕೊಳ್ಳಬೇಕೆಂದು	22
ಹೊರಡು	ಹೊರತು	44
ಹೊರಡು	ಹೊರಡದೆ	158
ಹೊರಡು	ಹೊರಡಿಸಿಕೊಳ್ಳಬೇಕು	2
ಹೊರಡು	ಹೊರಡಿಕೊಳ್ಳಿ	69
ಹೊರಡು	ಹೊರಡುತ್ತಿಲ್ಲ	118
ಹೊರಡು	ಹೊರಡಬೇಕು	157
ಹೊರಡು	ಹೊರಡುತ್ತಿರುವವನು	74
ಹೊರಡು	ಹೊರಡಿದ್ದರು	133
ಹೊರಡು	ಹೊರಡು	90
ಹೊರಡು	ಹೊರಡಲೆಂದು	23
ಹೊರಡು	ಹೊರಡಿಸಿಕೊಳ್ಳಲಿಲ್ಲ	113
ಹೊರಡು	ಹೊರಡುವನು	129
ಹೊರಡು	ಹೊರಡಿದ್ದಾರೆ	135
ಹೊರಡು	ಹೊರಡಿದ	166
ಹೊರಡು	ಹೊರಡಿಕೊಂಡರೆ	58
ಹೊರಡು	ಹೊರಡಿದ್ದೇನೆ	122
ಹೊರಡು	ಹೊರಡುತ್ತಿರಲಿಲ್ಲ	15
ಹೊರಡು	ಹೊರಡುವುದಿಲ್ಲ	142
ಹೊರಡು	ಹೊರಡಿದರು	164
ಹೊರಡು	ಹೊರಡಿದ್ದಾನೆ	98
ಹೊರಡು	ಹೊರಡಬೇಡಿ	105
ಹೊರಡು	ಹೊರಡಿಕೊಂಡ	38
ಹೊರಡು	ಹೊರಡುವವರು	62
ಹೊರಡು	ಹೊರಡಿರುವ	127
ಹೊರಡು	ಹೊರಡಿ	170
ಹೊರಡು	ಹೊರಡಿತು	43
ಹೊರಡು	ಹೊರಡಿದನು	167
ಹೊರಡು	ಹೊರಡುವಾಗ	136
ಹೊರಡು	ಹೊರಡುತ್ತಿದ್ದರೆ	32
ಹೊರಡು	ಹೊರಡುವುದರಲ್ಲಿ	52
ಹೊರಡು	ಹೊರಡಿರಿ	165
ಹೊರಡು	ಹೊರಡಿದಳು	95
ಹೊರಡು	ಹೊರಡಿಸುವುದಿಲ್ಲ	84
ಹೊರಡು	ಹೊರಡುವುದರಿಂದ	109
ಹೊರಡು	ಹೊರಡುತ್ತಿದ್ದಾರೆ	119
ಹೊರಡು	ಹೊರಡಿಕೊಂಡರು	37
ಹೊರಡು	ಹೊರಡುತ್ತಿದ್ದನು	161
ಹೊರಡು	ಹೊರಡಬೇಕಿತ್ತು	75
ಹೊರಡು	ಹೊರಡುತ್ತಾನೆಂಬುದು	72
ಹೊರಡು	ಹೊರಡಿದವನು	117
ಹೊರಡು	ಹೊರಡಿಸಿದಾಗಲೆಲ್ಲಾ	79
ಹೊರಡು	ಹೊರಡಿಕೊಳ್ಳುವ	101
ಹೊರಡು	ಹೊರಡದಂತೆ	54
ಹೊರಡು	ಹೊರಲು	4
ಹೊರಡು	ಹೊರಡಿಸುತ್ತಾನೆ	93
ಹೊರಡು	ಹೊರಡಿದ್ದೇವೆ	96
ಹೊರಡು	ಹೊರಡುತ್ತಿರುವೆ	13
ಹೊರಡು	ಹೊರಡುವುದಕ್ಕೆ	150
ಹೊರಡು	ಹೊರಡಬಹುದು	26
ಹೊರಡು	ಹೊರಡಿರುವೆ	116
ಹೊರಡು	ಹೊರಡಿದವರು	16
ಹೊರಡು	ಹೊರಡುತ್ತೇನೆ	140
ಹೊರಡು	ಹೊರಡಿದ್ದರಿಂದ	121
ಹೊರಡು	ಹೊರಡಲಿ	128
ಹೊರಡು	ಹೊರಡುವ	169
ಹೊರಡು	ಹೊರಡಿಸಿಬಿಟ್ಟನು	50
ಹೊರಡು	ಹೊರಡುತ್ತೀರೋ	71
ಹೊರಡು	ಹೊರಡಿಸಿತು	65
ಹೊರಡು	ಹೊರಡಿದೆವು	120
ಹೊರಡು	ಹೊರಡಿಕೊಂಡೆನು	125
ಹೊರಡು	ಹೊರಡುವವನಾಗಿದ್ದಾನೆ	143
ಹೊರಡು	ಹೊರಡಬೇಕಾಗಿದ್ದ	39
ಹೊರಡು	ಹೊರಡುತ್ತಿದ್ದಳು	76
ಹೊರಡು	ಹೊರಡುವುದರಲ್ಲಿಯೂ	59
ಹೊರಡು	ಹೊರಡುವುದಕ್ಕೂ	102
ಹೊರಡು	ಹೊರಡಿಕೊಳ್ಳುತ್ತೇನೆ	25
ಹೊರಡು	ಹೊರಡುವುದೇ	36
ಹೊರಡು	ಹೊರಡಬೇಡ	137
ಹೊರಡು	ಹೊರಡುವೆನು	8
ಹೊರಡು	ಹೊರಡಬೇಡಿರಿ	114
ಹೊರಡು	ಹೊರಡಿಕೊಳ್ಳುತ್ತಾನೆ	11
ಹೊರಡು	ಹೊರಡುತ್ತಿದ್ದೀರಾ	88
ಹೊರಡು	ಹೊರಡಿಕೊಳ್ಳುವನು	47
ಹೊರಡು	ಹೊರಡಲಿಲ್ಲ	138
ಹೊರಡು	ಹೊರಡಿಸಿದನು	91
ಹೊರಡು	ಹೊರಡುವುದಿಲ್ಲವೆಂದು	40
ಹೊರಡು	ಹೊರಡಿದ್ದರೆ	21
ಹೊರಡು	ಹೊರಡದಿದ್ದರೂ	46
ಹೊರಡು	ಹೊರಡಿದ್ದು	78
ಹೊರಡು	ಹೊರಡಿದಿರಿ	107
ಹೊರಡು	ಹೊರಡುತ್ತದೆ	126
ಹೊರಡು	ಹೊರಡುತ್ತಾ	131
ಹೊರಡು	ಹೊರಡುತ್ತಿರುವ	134
ಹೊರಡು	ಹೊರಡುತ್ತಿರುವಾಗ	18
ಹೊರಡು	ಹೊರಡುತ್ತವೆ	66
ಹೊರಡು	ಹೊರಡುವವರೂ	85
ಹೊರಡು	ಹೊರಡುತ್ತಿದ್ದೀರಿ	111
ಹೊರಡು	ಹೊರಡದಿರುವ	82
ಹೊರಡು	ಹೊರಡುವಿರಿ	112
ಹೊರಡು	ಹೊರಡುತ್ತಾರೆ	152
ಹೊರಡು	ಹೊರಡುತ್ತೇವೆ	146
ಹೊರಡು	ಹೊರಡುವುದಕ್ಕಾಗಿ	155
ಹೊರಡು	ಹೊರಡದ	34
ಹೊರಡು	ಹೊರಡುತ್ತಿರುವಾಗಲೇ	30
ಹೊರಡು	ಹೊರಡಬೇಕೆಂಬ	103
ಹೊರಡು	ಹೊರಡದಂತೆಯೂ	104
ಹೊರಡು	ಹೊರಡಿಕೊಂಡು	151
ಹೊರಡು	ಹೊರಡುತ್ತಿದ್ದಾರೆಂಬುದು	83
ಹೊರಡು	ಹೊರಡಲಾರೆ	0
ಹೊರಡು	ಹೊರಡಿಕೊಂಡಿದ್ದಾನೆ	28
ಹೊರಡು	ಹೊರಡುತ್ತಾನೆ	163
ಹೊರಡು	ಹೊರಡಿದೆನು	162
ಹೊರಡು	ಹೊರಡಲು	168
ಹೊರಡು	ಹೊರಡುವುದಾದರೆ	63
ಹೊರಡು	ಹೊರಡಿದವನಾಗಿದ್ದಾನೆ	81
ಹೊರಡು	ಹೊರಡುತ್ತಲೇ	94
ಹೊರಡು	ಹೊರಡಿಲ್ಲ	144
ಹೊರಡು	ಹೊರಡುತ್ತಿದ್ದವರು	42
ಹೊರಡು	ಹೊರಡಬೇಕಾದರೆ	80
ಸಾಯಿಸು	ಸಾಯಿಸಲಾಯಿತು	9
ಸಾಯಿಸು	ಸಾಯಿಸುವುದರಲ್ಲಿ	52
ಸಾಯಿಸು	ಸಾಯಿಸುವುದರಲ್ಲಿಯೂ	59
ಸಾಯಿಸು	ಸಾಯಿಸುವುದು	41
ಸಾಯಿಸು	ಸಾಯಿಸಿದ್ದಳು	56
ಸಾಯಿಸು	ಸಾಯಿಸಲಿಲ್ಲವೇ	80
ಸಾಯಿಸು	ಸಾಯಿಸಿದಳು	95
ಸಾಯಿಸು	ಸಾಯಿಸಿಕೊಳ್ಳಬೇಕೆಂದು	22
ಸಾಯಿಸು	ಸಾಯಿಸುವುದರಿಂದ	109
ಸಾಯಿಸು	ಸಾಯಿಸುತ್ತೇವೆ	146
ಸಾಯಿಸು	ಸಾಯಿಸುವೆ	149
ಸಾಯಿಸು	ಸಾಯಿಸುವುದು	100
ಸಾಯಿಸು	ಸಾಯಿಸದೆ	158
ಸಾಯಿಸು	ಸಾಯಿಸಿರಿ	165
ಸಾಯಿಸು	ಸಾಯಿಸಿರುವೆ	116
ಸಾಯಿಸು	ಸಾಯಿಸುತ್ತಿರುವ	134
ಸಾಯಿಸು	ಸಾಯಿಸಿತು	43
ಸಾಯಿಸು	ಸಾಯಿಸುವವರು	62
ಸಾಯಿಸು	ಸಾಯಿಸಿದ್ದು	78
ಸಾಯಿಸು	ಸಾಯಿಸಿದ್ದ	49
ಸಾಯಿಸು	ಸಾಯಿಸುವುದಾದರೆ	63
ಸಾಯಿಸು	ಸಾಯಿಸಿದೆವು	120
ಸಾಯಿಸು	ಸಾಯಿಸುವನು	129
ಸಾಯಿಸು	ಸಾಯಿಸಿಕೊಳ್ಳಲು	130
ಸಾಯಿಸು	ಸಾಯಿಸುತ್ತಿದ್ದಾಗ	51
ಸಾಯಿಸು	ಸಾಯಿಸುತ್ತೇನೆ	140
ಸಾಯಿಸು	ಸಾಯಿಸಿಕೊಳ್ಳುವ	101
ಸಾಯಿಸು	ಸಾಯಿಸಿಕೊಂಡ	38
ಸಾಯಿಸು	ಸಾಯಿಸುವುದಕ್ಕೆ	150
ಸಾಯಿಸು	ಸಾಯಿಸಿದ್ದಾನೆ	98
ಸಾಯಿಸು	ಸಾಯಿಸಿಕೊಳ್ಳಲಿಲ್ಲ	113
ಸಾಯಿಸು	ಸಾಯಿಸಿಕೊಂಡರು	37
ಸಾಯಿಸು	ಸಾಯಿಸಬೇಕೆಂಬುದೇ	5
ಸಾಯಿಸು	ಸಾಯಿಸಲಾಗಲಿಲ್ಲ	35
ಸಾಯಿಸು	ಸಾಯಿಸುತ್ತಿದ್ದೇನೆಂದು	86
ಸಾಯಿಸು	ಸಾಯಿಸುತ್ತಿದ್ದವರು	42
ಸಾಯಿಸು	ಸಾಯಿಸಿಲ್ಲದ	123
ಸಾಯಿಸು	ಸಾಯಿಸುತ್ತಾ	131
ಸಾಯಿಸು	ಸಾಯಿಸಿದ್ದರೆ	21
ಸಾಯಿಸು	ಸಾಯಿಸಿಕೊಳ್ಳುವೆನು	27
ಸಾಯಿಸು	ಸಾಯಿಸುವಾಗ	136
ಸಾಯಿಸು	ಸಾಯಿಸುತ್ತಿರುವಾಗ	18
ಸಾಯಿಸು	ಸಾಯಿಸುತ್ತಿದ್ದನು	161
ಸಾಯಿಸು	ಸಾಯಿಸಿದನು	91
ಸಾಯಿಸು	ಸಾಯಿಸುತ್ತಿರುವೆ	13
ಸಾಯಿಸು	ಸಾಯಿಸುತ್ತೀರೋ	71
ಸಾಯಿಸು	ಸಾಯಿಸಿಕೊಂಡಿದ್ದಾನೆ	28
ಸಾಯಿಸು	ಸಾಯಿಸುತ್ತಿಲ್ಲ	118
ಸಾಯಿಸು	ಸಾಯಿಸಿಕೊಂಡಿದ್ದರು	14
ಸಾಯಿಸು	ಸಾಯಿಸಿದ್ದೇನೆ	122
ಸಾಯಿಸು	ಸಾಯಿಸಿದ್ದರು	133
ಸಾಯಿಸು	ಸಾಯಿಸುತ್ತಿದ್ದಾಗಲೇ	20
ಸಾಯಿಸು	ಸಾಯಿಸುವುದೇಕೆ	12
ಸಾಯಿಸು	ಸಾಯಿಸುವಂತೆ	61
ಸಾಯಿಸು	ಸಾಯಿಸಿಕೊಳ್ಳುವವನು	10
ಸಾಯಿಸು	ಸಾಯಿಸುವವರ	87
ಸಾಯಿಸು	ಸಾಯಿಸಿಕೊಳ್ಳುವನು	47
ಸಾಯಿಸು	ಸಾಯಿಸಿದ್ದಾನೆಂದು	33
ಸಾಯಿಸು	ಸಾಯಿಸುತ್ತಾನೆ	93
ಸಾಯಿಸು	ಸಾಯಿಸಬೇಕು	157
ಸಾಯಿಸು	ಸಾಯಿಸುವುದಕ್ಕಿಂತಲೂ	124
ಸಾಯಿಸು	ಸಾಯಿಸುವಿರಿ	112
ಸಾಯಿಸು	ಸಾಯಿಸಿದಾಗ	148
ಸಾಯಿಸು	ಸಾಯಿಸುವುದೇ	36
ಸಾಯಿಸು	ಸಾಯಿಸಿಕೊ	106
ಸಾಯಿಸು	ಸಾಯಿಸುತ್ತಿರುವಾಗಲೇ	30
ಸಾಯಿಸು	ಸಾಯಿಸಿದೆನು	162
ಸಾಯಿಸು	ಸಾಯಿಸುತ್ತಿದ್ದಂತೆ	53
ಸಾಯಿಸು	ಸಾಯಿಸಿಕೊಂಡರೆ	58
ಸಾಯಿಸು	ಸಾಯಿಸಬಲ್ಲನು	73
ಸಾಯಿಸು	ಸಾಯಿಸುತ್ತಿದ್ದವರ	60
ಸಾಯಿಸು	ಸಾಯಿಸುತ್ತಾನೆ	163
ಸಾಯಿಸು	ಸಾಯಿಸಿದ್ದೇವೆ	96
ಸಾಯಿಸು	ಸಾಯಿಸಲೇಬೇಕು	7
ಸಾಯಿಸು	ಸಾಯಿಸಬೇಕೆಂತಲೂ	92
ಸಾಯಿಸು	ಸಾಯಿಸುತ್ತಿದ್ದಾರೆಂಬುದು	83
ಸಾಯಿಸು	ಸಾಯಿಸುತ್ತದೆ	126
ಸಾಯಿಸು	ಸಾಯಿಸಿಕೊಳ್ಳುವಂತೆ	4
ಸಾಯಿಸು	ಸಾಯಿಸಿದಾಗಲೆಲ್ಲಾ	79
ಸಾಯಿಸು	ಸಾಯಿಸುವವರಿಗೆ	64
ಸಾಯಿಸು	ಸಾಯಿಸಲು	168
ಸಾಯಿಸು	ಸಾಯಿಸುವುದಕ್ಕಾಗಿ	155
ಸಾಯಿಸು	ಸಾಯಿಸುತ್ತಿದ್ದ	89
ಸಾಯಿಸು	ಸಾಯಿಸು	90
ಸಾಯಿಸು	ಸಾಯಿಸಿಕೊಂಡು	151
ಸಾಯಿಸು	ಸಾಯಿಸುವುದಕ್ಕೂ	102
ಸಾಯಿಸು	ಸಾಯಿಸಿದ್ದರಿಂದ	121
ಸಾಯಿಸು	ಸಾಯಿಸಲು	24
ಸಾಯಿಸು	ಸಾಯಿಸಲಾರನು	65
ಸಾಯಿಸು	ಸಾಯಿಸುವರು	6
ಸಾಯಿಸು	ಸಾಯಿಸಿದ್ದೀರಿ	153
ಸಾಯಿಸು	ಸಾಯಿಸಿದಿರಿ	107
ಸಾಯಿಸು	ಸಾಯಿಸುವಾಗಲೆಲ್ಲಾ	29
ಸಾಯಿಸು	ಸಾಯಿಸುವವರಾಗಿದ್ದರೆ	31
ಸಾಯಿಸು	ಸಾಯಿಸಲಿ	128
ಸಾಯಿಸು	ಸಾಯಿಸದ	34
ಸಾಯಿಸು	ಸಾಯಿಸುವವರೂ	85
ಸಾಯಿಸು	ಸಾಯಿಸಬೇಕಿತ್ತು	75
ಸಾಯಿಸು	ಸಾಯಿಸದಿದ್ದರೆ	77
ಸಾಯಿಸು	ಸಾಯಿಸುವೆನು	50
ಸಾಯಿಸು	ಸಾಯಿಸಿದ್ದನು	45
ಸಾಯಿಸು	ಸಾಯಿಸುವುದರ	55
ಸಾಯಿಸು	ಸಾಯಿಸಿಕೊಳ್ಳುತ್ತಾನೆ	11
ಸಾಯಿಸು	ಸಾಯಿಸಬೇಡ	137
ಸಾಯಿಸು	ಸಾಯಿಸಿದರೂ	147
ಸಾಯಿಸು	ಸಾಯಿಸಿಕೊಳ್ಳಲಿ	110
ಸಾಯಿಸು	ಸಾಯಿಸುತ್ತಿದ್ದರು	145
ಸಾಯಿಸು	ಸಾಯಿಸಿದರು	164
ಸಾಯಿಸು	ಸಾಯಿಸುವುದಿಲ್ಲವೆಂದು	40
ಸಾಯಿಸು	ಸಾಯಿಸಲಿಲ್ಲ	138
ಸಾಯಿಸು	ಸಾಯಿಸುತ್ತೀರಿ	141
ಸಾಯಿಸು	ಸಾಯಿಸಬೇಡಿ	105
ಸಾಯಿಸು	ಸಾಯಿಸಲೆಂದು	23
ಸಾಯಿಸು	ಸಾಯಿಸದಿದ್ದರೂ	46
ಸಾಯಿಸು	ಸಾಯಿಸಿದವನಾಗಿದ್ದಾನೆ	81
ಸಾಯಿಸು	ಸಾಯಿಸಿದವನು	117
ಸಾಯಿಸು	ಸಾಯಿಸುತ್ತಲೇ	94
ಸಾಯಿಸು	ಸಾಯಿಸುತ್ತಿದ್ದೀರಾ	88
ಸಾಯಿಸು	ಸಾಯಿಸಿಕೊಳ್ಳಲು	68
ಸಾಯಿಸು	ಸಾಯಿಸುವವನಾಗಿದ್ದಾನೆ	143
ಸಾಯಿಸು	ಸಾಯಿಸುತ್ತಾನೆಂಬುದು	72
ಸಾಯಿಸು	ಸಾಯಿಸೋಣ	3
ಸಾಯಿಸು	ಸಾಯಿಸುತ್ತಿದ್ದೀರಿ	111
ಸಾಯಿಸು	ಸಾಯಿಸಿದ	166
ಸಾಯಿಸು	ಸಾಯಿಸಿದ್ದಾರೆ	135
ಸಾಯಿಸು	ಸಾಯಿಸುತ್ತಿದ್ದರೆ	32
ಸಾಯಿಸು	ಸಾಯಿಸತೊಡಗಿದರು	139
ಸಾಯಿಸು	ಸಾಯಿಸಿದನು	167
ಸಾಯಿಸು	ಸಾಯಿಸಿದವನೂ	70
ಸಾಯಿಸು	ಸಾಯಿಸಬೇಡಿರಿ	114
ಸಾಯಿಸು	ಸಾಯಿಸಬಹುದು	26
ಸಾಯಿಸು	ಸಾಯಿಸುತ್ತಿರಲಿಲ್ಲ	15
ಸಾಯಿಸು	ಸಾಯಿಸಿಕೊಳ್ಳುತ್ತೇನೆ	25
ಸಾಯಿಸು	ಸಾಯಿಸುವ	169
ಸಾಯಿಸು	ಸಾಯಿಸಬೇಕೆಂದು	159
ಸಾಯಿಸು	ಸಾಯಿಸಿದವರು	16
ಸಾಯಿಸು	ಸಾಯಿಸಿ	170
ಸಾಯಿಸು	ಸಾಯಿಸುವುದಿಲ್ಲ	84
ಸಾಯಿಸು	ಸಾಯಿಸಿಕೊಳ್ಳಿರಿ	97
ಸಾಯಿಸು	ಸಾಯಿಸುತ್ತಿದ್ದಾನೆ	57
ಸಾಯಿಸು	ಸಾಯಿಸುತ್ತಿದ್ದಾರೆ	119
ಸಾಯಿಸು	ಸಾಯಿಸಿದರೆ	132
ಸಾಯಿಸು	ಸಾಯಿಸದಂತೆಯೂ	104
ಸಾಯಿಸು	ಸಾಯಿಸಿದ್ದನ್ನು	48
ಸಾಯಿಸು	ಸಾಯಿಸಿಕೊಂಡನು	19
ಸಾಯಿಸು	ಸಾಯಿಸಿರುವ	127
ಸಾಯಿಸು	ಸಾಯಿಸುತ್ತಿದ್ದೇವೆ	115
ಸಾಯಿಸು	ಸಾಯಿಸಿಲ್ಲ	144
ಸಾಯಿಸು	ಸಾಯಿಸುವುದಕ್ಕಿಂತ	108
ಸಾಯಿಸು	ಸಾಯಿಸುತ್ತಿದ್ದಳು	76
ಸಾಯಿಸು	ಸಾಯಿಸದಿರುವ	82
ಸಾಯಿಸು	ಸಾಯಿಸುತ್ತಾರೆ	152
ಸಾಯಿಸು	ಸಾಯಿಸಿಕೊಂಡ	17
ಸಾಯಿಸು	ಸಾಯಿಸಲಾರೆ	0
ಸಾಯಿಸು	ಸಾಯಿಸುತ್ತಿದ್ದೇನೆ	154
ಸಾಯಿಸು	ಸಾಯಿಸದಿಂದ	1
ಸಾಯಿಸು	ಸಾಯಿಸದಂತೆ	54
ಸಾಯಿಸು	ಸಾಯಿಸಿಯೂ	44
ಸಾಯಿಸು	ಸಾಯಿಸದಿರುವುದರಿಂದ	67
ಸಾಯಿಸು	ಸಾಯಿಸುವವನು	160
ಸಾಯಿಸು	ಸಾಯಿಸಿಕೊಳ್ಳಿ	69
ಸಾಯಿಸು	ಸಾಯಿಸು	171
ಸಾಯಿಸು	ಸಾಯಿಸುವುದಿಲ್ಲ	142
ಸಾಯಿಸು	ಸಾಯಿಸುವೆನು	8
ಸಾಯಿಸು	ಸಾಯಿಸಿಕೊಳ್ಳಬೇಕು	2
ಸಾಯಿಸು	ಸಾಯಿಸಿದವುಗಳನ್ನೂ	39
ಸಾಯಿಸು	ಸಾಯಿಸುತ್ತಿರುವವನು	74
ಸಾಯಿಸು	ಸಾಯಿಸಿದೆ	99
ಸಾಯಿಸು	ಸಾಯಿಸಬೇಕೆಂಬ	103
ಸಾಯಿಸು	ಸಾಯಿಸುತ್ತಿದ್ದೆನು	66
ಸಾಯಿಸು	ಸಾಯಿಸುತ್ತಿರುವುದು	156
ಸಾಯಿಸು	ಸಾಯಿಸಿಕೊಂಡೆನು	125
ನೋಡು	ನೋಡುತ್ತಿದ್ದರೆ	32
ನೋಡು	ನೋಡಿದವನು	117
ನೋಡು	ನೋಡಿದ್ದರೆ	21
ನೋಡು	ನೋಡುತ್ತಿದ್ದಂತೆ	53
ನೋಡು	ನೋಡುವವರ	87
ನೋಡು	ನೋಡಿದಾಗಲೆಲ್ಲಾ	79
ನೋಡು	ನೋಡುತ್ತಿರಲು	51
ನೋಡು	ನೋಡಲೆಂದು	23
ನೋಡು	ನೋಡುತ್ತಿಲ್ಲ	118
ನೋಡು	ನೋಡಿದ್ದ	49
ನೋಡು	ನೋಡಿದಳು	95
ನೋಡು	ನೋಡಬಹುದು	26
ನೋಡು	ನೋಡು	171
ನೋಡು	ನೋಡುವುದೇ	36
ನೋಡು	ನೋಡಿಕೊಂಡರೆ	58
ನೋಡು	ನೋಡುವವರೆಗೆ	89
ನೋಡು	ನೋಡಬಲ್ಲನು	73
ನೋಡು	ನೋಡಿದಂದಿನಿಂದ	24
ನೋಡು	ನೋಡಿಸುವುದು	41
ನೋಡು	ನೋಡಿರಿ	165
ನೋಡು	ನೋಡಿದಿರಿ	107
ನೋಡು	ನೋಡಿದರೂ	147
ನೋಡು	ನೋಡದ	34
ನೋಡು	ನೋಡುವವರೂ	85
ನೋಡು	ನೋಡುತ್ತಿರುವಾಗಲೇ	30
ನೋಡು	ನೋಡುವವನು	160
ನೋಡು	ನೋಡಿಕೊಳ್ಳಲಿಲ್ಲ	113
ನೋಡು	ನೋಡುವುದರ	55
ನೋಡು	ನೋಡುವರು	6
ನೋಡು	ನೋಡದಿರುವ	82
ನೋಡು	ನೋಡುವಾಗ	136
ನೋಡು	ನೋಡುತ್ತಾರೆ	152
ನೋಡು	ನೋಡುತ್ತಿದ್ದಾಗಲೇ	20
ನೋಡು	ನೋಡು	90
ನೋಡು	ನೋಡುವೆ	149
ನೋಡು	ನೋಡುವುದಿಲ್ಲವೆಂದು	40
ನೋಡು	ನೋಡುತ್ತಿದ್ದೆನು	66
ನೋಡು	ನೋಡಿದ್ದಾರೆ	135
ನೋಡು	ನೋಡೋಣ	3
ನೋಡು	ನೋಡುವಾಗಲೆಲ್ಲಾ	29
ನೋಡು	ನೋಡಲು	168
ನೋಡು	ನೋಡುತ್ತಿದ್ದೀರಿ	111
ನೋಡು	ನೋಡಿ	170
ನೋಡು	ನೋಡಿಕೊಂಡರು	37
ನೋಡು	ನೋಡುವುದೇಕೆ	12
ನೋಡು	ನೋಡುವಂತೆ	61
ನೋಡು	ನೋಡಿದ್ದಾನೆ	98
ನೋಡು	ನೋಡುತ್ತಿರುವವನು	74
ನೋಡು	ನೋಡಬೇಕಿತ್ತು	75
ನೋಡು	ನೋಡಬೇಕೆಂಬ	103
ನೋಡು	ನೋಡಿಸಿಕೊಂಡಿದ್ದರು	14
ನೋಡು	ನೋಡಿದ್ದಾನೆಂದು	33
ನೋಡು	ನೋಡುವುದರಿಂದ	109
ನೋಡು	ನೋಡಿತು	43
ನೋಡು	ನೋಡಿಸಿಕೊಂಡ	17
ನೋಡು	ನೋಡಿಕೊಳ್ಳುತ್ತಾನೆ	11
ನೋಡು	ನೋಡುತ್ತಾ	131
ನೋಡು	ನೋಡಿದವರು	16
ನೋಡು	ನೋಡಲಿಲ್ಲ	138
ನೋಡು	ನೋಡುತ್ತಾನೆ	93
ನೋಡು	ನೋಡಿದವರೇ	83
ನೋಡು	ನೋಡಿಕೊಳ್ಳುವ	101
ನೋಡು	ನೋಡಿದ್ದರಿಂದ	121
ನೋಡು	ನೋಡಬೇಡ	137
ನೋಡು	ನೋಡುವುದಕ್ಕೆ	150
ನೋಡು	ನೋಡಿಕೊಳ್ಳುವನು	47
ನೋಡು	ನೋಡಿದ್ದೇನೆ	122
ನೋಡು	ನೋಡಬೇಕೆಂದು	159
ನೋಡು	ನೋಡಿದ್ದರು	133
ನೋಡು	ನೋಡಿದವನೂ	70
ನೋಡು	ನೋಡದಿಂದ	1
ನೋಡು	ನೋಡಿದನು	167
ನೋಡು	ನೋಡುತ್ತೇನೆ	140
ನೋಡು	ನೋಡಿದ	166
ನೋಡು	ನೋಡದಂತೆ	54
ನೋಡು	ನೋಡಬೇಕೆಂಬುದೇ	5
ನೋಡು	ನೋಡಿದಾಗ	148
ನೋಡು	ನೋಡುತ್ತಿರುವ	134
ನೋಡು	ನೋಡುತ್ತಾನೆಂಬುದು	72
ನೋಡು	ನೋಡಿರಲಿಲ್ಲ	84
ನೋಡು	ನೋಡುವುದಕ್ಕೂ	102
ನೋಡು	ನೋಡಿದ್ದೇವೆ	96
ನೋಡು	ನೋಡಿಕೊಳ್ಳಲು	130
ನೋಡು	ನೋಡಲಾರೆ	0
ನೋಡು	ನೋಡದಿರುವುದರಿಂದ	67
ನೋಡು	ನೋಡುವುದಾದರೆ	63
ನೋಡು	ನೋಡುತ್ತದೆ	126
ನೋಡು	ನೋಡದಿದ್ದರೆ	77
ನೋಡು	ನೋಡುತ್ತಲೇ	94
ನೋಡು	ನೋಡಲಿ	128
ನೋಡು	ನೋಡಿದ್ದನ್ನು	48
ನೋಡು	ನೋಡಿರುವ	127
ನೋಡು	ನೋಡಲಾರನು	65
ನೋಡು	ನೋಡುತ್ತಾನೆ	163
ನೋಡು	ನೋಡುವುದಿಲ್ಲ	142
ನೋಡು	ನೋಡದಂತೆಯೂ	104
ನೋಡು	ನೋಡಿಕೊಳ್ಳುತ್ತೇವೆ	91
ನೋಡು	ನೋಡಿಕೊಂಡು	151
ನೋಡು	ನೋಡುವವರಾಗಿದ್ದರೆ	31
ನೋಡು	ನೋಡುವವರಿಗೆ	64
ನೋಡು	ನೋಡುತ್ತಿದ್ದಾನೆ	57
ನೋಡು	ನೋಡದೇ	18
ನೋಡು	ನೋಡುತ್ತಿರುವುದು	156
ನೋಡು	ನೋಡಲಾಗಲಿಲ್ಲ	35
ನೋಡು	ನೋಡಿಕೊಂಡ	38
ನೋಡು	ನೋಡಬೇಕೆಂದಿದ್ದಾರೆ	50
ನೋಡು	ನೋಡಿಕೊಳ್ಳುವೆನು	27
ನೋಡು	ನೋಡುವೆನು	8
ನೋಡು	ನೋಡಿಲ್ಲದ	123
ನೋಡು	ನೋಡುತ್ತಿದ್ದವರ	60
ನೋಡು	ನೋಡುವವರು	62
ನೋಡು	ನೋಡಲಾರದ	10
ನೋಡು	ನೋಡುವುದಕ್ಕಿಂತ	108
ನೋಡು	ನೋಡಿದ್ದು	78
ನೋಡು	ನೋಡಿಕೊಳ್ಳಿರಿ	97
ನೋಡು	ನೋಡಿಕೊಳ್ಳಬೇಕೆಂದು	22
ನೋಡು	ನೋಡುವಿರಿ	112
ನೋಡು	ನೋಡಬೇಕಾದರೆ	80
ನೋಡು	ನೋಡಿಕೊಳ್ಳುತ್ತೇನೆ	25
ನೋಡು	ನೋಡಿಕೊ	106
ನೋಡು	ನೋಡಿಕೊಳ್ಳಲಿ	110
ನೋಡು	ನೋಡಿಕೊಂಡೆನು	125
ನೋಡು	ನೋಡಲಾಯಿತು	9
ನೋಡು	ನೋಡಿದೆ	99
ನೋಡು	ನೋಡಿಕೊಳ್ಳುವಂತೆ	4
ನೋಡು	ನೋಡಬೇಡಿ	105
ನೋಡು	ನೋಡಿದವುಗಳನ್ನೂ	39
ನೋಡು	ನೋಡುವುದಕ್ಕಾಗಿ	155
ನೋಡು	ನೋಡಿಲ್ಲ	144
ನೋಡು	ನೋಡುತ್ತಿದ್ದಾರೆ	119
ನೋಡು	ನೋಡಿಕೊಳ್ಳಬೇಕು	2
ನೋಡು	ನೋಡಿದರು	164
ನೋಡು	ನೋಡಿಯೂ	44
ನೋಡು	ನೋಡುತ್ತಿದ್ದನು	161
ನೋಡು	ನೋಡುವ	169
ನೋಡು	ನೋಡುವನು	129
ನೋಡು	ನೋಡುತ್ತೇವೆ	146
ನೋಡು	ನೋಡುವುದರಲ್ಲಿಯೂ	59
ನೋಡು	ನೋಡಿದೆವು	120
ನೋಡು	ನೋಡಿಸಿಕೊಳ್ಳಲು	68
ನೋಡು	ನೋಡುತ್ತಿದ್ದರು	145
ನೋಡು	ನೋಡುವುದರಲ್ಲಿ	52
ನೋಡು	ನೋಡದಿದ್ದರೂ	46
ನೋಡು	ನೋಡಿದೆನು	162
ನೋಡು	ನೋಡುತ್ತಿದ್ದೀರಾ	88
ನೋಡು	ನೋಡುತ್ತಿದ್ದೇವೆ	115
ನೋಡು	ನೋಡಿದವನಾಗಿದ್ದಾನೆ	81
ನೋಡು	ನೋಡಿಕೊಂಡಿದ್ದಾನೆ	28
ನೋಡು	ನೋಡಿದ್ದನು	45
ನೋಡು	ನೋಡಿದವರೂ	42
ನೋಡು	ನೋಡುತ್ತಿದ್ದಳು	76
ನೋಡು	ನೋಡಿದ್ದಳು	56
ನೋಡು	ನೋಡಿದ್ದೀರಿ	153
ನೋಡು	ನೋಡಬೇಕೆಂತಲೂ	92
ನೋಡು	ನೋಡುತ್ತಿದ್ದೇನೆ	154
ನೋಡು	ನೋಡಬೇಕು	157
ನೋಡು	ನೋಡಿಕೊಳ್ಳಿ	69
ನೋಡು	ನೋಡುವುದು	100
ನೋಡು	ನೋಡುತ್ತಿದ್ದರೂ	86
ನೋಡು	ನೋಡುತ್ತೀರಿ	141
ನೋಡು	ನೋಡಬೇಡಿರಿ	114
ನೋಡು	ನೋಡುವವನಾಗಿದ್ದಾನೆ	143
ನೋಡು	ನೋಡಿದರೆ	132
ನೋಡು	ನೋಡುತ್ತಿರುವೆ	13
ನೋಡು	ನೋಡುತ್ತೀರೋ	71
ನೋಡು	ನೋಡದೆ	158
ನೋಡು	ನೋಡಿರುವೆ	116
ನೋಡು	ನೋಡತೊಡಗಿದರು	139
ನೋಡು	ನೋಡುವುದಕ್ಕಿಂತಲೂ	124
ನೋಡು	ನೋಡಿಕೊಂಡನು	19
ನೋಡು	ನೋಡಿಕೊಂಡಳು	15
ನೋಡು	ನೋಡಲೇಬೇಕು	7
ಗೆಲ್ಲು	ಗೆಲ್ಲಬೇಡಿ	105
ಗೆಲ್ಲು	ಗೆಲ್ಲಿದ್ದಾರೆ	135
ಗೆಲ್ಲು	ಗೆಲ್ಲದಂತೆಯೂ	104
ಗೆಲ್ಲು	ಗೆಲ್ಲುವವನಾಗಿದ್ದಾನೆ	143
ಗೆಲ್ಲು	ಗೆಲ್ಲುತ್ತಿದ್ದಾರೆಂಬುದು	83
ಗೆಲ್ಲು	ಗೆಲ್ಲುತ್ತಾನೆಂಬುದು	72
ಗೆಲ್ಲು	ಗೆಲ್ಲಿದ್ದಾನೆ	98
ಗೆಲ್ಲು	ಗೆಲ್ಲುವವರೂ	85
ಗೆಲ್ಲು	ಗೆಲ್ಲುತ್ತಿದ್ದೇವೆ	115
ಗೆಲ್ಲು	ಗೆಲ್ಲುತ್ತಾನೆ	163
ಗೆಲ್ಲು	ಗೆಲ್ಲದ	34
ಗೆಲ್ಲು	ಗೆಲ್ಲುತ್ತಿದ್ದೇನೆ	154
ಗೆಲ್ಲು	ಗೆಲ್ಲುತ್ತಿದ್ದೇನೆಂದು	86
ಗೆಲ್ಲು	ಗೆಲ್ಲಬೇಕೆಂದು	159
ಗೆಲ್ಲು	ಗೆಲ್ಲಲಾಯಿತು	9
ಗೆಲ್ಲು	ಗೆಲ್ಲುವುದಿಲ್ಲವೆಂದು	40
ಗೆಲ್ಲು	ಗೆಲ್ಲಿದ್ದನ್ನು	48
ಗೆಲ್ಲು	ಗೆಲ್ಲುತ್ತೇನೆ	25
ಗೆಲ್ಲು	ಗೆಲ್ಲಲು	130
ಗೆಲ್ಲು	ಗೆಲ್ಲಬೇಕು	157
ಗೆಲ್ಲು	ಗೆಲ್ಲುವುದೇ	36
ಗೆಲ್ಲು	ಗೆಲ್ಲುತ್ತಿದ್ದವರ	60
ಗೆಲ್ಲು	ಗೆಲ್ಲುವುದಕ್ಕೆ	150
ಗೆಲ್ಲು	ಗೆಲ್ಲಿದ್ದನು	45
ಗೆಲ್ಲು	ಗೆಲ್ಲಾರನು	65
ಗೆಲ್ಲು	ಗೆಲ್ಲಿರಿ	165
ಗೆಲ್ಲು	ಗೆಲ್ಲುವವರಿಗೆ	64
ಗೆಲ್ಲು	ಗೆಲ್ಲಿದರೂ	147
ಗೆಲ್ಲು	ಗೆಲ್ಲಿದ	166
ಗೆಲ್ಲು	ಗೆಲ್ಲುವಂತೆ	4
ಗೆಲ್ಲು	ಗೆಲ್ಲುತ್ತಿದ್ದರು	145
ಗೆಲ್ಲು	ಗೆಲ್ಲಿಸಿಕೊಂಡ	17
ಗೆಲ್ಲು	ಗೆಲ್ಲುತ್ತಿದ್ದ	89
ಗೆಲ್ಲು	ಗೆಲ್ಲೋಣ	3
ಗೆಲ್ಲು	ಗೆಲ್ಲುತ್ತಿದ್ದಾಗ	51
ಗೆಲ್ಲು	ಗೆಲ್ಲಬೇಕೆಂತಲೂ	92
ಗೆಲ್ಲು	ಗೆಲ್ಲುತ್ತವೆ	66
ಗೆಲ್ಲು	ಗೆಲ್ಲುತ್ತೇನೆ	140
ಗೆಲ್ಲು	ಗೆಲ್ಲಲು	168
ಗೆಲ್ಲು	ಗೆಲ್ಲುವವರಾಗಿದ್ದರೆ	31
ಗೆಲ್ಲು	ಗೆಲ್ಲದಿಂದ	1
ಗೆಲ್ಲು	ಗೆಲ್ಲಬೇಕಿತ್ತು	75
ಗೆಲ್ಲು	ಗೆಲ್ಲಲಾಗಲಿಲ್ಲ	35
ಗೆಲ್ಲು	ಗೆಲ್ಲುತ್ತಿದ್ದಾರೆ	119
ಗೆಲ್ಲು	ಗೆಲ್ಲಬೇಡ	137
ಗೆಲ್ಲು	ಗೆಲ್ಲುವ	169
ಗೆಲ್ಲು	ಗೆಲ್ಲಿದನು	167
ಗೆಲ್ಲು	ಗೆಲ್ಲಿದ್ದರೆ	21
ಗೆಲ್ಲು	ಗೆಲ್ಲಬೇಡಿರಿ	114
ಗೆಲ್ಲು	ಗೆಲ್ಲುತ್ತಾ	131
ಗೆಲ್ಲು	ಗೆಲ್ಲುವುದಾದರೆ	63
ಗೆಲ್ಲು	ಗೆಲ್ಲಬೇಕೆಂದು	22
ಗೆಲ್ಲು	ಗೆಲ್ಲುವುದಕ್ಕಿಂತ	108
ಗೆಲ್ಲು	ಗೆಲ್ಲುವುದಕ್ಕಾಗಿ	155
ಗೆಲ್ಲು	ಗೆಲ್ಲಾಗಲೆಲ್ಲಾ	79
ಗೆಲ್ಲು	ಗೆಲ್ಲಿರುವೆ	116
ಗೆಲ್ಲು	ಗೆಲ್ಲುವರು	6
ಗೆಲ್ಲು	ಗೆಲ್ಲುತ್ತದೆ	126
ಗೆಲ್ಲು	ಗೆಲ್ಲುವನು	129
ಗೆಲ್ಲು	ಗೆಲ್ಲುತ್ತಿಲ್ಲ	118
ಗೆಲ್ಲು	ಗೆಲ್ಲುವೆ	149
ಗೆಲ್ಲು	ಗೆಲ್ಲದಿರುವ	82
ಗೆಲ್ಲು	ಗೆಲ್ಲುತ್ತಿದ್ದೀರಿ	111
ಗೆಲ್ಲು	ಗೆಲ್ಲುವುದರಿಂದ	109
ಗೆಲ್ಲು	ಗೆಲ್ಲುವುದಿಲ್ಲ	142
ಗೆಲ್ಲು	ಗೆಲ್ಲುತ್ತೀರಿ	141
ಗೆಲ್ಲು	ಗೆಲ್ಲಿದವನಾಗಿದ್ದಾನೆ	81
ಗೆಲ್ಲು	ಗೆಲ್ಲದೆ	158
ಗೆಲ್ಲು	ಗೆಲ್ಲಿದವನೂ	70
ಗೆಲ್ಲು	ಗೆಲ್ಲುವುದರಲ್ಲಿ	52
ಗೆಲ್ಲು	ಗೆಲ್ಲಿಸಿಕೊಳ್ಳಲು	68
ಗೆಲ್ಲು	ಗೆಲ್ಲಬೇಕೆಂದಿದ್ದಾರೆ	50
ಗೆಲ್ಲು	ಗೆಲ್ಲಿದ್ದರಿಂದ	121
ಗೆಲ್ಲು	ಗೆಲ್ಲಬೇಕಾಗಿದ್ದ	39
ಗೆಲ್ಲು	ಗೆಲ್ಲಿಕೊಂಡು	151
ಗೆಲ್ಲು	ಗೆಲ್ಲುತ್ತಿರುವುದು	156
ಗೆಲ್ಲು	ಗೆಲ್ಲಲು	10
ಗೆಲ್ಲು	ಗೆಲ್ಲಿಲ್ಲ	84
ಗೆಲ್ಲು	ಗೆಲ್ಲಿದಿರಿ	107
ಗೆಲ್ಲು	ಗೆಲ್ಲಿದ್ದರು	133
ಗೆಲ್ಲು	ಗೆಲ್ಲಿಲ್ಲ	113
ಗೆಲ್ಲು	ಗೆಲ್ಲು	44
ಗೆಲ್ಲು	ಗೆಲ್ಲಿದ್ದೇನೆ	122
ಗೆಲ್ಲು	ಗೆಲ್ಲಲಿ	128
ಗೆಲ್ಲು	ಗೆಲ್ಲುತ್ತಿದ್ದಂತೆ	53
ಗೆಲ್ಲು	ಗೆಲ್ಲುತ್ತಿರುವ	134
ಗೆಲ್ಲು	ಗೆಲ್ಲುತ್ತಿರುವೆ	13
ಗೆಲ್ಲು	ಗೆಲ್ಲಲಿಲ್ಲ	138
ಗೆಲ್ಲು	ಗೆಲ್ಲುತ್ತಿದ್ದಳು	76
ಗೆಲ್ಲು	ಗೆಲ್ಲಿದೆ	99
ಗೆಲ್ಲು	ಗೆಲ್ಲುವೆನು	8
ಗೆಲ್ಲು	ಗೆಲ್ಲಿದ್ದಾನೆಂದು	33
ಗೆಲ್ಲು	ಗೆಲ್ಲಲಾರೆ	0
ಗೆಲ್ಲು	ಗೆಲ್ಲುವುದಕ್ಕೂ	102
ಗೆಲ್ಲು	ಗೆಲ್ಲಿದಾಗ	148
ಗೆಲ್ಲು	ಗೆಲ್ಲುವವನು	160
ಗೆಲ್ಲು	ಗೆಲ್ಲಬೇಕು	2
ಗೆಲ್ಲು	ಗೆಲ್ಲುವಾಗ	136
ಗೆಲ್ಲು	ಗೆಲ್ಲಿಕೊಂಡರೆ	58
ಗೆಲ್ಲು	ಗೆಲ್ಲುವುದಕ್ಕಿಂತಲೂ	124
ಗೆಲ್ಲು	ಗೆಲ್ಲು	171
ಗೆಲ್ಲು	ಗೆಲ್ಲುತ್ತಿರುವಾಗಲೇ	30
ಗೆಲ್ಲು	ಗೆಲ್ಲಬೇಕೆಂಬುದೇ	5
ಗೆಲ್ಲು	ಗೆಲ್ಲಿದವರು	16
ಗೆಲ್ಲು	ಗೆಲ್ಲುತ್ತಿದ್ದವರು	42
ಗೆಲ್ಲು	ಗೆಲ್ಲುವುದೇಕೆ	12
ಗೆಲ್ಲು	ಗೆಲ್ಲಬೇಕಾದರೆ	80
ಗೆಲ್ಲು	ಗೆಲ್ಲಲೆಂದು	23
ಗೆಲ್ಲು	ಗೆಲ್ಲುತ್ತೀರೋ	71
ಗೆಲ್ಲು	ಗೆಲ್ಲುತ್ತಿರಲಿಲ್ಲ	15
ಗೆಲ್ಲು	ಗೆಲ್ಲುವುದರಲ್ಲಿಯೂ	59
ಗೆಲ್ಲು	ಗೆಲ್ಲುವನು	47
ಗೆಲ್ಲು	ಗೆಲ್ಲಿದಂದಿನಿಂದ	24
ಗೆಲ್ಲು	ಗೆಲ್ಲಿದೆವು	120
ಗೆಲ್ಲು	ಗೆಲ್ಲಿಸಿದನು	91
ಗೆಲ್ಲು	ಗೆಲ್ಲುತ್ತಿರುವವನು	74
ಗೆಲ್ಲು	ಗೆಲ್ಲತೊಡಗಿದರು	139
ಗೆಲ್ಲು	ಗೆಲ್ಲುವುದು	41
ಗೆಲ್ಲು	ಗೆಲ್ಲಿದ್ದು	78
ಗೆಲ್ಲು	ಗೆಲ್ಲಿದ್ದಾನೆ	28
ಗೆಲ್ಲು	ಗೆಲ್ಲುವುದು	100
ಗೆಲ್ಲು	ಗೆಲ್ಲುವೆನು	27
ಗೆಲ್ಲು	ಗೆಲ್ಲದಿದ್ದರೆ	77
ಗೆಲ್ಲು	ಗೆಲ್ಲಿದರೆ	132
ಗೆಲ್ಲು	ಗೆಲ್ಲಬಹುದು	26
ಗೆಲ್ಲು	ಗೆಲ್ಲುತ್ತಿರುವಾಗ	18
ಗೆಲ್ಲು	ಗೆಲ್ಲುತ್ತಲೇ	94
ಗೆಲ್ಲು	ಗೆಲ್ಲಿಲ್ಲದ	123
ಗೆಲ್ಲು	ಗೆಲ್ಲಿಕೊಂಡ	38
ಗೆಲ್ಲು	ಗೆಲ್ಲಿದರು	164
ಗೆಲ್ಲು	ಗೆಲ್ಲುವಂತೆ	61
ಗೆಲ್ಲು	ಗೆಲ್ಲಿ	170
ಗೆಲ್ಲು	ಗೆಲ್ಲುತ್ತಾನೆ	11
ಗೆಲ್ಲು	ಗೆಲ್ಲಿಕೊಂಡರು	37
ಗೆಲ್ಲು	ಗೆಲ್ಲಬೇಕೆಂಬ	103
ಗೆಲ್ಲು	ಗೆಲ್ಲುತ್ತಿದ್ದನು	161
ಗೆಲ್ಲು	ಗೆಲ್ಲಿತು	43
ಗೆಲ್ಲು	ಗೆಲ್ಲಿಲ್ಲ	144
ಗೆಲ್ಲು	ಗೆಲ್ಲಿದ್ದ	49
ಗೆಲ್ಲು	ಗೆಲ್ಲಿ	110
ಗೆಲ್ಲು	ಗೆಲ್ಲುತ್ತಾನೆ	93
ಗೆಲ್ಲು	ಗೆಲ್ಲುತ್ತಾರೆ	152
ಗೆಲ್ಲು	ಗೆಲ್ಲುತ್ತಿದ್ದರೆ	32
ಗೆಲ್ಲು	ಗೆಲ್ಲಿಕೊಂಡೆನು	125
ಗೆಲ್ಲು	ಗೆಲ್ಲದಿರುವುದರಿಂದ	67
ಗೆಲ್ಲು	ಗೆಲ್ಲಿಕೊಂಡನು	19
ಗೆಲ್ಲು	ಗೆಲ್ಲುತ್ತಿದ್ದೀರಾ	88
ಗೆಲ್ಲು	ಗೆಲ್ಲಿದವನು	117
ಗೆಲ್ಲು	ಗೆಲ್ಲದಂತೆ	54
ಗೆಲ್ಲು	ಗೆಲ್ಲು	90
ಗೆಲ್ಲು	ಗೆಲ್ಲಿದಳು	95
ಗೆಲ್ಲು	ಗೆಲ್ಲುತ್ತೇವೆ	146
ಗೆಲ್ಲು	ಗೆಲ್ಲಬಲನು	73
ಗೆಲ್ಲು	ಗೆಲ್ಲಿದೆನು	162
ಗೆಲ್ಲು	ಗೆಲ್ಲುವವರ	87
ಗೆಲ್ಲು	ಗೆಲ್ಲುವಿರಿ	112
ಗೆಲ್ಲು	ಗೆಲ್ಲಿದ್ದೇವೆ	96
ಗೆಲ್ಲು	ಗೆಲ್ಲುವಾಗಲೆಲ್ಲಾ	29
ಗೆಲ್ಲು	ಗೆಲ್ಲುತ್ತಿದ್ದಾಗಲೇ	20
ಗೆಲ್ಲು	ಗೆಲ್ಲಿಸಿಕೊಂಡಿದ್ದರು	14
ಗೆಲ್ಲು	ಗೆಲ್ಲುವುದರ	55
ಗೆಲ್ಲು	ಗೆಲ್ಲುತ್ತಿದ್ದಾನೆ	57
ಗೆಲ್ಲು	ಗೆಲ್ಲುವವರು	62
ಗೆಲ್ಲು	ಗೆಲ್ಲಿರಿ	97
ಗೆಲ್ಲು	ಗೆಲ್ಲಿಕೊ	106
ಗೆಲ್ಲು	ಗೆಲ್ಲಿದ್ದಳು	56
ಗೆಲ್ಲು	ಗೆಲ್ಲಿ	69
ಗೆಲ್ಲು	ಗೆಲ್ಲಿರುವ	127
ಗೆಲ್ಲು	ಗೆಲ್ಲಲೇಬೇಕು	7
ಗೆಲ್ಲು	ಗೆಲ್ಲಿದ್ದೀರಿ	153
ಗೆಲ್ಲು	ಗೆಲ್ಲುವ	101
ಗೆಲ್ಲು	ಗೆಲ್ಲದಿದ್ದರೂ	46
ತೊಳೆ	ತೊಳೆದ್ದಾನೆ	98
ತೊಳೆ	ತೊಳೆದು	90
ತೊಳೆ	ತೊಳೆದನು	129
ತೊಳೆ	ತೊಳೆಂಬ	103
ತೊಳೆ	ತೊಳೆದವನಾಗಿದ್ದಾನೆ	143
ತೊಳೆ	ತೊಳೆದರೆ	58
ತೊಳೆ	ತೊಳೆದ್ದೀರಿ	111
ತೊಳೆ	ತೊಳೆತು	43
ತೊಳೆ	ತೊಳೆದವರಾಗಿದ್ದರೆ	31
ತೊಳೆ	ತೊಳೆದನು	45
ತೊಳೆ	ತೊಳೆದವರೇ	83
ತೊಳೆ	ತೊಳೆದು	156
ತೊಳೆ	ತೊಳೆಂದು	40
ತೊಳೆ	ತೊಳೆದನು	25
ತೊಳೆ	ತೊಳೆದು	13
ತೊಳೆ	ತೊಳೆಲ್ಲಾ	29
ತೊಳೆ	ತೊಳೆನು	125
ತೊಳೆ	ತೊಳೆದರಿಂದ	109
ತೊಳೆ	ತೊಳೆದ್ದೇನೆ	122
ತೊಳೆ	ತೊಳೆದ	34
ತೊಳೆ	ತೊಳೆದನು	11
ತೊಳೆ	ತೊಳೆದಿರಿ	114
ತೊಳೆ	ತೊಳೆದರೂ	147
ತೊಳೆ	ತೊಳೆದ್ದೀರಿ	153
ತೊಳೆ	ತೊಳೆದನಿಂದ	24
ತೊಳೆ	ತೊಳೆದು	168
ತೊಳೆ	ತೊಳೆದರು	9
ತೊಳೆ	ತೊಳೆ	36
ತೊಳೆ	ತೊಳೆದಕ್ಕೂ	102
ತೊಳೆ	ತೊಳೆ	55
ತೊಳೆ	ತೊಳೆದನು	130
ತೊಳೆ	ತೊಳೆದ್ದರು	133
ತೊಳೆ	ತೊಳೆದಿದ್ದಾರೆ	50
ತೊಳೆ	ತೊಳೆಂದ	1
ತೊಳೆ	ತೊಳೆದನು	68
ತೊಳೆ	ತೊಳೆದಾಗಲೆಲ್ಲಾ	79
ತೊಳೆ	ತೊಳೆದು	78
ತೊಳೆ	ತೊಳೆ	171
ತೊಳೆ	ತೊಳೆದು	89
ತೊಳೆ	ತೊಳೆದ್ದೇವೆ	96
ತೊಳೆ	ತೊಳೆದವರು	42
ತೊಳೆ	ತೊಳೆದನು	117
ತೊಳೆ	ತೊಳೆಂಬುದು	72
ತೊಳೆ	ತೊಳೆದು	157
ತೊಳೆ	ತೊಳೆದ್ದರೆ	21
ತೊಳೆ	ತೊಳೆದನು	161
ತೊಳೆ	ತೊಳೆದಳು	95
ತೊಳೆ	ತೊಳೆ	112
ತೊಳೆ	ತೊಳೆದಿರಿ	107
ತೊಳೆ	ತೊಳೆ	126
ತೊಳೆ	ತೊಳೆಂದು	159
ತೊಳೆ	ತೊಳೆಯೂ	59
ತೊಳೆ	ತೊಳೆಲ್ಲ	118
ತೊಳೆ	ತೊಳೆಸಿತು	65
ತೊಳೆ	ತೊಳೆದು	145
ತೊಳೆ	ತೊಳೆ	106
ತೊಳೆ	ತೊಳೆದವನಾಗಿದ್ದಾನೆ	81
ತೊಳೆ	ತೊಳೆದಿದ್ದೀರಾ	88
ತೊಳೆ	ತೊಳೆದು	41
ತೊಳೆ	ತೊಳೆಸುತ್ತಾನೆ	93
ತೊಳೆ	ತೊಳೆಲಾಗಲಿಲ್ಲ	35
ತೊಳೆ	ತೊಳೆಂತಲೂ	92
ತೊಳೆ	ತೊಳೆ	149
ತೊಳೆ	ತೊಳೆದರು	139
ತೊಳೆ	ತೊಳೆದು	152
ತೊಳೆ	ತೊಳೆದು	119
ತೊಳೆ	ತೊಳೆ	137
ತೊಳೆ	ತೊಳೆದನು	74
ತೊಳೆ	ತೊಳೆದನು	14
ತೊಳೆ	ತೊಳೆ	136
ತೊಳೆ	ತೊಳೆ	131
ತೊಳೆ	ತೊಳೆದನು	134
ತೊಳೆ	ತೊಳೆದ್ದಳು	56
ತೊಳೆ	ತೊಳೆದನು	19
ತೊಳೆ	ತೊಳೆಯೂ	44
ತೊಳೆ	ತೊಳೆದು	155
ತೊಳೆ	ತೊಳೆದು	22
ತೊಳೆ	ತೊಳೆ	141
ತೊಳೆ	ತೊಳೆ	158
ತೊಳೆ	ತೊಳೆದ್ದೇನೆ	154
ತೊಳೆ	ತೊಳೆದನು	140
ತೊಳೆ	ತೊಳೆ	110
ತೊಳೆ	ತೊಳೆದು	0
ತೊಳೆ	ತೊಳೆದು	33
ತೊಳೆ	ತೊಳೆದನು	2
ತೊಳೆ	ತೊಳೆದನೂ	70
ತೊಳೆ	ತೊಳೆಸಿಕೊಂಡ	17
ತೊಳೆ	ತೊಳೆದು	30
ತೊಳೆ	ತೊಳೆವವರಿಗೆ	64
ತೊಳೆ	ತೊಳೆದು	86
ತೊಳೆ	ತೊಳೆವವರ	87
ತೊಳೆ	ತೊಳೆದಿದ್ದರೆ	77
ತೊಳೆ	ತೊಳೆದನು	7
ತೊಳೆ	ತೊಳೆದವರೂ	85
ತೊಳೆ	ತೊಳೆದಂತೆಯೂ	104
ತೊಳೆ	ತೊಳೆದಿದ್ದರೂ	46
ತೊಳೆ	ತೊಳೆದು	162
ತೊಳೆ	ತೊಳೆದು	26
ತೊಳೆ	ತೊಳೆದ್ದ	49
ತೊಳೆ	ತೊಳೆದು	100
ತೊಳೆ	ತೊಳೆದಿ	69
ತೊಳೆ	ತೊಳೆದೇ	5
ತೊಳೆ	ತೊಳೆಲ್ಲನು	73
ತೊಳೆ	ತೊಳೆದ್ದಾರೆ	135
ತೊಳೆ	ತೊಳೆದು	76
ತೊಳೆ	ತೊಳೆದರು	37
ತೊಳೆ	ತೊಳೆದನು	101
ತೊಳೆ	ತೊಳೆಲ್ಲದ	123
ತೊಳೆ	ತೊಳೆ	146
ತೊಳೆ	ತೊಳೆದರು	164
ತೊಳೆ	ತೊಳೆದಿರುವ	82
ತೊಳೆ	ತೊಳೆದವರು	16
ತೊಳೆ	ತೊಳೆದ	166
ತೊಳೆ	ತೊಳೆ	54
ತೊಳೆ	ತೊಳೆದನು	91
ತೊಳೆ	ತೊಳೆದು	151
ತೊಳೆ	ತೊಳೆವು	120
ತೊಳೆ	ತೊಳೆದನು	28
ತೊಳೆ	ತೊಳೆ	165
ತೊಳೆ	ತೊಳೆದು	66
ತೊಳೆ	ತೊಳೆದಿಲ್ಲ	142
ತೊಳೆ	ತೊಳೆದ	38
ತೊಳೆ	ತೊಳೆದರೆ	132
ತೊಳೆ	ತೊಳೆದ್ದಾನೆ	57
ತೊಳೆ	ತೊಳೆದನು	80
ತೊಳೆ	ತೊಳೆದಿಲ್ಲ	84
ತೊಳೆ	ತೊಳೆದನು	167
ತೊಳೆ	ತೊಳೆದೇಕೆ	12
ತೊಳೆ	ತೊಳೆ	116
ತೊಳೆ	ತೊಳೆದಿರಿ	97
ತೊಳೆ	ತೊಳೆದನು	39
ತೊಳೆ	ತೊಳೆನು	6
ತೊಳೆ	ತೊಳೆನು	8
ತೊಳೆ	ತೊಳೆದನು	163
ತೊಳೆ	ತೊಳೆ	4
ತೊಳೆ	ತೊಳೆ	61
ತೊಳೆ	ತೊಳೆಲ್ಲ	144
ತೊಳೆ	ತೊಳೆದನು	3
ತೊಳೆ	ತೊಳೆ	99
ತೊಳೆ	ತೊಳೆ	105
ತೊಳೆ	ತೊಳೆ	150
ತೊಳೆ	ತೊಳೆದು	15
ತೊಳೆ	ತೊಳೆ	128
ತೊಳೆ	ತೊಳೆದು	51
ತೊಳೆ	ತೊಳೆಂತಲೂ	124
ತೊಳೆ	ತೊಳೆದಿರುವುದರಿಂದ	67
ತೊಳೆ	ತೊಳೆಲ್ಲ	138
ತೊಳೆ	ತೊಳೆದಾಗ	148
ತೊಳೆ	ತೊಳೆ	127
ತೊಳೆ	ತೊಳೆದನು	75
ತೊಳೆ	ತೊಳೆದ್ದರಿಂದ	121
ತೊಳೆ	ತೊಳೆದ್ದನ್ನು	48
ತೊಳೆ	ತೊಳೆ	63
ತೊಳೆ	ತೊಳೆದನು	113
ತೊಳೆ	ತೊಳೆದನು	160
ತೊಳೆ	ತೊಳೆದ್ದೇವೆ	115
ತೊಳೆ	ತೊಳೆ	52
ತೊಳೆ	ತೊಳೆದನು	71
ತೊಳೆ	ತೊಳೆದು	94
ತೊಳೆ	ತೊಳೆದವರ	60
ತೊಳೆ	ತೊಳೆ	170
ತೊಳೆ	ತೊಳೆ	18
ತೊಳೆ	ತೊಳೆದನು	27
ತೊಳೆ	ತೊಳೆಂದು	23
ತೊಳೆ	ತೊಳೆದನು	10
ತೊಳೆ	ತೊಳೆದನು	47
ತೊಳೆ	ತೊಳೆವ	169
ತೊಳೆ	ತೊಳೆದಂತೆ	53
ತೊಳೆ	ತೊಳೆದು	20
ತೊಳೆ	ತೊಳೆವವರು	62
ತೊಳೆ	ತೊಳೆದ್ದರೆ	32
ತೊಳೆ	ತೊಳೆಂತ	108
ಓದು	ಓದಬಲ್ಲನು	73
ಓದು	ಓದುವವರೂ	85
ಓದು	ಓದಿಕೊಳ್ಳಿರಿ	97
ಓದು	ಓದಿದರು	164
ಓದು	ಓದುವವರು	62
ಓದು	ಓದಿದೆನು	162
ಓದು	ಓದದದಿದ್ದರೂ	46
ಓದು	ಓದಿದ್ದಳು	56
ಓದು	ಓದಿದಳು	95
ಓದು	ಓದಿಹೋಗುತ್ತವೆ	7
ಓದು	ಓದದದಂತೆಯೂ	104
ಓದು	ಓದುತ್ತಿಲ್ಲ	118
ಓದು	ಓದಿರುವೆ	116
ಓದು	ಓದಲಾಯಿತು	9
ಓದು	ಓದಿಕೊಂಡರೆ	58
ಓದು	ಓದುತ್ತಿರುವೆ	13
ಓದು	ಓದಿದೆವು	120
ಓದು	ಓದುತ್ತಲೇ	94
ಓದು	ಓದಿಕೊಳ್ಳುವನು	47
ಓದು	ಓದುತ್ತಿರುವಾಗಲೇ	30
ಓದು	ಓದಿದ್ದನ್ನು	48
ಓದು	ಓದುತ್ತಿದ್ದಂತೆ	53
ಓದು	ಓದಬೇಕಿತ್ತು	75
ಓದು	ಓದುವುದು	100
ಓದು	ಓದಿದರೆ	132
ಓದು	ಓದಲಿಲ್ಲ	138
ಓದು	ಓದಿಸಿಕೊಂಡ	17
ಓದು	ಓದುವೆನು	8
ಓದು	ಓದು	171
ಓದು	ಓದುತ್ತಿರಲಿಲ್ಲ	15
ಓದು	ಓದಿಲ್ಲ	144
ಓದು	ಓದುತ್ತಿದ್ದಾರೆಂಬುದು	83
ಓದು	ಓದಿದ್ದಾನೆಂದು	33
ಓದು	ಓದದದಿರುವ	82
ಓದು	ಓದಿಕೊಳ್ಳಬೇಕೆಂದು	22
ಓದು	ಓದಿಸುವುದು	41
ಓದು	ಓದಿದವನಾಗಿದ್ದಾನೆ	81
ಓದು	ಓದದದಿದ್ದರೆ	77
ಓದು	ಓದೋಣ	3
ಓದು	ಓದಿಯೂ	44
ಓದು	ಓದಿಸಿದನು	91
ಓದು	ಓದಲಾರೆ	0
ಓದು	ಓದುತ್ತಿರುವಾಗ	18
ಓದು	ಓದಿಸಿಕೊಳ್ಳಲು	68
ಓದು	ಓದುತ್ತದೆ	126
ಓದು	ಓದಬೇಕೆಂಬ	103
ಓದು	ಓದಿಕೊ	106
ಓದು	ಓದಿಕೊಂಡೆನು	125
ಓದು	ಓದಿದ್ದರು	133
ಓದು	ಓದುತ್ತಿದ್ದೀರಾ	88
ಓದು	ಓದಿದಂದಿನಿಂದ	24
ಓದು	ಓದಿದ್ದರೆ	21
ಓದು	ಓದುವುದರಿಂದ	109
ಓದು	ಓದಿಕೊಂಡಿದ್ದಾನೆ	28
ಓದು	ಓದುತ್ತಿದ್ದರು	145
ಓದು	ಓದಬೇಡಿ	105
ಓದು	ಓದುತ್ತಿದ್ದೇನೆ	154
ಓದು	ಓದುವುದಕ್ಕಿಂತಲೂ	124
ಓದು	ಓದಿಕೊಂಡನು	19
ಓದು	ಓದಿಕೊಳ್ಳಬೇಕು	2
ಓದು	ಓದಲೆಂದು	23
ಓದು	ಓದಿದ್ದರಿಂದ	121
ಓದು	ಓದುತ್ತಿದ್ದಾನೆ	57
ಓದು	ಓದಿಕೊಳ್ಳಲು	130
ಓದು	ಓದಿದವನೂ	70
ಓದು	ಓದುವವನು	160
ಓದು	ಓದಿದ್ದ	49
ಓದು	ಓದಿ	170
ಓದು	ಓದಲಾರನು	65
ಓದು	ಓದುವುದಾದರೆ	63
ಓದು	ಓದುತ್ತಿರುವವನು	74
ಓದು	ಓದಬೇಕು	157
ಓದು	ಓದುವುದರಲ್ಲಿಯೂ	59
ಓದು	ಓದುತ್ತಿದ್ದ	89
ಓದು	ಓದಲಿ	128
ಓದು	ಓದುವುದರಲ್ಲಿ	52
ಓದು	ಓದಲು	168
ಓದು	ಓದಿದರೂ	147
ಓದು	ಓದಿಲ್ಲದ	123
ಓದು	ಓದಿಕೊಳ್ಳುವ	101
ಓದು	ಓದುವುದಕ್ಕಾಗಿ	155
ಓದು	ಓದುತ್ತಿರುವ	134
ಓದು	ಓದದದಿರುವುದರಿಂದ	67
ಓದು	ಓದಿತು	43
ಓದು	ಓದಿಕೊಂಡರು	37
ಓದು	ಓದುವವರಿಗೆ	64
ಓದು	ಓದುತ್ತಿದ್ದಾಗಲೇ	20
ಓದು	ಓದತೊಡಗಿದರು	139
ಓದು	ಓದುತ್ತೀರಿ	141
ಓದು	ಓದುವವರ	87
ಓದು	ಓದಿದಾಗಲೆಲ್ಲಾ	79
ಓದು	ಓದುತ್ತಿದ್ದೇವೆ	115
ಓದು	ಓದುತ್ತಾ	131
ಓದು	ಓದಿಕೊಳ್ಳುವೆನು	27
ಓದು	ಓದುತ್ತಿರಲು	51
ಓದು	ಓದದದಂತೆ	54
ಓದು	ಓದಬೇಕೆಂತಲೂ	92
ಓದು	ಓದಿದೆ	99
ಓದು	ಓದುತ್ತಾನೆಂಬುದು	72
ಓದು	ಓದಬೇಡಿರಿ	114
ಓದು	ಓದಿದ್ದು	78
ಓದು	ಓದಬೇಕೆಂದು	159
ಓದು	ಓದುತ್ತೇವೆ	146
ಓದು	ಓದುತ್ತಾನೆ	163
ಓದು	ಓದುತ್ತಾನೆ	93
ಓದು	ಓದಿರಲಿಲ್ಲ	84
ಓದು	ಓದುವಂತೆ	61
ಓದು	ಓದದದದ	34
ಓದು	ಓದಿದವನು	117
ಓದು	ಓದುತ್ತಿದ್ದರೂ	86
ಓದು	ಓದಿದ್ದಾರೆ	135
ಓದು	ಇದು	90
ಓದು	ಓದುತ್ತೇನೆ	140
ಓದು	ಓದಲಾಗಲಿಲ್ಲ	35
ಓದು	ಓದಲಿಲ್ಲವೇ	80
ಓದು	ಓದಿಕೊಳ್ಳುವಂತೆ	4
ಓದು	ಓದುವಿರಿ	112
ಓದು	ಓದುವುದರ	55
ಓದು	ಓದಬೇಡ	137
ಓದು	ಓದಿಹೋದರು	11
ಓದು	ಓದುವೆ	149
ಓದು	ಓದಿಸಿಬಿಟ್ಟನು	50
ಓದು	ಓದಿಕೊಂಡ	38
ಓದು	ಓದುವಾಗ	136
ಓದು	ಓದಿಕೊಳ್ಳುತ್ತೇನೆ	25
ಓದು	ಓದುವನು	129
ಓದು	ಓದುವುದಕ್ಕಿಂತ	108
ಓದು	ಓದುತ್ತಿದ್ದವರು	42
ಓದು	ಓದಿದ್ದಾನೆ	98
ಓದು	ಓದಿಕೊಳ್ಳಿ	69
ಓದು	ಓದುತ್ತಿರುವುದು	156
ಓದು	ಓದಬೇಕೆಂಬುದೇ	5
ಓದು	ಓದುವುದಕ್ಕೆ	150
ಓದು	ಓದುತ್ತಿದ್ದೆನು	66
ಓದು	ಓದುತ್ತಿದ್ದನು	161
ಓದು	ಓದುವುದಿಲ್ಲವೆಂದು	40
ಓದು	ಓದದದೆ	158
ಓದು	ಓದಬಹುದು	26
ಓದು	ಓದಿದನು	167
ಓದು	ಓದುತ್ತಿದ್ದವರ	60
ಓದು	ಓದುವವನಾಗಿದ್ದಾನೆ	143
ಓದು	ಓದಿದ	166
ಓದು	ಓದಿದಿರಿ	107
ಓದು	ಓದಿದವುಗಳನ್ನೂ	39
ಓದು	ಓದುತ್ತಿದ್ದಾರೆ	119
ಓದು	ಓದಲಾರದ	10
ಓದು	ಓದಿದ್ದೀರಿ	153
ಓದು	ಓದಿರುವ	127
ಓದು	ಓದುತ್ತಾರೆ	152
ಓದು	ಓದುವುದಕ್ಕೂ	102
ಓದು	ಓದುವಾಗಲೆಲ್ಲಾ	29
ಓದು	ಓದುವವರಾಗಿದ್ದರೆ	31
ಓದು	ಓದಿದ್ದೇನೆ	122
ಓದು	ಓದುತ್ತಿದ್ದರೆ	32
ಓದು	ಓದಿರಿ	165
ಓದು	ಓದಿಂದ	1
ಓದು	ಓದುವುದೇ	36
ಓದು	ಓದಿಸಿಕೊಂಡಿದ್ದರು	14
ಓದು	ಓದಿಕೊಳ್ಳಲಿ	110
ಓದು	ಓದುತ್ತಿದ್ದೀರಿ	111
ಓದು	ಓದಿಹೋಗಿ	12
ಓದು	ಓದಿದಾಗ	148
ಓದು	ಓದಿಕೊಳ್ಳಲಿಲ್ಲ	113
ಓದು	ಓದುವರು	6
ಓದು	ಓದಿದವರು	16
ಓದು	ಓದುವ	169
ಓದು	ಓದಿದ್ದನು	45
ಓದು	ಓದುವುದಿಲ್ಲ	142
ಓದು	ಓದುತ್ತಿದ್ದಳು	76
ಓದು	ಓದಿಕೊಂಡು	151
ಓದು	ಓದುತ್ತೀರೋ	71
ಓದು	ಓದಿದ್ದೇವೆ	96
ಕೇಳು	ಕೇಳುವುದೇಕೆ	12
ಕೇಳು	ಕೇಳುತ್ತಾ	131
ಕೇಳು	ಕೇಳಿಕೊಳ್ಳುವನು	47
ಕೇಳು	ಕೇಳುವುದಕ್ಕಾಗಿ	155
ಕೇಳು	ಕೇಳುತ್ತೀರೋ	71
ಕೇಳು	ಕೇಳುವವರಾಗಿದ್ದರೆ	31
ಕೇಳು	ಕೇಳದಿರುವುದರಿಂದ	67
ಕೇಳು	ಕೇಳು	90
ಕೇಳು	ಕೇಳುವುದಕ್ಕೆ	150
ಕೇಳು	ಕೇಳದೇ	18
ಕೇಳು	ಕೇಳಿ	170
ಕೇಳು	ಹೇಳಿದರು	9
ಕೇಳು	ಕೇಳಿಸುವುದಿಲ್ಲ	84
ಕೇಳು	ಕೇಳುವುದು	100
ಕೇಳು	ಕೇಳತೊಡಗಿದರು	139
ಕೇಳು	ಕೇಳುತ್ತಿದ್ದೇನೆ	154
ಕೇಳು	ಕೇಳಿರುವಿರಿ	81
ಕೇಳು	ಕೇಳಿಕೊಳ್ಳುತ್ತಾನೆ	11
ಕೇಳು	ಕೇಳಿಕೊಂಡಿದ್ದಾನೆ	28
ಕೇಳು	ಕೇಳಿದಿರಿ	107
ಕೇಳು	ಕೇಳುವುದರಲ್ಲಿಯೂ	59
ಕೇಳು	ಕೇಳಿದಾಗ	148
ಕೇಳು	ಕೇಳಿದ್ದನು	45
ಕೇಳು	ಕೇಳುವವರು	62
ಕೇಳು	ಕೇಳಬೇಕೆಂಬ	103
ಕೇಳು	ಕೇಳುವುದಕ್ಕಿಂತಲೂ	124
ಕೇಳು	ಕೇಳುವುದಕ್ಕೂ	102
ಕೇಳು	ಕೇಳಲಿಲ್ಲ	138
ಕೇಳು	ಕೇಳುತ್ತಿರುವುದು	156
ಕೇಳು	ಕೇಳುತ್ತಿದ್ದೀರಾ	88
ಕೇಳು	ಕೇಳಿದನು	167
ಕೇಳು	ಕೇಳುತ್ತೀರಿ	141
ಕೇಳು	ಕೇಳಿದ್ದರಿಂದ	121
ಕೇಳು	ಕೇಳಿದವನು	117
ಕೇಳು	ಕೇಳಿದೆನು	162
ಕೇಳು	ಕೇಳಿದ್ದರೆ	21
ಕೇಳು	ಕೇಳಿದ್ದ	49
ಕೇಳು	ಕೇಳಿಲ್ಲದ	123
ಕೇಳು	ಹೇಳುತ್ತಾ	5
ಕೇಳು	ಕೇಳುವಾಗ	136
ಕೇಳು	ಕೇಳಿದ್ದಾನೆ	98
ಕೇಳು	ಕೇಳಿಕೊಳ್ಳುವೆನು	27
ಕೇಳು	ಕೇಳುತ್ತಾನೆ	163
ಕೇಳು	ಕೇಳಿದೆ	99
ಕೇಳು	ಹೇಳುತ್ತೇನೆ	2
ಕೇಳು	ಕೇಳುವುದಕ್ಕಿಂತ	108
ಕೇಳು	ಕೇಳಿದೆವು	120
ಕೇಳು	ಕೇಳುತ್ತಿದ್ದರೆ	32
ಕೇಳು	ಕೇಳಿದ್ದೇವೆ	96
ಕೇಳು	ಕೇಳಬಲ್ಲನು	73
ಕೇಳು	ಕೇಳಿರುವೆ	116
ಕೇಳು	ಕೇಳುವವರಿಗೆ	64
ಕೇಳು	ಕೇಳುವನು	129
ಕೇಳು	ಕೇಳಿದ್ದೇನೆ	122
ಕೇಳು	ಕೇಳಿಕೊಂಡರು	37
ಕೇಳು	ಕೇಳುವುದರಿಂದ	109
ಕೇಳು	ಕೇಳಲೆಂದು	23
ಕೇಳು	ಕೇಳಿಸಿತು	65
ಕೇಳು	ಕೇಳಿದಂದಿನಿಂದ	24
ಕೇಳು	ಕೇಳುವವರೂ	85
ಕೇಳು	ಕೇಳಿಕೊಳ್ಳಿರಿ	97
ಕೇಳು	ಕೇಳಿದರು	164
ಕೇಳು	ಕೇಳಿದ್ದು	78
ಕೇಳು	ಕೇಳುತ್ತಿಲ್ಲ	118
ಕೇಳು	ಕೇಳಿಕೊಳ್ಳಲಿಲ್ಲ	113
ಕೇಳು	ಕೇಳಿಕೊಂಡನು	19
ಕೇಳು	ಕೇಳಿದ್ದರು	133
ಕೇಳು	ಕೇಳಬೇಕಿತ್ತು	75
ಕೇಳು	ಕೇಳಿದಾಗಲೆಲ್ಲಾ	79
ಕೇಳು	ಕೇಳುತ್ತಿದ್ದೇವೆ	115
ಕೇಳು	ಕೇಳುವಾಗಲೆಲ್ಲಾ	29
ಕೇಳು	ಕೇಳಿಸುವುದು	41
ಕೇಳು	ಹೇಳುವೆನು	6
ಕೇಳು	ಹೇಳಿದೆವು	0
ಕೇಳು	ಕೇಳದಿದ್ದರೂ	46
ಕೇಳು	ಕೇಳಿತು	43
ಕೇಳು	ಕೇಳುವುದೇ	36
ಕೇಳು	ಕೇಳಬೇಡಿ	105
ಕೇಳು	ಕೇಳುತ್ತಲೇ	94
ಕೇಳು	ಕೇಳುವವನು	160
ಕೇಳು	ಕೇಳುತ್ತಿದ್ದಾಗ	51
ಕೇಳು	ಕೇಳುತ್ತಿದ್ದೆನು	66
ಕೇಳು	ಕೇಳಿಲ್ಲ	144
ಕೇಳು	ಕೇಳುವ	169
ಕೇಳು	ಕೇಳದಿಂದ	1
ಕೇಳು	ಕೇಳಬೇಕು	157
ಕೇಳು	ಕೇಳಿದ್ದಾನೆಂದು	33
ಕೇಳು	ಕೇಳಿಸಿಕೊಳ್ಳಲು	68
ಕೇಳು	ಹೇಳುತ್ತಾನೆ	7
ಕೇಳು	ಕೇಳಿಕೊಳ್ಳಲು	130
ಕೇಳು	ಕೇಳುತ್ತಿರುವಾಗಲೇ	30
ಕೇಳು	ಕೇಳುವುದಾದರೆ	63
ಕೇಳು	ಕೇಳುತ್ತಿದ್ದವರ	60
ಕೇಳು	ಕೇಳುವುದಿಲ್ಲ	142
ಕೇಳು	ಕೇಳುತ್ತಿರುವ	134
ಕೇಳು	ಕೇಳಿಕೊಂಡು	151
ಕೇಳು	ಕೇಳಬೇಕೆಂತಲೂ	92
ಕೇಳು	ಕೇಳುತ್ತಿದ್ದರು	145
ಕೇಳು	ಕೇಳುತ್ತಿದ್ದ	89
ಕೇಳು	ಕೇಳಿದವನೂ	70
ಕೇಳು	ಕೇಳು	171
ಕೇಳು	ಕೇಳುವವರ	87
ಕೇಳು	ಕೇಳಲಾಗಲಿಲ್ಲ	35
ಕೇಳು	ಕೇಳಿಕೊಂಡಳು	15
ಕೇಳು	ಕೇಳುತ್ತಿದ್ದರೂ	86
ಕೇಳು	ಕೇಳುವುದರ	55
ಕೇಳು	ಕೇಳುತ್ತಾರೆ	152
ಕೇಳು	ಕೇಳಬೇಡ	137
ಕೇಳು	ಕೇಳಿರುವ	127
ಕೇಳು	ಕೇಳುತ್ತಿದ್ದಾಗಲೇ	20
ಕೇಳು	ಕೇಳಲಿ	128
ಕೇಳು	ಕೇಳಿದಳು	95
ಕೇಳು	ಕೇಳಿದರೂ	147
ಕೇಳು	ಹೇಳಬೇಕು	3
ಕೇಳು	ಕೇಳಿದರೆ	132
ಕೇಳು	ಕೇಳುತ್ತಿದ್ದಾನೆ	57
ಕೇಳು	ಕೇಳುತ್ತಿರುವವನು	74
ಕೇಳು	ಕೇಳಿಯೂ	44
ಕೇಳು	ಕೇಳುತ್ತಾನೆ	93
ಕೇಳು	ಕೇಳದಿರುವ	82
ಕೇಳು	ಕೇಳುತ್ತಿದ್ದಂತೆ	53
ಕೇಳು	ಕೇಳಿರಿ	165
ಕೇಳು	ಕೇಳಬಹುದು	26
ಕೇಳು	ಕೇಳುತ್ತಿದ್ದಾರೆ	119
ಕೇಳು	ಕೇಳಿಕೊಳ್ಳುತ್ತೇನೆ	25
ಕೇಳು	ಕೇಳಿಕೊಳ್ಳಬೇಕೆಂದು	22
ಕೇಳು	ಕೇಳಿಕೊಳ್ಳುವಂತೆ	4
ಕೇಳು	ಕೇಳಬೇಕೆಂದಿದ್ದಾರೆ	50
ಕೇಳು	ಕೇಳುವವನಾಗಿದ್ದಾನೆ	143
ಕೇಳು	ಕೇಳದೆ	158
ಕೇಳು	ಕೇಳಿದ್ದಳು	56
ಕೇಳು	ಕೇಳದ	34
ಕೇಳು	ಕೇಳಿಕೊಳ್ಳುವ	101
ಕೇಳು	ಕೇಳುವುದಿಲ್ಲವೆಂದು	40
ಕೇಳು	ಕೇಳಿಕೊ	106
ಕೇಳು	ಕೇಳಿಕೊಳ್ಳುತ್ತೇವೆ	91
ಕೇಳು	ಕೇಳಿಕೊಂಡರೆ	58
ಕೇಳು	ಕೇಳಿದವರು	16
ಕೇಳು	ಕೇಳುತ್ತಿರುವೆ	13
ಕೇಳು	ಕೇಳಿದವರೂ	42
ಕೇಳು	ಕೇಳುತ್ತದೆ	126
ಕೇಳು	ಹೇಳಿರಿ	8
ಕೇಳು	ಕೇಳುವಿರಿ	112
ಕೇಳು	ಕೇಳದಂತೆ	54
ಕೇಳು	ಕೇಳುತ್ತಿದ್ದನು	161
ಕೇಳು	ಕೇಳುವಂತೆ	61
ಕೇಳು	ಕೇಳಿದ್ದೀರಿ	153
ಕೇಳು	ಕೇಳುತ್ತಿದ್ದಳು	76
ಕೇಳು	ಕೇಳಿದ	166
ಕೇಳು	ಕೇಳುತ್ತಾನೆಂಬುದು	72
ಕೇಳು	ಕೇಳಲಿಲ್ಲವೇ	80
ಕೇಳು	ಕೇಳುವುದರಲ್ಲಿ	52
ಕೇಳು	ಕೇಳುತ್ತೇವೆ	146
ಕೇಳು	ಕೇಳಲು	168
ಕೇಳು	ಕೇಳಿಕೊಳ್ಳಲಿ	110
ಕೇಳು	ಕೇಳಿಸಿಕೊಂಡ	17
ಕೇಳು	ಕೇಳಿದ್ದಾರೆ	135
ಕೇಳು	ಕೇಳಿಕೊಂಡ	38
ಕೇಳು	ಕೇಳಿಕೊಂಡೆನು	125
ಕೇಳು	ಕೇಳದಂತೆಯೂ	104
ಕೇಳು	ಕೇಳುತ್ತಿದ್ದೀರಿ	111
ಕೇಳು	ಕೇಳಿಸಿಕೊಂಡಿದ್ದರು	14
ಕೇಳು	ಕೇಳಲಾರದ	10
ಕೇಳು	ಕೇಳದಿದ್ದರೆ	77
ಕೇಳು	ಕೇಳಿಕೊಳ್ಳಿ	69
ಕೇಳು	ಕೇಳುವೆ	149
ಕೇಳು	ಕೇಳಿದ್ದನ್ನು	48
ಕೇಳು	ಕೇಳಬೇಡಿರಿ	114
ಕೇಳು	ಕೇಳುತ್ತೇನೆ	140
ಕೇಳು	ಕೇಳಿದವರೇ	83
ಕೇಳು	ಕೇಳಬೇಕೆಂದು	159
ಕೇಳು	ಕೇಳಿದವುಗಳನ್ನೂ	39
ಆಗಮಿಸು	ಮಾಡಿಸಿದನು	167
ಆಗಮಿಸು	ಮಾಗಿಸುವಿರಿ	112
ಆಗಮಿಸು	ಮಾಡಿಸಿದ್ದನು	45
ಆಗಮಿಸು	ಮಾಡಿಸಿದ್ದೀರಿ	153
ಆಗಮಿಸು	ಮಾಡಿಸುವುದಕ್ಕಿಂತ	108
ಆಗಮಿಸು	ಆಗಮಿಸಿ	170
ಆಗಮಿಸು	ಮಾಗಿಸಲಿಲ್ಲವೇ	80
ಆಗಮಿಸು	ಮಾಗಿಸುತ್ತೀರಿ	141
ಆಗಮಿಸು	ಮಾಡಿಸಿದನು	91
ಆಗಮಿಸು	ಮಾಡಿಸುವುದಕ್ಕಿಂತಲೂ	124
ಆಗಮಿಸು	ಮಾಗಿಸುವಂತೆ	61
ಆಗಮಿಸು	ಮಾಡಿಸಿಕೊಳ್ಳಲಿ	110
ಆಗಮಿಸು	ಮಾಗಿಸುವುದರಲ್ಲಿಯೂ	59
ಆಗಮಿಸು	ಮಾಗಿಸುತ್ತಿದ್ದವರ	60
ಆಗಮಿಸು	ಮಾಡಿಸುವುದೇಕೆ	12
ಆಗಮಿಸು	ಮಾಡಿಸಿರುವ	127
ಆಗಮಿಸು	ಮಾಡಲಾಗಲಿಲ್ಲ	35
ಆಗಮಿಸು	ಮಾಡಿಸಿದಾಗಲೆಲ್ಲಾ	79
ಆಗಮಿಸು	ಮಾಡಿಸಿಕೊಂಡಿದ್ದಾನೆ	28
ಆಗಮಿಸು	ಮಾಡಿಸಿದ್ದಾನೆಂದು	33
ಆಗಮಿಸು	ಮಾಡಿಸತೊಡಗಿದರು	139
ಆಗಮಿಸು	ಮಾಗಿಸಬೇಕಾಗಿದ್ದ	39
ಆಗಮಿಸು	ಮಾಡಿಸಿದವನೂ	70
ಆಗಮಿಸು	ಮಾಡಿಸಿಕೊಳ್ಳಿರಿ	97
ಆಗಮಿಸು	ಮಾಡಿಸಿದವನು	117
ಆಗಮಿಸು	ಮಾಡಿಸಿದಾಗ	148
ಆಗಮಿಸು	ಮಾಡಿಸಿದ್ದರಿಂದ	121
ಆಗಮಿಸು	ಮಾಗಿಸುತ್ತಲೇ	94
ಆಗಮಿಸು	ಮಾಗಿಸಿಕೊಂಡ	17
ಆಗಮಿಸು	ಮಾಡಿಸಿಕೊಳ್ಳುವ	101
ಆಗಮಿಸು	ಮಾಗಿಸುವುದರಲ್ಲಿ	52
ಆಗಮಿಸು	ಮಾಡಲಿಲ್ಲ	138
ಆಗಮಿಸು	ಮಾಡಿಸಬೇಡ	137
ಆಗಮಿಸು	ಮಾಗಿಸುವುದರ	55
ಆಗಮಿಸು	ಮಾಡಿಸುವವನು	160
ಆಗಮಿಸು	ಮಾಡಿಸಲು	24
ಆಗಮಿಸು	ಮಾಡಿಸಿದೆ	99
ಆಗಮಿಸು	ಮಾಡಿಸುವೆನು	50
ಆಗಮಿಸು	ಮಾಡಿಸಿಕೊಂಡಿದ್ದರು	14
ಆಗಮಿಸು	ಮಾಗಿಸಿಕೊಂಡು	151
ಆಗಮಿಸು	ಮಾಡಿಸುವುದಕ್ಕೆ	150
ಆಗಮಿಸು	ಮಾಡಿಸಿಕೊಂಡ	38
ಆಗಮಿಸು	ಮಾಡಿಸಿಲ್ಲ	144
ಆಗಮಿಸು	ಮಾಗಿಸುವಾಗಲೆಲ್ಲಾ	29
ಆಗಮಿಸು	ಮಾಗಿಸುತ್ತಿದ್ದೀರಾ	88
ಆಗಮಿಸು	ಮಾಡಿಸಿದರು	164
ಆಗಮಿಸು	ಮಾಡಿಸುವುದಾದರೆ	63
ಆಗಮಿಸು	ಮಾಡಿಸಿದ್ದರು	133
ಆಗಮಿಸು	ಮಾಗಿಸುತ್ತಿದ್ದರೆ	32
ಆಗಮಿಸು	ಮಾಗಿಸುತ್ತಾನೆ	163
ಆಗಮಿಸು	ಮಾಡಲು	168
ಆಗಮಿಸು	ಮಾಗಿಸಲಾರೆ	0
ಆಗಮಿಸು	ಮಾಡಿಸಿಕೊ	106
ಆಗಮಿಸು	ಮಾಡುತ್ತಿರುವ	134
ಆಗಮಿಸು	ಮಾಗಿಸುತ್ತಿರುವುದು	156
ಆಗಮಿಸು	ತಿಳಿಸಿಯೂ	44
ಆಗಮಿಸು	ಮಾಡಿಸಿಕೊಳ್ಳುವವನು	10
ಆಗಮಿಸು	ಮಾಡುತ್ತಿದ್ದಾಗಲೇ	20
ಆಗಮಿಸು	ಮಾಡಿಸಿಕೊಳ್ಳುವಂತೆ	4
ಆಗಮಿಸು	ಮ<UNK>ಿಸುತ್ತಿಲ್ಲ	118
ಆಗಮಿಸು	ಮಾಡಿಸಿಕೊಳ್ಳಿ	69
ಆಗಮಿಸು	ಮಾಡಿಸುವುದಿಲ್ಲ	84
ಆಗಮಿಸು	ಮಾಗಿಸುತ್ತಿದ್ದಾನೆ	57
ಆಗಮಿಸು	ಮಾಗಿಸಬೇಕೆಂಬ	103
ಆಗಮಿಸು	ಮಾಗಿಸಲೇಬೇಕು	7
ಆಗಮಿಸು	ಮಾಡಿಸುತ್ತಾ	131
ಆಗಮಿಸು	ಮಾಡಿಸುತ್ತಿರುವವನು	74
ಆಗಮಿಸು	ಮಾಗಿಸುತ್ತೇವೆ	146
ಆಗಮಿಸು	ಮಾಗಿಸುತ್ತಿದ್ದರು	145
ಆಗಮಿಸು	ಮಾಡಿಸುವವರು	62
ಆಗಮಿಸು	ಮಾಡಿಸಿಕೊಂಡರೆ	58
ಆಗಮಿಸು	ಮಾಡಿಸಿದ್ದು	78
ಆಗಮಿಸು	ಮಾಡಿಸಿಕೊಳ್ಳುವೆನು	27
ಆಗಮಿಸು	ಮಾಗಿಸುತ್ತಿದ್ದಾಗ	51
ಆಗಮಿಸು	ಮಾಗಿಸದಿರುವ	82
ಆಗಮಿಸು	ಮಾಗಿಸುತ್ತಾನೆಂಬುದು	72
ಆಗಮಿಸು	ಮಾಡಿಸಿದೆನು	162
ಆಗಮಿಸು	ಮಾಗಿಸುತ್ತಾರೆ	152
ಆಗಮಿಸು	ಮಾಗಿಸುವುದರಿಂದ	109
ಆಗಮಿಸು	ಮಾಡಿಸಬೇಕಿತ್ತು	75
ಆಗಮಿಸು	ಮಾಡಿಸಿದವನಾಗಿದ್ದಾನೆ	81
ಆಗಮಿಸು	ಮಾಡಿಸಿದ್ದಾರೆ	135
ಆಗಮಿಸು	ಮಾಗಿಸಲಾಯಿತು	9
ಆಗಮಿಸು	ಮಾಡಿಸುತ್ತಿದ್ದವರು	42
ಆಗಮಿಸು	ಮಾಡಿಸಿದೆವು	120
ಆಗಮಿಸು	ಮಾಗಿಸಬಲ್ಲನು	73
ಆಗಮಿಸು	ಮಾಡಿಸಿದ್ದರೆ	21
ಆಗಮಿಸು	ಮಾಡಿಸದಿಂದ	1
ಆಗಮಿಸು	ಮಾಡಿಸಿಕೊಳ್ಳಬೇಕು	2
ಆಗಮಿಸು	ಮಾಗಿಸಬೇಕೆಂತಲೂ	92
ಆಗಮಿಸು	ಮಾಡಿಸುವುದಕ್ಕಾಗಿ	155
ಆಗಮಿಸು	ಮಾಡಿಸಿಕೊಂಡೆನು	125
ಆಗಮಿಸು	ಮಾಡಬೇಕೆಂದು	159
ಆಗಮಿಸು	ಮಾಡಿಸಿಕೊಳ್ಳಲು	68
ಆಗಮಿಸು	ಮಾಡಿಸಿದಳು	95
ಆಗಮಿಸು	ಮಾಡಿಸಿದ್ದಳು	56
ಆಗಮಿಸು	ಮಾಗಿಸಬೇಕೆಂಬುದೇ	5
ಆಗಮಿಸು	ಮಾಗಿಸುವವರೂ	85
ಆಗಮಿಸು	ಮಾಡಿಸಿದ್ದಾನೆ	98
ಆಗಮಿಸು	ಮಾಡುತ್ತಿದ್ದನು	161
ಆಗಮಿಸು	ಮಾಡಿಸಿಕೊಳ್ಳಲಿಲ್ಲ	113
ಆಗಮಿಸು	ಮಾಗಿಸುವ	169
ಆಗಮಿಸು	ಮಾಗಿಸುವುದೇ	36
ಆಗಮಿಸು	ಮಾಡಿಸಿಕೊಳ್ಳುವನು	47
ಆಗಮಿಸು	ಮಾಡಿಸು	171
ಆಗಮಿಸು	ಮಾಡಿಸುವವರಿಗೆ	64
ಆಗಮಿಸು	ಮಾಗಿಸದ	34
ಆಗಮಿಸು	ಮಾಡಿಸಿತು	65
ಆಗಮಿಸು	ಇದು	90
ಆಗಮಿಸು	ಮಾಗಿಸುತ್ತೇನೆ	140
ಆಗಮಿಸು	ಮಾಗಿಸಬಹುದು	26
ಆಗಮಿಸು	ಮಾಗಿಸಿದವರೇ	83
ಆಗಮಿಸು	ಮಾಡಿಸುತ್ತಾನೆ	93
ಆಗಮಿಸು	ಮಾಡಿಸಿಕೊಳ್ಳಲು	130
ಆಗಮಿಸು	ಮಾಡಿಸಿಕೊಂಡನು	19
ಆಗಮಿಸು	ಮಾಗಿಸಲೆಂದು	23
ಆಗಮಿಸು	ಮಾಡಿಸುವವನಾಗಿದ್ದಾನೆ	143
ಆಗಮಿಸು	ಮಾಗಿಸುವೆನು	8
ಆಗಮಿಸು	ಮಾಗಿಸಬೇಡಿ	105
ಆಗಮಿಸು	ಮಾಡಿಸಿತು	43
ಆಗಮಿಸು	ಮಾಡಿಸಿದರೂ	147
ಆಗಮಿಸು	ಮಾಗಿಸದೆ	158
ಆಗಮಿಸು	ಮಾಡಿಸಿದ್ದನ್ನು	48
ಆಗಮಿಸು	ಮಾಗಿಸುತ್ತಿರುವಾಗ	18
ಆಗಮಿಸು	ಮಾಗಿಸುತ್ತಿದ್ದಾರೆ	119
ಆಗಮಿಸು	ಮಾಡಿಸಿಕೊಂಡರು	37
ಆಗಮಿಸು	ಮಾಡಿಸಿದಿರಿ	107
ಆಗಮಿಸು	ಮಾಡಿಸುತ್ತಿದ್ದೀರಿ	111
ಆಗಮಿಸು	ಮಾಡಿಸೋಣ	3
ಆಗಮಿಸು	ಮಾಗಿಸುತ್ತಿದ್ದೇನೆಂದು	86
ಆಗಮಿಸು	ಮಾಗಿಸದಿದ್ದರೂ	46
ಆಗಮಿಸು	ಮಾಡಿಸಿದವರು	16
ಆಗಮಿಸು	ಮಾಗಿಸುವನು	129
ಆಗಮಿಸು	ಮಾಡಿಸುವುದಕ್ಕೂ	102
ಆಗಮಿಸು	ಮಾಡಿಸಿದ	166
ಆಗಮಿಸು	ಮಾಗಿಸದಿದ್ದರೆ	77
ಆಗಮಿಸು	ಮಾಡಿಸಿದ್ದೇನೆ	122
ಆಗಮಿಸು	ಮಾಡಿಸಿಕೊಳ್ಳುತ್ತಾನೆ	11
ಆಗಮಿಸು	ಮಾಡಿಸುತ್ತವೆ	66
ಆಗಮಿಸು	ಮಾಗಿಸುವೆ	149
ಆಗಮಿಸು	ಮಾಗಿಸುತ್ತಿದ್ದೇನೆ	154
ಆಗಮಿಸು	ಮಾಡಿಸುವುದಿಲ್ಲವೆಂದು	40
ಆಗಮಿಸು	ಮಾಡದಂತೆಯೂ	104
ಆಗಮಿಸು	ಮಾಡಿಸಿದರೆ	132
ಆಗಮಿಸು	ಮಾಗಿಸುವಾಗ	136
ಆಗಮಿಸು	ಮಾಡಬೇಕು	157
ಆಗಮಿಸು	ಮಾಗಿಸುವವರಾಗಿದ್ದರೆ	31
ಆಗಮಿಸು	ಮಾಗಿಸುತ್ತಿದ್ದಳು	76
ಆಗಮಿಸು	ಮಾಡುತ್ತಿದ್ದ	89
ಆಗಮಿಸು	ಮಾಡಿಸುವುದು	100
ಆಗಮಿಸು	ಮಾಡಿಸಿದ್ದ	49
ಆಗಮಿಸು	ಮಾಡಿಸಿಕೊಳ್ಳಬೇಕೆಂದು	22
ಆಗಮಿಸು	ಮಾಡಿಸದಿರುವುದರಿಂದ	67
ಆಗಮಿಸು	ಮಾಡಲಿ	128
ಆಗಮಿಸು	ಮಾಡಿಸಿಲ್ಲದ	123
ಆಗಮಿಸು	ಮಾಗಿಸುತ್ತೀರೋ	71
ಆಗಮಿಸು	ಮಾಡಬೇಡಿರಿ	114
ಆಗಮಿಸು	ಮಾಗಿಸುತ್ತಿರುವೆ	13
ಆಗಮಿಸು	ಮಾಗಿಸುತ್ತದೆ	126
ಆಗಮಿಸು	ಮಾಡಿಸಿದ್ದೇವೆ	96
ಆಗಮಿಸು	ಮಾಡುತ್ತಿದ್ದೇವೆ	115
ಆಗಮಿಸು	ಮಾಗಿಸುತ್ತಿರಲಿಲ್ಲ	15
ಆಗಮಿಸು	ಮಾಗಿಸುತ್ತಿದ್ದಂತೆ	53
ಆಗಮಿಸು	ಮಾಗಿಸುವುದಿಲ್ಲ	142
ಆಗಮಿಸು	ಮಾಡಿಸುವವರ	87
ಆಗಮಿಸು	ಮಾಡಿಸಿರುವೆ	116
ಆಗಮಿಸು	ಮಾಗಿಸದಂತೆ	54
ಆಗಮಿಸು	ಮಾಡಿಸಿರಿ	165
ಆಗಮಿಸು	ಮಾಡಿಸುವುದು	41
ಆಗಮಿಸು	ಮಾಡಿಸಿಕೊಳ್ಳುತ್ತೇನೆ	25
ಆಗಮಿಸು	ಮಾಗಿಸುವರು	6
ಆಗಮಿಸು	ಮಾಗಿಸುತ್ತಿರುವಾಗಲೇ	30
