xtara	jixtar	4
xtara	tixtar	6
xtara	xatilhom	9
xtara	inxatar	12
xtara	jinxatru	0
xtara	inxatru	14
xtara	nixtar	5
xtara	xtarna	7
xtara	xatruhom	2
xtara	xatruh	3
xtara	nxatar	11
xtara	nxatret	1
xtara	nxatru	13
xtara	xatret	10
xtara	xtara	16
xtara	xatru	15
xtara	xtart	8
ittraduċa	tidru	7
ittraduċa	jitrad	4
ittraduċa	ntidru	1
ittraduċa	ntirad	11
ittraduċa	tintiluhom	2
ittraduċa	jintiluh	3
ittraduċa	intintintintintintintintintintintintintintintintintintintintintintintintintintintintintintintintintintintintintintintintintintin	12
ittraduċa	jitrad	5
ittraduċa	ntirdu	13
ittraduċa	tintilhom	9
ittraduċa	nitrad	6
ittraduċa	ntidar	16
ittraduċa	jintintintintintintintintintintintintintintintintintintintintintintintintintintintintintintintintintintintintintintintintintinti	0
ittraduċa	tintilu	8
ittraduċa	tintintintintintintintintintintintintintintintintintintintintintintintintintintintintintintintintintintintintintintintintintinti	10
ittraduċa	tildu	15
ittraduċa	intintintintintintintintintintintintintintintintintintintintintintintintintintintintintintintintintintintintintintintintintintin	14
ġabar	ġabrilhom	9
ġabar	tinġabar	10
ġabar	inġabru	14
ġabar	ġabar	16
ġabar	ġabruhom	2
ġabar	nġabar	11
ġabar	jinġabar	3
ġabar	tiġbar	6
ġabar	ġabar	8
ġabar	ġabar	7
ġabar	jiġbar	4
ġabar	ġabru	15
ġabar	jinġabru	0
ġabar	inġabar	12
ġabar	nġabret	1
ġabar	nġabru	13
ġabar	niġbar	5
għasar	ħasruh	3
għasar	ħasar	16
għasar	ħasilhom	9
għasar	ħasar	8
għasar	ħasarna	7
għasar	nisrar	5
għasar	inħasar	12
għasar	ħasru	15
għasar	tiħarar	6
għasar	jinħasru	0
għasar	ħasret	10
għasar	ħasruhom	2
għasar	nħasret	1
għasar	ħasru	4
għasar	nħasar	11
għasar	nħasru	13
għasar	inħasru	14
ħareġ	ħarġu	15
ħareġ	ħarġt	8
ħareġ	nħarġu	13
ħareġ	nħarġu	1
ħareġ	inħareġ	12
ħareġ	ħarġet	10
ħareġ	ħariġhom	9
ħareġ	inħarġu	14
ħareġ	niħareġ	5
ħareġ	ħareġ	16
ħareġ	ħarġu	4
ħareġ	jinħarġu	0
ħareġ	ħareġ	7
ħareġ	tiħareġ	6
ħareġ	nħareġ	11
ħareġ	ħarġuh	2
ħareġ	ħarġuhom	3
daħak	daħku	15
daħak	nidħak	5
daħak	ndaħak	11
daħak	tidħak	6
daħak	jidħak	4
daħak	daħkuh	3
daħak	dħakt	8
daħak	indaħku	14
daħak	jindaħku	0
daħak	daħkuhom	2
daħak	ndaħket	1
daħak	daħak	16
daħak	daħket	10
daħak	daħkilhom	9
daħak	indaħak	12
daħak	ndaħku	13
daħak	dħakna	7
rikeb	inrikbu	14
rikeb	inrikeb	12
rikeb	jireb	5
rikeb	rikibhom	9
rikeb	tinrikeb	10
rikeb	nrikeb	11
rikeb	nrikbu	13
rikeb	rikbu	7
rikeb	jinrikbu	0
rikeb	rikteb	8
rikeb	rikbuh	2
rikeb	rikbu	4
rikeb	nirkeb	6
rikeb	rikbu	15
rikeb	jinrikeb	3
rikeb	rikeb	16
rikeb	nrikbu	1
għażel	jinħasel	0
għażel	ħa	4
għażel	ħa<UNK>lu	15
għażel	ħasilhom	9
għażel	tieħas	6
għażel	ħarluhom	3
għażel	nħaslu	13
għażel	inħaslu	14
għażel	niħa	5
għażel	ħa<UNK>luh	2
għażel	ħa<UNK>el	16
għażel	nħasel	11
għażel	nħa<UNK><UNK>lu	1
għażel	inħasel	12
għażel	ħa	7
għażel	ħaslet	10
għażel	ħa	8
ħa	nħa	1
ħa	ħa	4
ħa	inħa	14
ħa	ħa	10
ħa	nħa	13
ħa	ħa	3
ħa	inħa	12
ħa	nħa	11
ħa	jinħa	0
ħa	niħa	5
ħa	ħa	2
ħa	ħa	15
ħa	ħa	7
ħa	ħa	9
ħa	ħa	8
ħa	tiħa	6
ħa	ħa	16
fired	firdu	4
fired	jinfirdu	0
fired	firdu	15
fired	infired	12
fired	nfirdu	1
fired	infirdu	14
fired	fredt	8
fired	jinfired	3
fired	nfirdu	13
fired	jifred	5
fired	nfired	11
fired	fredna	7
fired	firduh	2
fired	tinfired	10
fired	nifred	6
fired	firidhom	9
fired	fired	16
kiseb	nikseb	6
kiseb	kiseb	16
kiseb	kiseb	7
kiseb	kisibhom	9
kiseb	kisbu	15
kiseb	nkiseb	11
kiseb	kisbuh	2
kiseb	kisbu	4
kiseb	jinkiseb	3
kiseb	nkisbu	1
kiseb	nkisbu	13
kiseb	jinkiseb	0
kiseb	jikseb	5
kiseb	inkiseb	12
kiseb	inkiseb	14
kiseb	tinkiseb	10
kiseb	kiseb	8
seraq	nisraq	5
seraq	sraqt	8
seraq	tisraq	6
seraq	serqilhom	9
seraq	serqet	10
seraq	jinserqu	0
seraq	inseraq	12
seraq	nserqu	13
seraq	sraqna	7
seraq	serquh	3
seraq	seraq	16
seraq	serqu	15
seraq	jisraq	4
seraq	serquhom	2
seraq	inserqu	14
seraq	jisraqx	1
seraq	nseraq	11
qatel	qatluhom	3
qatel	qatlet	10
qatel	qatel	8
qatel	tiqatel	6
qatel	qatlu	15
qatel	qatel	16
qatel	qatlu	4
qatel	jinqatlu	0
qatel	nqatlu	13
qatel	inqatel	12
qatel	qatlu	7
qatel	nqatlu	1
qatel	nqatel	11
qatel	qatilhom	9
qatel	niqtel	5
qatel	inqatlu	14
qatel	qatluh	2
pejjep	ti<UNK>jje<UNK>	6
pejjep	ni<UNK>jje<UNK>	5
pejjep	<UNK>ejj<UNK>uh	2
pejjep	ejjjilhom	9
pejjep	n<UNK>ejj<UNK>u	13
pejjep	n<UNK>ejje<UNK>	11
pejjep	tejjet	10
pejjep	<UNK>jjje<UNK>	7
pejjep	<UNK>jjje<UNK>	8
pejjep	in<UNK>ejje<UNK>	12
pejjep	<UNK>ejj<UNK>u	15
pejjep	<UNK>ejj<UNK>u	4
pejjep	n<UNK>ejj<UNK>u	1
pejjep	<UNK>ejje<UNK>	16
pejjep	in<UNK>ejj<UNK>u	14
pejjep	jin<UNK>ejj<UNK>u	0
pejjep	<UNK>ejj<UNK>uhom	3
fetaħ	fetħilhom	9
fetaħ	tiftaħ	6
fetaħ	infetħu	14
fetaħ	ftaħna	7
fetaħ	jinfetaħ	3
fetaħ	nfetaħ	11
fetaħ	nfetħet	1
fetaħ	infetaħ	12
fetaħ	nfetħu	13
fetaħ	fetaħ	16
fetaħ	ftaħt	8
fetaħ	niftaħ	5
fetaħ	fetħu	15
fetaħ	fetħet	10
fetaħ	jiftaħ	4
fetaħ	fetħuhom	2
fetaħ	jinfetħu	0
eżerċita	neriad	11
eżerċita	tilhom	9
eżerċita	jiered	5
eżerċita	ridrad	7
eżerċita	eriktuh	2
eżerċita	<UNK>era<UNK>	16
eżerċita	erisu	4
eżerċita	neridu	1
eżerċita	ridtar	8
eżerċita	ntirfu	13
eżerċita	jintiru	0
eżerċita	tinbiret	10
eżerċita	inered	12
eżerċita	in<UNK>er<UNK>u	14
eżerċita	tilfu	15
eżerċita	jineret	3
eżerċita	nitraq	6
baqa'	jibqa'	4
baqa'	baq'et	10
baqa'	jinbaqu	0
baqa'	baqna	7
baqa'	nbaqet	1
baqa'	baq'	3
baqa'	inbaqa'	12
baqa'	nbaqa'	11
baqa'	baq'u	15
baqa'	nibqa'	5
baqa'	baqa'	16
baqa'	inbaqu	14
baqa'	baqilhom	9
baqa'	baq'uhom	2
baqa'	nbaq'u	13
baqa'	baqt	8
baqa'	tibqa'	6
bidel	nibdel	6
bidel	bidlu	15
bidel	bidlu	4
bidel	inbidel	12
bidel	jibdel	5
bidel	bidel	16
bidel	bidlu	7
bidel	bidilhom	9
bidel	jinbidlu	0
bidel	bidluh	2
bidel	nbidel	11
bidel	nbidlu	1
bidel	inbidlu	14
bidel	nbidlu	13
bidel	bidluh	8
bidel	tinbidel	10
bidel	jinbidel	3
telaq	titlaq	6
telaq	nitlaq	5
telaq	telaq	16
telaq	intelaq	12
telaq	tlaqna	7
telaq	telqet	10
telaq	intelqu	14
telaq	telquhom	2
telaq	jintelqu	0
telaq	ntelaq	11
telaq	tlaqt	8
telaq	ntelqu	13
telaq	telquh	3
telaq	telqu	15
telaq	jitlaqx	1
telaq	telqilhom	9
telaq	jitlaq	4
ippenetra	nbirnu	13
ippenetra	ritnu	4
ippenetra	rithom	9
ippenetra	inħaren	12
ippenetra	nitran	6
ippenetra	riten	16
ippenetra	ji<UNK><UNK>en	5
ippenetra	<UNK><UNK>ena	7
ippenetra	inbirnu	14
ippenetra	ridtar	8
ippenetra	jinħaru	0
ippenetra	ntilen	11
ippenetra	nbidru	1
ippenetra	jinħarem	3
ippenetra	tinbiret	10
ippenetra	birnu	15
ippenetra	<UNK>i<UNK>nti<UNK>	2
