naabaah	naabaah	2
naabaah	naabaah.	0
naabaah	naabaah,	1
yiyiigish	yiyą́	2
yiyiigish	yiyą́.	0
yiyiigish	yiyą́,	1
naalnish	naalnish	2
naalnish	naalnish,	1
naalnish	naalnish.	0
naaʼeeł	neijaah,	1
naaʼeeł	neijaah.	0
naaʼeeł	neijaah	2
adlą́	adlą́,	1
adlą́	adlą́	2
adlą́	adlą́.	0
yiłʼá	yiyą́	2
yiłʼá	yiyą́.	0
yiłʼá	yiyą́,	1
yidą́	yidą́.	0
yidą́	yidą́	2
yidą́	yidą́,	1
akʼeʼelchí	adlą́,	1
akʼeʼelchí	dlą́	2
akʼeʼelchí	hataał.	0
digeeh	digeeh,	1
digeeh	digeeh.	0
digeeh	digeeh	2
neiʼá	neijaah,	1
neiʼá	neijaah.	0
neiʼá	neijaah	2
ałhosh	ałhosh.	0
ałhosh	ałhosh,	1
ałhosh	ałhosh	2
yilʼaah	yiyą́	2
yilʼaah	yiylą́,	1
yilʼaah	yiylą́.	0
níyá	níyá,	1
níyá	níyá	2
níyá	níyá.	0
yidiséí	yidlą́	2
yidiséí	yidlą́.	0
yidiséí	yidlą́,	1
nilį́	nilį́	2
nilį́	nilį́.	0
nilį́	nilį́,	1
yichʼish	yiyą́	2
yichʼish	yiyą́.	0
yichʼish	yiyą́,	1
yidlą́	yidlą́.	0
yidlą́	yidlą́	2
yidlą́	yidlą́,	1
heechééh	digeeh,	1
heechééh	digeeh.	0
heechééh	digeeh	2
neiłtsʼǫǫd	neijaah,	1
neiłtsʼǫǫd	neijaah.	0
neiłtsʼǫǫd	neijaah	2
yiniłtséés	naalnish	2
yiniłtséés	naalnish,	1
yiniłtséés	naalnish.	0
naaʼnaʼ	naabaah,	1
naaʼnaʼ	naabaah	2
naaʼnaʼ	naabaah.	0
naataz	naabaah,	1
naataz	naabaah	2
naataz	naabaah.	0
neiłdo	neijaah,	1
neiłdo	neijaah.	0
neiłdo	neijaah	2
haichʼiid	adą́,	1
haichʼiid	hataał.	0
haichʼiid	adą́	2
neijaah	neijaah.	0
neijaah	neijaah	2
neijaah	neijaah,	1
yildlóósh	yidlą́	2
yildlóósh	yidlą́.	0
yildlóósh	yidlą́,	1
hainiłchaad	naabaah,	1
hainiłchaad	naabaah	2
hainiłchaad	naabaah.	0
hataał	hataał	2
hataał	hataał,	1
hataał	hataał.	0
neidzį́į́s	neijaah,	1
neidzį́į́s	neijaah.	0
neidzį́į́s	neijaah	2
neiłʼeeł	neijaah,	1
neiłʼeeł	neijaah.	0
neiłʼeeł	neijaah	2
neishood	neijaah,	1
neishood	neijaah.	0
neishood	neijaah	2
haiłkaał	ałhosh,	1
haiłkaał	hataał.	0
haiłkaał	ałhosh	2
yiʼnééh	naabaah,	1
yiʼnééh	nyiyą́	2
yiʼnééh	nyiyą́.	0
iilʼéés	ałhosh	2
iilʼéés	ałhosh,	1
iilʼéés	alą́.	0
iiłkeed	digeeh,	1
iiłkeed	digeeh.	0
iiłkeed	digeeh	2
neiłtseed	neijaah,	1
neiłtseed	neijaah.	0
neiłtseed	neijaah	2
yiłnááh	níyá,	1
yiłnááh	níyá	2
yiłnááh	níyá.	0
haiłhaał	ałhosh,	1
haiłhaał	hataał.	0
haiłhaał	ałhosh	2
naamaas	naalnish	2
naamaas	naalnish,	1
naamaas	naalnish.	0
yiyą́	yiyą́	2
yiyą́	yiyą́.	0
yiyą́	yiyą́,	1
chʼéldlóósh	adlą́,	1
chʼéldlóósh	adlą́	2
chʼéldlóósh	adlą́.	0
iiłʼeeł	digeeh,	1
iiłʼeeł	digeeh.	0
iiłʼeeł	digeeh	2
iitsʼǫǫd	adlą́,	1
iitsʼǫǫd	adlą́	2
iitsʼǫǫd	hataał.	0
iikʼáíí	íyá	2
iikʼáíí	íyá,	1
iikʼáíí	híyá.	0
yicha	yiyą́	2
yicha	yiyą́.	0
yicha	yiyą́,	1
iimáás	ałhosh,	1
iimáás	hataał.	0
iimáás	ałhosh	2
diidiłjeeh	digeeh,	1
diidiłjeeh	digeeh.	0
diidiłjeeh	digeeh	2
yidiitsʼį́į́h	yidlą́	2
yidiitsʼį́į́h	yidą́.	0
yidiitsʼį́į́h	yidlą́,	1
neiłmaas	neijaah,	1
neiłmaas	neijaah.	0
neiłmaas	neijaah	2
yikʼá	yiyą́	2
yikʼá	yiyą́.	0
yikʼá	yiyą́,	1
yiltłʼééh	yiylą́	2
yiltłʼééh	yiylą́.	0
yiltłʼééh	yiłhosh,	1
átʼį́	hataał	2
átʼį́	hataał,	1
átʼį́	hataał.	0
iiłtʼood	hataał,	1
iiłtʼood	hataał.	0
iiłtʼood	digeeh	2
yiłnaad	naabaah,	1
yiłnaad	naabaah	2
yiłnaad	naabaah.	0
yíłdóóh	yidą́,	1
yíłdóóh	yidą́	2
yíłdóóh	yidą́.	0
yiłchxǫǫh	yiyą́	2
yiłchxǫǫh	yiyą́.	0
yiłchxǫǫh	yiyą́,	1
neitin	neijaah,	1
neitin	neijaah.	0
neitin	neijaah	2
naalchiʼ	naalnish	2
naalchiʼ	naalnish,	1
naalchiʼ	naalnish.	0
oołbįįh	ałhosh,	1
oołbįįh	hataał.	0
oołbįįh	ałhosh	2
neilé	neijaah,	1
neilé	neijaah.	0
neilé	neijaah	2
yíyeeh	yíyeh	2
yíyeeh	yiyą́.	0
yíyeeh	yiyą́,	1
yiyiitsʼǫs	yiyą́	2
yiyiitsʼǫs	yiyą́.	0
yiyiitsʼǫs	yiyą́,	1
hashkeeh	digeeh.	0
hashkeeh	ałhosh,	1
hashkeeh	ałhosh	2
neiłjooł	neijaah,	1
neiłjooł	neijaah.	0
neiłjooł	neijaah	2
yiłdééh	yidą́,	1
yiłdééh	yidą́	2
yiłdééh	yidą́.	0
yigeeh	yigeeh,	1
yigeeh	yigeeh	2
yigeeh	yigeeh.	0
iiłháásh	ałhosh,	1
iiłháásh	hataał.	0
iiłháásh	ałhosh	2
iiłjiid	digeeh,	1
iiłjiid	digeeh.	0
iiłjiid	digeeh	2
yiʼeesh	yiyą́.	0
yiʼeesh	yidlą́	2
yiʼeesh	yidlą́,	1
yijeeh	yijeeh,	1
yijeeh	yijeeh	2
yijeeh	yijeeh.	0
naachxǫʼ	naabaah,	1
naachxǫʼ	naabaah	2
naachxǫʼ	naabaah.	0
yiłjįzh	yiłhosh	2
yiłjįzh	yiyą́.	0
yiłjįzh	yiyą́,	1
neiziid	neijaah,	1
neiziid	neijaah.	0
neiziid	neijaah	2
yighááh	yigá	2
yighááh	yiyą́.	0
yighááh	yigá,	1
neiká	neijaah,	1
neiká	neijaah.	0
neiká	neijaah	2
yénálniih	níyá,	1
yénálniih	níyá	2
yénálniih	níyá.	0
haikʼę́ę́h	adą́	2
haikʼę́ę́h	ałhosh,	1
haikʼę́ę́h	hataał.	0
iiłtʼééh	hataał	2
iiłtʼééh	hataał,	1
iiłtʼééh	hataał.	0
yikʼąąs	yiyą́	2
yikʼąąs	yiyą́.	0
yikʼąąs	yiyą́,	1
yiníłʼį́	níyá,	1
yiníłʼį́	níyá	2
yiníłʼį́	níyá.	0
haishóóh	ałhosh,	1
haishóóh	ałhosh.	0
haishóóh	ałhosh	2
yikʼíididis	yidlą́	2
yikʼíididis	yidlą́.	0
yikʼíididis	yidlą́,	1
chʼínádzííd	nídá,	1
chʼínádzííd	níyá.	0
chʼínádzííd	níyá	2
iiłtʼááh	hataał	2
iiłtʼááh	hataał,	1
iiłtʼááh	hataał.	0
neiłtʼaʼ	neijaah,	1
neiłtʼaʼ	neijaah.	0
neiłtʼaʼ	neijaah	2
yilnood	naalnish	2
yilnood	naalnish,	1
yilnood	naalnish.	0
nayiiłniih	naabaah,	1
nayiiłniih	naabaah	2
nayiiłniih	naabaah.	0
iiʼnééh	naabaah,	1
iiʼnééh	naabaah	2
iiʼnééh	naabaah.	0
naabé	naabaah,	1
naabé	naabaah	2
naabé	naabaah.	0
naadá	naaá.	0
naadá	naaá,	1
naadá	naaá	2
yidleesh	yidlą́	2
yidleesh	yidlą́.	0
yidleesh	yidlą́,	1
iiłmáás	ałhosh,	1
iiłmáás	hataał.	0
iiłmáás	ałhosh	2
yideeł	yidą́,	1
yideeł	yidą́	2
yideeł	yidą́.	0
haiłgééd	ałhosh,	1
haiłgééd	hataał.	0
haiłgééd	ałhosh	2
iildzííł	adlą́,	1
iildzííł	dlą́	2
iildzííł	yidlą́.	0
naalchʼąął	naalnish	2
naalchʼąął	naalnish,	1
naalchʼąął	naalnish.	0
haigééd	digeeh,	1
haigééd	hataał.	0
haigééd	digeeh	2
yíłmáás	yiyą́	2
yíłmáás	yiyą́.	0
yíłmáás	yiyą́,	1
yiłchʼal	yiylą́	2
yiłchʼal	yiylą́,	1
yiłchʼal	yiyą́.	0
yidzííd	yidą́,	1
yidzííd	yidą́	2
yidzííd	yidą́.	0
