زدن	زدم	22
زدن	زد	29
زدن	زده‌ام	18
زدن	زده	30
زدن	بزدم	11
زدن	می‌زدند	25
زدن	زده‌ای	19
زدن	می‌زدم	10
زدن	نزده‌ام	4
زدن	نمی‌زد	15
زدن	زده‌ایم	9
زدن	نزده	8
زدن	بزد	21
زدن	می‌زد	26
زدن	زدۀ	6
زدن	زدند	28
زدن	بزد	17
زدن	زدی	13
زدن	زدن	27
زدن	نزد	24
زدن	نزده‌اید	5
زدن	زده‌اند	20
زدن	بزدید	3
زدن	زده‌اید	16
زدن	می‌زدند	2
زدن	زدیم	23
زدن	برزد	7
زدن	زدید	14
زدن	نزدم	1
زدن	نزدند	12
زدن	زدنم	0
نامیدن	می‌نامیدند	25
نامیدن	نامی	6
نامیدن	نامش	0
نامیدن	نام	8
نامیدن	نامیدند	28
نامیدن	بنامید	3
نامیدن	بنامی	17
نامیدن	بنامید	1
نامیدن	ننامید	24
نامیدن	نامیده	30
نامیدن	نامیده‌اید	16
نامیدن	نمی‌نامید	15
نامیدن	نامید	29
نامیدن	نامیده‌ام	18
نامیدن	می‌نامید	4
نامیدن	می‌نامیم	10
نامیدن	نامیدیم	23
نامیدن	نامیده‌ایم	9
نامیدن	ننامیدند	12
نامیدن	نامیده‌اید	5
نامیدن	نامیدن	27
نامیدن	بنامیم	11
نامیدن	نامیده‌اند	20
نامیدن	نامیدید	14
نامیدن	برنامید	7
نامیدن	نامیدی	13
نامیدن	نامیده‌ای	19
نامیدن	بنامید	21
نامیدن	می‌نامید	26
نامیدن	نامیدم	22
نامیدن	می‌نامید	2
ایستادن	بایستاد	21
ایستادن	ایستادیم	23
ایستادن	ایستاده‌ایم	9
ایستادن	ایستاده	30
ایستادن	ایستاده‌اند	20
ایستادن	ایستاده‌اید	16
ایستادن	نایستاده‌ام	4
ایستادن	ایستادۀ	6
ایستادن	ایستاد	29
ایستادن	ایستادم	22
ایستادن	می‌ایستاد	26
ایستادن	ایستادگان	0
ایستادن	ایستادی	13
ایستادن	نایستاد	24
ایستادن	می‌ایم	10
ایستادن	ایستاده‌ام	18
ایستادن	برایستاد	7
ایستادن	می‌ایستاند	2
ایستادن	ایستاده	8
ایستادن	بایستام	11
ایستادن	نایستاده‌ام	3
ایستادن	نایستادم	1
ایستادن	می‌ایستادند	25
ایستادن	نایستادند	12
ایستادن	نایستاده‌اید	5
ایستادن	ایستادن	27
ایستادن	ایستادند	28
ایستادن	بایستاد	17
ایستادن	ایستادید	14
ایستادن	ایستاده‌ای	19
ایستادن	نمی‌ایستاد	15
ورزش کردن	ورزش	16
ورزش کردن	ورزِ	6
ورزش کردن	ورزش	0
ورزش کردن	ورزش	20
ورزش کردن	می‌ورز	2
ورزش کردن	نورز	4
ورزش کردن	ورزیم	23
ورزش کردن	نمی‌ورز	15
ورزش کردن	ورزش	18
ورزش کردن	ورزش	14
ورزش کردن	ورزیدم	22
ورزش کردن	بورزید	3
ورزش کردن	برورز	7
ورزش کردن	ورز	8
ورزش کردن	ورزش	27
ورزش کردن	نورز	1
ورزش کردن	ورزش	13
ورزش کردن	ورزش	30
ورزش کردن	می‌ورزشید	26
ورزش کردن	ورزش	28
ورزش کردن	نورزش	12
ورزش کردن	می‌ورز	10
ورزش کردن	نورزش	24
ورزش کردن	بورزِ	11
ورزش کردن	ورزش	29
ورزش کردن	می‌ورزیدند	25
ورزش کردن	بورزِ	17
ورزش کردن	نورزش	5
ورزش کردن	ورزش	9
ورزش کردن	بورزش	21
ورزش کردن	ورزش	19
مردن	بمرند	1
مردن	می‌مردند	25
مردن	نمرده‌اید	5
مردن	بمرد	21
مردن	مرد	29
مردن	مرده‌ام	18
مردن	مرده‌ایم	9
مردن	مرده‌ای	19
مردن	مردۀ	6
مردن	نمی‌مرد	15
مردن	مردم	22
مردن	بمرید	3
مردن	می‌مرم	10
مردن	نمردند	12
مردن	بمر	17
مردن	برمرد	7
مردن	مردی	13
مردن	می‌مرید	4
مردن	می‌مرد	26
مردن	مرده‌اید	16
مردن	مردن	27
مردن	نمرده	8
مردن	مرده	30
مردن	مرده‌اند	20
مردن	مردگان	0
مردن	بمرم	11
مردن	می‌مرند	2
مردن	مردند	28
مردن	نمرد	24
مردن	مردید	14
مردن	مردیم	23
نهیب زدن	می‌نهید	26
نهیب زدن	نهیدید	14
نهیب زدن	نهیدند	28
نهیب زدن	ننهید	24
نهیب زدن	بنهید	3
نهیب زدن	می‌نهیدند	25
نهیب زدن	نهیدیم	23
نهیب زدن	ننهیدم	1
نهیب زدن	نهید	29
نهیب زدن	بنهیم	11
نهیب زدن	نمی‌نهید	15
نهیب زدن	نهیده‌ایم	9
نهیب زدن	نهیدی	13
نهیب زدن	نهیده	30
نهیب زدن	نهیده‌ای	19
نهیب زدن	ننهیده‌اید	5
نهیب زدن	نهبه‌اند	20
نهیب زدن	نهابِ	6
نهیب زدن	نهیدن	27
نهیب زدن	برنهید	7
نهیب زدن	ننهیدند	12
نهیب زدن	ننهبه‌اند	2
نهیب زدن	نهیده‌ام	18
نهیب زدن	نهابش	0
نهیب زدن	بنهید	21
نهیب زدن	می‌نهیم	10
نهیب زدن	نهیب	8
نهیب زدن	بنهی	17
نهیب زدن	نهیدم	22
نهیب زدن	ننهیده‌ام	4
نهیب زدن	نهیده‌اید	16
بخشیدن	ببخشید	21
بخشیدن	بخش	8
بخشیدن	می‌بخشید	2
بخشیدن	بخشیده‌ای	19
بخشیدن	برخشید	7
بخشیدن	بخشیده‌ایم	9
بخشیدن	بخشیدیم	23
بخشیدن	بخشیدی	13
بخشیدن	بخشیدند	28
بخشیدن	بخشیده‌ام	18
بخشیدن	بخشیدم	22
بخشیدن	بخشیده‌اید	16
بخشیدن	نبخشیده‌ام	4
بخشیدن	بخشی	6
بخشیدن	نبخشیدند	12
بخشیدن	می‌بخشیدند	25
بخشیدن	نمی‌بخشید	15
بخشیدن	بخشیده	30
بخشیدن	ببخشید	3
بخشیدن	بخشیدید	14
بخشیدن	می‌بخشید	26
بخشیدن	بخشیده‌اند	20
بخشیدن	نبخشیدم	1
بخشیدن	نبخشید	24
بخشیدن	نبخشیده‌اید	5
بخشیدن	بخشش	0
بخشیدن	بخشید	29
بخشیدن	می‌بخشیم	10
بخشیدن	ببخشی	17
بخشیدن	بخشیدن	27
بخشیدن	ببخشیم	11
امضاء کردن	باماض	3
امضاء کردن	می‌امدند	25
امضاء کردن	اماض	4
امضاء کردن	برام	7
امضاء کردن	اماض	14
امضاء کردن	اماض	8
امضاء کردن	اماض	16
امضاء کردن	امش	0
امضاء کردن	اماض	19
امضاء کردن	اماض	22
امضاء کردن	می‌امد	26
امضاء کردن	ناماض	5
امضاء کردن	نام	1
امضاء کردن	ناماض	24
امضاء کردن	اماض	29
امضاء کردن	اماض	13
امضاء کردن	اماض	18
امضاء کردن	نمی‌ام	15
امضاء کردن	اماض	27
امضاء کردن	اماض	30
امضاء کردن	ناماضدند	12
امضاء کردن	اماض	28
امضاء کردن	بام	11
امضاء کردن	اماض	9
امضاء کردن	اماض	23
امضاء کردن	اماض	20
امضاء کردن	اماضِ	6
امضاء کردن	می‌امنند	2
امضاء کردن	باماض	17
امضاء کردن	می‌ام	10
امضاء کردن	باماض	21
ماندن	مانده‌ایم	9
ماندن	نماند	24
ماندن	ماندند	28
ماندن	می‌مانند	2
ماندن	مانده	30
ماندن	نمی‌ماند	15
ماندن	ماندن	27
ماندن	ماندید	14
ماندن	نمانده‌اید	5
ماندن	مانده‌اند	20
ماندن	نماندند	12
ماندن	مانده‌اید	16
ماندن	ماندیم	23
ماندن	بمانم	11
ماندن	می‌ماندند	25
ماندن	بمانید	3
ماندن	ماندی	13
ماندن	مان	6
ماندن	ماند	29
ماندن	بمان	17
ماندن	می‌مانم	10
ماندن	برماند	7
ماندن	مانده‌ای	19
ماندن	بماند	21
ماندن	بمانند	1
ماندن	مانده‌ام	18
ماندن	نمانده	8
ماندن	می‌مانید	4
ماندن	ماندنم	0
ماندن	ماندم	22
ماندن	می‌ماند	26
بازی کردن	ببازید	21
بازی کردن	ببازید	3
بازی کردن	نابویده‌اید	5
بازی کردن	بازی	6
بازی کردن	بزازیدن	27
بازی کردن	نبازید	24
بازی کردن	برابید	7
بازی کردن	ابزیده‌ای	19
بازی کردن	بزازیده‌اید	16
بازی کردن	می‌بازیم	10
بازی کردن	بزازیدم	22
بازی کردن	ابزی	13
بازی کردن	ابزیدید	14
بازی کردن	بزازیده‌اند	20
بازی کردن	می‌باب	2
بازی کردن	نمی‌بزازید	15
بازی کردن	ابزیده‌ایم	9
بازی کردن	بزازش	0
بازی کردن	نابوین	4
بازی کردن	ابزیدیم	23
بازی کردن	می‌بابید	26
بازی کردن	بزا	8
بازی کردن	می‌بابیدند	25
بازی کردن	ابزیدند	28
بازی کردن	ببازی	17
بازی کردن	بزازیده‌ام	18
بازی کردن	نبازیدند	12
بازی کردن	ببازیم	11
بازی کردن	بزازیده	30
بازی کردن	نبازیدم	1
بازی کردن	بزازید	29
یافتن	یافته‌ایم	9
یافتن	نیافتم	1
یافتن	یافته‌ام	18
یافتن	یافته‌اید	16
یافتن	یافتند	28
یافتن	یافت	29
یافتن	یافته‌ای	19
یافتن	بریافت	7
یافتن	نیافته‌ام	3
یافتن	یافتی	13
یافتن	می‌یافتند	25
یافتن	یافتن	27
یافتن	نمی‌یافت	15
یافتن	یافتۀ	6
یافتن	نیافته	8
یافتن	می‌یافت	26
یافتن	یافته‌اند	20
یافتن	یافتم	22
یافتن	می‌یافتم	10
یافتن	یافتیم	23
یافتن	نیافتم	2
یافتن	یافتید	14
یافتن	نیافته‌اید	5
یافتن	بیافتم	11
یافتن	بیافت	21
یافتن	نیافتند	12
یافتن	بیافت	17
یافتن	یافته	30
یافتن	نیافته‌ام	4
یافتن	یافتگان	0
یافتن	نیافت	24
اضافه کردن	اضافه	6
اضافه کردن	می‌اض	2
اضافه کردن	اضافه	27
اضافه کردن	اضافه	23
اضافه کردن	باضافه	11
اضافه کردن	اضافه	30
اضافه کردن	اضافه‌ام	18
اضافه کردن	نمی‌اض	15
اضافه کردن	اضافه‌اید	16
اضافه کردن	اضافه	13
اضافه کردن	اضافه	29
اضافه کردن	می‌اض	10
اضافه کردن	می‌اض	25
اضافه کردن	اضافه‌ای	19
اضافه کردن	براض	7
اضافه کردن	اضافه‌اند	20
اضافه کردن	ناضافه‌ام	4
اضافه کردن	اضافه	8
اضافه کردن	ناضافه	12
اضافه کردن	ناضافه	24
اضافه کردن	می‌اضافه	26
اضافه کردن	اضافه	0
اضافه کردن	ناضافه‌اید	5
اضافه کردن	اضافه‌اید	14
اضافه کردن	اضافه	22
اضافه کردن	اضافه	28
اضافه کردن	باضافه	3
اضافه کردن	باضافه	21
اضافه کردن	اضافه‌ایم	9
اضافه کردن	ناضافه	1
اضافه کردن	باضافه	17
چیدن	چیدن	27
چیدن	چیدید	14
چیدن	چیدم	22
چیدن	چیدند	28
چیدن	می‌چیدند	25
چیدن	بچیند	3
چیدن	چیدگان	0
چیدن	چیده‌ایم	9
چیدن	نمی‌چید	15
چیدن	چیدۀ	6
چیدن	بچیند	1
چیدن	چیده‌ام	18
چیدن	می‌چید	26
چیدن	می‌چینند	2
چیدن	برچید	7
چیدن	چیدیم	23
چیدن	چیده‌اید	16
چیدن	بچی	17
چیدن	بچیند	21
چیدن	چیده‌ای	19
چیدن	نچیدند	12
چیدن	چیدی	13
چیدن	می‌چید	4
چیدن	چیده	30
چیدن	می‌چیم	10
چیدن	نچیده	8
چیدن	چیده‌اند	20
چیدن	چید	29
چیدن	بچیم	11
چیدن	نچید	24
چیدن	نچیده‌اید	5
انتخاب کردن	می‌انتخاب	10
انتخاب کردن	نانتخاب	5
انتخاب کردن	بانتخاب	11
انتخاب کردن	انتخاب	0
انتخاب کردن	انتخاب	20
انتخاب کردن	انتخاب	22
انتخاب کردن	انتخاب	16
انتخاب کردن	نانتم	1
انتخاب کردن	برانتخاب	7
انتخاب کردن	نمی‌انت	15
انتخاب کردن	نانتخاب	12
انتخاب کردن	انتخاب	27
انتخاب کردن	انتخاب	18
انتخاب کردن	انتخابِ	6
انتخاب کردن	انتخاب	30
انتخاب کردن	انتخاب	14
انتخاب کردن	انتخاب	29
انتخاب کردن	بانتخاب	17
انتخاب کردن	انتخاب	13
انتخاب کردن	می‌انتخاب	2
انتخاب کردن	انتخاب	23
انتخاب کردن	می‌انتند	25
انتخاب کردن	انتخاب	9
انتخاب کردن	انتخاب	28
انتخاب کردن	می‌انتخاب	26
انتخاب کردن	انتخاب	19
انتخاب کردن	بانتخاب	21
انتخاب کردن	بانتخاب	3
انتخاب کردن	نانتخاب	4
انتخاب کردن	انتخاب	8
انتخاب کردن	نانتخاب	24
دزدیدن	دزدیدم	22
دزدیدن	بدزدیم	11
دزدیدن	دزدی	6
دزدیدن	ندزدیدم	1
دزدیدن	دزدیدند	28
دزدیدن	دزدیدی	13
دزدیدن	می‌دزدید	26
دزدیدن	بردزدید	7
دزدیدن	دزدیدید	14
دزدیدن	می‌دزدیم	10
دزدیدن	ندزدیدند	12
دزدیدن	دزدیدن	27
دزدیدن	بدزدید	21
دزدیدن	نمی‌دزدید	15
دزدیدن	دزد	8
دزدیدن	دزدید	29
دزدیدن	دزدیده‌ای	19
دزدیدن	ندزدیده‌اید	5
دزدیدن	ندزدید	24
دزدیدن	بدزدید	3
دزدیدن	می‌دزدید	2
دزدیدن	دزدش	0
دزدیدن	ندزدیده‌ام	4
دزدیدن	دزدیده‌ایم	9
دزدیدن	می‌دزدیدند	25
دزدیدن	دزدیده‌اند	20
دزدیدن	دزدیدیم	23
دزدیدن	بدزدی	17
دزدیدن	دزدیده‌اید	16
دزدیدن	دزدیده‌ام	18
دزدیدن	دزدیده	30
بریدن	نمی‌برید	15
بریدن	بریده‌ای	19
بریدن	بریدم	22
بریدن	می‌برید	2
بریدن	می‌بریدند	25
بریدن	نبریدند	12
بریدن	بریدن	27
بریدن	ببریم	11
بریدن	بریدند	28
بریدن	ببرید	21
بریدن	می‌برید	4
بریدن	بریدید	14
بریدن	بریده‌ام	18
بریدن	بریده‌ایم	9
بریدن	بریده	30
بریدن	بریده‌اید	16
بریدن	نبریده	8
بریدن	بریده‌اند	20
بریدن	نبریده‌اید	5
بریدن	برشش	0
بریدن	بری	6
بریدن	می‌بریم	10
بریدن	برید	29
بریدن	می‌برید	26
بریدن	ببرید	3
بریدن	ببرید	1
بریدن	نبرید	24
بریدن	بریدیم	23
بریدن	بریدی	13
بریدن	بربرید	7
بریدن	ببری	17
نوشتن	نوشتند	28
نوشتن	ننوشته‌اید	5
نوشتن	نوشت	29
نوشتن	نوشتیم	23
نوشتن	می‌نوشتند	25
نوشتن	نوشته‌ای	19
نوشتن	ننوشتند	12
نوشتن	ننوشتم	2
نوشتن	نوشته‌ایم	9
نوشتن	بنوشتم	11
نوشتن	نمی‌نوشت	15
نوشتن	نوشتید	14
نوشتن	نوشتۀ	6
نوشتن	نوشته‌اند	20
نوشتن	نوشتن	27
نوشتن	نوشته‌ام	18
نوشتن	می‌نوشتم	10
نوشتن	ننوشت	24
نوشتن	نوشتم	22
نوشتن	ننوشته‌ام	3
نوشتن	نوشته	30
نوشتن	ننوشته	8
نوشتن	بنوشت	17
نوشتن	ننوشته‌ام	4
نوشتن	برنوشت	7
نوشتن	نوشته‌اید	16
نوشتن	ننوشتم	1
نوشتن	نوشتنم	0
نوشتن	نوشتی	13
نوشتن	بنوشت	21
نوشتن	می‌نوشت	26
بزرگ شدن	بزرگِ	18
بزرگ شدن	ببرگِ	11
بزرگ شدن	بزرگ	8
بزرگ شدن	برگرگ	7
بزرگ شدن	ببرگِ	17
بزرگ شدن	می‌بزرگ	26
بزرگ شدن	بزرگِ	19
بزرگ شدن	بزرگِ	9
بزرگ شدن	بزرگ	14
بزرگ شدن	بزرگ	22
بزرگ شدن	ببرگِ	1
بزرگ شدن	نبرگِ	5
بزرگ شدن	ببرگِ	3
بزرگ شدن	بزرگِ	27
بزرگ شدن	بزرگِ	13
بزرگ شدن	بزرگان	0
بزرگ شدن	نبرگِ	12
بزرگ شدن	می‌بزرگ	2
بزرگ شدن	ببرگ	21
بزرگ شدن	نمی‌بزرگ	15
بزرگ شدن	می‌بزرگِ	25
بزرگ شدن	بزرگ	30
بزرگ شدن	نبرگ	24
بزرگ شدن	بزرگ	23
بزرگ شدن	می‌بزرگ	4
بزرگ شدن	بزرگ	29
بزرگ شدن	بزرگِ	16
بزرگ شدن	بزرگِ	20
بزرگ شدن	می‌بزرگ	10
بزرگ شدن	بزرگِ	28
بزرگ شدن	بزرگِ	6
ورزیدن	ورزیده‌ام	18
ورزیدن	ورزش	0
ورزیدن	می‌ورزیم	10
ورزیدن	نورزیدند	12
ورزیدن	بورزی	17
ورزیدن	می‌ورزید	26
ورزیدن	ورزید	29
ورزیدن	بورزید	1
ورزیدن	نورزیده‌اید	5
ورزیدن	نمی‌ورزید	15
ورزیدن	ورزیده‌اند	20
ورزیدن	ورزیدم	22
ورزیدن	ورزیده‌اید	16
ورزیدن	بورزید	3
ورزیدن	نورزید	24
ورزیدن	ورزی	6
ورزیدن	ورز	8
ورزیدن	ورزیدند	28
ورزیدن	ورزیده‌ایم	9
ورزیدن	می‌ورزید	4
ورزیدن	بورزید	21
ورزیدن	ورزیدی	13
ورزیدن	می‌ورزید	2
ورزیدن	ورزیدید	14
ورزیدن	می‌ورزیدند	25
ورزیدن	ورزیدیم	23
ورزیدن	بورزیم	11
ورزیدن	ورزیده‌ای	19
ورزیدن	برورزید	7
ورزیدن	ورزیده	30
ورزیدن	ورزیدن	27
کر کردن	می‌کردند	25
کر کردن	می‌کرم	10
کر کردن	می‌کرد	26
کر کردن	کردند	28
کر کردن	بکرم	11
کر کردن	کرد	8
کر کردن	کردن	27
کر کردن	نکردم	1
کر کردن	کرده‌اید	16
کر کردن	بکرک	21
کر کردن	کرده‌ایم	9
کر کردن	نکرده‌اید	5
کر کردن	کرد	29
کر کردن	کردی	13
کر کردن	بکرکرد	3
کر کردن	کردید	14
کر کردن	نمی‌کرد	15
کر کردن	کرده	30
کر کردن	کرده‌اند	20
کر کردن	کردم	22
کر کردن	نکرد	24
کر کردن	نکرده‌ام	4
کر کردن	برکرد	7
کر کردن	بکر	17
کر کردن	می‌کرکند	2
کر کردن	کرکش	0
کر کردن	نکردند	12
کر کردن	کردیم	23
کر کردن	کرده‌ام	18
کر کردن	کرده‌ای	19
کر کردن	کردۀ	6
بوسیدن	نبوسیدم	1
بوسیدن	بوسیدیم	23
بوسیدن	می‌بوسید	2
بوسیدن	بوسیده‌اند	20
بوسیدن	بوسیدند	28
بوسیدن	نمی‌بوسید	15
بوسیدن	بوسش	0
بوسیدن	نبوسید	24
بوسیدن	می‌بوسید	4
بوسیدن	بوسیده	30
بوسیدن	بوسیدن	27
بوسیدن	می‌بوسیم	10
بوسیدن	بوسیده‌ای	19
بوسیدن	ببوسید	21
بوسیدن	ببوسی	17
بوسیدن	بوسیدم	22
بوسیدن	بوسی	6
بوسیدن	ببوسید	3
بوسیدن	بوس	8
بوسیدن	می‌بوسیدند	25
بوسیدن	بوسید	29
بوسیدن	ببوسیم	11
بوسیدن	بوسیدی	13
بوسیدن	بوسیده‌ایم	9
بوسیدن	بوسیده‌اید	16
بوسیدن	نبوسیدند	12
بوسیدن	نبوسیده‌اید	5
بوسیدن	بربوسید	7
بوسیدن	بوسیده‌ام	18
بوسیدن	می‌بوسید	26
بوسیدن	بوسیدید	14
جوگیر شدن	بجورگیم	11
جوگیر شدن	نمی‌جورگ	15
جوگیر شدن	جورگی	19
جوگیر شدن	جورگی	28
جوگیر شدن	بجورگ	21
جوگیر شدن	جوی	8
جوگیر شدن	جورگید	16
جوگیر شدن	جورگی	13
جوگیر شدن	می‌جورگید	25
جوگیر شدن	جورگیم	23
جوگیر شدن	نجورگی	24
جوگیر شدن	جورگی	29
جوگیر شدن	جورگیم	9
جوگیر شدن	نجورگی	12
جوگیر شدن	نوگیورگ	5
جوگیر شدن	جورگید	14
جوگیر شدن	بجورگی	3
جوگیر شدن	جورگی	30
جوگیر شدن	جورگی	18
جوگیر شدن	جورگی	27
جوگیر شدن	می‌جورند	2
جوگیر شدن	بجورگی	17
جوگیر شدن	جورگان	0
جوگیر شدن	می‌جورگید	4
جوگیر شدن	برگی	7
جوگیر شدن	جودم	22
جوگیر شدن	بجورگ	1
جوگیر شدن	می‌جورگید	26
جوگیر شدن	جورگ	20
جوگیر شدن	می‌جورگ	10
جوگیر شدن	جورگِ	6
گشودن	نگشود	24
گشودن	گشودند	28
گشودن	می‌گشودند	25
گشودن	نمی‌گشود	15
گشودن	بگشود	3
گشودن	نگشودند	12
گشودن	گشوده	30
گشودن	بگشود	17
گشودن	گشودیم	23
گشودن	گشوده‌ایم	9
گشودن	گشوده‌اید	16
گشودن	گشوده‌ای	19
گشودن	گشوده‌اند	20
گشودن	گشودنم	0
گشودن	می‌گشود	2
گشودن	گشودۀ	6
گشودن	نگشوده	8
گشودن	گشودم	22
گشودن	می‌گشود	26
گشودن	بگشودم	11
گشودن	گشوده‌ام	18
گشودن	برگشود	7
گشودن	گشودن	27
گشودن	نگشودم	1
گشودن	نگشوده‌اید	5
گشودن	گشودید	14
گشودن	بگشود	21
گشودن	گشودی	13
گشودن	می‌گشوم	10
گشودن	گشود	29
گشودن	می‌گشود	4
حساب کردن	اساب	29
حساب کردن	حساب	0
حساب کردن	حساب	28
حساب کردن	می‌حابم	10
حساب کردن	برساب	7
حساب کردن	نمی‌حاب	15
حساب کردن	بحاب	21
حساب کردن	اساب	14
حساب کردن	می‌حاب	26
حساب کردن	حساب	27
حساب کردن	حساب	30
حساب کردن	استفابه‌اید	16
حساب کردن	نشسابنستند	12
حساب کردن	اسابِ	6
حساب کردن	اساب	20
حساب کردن	می‌حابدند	25
حساب کردن	بحاب	11
حساب کردن	بساب	8
حساب کردن	اساب	18
حساب کردن	بحاب	3
حساب کردن	نسابوسته‌اید	5
حساب کردن	حساب	22
حساب کردن	نساب	1
حساب کردن	نحابواب	24
حساب کردن	بحاب	17
حساب کردن	استباب	9
حساب کردن	نابوسته‌ام	4
حساب کردن	می‌حابند	2
حساب کردن	اساب	13
حساب کردن	استب	23
حساب کردن	استفاب	19
نواختن	ننواخته‌اید	5
نواختن	نواخته‌ای	19
نواختن	نواخته‌ام	18
نواختن	بنواخت	21
نواختن	برنواخت	7
نواختن	بنواخت	17
نواختن	نواختن	27
نواختن	بنواخت	11
نواختن	نواخت	29
نواختن	نواخته	30
نواختن	نواخته‌اید	16
نواختن	ننواخته	8
نواختن	نواخته‌اند	20
نواختن	می‌نواخت	2
نواختن	ننواختم	1
نواختن	ننواخته‌ام	4
نواختن	می‌نواخت	26
نواختن	نواختیم	23
نواختن	نواختگان	0
نواختن	نواختی	13
نواختن	می‌نواختند	25
نواختن	بنواخته‌اید	3
نواختن	ننواخت	24
نواختن	نواختید	14
نواختن	می‌نواختم	10
نواختن	نواختند	28
نواختن	ننواختند	12
نواختن	نواختۀ	6
نواختن	نواختم	22
نواختن	نواخته‌ایم	9
نواختن	نمی‌نواخت	15
پوشیدن	پوشید	29
پوشیدن	نپوشیدم	1
پوشیدن	پوشیدید	14
پوشیدن	برپوشید	7
پوشیدن	پوشیدند	28
پوشیدن	نپوشیده‌اید	5
پوشیدن	بپوشید	21
پوشیدن	بپوشید	3
پوشیدن	پوشیده‌اید	16
پوشیدن	نپوشیده‌ام	4
پوشیدن	می‌پوشید	2
پوشیدن	پوشیدیم	23
پوشیدن	پوشیده	30
پوشیدن	نپوشیدند	12
پوشیدن	می‌پوشید	26
پوشیدن	بپوشیم	11
پوشیدن	پوشش	0
پوشیدن	نپوشید	24
پوشیدن	پوشیده‌ام	18
پوشیدن	نمی‌پوشید	15
پوشیدن	پوشیده‌ایم	9
پوشیدن	پوشیدن	27
پوشیدن	نپوشیده	8
پوشیدن	می‌پوشیم	10
پوشیدن	بپوشی	17
پوشیدن	پوشیدم	22
پوشیدن	پوشی	6
پوشیدن	پوشیدی	13
پوشیدن	می‌پوشیدند	25
پوشیدن	پوشیده‌ای	19
پوشیدن	پوشیده‌اند	20
برخاستن	برخاست	7
برخاستن	نبرخاسته‌ام	4
برخاستن	نبرخاستند	12
برخاستن	نمی‌برخاست	15
برخاستن	نبرخاست	24
برخاستن	نبرخاسته	8
برخاستن	می‌برخاست	26
برخاستن	برخاست	29
برخاستن	برخاستیم	23
برخاستن	نبرخاسته‌اید	5
برخاستن	برخاستگان	0
برخاستن	ببرخاست	11
برخاستن	می‌برخاستم	2
برخاستن	برخاسته‌ایم	9
برخاستن	برخاسته‌اید	16
برخاستن	ببرخاست	17
برخاستن	ببرخاست	21
برخاستن	برخاسته‌ای	19
برخاستن	ببرخاست	3
برخاستن	برخاستم	22
برخاستن	برخاستید	14
برخاستن	برخاستن	27
برخاستن	برخاستۀ	6
برخاستن	می‌برخاستم	10
برخاستن	برخاستی	13
برخاستن	برخاسته‌اند	20
برخاستن	برخاستند	28
برخاستن	نبرخاستم	1
برخاستن	برخاسته	30
برخاستن	برخاسته‌ام	18
برخاستن	می‌برخاستند	25
تبریک گفتن	تبرف	13
تبریک گفتن	بتبرگی	3
تبریک گفتن	تبرف	30
تبریک گفتن	تبرف	27
تبریک گفتن	می‌ترک	26
تبریک گفتن	نبریدند	12
تبریک گفتن	تبرگی	19
تبریک گفتن	تبرگِ	6
تبریک گفتن	می‌تبرید	25
تبریک گفتن	تبرف	28
تبریک گفتن	نمی‌تبرگی	15
تبریک گفتن	می‌تبرف	2
تبریک گفتن	تبرف	29
تبریک گفتن	برگرفت	7
تبریک گفتن	تبرین	8
تبریک گفتن	بتبرگیم	11
تبریک گفتن	تبرکش	0
تبریک گفتن	تبریم	23
تبریک گفتن	تبرگید	16
تبریک گفتن	می‌تریم	10
تبریک گفتن	تبریم	22
تبریک گفتن	نبریده‌اید	5
تبریک گفتن	تبرگیم	9
تبریک گفتن	نتبریت	4
تبریک گفتن	تبرف	20
تبریک گفتن	نتبرگی	1
تبریک گفتن	نبرید	24
تبریک گفتن	تبرف	18
تبریک گفتن	بتبرگی	21
تبریک گفتن	بتبرگی	17
تبریک گفتن	تبرگید	14
گذاشتن	گذاشته‌ایم	9
گذاشتن	نگذاشتم	1
گذاشتن	برگذاشت	7
گذاشتن	گذاشتنم	0
گذاشتن	گذاشتند	28
گذاشتن	نمی‌گذاشت	15
گذاشتن	نگذاشتند	12
گذاشتن	نگذاشت	24
گذاشتن	می‌گذاشتم	10
گذاشتن	می‌گذاشت	26
گذاشتن	نگذاشته‌ام	4
گذاشتن	گذاشت	29
گذاشتن	گذاشته‌اند	20
گذاشتن	بگذاشت	17
گذاشتن	می‌گذاشتند	25
گذاشتن	گذاشته	30
گذاشتن	گذاشته‌اید	16
گذاشتن	بگذاشت	21
گذاشتن	گذاشتۀ	6
گذاشتن	گذاشتید	14
گذاشتن	گذاشتم	22
گذاشتن	بگذاشت	3
گذاشتن	گذاشته‌ام	18
گذاشتن	نگذاشته	8
گذاشتن	گذاشتی	13
گذاشتن	گذاشتیم	23
گذاشتن	گذاشتن	27
گذاشتن	می‌گذاشت	2
گذاشتن	بگذاشتم	11
گذاشتن	نگذاشته‌اید	5
گذاشتن	گذاشته‌ای	19
عطسه کردن	نعهادم	1
عطسه کردن	می‌ععععععععععععععععععععععععععععععععععععععععععععععععععععععععععععععععععععععععععععععععععععععععععععععععععععععععععععععععععععععععععععع	26
عطسه کردن	عععععععععععععععععععععععععععععععععععه‌اید	14
عطسه کردن	ععععععععععععععاستران	20
عطسه کردن	بعهاست	21
عطسه کردن	برسانه	7
عطسه کردن	عععععععععععععععععععععععععععععععععععععععععععععععععععععععععععععععععانستۀ	6
عطسه کردن	عععععععععععععه‌ای	19
عطسه کردن	نعهاده‌اید	5
عطسه کردن	نعنهادند	12
عطسه کردن	عععععععععععععععععاستم	22
عطسه کردن	ععععععععععععععععاسته‌ایم	9
عطسه کردن	عععترد	28
عطسه کردن	بعانست	11
عطسه کردن	ععععععععععععععععععععععععععععععععععععععععععععععععععععععععععععععععععععععععععععععععععععععععععععععععععععععععترسگاستگان	0
عطسه کردن	نعهاد	24
عطسه کردن	بعانه	17
عطسه کردن	ععععععععععععععععععععععععععععععععععععهادیم	23
عطسه کردن	ععععععععععععععه‌اید	16
عطسه کردن	عععععععععععععععععععععععععععععععععععععععععععععععععععععععععععععععععععععععععععععععععععععععععععععععععععععععععععععععهاد	29
عطسه کردن	عععععععععععععععهادن	27
عطسه کردن	نعنهاده‌ام	4
عطسه کردن	ععععععععععععععععععععععععععععععععععاسه	8
عطسه کردن	ععهادی	13
عطسه کردن	می‌ععععععععععععععععععععععععععععععععععععععععععععععععععععععععععععععععععععععععععععععععععععععععععععععععععععععععععععععععععععععععععععع	10
عطسه کردن	می‌ععععععععععععععععععععععععععععععععععععععععععععععععععععععععععععععععععاستفاده	2
عطسه کردن	می‌عنهادند	25
عطسه کردن	نمی‌ععععی‌عیسانم	15
عطسه کردن	بعهاسه	3
عطسه کردن	ععععاسته‌ام	18
عطسه کردن	عععععععععععععععععععععععععععععععععععععععععععععععععععععععععععععععععععععععععععععععععععععععععععععععععععععععععععععععععععععععععععععععع	30
خوردن	برخورد	7
خوردن	خوردگان	0
خوردن	خوردی	13
خوردن	نخورده	8
خوردن	خورده‌اند	20
خوردن	خور	6
خوردن	خوردن	27
خوردن	بخورم	11
خوردن	می‌خورد	26
خوردن	خوردند	28
خوردن	خورده‌ایم	9
خوردن	نخوردند	12
خوردن	بخورند	1
خوردن	خورده‌ای	19
خوردن	خوردید	14
خوردن	خورد	29
خوردن	می‌خورم	10
خوردن	بخورد	21
خوردن	نخورده‌اید	5
خوردن	نمی‌خورد	15
خوردن	خورده‌اید	16
خوردن	خورده‌ام	18
خوردن	بخور	17
خوردن	نخورد	24
خوردن	می‌خورید	4
خوردن	می‌خورند	2
خوردن	می‌خوردند	25
خوردن	خورده	30
خوردن	خوردیم	23
خوردن	خوردم	22
خوردن	بخورید	3
خرید کردن	خشردگان	0
خرید کردن	خرید	29
خرید کردن	نخرید	24
خرید کردن	خری	6
خرید کردن	خریده‌ایم	9
خرید کردن	نخریدند	12
خرید کردن	می‌خریدند	25
خرید کردن	خریدیم	23
خرید کردن	بخرید	3
خرید کردن	می‌خرید	2
خرید کردن	خریدم	22
خرید کردن	نخریده‌اید	5
خرید کردن	می‌خریم	10
خرید کردن	خریده‌ای	19
خرید کردن	نخرین	4
خرید کردن	خریدی	13
خرید کردن	خریده	30
خرید کردن	بخری	17
خرید کردن	می‌خرید	26
خرید کردن	خریده‌ام	18
خرید کردن	برخید	7
خرید کردن	خریده‌اند	20
خرید کردن	نخریدم	1
خرید کردن	خریده‌اید	16
خرید کردن	بخرید	21
خرید کردن	خرین	8
خرید کردن	خریدند	28
خرید کردن	بخریم	11
خرید کردن	خریدن	27
خرید کردن	نمی‌خرید	15
خرید کردن	خریدید	14
رسیدن	برسید	3
رسیدن	برسیم	11
رسیدن	نرسید	24
رسیدن	می‌رسید	4
رسیدن	می‌رسیدند	25
رسیدن	رسیده‌اند	20
رسیدن	نمی‌رسید	15
رسیدن	رسیده‌ام	18
رسیدن	برسید	1
رسیدن	رسیده‌ای	19
رسیدن	رسیدگان	0
رسیدن	نرسیده	8
رسیدن	برسید	7
رسیدن	رسیدن	27
رسیدن	نرسیده‌اید	5
رسیدن	رسیده‌ایم	9
رسیدن	رسید	29
رسیدن	می‌رسیم	10
رسیدن	رسیدم	22
رسیدن	رسیده‌اید	16
رسیدن	رسیده	30
رسیدن	برسی	17
رسیدن	برسید	21
رسیدن	می‌رسینند	2
رسیدن	رسیدی	13
رسیدن	رسیدید	14
رسیدن	رسی	6
رسیدن	رسیدند	28
رسیدن	می‌رسید	26
رسیدن	رسیدیم	23
رسیدن	نرسیدند	12
تمام شدن	نتمام	1
تمام شدن	تمام	19
تمام شدن	تمام	30
تمام شدن	تمام	9
تمام شدن	می‌تمام	10
تمام شدن	تمام	23
تمام شدن	تمام	27
تمام شدن	تمام	18
تمام شدن	می‌تمام	25
تمام شدن	بتمام	21
تمام شدن	نمی‌تم	15
تمام شدن	تمامِ	6
تمام شدن	نتمام	24
تمام شدن	نتمام	12
تمام شدن	برتمام	7
تمام شدن	نتمام	5
تمام شدن	نتمام	4
تمام شدن	تمامش	0
تمام شدن	تمام	22
تمام شدن	تمام	28
تمام شدن	بتمام	3
تمام شدن	تمام	20
تمام شدن	تمام	16
تمام شدن	تمام	8
تمام شدن	بتمام	17
تمام شدن	می‌تمام	2
تمام شدن	تمام	14
تمام شدن	می‌تمام	26
تمام شدن	بتمام	11
تمام شدن	تمام	13
تمام شدن	تمام	29
کشیدن	کشیده‌اید	16
کشیدن	نکشیده	8
کشیدن	کشی	6
کشیدن	بکشیم	11
کشیدن	نکشید	24
کشیدن	کشیدند	28
کشیدن	کشید	29
کشیدن	کشیدم	22
کشیدن	می‌کشیدند	25
کشیدن	می‌کشیم	10
کشیدن	نمی‌کشید	15
کشیدن	نکشیدم	1
کشیدن	کشیدی	13
کشیدن	می‌کشید	26
کشیدن	نکشیده‌ام	3
کشیدن	برکشید	7
کشیدن	کشیده‌ایم	9
کشیدن	کشیدنم	0
کشیدن	بکشی	17
کشیدن	کشیده‌ای	19
کشیدن	کشیدیم	23
کشیدن	نکشیده‌ام	4
کشیدن	کشیدن	27
کشیدن	کشیده‌ام	18
کشیدن	نکشیده‌اید	5
کشیدن	کشیده‌اند	20
کشیدن	نکشیدم	2
کشیدن	کشیده	30
کشیدن	بکشید	21
کشیدن	نکشیدند	12
کشیدن	کشیدید	14
تسلیم شدن	تسلیم	18
تسلیم شدن	بتسلیم	11
تسلیم شدن	می‌تسلیم	2
تسلیم شدن	تسلیم	0
تسلیم شدن	تسلیمِ	19
تسلیم شدن	تسلیم	20
تسلیم شدن	تسلیم	16
تسلیم شدن	تسلیم	8
تسلیم شدن	بتسلیم	3
تسلیم شدن	تسلیم	22
تسلیم شدن	می‌تسلیم	26
تسلیم شدن	تسلیمِ	28
تسلیم شدن	تسلیمِ	6
تسلیم شدن	بتسلیم	17
تسلیم شدن	تسلیم	5
تسلیم شدن	تسلیم	9
تسلیم شدن	بتسلیم	21
تسلیم شدن	تسلیم	23
تسلیم شدن	نمی‌تسلیم	15
تسلیم شدن	نتسلیم	1
تسلیم شدن	می‌تسلیم	10
تسلیم شدن	تسلیم	29
تسلیم شدن	نتسلیم	12
تسلیم شدن	می‌تسلیم	25
تسلیم شدن	نتسلیم	24
تسلیم شدن	تسلیم	30
تسلیم شدن	تسلیم	27
تسلیم شدن	نتسلیم	4
تسلیم شدن	تسلیمِ	13
تسلیم شدن	تسلیم	14
تسلیم شدن	برسلیم	7
دیدن	می‌دید	26
دیدن	دیده‌ای	19
دیدن	بدید	3
دیدن	نمی‌دید	15
دیدن	ندیده‌اید	5
دیدن	ندیدم	1
دیدن	می‌دیدند	25
دیدن	دیدم	22
دیدن	دیدند	28
دیدن	دیدن	27
دیدن	ندیده‌ام	4
دیدن	بدیم	11
دیدن	دیده‌ام	18
دیدن	بدی	17
دیدن	دیده	30
دیدن	ندیده	8
دیدن	دیدید	14
دیدن	دیدگان	0
دیدن	دیدیم	23
دیدن	دیدی	13
دیدن	بدید	21
دیدن	ندیدند	12
دیدن	دید	29
دیدن	بردید	7
دیدن	دیده‌ایم	9
دیدن	دیده‌اید	16
دیدن	دیده‌اند	20
دیدن	دیدۀ	6
دیدن	می‌دیم	10
دیدن	ندید	24
دیدن	می‌دید	2
گداختن	نمی‌گداخت	15
گداختن	گداخته‌ام	18
گداختن	گداختن	27
گداختن	گداخته‌ای	19
گداختن	برگداخت	7
گداختن	بگداخت	17
گداختن	گداخته‌اند	20
گداختن	گداختید	14
گداختن	گداختی	13
گداختن	بگداخت	11
گداختن	می‌گداختم	10
گداختن	گداختیم	23
گداختن	گداختم	22
گداختن	نگداختند	12
گداختن	نگداخته‌ام	4
گداختن	نگداخت	24
گداختن	گداختۀ	6
گداختن	بگداخته‌اید	3
گداختن	می‌گداختند	25
گداختن	گداخت	29
گداختن	نگداخته‌اید	5
گداختن	بگداخت	21
گداختن	نگداختم	1
گداختن	گداخته‌ایم	9
گداختن	گداخته‌اید	16
گداختن	گداخته	30
گداختن	گداختند	28
گداختن	گداختگان	0
گداختن	می‌گداخت	2
گداختن	نگداخته	8
گداختن	می‌گداخت	26
بوییدن	نمی‌بوید	15
بوییدن	بوییدم	22
بوییدن	بوییدید	14
بوییدن	نبویدم	1
بوییدن	بوییدیم	23
بوییدن	بوییده	30
بوییدن	بوییدی	13
بوییدن	بویید	29
بوییدن	بوییده‌ام	18
بوییدن	بویش	0
بوییدن	می‌بویدند	25
بوییدن	بوییده‌ای	19
بوییدن	بربوید	7
بوییدن	نبویدند	12
بوییدن	ببوی	17
بوییدن	می‌بوید	26
بوییدن	نبویده‌ام	4
بوییدن	بوی	8
بوییدن	بوییده‌اید	16
بوییدن	نبوید	24
بوییدن	بوییدند	28
بوییدن	می‌بویند	2
بوییدن	بوییده‌ایم	9
بوییدن	نبویده‌اید	5
بوییدن	بوییده‌اند	20
بوییدن	بویی	6
بوییدن	بوییدن	27
بوییدن	ببویم	11
بوییدن	ببویید	3
بوییدن	ببوید	21
بوییدن	می‌بویم	10
یاد گرفتن	نیافتم	1
یاد گرفتن	یافتگام	18
یاد گرفتن	می‌یانند	2
یاد گرفتن	یافتگایم	9
یاد گرفتن	یافته‌اید	16
یاد گرفتن	یافتند	28
یاد گرفتن	یافت	29
یاد گرفتن	بریافت	7
یاد گرفتن	یافتاده‌اند	20
یاد گرفتن	نمی‌یافت	15
یاد گرفتن	می‌یافتند	25
یاد گرفتن	یافتن	27
یاد گرفتن	یافتی	13
یاد گرفتن	یافتۀ	6
یاد گرفتن	بیافتگان	11
یاد گرفتن	می‌یافت	26
یاد گرفتن	یافتم	22
یاد گرفتن	یافتیم	23
یاد گرفتن	یافتگای	19
یاد گرفتن	یافتید	14
یاد گرفتن	نیافته‌اید	5
یاد گرفتن	می‌یافت	10
یاد گرفتن	یافتگ	8
یاد گرفتن	بیافت	21
یاد گرفتن	نیافتند	12
یاد گرفتن	بیافت	17
یاد گرفتن	یافته	30
یاد گرفتن	نیافته‌ام	4
یاد گرفتن	یافتگان	0
یاد گرفتن	بیافت	3
یاد گرفتن	نیافت	24
نشستن	نشستۀ	6
نشستن	می‌نشستم	10
نشستن	نشستند	28
نشستن	می‌نشست	26
نشستن	ننشسته‌ام	3
نشستن	ننشستم	1
نشستن	نشسته‌ایم	9
نشستن	نشستی	13
نشستن	نشست	29
نشستن	ننشست	24
نشستن	نشسته‌اید	16
نشستن	بنشست	21
نشستن	نمی‌نشست	15
نشستن	نشستم	22
نشستن	می‌نشستند	25
نشستن	بنشست	17
نشستن	بنشستم	11
نشستن	نشسته‌ای	19
نشستن	نشسته	30
نشستن	نشسته‌ام	18
نشستن	ننشسته‌ام	4
نشستن	نشستن	27
نشستن	ننشسته‌اید	5
نشستن	برنشست	7
نشستن	نشستیم	23
نشستن	ننشسته	8
نشستن	ننشستم	2
نشستن	نشسته‌اند	20
نشستن	نشستید	14
نشستن	نشستگان	0
نشستن	ننشستند	12
اجرا کردن	اجراید	16
اجرا کردن	اجرای	13
اجرا کردن	اجراض	30
اجرا کردن	ناراض	4
اجرا کردن	بار	17
اجرا کردن	اجراض	6
اجرا کردن	می‌اران	2
اجرا کردن	اعتراض	9
اجرا کردن	اجران	0
اجرا کردن	اجرا	29
اجرا کردن	بارم	11
اجرا کردن	اجرانده‌اند	20
اجرا کردن	اجراید	14
اجرا کردن	باجاحت	3
اجرا کردن	اجران	27
اجرا کردن	ناجستج	1
اجرا کردن	می‌اراحت	26
اجرا کردن	می‌اراند	25
اجرا کردن	ناران	12
اجرا کردن	اجرای	19
اجرا کردن	براراحت	7
اجرا کردن	می‌ارم	10
اجرا کردن	نمی‌اراران	15
اجرا کردن	ناراج	24
اجرا کردن	باجاج	21
اجرا کردن	اجراض	18
اجرا کردن	اجراندند	28
اجرا کردن	ناراراید	5
اجرا کردن	اجران	22
اجرا کردن	اجرایم	23
اجرا کردن	اجرا	8
خواندن	می‌خوانید	4
خواندن	خواندنم	0
خواندن	خوانده‌اند	20
خواندن	نخوانده	8
خواندن	بخوان	17
خواندن	خوانده	30
خواندن	برخواند	7
خواندن	خوانده‌ای	19
خواندن	خواندیم	23
خواندن	می‌خواندند	25
خواندن	می‌خواند	26
خواندن	بخوانید	3
خواندن	خوانده‌ام	18
خواندن	بخوانم	11
خواندن	خواندن	27
خواندن	نخوانده‌اید	5
خواندن	خواندم	22
خواندن	می‌خوانند	2
خواندن	خواندند	28
خواندن	خواند	29
خواندن	خوان	6
خواندن	خواندی	13
خواندن	خواندید	14
خواندن	بخواند	21
خواندن	نخواندند	12
خواندن	بخوانند	1
خواندن	خوانده‌ایم	9
خواندن	خوانده‌اید	16
خواندن	می‌خوانم	10
خواندن	نمی‌خواند	15
خواندن	نخواند	24
راست گفتن	راستی	13
راست گفتن	نراستم	1
راست گفتن	راستیم	23
راست گفتن	راستند	28
راست گفتن	نمی‌راست	15
راست گفتن	راستگای	19
راست گفتن	راسته	30
راست گفتن	رساسته‌اید	16
راست گفتن	رساسته‌ام	18
راست گفتن	می‌راستند	25
راست گفتن	نراست	24
راست گفتن	راستگِ	6
راست گفتن	براستگاحت	11
راست گفتن	راستگان	0
راست گفتن	راستگاند	20
راست گفتن	رساسته‌ایم	9
راست گفتن	راستف	8
راست گفتن	نرسافته‌اید	5
راست گفتن	راستن	27
راست گفتن	براستگاف	7
راست گفتن	رساستم	22
راست گفتن	راست	29
راست گفتن	نراست	3
راست گفتن	می‌راست	10
راست گفتن	براستگان	17
راست گفتن	می‌راستگاند	2
راست گفتن	براست	21
راست گفتن	راستید	14
راست گفتن	نراسته‌ام	4
راست گفتن	نراستند	12
راست گفتن	می‌راست	26
گوزیدن	گوزیدن	27
گوزیدن	نمی‌گوزید	15
گوزیدن	نگوزید	24
گوزیدن	گوزیده‌اید	16
گوزیدن	نگوزیدم	1
گوزیدن	گوزیده‌اند	20
گوزیدن	گوزش	0
گوزیدن	گوزید	29
گوزیدن	گوزیدم	22
گوزیدن	گوزیدی	13
گوزیدن	نگوزیدند	12
گوزیدن	گوزیده‌ام	18
گوزیدن	می‌گوزید	2
گوزیدن	گوزیدید	14
گوزیدن	می‌گوزیدند	25
گوزیدن	گوزی	6
گوزیدن	می‌گوزید	26
گوزیدن	نگوزیده‌اید	5
گوزیدن	بگوی	17
گوزیدن	گوزیده	30
گوزیدن	گوزیده‌ایم	9
گوزیدن	برگوزید	7
گوزیدن	گوزیده‌ای	19
گوزیدن	بگوزید	21
گوزیدن	گوزیدیم	23
گوزیدن	گوز	8
گوزیدن	بگوزید	3
گوزیدن	بگوزیم	11
گوزیدن	می‌گوزیم	10
گوزیدن	می‌گوزید	4
گوزیدن	گوزیدند	28
زندگی کردن	زندگی	29
زندگی کردن	بزندگیم	11
زندگی کردن	زندگان	0
زندگی کردن	نزندند	12
زندگی کردن	زندگیم	23
زندگی کردن	زندگیم	9
زندگی کردن	می‌زندند	25
زندگی کردن	زندگیم	18
زندگی کردن	زندگید	14
زندگی کردن	زندگی	4
زندگی کردن	برزندگی	7
زندگی کردن	بزندگی	21
زندگی کردن	زندگید	16
زندگی کردن	زندگی	8
زندگی کردن	می‌زندگی	2
زندگی کردن	بزندگی	17
زندگی کردن	بزندگی	3
زندگی کردن	زندگی	28
زندگی کردن	زندگی	6
زندگی کردن	نمی‌زند	15
زندگی کردن	زندگیم	22
زندگی کردن	نزندگی	1
زندگی کردن	می‌زندگی	26
زندگی کردن	زندگی	19
زندگی کردن	نزندگید	5
زندگی کردن	زندگی	27
زندگی کردن	زندگی	13
زندگی کردن	نزندگی	24
زندگی کردن	زندگی	30
زندگی کردن	می‌زندگی	10
زندگی کردن	زندگید	20
کوچک شدن	می‌کوصیم	10
کوچک شدن	کوصیکش	19
کوچک شدن	کوچک	30
کوچک شدن	نکوکش	1
کوچک شدن	کوصیک	27
کوچک شدن	بکشید	3
کوچک شدن	بکوصیم	11
کوچک شدن	کوصیک	9
کوچک شدن	کوکش	22
کوچک شدن	کوصیکش	28
کوچک شدن	کوصیکِ	6
کوچک شدن	کوکش	16
کوچک شدن	کوصیک	29
کوچک شدن	بکود	21
کوچک شدن	کوچک	8
کوچک شدن	کوصیک	13
کوچک شدن	برکش	7
کوچک شدن	کوچکش	23
کوچک شدن	نمی‌کوچ	15
کوچک شدن	نکوکش	2
کوچک شدن	کوصیکش	0
کوچک شدن	کوصیک	14
کوچک شدن	کوکش	18
کوچک شدن	می‌کوکواکشتند	25
کوچک شدن	نکوکش	4
کوچک شدن	نکوکش	24
کوچک شدن	می‌کواکشت	26
کوچک شدن	نکوکش	12
کوچک شدن	بکو	17
کوچک شدن	کوصیک	20
کوچک شدن	نکوکش	5
چروک شدن	چورک	8
چروک شدن	بچورک	11
چروک شدن	بچورک	21
چروک شدن	می‌چورند	2
چروک شدن	چورکش	0
چروک شدن	چورکش	20
چروک شدن	نچورک	24
چروک شدن	نچورکش	5
چروک شدن	نچورک	4
چروک شدن	نمی‌چورک	15
چروک شدن	چورک	29
چروک شدن	می‌چورک	26
چروک شدن	چورکش	14
چروک شدن	چورکش	18
چروک شدن	نچورکش	12
چروک شدن	چورکش	27
چروک شدن	بچورک	1
چروک شدن	چورکِ	6
چروک شدن	چورک	30
چروک شدن	می‌چورک	25
چروک شدن	چورکش	13
چروک شدن	بچورک	17
چروک شدن	می‌چورک	10
چروک شدن	چورکش	19
چروک شدن	چورکش	23
چروک شدن	چورکش	9
چروک شدن	چورکش	28
چروک شدن	چورکش	22
چروک شدن	بچورند	3
چروک شدن	چورکش	16
چروک شدن	برچورک	7
پختن	نپختم	1
پختن	پختیم	23
پختن	نپختند	12
پختن	نپختم	2
پختن	نپخته	8
پختن	نپخته‌ام	4
پختن	پخته‌ای	19
پختن	پختۀ	6
پختن	می‌پختم	10
پختن	بپخت	17
پختن	پخته‌ام	18
پختن	پختنم	0
پختن	بپختم	11
پختن	پختم	22
پختن	می‌پختند	25
پختن	پخته‌اید	16
پختن	پخته‌ایم	9
پختن	نپخته‌اید	5
پختن	پخته	30
پختن	پختید	14
پختن	پخت	29
پختن	برخت	7
پختن	پختی	13
پختن	نپخته‌ام	3
پختن	پخته‌اند	20
پختن	نمی‌پخت	15
پختن	بپخت	21
پختن	نپخت	24
پختن	پختن	27
پختن	می‌پخت	26
پختن	پختند	28
انزال کردن	انستادگان	0
انزال کردن	نانست	4
انزال کردن	انستز	29
انزال کردن	نانست	24
انزال کردن	می‌انستند	25
انزال کردن	نانستند	12
انزال کردن	انستۀ	6
انزال کردن	براند	7
انزال کردن	نمی‌انست	15
انزال کردن	انستزد	16
انزال کردن	انستز	13
انزال کردن	انستزد	14
انزال کردن	انستزده‌ایم	9
انزال کردن	انستز	19
انزال کردن	انستز	8
انزال کردن	انستز	23
انزال کردن	انستز	22
انزال کردن	انستزد	20
انزال کردن	انستزد	28
انزال کردن	می‌انم	10
انزال کردن	بانست	11
انزال کردن	نانسته‌اید	5
انزال کردن	بانست	3
انزال کردن	انستز	30
انزال کردن	می‌انست	26
انزال کردن	نانست	1
انزال کردن	انستز	27
انزال کردن	بانست	17
انزال کردن	می‌انست	2
انزال کردن	انستاده‌ام	18
انزال کردن	بانست	21
کاوش کردن	کشوده‌اید	16
کاوش کردن	بکشود	11
کاوش کردن	اکشوده	30
کاوش کردن	کشود	29
کاوش کردن	اکشوده‌ایم	9
کاوش کردن	نمی‌کواشید	15
کاوش کردن	ناکشودند	12
کاوش کردن	اکشوده‌ام	18
کاوش کردن	می‌کشود	26
کاوش کردن	بکواش	17
کاوش کردن	می‌کشود	2
کاوش کردن	برکشود	7
کاوش کردن	کواشودن	27
کاوش کردن	کواش	0
کاوش کردن	اکشودند	28
کاوش کردن	کواش	23
کاوش کردن	نکشوده‌ام	4
کاوش کردن	نکشوده‌اید	5
کاوش کردن	می‌کشودند	25
کاوش کردن	کواش	6
کاوش کردن	اکشوده‌ای	19
کاوش کردن	اکشوده‌اند	20
کاوش کردن	می‌کواشم	10
کاوش کردن	اوش	8
کاوش کردن	اکشودم	22
کاوش کردن	بکواشید	3
کاوش کردن	نکشود	24
کاوش کردن	بکواشید	21
کاوش کردن	اکشودید	14
کاوش کردن	کواش	13
کاوش کردن	نکشودم	1
گوش کردن	نگشود	24
گوش کردن	گشودند	28
گوش کردن	می‌گشودند	25
گوش کردن	نمی‌گشود	15
گوش کردن	نگشوده‌ام	4
گوش کردن	بگشود	3
گوش کردن	نگشودند	12
گوش کردن	گشود	8
گوش کردن	بگشود	17
گوش کردن	گشوده	30
گوش کردن	بگشود	11
گوش کردن	گشودیم	23
گوش کردن	گشوده‌ایم	9
گوش کردن	گشوده‌اید	16
گوش کردن	گشوده‌اند	20
گوش کردن	گوشش	0
گوش کردن	می‌گشود	2
گوش کردن	گشودۀ	6
گوش کردن	گشودم	22
گوش کردن	می‌گشود	26
گوش کردن	گشوده‌ام	18
گوش کردن	نگشودم	1
گوش کردن	گشودن	27
گوش کردن	برگشود	7
گوش کردن	نگشوده‌اید	5
گوش کردن	گشودید	14
گوش کردن	بگشود	21
گوش کردن	گشودی	13
گوش کردن	می‌گشوم	10
گوش کردن	گشود	29
گوش کردن	گشوده‌ای	19
حس کردن	نشسکرک	1
حس کردن	حسکرد	8
حس کردن	نشسکردند	12
حس کردن	حسکرده‌ایم	9
حس کردن	می‌حسیم	10
حس کردن	بحسکرد	21
حس کردن	بحسکرک	11
حس کردن	حسکردۀ	6
حس کردن	نحسکرده‌اید	5
حس کردن	حسکردن	27
حس کردن	نمی‌حوست	15
حس کردن	حسکردید	14
حس کردن	حسکرده‌اید	16
حس کردن	حسکرده‌اند	20
حس کردن	نحسکرد	24
حس کردن	حسکردم	22
حس کردن	نشسترد	4
حس کردن	حسکرده	30
حس کردن	حسکردیم	23
حس کردن	حسکرد	29
حس کردن	حسکردی	13
حس کردن	حسکرده‌ام	18
حس کردن	می‌حسیرکشستند	25
حس کردن	برسلیر	7
حس کردن	حسکردند	28
حس کردن	می‌حسید	26
حس کردن	می‌حسلیند	2
حس کردن	حسکرکش	0
حس کردن	بحسکرید	3
حس کردن	حسکرده‌ای	19
حس کردن	بحسکرک	17
جستجو کردن	جستجو	13
جستجو کردن	نجستجو	4
جستجو کردن	جستجو	16
جستجو کردن	جستجو	8
جستجو کردن	جستجو	14
جستجو کردن	می‌جستجو	2
جستجو کردن	بجستجو	21
جستجو کردن	جستجو	22
جستجو کردن	جستجو	20
جستجو کردن	می‌جستجو	26
جستجو کردن	جستجو	6
جستجو کردن	جستجو	0
جستجو کردن	جستجو	28
جستجو کردن	بجستجو	3
جستجو کردن	جستجو	30
جستجو کردن	نجستجو	5
جستجو کردن	نمی‌جست	15
جستجو کردن	بجستجو	17
جستجو کردن	جستجو	19
جستجو کردن	جستجو	23
جستجو کردن	می‌جستجو	25
جستجو کردن	جستجو	27
جستجو کردن	نجستجو	24
جستجو کردن	جستجو	9
جستجو کردن	می‌جستجو	10
جستجو کردن	نجستجو	12
جستجو کردن	جستجو	29
جستجو کردن	جستجو	18
جستجو کردن	بجستجو	11
جستجو کردن	برستجو	7
جستجو کردن	نجستجو	1
ساک زدن	سازِ	27
ساک زدن	می‌ساز	10
ساک زدن	ساز	18
ساک زدن	می‌سازندند	25
ساک زدن	سازِ	9
ساک زدن	بسازِ	17
ساک زدن	سازِ	19
ساک زدن	استز	22
ساک زدن	سازدند	28
ساک زدن	نسازِ	1
ساک زدن	برساز	7
ساک زدن	نمی‌ساز	15
ساک زدن	ساز	30
ساک زدن	سازدید	14
ساک زدن	سازده‌اند	20
ساک زدن	سازِ	6
ساک زدن	سازش	0
ساک زدن	ساز	29
ساک زدن	سازدیم	23
ساک زدن	نسازیده‌ام	4
ساک زدن	سازیدی	13
ساک زدن	بساز	21
ساک زدن	نسازد	24
ساک زدن	سازده‌اید	16
ساک زدن	می‌سازند	2
ساک زدن	ساز	8
ساک زدن	نسازدند	12
ساک زدن	می‌ساز	26
ساک زدن	بسازید	3
ساک زدن	نسازده‌اید	5
ساک زدن	بسازم	11
دزدی کردن	دزدیدم	22
دزدی کردن	بدزدیم	11
دزدی کردن	ندزدی	1
دزدی کردن	دزدی	6
دزدی کردن	دزدی	13
دزدی کردن	دزدیدند	28
دزدی کردن	دزدیم	9
دزدی کردن	می‌دزدید	26
دزدی کردن	بردزدید	7
دزدی کردن	دزدیم	23
دزدی کردن	می‌دزدیم	10
دزدی کردن	ندزدیدند	12
دزدی کردن	دزدید	29
دزدی کردن	بدزدید	21
دزدی کردن	نمی‌دزدید	15
دزدی کردن	دزدیدن	27
دزدی کردن	دزد	8
دزدی کردن	ندزدید	24
دزدی کردن	دزدی	19
دزدی کردن	بدزدید	3
دزدی کردن	می‌دزدید	2
دزدی کردن	ندزدید	5
دزدی کردن	دزدش	0
دزدی کردن	ندزدیده‌ام	4
دزدی کردن	می‌دزدیدند	25
دزدی کردن	دزدیده‌اند	20
دزدی کردن	بدزدی	17
دزدی کردن	دزدیده‌اید	16
دزدی کردن	دزدید	14
دزدی کردن	دزدیده‌ام	18
دزدی کردن	دزدیده	30
تحمل کردن	تمِ	6
تحمل کردن	تمسلیم	14
تحمل کردن	می‌تم	2
تحمل کردن	نمی‌تم	15
تحمل کردن	تمسلیم	0
تحمل کردن	تمسلیم	20
تحمل کردن	تمسلیم	22
تحمل کردن	بتمسلیم	3
تحمل کردن	تمسلیم	8
تحمل کردن	تمسلیم	19
تحمل کردن	نتمسلیم	1
تحمل کردن	تمسلیم	16
تحمل کردن	نتمام	4
تحمل کردن	بتمسلیم	21
تحمل کردن	نتمسلیم	5
تحمل کردن	می‌تملیم	26
تحمل کردن	تمریم	23
تحمل کردن	بتمرسلی	17
تحمل کردن	تمرین	29
تحمل کردن	می‌تم	10
تحمل کردن	نتمسلیم	24
تحمل کردن	نتمسلیم	12
تحمل کردن	می‌تم	25
تحمل کردن	تمسلیم	28
تحمل کردن	تمسلیم	13
تحمل کردن	بتم	11
تحمل کردن	تمسلیم	27
تحمل کردن	تمسلیم	18
تحمل کردن	تمسلیم	30
تحمل کردن	برتم	7
تحمل کردن	تمریم	9
آغاز کردن	آغاز	0
آغاز کردن	آغاز	4
آغاز کردن	بآغاز	21
آغاز کردن	نآغاز	1
آغاز کردن	آغازِ	20
آغاز کردن	آغازِ	9
آغاز کردن	آغازی	13
آغاز کردن	بآغازید	3
آغاز کردن	بآغاز	11
آغاز کردن	آغازِ	19
آغاز کردن	آغازِ	16
آغاز کردن	نآغاز	5
آغاز کردن	می‌آغاز	25
آغاز کردن	آغاز	22
آغاز کردن	آغاز	8
آغاز کردن	می‌آغاز	10
آغاز کردن	نآغاز	12
آغاز کردن	آغاز	28
آغاز کردن	نآغاز	24
آغاز کردن	نمی‌آغاز	15
آغاز کردن	آغاز	23
آغاز کردن	آغازید	14
آغاز کردن	آغاز	29
آغاز کردن	برآغاز	7
آغاز کردن	آغازِ	6
آغاز کردن	می‌آغاز	26
آغاز کردن	بآغاز	17
آغاز کردن	آغاز	30
آغاز کردن	آغاز	18
آغاز کردن	آغاز	27
آغاز کردن	می‌آغاز	2
به دنیا آمدن	نبهاده‌ام	4
به دنیا آمدن	برآغاب	7
به دنیا آمدن	بهاده‌ای	19
به دنیا آمدن	بهایده‌ایم	9
به دنیا آمدن	می‌بهان	2
به دنیا آمدن	بهیدید	14
به دنیا آمدن	ببهِ	17
به دنیا آمدن	به	8
به دنیا آمدن	ببهاد	21
به دنیا آمدن	نبهادند	12
به دنیا آمدن	بهاده‌ام	18
به دنیا آمدن	بهاش	0
به دنیا آمدن	می‌بهادند	25
به دنیا آمدن	نبهید	24
به دنیا آمدن	بهادن	27
به دنیا آمدن	ببهاید	3
به دنیا آمدن	بهادیم	23
به دنیا آمدن	می‌بهایم	10
به دنیا آمدن	بهایدند	28
به دنیا آمدن	می‌بهاد	26
به دنیا آمدن	به	30
به دنیا آمدن	بهایدی	13
به دنیا آمدن	بهید	29
به دنیا آمدن	نبهیده‌اید	5
به دنیا آمدن	بهای	6
به دنیا آمدن	بهایده‌اید	16
به دنیا آمدن	نبهیدم	1
به دنیا آمدن	ببهایم	11
به دنیا آمدن	بهادم	22
به دنیا آمدن	نمی‌به	15
به دنیا آمدن	بهاده‌اند	20
دمیدن	می‌دمید	2
دمیدن	بدمیم	11
دمیدن	بدمید	21
دمیدن	می‌دمید	26
دمیدن	بردمید	7
دمیدن	دمید	29
دمیدن	می‌دمیدند	25
دمیدن	دمیدیم	23
دمیدن	نمی‌دمید	15
دمیدن	ندمید	24
دمیدن	دمیده‌اند	20
دمیدن	می‌دمید	4
دمیدن	دمیده‌ای	19
دمیدن	دمیدن	27
دمیدن	دمیدند	28
دمیدن	دمیده‌ام	18
دمیدن	دمیده‌ایم	9
دمیدن	ندمیده	8
دمیدن	بدمی	17
دمیدن	دمیده	30
دمیدن	بدمید	3
دمیدن	دمیدم	22
دمیدن	دمیدی	13
دمیدن	دمی	6
دمیدن	ندمیده‌اید	5
دمیدن	دمیده‌اید	16
دمیدن	ندمیدند	12
دمیدن	می‌دمیم	10
دمیدن	دمش	0
دمیدن	ندمیدم	1
دمیدن	دمیدید	14
رختن	رخت	29
رختن	می‌رختم	2
رختن	نرخته‌اید	5
رختن	رختی	13
رختن	رختم	22
رختن	رخته‌ام	18
رختن	نرخته	8
رختن	رختنم	0
رختن	رخته‌ای	19
رختن	رختیم	23
رختن	نرخته‌ام	4
رختن	رختید	14
رختن	رخته‌ایم	9
رختن	برخت	17
رختن	می‌رخت	26
رختن	نرخت	24
رختن	نرختم	1
رختن	برخت	21
رختن	نرخته‌اید	3
رختن	رخته	30
رختن	رختند	28
رختن	رخته‌اند	20
رختن	نمی‌رخت	15
رختن	می‌رختم	10
رختن	رختن	27
رختن	برخت	7
رختن	رختۀ	6
رختن	می‌رختند	25
رختن	رخته‌اید	16
رختن	برختم	11
رختن	نرختند	12
پا به عرصه وجود گذاشتن	پذابوده	8
پا به عرصه وجود گذاشتن	پذابوده‌ای	19
پا به عرصه وجود گذاشتن	می‌پوابود	26
پا به عرصه وجود گذاشتن	پذابوده‌اید	16
پا به عرصه وجود گذاشتن	می‌پوابه	2
پا به عرصه وجود گذاشتن	پوابه‌ام	18
پا به عرصه وجود گذاشتن	نپوابودند	12
پا به عرصه وجود گذاشتن	پذابودیم	23
پا به عرصه وجود گذاشتن	پذابودن	27
پا به عرصه وجود گذاشتن	پذابوشتم	22
پا به عرصه وجود گذاشتن	می‌پوابته	10
پا به عرصه وجود گذاشتن	پذابودی	13
پا به عرصه وجود گذاشتن	می‌پوابودند	25
پا به عرصه وجود گذاشتن	نپوابه	4
پا به عرصه وجود گذاشتن	بپوابه	21
پا به عرصه وجود گذاشتن	پوابه‌اند	20
پا به عرصه وجود گذاشتن	نپوابه	24
پا به عرصه وجود گذاشتن	نپوابه‌اید	5
پا به عرصه وجود گذاشتن	پذابوده‌ایم	9
پا به عرصه وجود گذاشتن	بپوابه	17
پا به عرصه وجود گذاشتن	برگذابود	7
پا به عرصه وجود گذاشتن	نمی‌پوابه	15
پا به عرصه وجود گذاشتن	نپوابه	3
پا به عرصه وجود گذاشتن	پذابودۀ	6
پا به عرصه وجود گذاشتن	پوابه	30
پا به عرصه وجود گذاشتن	بپوابه	11
پا به عرصه وجود گذاشتن	نپوابه	1
پا به عرصه وجود گذاشتن	پوابه	29
پا به عرصه وجود گذاشتن	پذابودید	14
پا به عرصه وجود گذاشتن	پذابودند	28
پا به عرصه وجود گذاشتن	پذابوش	0
مانستن	مانستگان	0
مانستن	نمی‌مانست	15
مانستن	می‌مانستند	25
مانستن	می‌مانستم	10
مانستن	نمانسته‌اید	5
مانستن	مانستم	22
مانستن	مانستیم	23
مانستن	مانستند	28
مانستن	نمانستند	12
مانستن	نمانسته‌ام	4
مانستن	می‌مانند	2
مانستن	مانست	29
مانستن	مانستۀ	6
مانستن	مانسته‌اند	20
مانستن	مانسته‌ای	19
مانستن	بمانست	21
مانستن	مانستید	14
مانستن	بمانست	17
مانستن	مانستن	27
مانستن	نمانسته‌ام	3
مانستن	مانسته‌ام	18
مانستن	نمانست	24
مانستن	برمانست	7
مانستن	مانستی	13
مانستن	نمانسته	8
مانستن	مانسته‌اید	16
مانستن	بمانستم	11
مانستن	می‌مانست	26
مانستن	مانسته‌ایم	9
مانستن	نمانستم	1
مانستن	مانسته	30
افسوس خوردن	می‌استخو	4
افسوس خوردن	استفو	6
افسوس خوردن	می‌افرست	2
افسوس خوردن	می‌استخو	10
افسوس خوردن	بافوستخو	11
افسوس خوردن	استفاده‌ای	19
افسوس خوردن	بافوستخو	1
افسوس خوردن	افستخو	22
افسوس خوردن	بافوستخو	3
افسوس خوردن	استفادگان	0
افسوس خوردن	براستخو	7
افسوس خوردن	بافوستخو	17
افسوس خوردن	نافستخو	5
افسوس خوردن	افستخود	28
افسوس خوردن	افستخود	20
افسوس خوردن	می‌افست	26
افسوس خوردن	بافوست	21
افسوس خوردن	افستخو	18
افسوس خوردن	استفو	13
افسوس خوردن	افستخو	29
افسوس خوردن	استفو	8
افسوس خوردن	افستخود	14
افسوس خوردن	افستخو	9
افسوس خوردن	افستخو	23
افسوس خوردن	افستخو	27
افسوس خوردن	نافستند	12
افسوس خوردن	افستخود	16
افسوس خوردن	افستخو	30
افسوس خوردن	نمی‌است	15
افسوس خوردن	می‌افستند	25
افسوس خوردن	نافست	24
ختنه کردن	ختنکشته‌اید	16
ختنه کردن	ختنک	18
ختنه کردن	نخهنه	24
ختنه کردن	بخشت	11
ختنه کردن	نخهنه	12
ختنه کردن	ختنه	14
ختنه کردن	ختخانه	23
ختنه کردن	ختنه‌اند	20
ختنه کردن	می‌خه‌اند	25
ختنه کردن	بخشت	17
ختنه کردن	ختنه‌ایم	9
ختنه کردن	تخانه	8
ختنه کردن	ختنه	0
ختنه کردن	برخه	7
ختنه کردن	نخهنه‌اید	5
ختنه کردن	نخه‌ام	4
ختنه کردن	می‌خهخاند	2
ختنه کردن	می‌خه	26
ختنه کردن	ختنک	28
ختنه کردن	بخشت	21
ختنه کردن	ختن	13
ختنه کردن	ختنکش	19
ختنه کردن	ختن	6
ختنه کردن	نخهنه	1
ختنه کردن	نمی‌خه	15
ختنه کردن	ختنان	22
ختنه کردن	ختنک	27
ختنه کردن	ختنه	29
ختنه کردن	ختنک	30
ختنه کردن	نخهنه‌ای	3
ختنه کردن	می‌خه‌ان	10
کینه ورزیدن	نکنیدم	1
کینه ورزیدن	کنیده‌اند	20
کینه ورزیدن	نکنید	24
کینه ورزیدن	کنیده‌ایم	9
کینه ورزیدن	کنهادی	13
کینه ورزیدن	کنهاده	30
کینه ورزیدن	کنیده‌ام	18
کینه ورزیدن	می‌کنید	26
کینه ورزیدن	بکنید	21
کینه ورزیدن	کنید	29
کینه ورزیدن	کندنم	0
کینه ورزیدن	کنهادۀ	6
کینه ورزیدن	بکنیم	11
کینه ورزیدن	نکنیده‌ام	4
کینه ورزیدن	برکنید	7
کینه ورزیدن	کنیدیم	23
کینه ورزیدن	کنیدید	14
کینه ورزیدن	کنیده‌اید	16
کینه ورزیدن	نکنیده‌اید	5
کینه ورزیدن	کنیدند	28
کینه ورزیدن	می‌کنید	2
کینه ورزیدن	بکنید	3
کینه ورزیدن	کنیده‌ای	19
کینه ورزیدن	بکنی	17
کینه ورزیدن	نکنیدند	12
کینه ورزیدن	می‌کنیدند	25
کینه ورزیدن	کنیدم	22
کینه ورزیدن	کندی	8
کینه ورزیدن	نمی‌کنی	15
کینه ورزیدن	می‌کنیم	10
کینه ورزیدن	کنیدن	27
تکزنگ زدن	می‌تزک	26
تکزنگ زدن	تزکش	29
تکزنگ زدن	نمی‌تز	15
تکزنگ زدن	تزکش	18
تکزنگ زدن	تزکیده	30
تکزنگ زدن	می‌تزنم	10
تکزنگ زدن	تزکش	28
تکزنگ زدن	نتزکش	12
تکزنگ زدن	می‌تزند	2
تکزنگ زدن	بتزنم	11
تکزنگ زدن	می‌تزدگاند	25
تکزنگ زدن	تزکش	9
تکزنگ زدن	تزکش	23
تکزنگ زدن	تزکش	16
تکزنگ زدن	تزکش	19
تکزنگ زدن	تزکگِ	6
تکزنگ زدن	تزنک	13
تکزنگ زدن	نتزکش	3
تکزنگ زدن	نتزکش	1
تکزنگ زدن	تزکش	22
تکزنگ زدن	برکش	7
تکزنگ زدن	بتزک	17
تکزنگ زدن	نکشزکده‌اید	5
تکزنگ زدن	تزکش	0
تکزنگ زدن	تزکش	20
تکزنگ زدن	بتزند	21
تکزنگ زدن	نکزکرده‌ام	4
تکزنگ زدن	تزک	8
تکزنگ زدن	تزکش	27
تکزنگ زدن	نتزکید	24
تکزنگ زدن	تزکش	14
مرحمت کردن	مریتم	8
مرحمت کردن	نمرده‌اید	5
مرحمت کردن	می‌مرمرم	26
مرحمت کردن	بمراحت	17
مرحمت کردن	مرده‌ام	18
مرحمت کردن	مرد	29
مرحمت کردن	نمریتند	12
مرحمت کردن	مرده‌ای	19
مرحمت کردن	مرده‌ایم	9
مرحمت کردن	مردۀ	6
مرحمت کردن	مردم	22
مرحمت کردن	می‌مرم	10
مرحمت کردن	برمرین	7
مرحمت کردن	مردی	13
مرحمت کردن	مردن	27
مرحمت کردن	مرده‌اید	16
مرحمت کردن	بمراحت	21
مرحمت کردن	می‌مراحتند	25
مرحمت کردن	مرده	30
مرحمت کردن	مرده‌اند	20
مرحمت کردن	نمی‌مراحت	15
مرحمت کردن	می‌مرم	2
مرحمت کردن	بمریم	3
مرحمت کردن	مریتگان	0
مرحمت کردن	بمرم	11
مرحمت کردن	نمریت	4
مرحمت کردن	نمرد	24
مرحمت کردن	مردید	14
مرحمت کردن	مردند	28
مرحمت کردن	مردیم	23
مرحمت کردن	نمراحتم	1
تقویت کردن	تقویت	8
تقویت کردن	تقویتی	13
تقویت کردن	می‌تقویتند	25
تقویت کردن	می‌تقویت	26
تقویت کردن	نتقویت	5
تقویت کردن	نتقویت	3
تقویت کردن	تقویتن	27
تقویت کردن	بتقویت	21
تقویت کردن	تقویتم	22
تقویت کردن	تقویته‌ایم	9
تقویت کردن	تقویته‌اید	16
تقویت کردن	تقویتند	28
تقویت کردن	می‌تقوی	2
تقویت کردن	تقویته‌ام	18
تقویت کردن	تقویتیم	23
تقویت کردن	تقویته	30
تقویت کردن	تقویتۀ	6
تقویت کردن	بتقویت	17
تقویت کردن	می‌تقویم	10
تقویت کردن	تقویتید	14
تقویت کردن	برتقویت	7
تقویت کردن	بتقویم	11
تقویت کردن	تقویت	29
تقویت کردن	نتقویتم	1
تقویت کردن	نتقویت	4
تقویت کردن	نتقویتند	12
تقویت کردن	تقویته‌ای	19
تقویت کردن	تقویته‌اند	20
تقویت کردن	نتقویت	24
تقویت کردن	نمی‌تقوید	15
تقویت کردن	تقویتگان	0
خواستن	می‌خواست	26
خواستن	خواستی	13
خواستن	بخواست	21
خواستن	نخواستند	12
خواستن	خواستن	27
خواستن	نمی‌خواست	15
خواستن	خواستیم	23
خواستن	بخواستم	11
خواستن	خواسته‌ای	19
خواستن	خواستید	14
خواستن	برخواست	7
خواستن	خواسته‌ام	18
خواستن	نخواسته‌ام	3
خواستن	خواسته‌ایم	9
خواستن	خواستم	22
خواستن	نخواست	24
خواستن	خواسته‌اید	16
خواستن	نخواسته	8
خواستن	می‌خواستم	2
خواستن	نخواسته‌ام	4
خواستن	می‌خواستند	25
خواستن	خواسته‌اند	20
خواستن	نخواستم	1
خواستن	بخواست	17
خواستن	خواستند	28
خواستن	خواستگان	0
خواستن	نخواسته‌اید	5
خواستن	خواسته	30
خواستن	می‌خواستم	10
خواستن	خواستۀ	6
خواستن	خواست	29
درست کردن	بدرست	21
درست کردن	می‌درستند	25
درست کردن	بدرست	17
درست کردن	درستم	22
درست کردن	بدرست	11
درست کردن	ندرسته‌ام	4
درست کردن	درست	29
درست کردن	درستاده‌اند	20
درست کردن	می‌درست	10
درست کردن	ندرستم	1
درست کردن	درستاده‌ام	18
درست کردن	درستۀ	6
درست کردن	درستن	27
درست کردن	ندرسته‌اید	5
درست کردن	درستراحت	9
درست کردن	می‌درست	2
درست کردن	درسته	30
درست کردن	درسترا	8
درست کردن	بردرست	7
درست کردن	ندرستند	12
درست کردن	درستی	13
درست کردن	درستاده‌اید	16
درست کردن	نمی‌درست	15
درست کردن	ندرست	24
درست کردن	درستادیم	23
درست کردن	درستید	14
درست کردن	درستاده‌ای	19
درست کردن	درستند	28
درست کردن	درستگان	0
درست کردن	می‌درست	26
درست کردن	بدرست	3
گشادن	بگشاند	1
گشادن	گشادی	13
گشادن	گشادیم	23
گشادن	نگشادند	12
گشادن	می‌گشاید	4
گشادن	گشاده	30
گشادن	گشاده‌ای	19
گشادن	گشاد	29
گشادن	می‌گشادند	25
گشادن	گشادند	28
گشادن	نمی‌گشاد	15
گشادن	بگشاد	21
گشادن	گشادم	22
گشادن	گشادن	27
گشادن	گشاده‌ام	18
گشادن	گشادنم	0
گشادن	گشاده‌اید	16
گشادن	گشاده‌ایم	9
گشادن	نگشاده‌اید	5
گشادن	نگشاده	8
گشادن	بگشام	11
گشادن	می‌گشاند	2
گشادن	می‌گشاد	26
گشادن	گشاده‌اند	20
گشادن	گشادید	14
گشادن	برگشاد	7
گشادن	نگشاد	24
گشادن	می‌گشام	10
گشادن	گشا	6
گشادن	بگشا	17
گشادن	بگشاید	3
تنظیم کردن	می‌تنیم	10
تنظیم کردن	تنیم	16
تنظیم کردن	نتنیم	24
تنظیم کردن	نتنیم	12
تنظیم کردن	تنیم	8
تنظیم کردن	تنیم	14
تنظیم کردن	بتنیم	21
تنظیم کردن	تنیم	22
تنظیم کردن	می‌تنیم	2
تنظیم کردن	نتنیم	5
تنظیم کردن	نتنیم	4
تنظیم کردن	بتنی	17
تنظیم کردن	تنامش	0
تنظیم کردن	برتنیم	7
تنظیم کردن	تنیم	18
تنظیم کردن	نتنیم	1
تنظیم کردن	تنیم	20
تنظیم کردن	تنیمِ	19
تنظیم کردن	بتنیم	11
تنظیم کردن	تنیم	28
تنظیم کردن	تنیمِ	13
تنظیم کردن	تنیم	30
تنظیم کردن	تنیمِ	6
تنظیم کردن	بتنیم	3
تنظیم کردن	می‌تنیم	26
تنظیم کردن	تنیم	23
تنظیم کردن	می‌تنیم	25
تنظیم کردن	تنیم	27
تنظیم کردن	تنیم	9
تنظیم کردن	تنیم	29
تنظیم کردن	نمی‌تنیم	15
راست کردن	براست	7
راست کردن	راستی	13
راست کردن	نراستم	1
راست کردن	راستیم	23
راست کردن	می‌راستم	10
راست کردن	راستند	28
راست کردن	نمی‌راست	15
راست کردن	براست	3
راست کردن	راسته	30
راست کردن	براست	17
راست کردن	می‌راستند	25
راست کردن	راستفاده‌اید	16
راست کردن	راست	20
راست کردن	نراست	4
راست کردن	نراست	24
راست کردن	راست	18
راست کردن	راستۀ	6
راست کردن	راستگان	0
راست کردن	راستراحت	19
راست کردن	نراسته‌اید	5
راست کردن	راستن	27
راست کردن	راستراحت	9
راست کردن	راست	29
راست کردن	می‌راستند	2
راست کردن	براست	21
راست کردن	راستید	14
راست کردن	راستم	22
راست کردن	نراستند	12
راست کردن	می‌راست	26
راست کردن	براستم	11
راست کردن	راست	8
پا در میان گذاشتن	پذام	14
پا در میان گذاشتن	می‌پذام	25
پا در میان گذاشتن	پذامترد	28
پا در میان گذاشتن	می‌پذاند	2
پا در میان گذاشتن	پذاشتن	27
پا در میان گذاشتن	می‌پذام	10
پا در میان گذاشتن	پذام	22
پا در میان گذاشتن	می‌پذامت	26
پا در میان گذاشتن	پذاش	0
پا در میان گذاشتن	پذام	19
پا در میان گذاشتن	پذام	20
پا در میان گذاشتن	بپذام	11
پا در میان گذاشتن	پذام	9
پا در میان گذاشتن	پذام	16
پا در میان گذاشتن	پذام	23
پا در میان گذاشتن	پذام	8
پا در میان گذاشتن	نپذام	1
پا در میان گذاشتن	نپذام	4
پا در میان گذاشتن	برامت	7
پا در میان گذاشتن	پذامِ	6
پا در میان گذاشتن	نپذام	24
پا در میان گذاشتن	نپذام	12
پا در میان گذاشتن	پذام	13
پا در میان گذاشتن	پذام	29
پا در میان گذاشتن	نپذام	5
پا در میان گذاشتن	بپذام	21
پا در میان گذاشتن	نمی‌پذام	15
پا در میان گذاشتن	پذام	30
پا در میان گذاشتن	بپذام	17
پا در میان گذاشتن	پذام	18
پا در میان گذاشتن	بپذام	3
جلق زدن	جستجو	13
جلق زدن	جسلیز	22
جلق زدن	می‌جسیدند	25
جلق زدن	نجسلیز	1
جلق زدن	جستجز	19
جلق زدن	جستجز	29
جلق زدن	بجسلیز	21
جلق زدن	جستجز	28
جلق زدن	جسلیزِ	27
جلق زدن	بجسلی	17
جلق زدن	جستجز	18
جلق زدن	جستجز	30
جلق زدن	جستجو	0
جلق زدن	نجستجز	24
جلق زدن	می‌جسید	26
جلق زدن	می‌جقلیم	10
جلق زدن	بجسید	3
جلق زدن	جستجزد	20
جلق زدن	نجستجو	5
جلق زدن	نجستجز	4
جلق زدن	جستجز	14
جلق زدن	بجسلیم	11
جلق زدن	نجستجو	12
جلق زدن	می‌جسیزند	2
جلق زدن	جستجز	23
جلق زدن	جستجز	9
جلق زدن	جستجز	8
جلق زدن	نمی‌جسید	15
جلق زدن	برسیز	7
جلق زدن	جستجزد	16
جلق زدن	جسلیزِ	6
زوم کردن	زومش	0
زوم کردن	زومی	13
زوم کردن	زوده‌ایم	9
زوم کردن	می‌زومدند	25
زوم کردن	می‌زومود	26
زوم کردن	زومیده	30
زوم کردن	زوده‌اند	20
زوم کردن	می‌زوم	2
زوم کردن	بزوم	11
زوم کردن	بزومید	3
زوم کردن	زومیدید	14
زوم کردن	زوم	23
زوم کردن	زوم	18
زوم کردن	زوم	19
زوم کردن	بزوم	21
زوم کردن	نزومیده‌ام	4
زوم کردن	زومید	29
زوم کردن	برزوم	7
زوم کردن	زوصیم	8
زوم کردن	زومیدند	28
زوم کردن	نزومده‌اید	5
زوم کردن	نزموم	24
زوم کردن	زومِ	6
زوم کردن	نزمومدند	12
زوم کردن	زومیدن	27
زوم کردن	نزومدم	1
زوم کردن	زوم	22
زوم کردن	می‌زوم	10
زوم کردن	زوده‌اید	16
زوم کردن	بزو	17
زوم کردن	نمی‌زومود	15
باور کردن	ابور	6
باور کردن	ابورد	29
باور کردن	ابورگان	0
باور کردن	ببورید	3
باور کردن	ابور	8
باور کردن	می‌بورم	10
باور کردن	بواردید	14
باور کردن	ابوردن	27
باور کردن	ابوردم	22
باور کردن	می‌بوردند	25
باور کردن	بواردی	13
باور کردن	ابوردند	28
باور کردن	نابورده‌اید	5
باور کردن	برابورد	7
باور کردن	می‌بورند	2
باور کردن	بوارده‌اید	16
باور کردن	ببوارد	21
باور کردن	بواردیم	23
باور کردن	نابورد	24
باور کردن	ابورده	30
باور کردن	بوارده‌ایم	9
باور کردن	ببورم	11
باور کردن	ابورده‌اند	20
باور کردن	نمی‌بورد	15
باور کردن	می‌بورد	26
باور کردن	بوارده‌ای	19
باور کردن	نابورن	1
باور کردن	نابوردند	12
باور کردن	نابورده‌ام	4
باور کردن	ببور	17
باور کردن	ابورده‌ام	18
چیندن	نچینده‌اید	5
چیندن	چیندند	28
چیندن	چینده	30
چیندن	بچیند	3
چیندن	نچینده	8
چیندن	چینده‌ایم	9
چیندن	می‌چینم	10
چیندن	بچیند	1
چیندن	می‌چینند	2
چیندن	نچیند	24
چیندن	چیندید	14
چیندن	چیندم	22
چیندن	بچین	17
چیندن	چینده‌ام	18
چیندن	چیندیم	23
چیندن	می‌چینید	4
چیندن	نچیندند	12
چیندن	چیندن	27
چیندن	چیندی	13
چیندن	چیند	29
چیندن	بچیند	21
چیندن	بچینم	11
چیندن	چینده‌ای	19
چیندن	چیندگان	0
چیندن	نمی‌چیند	15
چیندن	چینده‌اند	20
چیندن	چینده‌اید	16
چیندن	می‌چیند	26
چیندن	چین	6
چیندن	برچیند	7
چیندن	می‌چیندند	25
ترکیدن	ترکیدن	27
ترکیدن	می‌ترکیم	10
ترکیدن	نترکیده‌اید	5
ترکیدن	ترک	8
ترکیدن	برتاد	7
ترکیدن	ترکیدیم	23
ترکیدن	نترکش	1
ترکیدن	ترکیدی	13
ترکیدن	بترکیم	11
ترکیدن	ترکیدید	14
ترکیدن	می‌ترکشیدند	25
ترکیدن	بترکید	3
ترکیدن	ترکیده	30
ترکیدن	ترکش	0
ترکیدن	ترکیده‌ام	18
ترکیدن	ترکش	20
ترکیدن	ترکیده‌ای	19
ترکیدن	ترکیده‌ایم	9
ترکیدن	ترکی	6
ترکیدن	ترکیدم	22
ترکیدن	بترکید	21
ترکیدن	می‌ترکش	2
ترکیدن	ترکیده‌اید	16
ترکیدن	ترکیدند	28
ترکیدن	نترکیده‌ام	4
ترکیدن	نترکید	24
ترکیدن	نمی‌ترکید	15
ترکیدن	نترکش	12
ترکیدن	ترکید	29
ترکیدن	می‌ترکید	26
ترکیدن	بترکی	17
نابود کردن	بنابود	3
نابود کردن	نابوده‌اند	20
نابود کردن	نابود	8
نابود کردن	می‌نابود	2
نابود کردن	نابودن	27
نابود کردن	بنابوم	11
نابود کردن	برابود	7
نابود کردن	نابوده‌اید	5
نابود کردن	نابوده‌ایم	9
نابود کردن	بنابو	17
نابود کردن	نابودند	28
نابود کردن	نابوده‌اید	16
نابود کردن	نابودنم	0
نابود کردن	نابودم	22
نابود کردن	می‌نابود	26
نابود کردن	ننابودند	12
نابود کردن	نابود	1
نابود کردن	نابودید	14
نابود کردن	بنابود	21
نابود کردن	نابوده‌ای	19
نابود کردن	نمی‌نابود	15
نابود کردن	نابوده‌ام	18
نابود کردن	نابودۀ	6
نابود کردن	نابوده	30
نابود کردن	نابود	29
نابود کردن	نابودی	13
نابود کردن	ننابود	24
نابود کردن	می‌نابودند	25
نابود کردن	نابودیم	23
نابود کردن	می‌نابوم	10
نابود کردن	نابود	4
خط زدن	می‌خویم	10
خط زدن	خویدن	27
خط زدن	خوانده‌اند	20
خط زدن	برخاند	7
خط زدن	نخوینند	1
خط زدن	بخش	21
خط زدن	خواندیم	23
خط زدن	خوانده‌ام	18
خط زدن	می‌خواندند	25
خط زدن	خویزدند	28
خط زدن	می‌خواند	26
خط زدن	خویزد	29
خط زدن	خان	8
خط زدن	نخوانده‌اید	5
خط زدن	خواندم	22
خط زدن	می‌خوانند	2
خط زدن	بخانید	3
خط زدن	بخشیم	11
خط زدن	نخوینده‌ام	4
خط زدن	خواندید	14
خط زدن	بخش	17
خط زدن	نخواندند	12
خط زدن	خویزده	30
خط زدن	خوانده‌ایم	9
خط زدن	خویزده‌ای	19
خط زدن	نخوید	24
خط زدن	خویزدی	13
خط زدن	خوانده‌اید	16
خط زدن	خخوی	6
خط زدن	نمی‌خواند	15
خط زدن	خواندگان	0
حرکت کردن	نمی‌رکت	15
حرکت کردن	رکتن	27
حرکت کردن	برکت	11
حرکت کردن	برکشت	7
حرکت کردن	نرکته‌ام	4
حرکت کردن	رکتیم	23
حرکت کردن	نرکتم	1
حرکت کردن	برکشت	21
حرکت کردن	نرکت	24
حرکت کردن	رکترک	28
حرکت کردن	رکت	29
حرکت کردن	رکتۀ	6
حرکت کردن	رک	8
حرکت کردن	رکترک	20
حرکت کردن	می‌حرکت	10
حرکت کردن	رکت	19
حرکت کردن	رکت	18
حرکت کردن	رکتم	22
حرکت کردن	برکت	17
حرکت کردن	رکشت	0
حرکت کردن	رکته	30
حرکت کردن	رکتید	14
حرکت کردن	رکتی	13
حرکت کردن	می‌حرکشتند	25
حرکت کردن	برکشت	3
حرکت کردن	می‌حترک	2
حرکت کردن	رکته‌ایم	9
حرکت کردن	می‌حرکشت	26
حرکت کردن	رکته‌اید	16
حرکت کردن	نرکته‌اید	5
حرکت کردن	نرکتند	12
آشنا شدن	بآشنا	11
آشنا شدن	آشنا	14
آشنا شدن	بآشنا	21
آشنا شدن	نآشنا	5
آشنا شدن	آشنا	29
آشنا شدن	می‌آشنام	10
آشنا شدن	آشنا	13
آشنا شدن	نآشنا	24
آشنا شدن	نآشنا	12
آشنا شدن	آشنا	9
آشنا شدن	می‌آشنا	2
آشنا شدن	آشنا	23
آشنا شدن	آشنا	28
آشنا شدن	آشنا	19
آشنا شدن	می‌آشنا	26
آشنا شدن	آشنا	6
آشنا شدن	آشنا	22
آشنا شدن	نمی‌آشنا	15
آشنا شدن	آشنا	8
آشنا شدن	آشنا	16
آشنا شدن	بآشنا	17
آشنا شدن	برآشنا	7
آشنا شدن	آشنا	4
آشنا شدن	بآشنا	3
آشنا شدن	بآشنا	1
آشنا شدن	آشنا	0
آشنا شدن	می‌آشنا	25
آشنا شدن	آشنا	20
آشنا شدن	آشنا	27
آشنا شدن	آشنا	18
آشنا شدن	آشنا	30
آبتنی کردن	آبتبوید	16
آبتنی کردن	بآبریت	21
آبتنی کردن	بآبریت	3
آبتنی کردن	نآبرید	24
آبتنی کردن	برآبرآ	7
آبتنی کردن	آبتیم	18
آبتنی کردن	بآبریم	11
آبتنی کردن	نآبویت	4
آبتنی کردن	نآبریتم	1
آبتنی کردن	آبتبویم	9
آبتنی کردن	آبتی	13
آبتنی کردن	آبتیم	23
آبتنی کردن	می‌آبودند	25
آبتنی کردن	آبتی	27
آبتنی کردن	آبتید	28
آبتنی کردن	نآبویته‌اید	5
آبتنی کردن	نآبویتند	12
آبتنی کردن	می‌آب	2
آبتنی کردن	آبتبرید	20
آبتنی کردن	آبت	29
آبتنی کردن	می‌آبود	26
آبتنی کردن	آبتب	30
آبتنی کردن	بآبری	17
آبتنی کردن	نمی‌آب	15
آبتنی کردن	آبتۀ	6
آبتنی کردن	آبتیم	22
آبتنی کردن	آبتب	19
آبتنی کردن	آبنت	8
آبتنی کردن	می‌آبریم	10
آبتنی کردن	آبتبد	14
آبتنی کردن	آبتم	0
سر کردن	می‌سرک	10
سر کردن	بسرسکرک	17
سر کردن	می‌سرکنند	2
سر کردن	می‌سرکردند	25
سر کردن	سرکش	0
سر کردن	سرکش	20
سر کردن	نسرکرد	24
سر کردن	سرک	30
سر کردن	نمی‌سرک	15
سر کردن	سرکش	22
سر کردن	سرکرده‌ای	19
سر کردن	می‌سرکرد	26
سر کردن	نسرکش	1
سر کردن	بسرسلیم	11
سر کردن	بسرسکرید	3
سر کردن	سرکردند	28
سر کردن	سرکش	23
سر کردن	بسرسکرد	21
سر کردن	سرک	29
سر کردن	سرکرده‌ایم	9
سر کردن	نسرکش	12
سر کردن	نسرکممم	5
سر کردن	برسرک	7
سر کردن	سرکردی	13
سر کردن	سرکرده‌ام	18
سر کردن	سرکرده‌اید	16
سر کردن	نسرک	4
سر کردن	سرک	8
سر کردن	سرسکردن	27
سر کردن	سرکِ	6
سر کردن	سرکش	14
تمرین کردن	تمریند	28
تمرین کردن	تمرین	22
تمرین کردن	تمرین	14
تمرین کردن	تمرین	8
تمرین کردن	بتمریم	11
تمرین کردن	نتمرین	1
تمرین کردن	تمرین	16
تمرین کردن	می‌تمریم	10
تمرین کردن	می‌تمریند	2
تمرین کردن	بتمری	17
تمرین کردن	تمرین	13
تمرین کردن	برترک	7
تمرین کردن	نتمرین	24
تمرین کردن	می‌تمرید	26
تمرین کردن	نتمرین	12
تمرین کردن	تمرین	18
تمرین کردن	تمرین	29
تمرین کردن	نتمرین	5
تمرین کردن	نتمرین	4
تمرین کردن	بتمرین	3
تمرین کردن	تمرین	9
تمرین کردن	تمرین	23
تمرین کردن	تمرین	27
تمرین کردن	تمرین	19
تمرین کردن	تمرین	30
تمرین کردن	می‌تمریند	25
تمرین کردن	نمی‌تمرید	15
تمرین کردن	بتمرین	21
تمرین کردن	تمرین	0
تمرین کردن	تمرین	6
تمرین کردن	تمرین	20
استفاده کردن	استفادۀ	6
استفاده کردن	باستفاده	17
استفاده کردن	ناستفاده‌ام	4
استفاده کردن	استفاده‌ایم	9
استفاده کردن	استفادم	22
استفاده کردن	ناستفاده‌اید	5
استفاده کردن	می‌استفاده	26
استفاده کردن	استفاده‌ای	19
استفاده کردن	می‌استفاده	25
استفاده کردن	استفاده‌اند	20
استفاده کردن	استفادیم	23
استفاده کردن	براستفاده	7
استفاده کردن	استفادید	14
استفاده کردن	استفادگان	0
استفاده کردن	می‌استفاده	10
استفاده کردن	استفاده‌ام	18
استفاده کردن	ناستفادم	1
استفاده کردن	نمی‌استاده	15
استفاده کردن	استفاده	30
استفاده کردن	باستفاده	11
استفاده کردن	ناستفاده	24
استفاده کردن	ناستفاده	12
استفاده کردن	ناستفاده‌ام	3
استفاده کردن	استفادی	13
استفاده کردن	می‌استفاده	2
استفاده کردن	استفاد	29
استفاده کردن	استفاده‌اید	16
استفاده کردن	باستفاد	21
استفاده کردن	استفادن	27
استفاده کردن	استفاده	8
استفاده کردن	استفادند	28
آغاز شدن	می‌آغازِ	4
آغاز شدن	آغاز	0
آغاز شدن	آغاز	20
آغاز شدن	بآغاز	21
آغاز شدن	آغازِ	9
آغاز شدن	آغازِ	23
آغاز شدن	آغازی	13
آغاز شدن	آغازِ	19
آغاز شدن	بآغاز	11
آغاز شدن	آغازِ	16
آغاز شدن	آغاز	8
آغاز شدن	نآغاز	5
آغاز شدن	می‌آغاز	25
آغاز شدن	آغاز	22
آغاز شدن	می‌آغاز	10
آغاز شدن	نآغاز	12
آغاز شدن	نآغاز	24
آغاز شدن	نمی‌آغاز	15
آغاز شدن	آغازید	14
آغاز شدن	آغازه‌ام	18
آغاز شدن	بآغاز	1
آغاز شدن	آغازِ	28
آغاز شدن	آغاز	29
آغاز شدن	بآغاز	3
آغاز شدن	آغازِ	6
آغاز شدن	برآغاز	7
آغاز شدن	می‌آغاز	26
آغاز شدن	بآغاز	17
آغاز شدن	آغازِ	27
آغاز شدن	آغاز	30
آغاز شدن	می‌آغاز	2
اعتراض کردن	می‌اعتراض	10
اعتراض کردن	ناعتراض	5
اعتراض کردن	نمی‌اعت	15
اعتراض کردن	اعتراض	18
اعتراض کردن	ناعتراض	24
اعتراض کردن	اعتراض	29
اعتراض کردن	ناعتراض	1
اعتراض کردن	می‌اعتراض	25
اعتراض کردن	اعتراض	19
اعتراض کردن	باعتراض	21
اعتراض کردن	اعتراض	30
اعتراض کردن	اعتراض	9
اعتراض کردن	اعتراض	23
اعتراض کردن	اعتراض	27
اعتراض کردن	می‌اعتراض	26
اعتراض کردن	اعتراض	6
اعتراض کردن	اعتراض	28
اعتراض کردن	اعتراض	20
اعتراض کردن	اعتراض	0
اعتراض کردن	باعتراض	3
اعتراض کردن	اعتراض	22
اعتراض کردن	باعتراض	17
اعتراض کردن	اعتراض	14
اعتراض کردن	می‌اعتراض	2
اعتراض کردن	اعتراض	16
اعتراض کردن	ناعتراض	4
اعتراض کردن	اعتراض	8
اعتراض کردن	اعتراض	13
اعتراض کردن	براعتراض	7
اعتراض کردن	ناعتراض	12
اعتراض کردن	باعتراض	11
فشردن	نفشرد	24
فشردن	نفشردند	12
فشردن	فشردید	14
فشردن	فشرد	29
فشردن	فشرده‌ایم	9
فشردن	فشر	6
فشردن	فشردیم	23
فشردن	بفشرد	21
فشردن	می‌فشرم	10
فشردن	می‌فشردند	25
فشردن	فشردگان	0
فشردن	فشردن	27
فشردن	بفشرند	1
فشردن	فشرده‌ای	19
فشردن	فشرده‌اید	16
فشردن	بفشرید	3
فشردن	بفشر	17
فشردن	فشردند	28
فشردن	می‌فشرد	26
فشردن	می‌فشرند	2
فشردن	فشرده	30
فشردن	بفشرم	11
فشردن	نفشرده	8
فشردن	نفشرده‌اید	5
فشردن	فشرده‌ام	18
فشردن	فشردی	13
فشردن	نمی‌فشرد	15
فشردن	فشرده‌اند	20
فشردن	برفشرد	7
فشردن	فشردم	22
فشردن	می‌فشرید	4
توصیف کردن	توصیف	4
توصیف کردن	بتوصیف	17
توصیف کردن	برتوصیف	7
توصیف کردن	توصیفِ	6
توصیف کردن	بتوصیف	3
توصیف کردن	توصیف	0
توصیف کردن	توصیف	20
توصیف کردن	می‌توصیف	2
توصیف کردن	توصیف	27
توصیف کردن	توصیف	18
توصیف کردن	توصیف	30
توصیف کردن	توصیف	14
توصیف کردن	بتوصیف	21
توصیف کردن	توصیف	29
توصیف کردن	بتوصیم	11
توصیف کردن	توصیف	13
توصیف کردن	نتوصیف	1
توصیف کردن	توصیف	9
توصیف کردن	توصیف	23
توصیف کردن	نمی‌توصی	15
توصیف کردن	توصیف	19
توصیف کردن	توصیف	28
توصیف کردن	می‌توصیف	25
توصیف کردن	می‌توصیف	26
توصیف کردن	توصیف	22
توصیف کردن	نتوصیف	5
توصیف کردن	می‌توصیم	10
توصیف کردن	توصیف	8
توصیف کردن	نتوصیف	12
توصیف کردن	نتوصیف	24
توصیف کردن	توصیف	16
جمع شدن	بجعام	11
جمع شدن	جعتجو	19
جمع شدن	برججش	7
جمع شدن	جمردن	27
جمع شدن	جعتجو	23
جمع شدن	نموشته‌اید	5
جمع شدن	جمج‌ام	18
جمع شدن	می‌جمعمی‌جودند	25
جمع شدن	جمج‌جوعد	29
جمع شدن	می‌جم	2
جمع شدن	جسلیم	20
جمع شدن	جم	8
جمع شدن	می‌جم	26
جمع شدن	جمش	0
جمع شدن	جمعتجد	28
جمع شدن	بجعوش	21
جمع شدن	می‌جمیند	4
جمع شدن	جم	22
جمع شدن	نموشعت	24
جمع شدن	جعتجو	30
جمع شدن	بجم	17
جمع شدن	جم	9
جمع شدن	جمج‌جوعدید	14
جمع شدن	می‌جم	10
جمع شدن	نمی‌جم	15
جمع شدن	بجعامید	3
جمع شدن	بجعام	1
جمع شدن	جسلیم	13
جمع شدن	جمِ	6
جمع شدن	نجموشتند	12
جمع شدن	جعتجو	16
پا به جهان گذاشتن	می‌پذابه	2
پا به جهان گذاشتن	پذابه‌اند	20
پا به جهان گذاشتن	پذابه	28
پا به جهان گذاشتن	پذاب	29
پا به جهان گذاشتن	بپذابه	17
پا به جهان گذاشتن	بپذابه	11
پا به جهان گذاشتن	پذاب	13
پا به جهان گذاشتن	پذابه	14
پا به جهان گذاشتن	پذابه‌ام	18
پا به جهان گذاشتن	پذابه	30
پا به جهان گذاشتن	برپذاب	7
پا به جهان گذاشتن	نپذابه	24
پا به جهان گذاشتن	می‌پذابه	10
پا به جهان گذاشتن	پذابه	27
پا به جهان گذاشتن	نمی‌پذاب	15
پا به جهان گذاشتن	نپذابه	12
پا به جهان گذاشتن	نپذابه‌اید	5
پا به جهان گذاشتن	پذابِ	6
پا به جهان گذاشتن	پذابه‌ایم	9
پا به جهان گذاشتن	پذابه‌ایم	23
پا به جهان گذاشتن	نپذابه‌ام	4
پا به جهان گذاشتن	نپذابه	3
پا به جهان گذاشتن	پذابه‌اید	16
پا به جهان گذاشتن	نپذابه	1
پا به جهان گذاشتن	می‌پذابه	26
پا به جهان گذاشتن	پذاب	0
پا به جهان گذاشتن	بپذابه	21
پا به جهان گذاشتن	پذاب	22
پا به جهان گذاشتن	پذابه‌ای	19
پا به جهان گذاشتن	می‌پذابه‌ان	25
پا به جهان گذاشتن	پذابه	8
به زبان آوردن	ببوید	3
به زبان آوردن	بهوده‌اید	16
به زبان آوردن	نمی‌بهواب	15
به زبان آوردن	نبودم	1
به زبان آوردن	ببود	17
به زبان آوردن	می‌بوابزدند	25
به زبان آوردن	بهواب	0
به زبان آوردن	بهویز	8
به زبان آوردن	می‌بواب	2
به زبان آوردن	نبوده‌ام	4
به زبان آوردن	نبوده‌اید	5
به زبان آوردن	می‌بواب	26
به زبان آوردن	برآهاب	7
به زبان آوردن	بهواب	18
به زبان آوردن	بهوده‌اند	20
به زبان آوردن	بهواب	27
به زبان آوردن	بهودند	28
به زبان آوردن	نبود	24
به زبان آوردن	ببوازم	11
به زبان آوردن	بهوده	30
به زبان آوردن	بهواب	29
به زبان آوردن	می‌بواب	10
به زبان آوردن	بهواب	13
به زبان آوردن	ببود	21
به زبان آوردن	بهواب	9
به زبان آوردن	بهواب	23
به زبان آوردن	بهواب	19
به زبان آوردن	نبودند	12
به زبان آوردن	بهودید	14
به زبان آوردن	بهواب	22
به زبان آوردن	بهوابِ	6
حرف زدن	بحرف	17
حرف زدن	حرفتۀ	6
حرف زدن	نشرفته‌اید	5
حرف زدن	بحرف	3
حرف زدن	حرفتی	13
حرف زدن	حرفت	19
حرف زدن	بحرف	1
حرف زدن	نشرفت	24
حرف زدن	شرف	8
حرف زدن	شرفته‌ام	18
حرف زدن	بحرفت	21
حرف زدن	حرفتید	14
حرف زدن	بشرفت	11
حرف زدن	می‌شرفند	2
حرف زدن	حرفت	29
حرف زدن	می‌شرفت	10
حرف زدن	برفشز	7
حرف زدن	می‌شرفتند	25
حرف زدن	شرفتم	22
حرف زدن	شرفته‌ایم	9
حرف زدن	نشرفتند	12
حرف زدن	شرفتند	28
حرف زدن	شرفته‌اید	16
حرف زدن	نمی‌شرفت	15
حرف زدن	می‌شرفت	26
حرف زدن	شرفتن	27
حرف زدن	حرفته‌اند	20
حرف زدن	شرفتگان	0
حرف زدن	شرفتیم	23
حرف زدن	حرفته	30
حرف زدن	می‌شرف	4
فریاد زدن	نفرید	24
فریاد زدن	فریده‌اند	20
فریاد زدن	فرفان	0
فریاد زدن	می‌فرید	2
فریاد زدن	فریدی	13
فریاد زدن	فریدم	22
فریاد زدن	می‌فرید	4
فریاد زدن	فرید	29
فریاد زدن	فریدید	14
فریاد زدن	نفریده‌اید	5
فریاد زدن	بفرید	1
فریاد زدن	فریده‌ای	19
فریاد زدن	می‌فریدند	25
فریاد زدن	فریدن	27
فریاد زدن	فریدند	28
فریاد زدن	نمی‌فرید	15
فریاد زدن	بفرید	21
فریاد زدن	نفریدند	12
فریاد زدن	می‌فریم	10
فریاد زدن	فریدیم	23
فریاد زدن	بفری	17
فریاد زدن	بفرید	3
فریاد زدن	فریده‌ام	18
فریاد زدن	فری	6
فریاد زدن	فریده‌ایم	9
فریاد زدن	برفاد	7
فریاد زدن	فریده‌اید	16
فریاد زدن	بفریم	11
فریاد زدن	فریده	30
فریاد زدن	می‌فرید	26
فریاد زدن	فرید	8
جا گذاشتن	بجاگذت	11
جا گذاشتن	نمی‌اعت	15
جا گذاشتن	جاضاگذته‌ام	18
جا گذاشتن	جاشتگان	0
جا گذاشتن	جاعتج	8
جا گذاشتن	جاض	20
جا گذاشتن	جاعته	30
جا گذاشتن	جاضتید	14
جا گذاشتن	می‌اگذت	10
جا گذاشتن	جاگذتیم	23
جا گذاشتن	جاعتم	22
جا گذاشتن	جاعت	29
جا گذاشتن	جاعته‌ایم	9
جا گذاشتن	ناجت	24
جا گذاشتن	جاگِ	6
جا گذاشتن	براگذت	7
جا گذاشتن	می‌اگذت	26
جا گذاشتن	جاضاگذته‌اید	16
جا گذاشتن	بجاگذت	17
جا گذاشتن	می‌ازتگاند	2
جا گذاشتن	می‌اگذتند	25
جا گذاشتن	بجاگت	21
جا گذاشتن	بجاگذت	3
جا گذاشتن	جاض	28
جا گذاشتن	ناجته‌اید	5
جا گذاشتن	جاض	27
جا گذاشتن	جاضاگذتی	13
جا گذاشتن	ناجستم	1
جا گذاشتن	ناجتند	12
جا گذاشتن	جاضاگذته‌ای	19
جا گذاشتن	ناجته‌ام	4
استراحت کردن	براست	7
استراحت کردن	استراحته	30
استراحت کردن	ناستراحتند	12
استراحت کردن	باستراحت	11
استراحت کردن	ناستراحتم	1
استراحت کردن	استراحتید	14
استراحت کردن	استراحته‌ایم	9
استراحت کردن	می‌استراحت	2
استراحت کردن	باستراحت	21
استراحت کردن	استراحتند	28
استراحت کردن	استراحتیم	23
استراحت کردن	استراحت	0
استراحت کردن	استراحت	20
استراحت کردن	استراحت	16
استراحت کردن	استراحت	8
استراحت کردن	استراحته‌ام	18
استراحت کردن	استراحته‌ای	19
استراحت کردن	استراحتۀ	6
استراحت کردن	می‌استراحت	26
استراحت کردن	ناستراحت	24
استراحت کردن	باستراحت	17
استراحت کردن	می‌استند	25
استراحت کردن	استراحت	29
استراحت کردن	ناستراحت	5
استراحت کردن	باستراحت	3
استراحت کردن	ناستراحت	4
استراحت کردن	می‌استراحت	10
استراحت کردن	استراحتی	13
استراحت کردن	استراحتن	27
استراحت کردن	نمی‌است	15
استراحت کردن	استراحتم	22
تنیدن	نتنیده‌ام	4
تنیدن	نتنیده	8
تنیدن	برتنید	7
تنیدن	بتنید	21
تنیدن	می‌تنید	2
تنیدن	بتنی	17
تنیدن	تنیدید	14
تنیدن	تنیده‌ای	19
تنیدن	نتنیدم	1
تنیدن	تنیدی	13
تنیدن	نتنیدند	12
تنیدن	تنید	29
تنیدن	تنیدم	22
تنیدن	تنیده	30
تنیدن	می‌تنم	10
تنیدن	تنیدگان	0
تنیدن	نتنیده‌اید	5
تنیدن	می‌تنیدند	25
تنیدن	تنی	6
تنیدن	بتنیم	11
تنیدن	تنیدیم	23
تنیدن	تنیده‌اند	20
تنیدن	تنیده‌اید	16
تنیدن	تنیدن	27
تنیدن	بتنید	3
تنیدن	تنیده‌ام	18
تنیدن	می‌تنید	26
تنیدن	تنیده‌ایم	9
تنیدن	تنیدند	28
تنیدن	نمی‌تنید	15
تنیدن	نتنید	24
