descobrir	descobris	15
descobrir	descobrirei	1
descobrir	descobrires	23
descobrir	descobrir-se	17
descobrir	descobriva	21
descobrir	descobri	32
descobrir	descobre	7
descobrir	descobrindo	9
descobrir	descobrir	33
descobrir	descobrir	6
descobrir	descobrido	30
descobrir	descobriram	31
descobrir	descobrisse	18
descobrir	descobriremos	11
descobrir	descobrei	4
descobrir	descobriste	25
descobrir	descobridas	8
descobrir	descobrirá	24
descobrir	descobri	12
descobrir	descobri	26
descobrir	descobridos	27
descobrir	descobriu	20
descobrir	descobris	19
descobrir	descobres	16
descobrir	descobrirás	13
descobrir	descobrir-me	5
descobrir	descobrir-lo	10
descobrir	descobrir-te	3
descobrir	descobrida	2
descobrir	descobrirão	22
descobrir	descobrirem	29
descobrir	descobrem	14
descobrir	descobrim	28
descobrir	descobriram-no	0
acomodar	acomoda	32
acomodar	acomodaremos	11
acomodar	acomodem	14
acomodar	acomodarei	1
acomodar	acomodarem	29
acomodar	acomodo	26
acomodar	acomodas	19
acomodar	acomodarás	13
acomodar	acomodares	23
acomodar	acomodar-se	17
acomodar	acomodam	28
acomodar	acomodaste	25
acomodar	acomodá-lo	10
acomodar	acomodasse	18
acomodar	acomodando	9
acomodar	acomodá-los	6
acomodar	acomodava	21
acomodar	acomodação	3
acomodar	acomoda	12
acomodar	acomodaram	31
acomodar	acomodou	20
acomodar	acomode	7
acomodar	acomodei	4
acomodar	acomodados	27
acomodar	acomodada	2
acomodar	acomodadas	8
acomodar	acomodar-me	5
acomodar	acomodes	16
acomodar	acomodará	24
acomodar	acomodavam	0
acomodar	acomodos	15
acomodar	acomodar	33
acomodar	acomodarão	22
acomodar	acomodado	30
orientar	orientar-me	5
orientar	orientaremos	11
orientar	orientares	23
orientar	orientaram	31
orientar	orientes	16
orientar	orientarei	1
orientar	orienta	12
orientar	orientar-se	17
orientar	orientem	14
orientar	orientasse	18
orientar	orientarão	22
orientar	orientar	33
orientar	orientará	24
orientar	orientam	28
orientar	orientou	20
orientar	orientado	30
orientar	orientada	2
orientar	orientarás	13
orientar	oriente	7
orientar	orientá-lo	10
orientar	orientados	27
orientar	orientando	9
orientar	orienta	32
orientar	orientas	19
orientar	orientavam	0
orientar	orientá-los	6
orientar	orientações	8
orientar	orientação	3
orientar	orientei	4
orientar	orientaste	25
orientar	oriento	26
orientar	orientava	21
orientar	orientos	15
orientar	orientarem	29
agourentar	agourentaram	31
agourentar	agourentaremos	11
agourentar	agourentá-los	6
agourentar	agourenta	12
agourentar	agourentará	24
agourentar	agourentarem	29
agourentar	agourente	7
agourentar	agourentaste	25
agourentar	agourentando	9
agourentar	agourentar-te	3
agourentar	agourentar-me	5
agourentar	agourentou	20
agourentar	agourento	26
agourentar	agourentarão	22
agourentar	agourentes	16
agourentar	agourentarei	1
agourentar	agourentá-lo	10
agourentar	agourentam	28
agourentar	agourentadas	8
agourentar	agourentas	19
agourentar	agourentem	14
agourentar	agourentada	2
agourentar	agourentos	15
agourentar	agourentares	23
agourentar	agourentei	4
agourentar	agourentado	30
agourentar	agourentasse	18
agourentar	agourentar-se	17
agourentar	agourenta	32
agourentar	agourentava	21
agourentar	agourentar	33
agourentar	agourentados	27
agourentar	agourentavam	0
agourentar	agourentarás	13
encobrir	encobri	32
encobrir	encobrir-lo	10
encobrir	encobrindo	9
encobrir	encobrem	14
encobrir	encobrir-te	3
encobrir	encobrirei	1
encobrir	encobriva	21
encobrir	encobrisse	18
encobrir	encobris	15
encobrir	encobrir-se	17
encobrir	encobrir-me	5
encobrir	encobri	12
encobrir	encobriremos	11
encobrir	encobrido	30
encobrir	encobrirá	24
encobrir	encobriu	20
encobrir	encobrires	23
encobrir	encobre	7
encobrir	encobrir	33
encobrir	encobrirem	29
encobrir	encobrir	6
encobrir	encobris	19
encobrir	encobrida	2
encobrir	encobrirão	22
encobrir	encobri	26
encobrir	encobridas	8
encobrir	encobriram	31
encobrir	encobrirás	13
encobrir	encobriste	25
encobrir	encobrim	28
encobrir	encobriram-no	0
encobrir	encobridos	27
encobrir	encobrei	4
encobrir	encobres	16
deyxar	deravavam	0
deyxar	derxou	20
deyxar	derados	27
deyxar	derxam	28
deyxar	deraste	25
deyxar	deraremos	11
deyxar	deravava	21
deyxar	derxei	4
deyxar	derarás	13
deyxar	derará	24
deyxar	derar-te	3
deyxar	derarão	22
deyxar	derar-se	17
deyxar	derarei	1
deyxar	deranando	9
deyxar	derado	30
deyxar	derxá-los	6
deyxar	derxá-lo	10
deyxar	derar	33
deyxar	derxa	12
deyxar	deraxadas	8
deyxar	derxe	7
deyxar	derxo	26
deyxar	deraram	31
deyxar	derares	23
deyxar	derasse	18
deyxar	derxes	16
deyxar	derxem	14
deyxar	derada	2
deyxar	deras	19
deyxar	deradar-me	5
deyxar	derxa	32
deyxar	derarem	29
deyxar	derxos	15
meter	mete	26
meter	mete	32
meter	meteu	20
meter	meter-se	17
meter	metes	19
meter	meterão	22
meter	meterem	29
meter	meteram-no	0
meter	meter	6
meter	metei	4
meter	meter-lo	10
meter	meteram	31
meter	meteram-se	9
meter	metesse	18
meter	metedos	27
meter	meterei	1
meter	meteremos	11
meter	meteres	23
meter	meteva	21
meter	meterá	24
meter	meter-me	5
meter	metermos	2
meter	mete	12
meter	metedo	30
meter	mete	7
meter	metes	15
meter	meteste	25
meter	metem	28
meter	metes	16
meter	meter	33
meter	metedas	8
meter	meter-te	3
meter	meterás	13
meter	metem	14
perfilhar	perfilha	32
perfilhar	perfilhares	23
perfilhar	perfilhavam	0
perfilhar	perfilharás	13
perfilhar	perfilhado	30
perfilhar	perfilhá-los	6
perfilhar	perfilhava	21
perfilhar	perfilhasse	18
perfilhar	perfilhação	3
perfilhar	perfilhará	24
perfilhar	perfilhas	19
perfilhar	perfilharemos	11
perfilhar	perfilhei	4
perfilhar	perfilhes	16
perfilhar	perfilharem	29
perfilhar	perfilhos	15
perfilhar	perfilharão	22
perfilhar	perfilhá-lo	10
perfilhar	perfilharam	31
perfilhar	perfilhados	27
perfilhar	perfilhou	20
perfilhar	perfilha	12
perfilhar	perfilham	28
perfilhar	perfilhar-me	5
perfilhar	perfilhar	33
perfilhar	perfilhem	14
perfilhar	perfilhadas	8
perfilhar	perfilhe	7
perfilhar	perfilhar-se	17
perfilhar	perfilharei	1
perfilhar	perfilhando	9
perfilhar	perfilho	26
perfilhar	perfilhada	2
perfilhar	perfilhaste	25
recear	recear	33
recear	receá-lo	10
recear	recearás	13
recear	recem	14
recear	receados	27
recear	receasse	18
recear	ceado	5
recear	reces	16
recear	receaste	25
recear	receará	24
recear	recearem	29
recear	cea	12
recear	recee	7
recear	receas	19
recear	cear	6
recear	receos	15
recear	receado	30
recear	cearam	0
recear	receares	23
recear	recearão	22
recear	ceará	11
recear	receadas	8
recear	ceam	4
recear	receo	26
recear	receam	28
recear	receada	2
recear	receou	20
recear	recear-se	17
recear	recea	32
recear	receando	9
recear	recearam	31
recear	recearei	1
recear	receava	21
recear	recear-te	3
largar	larges	16
largar	largada	2
largar	larga	32
largar	largavam	0
largar	largadas	8
largar	largam	28
largar	largares	23
largar	largarão	22
largar	largasse	18
largar	largo	26
largar	largou	20
largar	largará	24
largar	largar-se	17
largar	largado	30
largar	largando	9
largar	largá-lo	10
largar	largarei	1
largar	largei	4
largar	large	7
largar	largaram	31
largar	largava	21
largar	largá-los	6
largar	largar	33
largar	largas	19
largar	largos	15
largar	largar-me	5
largar	largem	14
largar	largaste	25
largar	largarem	29
largar	largados	27
largar	larga	12
largar	largar-te	3
largar	largarás	13
largar	largaremos	11
amedrontar	amedronta	32
amedrontar	amedrontando	9
amedrontar	amedrontem	14
amedrontar	amedrontava	21
amedrontar	amedronte	7
amedrontar	amedrontares	23
amedrontar	amedrontei	4
amedrontar	amedrontos	15
amedrontar	amedrontado	30
amedrontar	amedrontadas	8
amedrontar	amedrontarem	29
amedrontar	amedrontaram	31
amedrontar	amedrontarás	13
amedrontar	amedrontavam	0
amedrontar	amedrontá-lo	10
amedrontar	amedrontar-te	3
amedrontar	amedrontá-los	6
amedrontar	amedronto	26
amedrontar	amedrontarão	22
amedrontar	amedrontará	24
amedrontar	amedronta	12
amedrontar	amedrontaste	25
amedrontar	amedrontar-se	17
amedrontar	amedrontar	33
amedrontar	amedrontou	20
amedrontar	amedrontam	28
amedrontar	amedrontada	2
amedrontar	amedrontas	19
amedrontar	amedrontaremos	11
amedrontar	amedrontes	16
amedrontar	amedrontar-me	5
amedrontar	amedrontarei	1
amedrontar	amedrontados	27
amedrontar	amedrontasse	18
espasmar	espasma	12
espasmar	espasmando	9
espasmar	espasmou	20
espasmar	espasmadas	8
espasmar	espasmas	19
espasmar	espasmo	26
espasmar	espasmavam	0
espasmar	espasmaste	25
espasmar	espasmação	3
espasmar	espasmado	30
espasmar	espasmar	33
espasmar	espasme	7
espasmar	espasmados	27
espasmar	espasmará	24
espasmar	espasmes	16
espasmar	espasma	32
espasmar	espasmam	28
espasmar	espasmada	2
espasmar	espasmei	4
espasmar	espasmar-me	5
espasmar	espasmarás	13
espasmar	espasmos	15
espasmar	espasmar-se	17
espasmar	espasmarem	29
espasmar	espasmasse	18
espasmar	espasmarão	22
espasmar	espasmá-lo	10
espasmar	espasmaremos	11
espasmar	espasmaram	31
espasmar	espasmares	23
espasmar	espasmem	14
espasmar	espasmá-los	6
espasmar	espasmava	21
espasmar	espasmarei	1
dividir	dividei	4
dividir	dividir-me	5
dividir	dividir-te	3
dividir	dividido	30
dividir	dividisse	18
dividir	dividiremos	11
dividir	dividis	15
dividir	dividirão	22
dividir	dividindo	9
dividir	dividir-se	17
dividir	dividirás	13
dividir	dividirá	24
dividir	dividir	33
dividir	dividiva	21
dividir	dividi	32
dividir	dividiram	31
dividir	dividi	26
dividir	dividirem	29
dividir	divididos	27
dividir	dividirei	1
dividir	dividida	2
dividir	dividiu	20
dividir	dividis	19
dividir	divididas	8
dividir	dividires	23
dividir	dividiram-no	0
dividir	divide	7
dividir	divides	16
dividir	dividi	12
dividir	dividir-lo	10
dividir	dividem	14
dividir	dividiste	25
dividir	dividir	6
dividir	dividim	28
somar	somaremos	11
somar	somarei	1
somar	somarão	22
somar	somar	33
somar	somar-se	17
somar	soma	12
somar	somasse	18
somar	somaste	25
somar	somarem	29
somar	somavam	0
somar	somando	9
somar	somado	30
somar	somar-te	3
somar	somava	21
somar	somam	28
somar	somou	20
somar	some	7
somar	somem	14
somar	somes	16
somar	somar-me	5
somar	somá-los	6
somar	somados	27
somar	somada	2
somar	somará	24
somar	somei	4
somar	somares	23
somar	somo	26
somar	somadas	8
somar	somas	19
somar	soma	32
somar	somá-lo	10
somar	somaram	31
somar	somarás	13
somar	somos	15
colher	colhedos	27
colher	colher-lo	10
colher	colheram-no	0
colher	colherem	29
colher	colherá	24
colher	colherei	1
colher	colhendo	9
colher	colhe	32
colher	colher-te	3
colher	colhei	4
colher	colhermos	2
colher	colherão	22
colher	colhem	14
colher	colheram	31
colher	colher	33
colher	colheva	21
colher	colher	6
colher	colhedo	30
colher	colhes	19
colher	colher-me	5
colher	colhe	12
colher	colhedas	8
colher	colherás	13
colher	colhe	7
colher	colheres	23
colher	colhem	28
colher	colher-se	17
colher	colhes	16
colher	colhe	26
colher	colhesse	18
colher	colheu	20
colher	colhes	15
colher	colheremos	11
colher	colheste	25
desmarcar	desmarcá-lo	10
desmarcar	desmarce	7
desmarcar	desmarcando	9
desmarcar	desmarcos	15
desmarcar	desmarcasse	18
desmarcar	desmarca	12
desmarcar	desmarcava	21
desmarcar	desmarcarão	22
desmarcar	desmarcará	24
desmarcar	desmarcarás	13
desmarcar	desmarcarem	29
desmarcar	desmarcação	3
desmarcar	desmarcado	30
desmarcar	desmarcar	33
desmarcar	desmarcas	19
desmarcar	desmarcem	14
desmarcar	desmarcadas	8
desmarcar	desmarcou	20
desmarcar	desmarcá-los	6
desmarcar	desmarcarei	1
desmarcar	desmarco	26
desmarcar	desmarcam	28
desmarcar	desmarca	32
desmarcar	desmarces	16
desmarcar	desmarcaremos	11
desmarcar	desmarcaram	31
desmarcar	desmarcavam	0
desmarcar	desmarcares	23
desmarcar	desmarcei	4
desmarcar	desmarcada	2
desmarcar	desmarcar-se	17
desmarcar	desmarcar-me	5
desmarcar	desmarcaste	25
desmarcar	desmarcados	27
testemunhar	testemunhar-me	5
testemunhar	testemunhava	21
testemunhar	testemunhá-lo	10
testemunhar	testemunhadas	8
testemunhar	testemunham	28
testemunhar	testemunha	32
testemunhar	testemunharam	31
testemunhar	testemunharei	1
testemunhar	testemunharem	29
testemunhar	testemunhavam	0
testemunhar	testemunhou	20
testemunhar	testemunharemos	11
testemunhar	testemunhado	30
testemunhar	testemunhará	24
testemunhar	testemunhes	16
testemunhar	testemunhando	9
testemunhar	testemunhados	27
testemunhar	testemunhares	23
testemunhar	testemunhas	19
testemunhar	testemunho	26
testemunhar	testemunhasse	18
testemunhar	testemunhe	7
testemunhar	testemunharão	22
testemunhar	testemunhos	15
testemunhar	testemunhá-los	6
testemunhar	testemunhem	14
testemunhar	testemunhação	3
testemunhar	testemunhaste	25
testemunhar	testemunha	12
testemunhar	testemunhar-se	17
testemunhar	testemunhei	4
testemunhar	testemunhada	2
testemunhar	testemunharás	13
testemunhar	testemunhar	33
acostar	acostei	4
acostar	acostará	24
acostar	acostos	15
acostar	acostasse	18
acostar	acostarei	1
acostar	acostaram	31
acostar	acostes	16
acostar	acostados	27
acostar	acostam	28
acostar	acostaste	25
acostar	acostavam	0
acostar	acostas	19
acostar	acostaremos	11
acostar	acosto	26
acostar	acostando	9
acostar	acostem	14
acostar	acostarem	29
acostar	acosta	32
acostar	acoste	7
acostar	acostar-se	17
acostar	acostar-me	5
acostar	acostarão	22
acostar	acostado	30
acostar	acostada	2
acostar	acostá-los	6
acostar	acostadas	8
acostar	acostava	21
acostar	acostar-te	3
acostar	acostou	20
acostar	acostar	33
acostar	acosta	12
acostar	acostarás	13
acostar	acostá-lo	10
acostar	acostares	23
domesticar	domesticavam	0
domesticar	domesticares	23
domesticar	domesticaste	25
domesticar	domesticado	30
domesticar	domesticar	33
domesticar	domestices	16
domesticar	domesticaram	31
domesticar	domesticação	3
domesticar	domestica	32
domesticar	domesticou	20
domesticar	domesticando	9
domesticar	domesticas	19
domesticar	domesticarem	29
domesticar	domesticarei	1
domesticar	domesticaremos	11
domesticar	domesticasse	18
domesticar	domesticará	24
domesticar	domesticados	27
domesticar	domesticarão	22
domesticar	domesticei	4
domesticar	domesticava	21
domesticar	domesticos	15
domesticar	domesticar-se	17
domesticar	domesticam	28
domesticar	domesticarás	13
domesticar	domestice	7
domesticar	domesticá-los	6
domesticar	domesticar-me	5
domesticar	domesticá-lo	10
domesticar	domesticada	2
domesticar	domesticem	14
domesticar	domestica	12
domesticar	domesticadas	8
domesticar	domestico	26
afiliar	afiliar	33
afiliar	afiliou	20
afiliar	afiliado	30
afiliar	afiliadas	8
afiliar	afilias	19
afiliar	afiliem	14
afiliar	afiliava	21
afiliar	afiliam	28
afiliar	afiliaram	31
afiliar	afiliar-se	17
afiliar	afiliares	23
afiliar	afiliando	9
afiliar	afiliarás	13
afiliar	afilie	7
afiliar	afilia	32
afiliar	afiliá-lo	10
afiliar	afiliação	3
afiliar	afiliasse	18
afiliar	afiliaremos	11
afiliar	afiliar-me	5
afiliar	afiliarei	1
afiliar	afiliarem	29
afiliar	afiliarão	22
afiliar	afiliei	4
afiliar	afilia	12
afiliar	afiliaste	25
afiliar	afiliavam	0
afiliar	afiliará	24
afiliar	afilio	26
afiliar	afilies	16
afiliar	afiliados	27
afiliar	afiliá-los	6
afiliar	afiliada	2
afiliar	afilios	15
inclinar	inclinarão	22
inclinar	inclinou-se	1
inclinar	inclinação	3
inclinar	inclinar-se	17
inclinar	inclinará	24
inclinar	inclinados	27
inclinar	inclinar	33
inclinar	inclinaram-se	9
inclinar	inclinas	19
inclinar	inclinem	14
inclinar	inclina	12
inclinar	inclinam	28
inclinar	inclino	26
inclinar	inclinada	2
inclinar	incliná-los	6
inclinar	inclinos	15
inclinar	inclinares	23
inclinar	inclinado	30
inclinar	inclines	16
inclinar	inclinarem	29
inclinar	incliná-lo	10
inclinar	inclinaste	25
inclinar	inclinarás	13
inclinar	inclinaremos	11
inclinar	inclinou	20
inclinar	inclinei	4
inclinar	inclina	32
inclinar	inclinaram	31
inclinar	inclinações	8
inclinar	inclinar-me	5
inclinar	incline	7
inclinar	inclinava	21
inclinar	inclinavam	0
inclinar	inclinasse	18
anuir	anuei	4
anuir	anuiram	31
anuir	anues	16
anuir	anuida	2
anuir	anuiva	21
anuir	anuidas	8
anuir	anui	26
anuir	anuis	15
anuir	anuirem	29
anuir	anuir	6
anuir	anuir	10
anuir	anuindo	9
anuir	anuidos	27
anuir	anuiram-no	0
anuir	anuirás	13
anuir	anuir-me	5
anuir	anuirei	1
anuir	anuim	28
anuir	anuiu	20
anuir	anuirá	24
anuir	anui	32
anuir	anuisse	18
anuir	anuem	14
anuir	anuir-te	3
anuir	anuir	33
anuir	anuido	30
anuir	anue	7
anuir	anuis	19
anuir	anuiste	25
anuir	anuires	23
anuir	anui	12
anuir	anuir-se	17
anuir	anuiremos	11
anuir	anuirão	22
exigir	exigisse	18
exigir	exige	7
exigir	exigiva	21
exigir	exigir-me	5
exigir	exigidos	27
exigir	exigindo	9
exigir	exigi	12
exigir	exigido	30
exigir	exigir	33
exigir	exigir	6
exigir	exigiremos	11
exigir	exigis	19
exigir	exigires	23
exigir	exiges	16
exigir	exigirem	29
exigir	exigir-te	3
exigir	exigi	26
exigir	exigim	28
exigir	exigi	32
exigir	exigiram-no	0
exigir	exigei	4
exigir	exigirei	1
exigir	exigirão	22
exigir	exigir-lo	10
exigir	exigem	14
exigir	exigirá	24
exigir	exigiu	20
exigir	exigir-se	17
exigir	exigirás	13
exigir	exigiste	25
exigir	exigis	15
exigir	exigida	2
exigir	exigiram	31
exigir	exigidas	8
legitimar	legitimem	14
legitimar	legitimaremos	11
legitimar	legitimar	33
legitimar	legitimaram	31
legitimar	legitimou	20
legitimar	legitimos	15
legitimar	legitimarei	1
legitimar	legitimar-me	5
legitimar	legitimando	9
legitimar	legitimes	16
legitimar	legitimo	26
legitimar	legitima	32
legitimar	legitimá-los	6
legitimar	legitimasse	18
legitimar	legitimava	21
legitimar	legitimados	27
legitimar	legitimavam	0
legitimar	legitimado	30
legitimar	legitimarem	29
legitimar	legitimar-se	17
legitimar	legitimá-lo	10
legitimar	legitimarás	13
legitimar	legitimas	19
legitimar	legitimam	28
legitimar	legitimarão	22
legitimar	legitimaste	25
legitimar	legitimação	3
legitimar	legitime	7
legitimar	legitima	12
legitimar	legitimadas	8
legitimar	legitimei	4
legitimar	legitimada	2
legitimar	legitimares	23
legitimar	legitimará	24
espreitar	espreitos	15
espreitar	espreita	32
espreitar	espreitar-me	5
espreitar	espreitará	24
espreitar	espreitaremos	11
espreitar	espreitasse	18
espreitar	espreitas	19
espreitar	espreitadas	8
espreitar	espreitam	28
espreitar	espreitarão	22
espreitar	espreitaste	25
espreitar	espreitarei	1
espreitar	espreitaram	31
espreitar	espreitar-se	17
espreitar	espreitando	9
espreitar	espreitava	21
espreitar	espreitados	27
espreitar	espreita	12
espreitar	espreitavam	0
espreitar	espreito	26
espreitar	espreitares	23
espreitar	espreitei	4
espreitar	espreitou	20
espreitar	espreite	7
espreitar	espreites	16
espreitar	espreitem	14
espreitar	espreitado	30
espreitar	espreitarem	29
espreitar	espreitar	33
espreitar	espreitada	2
espreitar	espreitá-lo	10
espreitar	espreitar-te	3
espreitar	espreitarás	13
espreitar	espreitá-los	6
desmobilizar	desmobilizem	14
desmobilizar	desmobilizarei	1
desmobilizar	desmobilizarem	29
desmobilizar	desmobilizes	16
desmobilizar	desmobilizá-los	6
desmobilizar	desmobilizar-se	17
desmobilizar	desmobilizas	19
desmobilizar	desmobilizar-me	5
desmobilizar	desmobilizarás	13
desmobilizar	desmobiliza	12
desmobilizar	desmobilizarão	22
desmobilizar	desmobilizados	27
desmobilizar	desmobilizar	33
desmobilizar	desmobilizos	15
desmobilizar	desmobilizavam	0
desmobilizar	desmobilizava	21
desmobilizar	desmobilizo	26
desmobilizar	desmobilizadas	8
desmobilizar	desmobilizaste	25
desmobilizar	desmobilizei	4
desmobilizar	desmobilização	3
desmobilizar	desmobilizá-lo	10
desmobilizar	desmobilizaremos	11
desmobilizar	desmobilizares	23
desmobilizar	desmobilizado	30
desmobilizar	desmobilizaram	31
desmobilizar	desmobilizasse	18
desmobilizar	desmobilize	7
desmobilizar	desmobiliza	32
desmobilizar	desmobilizou	20
desmobilizar	desmobilizam	28
desmobilizar	desmobilizada	2
desmobilizar	desmobilizando	9
desmobilizar	desmobilizará	24
obedecer	obedeceste	25
obedecer	obedece	32
obedecer	obedecerás	13
obedecer	obedecerem	29
obedecer	obedecer-lo	10
obedecer	obedecer-me	5
obedecer	obedeces	16
obedecer	obedecedas	8
obedecer	obedecem	14
obedecer	obedeces	19
obedecer	obedecer	6
obedecer	obedecerei	1
obedecer	obedecer	33
obedecer	obedece	12
obedecer	obedecesse	18
obedecer	obedecerão	22
obedecer	obedeceres	23
obedecer	obedecer-te	3
obedecer	obedecedos	27
obedecer	obedeceram	31
obedecer	obedeceremos	11
obedecer	obedecendo	9
obedecer	obedecermos	2
obedecer	obedecei	4
obedecer	obedece	26
obedecer	obedecer-se	17
obedecer	obedece	7
obedecer	obedecerá	24
obedecer	obedeceu	20
obedecer	obedeceva	21
obedecer	obedecedo	30
obedecer	obedeces	15
obedecer	obedeceram-no	0
obedecer	obedecem	28
apegar	apegavam	0
apegar	apegam	28
apegar	apegando	9
apegar	apegadas	8
apegar	apegá-lo	10
apegar	apegação	3
apegar	apegava	21
apegar	apegará	24
apegar	apega	12
apegar	apegares	23
apegar	apegarão	22
apegar	apegarem	29
apegar	apegou	20
apegar	apegem	14
apegar	apegas	19
apegar	apegado	30
apegar	apegados	27
apegar	apegarás	13
apegar	apegada	2
apegar	apegá-los	6
apegar	apegou-se	1
apegar	apegaremos	11
apegar	apega	32
apegar	apegos	15
apegar	apegaram	31
apegar	apegasse	18
apegar	apegar-se	17
apegar	apegar-me	5
apegar	apege	7
apegar	apegar	33
apegar	apegaste	25
apegar	apego	26
apegar	apeges	16
apegar	apegei	4
incomodar	incomodá-lo	10
incomodar	incomodado	30
incomodar	incomodarei	1
incomodar	incomode	7
incomodar	incomodaram	31
incomodar	incomodaremos	11
incomodar	incomodaste	25
incomodar	incomodam	28
incomodar	incomodarão	22
incomodar	incomodar-se	17
incomodar	incomoda	32
incomodar	incomodares	23
incomodar	incomodas	19
incomodar	incomodem	14
incomodar	incomodavam	0
incomodar	incomodar	33
incomodar	incomodará	24
incomodar	incomodou	20
incomodar	incomodados	27
incomodar	incomodada	2
incomodar	incomodar-me	5
incomodar	incomodos	15
incomodar	incomodasse	18
incomodar	incomodá-los	6
incomodar	incomodarem	29
incomodar	incomodei	4
incomodar	incomodações	8
incomodar	incomodes	16
incomodar	incomodava	21
incomodar	incomodarás	13
incomodar	incomoda	12
incomodar	incomodando	9
incomodar	incomodação	3
incomodar	incomodo	26
carimbar	carimbação	3
carimbar	carimbares	23
carimbar	carimbos	15
carimbar	carimba	12
carimbar	carimbar	33
carimbar	carimbando	9
carimbar	carimbarão	22
carimbar	carimbe	7
carimbar	carimbá-lo	10
carimbar	carimbará	24
carimbar	carimbarem	29
carimbar	carimbarás	13
carimbar	carimbada	2
carimbar	carimbado	30
carimbar	carimbem	14
carimbar	carimbá-los	6
carimbar	carimbei	4
carimbar	carimbasse	18
carimbar	carimbava	21
carimbar	carimba	32
carimbar	carimbam	28
carimbar	carimbou	20
carimbar	carimbarei	1
carimbar	carimbas	19
carimbar	carimbar-me	5
carimbar	carimbavam	0
carimbar	carimbadas	8
carimbar	carimbados	27
carimbar	carimbo	26
carimbar	carimbaremos	11
carimbar	carimbar-se	17
carimbar	carimbes	16
carimbar	carimbaram	31
carimbar	carimbaste	25
disparar	dispararam-se	9
disparar	disparas	19
disparar	disparei	4
disparar	disparo	26
disparar	dispares	16
disparar	disparadas	8
disparar	dispararei	1
disparar	disparado	30
disparar	disparam	28
disparar	disparará	24
disparar	disparada	2
disparar	dispara	12
disparar	disparem	14
disparar	dispararão	22
disparar	dispará-los	6
disparar	dispararem	29
disparar	disparar	33
disparar	dispararás	13
disparar	disparar-te	3
disparar	disparavam	0
disparar	dispará-lo	10
disparar	disparasse	18
disparar	disparaste	25
disparar	dispararam	31
disparar	disparados	27
disparar	disparares	23
disparar	disparava	21
disparar	disparar-se	17
disparar	dispararemos	11
disparar	disparos	15
disparar	dispara	32
disparar	disparou	20
disparar	dispare	7
disparar	disparar-me	5
recortar	recortou	20
recortar	recortações	8
recortar	cortar	6
recortar	cortaram	0
recortar	cortará	11
recortar	recortou-se	1
recortar	recorte	7
recortar	recortar	33
recortar	recorto	26
recortar	recortem	14
recortar	corta	12
recortar	recortava	21
recortar	recortasse	18
recortar	recortarás	13
recortar	recortará	24
recortar	recortada	2
recortar	recortam	28
recortar	recortos	15
recortar	recortar-te	3
recortar	recortas	19
recortar	recortando	9
recortar	recortaram	31
recortar	recorta	32
recortar	recortados	27
recortar	recortaste	25
recortar	recortá-lo	10
recortar	recortarão	22
recortar	recortares	23
recortar	recortado	30
recortar	cortam	4
recortar	cortado	5
recortar	recortarem	29
recortar	recortes	16
recortar	recortar-se	17
perturbar	perturbei	4
perturbar	perturbados	27
perturbar	perturbam	28
perturbar	perturbe	7
perturbar	perturbá-lo	10
perturbar	perturbarei	1
perturbar	perturbado	30
perturbar	perturbação	3
perturbar	perturbaram	31
perturbar	perturba	12
perturbar	perturbar-me	5
perturbar	perturbações	8
perturbar	perturbarão	22
perturbar	perturbar	33
perturbar	perturbarás	13
perturbar	perturbando	9
perturbar	perturbará	24
perturbar	perturbem	14
perturbar	perturbava	21
perturbar	perturbes	16
perturbar	perturbaremos	11
perturbar	perturbos	15
perturbar	perturbasse	18
perturbar	perturbá-los	6
perturbar	perturbas	19
perturbar	perturbares	23
perturbar	perturbavam	0
perturbar	perturbou	20
perturbar	perturbar-se	17
perturbar	perturbaste	25
perturbar	perturbarem	29
perturbar	perturbo	26
perturbar	perturbada	2
perturbar	perturba	32
esbrasear	esbrase	7
esbrasear	esbrases	16
esbrasear	esbraseá-lo	10
esbrasear	esbraseas	19
esbrasear	esbraseos	15
esbrasear	esbraseares	23
esbrasear	esbrasear-me	5
esbrasear	esbraseá-los	6
esbrasear	esbraseando	9
esbrasear	esbraseava	21
esbrasear	esbraseado	30
esbrasear	esbraseou	20
esbrasear	esbrasear-se	17
esbrasear	esbrasem	14
esbrasear	esbraseará	24
esbrasear	esbraseada	2
esbrasear	esbrasearão	22
esbrasear	esbrase	12
esbrasear	esbraseo	26
esbrasear	esbraseam	28
esbrasear	esbrasearem	29
esbrasear	esbraseasse	18
esbrasear	esbraseadas	8
esbrasear	esbraseavam	0
esbrasear	esbrasearam	31
esbrasear	esbrasearei	1
esbrasear	esbraseaste	25
esbrasear	esbrasei	4
esbrasear	esbrasear-te	3
esbrasear	esbrasear	33
esbrasear	esbrasearás	13
esbrasear	esbrasea	32
esbrasear	esbraseados	27
esbrasear	esbrasearemos	11
refugiar	refugia	32
refugiar	fugiará	11
refugiar	fugiam	4
refugiar	refugiar-te	3
refugiar	refugiaste	25
refugiar	refugiará	24
refugiar	refugiou	20
refugiar	refugias	19
refugiar	refugiarão	22
refugiar	refugiar	33
refugiar	refugiaram	31
refugiar	refugiados	27
refugiar	refugiá-lo	10
refugiar	refugiou-se	1
refugiar	refugiar-se	17
refugiar	refugiarem	29
refugiar	refugies	16
refugiar	refugiasse	18
refugiar	refugiada	2
refugiar	fugiaram	0
refugiar	refugiam	28
refugiar	refugiaram-se	9
refugiar	refugiem	14
refugiar	refugiarás	13
refugiar	refugie	7
refugiar	fugia	12
refugiar	refugios	15
refugiar	refugiar-me	5
refugiar	refugiares	23
refugiar	fugiar	6
refugiar	refugio	26
refugiar	refugiado	30
refugiar	refugiava	21
refugiar	refugiadas	8
repassar	repassá-lo	10
repassar	repassos	15
repassar	repassar-se	17
repassar	repassou	20
repassar	repassarão	22
repassar	passado	5
repassar	repassem	14
repassar	repassaste	25
repassar	repassadas	8
repassar	repassava	21
repassar	repassarem	29
repassar	repasses	16
repassar	repassa	32
repassar	repassou-se	1
repassar	repassaram	31
repassar	repassado	30
repassar	repassar	33
repassar	passar	6
repassar	passa	12
repassar	passaram	0
repassar	repassada	2
repassar	repasse	7
repassar	repassar-te	3
repassar	passará	11
repassar	repassarás	13
repassar	repassares	23
repassar	repassará	24
repassar	repassados	27
repassar	passam	4
repassar	repassando	9
repassar	repasso	26
repassar	repassasse	18
repassar	repassas	19
repassar	repassam	28
enriquecer	enriqueceram-no	0
enriquecer	enriquecer	10
enriquecer	enriquecermos	2
enriquecer	enriquecei	4
enriquecer	enriqueceva	21
enriquecer	enriquecer	6
enriquecer	enriquecedas	8
enriquecer	enriquecedos	27
enriquecer	enriquecer-se	17
enriquecer	enriquecer-te	3
enriquecer	enriquecerão	22
enriquecer	enriquecendo	9
enriquecer	enriqueces	15
enriquecer	enriquece	32
enriquecer	enriquecem	14
enriquecer	enriquecedo	30
enriquecer	enriquecerei	1
enriquecer	enriqueceste	25
enriquecer	enriquecem	28
enriquecer	enriqueceres	23
enriquecer	enriqueceu	20
enriquecer	enriquecer-me	5
enriquecer	enriquecerás	13
enriquecer	enriqueceremos	11
enriquecer	enriquece	12
enriquecer	enriquecesse	18
enriquecer	enriqueces	19
enriquecer	enriquece	7
enriquecer	enriqueceram	31
enriquecer	enriquecer	33
enriquecer	enriquece	26
enriquecer	enriqueces	16
enriquecer	enriquecerá	24
enriquecer	enriquecerem	29
vaziar	vaziá-lo	10
vaziar	vaziada	2
vaziar	vazia	32
vaziar	vaziarem	29
vaziar	vazias	19
vaziar	vaziavam	0
vaziar	vazies	16
vaziar	vaziar-me	5
vaziar	vaziarás	13
vaziar	vaziava	21
vaziar	vaziadas	8
vaziar	vazio	26
vaziar	vaziem	14
vaziar	vaziarei	1
vaziar	vaziando	9
vaziar	vazios	15
vaziar	vaziados	27
vaziar	vaziar	33
vaziar	vaziam	28
vaziar	vaziá-los	6
vaziar	vaziaremos	11
vaziar	vaziarão	22
vaziar	vaziares	23
vaziar	vaziará	24
vaziar	vazia	12
vaziar	vaziei	4
vaziar	vaziar-te	3
vaziar	vaziaste	25
vaziar	vaziaram	31
vaziar	vazie	7
vaziar	vaziou	20
vaziar	vaziado	30
vaziar	vaziasse	18
vaziar	vaziar-se	17
reduzir	reduzirão	22
reduzir	reduzem	14
reduzir	reduzim	28
reduzir	reduzis	15
reduzir	reduziva	21
reduzir	reduzi	26
reduzir	reduziremos	11
reduzir	reduziram-no	0
reduzir	reduzindo	9
reduzir	reduziram	31
reduzir	reduzirá	24
reduzir	reduziu	20
reduzir	duzir	6
reduzir	reduzirem	29
reduzir	reduzi	32
reduzir	reduzes	16
reduzir	reduzei	4
reduzir	reduzires	23
reduzir	reduzir	10
reduzir	reduzidos	27
reduzir	duzi	12
reduzir	reduzidas	8
reduzir	reduzir-se	17
reduzir	reduzisse	18
reduzir	duzido	5
reduzir	reduzida	2
reduzir	reduzir-te	3
reduzir	reduziste	25
reduzir	reduze	7
reduzir	reduzirei	1
reduzir	reduzido	30
reduzir	reduzir	33
reduzir	reduzis	19
reduzir	reduzirás	13
chibatar	chibatada	2
chibatar	chibatei	4
chibatar	chibatará	24
chibatar	chibata	12
chibatar	chibatava	21
chibatar	chibatação	3
chibatar	chibato	26
chibatar	chibataste	25
chibatar	chibatados	27
chibatar	chibatarem	29
chibatar	chibate	7
chibatar	chibatá-los	6
chibatar	chibatarão	22
chibatar	chibatam	28
chibatar	chibatarei	1
chibatar	chibatando	9
chibatar	chibatarás	13
chibatar	chibata	32
chibatar	chibatadas	8
chibatar	chibatar-se	17
chibatar	chibatou	20
chibatar	chibataremos	11
chibatar	chibatado	30
chibatar	chibataram	31
chibatar	chibatar	33
chibatar	chibatavam	0
chibatar	chibatas	19
chibatar	chibatos	15
chibatar	chibatem	14
chibatar	chibatasse	18
chibatar	chibates	16
chibatar	chibatar-me	5
chibatar	chibatares	23
chibatar	chibatá-lo	10
branquear	branqueasse	18
branquear	branqueada	2
branquear	branqueadas	8
branquear	branquearemos	11
branquear	branqueados	27
branquear	branqueá-los	6
branquear	branquear	33
branquear	branquearão	22
branquear	branqueaste	25
branquear	branquem	14
branquear	branquearei	1
branquear	branqueares	23
branquear	branqueá-lo	10
branquear	branquearás	13
branquear	branquearem	29
branquear	branques	16
branquear	branqueavam	0
branquear	branqueas	19
branquear	branqueam	28
branquear	branqueos	15
branquear	branquea	32
branquear	branquear-me	5
branquear	branqueava	21
branquear	branqueará	24
branquear	branquearam	31
branquear	branqueou	20
branquear	branque	7
branquear	branquear-te	3
branquear	branqueo	26
branquear	branquei	4
branquear	branquear-se	17
branquear	branquea	12
branquear	branqueado	30
branquear	branqueando	9
constar	constaste	25
constar	constei	4
constar	constem	14
constar	constá-lo	10
constar	constar-se	17
constar	consto	26
constar	constares	23
constar	constam	28
constar	constas	19
constar	constada	2
constar	constou	20
constar	constadas	8
constar	constavam	0
constar	constados	27
constar	conste	7
constar	constará	24
constar	constar-te	3
constar	constasse	18
constar	constos	15
constar	consta	32
constar	constarem	29
constar	constar	33
constar	constarão	22
constar	constaremos	11
constar	constarás	13
constar	constes	16
constar	constá-los	6
constar	constando	9
constar	constarei	1
constar	constar-me	5
constar	constaram	31
constar	constava	21
constar	consta	12
constar	constado	30
assaltar	assalto	26
assaltar	assaltar	33
assaltar	assaltar-me	5
assaltar	assalta	12
assaltar	assaltadas	8
assaltar	assalte	7
assaltar	assaltei	4
assaltar	assaltarão	22
assaltar	assaltos	15
assaltar	assaltaremos	11
assaltar	assaltada	2
assaltar	assaltava	21
assaltar	assaltados	27
assaltar	assaltarem	29
assaltar	assaltaram-no	0
assaltar	assaltado	30
assaltar	assaltar-te	3
assaltar	assaltá-los	6
assaltar	assaltaste	25
assaltar	assaltarei	1
assaltar	assaltarás	13
assaltar	assaltá-lo	10
assaltar	assaltará	24
assaltar	assaltasse	18
assaltar	assaltem	14
assaltar	assaltando	9
assaltar	assaltaram	31
assaltar	assaltam	28
assaltar	assaltou	20
assaltar	assaltar-se	17
assaltar	assalta	32
assaltar	assaltares	23
assaltar	assaltes	16
assaltar	assaltas	19
ajeitar	ajeitavam	0
ajeitar	ajeito	26
ajeitar	ajeitada	2
ajeitar	ajeitou	20
ajeitar	ajeitadas	8
ajeitar	ajeitam	28
ajeitar	ajeitarem	29
ajeitar	ajeita	32
ajeitar	ajeitarás	13
ajeitar	ajeitação	3
ajeitar	ajeitarei	1
ajeitar	ajeitar-se	17
ajeitar	ajeitava	21
ajeitar	ajeitasse	18
ajeitar	ajeitaram	31
ajeitar	ajeitado	30
ajeitar	ajeitem	14
ajeitar	ajeitaremos	11
ajeitar	ajeitará	24
ajeitar	ajeitar-me	5
ajeitar	ajeitados	27
ajeitar	ajeitaste	25
ajeitar	ajeitando	9
ajeitar	ajeitares	23
ajeitar	ajeitos	15
ajeitar	ajeitas	19
ajeitar	ajeitar	33
ajeitar	ajeita	12
ajeitar	ajeites	16
ajeitar	ajeitei	4
ajeitar	ajeitá-los	6
ajeitar	ajeitá-lo	10
ajeitar	ajeitarão	22
ajeitar	ajeite	7
impedir	impedirem	29
impedir	impedis	15
impedir	impedei	4
impedir	impedim	28
impedir	impedir-lo	10
impedir	impedir-te	3
impedir	impedes	16
impedir	impedisse	18
impedir	impedir-me	5
impedir	impedida	2
impedir	impedi	32
impedir	impedis	19
impedir	impediram	31
impedir	impedir	33
impedir	impediremos	11
impedir	impediste	25
impedir	impediram-no	0
impedir	impedem	14
impedir	impedirás	13
impedir	impedido	30
impedir	impediva	21
impedir	impedirá	24
impedir	impedi	12
impedir	impedir-se	17
impedir	impede	7
impedir	impedidas	8
impedir	impedirei	1
impedir	impedir	6
impedir	impedirão	22
impedir	impedidos	27
impedir	impedi	26
impedir	impedindo	9
impedir	impediu	20
impedir	impedires	23
altear	altem	14
altear	altearás	13
altear	altearam	31
altear	alteas	19
altear	altearei	1
altear	alteos	15
altear	altea	32
altear	alteasse	18
altear	alteavam	0
altear	alteei	4
altear	altearão	22
altear	altear-se	17
altear	altear-te	3
altear	alteares	23
altear	altearemos	11
altear	altear	33
altear	alte	7
altear	alteando	9
altear	alteo	26
altear	altear-me	5
altear	alteadas	8
altear	alteados	27
altear	altes	16
altear	alteou	20
altear	alteam	28
altear	altea	12
altear	alteava	21
altear	alteá-los	6
altear	alteado	30
altear	alteada	2
altear	alteará	24
altear	altearem	29
altear	alteaste	25
altear	alteá-lo	10
consagrar	consagraram-no	0
consagrar	consagrei	4
consagrar	consagrada	2
consagrar	consagrarei	1
consagrar	consagrado	30
consagrar	consagraremos	11
consagrar	consagram	28
consagrar	consagrar	33
consagrar	consagração	3
consagrar	consagrará	24
consagrar	consagraram	31
consagrar	consagrados	27
consagrar	consagres	16
consagrar	consagrá-los	6
consagrar	consagrasse	18
consagrar	consagrar-me	5
consagrar	consagrava	21
consagrar	consagros	15
consagrar	consagrarem	29
consagrar	consagrem	14
consagrar	consagrar-se	17
consagrar	consagrarão	22
consagrar	consagraram-se	9
consagrar	consagrá-lo	10
consagrar	consagra	12
consagrar	consagrarás	13
consagrar	consagre	7
consagrar	consagra	32
consagrar	consagrares	23
consagrar	consagraste	25
consagrar	consagras	19
consagrar	consagrou	20
consagrar	consagradas	8
consagrar	consagro	26
enclausurar	enclausurem	14
enclausurar	enclausurada	2
enclausurar	enclausuram	28
enclausurar	enclausuraremos	11
enclausurar	enclausurá-los	6
enclausurar	enclausuras	19
enclausurar	enclausurá-lo	10
enclausurar	enclausurar-se	17
enclausurar	enclausura	12
enclausurar	enclausurava	21
enclausurar	enclausuraste	25
enclausurar	enclausuro	26
enclausurar	enclausure	7
enclausurar	enclausurei	4
enclausurar	enclausures	16
enclausurar	enclausurado	30
enclausurar	enclausurares	23
enclausurar	enclausurados	27
enclausurar	enclausurou	20
enclausurar	enclausurar-te	3
enclausurar	enclausura	32
enclausurar	enclausurar-me	5
enclausurar	enclausuraram	31
enclausurar	enclausurarem	29
enclausurar	enclausuradas	8
enclausurar	enclausuravam	0
enclausurar	enclausurarei	1
enclausurar	enclausurando	9
enclausurar	enclausurasse	18
enclausurar	enclausuros	15
enclausurar	enclausurarás	13
enclausurar	enclausurará	24
enclausurar	enclausurarão	22
enclausurar	enclausurar	33
dispensar	dispensaremos	11
dispensar	dispenses	16
dispensar	dispensá-lo	10
dispensar	dispensado	30
dispensar	dispensou	20
dispensar	dispensados	27
dispensar	dispensar-se	17
dispensar	dispensar	33
dispensar	dispensar-te	3
dispensar	dispensares	23
dispensar	dispensarem	29
dispensar	dispense	7
dispensar	dispensaram	31
dispensar	dispensando	9
dispensar	dispensavam	0
dispensar	dispensar-me	5
dispensar	dispensa	32
dispensar	dispensei	4
dispensar	dispensaste	25
dispensar	dispensarás	13
dispensar	dispensos	15
dispensar	dispenso	26
dispensar	dispensam	28
dispensar	dispensadas	8
dispensar	dispensas	19
dispensar	dispensem	14
dispensar	dispensá-los	6
dispensar	dispensasse	18
dispensar	dispensava	21
dispensar	dispensarei	1
dispensar	dispensa	12
dispensar	dispensarão	22
dispensar	dispensada	2
dispensar	dispensará	24
gracejar	gracejará	24
gracejar	gracejam	28
gracejar	graceja	12
gracejar	gracejarem	29
gracejar	gracejar-me	5
gracejar	gracejados	27
gracejar	gracejarás	13
gracejar	gracejar	33
gracejar	gracejada	2
gracejar	graceje	7
gracejar	gracejaste	25
gracejar	gracejação	3
gracejar	gracejem	14
gracejar	gracejadas	8
gracejar	gracejá-los	6
gracejar	gracejos	15
gracejar	gracejar-se	17
gracejar	graceja	32
gracejar	gracejava	21
gracejar	gracejavam	0
gracejar	gracejá-lo	10
gracejar	gracejas	19
gracejar	gracejarei	1
gracejar	gracejado	30
gracejar	gracejaram	31
gracejar	gracejasse	18
gracejar	gracejo	26
gracejar	gracejou	20
gracejar	gracejando	9
gracejar	gracejarão	22
gracejar	gracejares	23
gracejar	gracejes	16
gracejar	gracejaremos	11
gracejar	gracejei	4
invocar	invocarem	29
invocar	invocando	9
invocar	invoces	16
invocar	invoca	32
invocar	invocasse	18
invocar	invocarei	1
invocar	invocares	23
invocar	invocadas	8
invocar	invoco	26
invocar	invocarás	13
invocar	invoce	7
invocar	invocam	28
invocar	invocada	2
invocar	invoca	12
invocar	invocar-me	5
invocar	invocado	30
invocar	invocem	14
invocar	invocaram	31
invocar	invocou	20
invocar	invocava	21
invocar	invocaremos	11
invocar	invocos	15
invocar	invocavam	0
invocar	invocar	33
invocar	invocar-se	17
invocar	invocá-lo	10
invocar	invocados	27
invocar	invocação	3
invocar	invocá-los	6
invocar	invocei	4
invocar	invocará	24
invocar	invocas	19
invocar	invocaste	25
invocar	invocarão	22
sedar	sedou	20
sedar	sedada	2
sedar	seda	12
sedar	sedasse	18
sedar	sedar-me	5
sedar	sedá-lo	10
sedar	sedes	16
sedar	sedados	27
sedar	sedar-se	17
sedar	sedo	26
sedar	sedei	4
sedar	sedarem	29
sedar	sedá-los	6
sedar	sedaremos	11
sedar	seda	32
sedar	sedos	15
sedar	sedar-te	3
sedar	sedem	14
sedar	sedarei	1
sedar	sedadas	8
sedar	sedaste	25
sedar	sedando	9
sedar	sedares	23
sedar	sede	7
sedar	sedarás	13
sedar	sedavam	0
sedar	sedas	19
sedar	sedará	24
sedar	sedarão	22
sedar	sedaram	31
sedar	sedado	30
sedar	sedam	28
sedar	sedava	21
sedar	sedar	33
lavrar	lavro	26
lavrar	lavres	16
lavrar	lavra	32
lavrar	lavrá-los	6
lavrar	lavrar-me	5
lavrar	lavraram	31
lavrar	lavrada	2
lavrar	lavrasse	18
lavrar	lavrares	23
lavrar	lavrou	20
lavrar	lavrando	9
lavrar	lavrem	14
lavrar	lavras	19
lavrar	lavrava	21
lavrar	lavrei	4
lavrar	lavrar	33
lavrar	lavra	12
lavrar	lavrarão	22
lavrar	lavrado	30
lavrar	lavrados	27
lavrar	lavrar-se	17
lavrar	lavraste	25
lavrar	lavrá-lo	10
lavrar	lavraremos	11
lavrar	lavravam	0
lavrar	lavram	28
lavrar	lavre	7
lavrar	lavros	15
lavrar	lavrarás	13
lavrar	lavrarei	1
lavrar	lavrarem	29
lavrar	lavrar-te	3
lavrar	lavradas	8
lavrar	lavrará	24
otimizar	otimizá-lo	10
otimizar	otimizaremos	11
otimizar	otimizei	4
otimizar	otimizará	24
otimizar	otimizadas	8
otimizar	otimizam	28
otimizar	otimizaste	25
otimizar	otimizo	26
otimizar	otimizou-se	1
otimizar	otimiza	12
otimizar	otimizar	33
otimizar	otimizares	23
otimizar	otimizava	21
otimizar	otimize	7
otimizar	otimização	3
otimizar	otimizem	14
otimizar	otimizavam	0
otimizar	otimizarem	29
otimizar	otimizado	30
otimizar	otimizos	15
otimizar	otimizarás	13
otimizar	otimizasse	18
otimizar	otimizaram	31
otimizar	otimizar-se	17
otimizar	otimizas	19
otimizar	otimiza	32
otimizar	otimizar-me	5
otimizar	otimizou	20
otimizar	otimizando	9
otimizar	otimizá-los	6
otimizar	otimizes	16
otimizar	otimizados	27
otimizar	otimizada	2
otimizar	otimizarão	22
sacrificar	sacrificarás	13
sacrificar	sacrificar-se	17
sacrificar	sacrificados	27
sacrificar	sacrifica	12
sacrificar	sacrificar	33
sacrificar	sacrificarmos	2
sacrificar	sacrificasse	18
sacrificar	sacrificarei	1
sacrificar	sacrificá-lo	10
sacrificar	sacrificação	3
sacrificar	sacrifico	26
sacrificar	sacrificam	28
sacrificar	sacrificava	21
sacrificar	sacrificem	14
sacrificar	sacrificou	20
sacrificar	sacrificas	19
sacrificar	sacrificando	9
sacrificar	sacrifice	7
sacrificar	sacrificavam	0
sacrificar	sacrificarão	22
sacrificar	sacrificaste	25
sacrificar	sacrificá-los	6
sacrificar	sacrifica	32
sacrificar	sacrificaremos	11
sacrificar	sacrifices	16
sacrificar	sacrificarem	29
sacrificar	sacrificaram	31
sacrificar	sacrificei	4
sacrificar	sacrificar-me	5
sacrificar	sacrificadas	8
sacrificar	sacrificos	15
sacrificar	sacrificado	30
sacrificar	sacrificares	23
sacrificar	sacrificará	24
apitar	apitarei	1
apitar	apitarão	22
apitar	apitadas	8
apitar	apitarás	13
apitar	apitem	14
apitar	apitarem	29
apitar	apitava	21
apitar	apita	32
apitar	apitará	24
apitar	apitar-se	17
apitar	apitar	33
apitar	apitá-lo	10
apitar	apitei	4
apitar	apitado	30
apitar	apitam	28
apitar	apitas	19
apitar	apitada	2
apitar	apitaram	31
apitar	apitasse	18
apitar	apitavam	0
apitar	apitaremos	11
apitar	apitou	20
apitar	apita	12
apitar	apitar-te	3
apitar	apitares	23
apitar	apito	26
apitar	apitados	27
apitar	apites	16
apitar	apite	7
apitar	apitos	15
apitar	apitar-me	5
apitar	apitaste	25
apitar	apitá-los	6
apitar	apitando	9
terminar	termine	7
terminar	terminarei	1
terminar	terminem	14
terminar	terminarem	29
terminar	terminarás	13
terminar	termines	16
terminar	termina	12
terminar	terminar-se	17
terminar	terminado	30
terminar	terminados	27
terminar	terminaram	31
terminar	terminação	3
terminar	terminava	21
terminar	terminando	9
terminar	terminou	20
terminar	termina	32
terminar	terminavam	0
terminar	terminam	28
terminar	terminos	15
terminar	terminaremos	11
terminar	terminares	23
terminar	terminar-me	5
terminar	terminar	33
terminar	terminadas	8
terminar	terminada	2
terminar	terminas	19
terminar	terminá-lo	10
terminar	terminará	24
terminar	terminei	4
terminar	terminaste	25
terminar	termino	26
terminar	terminasse	18
terminar	terminarão	22
terminar	terminá-los	6
civilizar	civilizou	20
civilizar	civilizados	27
civilizar	civilizava	21
civilizar	civilizarem	29
civilizar	civilizado	30
civilizar	civilizar-se	17
civilizar	civilizada	2
civilizar	civilizasse	18
civilizar	civiliza	32
civilizar	civilizar-me	5
civilizar	civilizem	14
civilizar	civilizos	15
civilizar	civilizas	19
civilizar	civilizam	28
civilizar	civilizarão	22
civilizar	civilizes	16
civilizar	civilizá-los	6
civilizar	civilizarás	13
civilizar	civilize	7
civilizar	civilizadas	8
civilizar	civilizo	26
civilizar	civilizares	23
civilizar	civilizar	33
civilizar	civilização	3
civilizar	civilizaremos	11
civilizar	civiliza	12
civilizar	civilizá-lo	10
civilizar	civilizaste	25
civilizar	civilizaram	31
civilizar	civilizavam	0
civilizar	civilizará	24
civilizar	civilizei	4
civilizar	civilizou-se	1
civilizar	civilizaram-se	9
incendiar	incendiarei	1
incendiar	incendiar	33
incendiar	incendiado	30
incendiar	incendiada	2
incendiar	incendiar-se	17
incendiar	incendiarás	13
incendiar	incendios	15
incendiar	incendiava	21
incendiar	incendio	26
incendiar	incendiou	20
incendiar	incendiaremos	11
incendiar	incendies	16
incendiar	incendias	19
incendiar	incendiá-lo	10
incendiar	incendiando	9
incendiar	incendiaste	25
incendiar	incendiam	28
incendiar	incendia	12
incendiar	incendiares	23
incendiar	incendiá-los	6
incendiar	incendiarem	29
incendiar	incendiados	27
incendiar	incendiação	3
incendiar	incendiará	24
incendiar	incendiar-me	5
incendiar	incendiaram	31
incendiar	incendiem	14
incendiar	incendiei	4
incendiar	incendie	7
incendiar	incendia	32
incendiar	incendiadas	8
incendiar	incendiasse	18
incendiar	incendiavam	0
incendiar	incendiarão	22
formular	formulaste	25
formular	formulas	19
formular	formularás	13
formular	formula	12
formular	formularem	29
formular	formulava	21
formular	formular-me	5
formular	formule	7
formular	formulará	24
formular	formulares	23
formular	formularei	1
formular	formulação	3
formular	formular-se	17
formular	formulam	28
formular	formular	33
formular	formulá-lo	10
formular	formulei	4
formular	formularão	22
formular	formulou	20
formular	formulações	8
formular	formulem	14
formular	formulada	2
formular	formules	16
formular	formulasse	18
formular	formula	32
formular	formulado	30
formular	formulá-los	6
formular	formulos	15
formular	formulo	26
formular	formulando	9
formular	formulados	27
formular	formularemos	11
formular	formularam	31
formular	formulavam	0
maquinar	maquinada	2
maquinar	maquino	26
maquinar	maquinará	24
maquinar	maquinos	15
maquinar	maquines	16
maquinar	maquinar-se	17
maquinar	maquinar	33
maquinar	maquinava	21
maquinar	maquinou	20
maquinar	maquina	12
maquinar	maquinam	28
maquinar	maquinar-me	5
maquinar	maquinei	4
maquinar	maquinavam	0
maquinar	maquinaste	25
maquinar	maquinas	19
maquinar	maquinaremos	11
maquinar	maquinares	23
maquinar	maquinarei	1
maquinar	maquinando	9
maquinar	maquiná-lo	10
maquinar	maquinaram	31
maquinar	maquiná-los	6
maquinar	maquine	7
maquinar	maquina	32
maquinar	maquinem	14
maquinar	maquinasse	18
maquinar	maquinarás	13
maquinar	maquinados	27
maquinar	maquinarão	22
maquinar	maquinado	30
maquinar	maquinadas	8
maquinar	maquinarem	29
maquinar	maquinar-te	3
desvirginar	desvirginava	21
desvirginar	desvirginaremos	11
desvirginar	desvirginares	23
desvirginar	desvirginarão	22
desvirginar	desvirginavam	0
desvirginar	desvirginas	19
desvirginar	desvirginos	15
desvirginar	desvirginá-lo	10
desvirginar	desvirginarás	13
desvirginar	desvirgines	16
desvirginar	desvirginadas	8
desvirginar	desvirginaram	31
desvirginar	desvirginá-los	6
desvirginar	desvirginada	2
desvirginar	desvirginará	24
desvirginar	desvirginei	4
desvirginar	desvirginarei	1
desvirginar	desvirgina	32
desvirginar	desvirginado	30
desvirginar	desvirginarem	29
desvirginar	desvirginar-me	5
desvirginar	desvirginar-te	3
desvirginar	desvirginando	9
desvirginar	desvirginaste	25
desvirginar	desvirginar-se	17
desvirginar	desvirgine	7
desvirginar	desvirgino	26
desvirginar	desvirginou	20
desvirginar	desvirgina	12
desvirginar	desvirginem	14
desvirginar	desvirginados	27
desvirginar	desvirginar	33
desvirginar	desvirginasse	18
desvirginar	desvirginam	28
adivinhar	adivinhar-me	5
adivinhar	adivinha	12
adivinhar	adivinham	28
adivinhar	adivinhou	20
adivinhar	adivinhaste	25
adivinhar	adivinharão	22
adivinhar	adivinhar-se	17
adivinhar	adivinhei	4
adivinhar	adivinhasse	18
adivinhar	adivinhes	16
adivinhar	adivinhava	21
adivinhar	adivinhação	3
adivinhar	adivinhada	2
adivinhar	adivinhe	7
adivinhar	adivinhá-lo	10
adivinhar	adivinharás	13
adivinhar	adivinhados	27
adivinhar	adivinharei	1
adivinhar	adivinha	32
adivinhar	adivinhá-los	6
adivinhar	adivinharem	29
adivinhar	adivinhas	19
adivinhar	adivinho	26
adivinhar	adivinhos	15
adivinhar	adivinhando	9
adivinhar	adivinhar	33
adivinhar	adivinhares	23
adivinhar	adivinhará	24
adivinhar	adivinharam	31
adivinhar	adivinhações	8
adivinhar	adivinhado	30
adivinhar	adivinharemos	11
adivinhar	adivinhavam	0
adivinhar	adivinhem	14
agoirentar	agoirentavam	0
agoirentar	agoirentei	4
agoirentar	agoirentar-me	5
agoirentar	agoirentasse	18
agoirentar	agoirentá-lo	10
agoirentar	agoirenta	12
agoirentar	agoirentá-los	6
agoirentar	agoirento	26
agoirentar	agoirentação	3
agoirentar	agoirentou	20
agoirentar	agoirentado	30
agoirentar	agoirentaram	31
agoirentar	agoirentem	14
agoirentar	agoirentada	2
agoirentar	agoirentadas	8
agoirentar	agoirentarás	13
agoirentar	agoirentaste	25
agoirentar	agoirentos	15
agoirentar	agoirentes	16
agoirentar	agoirentar	33
agoirentar	agoirentas	19
agoirentar	agoirente	7
agoirentar	agoirentaremos	11
agoirentar	agoirentar-se	17
agoirentar	agoirentava	21
agoirentar	agoirentará	24
agoirentar	agoirentarem	29
agoirentar	agoirentares	23
agoirentar	agoirenta	32
agoirentar	agoirentarei	1
agoirentar	agoirentando	9
agoirentar	agoirentarão	22
agoirentar	agoirentados	27
agoirentar	agoirentam	28
restaurar	restaurava	21
restaurar	restauro	26
restaurar	restaurei	4
restaurar	restaura	32
restaurar	restaurasse	18
restaurar	restaurarás	13
restaurar	restaurar-se	17
restaurar	restauros	15
restaurar	restaurar	33
restaurar	restaurados	27
restaurar	restaures	16
restaurar	restaure	7
restaurar	restaurá-lo	10
restaurar	restauração	3
restaurar	restaurar-me	5
restaurar	restauram	28
restaurar	restaurado	30
restaurar	restaurem	14
restaurar	restaura	12
restaurar	restaurada	2
restaurar	restauras	19
restaurar	restaurando	9
restaurar	restaurarão	22
restaurar	restaurarem	29
restaurar	restaurá-los	6
restaurar	restaurará	24
restaurar	restauradas	8
restaurar	restaurou	20
restaurar	restaurares	23
restaurar	restaurarei	1
restaurar	restauraram	31
restaurar	restauraste	25
restaurar	restauravam	0
restaurar	restauraremos	11
abranger	abrangermos	2
abranger	abranger-se	17
abranger	abrangei	4
abranger	abrangerá	24
abranger	abrange	7
abranger	abranges	19
abranger	abrangedas	8
abranger	abrangerão	22
abranger	abrangeres	23
abranger	abrange	32
abranger	abranger	6
abranger	abrangedos	27
abranger	abrangerem	29
abranger	abrangeste	25
abranger	abrangedo	30
abranger	abranger	33
abranger	abrangeva	21
abranger	abrangeram-no	0
abranger	abrangendo	9
abranger	abrangeram	31
abranger	abranger-lo	10
abranger	abrangerás	13
abranger	abrangem	28
abranger	abranger-te	3
abranger	abrangeu	20
abranger	abrange	12
abranger	abrangeremos	11
abranger	abrangem	14
abranger	abranges	15
abranger	abrangerei	1
abranger	abrangesse	18
abranger	abranger-me	5
abranger	abranges	16
abranger	abrange	26
recair	recairá	24
recair	recair	33
recair	cai	12
recair	recaida	2
recair	recais	19
recair	recai	32
recair	recaires	23
recair	recaem	14
recair	recaim	28
recair	recaiu	20
recair	recaidos	27
recair	recaiva	21
recair	recairei	1
recair	recairão	22
recair	cair	6
recair	recairam	31
recair	recaidas	8
recair	recair	10
recair	recaido	30
recair	cairam	0
recair	recaiste	25
recair	recairás	13
recair	recair-te	3
recair	recai	26
recair	recae	7
recair	recaes	16
recair	recaisse	18
recair	recairem	29
recair	caido	5
recair	cairá	11
recair	recaindo	9
recair	recais	15
recair	recair-se	17
recair	caim	4
configurar	configurasse	18
configurar	configurados	27
configurar	configurarão	22
configurar	configurares	23
configurar	configurarem	29
configurar	configuravam	0
configurar	configurá-lo	10
configurar	configurar-se	17
configurar	configurarei	1
configurar	configuram	28
configurar	configurei	4
configurar	configuraram	31
configurar	configuro	26
configurar	configurar-me	5
configurar	configurá-los	6
configurar	configurarás	13
configurar	configura	12
configurar	configuros	15
configurar	configurava	21
configurar	configuraste	25
configurar	configures	16
configurar	configurando	9
configurar	configuradas	8
configurar	configurou	20
configurar	configurado	30
configurar	configurará	24
configurar	configurada	2
configurar	configuraremos	11
configurar	configura	32
configurar	configuras	19
configurar	configure	7
configurar	configurem	14
configurar	configurar	33
configurar	configurar-te	3
constituir	constitui	12
constituir	constituim	28
constituir	constituir-lo	10
constituir	constitui	26
constituir	constituir	6
constituir	constituirá	24
constituir	constituidos	27
constituir	constituiram	31
constituir	constituidas	8
constituir	constituiram-no	0
constituir	constituis	15
constituir	constitues	16
constituir	constituiste	25
constituir	constituirem	29
constituir	constituiu	20
constituir	constitui	32
constituir	constituir-se	17
constituir	constituei	4
constituir	constituir-te	3
constituir	constituirás	13
constituir	constituiremos	11
constituir	constituiva	21
constituir	constituis	19
constituir	constituem	14
constituir	constituir-me	5
constituir	constituida	2
constituir	constituido	30
constituir	constituirão	22
constituir	constituir	33
constituir	constituindo	9
constituir	constituisse	18
constituir	constituirei	1
constituir	constituires	23
constituir	constitue	7
encarecer	encarecem	28
encarecer	encarecerem	29
encarecer	encareceremos	11
encarecer	encarecei	4
encarecer	encareces	19
encarecer	encarece	7
encarecer	encarecesse	18
encarecer	encarecer	10
encarecer	encarece	12
encarecer	encarecer-se	17
encarecer	encarecerão	22
encarecer	encarecedos	27
encarecer	encarecer-te	3
encarecer	encarecer	33
encarecer	encarecer	6
encarecer	encareceste	25
encarecer	encarecedas	8
encarecer	encarecendo	9
encarecer	encareceres	23
encarecer	encarecerá	24
encarecer	encareceu	20
encarecer	encarece	32
encarecer	encarecerás	13
encarecer	encareceva	21
encarecer	encarecem	14
encarecer	encarece	26
encarecer	encarecedo	30
encarecer	encareceram-no	0
encarecer	encareces	15
encarecer	encarecermos	2
encarecer	encareces	16
encarecer	encarecerei	1
encarecer	encarecer-me	5
encarecer	encareceram	31
marchar	marcha	32
marchar	marchaste	25
marchar	marchada	2
marchar	marchar-te	3
marchar	marches	16
marchar	marchando	9
marchar	marchá-los	6
marchar	marchas	19
marchar	marchado	30
marchar	marcharei	1
marchar	marchares	23
marchar	marchou	20
marchar	marchasse	18
marchar	marchadas	8
marchar	marchei	4
marchar	marcham	28
marchar	marchá-lo	10
marchar	marchava	21
marchar	marcharás	13
marchar	marcha	12
marchar	marchar-se	17
marchar	marchar-me	5
marchar	marchem	14
marchar	marchos	15
marchar	marchará	24
marchar	marcharão	22
marchar	marcho	26
marchar	marcharam	31
marchar	marcharemos	11
marchar	marche	7
marchar	marchados	27
marchar	marchavam	0
marchar	marcharem	29
marchar	marchar	33
surfar	surfarei	1
surfar	surfe	7
surfar	surfarás	13
surfar	surfes	16
surfar	surfos	15
surfar	surfasse	18
surfar	surfava	21
surfar	surfem	14
surfar	surfou	20
surfar	surfando	9
surfar	surfá-lo	10
surfar	surfarem	29
surfar	surfará	24
surfar	surfavam	0
surfar	surfada	2
surfar	surfei	4
surfar	surfaremos	11
surfar	surfarão	22
surfar	surfados	27
surfar	surfaram	31
surfar	surfa	12
surfar	surfá-los	6
surfar	surfadas	8
surfar	surfares	23
surfar	surfado	30
surfar	surfas	19
surfar	surfar-se	17
surfar	surfo	26
surfar	surfa	32
surfar	surfar-me	5
surfar	surfar	33
surfar	surfam	28
surfar	surfaste	25
surfar	surfar-te	3
murmurar	murmurá-lo	10
murmurar	murmuraste	25
murmurar	murmura	12
murmurar	murmurem	14
murmurar	murmurar-se	17
murmurar	murmuraremos	11
murmurar	murmuravam	0
murmurar	murmurasse	18
murmurar	murmurou	20
murmurar	murmurados	27
murmurar	murmures	16
murmurar	murmurado	30
murmurar	murmurarem	29
murmurar	murmurarei	1
murmurar	murmurarão	22
murmurar	murmuram	28
murmurar	murmuraram	31
murmurar	murmurá-los	6
murmurar	murmurava	21
murmurar	murmuras	19
murmurar	murmurar	33
murmurar	murmurará	24
murmurar	murmura	32
murmurar	murmurando	9
murmurar	murmuros	15
murmurar	murmurar-me	5
murmurar	murmurei	4
murmurar	murmurada	2
murmurar	murmure	7
murmurar	murmurações	8
murmurar	murmurarás	13
murmurar	murmuro	26
murmurar	murmurares	23
murmurar	murmuração	3
desflorestar	desflorestava	21
desflorestar	desflorestas	19
desflorestar	desflorestarás	13
desflorestar	desfloresta	32
desflorestar	desflorestem	14
desflorestar	desflorestei	4
desflorestar	desflorestar-te	3
desflorestar	desflorestase	18
desflorestar	desflorestado	30
desflorestar	desflorestar-se	17
desflorestar	desflorestarem	29
desflorestar	desflorestaste	25
desflorestar	desfloresto	26
desflorestar	desfloreste	7
desflorestar	desflorestadas	8
desflorestar	desflorestarei	1
desflorestar	desflorestar	33
desflorestar	desflorestá-lo	10
desflorestar	desflorestos	15
desflorestar	desflorestarão	22
desflorestar	desflorestando	9
desflorestar	desflorestavam	0
desflorestar	desflorestar-me	5
desflorestar	desflorestares	23
desflorestar	desflorestaremos	11
desflorestar	desflorestada	2
desflorestar	desflorestes	16
desflorestar	desflorestá-los	6
desflorestar	desflorestaram	31
desflorestar	desflorestou	20
desflorestar	desfloresta	12
desflorestar	desflorestam	28
desflorestar	desflorestará	24
desflorestar	desflorestados	27
comprar	comprados	27
comprar	compra	32
comprar	comprar	33
comprar	compradas	8
comprar	comprar-me	5
comprar	comprou	20
comprar	compraste	25
comprar	comprasse	18
comprar	compram	28
comprar	comprada	2
comprar	compras	19
comprar	comprei	4
comprar	compre	7
comprar	compra	12
comprar	comprava	21
comprar	comprarão	22
comprar	compravam	0
comprar	comprarás	13
comprar	compraram	31
comprar	compro	26
comprar	comprá-lo	10
comprar	comprar-se	17
comprar	comprando	9
comprar	compros	15
comprar	comprá-los	6
comprar	comprado	30
comprar	comprares	23
comprar	comprar-te	3
comprar	compraremos	11
comprar	comprem	14
comprar	comprarem	29
comprar	compres	16
comprar	comprarei	1
comprar	comprará	24
ancinhar	ancinhasse	18
ancinhar	ancinhará	24
ancinhar	ancinharem	29
ancinhar	ancinhada	2
ancinhar	ancinhe	7
ancinhar	ancinhar-se	17
ancinhar	ancinhava	21
ancinhar	ancinhou	20
ancinhar	ancinha	12
ancinhar	ancinhaste	25
ancinhar	ancinharás	13
ancinhar	ancinhei	4
ancinhar	ancinhar	33
ancinhar	ancinharei	1
ancinhar	ancinhes	16
ancinhar	ancinhas	19
ancinhar	ancinharam	31
ancinhar	ancinhá-lo	10
ancinhar	ancinhos	15
ancinhar	ancinha	32
ancinhar	ancinhar-me	5
ancinhar	ancinhavam	0
ancinhar	ancinharemos	11
ancinhar	ancinhares	23
ancinhar	ancinhando	9
ancinhar	ancinhá-los	6
ancinhar	ancinhação	3
ancinhar	ancinham	28
ancinhar	ancinhem	14
ancinhar	ancinharão	22
ancinhar	ancinho	26
ancinhar	ancinhados	27
ancinhar	ancinhado	30
ancinhar	ancinhadas	8
renegar	renegar	33
renegar	nega	12
renegar	negam	4
renegar	renegaram	31
renegar	renega	32
renegar	reneges	16
renegar	renegasse	18
renegar	renegarem	29
renegar	renegarei	1
renegar	renegem	14
renegar	negar	6
renegar	renegados	27
renegar	renegarás	13
renegar	renegares	23
renegar	negaram	0
renegar	renegar-te	3
renegar	renegá-lo	10
renegar	renegadas	8
renegar	renegando	9
renegar	negado	5
renegar	renege	7
renegar	renego	26
renegar	renegou	20
renegar	renegar-se	17
renegar	renegarão	22
renegar	renegado	30
renegar	negará	11
renegar	renegaste	25
renegar	renegas	19
renegar	renegava	21
renegar	renegos	15
renegar	renegará	24
renegar	renegam	28
renegar	renegarmos	2
reproduzir	reproduzirá	24
reproduzir	reproduzis	15
reproduzir	reproduzi	26
reproduzir	reproduzisse	18
reproduzir	reproduzirei	1
reproduzir	produzirá	11
reproduzir	produzido	5
reproduzir	produzim	4
reproduzir	reproduzires	23
reproduzir	reproduzidos	27
reproduzir	reproduzir-te	3
reproduzir	reproduzir-se	17
reproduzir	reproduziste	25
reproduzir	reproduzes	16
reproduzir	reproduziva	21
reproduzir	produziram	0
reproduzir	reproduzis	19
reproduzir	reproduzirás	13
reproduzir	reproduzida	2
reproduzir	reproduzindo	9
reproduzir	reproduzim	28
reproduzir	reproduzir-lo	10
reproduzir	produzir	6
reproduzir	reproduzidas	8
reproduzir	reproduze	7
reproduzir	reproduzem	14
reproduzir	reproduzirão	22
reproduzir	reproduziu	20
reproduzir	reproduzi	32
reproduzir	reproduzido	30
reproduzir	reproduziram	31
reproduzir	reproduzir	33
reproduzir	reproduzirem	29
reproduzir	produzi	12
unir	unes	16
unir	une	7
unir	unir	33
unir	uni	26
unir	unisse	18
unir	uniram-se	9
unir	unirei	1
unir	unir-te	3
unir	unis	15
unir	unim	28
unir	uniram-no	0
unir	uniste	25
unir	unem	14
unir	unidos	27
unir	unires	23
unir	unir	6
unir	unirás	13
unir	unido	30
unir	unei	4
unir	unir	10
unir	uni	32
unir	unir-me	5
unir	unidas	8
unir	unirão	22
unir	unirem	29
unir	univa	21
unir	uniu	20
unir	unir-se	17
unir	unis	19
unir	uniram	31
unir	unida	2
unir	uniremos	11
unir	uni	12
unir	unirá	24
negligenciar	negligenciaste	25
negligenciar	negligenciarás	13
negligenciar	negligenciou	20
negligenciar	negligencia	32
negligenciar	negligenciando	9
negligenciar	negligence	7
negligenciar	negligenciasse	18
negligenciar	negligenciavam	0
negligenciar	negligenciaram	31
negligenciar	negligenciarão	22
negligenciar	negligenciam	28
negligenciar	negligencem	14
negligenciar	negligencios	15
negligenciar	negligencias	19
negligenciar	negligencá-los	6
negligenciar	negligences	16
negligenciar	negligenciada	2
negligenciar	negligenciar	33
negligenciar	negligencia	12
negligenciar	negligenciares	23
negligenciar	negligenciarei	1
negligenciar	negligencio	26
negligenciar	negligenciados	27
negligenciar	negligenciado	30
negligenciar	negligenciar-se	17
negligenciar	negligenciação	3
negligenciar	negligenciava	21
negligenciar	negligenciar-me	5
negligenciar	negligenciará	24
negligenciar	negligencá-lo	10
negligenciar	negligenciaremos	11
negligenciar	negligenciarem	29
negligenciar	negligencei	4
negligenciar	negligenciadas	8
irritar	irritou-se	1
irritar	irritações	8
irritar	irritaste	25
irritar	irrita	32
irritar	irritaram-no	0
irritar	irritou	20
irritar	irritem	14
irritar	irritaram	31
irritar	irritam	28
irritar	irritados	27
irritar	irritei	4
irritar	irritado	30
irritar	irritas	19
irritar	irritá-los	6
irritar	irritarão	22
irritar	irrita	12
irritar	irritava	21
irritar	irritares	23
irritar	irritaremos	11
irritar	irritarem	29
irritar	irritar	33
irritar	irritar-se	17
irritar	irritada	2
irritar	irrites	16
irritar	irritasse	18
irritar	irritos	15
irritar	irrite	7
irritar	irritará	24
irritar	irritação	3
irritar	irritar-me	5
irritar	irritá-lo	10
irritar	irritando	9
irritar	irritarás	13
irritar	irrito	26
enfarruscar	enfarruscar-me	5
enfarruscar	enfarrusca	12
enfarruscar	enfarruscar-te	3
enfarruscar	enfarrusce	7
enfarruscar	enfarrusces	16
enfarruscar	enfarruscei	4
enfarruscar	enfarruscos	15
enfarruscar	enfarruscava	21
enfarruscar	enfarruscá-los	6
enfarruscar	enfarruscando	9
enfarruscar	enfarruscada	2
enfarruscar	enfarruscarás	13
enfarruscar	enfarruscam	28
enfarruscar	enfarrusca	32
enfarruscar	enfarruscaremos	11
enfarruscar	enfarruscadas	8
enfarruscar	enfarruscar-se	17
enfarruscar	enfarruscas	19
enfarruscar	enfarruscarei	1
enfarruscar	enfarruscado	30
enfarruscar	enfarruscará	24
enfarruscar	enfarruscaram	31
enfarruscar	enfarruscarão	22
enfarruscar	enfarruscar	33
enfarruscar	enfarruscares	23
enfarruscar	enfarruscaste	25
enfarruscar	enfarruscasse	18
enfarruscar	enfarruscou	20
enfarruscar	enfarrusco	26
enfarruscar	enfarruscados	27
enfarruscar	enfarruscá-lo	10
enfarruscar	enfarruscarem	29
enfarruscar	enfarruscavam	0
enfarruscar	enfarruscem	14
contradizer	contradizedas	8
contradizer	contradizeram	31
contradizer	contradizeram-no	0
contradizer	contradizes	19
contradizer	contradizedos	27
contradizer	contradize	32
contradizer	contradizei	4
contradizer	contradizer	33
contradizer	contradizermos	2
contradizer	contradizer-lo	10
contradizer	contradizerei	1
contradizer	contradize	7
contradizer	contradizes	16
contradizer	contradizendo	9
contradizer	contradizeva	21
contradizer	contradize	26
contradizer	contradizer-te	3
contradizer	contradizem	14
contradizer	contradizeu	20
contradizer	contradizeremos	11
contradizer	contradizerão	22
contradizer	contradizedo	30
contradizer	contradizesse	18
contradizer	contradizerás	13
contradizer	contradizem	28
contradizer	contradizer-se	17
contradizer	contradizer	6
contradizer	contradize	12
contradizer	contradizerem	29
contradizer	contradizes	15
contradizer	contradizerá	24
contradizer	contradizeres	23
contradizer	contradizer-me	5
contradizer	contradizeste	25
monopolizar	monopolizas	19
monopolizar	monopolizei	4
monopolizar	monopolizasse	18
monopolizar	monopolizes	16
monopolizar	monopolizada	2
monopolizar	monopolizar-te	3
monopolizar	monopolizam	28
monopolizar	monopolizarás	13
monopolizar	monopolize	7
monopolizar	monopolizando	9
monopolizar	monopolizavam	0
monopolizar	monopolizá-los	6
monopolizar	monopoliza	12
monopolizar	monopolizares	23
monopolizar	monopolizá-lo	10
monopolizar	monopolizadas	8
monopolizar	monopolizados	27
monopolizar	monopolizaram	31
monopolizar	monopolizarão	22
monopolizar	monopolizarem	29
monopolizar	monopolizem	14
monopolizar	monopolizava	21
monopolizar	monopolizaste	25
monopolizar	monopolizar	33
monopolizar	monopolizar-me	5
monopolizar	monopoliza	32
monopolizar	monopolizarei	1
monopolizar	monopolizar-se	17
monopolizar	monopolizará	24
monopolizar	monopolizo	26
monopolizar	monopolizado	30
monopolizar	monopolizou	20
monopolizar	monopolizaremos	11
monopolizar	monopolizos	15
empregar	empregados	27
empregar	empregadas	8
empregar	emprega	32
empregar	empregar-me	5
empregar	empregarem	29
empregar	empregos	15
empregar	empregaste	25
empregar	empregar	33
empregar	emprege	7
empregar	empregas	19
empregar	empregando	9
empregar	empregasse	18
empregar	empregarão	22
empregar	emprega	12
empregar	empregá-lo	10
empregar	empregares	23
empregar	empregada	2
empregar	emprego	26
empregar	empregam	28
empregar	empregarei	1
empregar	empregavam	0
empregar	empregaremos	11
empregar	empregará	24
empregar	empregou	20
empregar	empregem	14
empregar	empreges	16
empregar	empregado	30
empregar	empregar-te	3
empregar	empregarás	13
empregar	empregei	4
empregar	empregava	21
empregar	empregá-los	6
empregar	empregaram	31
empregar	empregar-se	17
mourejar	mourejava	21
mourejar	mourejar-se	17
mourejar	mourejarão	22
mourejar	mourejará	24
mourejar	mourejá-lo	10
mourejar	mourejavam	0
mourejar	mourejadas	8
mourejar	mourejes	16
mourejar	mourejam	28
mourejar	mourejarás	13
mourejar	mourejas	19
mourejar	moureje	7
mourejar	mourejar-me	5
mourejar	mourejem	14
mourejar	mourejá-los	6
mourejar	mourejou	20
mourejar	mourejarem	29
mourejar	mourejarei	1
mourejar	mourejação	3
mourejar	mourejos	15
mourejar	mourejo	26
mourejar	mourejaram	31
mourejar	mourejares	23
mourejar	mourejado	30
mourejar	mourejei	4
mourejar	moureja	32
mourejar	mourejaste	25
mourejar	mourejar	33
mourejar	mourejaremos	11
mourejar	mourejados	27
mourejar	mourejasse	18
mourejar	mourejando	9
mourejar	moureja	12
mourejar	mourejada	2
montar	montes	16
montar	montavam	0
montar	montaram	31
montar	monte	7
montar	montarei	1
montar	montou	20
montar	montá-los	6
montar	montados	27
montar	montasse	18
montar	montas	19
montar	montar-se	17
montar	montar-me	5
montar	montarem	29
montar	montei	4
montar	montaste	25
montar	montar-te	3
montar	montar	33
montar	montado	30
montar	montarás	13
montar	monta	32
montar	montadas	8
montar	montava	21
montar	montam	28
montar	montaremos	11
montar	montá-lo	10
montar	monto	26
montar	montada	2
montar	montando	9
montar	montarão	22
montar	montará	24
montar	montem	14
montar	montos	15
montar	monta	12
montar	montares	23
bainhar	bainhar-te	3
bainhar	bainhaste	25
bainhar	bainhos	15
bainhar	bainhe	7
bainhar	bainharei	1
bainhar	bainham	28
bainhar	bainhará	24
bainhar	bainhá-lo	10
bainhar	bainhes	16
bainhar	bainha	12
bainhar	bainhas	19
bainhar	bainhar-se	17
bainhar	bainhado	30
bainhar	bainhei	4
bainhar	bainharão	22
bainhar	bainho	26
bainhar	bainhá-los	6
bainhar	bainhava	21
bainhar	bainhares	23
bainhar	bainharemos	11
bainhar	bainhasse	18
bainhar	bainharás	13
bainhar	bainhavam	0
bainhar	bainhada	2
bainhar	bainhem	14
bainhar	bainhar-me	5
bainhar	bainharam	31
bainhar	bainhados	27
bainhar	bainhadas	8
bainhar	bainha	32
bainhar	bainhar	33
bainhar	bainhou	20
bainhar	bainharem	29
bainhar	bainhando	9
exagerar	exagerados	27
exagerar	exagerarei	1
exagerar	exageros	15
exagerar	exagerada	2
exagerar	exagerou	20
exagerar	exagerava	21
exagerar	exagerares	23
exagerar	exagerarás	13
exagerar	exagerará	24
exagerar	exagerá-lo	10
exagerar	exageraram	31
exagerar	exagerem	14
exagerar	exagerarem	29
exagerar	exagere	7
exagerar	exagerar-me	5
exagerar	exagerar	33
exagerar	exageraste	25
exagerar	exagera	32
exagerar	exageres	16
exagerar	exageraremos	11
exagerar	exagerá-los	6
exagerar	exageram	28
exagerar	exagerar-se	17
exagerar	exagerarão	22
exagerar	exagerei	4
exagerar	exagero	26
exagerar	exagerado	30
exagerar	exageradas	8
exagerar	exagera	12
exagerar	exagerasse	18
exagerar	exageravam	0
exagerar	exageras	19
exagerar	exagerando	9
exagerar	exagerar-te	3
emprehender	emprehendem	28
emprehender	emprehenderás	13
emprehender	emprehendesse	18
emprehender	emprehenderam	31
emprehender	emprehende	32
emprehender	emprehender-te	3
emprehender	emprehendeva	21
emprehender	emprehendes	19
emprehender	emprehendedo	30
emprehender	emprehender-me	5
emprehender	emprehenderei	1
emprehender	emprehender-lo	10
emprehender	emprehenderá	24
emprehender	emprehendem	14
emprehender	emprehenderam-no	0
emprehender	emprehendeste	25
emprehender	emprehendes	15
emprehender	emprehendedas	8
emprehender	emprehende	12
emprehender	emprehendei	4
emprehender	emprehende	7
emprehender	emprehender	6
emprehender	emprehendendo	9
emprehender	emprehende	26
emprehender	emprehenderão	22
emprehender	emprehendedos	27
emprehender	emprehenderem	29
emprehender	emprehenderes	23
emprehender	emprehenderemos	11
emprehender	emprehender-se	17
emprehender	emprehendeu	20
emprehender	emprehendes	16
emprehender	emprehendermos	2
emprehender	emprehender	33
revoltar	revoltarão	22
revoltar	revoltar	33
revoltar	revoltares	23
revoltar	voltar	6
revoltar	revoltou	20
revoltar	voltam	4
revoltar	revoltará	24
revoltar	revoltou-se	1
revoltar	revoltes	16
revoltar	revolta	32
revoltar	revoltos	15
revoltar	revoltas	19
revoltar	voltará	11
revoltar	revoltam	28
revoltar	revolto	26
revoltar	revoltados	27
revoltar	revoltado	30
revoltar	revolte	7
revoltar	revoltadas	8
revoltar	revoltem	14
revoltar	volta	12
revoltar	revoltarem	29
revoltar	revoltar-se	17
revoltar	revoltasse	18
revoltar	voltaram	0
revoltar	revoltava	21
revoltar	revoltarmos	2
revoltar	revoltarás	13
revoltar	revoltação	3
revoltar	revoltá-lo	10
revoltar	revoltaram-se	9
revoltar	revoltaste	25
revoltar	voltado	5
revoltar	revoltaram	31
divagar	divagos	15
divagar	divagará	24
divagar	divagarem	29
divagar	divagada	2
divagar	divage	7
divagar	divagarei	1
divagar	divagando	9
divagar	divagar-me	5
divagar	divagado	30
divagar	divagá-los	6
divagar	divagou	20
divagar	divagados	27
divagar	divagar-se	17
divagar	divagasse	18
divagar	divago	26
divagar	divagaram	31
divagar	divagadas	8
divagar	divages	16
divagar	divagam	28
divagar	divagei	4
divagar	divaga	32
divagar	divagem	14
divagar	divagavam	0
divagar	divagava	21
divagar	divagas	19
divagar	divagar	33
divagar	divagares	23
divagar	divagarão	22
divagar	divagá-lo	10
divagar	divagaremos	11
divagar	divagaste	25
divagar	divagarás	13
divagar	divagação	3
divagar	divaga	12
progredir	progredi	12
progredir	progrediu	20
progredir	progredir	33
progredir	progredir-lo	10
progredir	progredir	6
progredir	progredindo	9
progredir	progredir-se	17
progredir	progredires	23
progredir	progredis	19
progredir	progredidos	27
progredir	progrediremos	11
progredir	progrediste	25
progredir	progredirei	1
progredir	progredi	32
progredir	progredir-me	5
progredir	progredida	2
progredir	progredi	26
progredir	progredim	28
progredir	progredem	14
progredir	progredis	15
progredir	progredes	16
progredir	progrediva	21
progredir	progrediram-no	0
progredir	progredei	4
progredir	progrede	7
progredir	progredição	3
progredir	progredidas	8
progredir	progredisse	18
progredir	progredirem	29
progredir	progredido	30
progredir	progredirá	24
progredir	progredirás	13
progredir	progredirão	22
progredir	progrediram	31
scintilar	scintilam	28
scintilar	scintila	32
scintilar	scintilei	4
scintilar	scintilada	2
scintilar	scintilaste	25
scintilar	scintilo	26
scintilar	scintilos	15
scintilar	scintilarem	29
scintilar	scintilava	21
scintilar	scintilar-me	5
scintilar	scintilarei	1
scintilar	scintilou	20
scintilar	scintiles	16
scintilar	scintila	12
scintilar	scintilas	19
scintilar	scintilarás	13
scintilar	scintilarão	22
scintilar	scintilares	23
scintilar	scintilá-lo	10
scintilar	scintilar-se	17
scintilar	scintilavam	0
scintilar	scintile	7
scintilar	scintilado	30
scintilar	scintilar-te	3
scintilar	scintilá-los	6
scintilar	scintilando	9
scintilar	scintilará	24
scintilar	scintilaremos	11
scintilar	scintiladas	8
scintilar	scintilaram	31
scintilar	scintilados	27
scintilar	scintilem	14
scintilar	scintilar	33
scintilar	scintilasse	18
livrar	livrar-me	5
livrar	livrando	9
livrar	livros	15
livrar	livrarem	29
livrar	livravam	0
livrar	livre	7
livrar	livrou	20
livrar	livras	19
livrar	livrei	4
livrar	livrar-te	3
livrar	livrá-los	6
livrar	livra	32
livrar	livrares	23
livrar	livraram	31
livrar	livres	16
livrar	livrar-se	17
livrar	livrarão	22
livrar	livrava	21
livrar	livrados	27
livrar	livrado	30
livrar	livraremos	11
livrar	livrar	33
livrar	livrasse	18
livrar	livrarei	1
livrar	livrá-lo	10
livrar	livra	12
livrar	livro	26
livrar	livrarás	13
livrar	livraste	25
livrar	livram	28
livrar	livrará	24
livrar	livradas	8
livrar	livrem	14
livrar	livrarmos	2
lotear	lotear-me	5
lotear	loteares	23
lotear	lotearem	29
lotear	loteada	2
lotear	lotea	12
lotear	loteadas	8
lotear	lotearão	22
lotear	loteasse	18
lotear	lotes	16
lotear	lotearei	1
lotear	lotearam	31
lotear	loteas	19
lotear	loteados	27
lotear	loteando	9
lotear	loteavam	0
lotear	lotearás	13
lotear	loteo	26
lotear	lotearemos	11
lotear	lotear	33
lotear	lotem	14
lotear	loteará	24
lotear	loteos	15
lotear	lotear-se	17
lotear	lotear-te	3
lotear	loteado	30
lotear	loteei	4
lotear	loteou	20
lotear	lotea	32
lotear	loteaste	25
lotear	loteá-los	6
lotear	loteá-lo	10
lotear	loteava	21
lotear	lote	7
lotear	loteam	28
resmungar	resmungou	20
resmungar	resmungo	26
resmungar	resmungas	19
resmungar	resmunga	12
resmungar	resmungá-lo	10
resmungar	resmungando	9
resmungar	resmungará	24
resmungar	resmungá-los	6
resmungar	resmungares	23
resmungar	resmungarem	29
resmungar	resmungar-se	17
resmungar	resmungaremos	11
resmungar	resmungarão	22
resmungar	resmungadas	8
resmungar	resmungavam	0
resmungar	resmungarei	1
resmungar	resmungava	21
resmungar	resmunga	32
resmungar	resmungar-me	5
resmungar	resmungação	3
resmungar	resmungos	15
resmungar	resmungado	30
resmungar	resmungados	27
resmungar	resmungaste	25
resmungar	resmunge	7
resmungar	resmungaram	31
resmungar	resmungarás	13
resmungar	resmungar	33
resmungar	resmungam	28
resmungar	resmungasse	18
resmungar	resmunges	16
resmungar	resmungei	4
resmungar	resmungem	14
resmungar	resmungada	2
ressalvar	ressalvares	23
ressalvar	ressalvando	9
ressalvar	ressalvarem	29
ressalvar	ressalvação	3
ressalvar	ressalvadas	8
ressalvar	ressalvou	20
ressalvar	ressalva	12
ressalvar	ressalvei	4
ressalvar	ressalvá-los	6
ressalvar	ressalvos	15
ressalvar	ressalvaste	25
ressalvar	ressalvados	27
ressalvar	ressalvarão	22
ressalvar	ressalvasse	18
ressalvar	ressalves	16
ressalvar	ressalvar-me	5
ressalvar	ressalvaram	31
ressalvar	ressalve	7
ressalvar	ressalvarei	1
ressalvar	ressalva	32
ressalvar	ressalvar	33
ressalvar	ressalvado	30
ressalvar	ressalvem	14
ressalvar	ressalvaremos	11
ressalvar	ressalvar-se	17
ressalvar	ressalvavam	0
ressalvar	ressalvo	26
ressalvar	ressalvada	2
ressalvar	ressalvava	21
ressalvar	ressalvá-lo	10
ressalvar	ressalvarás	13
ressalvar	ressalvam	28
ressalvar	ressalvará	24
ressalvar	ressalvas	19
cantar	cantá-los	6
cantar	cantava	21
cantar	canta	32
cantar	cantaremos	11
cantar	cantou	20
cantar	cantam	28
cantar	cantares	23
cantar	cantarão	22
cantar	cantes	16
cantar	cantarás	13
cantar	cantas	19
cantar	cantarei	1
cantar	cantavam	0
cantar	cantar	33
cantar	cantado	30
cantar	canto	26
cantar	cantar-me	5
cantar	cantaste	25
cantar	cantada	2
cantar	cantem	14
cantar	cantasse	18
cantar	cantados	27
cantar	cantos	15
cantar	canta	12
cantar	cante	7
cantar	cantarem	29
cantar	cantei	4
cantar	cantá-lo	10
cantar	cantando	9
cantar	cantar-te	3
cantar	cantará	24
cantar	cantar-se	17
cantar	cantadas	8
cantar	cantaram	31
contrabalancear	contrabanca	12
contrabalancear	contrabancarem	29
contrabalancear	contrabancaram	31
contrabalancear	contrabancados	27
contrabalancear	contrabar-te	3
contrabalancear	contrabales	16
contrabalancear	contrabancando	9
contrabalancear	contrabancar	33
contrabalancear	contrabancar-me	5
contrabalancear	contrabalá-lo	10
contrabalancear	contrabancarão	22
contrabalancear	contrabancará	24
contrabalancear	contrabancarás	13
contrabalancear	contrabancado	30
contrabalancear	contrabalaste	25
contrabalancear	contrabalou	20
contrabalancear	contrabá-los	6
contrabalancear	contrabanca	32
contrabalancear	contrabancase	18
contrabalancear	contrabalares	23
contrabalancear	contrabei	4
contrabalancear	contrabalos	15
contrabalancear	contrabalava	21
contrabalancear	contrabaremos	11
contrabalancear	contrabancam	28
contrabalancear	contrabalas	19
contrabalancear	contrabalarei	1
contrabalancear	contrabalem	14
contrabalancear	contrabancada	2
contrabalancear	contrabavam	0
contrabalancear	contrabancar-se	17
contrabalancear	contrabalo	26
contrabalancear	contrabence	7
contrabalancear	contrabancadas	8
