вытащить	вытащили	16
вытащить	вытащу	7
вытащить	вытащишь	2
вытащить	вытащите	12
вытащить	вытащивший	5
вытащить	вытащения	1
вытащить	вытащила	13
вытащить	вытащит	15
вытащить	вытащи	14
вытащить	вытащив	4
вытащить	вытащят	10
вытащить	вытащитесь	6
вытащить	вытащились	9
вытащить	вытащился	8
вытащить	вытащится	11
вытащить	вытащилась	3
вытащить	вытащ	0
вытащить	вытащить	18
вытащить	вытащил	17
задавить	задавив	4
задавить	задавит	15
задавить	задавишь	2
задавить	задавилась	3
задавить	задавения	1
задавить	задавят	10
задавить	задавила	13
задавить	задавились	9
задавить	задавится	11
задавить	задави	14
задавить	задавитесь	6
задавить	задавил	17
задавить	задавим	7
задавить	задавивший	5
задавить	задавился	8
задавить	задав	0
задавить	задавили	16
задавить	задавить	18
задавить	задавите	12
соблюсти	соблюстив	4
соблюсти	соблюсти	18
соблюсти	соблюсти	11
соблюсти	соблюсти	13
соблюсти	соблюстились	9
соблюсти	соблюстишь	2
соблюсти	соблюстят	10
соблюсти	соблюсти	14
соблюсти	облюстит	3
соблюсти	соблюсти	12
соблюсти	соблюсти	15
соблюсти	соблюстим	7
соблюсти	соблюсти	16
соблюсти	соблюстился	8
соблюсти	облюстить	5
соблюсти	соблюстил	17
соблюсти	соблюстения	1
соблюсти	соблюсти	0
соблюсти	соблюсти	6
выпалить	выпалив	4
выпалить	выпалишь	2
выпалить	выпалили	16
выпалить	выпалим	7
выпалить	выпалите	12
выпалить	выпалила	13
выпалить	выпал	0
выпалить	выпалились	9
выпалить	выпалит	15
выпалить	выпалят	10
выпалить	выпалить	18
выпалить	выпалилась	3
выпалить	выпалитесь	6
выпалить	выпалится	11
выпалить	выпалил	17
выпалить	выпаливший	5
выпалить	выпалился	8
выпалить	выпали	14
выпалить	выпаления	1
высмотреть	высмотревший	5
высмотреть	высмотрет	10
высмотреть	высмотрен	2
высмотреть	высмотрения	1
высмотреть	высмотретесь	6
высмотреть	высмотрела	13
высмотреть	высмотрем	7
высмотреть	высмотрели	16
высмотреть	высмотрев	4
высмотреть	высмотрелась	3
высмотреть	высмотреть	18
высмотреть	высмотре	14
высмотреть	высмотреться	0
высмотреть	высмотрет	15
высмотреть	высмотрелся	8
высмотреть	высмотрел	17
высмотреть	высмотрете	12
высмотреть	высмотрелись	9
высмотреть	высмотрется	11
измазать	измазался	8
измазать	измазат	15
измазать	измазали	16
измазать	измазалась	3
измазать	измазая	1
измазать	измазам	7
измазать	измазала	13
измазать	измазать	18
измазать	измаза	14
измазать	измазаться	0
измазать	измазате	12
измазать	измазат	10
измазать	измазав	4
измазать	измазашь	2
измазать	измазатся	11
измазать	измазавший	5
измазать	измазались	9
измазать	измазатесь	6
измазать	измазал	17
потревожить	потревожишь	2
потревожить	потревоживший	5
потревожить	потревожите	12
потревожить	потревожила	13
потревожить	потревожения	1
потревожить	потревожят	10
потревожить	потревожу	7
потревожить	потревожился	8
потревожить	потревожил	17
потревожить	потревожи	14
потревожить	потревожились	9
потревожить	потревожить	18
потревожить	потревожит	15
потревожить	потревожив	4
потревожить	потревожили	16
потревожить	потревожиться	0
потревожить	потревожится	11
потревожить	потревожилась	3
потревожить	потревожитесь	6
предсказать	предсказаться	0
предсказать	предсказала	13
предсказать	предсказав	4
предсказать	предсказая	1
предсказать	предсказашь	2
предсказать	предсказалась	3
предсказать	предсказат	10
предсказать	предсказавший	5
предсказать	предсказа	14
предсказать	предсказались	9
предсказать	предсказал	17
предсказать	предсказатесь	6
предсказать	предсказате	12
предсказать	предсказался	8
предсказать	предсказали	16
предсказать	предсказатся	11
предсказать	предсказат	15
предсказать	предсказам	7
предсказать	предсказать	18
устрашить	устрашилась	3
устрашить	устрашит	15
устрашить	устрашят	10
устрашить	устрашится	11
устрашить	устрашить	18
устрашить	устрашила	13
устрашить	устрашились	9
устрашить	устрашился	8
устрашить	устрашил	17
устрашить	устрашитесь	6
устрашить	устрашив	4
устрашить	устрашен	2
устрашить	устрашивший	5
устрашить	устрашения	1
устрашить	устрашу	7
устрашить	устрашите	12
устрашить	устраши	14
устрашить	устрашили	16
устрашить	устрашиться	0
обезглавить	обезглавили	16
обезглавить	обезглавиться	0
обезглавить	обезглавила	13
обезглавить	обезглавим	7
обезглавить	обезглавивший	5
обезглавить	обезглавит	15
обезглавить	обезглавить	18
обезглавить	обезглавится	11
обезглавить	обезглавив	4
обезглавить	обезглавился	8
обезглавить	обезглавения	1
обезглавить	обезглавят	10
обезглавить	обезглавите	12
обезглавить	обезглавитесь	6
обезглавить	обезглави	14
обезглавить	обезглавилась	3
обезглавить	обезглавил	17
обезглавить	обезглавишь	2
обезглавить	обезглавились	9
истребить	истреби	14
истребить	истребивший	5
истребить	истребишь	2
истребить	истребит	15
истребить	истребив	4
истребить	истребится	11
истребить	истребили	16
истребить	истребилась	3
истребить	истребения	1
истребить	истребиться	0
истребить	истребите	12
истребить	истребитесь	6
истребить	истребим	7
истребить	истребила	13
истребить	истребились	9
истребить	истребят	10
истребить	истребил	17
истребить	истребился	8
истребить	истребить	18
проспать	проспашь	2
проспать	проспавший	5
проспать	проспали	16
проспать	проспал	17
проспать	проспать	18
проспать	проспат	15
проспать	проспался	8
проспать	проспала	13
проспать	проспа	14
проспать	проспам	7
проспать	проспате	12
проспать	проспались	9
проспать	проспат	10
проспать	проспаться	0
проспать	проспатся	11
проспать	проспалась	3
проспать	проспав	4
проспать	проспая	1
проспать	проспатесь	6
спросить	спросили	16
спросить	спросит	15
спросить	спросился	8
спросить	попросит	2
спросить	спросите	12
спросить	спросить	18
спросить	спросим	7
спросить	спросил	17
спросить	спросила	13
спросить	спросят	10
спросить	просить	5
спросить	спроситесь	6
спросить	спросив	4
спросить	спроситься	0
спросить	спросится	11
спросить	спросения	1
спросить	просит	3
спросить	спроси	14
спросить	спросились	9
мирить	миривший	5
мирить	мирилась	3
мирить	миритесь	6
мирить	мирил	17
мирить	мирился	8
мирить	мири	14
мирить	мирили	16
мирить	мирен	2
мирить	мирится	11
мирить	мирись	4
мирить	мирить	18
мирить	мирились	9
мирить	мирит	15
мирить	мирения	1
мирить	мирите	12
мирить	миру	7
мирить	мир	0
мирить	мирят	10
мирить	мирила	13
подсмотреть	подсмотрения	1
подсмотреть	подсмотрем	7
подсмотреть	подсмотрется	11
подсмотреть	подсмотрела	13
подсмотреть	подсмотреть	18
подсмотреть	подсмотрет	10
подсмотреть	подсмотрелась	3
подсмотреть	подсмотретесь	6
подсмотреть	подсмотрен	2
подсмотреть	подсмотреться	0
подсмотреть	подсмотрелся	8
подсмотреть	подсмотре	14
подсмотреть	подсмотрел	17
подсмотреть	подсмотрев	4
подсмотреть	подсмотревший	5
подсмотреть	подсмотрели	16
подсмотреть	подсмотрете	12
подсмотреть	подсмотрелись	9
подсмотреть	подсмотрет	15
промямлить	промямилась	3
промямлить	промямлят	10
промямлить	промямится	11
промямлить	промямивший	5
промямлить	промями	14
промямлить	промямим	7
промямлить	промямения	1
промямлить	промямился	8
промямлить	промямив	4
промямлить	промямите	12
промямлить	промямишь	2
промямлить	промям	0
промямлить	промямили	16
промямлить	промямить	18
промямлить	промямились	9
промямлить	промямила	13
промямлить	промямитесь	6
промямлить	промямит	15
промямлить	промямил	17
раскрыть	раскрыться	0
раскрыть	красывший	5
раскрыть	раскрылись	9
раскрыть	раскрым	7
раскрыть	раскрыть	18
раскрыть	раскрыл	17
раскрыть	раскрыв	4
раскрыть	раскрыла	13
раскрыть	раскрытесь	6
раскрыть	раскрыт	10
раскрыть	раскрытся	11
раскрыть	раскрыт	15
раскрыть	раскрылся	8
раскрыть	раскрыния	1
раскрыть	раскры	14
раскрыть	раскрыте	12
раскрыть	раскрын	2
раскрыть	раскрыли	16
раскрыть	раскрылась	3
скатить	скатили	16
скатить	скатят	10
скатить	скатила	13
скатить	скатит	15
скатить	скатится	11
скатить	скатиться	0
скатить	скатения	1
скатить	скатись	4
скатить	скатите	12
скатить	скати	14
скатить	скатилась	3
скатить	скатил	17
скатить	скату	7
скатить	скатитесь	6
скатить	скатился	8
скатить	скатились	9
скатить	покатит	2
скатить	скатить	18
скатить	скативший	5
утаить	утаит	15
утаить	утаишь	2
утаить	утаил	17
утаить	утаивший	5
утаить	утаилась	3
утаить	утаились	9
утаить	утаи	14
утаить	утаения	1
утаить	утаится	11
утаить	утаитесь	6
утаить	утаили	16
утаить	утаился	8
утаить	утаят	10
утаить	утаите	12
утаить	утаиться	0
утаить	утаив	4
утаить	утаим	7
утаить	утаить	18
утаить	утаила	13
капнуть	капнут	15
капнуть	капнуться	0
капнуть	капнул	17
капнуть	капнутесь	6
капнуть	капнула	13
капнуть	капнувший	5
капнуть	капну	1
капнуть	капнулся	8
капнуть	капнулись	9
капнуть	капнут	10
капнуть	капну	14
капнуть	капнулась	3
капнуть	капнув	4
капнуть	капнутся	11
капнуть	капнуть	18
капнуть	капнушь	2
капнуть	капну	7
капнуть	капнули	16
капнуть	капнуте	12
снять	нят	3
снять	снятесь	6
снять	снялся	8
снять	снятся	11
снять	сня	1
снять	нять	5
снять	сням	7
снять	снят	15
снять	сняла	13
снять	сняли	16
снять	сняшь	2
снять	снял	17
снять	сняте	12
снять	сня	14
снять	сняться	0
снять	снять	18
снять	снят	10
снять	сняв	4
снять	снялись	9
перехватить	перехватится	11
перехватить	перехватиться	0
перехватить	перехватит	15
перехватить	перехватил	17
перехватить	перехватилась	3
перехватить	перехватился	8
перехватить	перехвативший	5
перехватить	перехватим	7
перехватить	перехватения	1
перехватить	перехватила	13
перехватить	перехватив	4
перехватить	перехвати	14
перехватить	перехватились	9
перехватить	перехватят	10
перехватить	перехватитесь	6
перехватить	перехватили	16
перехватить	перехватить	18
перехватить	перехватишь	2
перехватить	перехватите	12
навестить	навестился	8
навестить	навестится	11
навестить	навестили	16
навестить	навестишь	2
навестить	навестила	13
навестить	навеститесь	6
навестить	навестения	1
навестить	навестите	12
навестить	навестивший	5
навестить	навестим	7
навестить	навестят	10
навестить	навестит	15
навестить	навестить	18
навестить	навестив	4
навестить	навеститься	0
навестить	навестились	9
навестить	навестил	17
навестить	навестилась	3
навестить	навести	14
заинтересовать	заинересельствовал	17
заинтересовать	заинересишь	2
заинтересовать	заинересесь	6
заинтересовать	заинересилась	3
заинтересовать	заинересет	10
заинтересовать	заинерестев	4
заинтересовать	заинересения	1
заинтересовать	заинересельствовались	9
заинтересовать	заинтересться	0
заинтересовать	заинересивший	5
заинтересовать	заинересе	14
заинтересовать	заинересется	11
заинтересовать	заинересельствовали	16
заинтересовать	заинерестим	7
заинтересовать	заинересельствовался	8
заинтересовать	заинересеть	18
заинтересовать	заинересете	12
заинтересовать	заинересет	15
заинтересовать	заинересельствовала	13
развязать	развязая	1
развязать	развязам	7
развязать	развязал	17
развязать	развязатесь	6
развязать	развязат	10
развязать	развязат	15
развязать	развязаться	0
развязать	развязался	8
развязать	развязате	12
развязать	развязала	13
развязать	развязав	4
развязать	вязать	3
развязать	развязать	18
развязать	вязать	5
развязать	развяза	14
развязать	развязали	16
развязать	развязатся	11
развязать	развязашь	2
развязать	развязались	9
закачать	закачав	4
закачать	закачатся	11
закачать	закача	14
закачать	закачать	18
закачать	закачался	8
закачать	закачала	13
закачать	закачам	7
закачать	закачал	17
закачать	закачалась	3
закачать	закачаться	0
закачать	закачат	10
закачать	закачая	1
закачать	закачавший	5
закачать	закачат	15
закачать	закачатесь	6
закачать	закачашь	2
закачать	закачали	16
закачать	закачате	12
закачать	закачались	9
возложить	возложили	16
возложить	возложит	15
возложить	возложив	4
возложить	возложят	10
возложить	возложилась	3
возложить	возложится	11
возложить	возложивший	5
возложить	возложен	2
возложить	возложитесь	6
возложить	возложиться	0
возложить	возложила	13
возложить	возложились	9
возложить	возложил	17
возложить	возложился	8
возложить	возложу	7
возложить	возложить	18
возложить	возложите	12
возложить	возложения	1
возложить	возложи	14
закутать	закутам	7
закутать	закутался	8
закутать	закутав	4
закутать	закутали	16
закутать	закутат	15
закутать	закутатесь	6
закутать	закутала	13
закутать	закутатся	11
закутать	закутаться	0
закутать	закутая	1
закутать	закуталась	3
закутать	закутате	12
закутать	закутались	9
закутать	закуташь	2
закутать	закута	14
закутать	закутат	10
закутать	закутал	17
закутать	закутать	18
закутать	закутавший	5
простить	простения	1
простить	прости	14
простить	простивший	5
простить	простили	16
простить	простил	17
простить	проститься	0
простить	простила	13
простить	простив	4
простить	простилась	3
простить	проститесь	6
простить	простился	8
простить	простят	10
простить	простите	12
простить	простится	11
простить	простились	9
простить	простим	7
простить	простить	18
простить	простишь	2
простить	простит	15
прислонить	прислонит	15
прислонить	прислонилась	3
прислонить	прислоним	7
прислонить	прислони	14
прислонить	прислонив	4
прислонить	прислонить	18
прислонить	прислонивший	5
прислонить	прислонила	13
прислонить	прислонили	16
прислонить	прислонитесь	6
прислонить	прислонят	10
прислонить	прислониться	0
прислонить	прислоните	12
прислонить	прислонился	8
прислонить	прислонения	1
прислонить	прислонишь	2
прислонить	прислонил	17
прислонить	прислонится	11
прислонить	прислонились	9
возвестить	возвестили	16
возвестить	возвестите	12
возвестить	возвестила	13
возвестить	возвестения	1
возвестить	возвеститесь	6
возвестить	возвестить	18
возвестить	возвестилась	3
возвестить	возвестивший	5
возвестить	возвеститься	0
возвестить	возвести	14
возвестить	возвестив	4
возвестить	возвестились	9
возвестить	возвестил	17
возвестить	возвестился	8
возвестить	возвестим	7
возвестить	возвестят	10
возвестить	возвестишь	2
возвестить	возвестит	15
возвестить	возвестится	11
опровергнуть	опровергнув	4
опровергнуть	опровергнувший	5
опровергнуть	опровергну	7
опровергнуть	опровергнуть	18
опровергнуть	опровергнушь	2
опровергнуть	опровергнуте	12
опровергнуть	опровергнуться	0
опровергнуть	опровергнулись	9
опровергнуть	опровергнут	10
опровергнуть	опровергну	14
опровергнуть	опровергнули	16
опровергнуть	опровергнула	13
опровергнуть	опровергнулся	8
опровергнуть	опровергнулась	3
опровергнуть	опровергнутся	11
опровергнуть	опровернуя	1
опровергнуть	опровергнутесь	6
опровергнуть	опровергнул	17
опровергнуть	опровергнут	15
соблазнить	соблазнился	8
соблазнить	соблазнились	9
соблазнить	соблазнишь	2
соблазнить	соблазнив	4
соблазнить	соблазни	14
соблазнить	соблазну	7
соблазнить	соблазнения	1
соблазнить	облазнит	3
соблазнить	соблазнили	16
соблазнить	соблазнят	10
соблазнить	соблазните	12
соблазнить	соблазн	0
соблазнить	соблазнить	18
соблазнить	соблазнил	17
соблазнить	соблазнитесь	6
соблазнить	соблазнится	11
соблазнить	соблазнит	15
соблазнить	соблазнила	13
соблазнить	облазнить	5
ознаменовать	ознаменовала	13
ознаменовать	ознаменовая	1
ознаменовать	ознаменовате	12
ознаменовать	ознаменовать	18
ознаменовать	ознаменовались	9
ознаменовать	ознаменоват	10
ознаменовать	ознаменоватся	11
ознаменовать	ознаменовалась	3
ознаменовать	ознаменоватесь	6
ознаменовать	ознаменовась	4
ознаменовать	ознаменовашь	2
ознаменовать	ознаменовавший	5
ознаменовать	ознаменовам	7
ознаменовать	ознаменоват	15
ознаменовать	ознаменовали	16
ознаменовать	ознаменовал	17
ознаменовать	ознаменоваться	0
ознаменовать	ознаменова	14
ознаменовать	ознаменовался	8
вложить	вложит	15
вложить	вложите	12
вложить	вложили	16
вложить	вложив	4
вложить	вложишь	2
вложить	вложится	11
вложить	вложилась	3
вложить	влож	0
вложить	вложи	14
вложить	вложивший	5
вложить	вложения	1
вложить	вложил	17
вложить	вложила	13
вложить	вложился	8
вложить	вложу	7
вложить	вложились	9
вложить	вложитесь	6
вложить	вложят	10
вложить	вложить	18
пощёлкать	пощтали	16
пощёлкать	пощталатесь	6
пощёлкать	пощтала	13
пощёлкать	пощталашь	2
пощёлкать	пощталсятся	11
пощёлкать	пощта	14
пощёлкать	пощалкалась	3
пощёлкать	пощталать	18
пощёлкать	пощалкавший	5
пощёлкать	пощтался	8
пощёлкать	пощталат	15
пощёлкать	пощталате	12
пощёлкать	пощтал	17
пощёлкать	пощталят	10
пощёлкать	пощалкав	4
пощёлкать	пощталения	1
пощёлкать	пощтались	9
пощёлкать	пощулам	7
пощёлкать	пощтаться	0
обжечь	обжечь	6
обжечь	обжечься	11
обжечь	обжечь	12
обжечь	обжечь	16
обжечь	обжечь	2
обжечь	обжечь	4
обжечь	обжечь	15
обжечь	обжечь	14
обжечь	обжечала	13
обжечь	обжечят	10
обжечь	обжечу	7
обжечь	обжечь	9
обжечь	обжечь	18
обжечь	обжечься	8
обжечь	обжечь	1
обжечь	обжечься	0
обжечь	обжечь	17
обжечь	обжечий	5
обжечь	обжечь	3
поддеть	поделась	3
поддеть	подете	12
поддеть	подеться	0
поддеть	подет	15
поддеть	поделись	9
поддеть	подения	1
поддеть	подется	11
поддеть	подела	13
поддеть	поделся	8
поддеть	поден	2
поддеть	подем	7
поддеть	подел	17
поддеть	подев	4
поддеть	подет	10
поддеть	подели	16
поддеть	подетесь	6
поддеть	подеть	18
поддеть	поде	14
поддеть	подевший	5
приять	прия	14
приять	приявший	5
приять	прият	15
приять	прияться	0
приять	прияла	13
приять	приялся	8
приять	приям	7
приять	приятся	11
приять	приятесь	6
приять	приялась	3
приять	прияв	4
приять	приял	17
приять	прият	10
приять	прияте	12
приять	приялия	1
приять	приять	18
приять	прияшь	2
приять	приялись	9
приять	прияли	16
скривить	скриву	7
скривить	скривения	1
скривить	скривив	4
скривить	скривят	10
скривить	скривил	17
скривить	скривитесь	6
скривить	скривился	8
скривить	покривит	2
скривить	скривились	9
скривить	скривила	13
скривить	скривили	16
скривить	скривилась	3
скривить	скрививший	5
скривить	скривится	11
скривить	скриви	14
скривить	скрив	0
скривить	скривите	12
скривить	скривит	15
скривить	скривить	18
засвидетельствовать	засвидетельствовая	1
засвидетельствовать	засвидетельствовашь	2
засвидетельствовать	засвидетельствоват	15
засвидетельствовать	засвидетельствоваться	0
засвидетельствовать	засвидетельствовалась	3
засвидетельствовать	засвидетельствовате	12
засвидетельствовать	засвидетельствоватся	11
засвидетельствовать	засвидетельствовать	18
засвидетельствовать	засвидетельствовавший	5
засвидетельствовать	засвидетельствовались	9
засвидетельствовать	засвидетельствоват	10
засвидетельствовать	засвидетельствовали	16
засвидетельствовать	засвидетельствоватесь	6
засвидетельствовать	засвидетельствовал	17
засвидетельствовать	засвидетельствовала	13
засвидетельствовать	засвидетельствовав	4
засвидетельствовать	засвидетельствовам	7
засвидетельствовать	засвидетельствовался	8
засвидетельствовать	засвидетельствова	14
изжить	изжения	1
изжить	изжу	7
изжить	изжить	18
изжить	изжилась	3
изжить	изживший	5
изжить	изжиться	0
изжить	изжила	13
изжить	изжитесь	6
изжить	изжил	17
изжить	изжен	2
изжить	изжись	4
изжить	изжились	9
изжить	изжит	15
изжить	изжился	8
изжить	изжи	14
изжить	изжится	11
изжить	изжят	10
изжить	изжите	12
изжить	изжили	16
опорожнить	опорожнив	4
опорожнить	опорожнила	13
опорожнить	опорожнят	10
опорожнить	опорожнишь	2
опорожнить	опорожнитесь	6
опорожнить	опорожним	7
опорожнить	опорожнить	18
опорожнить	опорожнит	15
опорожнить	опорожнился	8
опорожнить	опорожниться	0
опорожнить	опорожнения	1
опорожнить	опорожни	14
опорожнить	опорожнили	16
опорожнить	опорожнил	17
опорожнить	опорожнилась	3
опорожнить	опорожните	12
опорожнить	опорожнивший	5
опорожнить	опорожнится	11
опорожнить	опорожнились	9
спалить	спались	4
спалить	попалит	2
спалить	спалят	10
спалить	спаления	1
спалить	спалитесь	6
спалить	спалится	11
спалить	спалите	12
спалить	спалить	18
спалить	спалим	7
спалить	спалились	9
спалить	спалила	13
спалить	спалился	8
спалить	спалит	15
спалить	спали	14
спалить	палит	3
спалить	спалили	16
спалить	палить	5
спалить	спалил	17
спалить	спал	0
отыскать	отыскате	12
отыскать	отыскалась	3
отыскать	отыскал	17
отыскать	отыскат	15
отыскать	отыска	14
отыскать	отыскашь	2
отыскать	отыскам	7
отыскать	отыскался	8
отыскать	отыскав	4
отыскать	отыскать	18
отыскать	отыскали	16
отыскать	отыскатесь	6
отыскать	отыскат	10
отыскать	отыскаться	0
отыскать	отыскавший	5
отыскать	отыская	1
отыскать	отыскатся	11
отыскать	отыскала	13
отыскать	отыскались	9
сплюнуть	плюнуть	5
сплюнуть	сплюнут	15
сплюнуть	сплюнутся	11
сплюнуть	сплюнул	17
сплюнуть	сплюну	14
сплюнуть	сплюну	7
сплюнуть	сплюну	1
сплюнуть	сплюнуте	12
сплюнуть	сплюнуться	0
сплюнуть	сплюнулись	9
сплюнуть	сплюнулся	8
сплюнуть	сплюнули	16
сплюнуть	сплюнув	4
сплюнуть	сплюнуть	18
сплюнуть	сплюнула	13
сплюнуть	сплюнут	10
сплюнуть	плюнут	3
сплюнуть	сплюнушь	2
сплюнуть	сплюнутесь	6
получить	получивший	5
получить	получили	16
получить	получи	14
получить	получится	11
получить	получите	12
получить	получения	1
получить	получил	17
получить	получила	13
получить	получились	9
получить	получился	8
получить	получитесь	6
получить	получит	15
получить	получиться	0
получить	получишь	2
получить	получилась	3
получить	получить	18
получить	получив	4
получить	получим	7
получить	получят	10
обезручить	обезручив	4
обезручить	обезручился	8
обезручить	обезручите	12
обезручить	обезручила	13
обезручить	обезручивший	5
обезручить	обезручитесь	6
обезручить	обезручи	14
обезручить	обезручен	2
обезручить	обезручились	9
обезручить	обезручения	1
обезручить	обезручилась	3
обезручить	обезручиться	0
обезручить	обезручится	11
обезручить	обезручили	16
обезручить	оберучу	7
обезручить	обезручят	10
обезручить	обезручит	15
обезручить	обезручить	18
обезручить	обезручил	17
истолковать	истолковалась	3
истолковать	истолковала	13
истолковать	истолковая	1
истолковать	истолковавший	5
истолковать	истолкова	14
истолковать	истолковате	12
истолковать	истолковался	8
истолковать	истолковал	17
истолковать	истолковат	10
истолковать	истолковам	7
истолковать	истолковали	16
истолковать	истолковатся	11
истолковать	истолковать	18
истолковать	истолковатесь	6
истолковать	истолковат	15
истолковать	истолковаться	0
истолковать	истолковашь	2
истолковать	истолковав	4
истолковать	истолковались	9
запить	запивший	5
запить	запитесь	6
запить	запил	17
запить	запит	15
запить	запишь	2
запить	запите	12
запить	запим	7
запить	запила	13
запить	запили	16
запить	запи	14
запить	запения	1
запить	запись	4
запить	запилась	3
запить	запят	10
запить	запится	11
запить	запился	8
запить	запились	9
запить	запить	18
запить	запиться	0
списать	списав	4
списать	списатся	11
списать	списате	12
списать	списала	13
списать	пописат	2
списать	списали	16
списать	списался	8
списать	писать	5
списать	списам	7
списать	списат	10
списать	списая	1
списать	списались	9
списать	списаться	0
списать	списатесь	6
списать	списать	18
списать	писат	3
списать	списа	14
списать	списал	17
списать	списат	15
отсосать	отсосалась	3
отсосать	отсосате	12
отсосать	отсосали	16
отсосать	отсосался	8
отсосать	отсосавший	5
отсосать	отсоса	14
отсосать	отсосала	13
отсосать	отсосатся	11
отсосать	отсосат	10
отсосать	отсосать	18
отсосать	отсосам	7
отсосать	отсосались	9
отсосать	отсосатесь	6
отсосать	отсосашь	2
отсосать	отсосая	1
отсосать	отсосал	17
отсосать	отсосат	15
отсосать	отсосаться	0
отсосать	отсосав	4
ввести	ввесту	7
ввести	ввестят	10
ввести	ввеститесь	6
ввести	ввести	14
ввести	ввести	12
ввести	ввестись	4
ввести	ввестила	13
ввести	ввестил	17
ввести	ввестилась	3
ввести	ввестишь	2
ввести	ввести	0
ввести	ввестился	8
ввести	ввести	18
ввести	ввести	11
ввести	ввестения	1
ввести	ввестивший	5
ввести	ввестит	15
ввести	ввестились	9
ввести	ввестили	16
подслушать	подслушат	15
подслушать	подслушатесь	6
подслушать	подслушали	16
подслушать	подслушам	7
подслушать	подслушашь	2
подслушать	подслушаться	0
подслушать	подслушая	1
подслушать	подслушав	4
подслушать	подслуша	14
подслушать	подслушат	10
подслушать	подслушавший	5
подслушать	подслушались	9
подслушать	подслушате	12
подслушать	подслушала	13
подслушать	подслушал	17
подслушать	подслушалась	3
подслушать	подслушать	18
подслушать	подслушатся	11
подслушать	подслушался	8
раздавить	раздавил	17
раздавить	раздавят	10
раздавить	раздавить	18
раздавить	раздавили	16
раздавить	раздавите	12
раздавить	раздавит	15
раздавить	раздавилась	3
раздавить	раздавился	8
раздавить	раздавились	9
раздавить	раздав	0
раздавить	раздавив	4
раздавить	раздави	14
раздавить	давить	5
раздавить	раздавится	11
раздавить	раздавитесь	6
раздавить	раздавишь	2
раздавить	раздавим	7
раздавить	раздавения	1
раздавить	раздавила	13
присчитать	присчитала	13
присчитать	присчитатся	11
присчитать	присчитат	15
присчитать	присчитался	8
присчитать	присчитались	9
присчитать	присчитам	7
присчитать	присчитатесь	6
присчитать	присчитав	4
присчитать	присчиталась	3
присчитать	присчитате	12
присчитать	присчитая	1
присчитать	присчитат	10
присчитать	присчиташь	2
присчитать	присчитать	18
присчитать	присчитавший	5
присчитать	присчитаться	0
присчитать	присчита	14
присчитать	присчитали	16
присчитать	присчитал	17
разорить	разорилась	3
разорить	разорил	17
разорить	разорились	9
разорить	разорения	1
разорить	разорила	13
разорить	разорен	2
разорить	разорив	4
разорить	разоритесь	6
разорить	разорили	16
разорить	разорим	7
разорить	разорит	15
разорить	разорят	10
разорить	разориться	0
разорить	оразоривший	5
разорить	разори	14
разорить	разорить	18
разорить	разорится	11
разорить	разорите	12
разорить	разорился	8
подметить	подметите	12
подметить	подметится	11
подметить	подметился	8
подметить	подметит	15
подметить	подметим	7
подметить	подметить	18
подметить	подметишь	2
подметить	подметят	10
подметить	подметитесь	6
подметить	подметилась	3
подметить	подметились	9
подметить	подметили	16
подметить	подметения	1
подметить	подмети	14
подметить	подмет	0
подметить	подметила	13
подметить	подметил	17
подметить	подметив	4
подметить	подметивший	5
схоронить	схоронится	11
схоронить	похоронит	2
схоронить	схорониться	0
схоронить	схороним	7
схоронить	схоронили	16
схоронить	хоронит	3
схоронить	хоронить	5
схоронить	схоронил	17
схоронить	схоронив	4
схоронить	схоронила	13
схоронить	схоронения	1
схоронить	схоронился	8
схоронить	схоронит	15
схоронить	схоронитесь	6
схоронить	схорони	14
схоронить	схоронились	9
схоронить	схороните	12
схоронить	схоронить	18
схоронить	схоронят	10
прищурить	прищурит	15
прищурить	прищурен	2
прищурить	прищурения	1
прищурить	прищуривший	5
прищурить	прищурил	17
прищурить	прищурился	8
прищурить	прищурились	9
прищурить	прищурится	11
прищурить	прищури	14
прищурить	прищурить	18
прищурить	прищурят	10
прищурить	прищурили	16
прищурить	прищуриться	0
прищурить	прищурилась	3
прищурить	прищу	7
прищурить	прищурите	12
прищурить	прищурила	13
прищурить	прищуритесь	6
прищурить	прищурив	4
уведомить	уведомиться	0
уведомить	уведомилась	3
уведомить	уведомения	1
уведомить	уведомитесь	6
уведомить	уведомим	7
уведомить	уведоми	14
уведомить	уведомишь	2
уведомить	уведомят	10
уведомить	уведомивший	5
уведомить	уведомите	12
уведомить	уведомив	4
уведомить	уведомился	8
уведомить	уведомится	11
уведомить	уведомить	18
уведомить	уведомит	15
уведомить	уведомила	13
уведомить	уведомили	16
уведомить	уведомил	17
уведомить	уведомились	9
выстоять	выстоят	15
выстоять	выстояте	12
выстоять	выстоя	14
выстоять	выстоялась	3
выстоять	выстоятесь	6
выстоять	выстоять	18
выстоять	выстоялись	9
выстоять	выстояв	4
выстоять	выстояться	0
выстоять	выстоявший	5
выстоять	выстояла	13
выстоять	выстояшь	2
выстоять	выстоям	7
выстоять	выстоят	10
выстоять	выстоял	17
выстоять	выстоя	1
выстоять	выстоялся	8
выстоять	выстояли	16
выстоять	выстоятся	11
покорить	покоривший	5
покорить	покорим	7
покорить	покорить	18
покорить	покорите	12
покорить	покорилась	3
покорить	покорит	15
покорить	покорился	8
покорить	покорил	17
покорить	покориться	0
покорить	покори	14
покорить	покорили	16
покорить	покоришь	2
покорить	покорения	1
покорить	покорится	11
покорить	покорила	13
покорить	покоритесь	6
покорить	покорят	10
покорить	покорились	9
покорить	покорись	4
обыскать	обыскал	17
обыскать	обыскам	7
обыскать	обыскат	15
обыскать	обыскали	16
обыскать	обыскатесь	6
обыскать	обыскате	12
обыскать	обыскать	18
обыскать	обыска	14
обыскать	обыская	1
обыскать	обыскав	4
обыскать	обыскался	8
обыскать	обыскат	10
обыскать	обыскатся	11
обыскать	обыскалась	3
обыскать	обыскались	9
обыскать	обыскала	13
обыскать	обыскаться	0
обыскать	обыскавший	5
обыскать	обыскашь	2
подвести	подвестил	17
подвести	подвестит	15
подвести	подвестились	9
подвести	подвести	13
подвести	подвеститесь	6
подвести	подвестим	7
подвести	подвести	18
подвести	подвести	11
подвести	подвестилась	3
подвести	подвестения	1
подвести	подвести	14
подвести	подвестив	4
подвести	подвестят	10
подвести	подвестишь	2
подвести	подвести	0
подвести	подвестивший	5
подвести	подвести	12
подвести	подвести	16
подвести	подвестился	8
привнести	привнестила	13
привнести	привнеститесь	6
привнести	привнестив	4
привнести	привнестят	10
привнести	привнесения	1
привнести	привнестите	12
привнести	привести	14
привнести	привнестит	15
привнести	привнестится	11
привнести	привнеститься	0
привнести	привестилась	3
привнести	привнестивший	5
привнести	привнестили	16
привнести	привнести	18
привнести	привнестен	2
привнести	привнестим	7
привнести	привнестился	8
привнести	привнестил	17
привнести	привнестились	9
выказать	выказавший	5
выказать	выказал	17
выказать	выказашь	2
выказать	выказате	12
выказать	выказался	8
выказать	выказат	10
выказать	выказа	14
выказать	выказая	1
выказать	выказались	9
выказать	выказалась	3
выказать	выказали	16
выказать	выказав	4
выказать	выказаться	0
выказать	выказат	15
выказать	выказать	18
выказать	выказатся	11
выказать	выказам	7
выказать	выказала	13
выказать	выказатесь	6
размахнуть	размахну	14
размахнуть	махрахнувший	5
размахнуть	размахнутся	11
размахнуть	размахнулся	8
размахнуть	размахнуть	18
размахнуть	размахнут	10
размахнуть	размахнулись	9
размахнуть	махманулась	3
размахнуть	размахну	7
размахнуть	размахнушь	2
размахнуть	размахнула	13
размахнуть	размахнув	4
размахнуть	размахнутесь	6
размахнуть	размахнуте	12
размахнуть	размахнули	16
размахнуть	размахнуться	0
размахнуть	размахну	1
размахнуть	размахнут	15
размахнуть	размахнул	17
отгадать	отгадались	9
отгадать	отгадали	16
отгадать	отгадавший	5
отгадать	отгадая	1
отгадать	отгадав	4
отгадать	отгада	14
отгадать	отгадат	10
отгадать	отгадал	17
отгадать	отгадалась	3
отгадать	отгадам	7
отгадать	отгадатся	11
отгадать	отгадала	13
отгадать	отгадатесь	6
отгадать	отгадался	8
отгадать	отгадате	12
отгадать	отгадать	18
отгадать	отгадаться	0
отгадать	отгадашь	2
отгадать	отгадат	15
раздобыть	раздобыния	1
раздобыть	раздобытесь	6
раздобыть	раздобы	14
раздобыть	раздобылись	9
раздобыть	раздобыла	13
раздобыть	раздобыт	10
раздобыть	раздобышь	2
раздобыть	раздобым	7
раздобыть	раздобылся	8
раздобыть	раздобылась	3
раздобыть	раздобыте	12
раздобыть	раздобыться	0
раздобыть	добыть	5
раздобыть	раздобыв	4
раздобыть	раздобытся	11
раздобыть	раздобыли	16
раздобыть	раздобыл	17
раздобыть	раздобыть	18
раздобыть	раздобыт	15
укротить	укротится	11
укротить	укротились	9
укротить	укротите	12
укротить	укротился	8
укротить	укроти	14
укротить	укроту	7
укротить	укротитесь	6
укротить	укротивший	5
укротить	укротил	17
укротить	укротить	18
укротить	укротись	4
укротить	укротили	16
укротить	укротения	1
укротить	укротишь	2
укротить	укротит	15
укротить	укротила	13
укротить	укротиться	0
укротить	укротят	10
укротить	укротилась	3
вобрать	вобратся	11
вобрать	вобрат	10
вобрать	вобрав	4
вобрать	вобрам	7
вобрать	вобрался	8
вобрать	вобрашь	2
вобрать	вобралась	3
вобрать	вобрая	1
вобрать	вобрат	15
вобрать	вобрала	13
вобрать	вобрал	17
вобрать	вобрате	12
вобрать	вобрались	9
вобрать	вобраться	0
вобрать	вобратесь	6
вобрать	вобрали	16
вобрать	вобравший	5
вобрать	вобра	14
вобрать	вобрать	18
усыновить	усыновили	16
усыновить	усыновения	1
усыновить	усыновим	7
усыновить	усыновил	17
усыновить	усыновишь	2
усыновить	усыновится	11
усыновить	усыновить	18
усыновить	усыновились	9
усыновить	усыновивший	5
усыновить	усыновят	10
усыновить	усыновилась	3
усыновить	усыновит	15
усыновить	усыновите	12
усыновить	усыновиться	0
усыновить	усыновила	13
усыновить	усыновился	8
усыновить	усынови	14
усыновить	усыновив	4
усыновить	усыновитесь	6
сразить	разит	3
сразить	сразят	10
сразить	сразит	15
сразить	сразится	11
сразить	поразит	2
сразить	сразила	13
сразить	сразитесь	6
сразить	сразения	1
сразить	сразили	16
сразить	сразился	8
сразить	сразиться	0
сразить	сразил	17
сразить	сразим	7
сразить	сразите	12
сразить	разить	5
сразить	сразились	9
сразить	срази	14
сразить	сразить	18
сразить	сразись	4
отсечь	отсечь	2
отсечь	отсечения	1
отсечь	отсечий	5
отсечь	отсечь	13
отсечь	отсечился	8
отсечь	отсечесь	6
отсечь	отсечь	3
отсечь	отсечь	12
отсечь	отсечил	17
отсечь	отсечь	4
отсечь	отсечь	14
отсечь	отсечу	7
отсечь	отсечят	10
отсечь	отсечься	11
отсечь	отсечили	16
отсечь	отсечились	9
отсечь	отсечь	18
отсечь	отсечь	15
отсечь	отсечься	0
загадить	загадив	4
загадить	загадится	11
загадить	загадите	12
загадить	загадили	16
загадить	загадитесь	6
загадить	загадишь	2
загадить	загадилась	3
загадить	загадения	1
загадить	загадиться	0
загадить	загадила	13
загадить	загадит	15
загадить	загади	14
загадить	загадить	18
загадить	загадились	9
загадить	загадят	10
загадить	загадил	17
загадить	загаду	7
загадить	загадивший	5
загадить	загадился	8
накормить	накормения	1
накормить	накормив	4
накормить	накормишь	2
накормить	накормить	18
накормить	накормивший	5
накормить	накормитесь	6
накормить	накормим	7
накормить	накормите	12
накормить	накорми	14
накормить	накормились	9
накормить	накормиться	0
накормить	накормилась	3
накормить	накормила	13
накормить	накормил	17
накормить	накормится	11
накормить	накормят	10
накормить	накормился	8
накормить	накормит	15
накормить	накормили	16
помотать	помотатесь	6
помотать	помотавший	5
помотать	помотав	4
помотать	помотаться	0
помотать	помотат	15
помотать	помотая	1
помотать	помотате	12
помотать	помотался	8
помотать	помота	14
помотать	помотал	17
помотать	помотать	18
помотать	помотатся	11
помотать	помоталась	3
помотать	помотали	16
помотать	помотались	9
помотать	помотат	10
помотать	помотала	13
помотать	помоташь	2
помотать	помотам	7
переговорить	переговоришь	2
переговорить	переговори	14
переговорить	переговорил	17
переговорить	переговорив	4
переговорить	переговорения	1
переговорить	переговорим	7
переговорить	переговоривший	5
переговорить	переговоритесь	6
переговорить	переговорили	16
переговорить	переговорить	18
переговорить	переговорится	11
переговорить	переговорите	12
переговорить	переговорились	9
переговорить	переговорился	8
переговорить	переговорят	10
переговорить	переговорит	15
переговорить	переговориться	0
переговорить	переговорилась	3
переговорить	переговорила	13
отразить	отразили	16
отразить	отразит	15
отразить	отрази	14
отразить	отразите	12
отразить	отразения	1
отразить	отразила	13
отразить	отразится	11
отразить	отразилась	3
отразить	отразиться	0
отразить	отразитесь	6
отразить	отразив	4
отразить	отразил	17
отразить	отразивший	5
отразить	отразились	9
отразить	отразился	8
отразить	отразят	10
отразить	отразить	18
отразить	отразишь	2
отразить	отразим	7
срубить	срубитесь	6
срубить	срубив	4
срубить	срубил	17
срубить	срубиться	0
срубить	срубила	13
срубить	срубит	15
срубить	срубите	12
срубить	срубения	1
срубить	рубить	5
срубить	рубит	3
срубить	срубили	16
срубить	сруби	14
срубить	срубишь	2
срубить	срубить	18
срубить	срубились	9
срубить	срубу	7
срубить	срубится	11
срубить	срубился	8
срубить	срубят	10
забрызгать	забрызгавший	5
забрызгать	забрызгалась	3
забрызгать	забрызгатесь	6
забрызгать	забрызгате	12
забрызгать	забрызгат	15
забрызгать	забрызгая	1
забрызгать	забрызгать	18
забрызгать	забрызгам	7
забрызгать	забрызга	14
забрызгать	забрызгашь	2
забрызгать	забрызгаться	0
забрызгать	забрызгав	4
забрызгать	забрызгался	8
забрызгать	забрызгали	16
забрызгать	забрызгались	9
забрызгать	забрызгала	13
забрызгать	забрызгат	10
забрызгать	забрызгал	17
забрызгать	забрызгатся	11
сковать	сковатся	11
сковать	сковал	17
сковать	сковам	7
сковать	сковала	13
сковать	сковате	12
сковать	сковав	4
сковать	сковали	16
сковать	сковался	8
сковать	сковат	10
сковать	сковая	1
сковать	сковатесь	6
сковать	сковалась	3
сковать	скова	14
сковать	сковавший	5
сковать	сковашь	2
сковать	сковать	18
сковать	сковались	9
сковать	сковат	15
сковать	сковаться	0
разжать	разжате	12
разжать	разжашь	2
разжать	разжатесь	6
разжать	разжав	4
разжать	жать	3
разжать	разжались	9
разжать	разжать	18
разжать	разжаться	0
разжать	разжам	7
разжать	жать	5
разжать	разжа	14
разжать	разжатся	11
разжать	разжат	10
разжать	разжали	16
разжать	разжал	17
разжать	разжала	13
разжать	разжая	1
разжать	разжат	15
разжать	разжался	8
подъять	подъялась	3
подъять	подъявший	5
подъять	подъять	18
подъять	подъяшь	2
подъять	подъяла	13
подъять	подъяться	0
подъять	подъя	1
подъять	подъялись	9
подъять	подъял	17
подъять	подъя	14
подъять	подъялся	8
подъять	подъят	15
подъять	подъяв	4
подъять	подъятесь	6
подъять	подъяли	16
подъять	подъяте	12
подъять	подъям	7
подъять	подъят	10
подъять	подъятся	11
разочаровать	разочаровались	9
разочаровать	разочаровал	17
разочаровать	разочароваться	0
разочаровать	разочаровали	16
разочаровать	разочаровашь	2
разочаровать	разочароватся	11
разочаровать	разочаровая	1
разочаровать	разочароват	10
разочаровать	разочаровам	7
разочаровать	разочароватесь	6
разочаровать	разочаровав	4
разочаровать	разочаровать	18
разочаровать	разочаровалась	3
разочаровать	разочаровался	8
разочаровать	разочаровала	13
разочаровать	очарчаровавший	5
разочаровать	разочарова	14
разочаровать	разочароват	15
разочаровать	разочаровате	12
смирить	мирит	3
смирить	смириться	0
смирить	смирил	17
смирить	смиру	7
смирить	смири	14
смирить	мирить	5
смирить	смирились	9
смирить	смирите	12
смирить	смирят	10
смирить	смирится	11
смирить	смирен	2
смирить	смирит	15
смирить	смирился	8
смирить	смиритесь	6
смирить	смирить	18
смирить	смирения	1
смирить	смирись	4
смирить	смирила	13
смирить	смирили	16
подмести	подмести	13
подмести	подместения	1
подмести	подместив	4
подмести	подмести	16
подмести	подместил	17
подмести	подмести	14
подмести	подместитесь	6
подмести	подмести	12
подмести	подмести	0
подмести	подместим	7
подмести	подместишь	2
подмести	подместились	9
подмести	подместят	10
подмести	подмести	11
подмести	подместит	15
подмести	подместился	8
подмести	подмести	18
подмести	подместивший	5
подмести	подместилась	3
захватить	захватят	10
захватить	захватила	13
захватить	захватения	1
захватить	захватились	9
захватить	захватиться	0
захватить	захвативший	5
захватить	захватитесь	6
захватить	захватит	15
захватить	захватишь	2
захватить	захватится	11
захватить	захвати	14
захватить	захватите	12
захватить	захватили	16
захватить	захватился	8
захватить	захватим	7
захватить	захватив	4
захватить	захватить	18
захватить	захватилась	3
захватить	захватил	17
подытожить	подытожи	14
подытожить	подытожилась	3
подытожить	подытожить	18
подытожить	подытожения	1
подытожить	подытожились	9
подытожить	подытожиться	0
подытожить	подытожит	15
подытожить	подытожят	10
подытожить	подытожила	13
подытожить	подытожу	7
подытожить	подытожили	16
подытожить	подытожится	11
подытожить	подытожите	12
подытожить	подытожив	4
подытожить	подытоживший	5
подытожить	подытожитесь	6
подытожить	подытожился	8
подытожить	подытожил	17
подытожить	подытожишь	2
пронзить	пронзить	18
пронзить	пронзиться	0
пронзить	пронзим	7
пронзить	пронзила	13
пронзить	пронзят	10
пронзить	пронзитесь	6
пронзить	пронзивший	5
пронзить	пронзится	11
пронзить	пронзили	16
пронзить	пронзи	14
пронзить	пронзил	17
пронзить	пронзив	4
пронзить	пронзен	2
пронзить	пронзите	12
пронзить	пронзит	15
пронзить	пронзения	1
пронзить	пронзились	9
пронзить	пронзилась	3
пронзить	пронзился	8
разукрасить	разукрасился	8
разукрасить	разукрасил	17
разукрасить	разукрасить	18
разукрасить	разукраситься	0
разукрасить	разукрасив	4
разукрасить	украсить	5
разукрасить	разукрасят	10
разукрасить	разукрасишь	2
разукрасить	украсит	3
разукрасить	разукрасила	13
разукрасить	разукрасили	16
разукрасить	разукрасите	12
разукрасить	разукрасит	15
разукрасить	разукраси	14
разукрасить	разукрасим	7
разукрасить	разукрасения	1
разукрасить	разукрасились	9
разукрасить	разукраситесь	6
разукрасить	разукрасится	11
отвергнуть	отвергнуться	0
отвергнуть	отвергнуть	18
отвергнуть	отвергнула	13
отвергнуть	отвергнулись	9
отвергнуть	отвергнутесь	6
отвергнуть	отвергнул	17
отвергнуть	отвергнут	10
отвергнуть	отвергнутся	11
отвергнуть	отвергнушь	2
отвергнуть	отвергнулся	8
отвергнуть	отвергнули	16
отвергнуть	отвергну	14
отвергнуть	отвергнуя	1
отвергнуть	отвергнувший	5
отвергнуть	отвергну	7
отвергнуть	отвергнулась	3
отвергнуть	отвергнув	4
отвергнуть	отвергнуте	12
отвергнуть	отвергнут	15
замочить	замочили	16
замочить	замочитесь	6
замочить	замочила	13
замочить	замочиться	0
замочить	замочу	7
замочить	замочят	10
замочить	замочится	11
замочить	замочения	1
замочить	замочишь	2
замочить	замочилась	3
замочить	замочивший	5
замочить	замочите	12
замочить	замочился	8
замочить	замочились	9
замочить	замочив	4
замочить	замочил	17
замочить	замочить	18
замочить	замочит	15
замочить	замочи	14
явить	явения	1
явить	явится	11
явить	явили	16
явить	явиться	0
явить	явитесь	6
явить	явишь	2
явить	явивший	5
явить	явился	8
явить	явились	9
явить	явил	17
явить	явись	4
явить	явят	10
явить	явила	13
явить	явит	15
явить	явить	18
явить	явилась	3
явить	яви	14
явить	явите	12
явить	явим	7
оживить	оживились	9
оживить	оживив	4
оживить	оживят	10
оживить	оживит	15
оживить	оживения	1
оживить	ожив	0
оживить	оживится	11
оживить	оживила	13
оживить	оживили	16
оживить	оживите	12
оживить	оживи	14
оживить	оживился	8
оживить	ожививший	5
оживить	оживилась	3
оживить	оживил	17
оживить	оживу	7
оживить	оживить	18
оживить	оживишь	2
оживить	оживитесь	6
избавить	избавили	16
избавить	избавим	7
избавить	избавил	17
избавить	избавят	10
избавить	избавит	15
избавить	избавить	18
избавить	избавила	13
избавить	избавивший	5
избавить	избавился	8
избавить	избавишь	2
избавить	избави	14
избавить	избавения	1
избавить	избавив	4
избавить	избавится	11
избавить	избавиться	0
избавить	избавите	12
избавить	избавились	9
избавить	избавитесь	6
избавить	избавилась	3
прогреть	прогреться	0
прогреть	прогре	14
прогреть	прогрете	12
прогреть	прогрелся	8
прогреть	прогрения	1
прогреть	прогрет	10
прогреть	прогреть	18
прогреть	прогрем	7
прогреть	прогрели	16
прогреть	прогрелись	9
прогреть	прогрев	4
прогреть	прогрен	2
прогреть	прогрет	15
прогреть	прогретесь	6
прогреть	прогрел	17
прогреть	прогрелась	3
прогреть	прогрела	13
прогреть	прогрется	11
прогреть	прогревший	5
умножить	умножится	11
умножить	умножу	7
умножить	умножил	17
умножить	умножился	8
умножить	умножилась	3
умножить	умножиться	0
умножить	умножила	13
умножить	умножить	18
умножить	умножишь	2
умножить	умножите	12
умножить	умножения	1
умножить	умножитесь	6
умножить	умножят	10
умножить	умноживший	5
умножить	умножив	4
умножить	умножились	9
умножить	умножи	14
умножить	умножит	15
умножить	умножили	16
выдернуть	выдернушь	2
выдернуть	выдерну	7
выдернуть	выдернувший	5
выдернуть	выдернуте	12
выдернуть	выдерну	14
выдернуть	выдернут	10
выдернуть	выдернутесь	6
выдернуть	выдернул	17
выдернуть	выдернули	16
выдернуть	выдернулся	8
выдернуть	выдернулись	9
выдернуть	выдернутся	11
выдернуть	выдернуя	1
выдернуть	выдернулась	3
выдернуть	выдернув	4
выдернуть	выдернула	13
выдернуть	выдернут	15
выдернуть	выдернуть	18
выдернуть	выдернуться	0
