contener	contenerlos	15
contener	contenemos	25
contener	contenes	5
contener	conteneremos	7
contener	conteneran	2
contener	conteneban	13
contener	contenera	11
contener	contenerán	3
contener	contenerían	1
contener	contenerás	10
contener	contenendo	22
contener	contene	21
contener	contenernos	8
contener	conteneré	9
contener	contenido	0
contener	contenería	19
contener	contenio	20
contener	contenerlo	16
contener	contenió	18
contener	contenen	17
contener	contenerme	14
contener	contene	26
contener	contenen	23
contener	contenerla	6
contener	conteneba	12
contener	contener	28
contener	contenerá	27
contener	contenieron	4
contener	contenerse	24
esleír	esleía	4
esleír	esleía	12
esleír	esleía	24
esleír	esleíando	22
esleír	esleían	23
esleír	esleíado	0
esleír	esleían	1
esleír	esleíamos	25
esleír	esleía	27
esleír	esleían	17
esleír	esleían	2
esleír	esleía	14
esleír	esleía	15
esleír	esleío	20
esleír	esleía	11
esleír	esleíó	18
esleír	esleía	3
esleír	esleía	26
esleír	esleía	28
esleír	esleía	6
esleír	esleíe	21
esleír	esleía	8
esleír	esleía	9
esleír	esleía	16
esleír	esleían	13
esleír	esleía	19
esleír	esleía	5
esleír	esleía	10
esleír	esleía	7
abrir	abrirse	24
abrir	abrirme	14
abrir	abría	4
abrir	abrin	23
abrir	abriremos	7
abrir	abri	21
abrir	abrirá	27
abrir	abriban	13
abrir	abrirlo	16
abrir	abrimos	25
abrir	abrir	28
abrir	abrio	20
abrir	abrirnos	8
abrir	abrido	0
abrir	abridos	5
abrir	abrira	11
abrir	abrirla	6
abrir	abrirás	10
abrir	abriría	19
abrir	abriste	2
abrir	abrirlos	15
abrir	abrirían	1
abrir	abrirán	3
abrir	abrió	18
abrir	abri	26
abrir	abriba	12
abrir	abrin	17
abrir	abrindo	22
abrir	abriré	9
derruir	derruirán	3
derruir	derruirlos	15
derruir	derruin	23
derruir	derruía	4
derruir	derruiré	9
derruir	derruirían	1
derruir	derruiste	2
derruir	derruie	21
derruir	derruidos	5
derruir	derruirá	27
derruir	derruirlo	16
derruir	derruiremos	7
derruir	derruimos	25
derruir	derruido	0
derruir	derruirla	6
derruir	derrui	26
derruir	derruira	11
derruir	derruindo	22
derruir	derruirme	14
derruir	derruio	20
derruir	derruirnos	8
derruir	derruió	18
derruir	derruirse	24
derruir	derruin	17
derruir	derruiba	12
derruir	derruiría	19
derruir	derruir	28
derruir	derruiban	13
derruir	derruirás	10
recibir	recibir	28
recibir	recibirían	1
recibir	recibiban	13
recibir	recibido	0
recibir	recibidos	5
recibir	recibiría	19
recibir	recibio	20
recibir	recibie	21
recibir	recibien	17
recibir	recibía	4
recibir	recibiste	2
recibir	recibimos	25
recibir	recibira	11
recibir	recibirse	24
recibir	recibirme	14
recibir	recibin	23
recibir	recibiré	9
recibir	recibirnos	8
recibir	recibió	18
recibir	recibi	26
recibir	recibirán	3
recibir	recibindo	22
recibir	recibirás	10
recibir	recibirlos	15
recibir	recibiba	12
recibir	recibirá	27
recibir	recibirla	6
recibir	recibirlo	16
recibir	recibiremos	7
despedazar	despedazaría	19
despedazar	despedazarlos	15
despedazar	despedazaron	4
despedazar	despedazarnos	8
despedazar	despedazé	1
despedazar	despedazado	0
despedazar	despedaze	21
despedazar	despedazen	17
despedazar	despedazarlo	16
despedazar	despedazarla	6
despedazar	despedazando	22
despedazar	despedazarse	24
despedazar	despedazara	11
despedazar	despedazaban	13
despedazar	despedazados	5
despedazar	despedazarán	3
despedazar	despedazarás	10
despedazar	despedazarme	14
despedazar	despedazaran	2
despedazar	despedazó	18
despedazar	despedazaba	12
despedazar	despedaza	26
despedazar	despedazo	20
despedazar	despedazaremos	7
despedazar	despedazan	23
despedazar	despedazar	28
despedazar	despedazaré	9
despedazar	despedazará	27
despedazar	despedazamos	25
gobernar	gobernamos	25
gobernar	gobernara	11
gobernar	gobernado	0
gobernar	gobernaremos	7
gobernar	gobernados	5
gobernar	gobernaré	9
gobernar	gobernarás	10
gobernar	gobernando	22
gobernar	gobernaran	2
gobernar	gobernarán	3
gobernar	gobernaba	12
gobernar	goberno	20
gobernar	goberné	1
gobernar	gobernó	18
gobernar	gobernar	28
gobernar	gobernaban	13
gobernar	gobernaría	19
gobernar	gobernarlo	16
gobernar	gobernará	27
gobernar	gobernarnos	8
gobernar	gobernan	23
gobernar	gobernarme	14
gobernar	goberna	26
gobernar	gobernaron	4
gobernar	gobernarse	24
gobernar	gobernarlos	15
gobernar	goberne	21
gobernar	gobernarla	6
gobernar	gobernen	17
anotar	anota	26
anotar	anotado	0
anotar	anotan	23
anotar	anotó	18
anotar	anotarse	24
anotar	anotados	5
anotar	anotarme	14
anotar	anotar	28
anotar	anotarnos	8
anotar	anotarán	3
anotar	anotaron	4
anotar	anoté	1
anotar	anotarlo	16
anotar	anote	21
anotar	anotaría	19
anotar	anotarlos	15
anotar	anoto	20
anotar	anotara	11
anotar	anotarla	6
anotar	anotaban	13
anotar	anotará	27
anotar	anoten	17
anotar	anotamos	25
anotar	anotarás	10
anotar	anotaba	12
anotar	anotaré	9
anotar	anotaremos	7
anotar	anotaran	2
anotar	anotando	22
bendecir	bendecirán	3
bendecir	bendecirlos	15
bendecir	bendeciste	2
bendecir	bendecidos	5
bendecir	bendeci	26
bendecir	bendecirnos	8
bendecir	bendecirá	27
bendecir	bendecie	21
bendecir	bendecirlo	16
bendecir	bendeciré	9
bendecir	bendecirse	24
bendecir	bendecindo	22
bendecir	bendecido	0
bendecir	bendecirás	10
bendecir	bendeciba	12
bendecir	bendecirían	1
bendecir	bendecía	4
bendecir	bendecimos	25
bendecir	bendecin	23
bendecir	bendecir	28
bendecir	bendecirla	6
bendecir	bendeciban	13
bendecir	bendecira	11
bendecir	bendeció	18
bendecir	bendeciría	19
bendecir	bendecio	20
bendecir	bendecirme	14
bendecir	bendeciremos	7
bendecir	bendecien	17
delinear	delinearlo	16
delinear	delinearían	1
delinear	delineando	22
delinear	delineados	5
delinear	delineaba	12
delinear	delinearlos	15
delinear	delinearía	19
delinear	delinear	28
delinear	delinearnos	8
delinear	delineó	18
delinear	delineamos	25
delinear	delines	3
delinear	delineado	0
delinear	delineara	11
delinear	delinearla	6
delinear	delinearon	4
delinear	delinearse	24
delinear	delinen	17
delinear	delinea	26
delinear	delinearan	2
delinear	delinearás	10
delinear	delinearemos	7
delinear	delineará	27
delinear	delinearé	9
delinear	delinean	23
delinear	delinearme	14
delinear	deline	20
delinear	delineaban	13
delinear	deline	21
expulsar	expulsar	28
expulsar	expulsaba	12
expulsar	expulsarás	10
expulsar	expulsaré	9
expulsar	expulsaría	19
expulsar	expulsara	11
expulsar	expulsados	5
expulsar	expulsado	0
expulsar	expulses	3
expulsar	expulsarme	14
expulsar	expulsaremos	7
expulsar	expulsaban	13
expulsar	expulsé	1
expulsar	expulsará	27
expulsar	expulsarse	24
expulsar	expulsan	23
expulsar	expulsen	17
expulsar	expulsamos	25
expulsar	expulsaran	2
expulsar	expulsa	26
expulsar	expulsando	22
expulsar	expulsarla	6
expulsar	expulsó	18
expulsar	expulsarlo	16
expulsar	expulsarnos	8
expulsar	expulsarlos	15
expulsar	expulse	21
expulsar	expulsaron	4
expulsar	expulso	20
ficcionar	ficionaría	19
ficcionar	ficionarnos	8
ficcionar	ficionará	27
ficcionar	ficione	21
ficcionar	ficionando	22
ficcionar	ficiono	20
ficcionar	ficionarlos	15
ficcionar	ficionaré	9
ficcionar	ficionado	0
ficcionar	ficionarían	1
ficcionar	ficiona	26
ficcionar	ficionaran	2
ficcionar	ficionarlo	16
ficcionar	ficionarla	6
ficcionar	ficionamos	25
ficcionar	ficionó	18
ficcionar	ficionaron	4
ficcionar	ficionaban	13
ficcionar	ficionen	17
ficcionar	ficionarán	3
ficcionar	ficionarme	14
ficcionar	ficionarás	10
ficcionar	ficionaremos	7
ficcionar	ficionaba	12
ficcionar	ficionas	5
ficcionar	ficionar	28
ficcionar	ficionara	11
ficcionar	ficionan	23
ficcionar	ficionarse	24
administrar	administrado	0
administrar	administraban	13
administrar	administrarnos	8
administrar	administrar	28
administrar	administro	20
administrar	administraron	4
administrar	administren	17
administrar	administrarlo	16
administrar	administra	26
administrar	administrarme	14
administrar	administré	1
administrar	administrarán	3
administrar	administran	23
administrar	administraría	19
administrar	administrarlos	15
administrar	administró	18
administrar	administrados	5
administrar	administraba	12
administrar	administrara	11
administrar	administrando	22
administrar	administraremos	7
administrar	administrarla	6
administrar	administramos	25
administrar	administraran	2
administrar	administrará	27
administrar	administraré	9
administrar	administre	21
administrar	administrarse	24
administrar	administrarás	10
desencajar	desencajamos	25
desencajar	desencajaba	12
desencajar	desencajarme	14
desencajar	desencajan	23
desencajar	desencaje	21
desencajar	desencajaran	2
desencajar	desencajarán	3
desencajar	desencajarla	6
desencajar	desencaja	26
desencajar	desencajados	5
desencajar	desencajaría	19
desencajar	desencajarse	24
desencajar	desencajando	22
desencajar	desencajará	27
desencajar	desencajado	0
desencajar	desencajarlo	16
desencajar	desencajo	20
desencajar	desencajarlos	15
desencajar	desencajé	1
desencajar	desencajarás	10
desencajar	desencajara	11
desencajar	desencajarnos	8
desencajar	desencajar	28
desencajar	desencajaban	13
desencajar	desencajaremos	7
desencajar	desencajaron	4
desencajar	desencajaré	9
desencajar	desencajó	18
desencajar	desencajen	17
preparar	prepararlo	16
preparar	preparamos	25
preparar	prepare	21
preparar	prepararé	9
preparar	prepararemos	7
preparar	preparará	27
preparar	preparar	28
preparar	prepararse	24
preparar	preparados	5
preparar	preparó	18
preparar	preparaba	12
preparar	preparo	20
preparar	preparara	11
preparar	prepararlos	15
preparar	prepararan	2
preparar	preparado	0
preparar	prepararnos	8
preparar	prepararla	6
preparar	preparando	22
preparar	prepararon	4
preparar	preparan	23
preparar	prepararía	19
preparar	prepararás	10
preparar	preparaban	13
preparar	prepara	26
preparar	prepararme	14
preparar	preparé	1
preparar	prepares	3
preparar	preparen	17
embanderar	embanderarlos	15
embanderar	embanderen	17
embanderar	embandere	21
embanderar	embanderando	22
embanderar	embanderé	1
embanderar	embanderaría	19
embanderar	embanderan	23
embanderar	embanderaron	4
embanderar	embanderarlo	16
embanderar	embanderaban	13
embanderar	embanderará	27
embanderar	embanderaré	9
embanderar	embandero	20
embanderar	embanderaba	12
embanderar	embanderarla	6
embanderar	embanderamos	25
embanderar	embanderara	11
embanderar	embanderado	0
embanderar	embanderarán	3
embanderar	embanderaran	2
embanderar	embanderados	5
embanderar	embanderarse	24
embanderar	embanderó	18
embanderar	embanderar	28
embanderar	embanderaremos	7
embanderar	embandera	26
embanderar	embanderarme	14
embanderar	embanderarnos	8
embanderar	embanderarás	10
huir	huiste	2
huir	huido	0
huir	huira	11
huir	huirlos	15
huir	huirla	6
huir	huin	23
huir	hui	21
huir	huirme	14
huir	huió	18
huir	huis	5
huir	huirán	3
huir	huindo	22
huir	hui	26
huir	huio	20
huir	huirás	10
huir	huiremos	7
huir	huiban	13
huir	huirían	1
huir	huirá	27
huir	huiba	12
huir	huiría	19
huir	huirlo	16
huir	huir	28
huir	huirse	24
huir	huía	4
huir	huien	17
huir	huirnos	8
huir	huimos	25
huir	huiré	9
alear	alee	21
alear	aleaste	2
alear	aleara	11
alear	alea	26
alear	alean	23
alear	alearla	6
alear	alearse	24
alear	aleo	20
alear	aleas	5
alear	aleé	1
alear	aleado	0
alear	alearemos	7
alear	aleamos	25
alear	alearon	4
alear	aleaban	13
alear	alearlos	15
alear	aleará	27
alear	aleó	18
alear	alearán	3
alear	alearlo	16
alear	alear	28
alear	aleen	17
alear	alearme	14
alear	alearía	19
alear	aleando	22
alear	aleaba	12
alear	alearnos	8
alear	alearás	10
alear	alearé	9
aparecer	aparecerlos	15
aparecer	aparecernos	8
aparecer	aparecerse	24
aparecer	aparecería	19
aparecer	aparecerán	3
aparecer	aparecerme	14
aparecer	aparece	26
aparecer	aparecen	17
aparecer	aparecerás	10
aparecer	aparecerla	6
aparecer	aparecido	0
aparecer	apareceremos	7
aparecer	aparecen	23
aparecer	apareció	18
aparecer	apareceré	9
aparecer	aparecendo	22
aparecer	apareces	5
aparecer	aparecer	28
aparecer	aparecera	11
aparecer	aparecio	20
aparecer	aparece	21
aparecer	aparecemos	25
aparecer	apareceban	13
aparecer	apareceran	2
aparecer	aparecerlo	16
aparecer	aparecerá	27
aparecer	aparecieron	4
aparecer	aparecerían	1
aparecer	apareceba	12
trasparentar	trasparentados	5
trasparentar	trasparnta	26
trasparentar	trasparen	12
trasparentar	trasparé	1
trasparentar	trasparntarse	24
trasparentar	trasparen	23
trasparentar	trasparen	2
trasparentar	trasparentado	0
trasparentar	trasparnte	21
trasparentar	trasparen	15
trasparentar	trasparntaremos	7
trasparentar	trasparen	14
trasparentar	trasparntó	18
trasparentar	trasparen	11
trasparentar	trasparntaría	19
trasparentar	trasparen	3
trasparentar	trasparo	20
trasparentar	trasparntaré	9
trasparentar	trasparendo	22
trasparentar	trasparen	17
trasparentar	trasparen	6
trasparentar	trasparen	13
trasparentar	trasparen	28
trasparentar	trasparntarlo	16
trasparentar	trasparntará	27
trasparentar	trasparntamos	25
trasparentar	trasparen	4
trasparentar	trasparntarás	10
trasparentar	trasparenos	8
oler	oleran	2
oler	olemos	25
oler	oleban	13
oler	oleba	12
oler	oleré	9
oler	olerme	14
oler	olen	17
oler	olendo	22
oler	olerse	24
oler	oler	28
oler	olerla	6
oler	olerían	1
oler	olerán	3
oler	olerás	10
oler	olen	23
oler	olería	19
oler	ole	26
oler	olera	11
oler	oleremos	7
oler	ole	21
oler	olieron	4
oler	olerlo	16
oler	olerá	27
oler	olido	0
oler	oles	5
oler	ole	20
oler	olernos	8
oler	olió	18
oler	olerlos	15
somatizar	somatizo	20
somatizar	somatizamos	25
somatizar	somatizarnos	8
somatizar	somatizarlo	16
somatizar	somatizó	18
somatizar	somatizaré	9
somatizar	somatizarlos	15
somatizar	somatize	21
somatizar	somatizaba	12
somatizar	somatizando	22
somatizar	somatizar	28
somatizar	somatizen	17
somatizar	somatizara	11
somatizar	somatizados	5
somatizar	somatizarse	24
somatizar	somatizaría	19
somatizar	somatizarán	3
somatizar	somatizaban	13
somatizar	somatizarla	6
somatizar	somatizaremos	7
somatizar	somatizaran	2
somatizar	somatizaron	4
somatizar	somatizarme	14
somatizar	somatiza	26
somatizar	somatizará	27
somatizar	somatizan	23
somatizar	somatizarás	10
somatizar	somatizado	0
somatizar	somatizé	1
engañar	engañamos	25
engañar	engañara	11
engañar	engañaste	2
engañar	engañarnos	8
engañar	engañe	21
engañar	engañaremos	7
engañar	engañan	23
engañar	engañar	28
engañar	engañarás	10
engañar	engañados	5
engañar	engañado	0
engañar	engañé	1
engañar	engaña	26
engañar	engañaría	19
engañar	engañarme	14
engañar	engañaban	13
engañar	engaño	20
engañar	engañaron	4
engañar	engañó	18
engañar	engañarán	3
engañar	engañen	17
engañar	engañaré	9
engañar	engañando	22
engañar	engañarlo	16
engañar	engañarla	6
engañar	engañarse	24
engañar	engañaba	12
engañar	engañarlos	15
engañar	engañará	27
saltar	saltó	18
saltar	saltaremos	7
saltar	saltarme	14
saltar	saltaran	2
saltar	saltarán	3
saltar	saltaría	19
saltar	salten	17
saltar	saltara	11
saltar	saltarla	6
saltar	saltando	22
saltar	saltas	5
saltar	saltaba	12
saltar	saltarnos	8
saltar	saltarse	24
saltar	saltarlo	16
saltar	saltamos	25
saltar	saltan	23
saltar	salto	20
saltar	salté	1
saltar	saltar	28
saltar	saltado	0
saltar	saltaban	13
saltar	saltarlos	15
saltar	saltaron	4
saltar	saltarás	10
saltar	salte	21
saltar	saltará	27
saltar	salta	26
saltar	saltaré	9
sangrar	sangre	21
sangrar	sangramos	25
sangrar	sangraremos	7
sangrar	sangrarnos	8
sangrar	sangrarán	3
sangrar	sangré	1
sangrar	sangraría	19
sangrar	sangran	23
sangrar	sangraste	2
sangrar	sangren	17
sangrar	sangrarlo	16
sangrar	sangrarlos	15
sangrar	sangrarla	6
sangrar	sangraron	4
sangrar	sangró	18
sangrar	sangrando	22
sangrar	sangraba	12
sangrar	sangraré	9
sangrar	sangrarme	14
sangrar	sangrados	5
sangrar	sangro	20
sangrar	sangrarás	10
sangrar	sangrará	27
sangrar	sangrara	11
sangrar	sangrar	28
sangrar	sangrarse	24
sangrar	sangra	26
sangrar	sangraban	13
sangrar	sangrado	0
resurgir	resurgirnos	8
resurgir	resurgi	26
resurgir	resurgiban	13
resurgir	resurgio	20
resurgir	resurgirme	14
resurgir	resurgidos	5
resurgir	resurgió	18
resurgir	resurgiba	12
resurgir	resurgin	23
resurgir	resurgie	21
resurgir	resurgiste	2
resurgir	resurgiré	9
resurgir	resurgira	11
resurgir	resurgindo	22
resurgir	resurgien	17
resurgir	resurgirán	3
resurgir	resurgía	4
resurgir	resurgirse	24
resurgir	resurgimos	25
resurgir	resurgirlo	16
resurgir	resurgido	0
resurgir	resurgirá	27
resurgir	resurgiremos	7
resurgir	resurgirás	10
resurgir	resurgir	28
resurgir	resurgirla	6
resurgir	resurgirían	1
resurgir	resurgirlos	15
resurgir	resurgiría	19
perseguir	perseguiremos	7
perseguir	perseguiría	19
perseguir	perseguirán	3
perseguir	perseguía	4
perseguir	perseguirá	27
perseguir	perseguirlo	16
perseguir	perseguira	11
perseguir	perseguido	0
perseguir	perseguirme	14
perseguir	perseguio	20
perseguir	perseguirás	10
perseguir	perseguie	21
perseguir	persegui	26
perseguir	perseguirla	6
perseguir	perseguimos	25
perseguir	perseguiré	9
perseguir	perseguindo	22
perseguir	perseguiba	12
perseguir	perseguió	18
perseguir	perseguirnos	8
perseguir	perseguiban	13
perseguir	perseguien	17
perseguir	perseguirían	1
perseguir	perseguir	28
perseguir	perseguidos	5
perseguir	perseguirse	24
perseguir	perseguiran	2
perseguir	perseguirlos	15
perseguir	perseguin	23
amarillecer	amarilecen	17
amarillecer	amarilecendo	22
amarillecer	amarilecerá	27
amarillecer	amarilecerlos	15
amarillecer	amarilecerla	6
amarillecer	amarilecieron	4
amarillecer	amarilecer	28
amarillecer	amarilecera	11
amarillecer	amarilecemos	25
amarillecer	amarilecerme	14
amarillecer	amarilecerse	24
amarillecer	amarilecio	20
amarillecer	amarilecería	19
amarillecer	amarilecerás	10
amarillecer	amarilecido	0
amarillecer	amarilece	21
amarillecer	amarilecerían	1
amarillecer	amarilecerlo	16
amarillecer	amarileces	5
amarillecer	amarilecerán	3
amarillecer	amarilecernos	8
amarillecer	amarileceba	12
amarillecer	amarileceban	13
amarillecer	amarileceremos	7
amarillecer	amarileceré	9
amarillecer	amarilece	26
amarillecer	amarilecen	23
amarillecer	amarileció	18
amarillecer	amarileceran	2
oscurecer	oscurecerían	1
oscurecer	oscurecería	19
oscurecer	oscurecer	28
oscurecer	oscurecerla	6
oscurecer	oscurecen	17
oscurecer	oscurecerlos	15
oscurecer	oscurecerse	24
oscurecer	oscurece	21
oscurecer	oscurecendo	22
oscurecer	oscureceban	13
oscurecer	oscurecerás	10
oscurecer	oscureceran	2
oscurecer	oscurecieron	4
oscurecer	oscureció	18
oscurecer	oscureceba	12
oscurecer	oscureceré	9
oscurecer	oscureces	5
oscurecer	oscurece	26
oscurecer	oscurecemos	25
oscurecer	oscurecido	0
oscurecer	oscurecerá	27
oscurecer	oscurecerme	14
oscurecer	oscurecerán	3
oscurecer	oscurecerlo	16
oscurecer	oscureceremos	7
oscurecer	oscurecio	20
oscurecer	oscurecernos	8
oscurecer	oscurecen	23
oscurecer	oscurecera	11
descogollar	descogolará	27
descogollar	descogolo	20
descogollar	descogolarse	24
descogollar	descogolamos	25
descogollar	descogoló	18
descogollar	descogolan	23
descogollar	descogolarían	1
descogollar	descogolarlo	16
descogollar	descogolen	17
descogollar	descogolar	28
descogollar	descogole	21
descogollar	descogolaban	13
descogollar	descogolarme	14
descogollar	descogolaran	2
descogollar	descogolaré	9
descogollar	descogolarla	6
descogollar	descogola	26
descogollar	descogolarás	10
descogollar	descogolado	0
descogollar	descogolaba	12
descogollar	descogolarlos	15
descogollar	descogolados	5
descogollar	descogolarán	3
descogollar	descogolando	22
descogollar	descogolaremos	7
descogollar	descogolaría	19
descogollar	descogolarnos	8
descogollar	descogolara	11
descogollar	descogolaron	4
levantar	levantaron	4
levantar	levantaré	9
levantar	levantaran	2
levantar	levantando	22
levantar	levantarlo	16
levantar	levantarme	14
levantar	levantarse	24
levantar	levantara	11
levantar	levantes	3
levantar	levantará	27
levantar	levantaba	12
levantar	levantarnos	8
levantar	levantó	18
levantar	levantados	5
levantar	levantarlos	15
levantar	levantamos	25
levantar	levantan	23
levantar	levantarla	6
levantar	levantaría	19
levantar	levanto	20
levantar	levanté	1
levantar	levantaremos	7
levantar	levante	21
levantar	levantar	28
levantar	levanten	17
levantar	levanta	26
levantar	levantaban	13
levantar	levantarás	10
levantar	levantado	0
alzar	alze	21
alzar	alzan	23
alzar	alzaremos	7
alzar	alzo	20
alzar	alzen	17
alzar	alzar	28
alzar	alzara	11
alzar	alzará	27
alzar	alzó	18
alzar	alzado	0
alzar	alzaban	13
alzar	alzaba	12
alzar	alzarán	3
alzar	alzarme	14
alzar	alzando	22
alzar	alzarla	6
alzar	alza	26
alzar	alzaré	9
alzar	alzarás	10
alzar	alzaron	4
alzar	alzarnos	8
alzar	alzaría	19
alzar	alzarlo	16
alzar	alzas	5
alzar	alzé	1
alzar	alzarlos	15
alzar	alzaste	2
alzar	alzamos	25
alzar	alzarse	24
reír	reían	13
reír	reírían	1
reír	reírás	10
reír	reírán	3
reír	reíremos	7
reír	reían	2
reír	reíría	19
reír	reíré	9
reír	reíra	11
reír	reí	26
reír	reíe	21
reír	reírse	24
reír	reír	28
reír	reírnos	8
reír	reídos	5
reír	reín	23
reír	reímos	25
reír	reío	20
reír	reído	0
reír	reíndo	22
reír	reírla	6
reír	reírlo	16
reír	reía	4
reír	reín	17
reír	reía	12
reír	reíó	18
reír	reírme	14
reír	reírlos	15
reír	reírá	27
espabilarse	espabilado	0
espabilarse	espabilarse	4
espabilarse	espabilo	20
espabilarse	espabilarse	1
espabilarse	espabilarse	3
espabilarse	espabilarás	10
espabilarse	espabilarse	28
espabilarse	espabilarse	6
espabilarse	espabila	26
espabilarse	espabile	21
espabilarse	espabilarse	27
espabilarse	espabilarse	2
espabilarse	espabilarse	19
espabilarse	espabilarse	24
espabilarse	espabilen	17
espabilarse	espabilarse	11
espabilarse	espabilaban	13
espabilarse	espabilados	5
espabilarse	espabilarse	14
espabilarse	espabilarse	16
espabilarse	espabilarsemos	7
espabilarse	espabilamos	25
espabilarse	espabilarse	9
espabilarse	espabilando	22
espabilarse	espabilarse	8
espabilarse	espabilarlos	15
espabilarse	espabilan	23
espabilarse	espabiló	18
espabilarse	espabilaba	12
cuestionar	cuestionarían	1
cuestionar	cuestionas	5
cuestionar	cuestionamos	25
cuestionar	cuestionaban	13
cuestionar	cuestiona	26
cuestionar	cuestionado	0
cuestionar	cuestionaré	9
cuestionar	cuestionaremos	7
cuestionar	cuestionarla	6
cuestionar	cuestionaba	12
cuestionar	cuestionando	22
cuestionar	cuestione	21
cuestionar	cuestionan	23
cuestionar	cuestionaran	2
cuestionar	cuestionarme	14
cuestionar	cuestiones	3
cuestionar	cuestionará	27
cuestionar	cuestionarnos	8
cuestionar	cuestionó	18
cuestionar	cuestiono	20
cuestionar	cuestionen	17
cuestionar	cuestionaron	4
cuestionar	cuestionarás	10
cuestionar	cuestionarse	24
cuestionar	cuestionar	28
cuestionar	cuestionarlo	16
cuestionar	cuestionarlos	15
cuestionar	cuestionaría	19
cuestionar	cuestionara	11
confabularse	confabule	21
confabularse	confabularse	14
confabularse	confabularsemos	7
confabularse	confabularse	11
confabularse	confabularse	1
confabularse	confabularse	3
confabularse	confabularse	9
confabularse	confabularse	28
confabularse	confabularse	19
confabularse	confabularse	6
confabularse	confabulado	0
confabularse	confabulaban	13
confabularse	confabularse	8
confabularse	confabula	26
confabularse	confabulars	10
confabularse	confabularse	16
confabularse	confabularse	24
confabularse	confabulo	20
confabularse	confabulan	23
confabularse	confabulamos	25
confabularse	confabuló	18
confabularse	confabularse	4
confabularse	confabulas	5
confabularse	confabulars	15
confabularse	confabularse	2
confabularse	confabulando	22
confabularse	confabularse	27
confabularse	confabulaba	12
confabularse	confabulen	17
atender	atendería	19
atender	atendera	11
atender	atenderá	27
atender	atendeba	12
atender	atendernos	8
atender	atendeban	13
atender	atendes	5
atender	atenderme	14
atender	atenderían	1
atender	atende	26
atender	atenderemos	7
atender	atenderlos	15
atender	atendieron	4
atender	atender	28
atender	atendió	18
atender	atenderán	3
atender	atenderlo	16
atender	atendemos	25
atender	atenden	23
atender	atenderse	24
atender	atendio	20
atender	atenderan	2
atender	atenderla	6
atender	atendendo	22
atender	atenderás	10
atender	atende	21
atender	atenderé	9
atender	atenden	17
atender	atendido	0
satanizar	sataniza	26
satanizar	satanizaba	12
satanizar	satanizarme	14
satanizar	satanizarás	10
satanizar	satanizarnos	8
satanizar	satanizaran	2
satanizar	satanizaremos	7
satanizar	satanizarse	24
satanizar	satanizamos	25
satanizar	satanize	21
satanizar	satanizaría	19
satanizar	satanizo	20
satanizar	satanizaré	9
satanizar	satanizarán	3
satanizar	satanizen	17
satanizar	satanizarían	1
satanizar	satanizaban	13
satanizar	satanizarlos	15
satanizar	satanizaron	4
satanizar	satanizó	18
satanizar	satanizarlo	16
satanizar	satanizan	23
satanizar	satanizar	28
satanizar	satanizado	0
satanizar	satanizará	27
satanizar	satanizados	5
satanizar	satanizara	11
satanizar	satanizarla	6
satanizar	satanizando	22
apresar	apresaremos	7
apresar	apresaran	2
apresar	apresarás	10
apresar	apresaban	13
apresar	apresarla	6
apresar	apresará	27
apresar	apresan	23
apresar	apresa	26
apresar	apresarnos	8
apresar	apresé	1
apresar	apreso	20
apresar	apresado	0
apresar	apresaron	4
apresar	apresarlo	16
apresar	apresando	22
apresar	apresó	18
apresar	apreses	3
apresar	apresaba	12
apresar	apresara	11
apresar	apresarme	14
apresar	apresamos	25
apresar	apresaría	19
apresar	apresen	17
apresar	aprese	21
apresar	apresaré	9
apresar	apresarlos	15
apresar	apresarse	24
apresar	apresar	28
apresar	apresados	5
autocalificarse	autocalifian	23
autocalificarse	autocalifiarían	1
autocalificarse	autocalifiarán	3
autocalificarse	autocalifiaran	2
autocalificarse	autocalifiaban	13
autocalificarse	autocalifiarás	10
autocalificarse	autocalifiarme	14
autocalificarse	autocaliaron	4
autocalificarse	autocalifiaremos	7
autocalificarse	autocals	15
autocalificarse	autocalifiarlo	16
autocalificarse	autocalifiarse	24
autocalificarse	autocalifiaré	9
autocalificarse	autocalifiados	5
autocalificarse	autocalifia	19
autocalificarse	autocalifiará	27
autocalificarse	autocalien	17
autocalificarse	autocalifiar	28
autocalificarse	autocalifiaba	12
autocalificarse	autocalifia	6
autocalificarse	autocalifiarnos	8
autocalificarse	autocalifia	26
autocalificarse	autocalifió	18
autocalificarse	autocalifimos	25
autocalificarse	autocalifia	11
autocalificarse	autocalifiando	22
autocalificarse	autocalifie	21
autocalificarse	autocalifio	20
autocalificarse	autocalifido	0
incendiar	incendiaron	4
incendiar	incendió	18
incendiar	incendiarla	6
incendiar	incendiarán	3
incendiar	incendiando	22
incendiar	incendiaremos	7
incendiar	incendiarlos	15
incendiar	incendié	1
incendiar	incendian	23
incendiar	incendiarme	14
incendiar	incendiaría	19
incendiar	incendiaste	2
incendiar	incendiarás	10
incendiar	incendiarlo	16
incendiar	incendiara	11
incendiar	incendiado	0
incendiar	incendiaba	12
incendiar	incendiaré	9
incendiar	incendia	26
incendiar	incendiarse	24
incendiar	incendiaban	13
incendiar	incendien	17
incendiar	incendiamos	25
incendiar	incendie	21
incendiar	incendiarnos	8
incendiar	incendio	20
incendiar	incendiados	5
incendiar	incendiará	27
incendiar	incendiar	28
replantear	replantado	0
replantear	replantaba	12
replantear	replanteará	27
replantear	replanta	26
replantear	replantaría	19
replantear	replantó	18
replantear	replantan	23
replantear	replantando	22
replantear	replantaron	4
replantear	replantearse	24
replantear	replantarás	10
replantear	replanto	20
replantear	replantara	11
replantear	replanteaban	13
replantear	replantarlos	15
replantear	replantarlo	16
replantear	replante	21
replantear	replantaremos	7
replantear	replantearme	14
replantear	replantaré	9
replantear	replantados	5
replantear	replantamos	25
replantear	replantaran	2
replantear	replanterían	1
replantear	replanten	17
replantear	replantes	3
replantear	replantarla	6
replantear	replantar	28
replantear	replantarnos	8
curar	curarás	10
curar	curas	5
curar	curo	20
curar	curara	11
curar	curen	17
curar	curarán	3
curar	curaban	13
curar	curan	23
curar	curaría	19
curar	curado	0
curar	cure	21
curar	curarse	24
curar	curaremos	7
curar	curé	1
curar	cura	26
curar	curaré	9
curar	curarme	14
curar	curamos	25
curar	curar	28
curar	curarnos	8
curar	curarlos	15
curar	curaran	2
curar	curaron	4
curar	curará	27
curar	curó	18
curar	curaba	12
curar	curarla	6
curar	curarlo	16
curar	curando	22
trinchar	trinche	21
trinchar	trincharse	24
trinchar	trinchar	28
trinchar	trinchará	27
trinchar	trincharé	9
trinchar	trinchen	17
trinchar	trinché	1
trinchar	trincho	20
trinchar	trincharon	4
trinchar	trinchamos	25
trinchar	trinchara	11
trinchar	trincharnos	8
trinchar	trinches	3
trinchar	trinchando	22
trinchar	trinchado	0
trinchar	trincharás	10
trinchar	trincharla	6
trinchar	trinchaban	13
trinchar	trincha	26
trinchar	trincharan	2
trinchar	trincharlos	15
trinchar	trincharemos	7
trinchar	trincharlo	16
trinchar	trincharme	14
trinchar	trincharía	19
trinchar	trinchan	23
trinchar	trinchó	18
trinchar	trinchados	5
trinchar	trinchaba	12
cumplir	cumplía	4
cumplir	cumplirán	3
cumplir	cumplimos	25
cumplir	cumpliba	12
cumplir	cumplirme	14
cumplir	cumplie	21
cumplir	cumplindo	22
cumplir	cumplien	17
cumplir	cumpli	26
cumplir	cumplirá	27
cumplir	cumplió	18
cumplir	cumplio	20
cumplir	cumpliré	9
cumplir	cumplirla	6
cumplir	cumplirían	1
cumplir	cumplidos	5
cumplir	cumplirás	10
cumplir	cumplirse	24
cumplir	cumplirlo	16
cumplir	cumplido	0
cumplir	cumpliste	2
cumplir	cumpliremos	7
cumplir	cumplirnos	8
cumplir	cumplin	23
cumplir	cumplira	11
cumplir	cumpliban	13
cumplir	cumplirlos	15
cumplir	cumpliría	19
cumplir	cumplir	28
ensillar	ensilando	22
ensillar	ensilará	27
ensillar	ensilado	0
ensillar	ensilarían	1
ensillar	ensilara	11
ensillar	ensiló	18
ensillar	ensile	21
ensillar	ensilarse	24
ensillar	ensilamos	25
ensillar	ensilo	20
ensillar	ensilaremos	7
ensillar	ensilarás	10
ensillar	ensilarlos	15
ensillar	ensilaré	9
ensillar	ensilarla	6
ensillar	ensilen	17
ensillar	ensilaría	19
ensillar	ensilaba	12
ensillar	ensilaban	13
ensillar	ensilar	28
ensillar	ensilarlo	16
ensillar	ensilan	23
ensillar	ensilados	5
ensillar	ensilaron	4
ensillar	ensilarme	14
ensillar	ensila	26
ensillar	ensilarnos	8
ensillar	ensilarán	3
ensillar	ensilaran	2
trabajar	trabajaba	12
trabajar	trabajados	5
trabajar	trabajara	11
trabajar	trabajado	0
trabajar	trabajarse	24
trabajar	trabajes	3
trabajar	trabajan	23
trabajar	trabajaremos	7
trabajar	trabajarlos	15
trabajar	trabajaron	4
trabajar	trabajen	17
trabajar	trabajará	27
trabajar	trabaja	26
trabajar	trabajarla	6
trabajar	trabajaban	13
trabajar	trabajaran	2
trabajar	trabajando	22
trabajar	trabajamos	25
trabajar	trabajaré	9
trabajar	trabaje	21
trabajar	trabajó	18
trabajar	trabajar	28
trabajar	trabajarás	10
trabajar	trabajarlo	16
trabajar	trabajarnos	8
trabajar	trabajo	20
trabajar	trabajarme	14
trabajar	trabajaría	19
trabajar	trabajé	1
alumbrarse	alumbrarse	14
alumbrarse	alumbro	20
alumbrarse	alumbrarse	11
alumbrarse	alumbra	4
alumbrarse	alumbran	23
alumbrarse	alumbrando	22
alumbrarse	alumbrarses	10
alumbrarse	alumbrarse	19
alumbrarse	alumbrarse	6
alumbrarse	alumbrarse	9
alumbrarse	alumbrarse	28
alumbrarse	alumbraba	12
alumbrarse	alumbraban	13
alumbrarse	alumbras	5
alumbrarse	alumbrarse	16
alumbrarse	alumbrarse	8
alumbrarse	alumbrarse	24
alumbrarse	alumbré	1
alumbrarse	alumbramos	25
alumbrarse	alumbrarsemos	7
alumbrarse	alumbres	3
alumbrarse	alumbrarlos	15
alumbrarse	alumbró	18
alumbrarse	alumbren	17
alumbrarse	alumbre	21
alumbrarse	alumbrado	0
alumbrarse	alumbra	26
alumbrarse	alumbrarse	2
alumbrarse	alumbrarse	27
entender	entendió	18
entender	entendería	19
entender	entendendo	22
entender	entende	26
entender	entender	28
entender	entenderemos	7
entender	entendido	0
entender	entenderme	14
entender	entendernos	8
entender	entendera	11
entender	entenderla	6
entender	entenderás	10
entender	entenderán	3
entender	entenderá	27
entender	entenderlos	15
entender	entenderlo	16
entender	entenderé	9
entender	entendio	20
entender	entendeban	13
entender	entenderan	2
entender	entenden	17
entender	entende	21
entender	entendeba	12
entender	entendemos	25
entender	entenderse	24
entender	entenderían	1
entender	entendieron	4
entender	entendes	5
entender	entenden	23
componer	compono	20
componer	componió	18
componer	componer	28
componer	componeban	13
componer	componido	0
componer	componerse	24
componer	componerla	6
componer	componeré	9
componer	componernos	8
componer	componera	11
componer	componerían	1
componer	componeremos	7
componer	componerá	27
componer	componerán	3
componer	componemos	25
componer	componen	23
componer	compone	21
componer	componendo	22
componer	compones	5
componer	componieron	4
componer	componerlos	15
componer	componen	17
componer	componerme	14
componer	componerás	10
componer	componerlo	16
componer	componeba	12
componer	componeran	2
componer	componería	19
componer	compone	26
quedar	quedan	23
quedar	quedé	1
quedar	quedas	5
quedar	quedaban	13
quedar	quedaron	4
quedar	quedamos	25
quedar	quedarlos	15
quedar	quedarás	10
quedar	quedando	22
quedar	quedaría	19
quedar	quedarse	24
quedar	quedo	20
quedar	quedarnos	8
quedar	quedara	11
quedar	quedaremos	7
quedar	quedarlo	16
quedar	queden	17
quedar	quedarme	14
quedar	quedaba	12
quedar	quedaré	9
quedar	quede	21
quedar	quedarla	6
quedar	quedado	0
quedar	quedarán	3
quedar	quedó	18
quedar	quedará	27
quedar	quedar	28
quedar	quedaste	2
quedar	queda	26
atreguar	atreguarse	24
atreguar	atreguó	18
atreguar	atreguarla	6
atreguar	atreguarme	14
atreguar	atreguaba	12
atreguar	atreguaremos	7
atreguar	atreguarlos	15
atreguar	atreguaron	4
atreguar	atreguas	5
atreguar	atreguarás	10
atreguar	atreguaran	2
atreguar	atreguarán	3
atreguar	atregué	1
atreguar	atreguamos	25
atreguar	atreguando	22
atreguar	atreguar	28
atreguar	atreguaban	13
atreguar	atreguaría	19
atreguar	atreguarlo	16
atreguar	atreguado	0
atreguar	atreguara	11
atreguar	atreguará	27
atreguar	atreguarnos	8
atreguar	atregua	26
atreguar	atreguo	20
atreguar	atreguen	17
atreguar	atreguaré	9
atreguar	atregue	21
atreguar	atreguan	23
envolver	envolveran	2
envolver	envolve	21
envolver	envolverá	27
envolver	envolverás	10
envolver	envolvido	0
envolver	envolvendo	22
envolver	envolvemos	25
envolver	envolverla	6
envolver	envolverían	1
envolver	envolven	17
envolver	envolveré	9
envolver	envolveban	13
envolver	envolve	26
envolver	envolvió	18
envolver	envolvernos	8
envolver	envolven	23
envolver	envolvera	11
envolver	envolverán	3
envolver	envolvería	19
envolver	envolverlo	16
envolver	envolveremos	7
envolver	envolveba	12
envolver	envolverme	14
envolver	envolvio	20
envolver	envolver	28
envolver	envolverlos	15
envolver	envolves	5
envolver	envolvieron	4
envolver	envolverse	24
bufar	bufarla	6
bufar	bufaremos	7
bufar	bufen	17
bufar	bufarlo	16
bufar	bufarán	3
bufar	bufando	22
bufar	bufaran	2
bufar	bufado	0
bufar	bufarnos	8
bufar	bufe	21
bufar	bufarás	10
bufar	bufar	28
bufar	bufarme	14
bufar	bufaron	4
bufar	bufará	27
bufar	bufaban	13
bufar	bufaré	9
bufar	bufaba	12
bufar	bufé	1
bufar	bufo	20
bufar	bufarlos	15
bufar	bufó	18
bufar	bufarse	24
bufar	bufara	11
bufar	bufaría	19
bufar	bufamos	25
bufar	bufan	23
bufar	bufas	5
bufar	bufa	26
ganar	ganarla	6
ganar	gana	26
ganar	ganarnos	8
ganar	ganarás	10
ganar	ganaría	19
ganar	ganado	0
ganar	gano	20
ganar	ganas	5
ganar	ganaste	2
ganar	ganara	11
ganar	ganamos	25
ganar	ganaba	12
ganar	ganaron	4
ganar	ganarse	24
ganar	ganarán	3
ganar	gane	21
ganar	ganarlos	15
ganar	ganaremos	7
ganar	ganó	18
ganar	ganan	23
ganar	ganarlo	16
ganar	ganarme	14
ganar	ganen	17
ganar	ganando	22
ganar	ganar	28
ganar	ganaban	13
ganar	gané	1
ganar	ganará	27
ganar	ganaré	9
precintar	precintado	0
precintar	precintaremos	7
precintar	precintarlos	15
precintar	precintaban	13
precintar	precintarse	24
precintar	precinté	1
precintar	precintará	27
precintar	precintados	5
precintar	precintara	11
precintar	precintaron	4
precintar	precinten	17
precintar	precintarnos	8
precintar	precintarlo	16
precintar	precinta	26
precintar	precinto	20
precintar	precintar	28
precintar	precintarla	6
precintar	precintó	18
precintar	precintaría	19
precintar	precintan	23
precintar	precintando	22
precintar	precintamos	25
precintar	precintarme	14
precintar	precintaré	9
precintar	precintarán	3
precintar	precintaran	2
precintar	precintaba	12
precintar	precinte	21
precintar	precintarás	10
quemar	quemaremos	7
quemar	quemarán	3
quemar	queme	21
quemar	quema	26
quemar	quemo	20
quemar	quemaban	13
quemar	quemara	11
quemar	quemaron	4
quemar	quemen	17
quemar	quemó	18
quemar	quemando	22
quemar	quemarás	10
quemar	quemados	5
quemar	quemaré	9
quemar	quemado	0
quemar	quemarme	14
quemar	quemaba	12
quemar	quemarlo	16
quemar	quemarse	24
quemar	quemarlos	15
quemar	quemarnos	8
quemar	quemará	27
quemar	quemaría	19
quemar	quemaran	2
quemar	quemé	1
quemar	queman	23
quemar	quemar	28
quemar	quemarla	6
quemar	quemamos	25
oprimir	oprimiban	13
oprimir	oprimiste	2
oprimir	oprimira	11
oprimir	oprimirnos	8
oprimir	oprimie	21
oprimir	oprimió	18
oprimir	oprimirse	24
oprimir	oprimiba	12
oprimir	oprimirlos	15
oprimir	oprimiré	9
oprimir	oprimin	23
oprimir	oprimirían	1
oprimir	oprimirán	3
oprimir	oprimidos	5
oprimir	oprimirás	10
oprimir	oprimía	4
oprimir	oprimirá	27
oprimir	oprimin	17
oprimir	oprimirla	6
oprimir	oprimirlo	16
oprimir	oprimindo	22
oprimir	oprimio	20
oprimir	oprimi	26
oprimir	oprimiremos	7
oprimir	oprimir	28
oprimir	oprimirme	14
oprimir	oprimiría	19
oprimir	oprimimos	25
oprimir	oprimido	0
recordar	recordarla	6
recordar	recordarlos	15
recordar	recorde	21
recordar	recordarme	14
recordar	recordara	11
recordar	recordarnos	8
recordar	recorden	17
recordar	recordará	27
recordar	recordado	0
recordar	recordamos	25
recordar	recordo	20
recordar	recordó	18
recordar	recordes	3
recordar	recordar	28
recordar	recordarse	24
recordar	recordaban	13
recordar	recordaremos	7
recordar	recorda	26
recordar	recordan	23
recordar	recordando	22
recordar	recordarlo	16
recordar	recordaría	19
recordar	recordé	1
recordar	recordaron	4
recordar	recordarás	10
recordar	recordaré	9
recordar	recordados	5
recordar	recordaste	2
recordar	recordaba	12
emparedar	emparedados	5
emparedar	emparedará	27
emparedar	empareda	26
emparedar	emparedara	11
emparedar	emparedarlo	16
emparedar	emparedaste	2
emparedar	emparedarla	6
emparedar	emparedarás	10
emparedar	emparedo	20
emparedar	emparede	21
emparedar	emparedar	28
emparedar	emparedando	22
emparedar	emparedaban	13
emparedar	emparedaría	19
emparedar	emparedes	3
emparedar	emparedarme	14
emparedar	emparedarse	24
emparedar	emparedado	0
emparedar	emparedarnos	8
emparedar	emparedamos	25
emparedar	emparedaré	9
emparedar	emparedaremos	7
emparedar	emparedó	18
emparedar	empareden	17
emparedar	emparedan	23
emparedar	emparedé	1
emparedar	emparedaron	4
emparedar	emparedaba	12
emparedar	emparedarlos	15
regresar	regresaran	2
regresar	regresa	26
regresar	regresarlos	15
regresar	regresaría	19
regresar	regreses	3
regresar	regresando	22
regresar	regresados	5
regresar	regresará	27
regresar	regresado	0
regresar	regresaron	4
regresar	regresaban	13
regresar	regresaba	12
regresar	regresaré	9
regresar	regresarme	14
regresar	regresamos	25
regresar	regresó	18
regresar	regresen	17
regresar	regresaremos	7
regresar	regresarnos	8
regresar	regresarlo	16
regresar	regresan	23
regresar	regrese	21
regresar	regreso	20
regresar	regresarás	10
regresar	regresar	28
regresar	regresarla	6
regresar	regresara	11
regresar	regresarse	24
regresar	regresé	1
reprochar	reprocha	26
reprochar	reprocharé	9
reprochar	reprochados	5
reprochar	reprocharse	24
reprochar	reprochar	28
reprochar	reprochado	0
reprochar	reprocharan	2
reprochar	reprocharía	19
reprochar	reprochara	11
reprochar	reprocharme	14
reprochar	reprochando	22
reprochar	reprochan	23
reprochar	reprochó	18
reprochar	reproche	21
reprochar	reprocharlos	15
reprochar	reprochamos	25
reprochar	reprochen	17
reprochar	reprochaban	13
reprochar	reprochará	27
reprochar	reprocharlo	16
reprochar	reproches	3
reprochar	reprocharás	10
reprochar	reprocharemos	7
reprochar	reprocharla	6
reprochar	reproché	1
reprochar	reprocharnos	8
reprochar	reprocho	20
reprochar	reprochaba	12
reprochar	reprocharon	4
arrancar	arrancó	18
arrancar	arrancarlos	15
arrancar	arrancarás	10
arrancar	arrancan	23
arrancar	arrancado	0
arrancar	arrancarían	1
arrancar	arrancaría	19
arrancar	arrancaban	13
arrancar	arrancarla	6
arrancar	arrancamos	25
arrancar	arrancarlo	16
arrancar	arrancaba	12
arrancar	arrancarán	3
arrancar	arrancando	22
arrancar	arranco	20
arrancar	arrancados	5
arrancar	arrancarme	14
arrancar	arrancara	11
arrancar	arrancarnos	8
arrancar	arrancen	17
arrancar	arrancaron	4
arrancar	arrancaremos	7
arrancar	arranca	26
arrancar	arrancar	28
arrancar	arrancarse	24
arrancar	arrance	21
arrancar	arrancaran	2
arrancar	arrancará	27
arrancar	arrancaré	9
erguir	erguio	20
erguir	erguirlo	16
erguir	erguirse	24
erguir	erguimos	25
erguir	erguía	4
erguir	erguió	18
erguir	erguindo	22
erguir	ergui	26
erguir	erguirla	6
erguir	erguira	11
erguir	erguidos	5
erguir	erguirnos	8
erguir	erguirán	3
erguir	erguir	28
erguir	erguiba	12
erguir	erguirlos	15
erguir	erguien	17
erguir	erguiremos	7
erguir	erguirían	1
erguir	erguirás	10
erguir	erguiría	19
erguir	erguiré	9
erguir	erguido	0
erguir	erguirme	14
erguir	erguin	23
erguir	erguirá	27
erguir	erguiban	13
erguir	erguiste	2
erguir	erguie	21
reprender	reprenderán	3
reprender	reprenderemos	7
reprender	reprendería	19
reprender	reprenderás	10
reprender	reprenderlo	16
reprender	reprenderme	14
reprender	reprenden	17
reprender	reprendernos	8
reprender	reprende	21
reprender	reprenderla	6
reprender	reprendieron	4
reprender	reprender	28
reprender	reprenden	23
reprender	reprenderse	24
reprender	reprendemos	25
reprender	reprendeba	12
reprender	reprenderían	1
reprender	reprendendo	22
reprender	reprendió	18
reprender	reprenderlos	15
reprender	reprenderan	2
reprender	reprendido	0
reprender	reprendera	11
reprender	reprendio	20
reprender	reprenderé	9
reprender	reprendes	5
reprender	reprendeban	13
reprender	reprende	26
reprender	reprenderá	27
regionalizar	regionar	28
regionalizar	regionara	11
regionalizar	regionaremos	7
regionalizar	regionan	23
regionalizar	regione	21
regionalizar	regionazarme	14
regionalizar	regionaran	2
regionalizar	regionaré	9
regionalizar	regionado	0
regionalizar	regionaría	19
regionalizar	regionó	18
regionalizar	regionaba	12
regionalizar	regionarás	10
regionalizar	regionarnos	8
regionalizar	regionarla	6
regionalizar	regionando	22
regionalizar	regionarán	3
regionalizar	regionaron	4
regionalizar	regionados	5
regionalizar	regionarían	1
regionalizar	regionarse	24
regionalizar	regionarlos	15
regionalizar	regionará	27
regionalizar	regiono	20
regionalizar	regionaza	26
regionalizar	regionarlo	16
regionalizar	regionamos	25
regionalizar	regionen	17
regionalizar	regionaban	13
liberar	liberara	11
liberar	libere	21
liberar	liberarlo	16
liberar	libera	26
liberar	liberes	3
liberar	liberar	28
liberar	liberarnos	8
liberar	liberaran	2
liberar	liberando	22
liberar	liberen	17
liberar	liberados	5
liberar	liberé	1
liberar	liberarlos	15
liberar	liberaré	9
liberar	liberaremos	7
liberar	liberan	23
liberar	liberaba	12
liberar	liberarme	14
liberar	liberado	0
liberar	libero	20
liberar	liberaría	19
liberar	liberará	27
liberar	liberaban	13
liberar	liberarás	10
liberar	liberamos	25
liberar	liberarla	6
liberar	liberarse	24
liberar	liberó	18
liberar	liberaron	4
lastrar	lastraste	2
lastrar	lastrarse	24
lastrar	lastraban	13
lastrar	lastrarán	3
lastrar	lastras	5
lastrar	lastrara	11
lastrar	lastran	23
lastrar	lastrarlos	15
lastrar	lastro	20
lastrar	lastrarnos	8
lastrar	lastraré	9
lastrar	lastrarás	10
lastrar	lastró	18
lastrar	lastrando	22
lastrar	lastramos	25
lastrar	lastraremos	7
lastrar	lastraba	12
lastrar	lastre	21
lastrar	lastraron	4
lastrar	lastrará	27
lastrar	lastren	17
lastrar	lastré	1
lastrar	lastrado	0
lastrar	lastrarlo	16
lastrar	lastrarla	6
lastrar	lastrar	28
lastrar	lastra	26
lastrar	lastrarme	14
lastrar	lastraría	19
golpear	golpea	26
golpear	golpeen	17
golpear	golpean	23
golpear	golpeé	1
golpear	golpearemos	7
golpear	golpeará	27
golpear	golpearan	2
golpear	golpeo	20
golpear	golpearlo	16
golpear	golpearse	24
golpear	golpearlos	15
golpear	golpeaban	13
golpear	golpeas	5
golpear	golpearás	10
golpear	golpeaba	12
golpear	golpearla	6
golpear	golpearía	19
golpear	golpee	21
golpear	golpeando	22
golpear	golpearme	14
golpear	golpearnos	8
golpear	golpeamos	25
golpear	golpearán	3
golpear	golpearon	4
golpear	golpeado	0
golpear	golpearé	9
golpear	golpeara	11
golpear	golpeó	18
golpear	golpear	28
ablandar	ablandarnos	8
ablandar	ablandaran	2
ablandar	ablandé	1
ablandar	ablandarlo	16
ablandar	ablandarán	3
ablandar	ablandaría	19
ablandar	ablandado	0
ablandar	ablandarme	14
ablandar	ablanden	17
ablandar	ablandaba	12
ablandar	ablandarlos	15
ablandar	ablandara	11
ablandar	ablandará	27
ablandar	ablandaban	13
ablandar	ablandamos	25
ablandar	ablande	21
ablandar	ablandarla	6
ablandar	ablandaré	9
ablandar	ablandarse	24
ablandar	ablandar	28
ablandar	ablandados	5
ablandar	ablandan	23
ablandar	ablando	20
ablandar	ablanda	26
ablandar	ablandarás	10
ablandar	ablandaremos	7
ablandar	ablandando	22
ablandar	ablandó	18
ablandar	ablandaron	4
establecer	establece	20
establecer	estableceba	12
establecer	estableceremos	7
establecer	establecerán	3
establecer	establecería	19
establecer	estableceban	13
establecer	establecerse	24
establecer	establecerla	6
establecer	establecerían	1
establecer	estableceré	9
establecer	establecerlos	15
establecer	establecernos	8
establecer	establecido	0
establecer	establecen	17
establecer	establecerlo	16
establecer	establecer	28
establecer	estableció	18
establecer	establecen	23
establecer	establecerás	10
establecer	establece	26
establecer	estableceran	2
establecer	establecieron	4
establecer	establecera	11
establecer	establecemos	25
establecer	estableces	5
establecer	establecerme	14
establecer	establecendo	22
establecer	establece	21
establecer	establecerá	27
ametrallar	ametralarán	3
ametrallar	ametralar	28
ametrallar	ametralará	27
ametrallar	ametralaría	19
ametrallar	ametralaremos	7
ametrallar	ametralarme	14
ametrallar	ametralaban	13
ametrallar	ametralaron	4
ametrallar	ametralan	23
ametrallar	ametrale	21
ametrallar	ametralando	22
ametrallar	ametralen	17
ametrallar	ametralara	11
ametrallar	ametraló	18
ametrallar	ametralarás	10
ametrallar	ametralarla	6
ametrallar	ametralarnos	8
ametrallar	ametralaba	12
ametrallar	ametralamos	25
ametrallar	ametralarían	1
ametrallar	ametralaré	9
ametrallar	ametralaran	2
ametrallar	ametralarse	24
ametrallar	ametralarlo	16
ametrallar	ametralarlos	15
ametrallar	ametralados	5
ametrallar	ametralado	0
ametrallar	ametralo	20
ametrallar	ametrala	26
escuchar	escucharon	4
escuchar	escuchara	11
escuchar	escuchaba	12
escuchar	escuchará	27
escuchar	escuché	1
escuchar	escuchando	22
escuchar	escucha	26
escuchar	escucharemos	7
escuchar	escuchan	23
escuchar	escucharlos	15
escuchar	escucharse	24
escuchar	escuchen	17
escuchar	escucharan	2
escuchar	escucharla	6
escuchar	escuchamos	25
escuchar	escuche	21
escuchar	escucho	20
escuchar	escuchar	28
escuchar	escucharás	10
escuchar	escuchado	0
escuchar	escucharnos	8
escuchar	escuchas	5
escuchar	escucharlo	16
escuchar	escuches	3
escuchar	escuchaban	13
escuchar	escucharme	14
escuchar	escuchó	18
escuchar	escucharía	19
escuchar	escucharé	9
anegar	anegarán	3
anegar	anegar	28
anegar	anegarme	14
anegar	anegaremos	7
anegar	anegarlos	15
anegar	anegarlo	16
anegar	anege	21
anegar	anegaría	19
anegar	anegamos	25
anegar	anega	26
anegar	anegando	22
anegar	anego	20
anegar	anegarían	1
anegar	anegaba	12
anegar	anegó	18
anegar	anegara	11
anegar	anegaron	4
anegar	anegarse	24
anegar	anegarla	6
anegar	anegaré	9
anegar	anegen	17
anegar	anegan	23
anegar	anegaban	13
anegar	anegado	0
anegar	anegarás	10
anegar	anegarnos	8
anegar	anegados	5
anegar	anegará	27
anegar	anegaran	2
florecer	florecerá	27
florecer	florecernos	8
florecer	florecio	20
florecer	florece	21
florecer	florecen	23
florecer	florecerás	10
florecer	florecerla	6
florecer	florecería	19
florecer	floreceremos	7
florecer	florecerse	24
florecer	florecerlo	16
florecer	floreces	5
florecer	floreceban	13
florecer	florecido	0
florecer	florecen	17
florecer	florecemos	25
florecer	florecerlos	15
florecer	florecerme	14
florecer	florecendo	22
florecer	florecieron	4
florecer	floreceba	12
florecer	florecer	28
florecer	florece	26
florecer	floreció	18
florecer	florecerán	3
florecer	floreceré	9
florecer	florecera	11
florecer	floreceran	2
florecer	florecerían	1
raspar	rasparme	14
raspar	rasparan	2
raspar	rasparon	4
raspar	raspa	26
raspar	raspaba	12
raspar	rasparnos	8
raspar	rasparé	9
raspar	raspé	1
raspar	raspaban	13
raspar	rasparlo	16
raspar	raspamos	25
raspar	raspe	21
raspar	raspado	0
raspar	rasparla	6
raspar	raspara	11
raspar	rasparemos	7
raspar	raspar	28
raspar	raspo	20
raspar	raspó	18
raspar	rasparán	3
raspar	rasparse	24
raspar	raspados	5
raspar	rasparlos	15
raspar	rasparás	10
raspar	rasparía	19
raspar	raspará	27
raspar	raspan	23
raspar	raspen	17
raspar	raspando	22
ayudar	ayudaron	4
ayudar	ayudarnos	8
ayudar	ayudarse	24
ayudar	ayudarás	10
ayudar	ayudarme	14
ayudar	ayudar	28
ayudar	ayudaran	2
ayudar	ayudes	3
ayudar	ayudo	20
ayudar	ayudaba	12
ayudar	ayudan	23
ayudar	ayudaré	9
ayudar	ayudarían	1
ayudar	ayudaban	13
ayudar	ayuden	17
ayudar	ayuda	26
ayudar	ayudas	5
ayudar	ayudó	18
ayudar	ayudarla	6
ayudar	ayudaremos	7
ayudar	ayudarlos	15
ayudar	ayudamos	25
ayudar	ayudará	27
ayudar	ayudado	0
ayudar	ayude	21
ayudar	ayudara	11
ayudar	ayudarlo	16
ayudar	ayudando	22
ayudar	ayudaría	19
arrebolar	arrebole	21
arrebolar	arrebolarla	6
arrebolar	arrebolará	27
arrebolar	arrebolaré	9
arrebolar	arrebolo	20
arrebolar	arrebolados	5
arrebolar	arrebolaría	19
arrebolar	arrebola	26
arrebolar	arrebolamos	25
arrebolar	arrebolarme	14
arrebolar	arrebolen	17
arrebolar	arrebolara	11
arrebolar	arrebolaba	12
arrebolar	arrebolarlos	15
arrebolar	arrebolarse	24
arrebolar	arrebolarán	3
arrebolar	arrebolarlo	16
arrebolar	arrebolarían	1
arrebolar	arreboló	18
arrebolar	arrebolarnos	8
arrebolar	arrebolar	28
arrebolar	arrebolando	22
arrebolar	arrebolado	0
arrebolar	arrebolaremos	7
arrebolar	arrebolaban	13
arrebolar	arrebolaron	4
arrebolar	arrebolarás	10
arrebolar	arrebolan	23
arrebolar	arrebolaran	2
quedarse	queda	18
quedarse	quedé	1
quedarse	quedaban	13
quedarse	quedamos	25
quedarse	queda	11
quedarse	queda	9
quedarse	queda	10
quedarse	queda	27
quedarse	quedansendo	22
quedarse	quedarse	24
quedarse	quedo	20
quedarse	quedarse	8
quedarse	queda	6
quedarse	queda	0
quedarse	queda	17
quedarse	quedarse	16
quedarse	quedase	2
quedarse	quedarse	28
quedarse	queda	3
quedarse	queda	12
quedarse	queda	21
quedarse	quedarse	19
quedarse	queda	5
quedarse	queda	4
quedarse	queda	7
quedarse	queda	15
quedarse	quedarse	14
quedarse	quedansen	23
quedarse	queda	26
dibujarse	dibujarse	27
dibujarse	dibujaban	13
dibujarse	dibujarse	2
dibujarse	dibujamos	25
dibujarse	dibujarse	15
dibujarse	dibuja	4
dibujarse	dibujensen	17
dibujarse	dibujarsemos	7
dibujarse	dibujarses	10
dibujarse	dibujarse	24
dibujarse	dibujansen	23
dibujarse	dibuja	26
dibujarse	dibujarse	9
dibujarse	dibujarse	8
dibujarse	dibujarse	19
dibujarse	dibujarse	16
dibujarse	dibujanse	22
dibujarse	dibujas	5
dibujarse	dibujé	1
dibujarse	dibujó	18
dibujarse	dibujarse	28
dibujarse	dibujado	0
dibujarse	dibujarse	6
dibujarse	dibuje	21
dibujarse	dibujo	20
dibujarse	dibujarse	11
dibujarse	dibujaba	12
dibujarse	dibujes	3
dibujarse	dibujarse	14
comparar	comparar	28
comparar	comparaba	12
comparar	compararlo	16
comparar	comparé	1
comparar	compararla	6
comparar	comparaban	13
comparar	comparara	11
comparar	comparan	23
comparar	compares	3
comparar	compare	21
comparar	compararme	14
comparar	compararse	24
comparar	compararé	9
comparar	comparen	17
comparar	comparó	18
comparar	compararlos	15
comparar	compararás	10
comparar	compara	26
comparar	comparo	20
comparar	comparados	5
comparar	compararía	19
comparar	compararemos	7
comparar	comparado	0
comparar	comparará	27
comparar	compararon	4
comparar	compararan	2
comparar	compararnos	8
comparar	comparando	22
comparar	comparamos	25
rivalizar	rivalizaran	2
rivalizar	rivalizarse	24
rivalizar	rivalizen	17
rivalizar	rivalizarme	14
rivalizar	rivalizamos	25
rivalizar	rivalizarlos	15
rivalizar	rivalizarán	3
rivalizar	rivaliza	26
rivalizar	rivalizar	28
rivalizar	rivalizaba	12
rivalizar	rivalizara	11
rivalizar	rivalizado	0
rivalizar	rivalizaría	19
rivalizar	rivalizó	18
rivalizar	rivalizarla	6
rivalizar	rivalizé	1
rivalizar	rivalizaron	4
rivalizar	rivalizarás	10
rivalizar	rivalizarlo	16
rivalizar	rivalize	21
rivalizar	rivalizaré	9
rivalizar	rivalizarnos	8
rivalizar	rivalizaremos	7
rivalizar	rivalizará	27
rivalizar	rivalizo	20
rivalizar	rivalizando	22
rivalizar	rivalizados	5
rivalizar	rivalizaban	13
rivalizar	rivalizan	23
quejarse	quejarse	2
quejarse	quejó	18
quejarse	queja	19
quejarse	quejarse	28
quejarse	queja	10
quejarse	queja	27
quejarse	quejé	1
quejarse	queje	21
quejarse	queja	11
quejarse	quejaba	12
quejarse	quejansen	23
quejarse	quejado	0
quejarse	queja	26
quejarse	quejaban	13
quejarse	queja	6
quejarse	quejarse	24
quejarse	quejarse	9
quejarse	quejo	20
quejarse	queja	16
quejarse	quejamos	25
quejarse	queja	8
quejarse	queja	15
quejarse	queja	7
quejarse	queja	4
quejarse	quejarse	14
quejarse	queja	3
quejarse	queja	17
quejarse	quejas	5
quejarse	quejansendo	22
filosofar	filosofaba	12
filosofar	filosofar	28
filosofar	filosofó	18
filosofar	filosofaran	2
filosofar	filosofaremos	7
filosofar	filosofamos	25
filosofar	filosofarlo	16
filosofar	filosofas	5
filosofar	filosofara	11
filosofar	filosofarán	3
filosofar	filosofando	22
filosofar	filosofarla	6
filosofar	filosofarían	1
filosofar	filosofará	27
filosofar	filosofaron	4
filosofar	filosofarlos	15
filosofar	filosofe	21
filosofar	filosofan	23
filosofar	filosofa	26
filosofar	filosofarás	10
filosofar	filosofen	17
filosofar	filosofarse	24
filosofar	filosofado	0
filosofar	filosofaré	9
filosofar	filosofarme	14
filosofar	filosofo	20
filosofar	filosofaban	13
filosofar	filosofarnos	8
filosofar	filosofaría	19
declarar	declaran	23
declarar	declaraba	12
declarar	declaramos	25
declarar	declararé	9
declarar	declararse	24
declarar	declarados	5
declarar	declaraban	13
declarar	declararan	2
declarar	declararlo	16
declarar	declarará	27
declarar	declarando	22
declarar	declaren	17
declarar	declararemos	7
declarar	declararlos	15
declarar	declararás	10
declarar	declararla	6
declarar	declarara	11
declarar	declararon	4
declarar	declararía	19
declarar	declarar	28
declarar	declaré	1
declarar	declaro	20
declarar	declararnos	8
declarar	declara	26
declarar	declararme	14
declarar	declarado	0
declarar	declaró	18
declarar	declares	3
declarar	declare	21
descalabrar	descalaben	17
descalabrar	descalaban	13
descalabrar	descalaba	27
descalabrar	descalaba	26
descalabrar	descalabado	0
descalabrar	descalaba	6
descalabrar	descalabarlos	15
descalabrar	descalo	20
descalabrar	descalaban	23
descalabrar	descalaba	28
descalabrar	descalaban	3
descalabrar	descalabamos	25
descalabrar	descalaba	10
descalabrar	descalaba	24
descalabrar	descalaba	19
descalabrar	descalabarnos	8
descalabrar	descalaba	4
descalabrar	descalaba	9
descalabrar	descalaba	12
descalabrar	descalaba	7
descalabrar	descalaban	1
descalabrar	descalabados	5
descalabrar	descalaba	16
descalabrar	descalabó	18
descalabrar	descalabando	22
descalabrar	descalaban	2
descalabrar	descalaba	14
descalabrar	descalabe	21
descalabrar	descalaba	11
remendar	remendo	20
remendar	remendarlos	15
remendar	remendarlo	16
remendar	remendaste	2
remendar	remendan	23
remendar	remendaban	13
remendar	remenden	17
remendar	remende	21
remendar	remendará	27
remendar	remendaba	12
remendar	remendaré	9
remendar	remendando	22
remendar	remendé	1
remendar	remendaría	19
remendar	remendó	18
remendar	remendarla	6
remendar	remendaremos	7
remendar	remendamos	25
remendar	remendar	28
remendar	remendarse	24
remendar	remendaron	4
remendar	remendarme	14
remendar	remendes	3
remendar	remendarás	10
remendar	remenda	26
remendar	remendado	0
remendar	remendados	5
remendar	remendarnos	8
remendar	remendara	11
consolidar	consolida	26
consolidar	consolidaría	19
consolidar	consoliden	17
consolidar	consolidados	5
consolidar	consolidarme	14
consolidar	consolide	21
consolidar	consolidarla	6
consolidar	consolidado	0
consolidar	consolidara	11
consolidar	consolidó	18
consolidar	consolidaron	4
consolidar	consolidar	28
consolidar	consolido	20
consolidar	consolidarse	24
consolidar	consolidan	23
consolidar	consolidarás	10
consolidar	consolidarnos	8
consolidar	consolidará	27
consolidar	consolidarlos	15
consolidar	consolidaban	13
consolidar	consolidaran	2
consolidar	consolidamos	25
consolidar	consolidando	22
consolidar	consolidaremos	7
consolidar	consolidaba	12
consolidar	consolides	3
consolidar	consolidaré	9
consolidar	consolidé	1
consolidar	consolidarlo	16
aprender	aprenderé	9
aprender	aprenderlo	16
aprender	aprenderían	1
aprender	aprenderme	14
aprender	aprenderan	2
aprender	aprenderla	6
aprender	aprendido	0
aprender	aprenderás	10
aprender	aprendería	19
aprender	aprendernos	8
aprender	aprende	26
aprender	aprendeban	13
aprender	aprenden	23
aprender	aprender	28
aprender	aprendera	11
aprender	aprendeba	12
aprender	aprendendo	22
aprender	aprenderse	24
aprender	aprendió	18
aprender	aprenderlos	15
aprender	aprenderá	27
aprender	aprenden	17
aprender	aprendieron	4
aprender	aprendio	20
aprender	aprendemos	25
aprender	aprende	21
aprender	aprenderán	3
aprender	aprendes	5
aprender	aprenderemos	7
soñar	soñarnos	8
soñar	soñaría	19
soñar	soñaran	2
soñar	soñé	1
soñar	soñado	0
soñar	soñarme	14
soñar	soñando	22
soñar	soñar	28
soñar	soñarla	6
soñar	soñó	18
soñar	soñaron	4
soñar	soñaremos	7
soñar	soñaban	13
soñar	soñarán	3
soñar	soñarlos	15
soñar	soñarlo	16
soñar	soñarse	24
soñar	soñen	17
soñar	soñará	27
soñar	soño	20
soñar	soña	26
soñar	soñaré	9
soñar	soñas	5
soñar	soñan	23
soñar	soñe	21
soñar	soñaba	12
soñar	soñarás	10
soñar	soñara	11
soñar	soñamos	25
divorciarse	divorciarse	11
divorciarse	divorció	18
divorciarse	divorcies	3
divorciarse	divorciando	22
divorciarse	divorciado	0
divorciarse	divorcié	1
divorciarse	divorciados	5
divorciarse	divorciarse	19
divorciarse	divorciarsemos	7
divorciarse	divorciarse	27
divorciarse	divorciarse	9
divorciarse	divorcia	4
divorciarse	divorcien	17
divorciarse	divorciarse	14
divorciarse	divorciarse	15
divorciarse	divorciaban	13
divorciarse	divorciaba	12
divorciarse	divorciarse	2
divorciarse	divorciarse	16
divorciarse	divorcia	26
divorciarse	divorciarse	24
divorciarse	divorciarse	8
divorciarse	divorciarse	6
divorciarse	divorcie	21
divorciarse	divorcio	20
divorciarse	divorciarse	28
divorciarse	divorcian	23
divorciarse	divorciamos	25
divorciarse	divorciarses	10
relatar	relatarla	6
relatar	relataría	19
relatar	relatar	28
relatar	relatarás	10
relatar	relataré	9
relatar	relato	20
relatar	relataste	2
relatar	relatan	23
relatar	relataban	13
relatar	relaté	1
relatar	relatará	27
relatar	relaten	17
relatar	relatarlos	15
relatar	relatado	0
relatar	relatarlo	16
relatar	relates	3
relatar	relatarme	14
relatar	relatando	22
relatar	relatados	5
relatar	relatarse	24
relatar	relatara	11
relatar	relataba	12
relatar	relataremos	7
relatar	relata	26
relatar	relate	21
relatar	relató	18
relatar	relatamos	25
relatar	relataron	4
relatar	relatarnos	8
volver	volves	5
volver	volvera	11
volver	volvido	0
volver	volverlos	15
volver	volveban	13
volver	volveran	2
volver	volven	17
volver	volverían	1
volver	volvió	18
volver	volven	23
volver	volvemos	25
volver	volve	20
volver	volvendo	22
volver	volveremos	7
volver	volverme	14
volver	volve	21
volver	volveré	9
volver	volverse	24
volver	volvería	19
volver	volvernos	8
volver	volverán	3
volver	volve	26
volver	volvieron	4
volver	volverá	27
volver	volveba	12
volver	volver	28
volver	volverás	10
volver	volverlo	16
volver	volverla	6
despoblar	despoblarse	24
despoblar	despoblara	11
despoblar	despoblan	23
despoblar	despoblarlo	16
despoblar	despoblarían	1
despoblar	despoblado	0
despoblar	despoblarla	6
despoblar	despoblados	5
despoblar	despoblaré	9
despoblar	despoblaban	13
despoblar	despoblando	22
despoblar	despoblará	27
despoblar	despoblaremos	7
despoblar	despobla	26
despoblar	despoblen	17
despoblar	despoblarán	3
despoblar	despobló	18
despoblar	despoblar	28
despoblar	despoblamos	25
despoblar	despoblarnos	8
despoblar	despoblarás	10
despoblar	despoble	21
despoblar	despoblarlos	15
despoblar	despoblarme	14
despoblar	despoblaron	4
despoblar	despoblaba	12
despoblar	despoblaría	19
despoblar	despoblaran	2
despoblar	despoblo	20
llevarse	llevarse	2
llevarse	llevarses	10
llevarse	llevarse	27
llevarse	lleva	0
llevarse	llevarse	1
llevarse	lleva	20
llevarse	llevarse	28
llevarse	llevarse	6
llevarse	lleva	21
llevarse	llevansendo	22
llevarse	llevamos	25
llevarse	llevarse	24
llevarse	llevarse	3
llevarse	llevarse	12
llevarse	llevarse	9
llevarse	llevarse	19
llevarse	lleva	18
llevarse	llevases	5
llevarse	lleva	26
llevarse	llevarse	8
llevarse	llevarse	16
llevarse	llevarsen	17
llevarse	llevansen	23
llevarse	llevarsen	13
llevarse	llevarse	14
llevarse	lleva	4
llevarse	llevarsemos	7
llevarse	llevarse	15
llevarse	llevarse	11
engrapar	engrapará	27
engrapar	engrapan	23
engrapar	engraparé	9
engrapar	engrapen	17
engrapar	engraparnos	8
engrapar	engrapaba	12
engrapar	engrapando	22
engrapar	engrapa	26
engrapar	engrapar	28
engrapar	engraparemos	7
engrapar	engraparás	10
engrapar	engraparon	4
engrapar	engraparán	3
engrapar	engrapado	0
engrapar	engrapados	5
engrapar	engraparlos	15
engrapar	engrapo	20
engrapar	engraparse	24
engrapar	engrapamos	25
engrapar	engraparme	14
engrapar	engrapaban	13
engrapar	engraparla	6
engrapar	engrapó	18
engrapar	engraparía	19
engrapar	engraparlo	16
engrapar	engrapara	11
engrapar	engrapé	1
engrapar	engraparan	2
engrapar	engrape	21
salir	salirás	10
salir	saliremos	7
salir	saliste	2
salir	salimos	25
salir	salió	18
salir	salidos	5
salir	sali	26
salir	salin	17
salir	salirnos	8
salir	salirlo	16
salir	salirla	6
salir	saliba	12
salir	salirá	27
salir	salio	20
salir	salin	23
salir	salirme	14
salir	sali	21
salir	saliría	19
salir	salira	11
salir	saliban	13
salir	saliré	9
salir	salía	4
salir	salido	0
salir	salirán	3
salir	salir	28
salir	salirse	24
salir	salirían	1
salir	salirlos	15
salir	salindo	22
dulcificar	dulcificamos	25
dulcificar	dulcificaban	13
dulcificar	dulcificando	22
dulcificar	dulcificen	17
dulcificar	dulcifiaría	19
dulcificar	dulcificaron	4
dulcificar	dulcifiaremos	7
dulcificar	dulcifica	26
dulcificar	dulcificará	27
dulcificar	dulcifiarás	10
dulcificar	dulcificarse	24
dulcificar	dulcificara	11
dulcificar	dulcificarme	14
dulcificar	dulcifican	23
dulcificar	dulcificado	0
dulcificar	dulcificarla	6
dulcificar	dulcifiaré	9
dulcificar	dulcificarlos	15
dulcificar	dulcificaba	12
dulcificar	dulcifiarlo	16
dulcificar	dulcificar	28
dulcificar	dulcifició	18
dulcificar	dulcififarían	1
dulcificar	dulcificaran	2
dulcificar	dulcifice	21
dulcificar	dulcificio	20
dulcificar	dulcificas	5
dulcificar	dulcificarnos	8
dulcificar	dulcificarán	3
comerse	comerse	22
comerse	comerse	6
comerse	comerse	19
comerse	comerse	28
comerse	comerse	26
comerse	comerse	9
comerse	comersió	18
comerse	comersemos	25
comerse	comerse	13
comerse	comerso	20
comerse	comerserían	1
comerse	comersernos	8
comerse	comerse	11
comerse	comerserán	3
comerse	comerserás	10
comerse	comerse	14
comerse	comerse	27
comerse	comerse	2
comerse	comersen	17
comerse	come	4
comerse	comersemos	7
comerse	comersido	0
comerse	comerse	12
comerse	comersen	23
comerse	comerse	21
comerse	comerses	5
comerse	comerserlos	15
comerse	comerse	16
comerse	comerse	24
eclipsar	eclipsando	22
eclipsar	eclipsan	23
eclipsar	eclipsar	28
eclipsar	eclipsarnos	8
eclipsar	eclipsa	26
eclipsar	eclipsaré	9
eclipsar	eclipsamos	25
eclipsar	eclipsé	1
eclipsar	eclipsarlos	15
eclipsar	eclipso	20
eclipsar	eclipsado	0
eclipsar	eclipsó	18
eclipsar	eclipses	3
eclipsar	eclipsaba	12
eclipsar	eclipsados	5
eclipsar	eclipsaron	4
eclipsar	eclipsarme	14
eclipsar	eclipsaban	13
eclipsar	eclipsara	11
eclipsar	eclipsaría	19
eclipsar	eclipsarlo	16
eclipsar	eclipsarás	10
eclipsar	eclipsarse	24
eclipsar	eclipsaremos	7
eclipsar	eclipsen	17
eclipsar	eclipse	21
eclipsar	eclipsaran	2
eclipsar	eclipsarla	6
eclipsar	eclipsará	27
