undkomma	undkommande	4
undkomma	undkommen	13
undkomma	undkommt	5
undkomma	undkommet	0
undkomma	undkommer	9
undkomma	undkomma	14
undkomma	undkommade	7
undkomma	undkommaren	6
undkomma	undkommar	11
undkomma	undkomm	12
undkomma	undkommer	2
undkomma	dkomma	3
undkomma	undkommas	10
undkomma	undkommes	1
undkomma	undkommad	8
dua	duat	1
dua	du	12
dua	duades	9
dua	duan	5
dua	duande	4
dua	duer	2
dua	duad	8
dua	duar	11
dua	dua	14
dua	a	3
dua	duen	13
dua	duade	7
dua	duas	10
dua	duet	0
dua	due	6
vakta	vaktar	11
vakta	vakten	13
vakta	vakta	14
vakta	vaktan	5
vakta	vaktas	10
vakta	vakter	9
vakta	vaktaren	6
vakta	vakter	2
vakta	vaktat	1
vakta	vaktade	7
vakta	vakt	12
vakta	kta	3
vakta	vaktet	0
vakta	vaktande	4
vakta	vaktad	8
desillusionera	desillusina	14
desillusionera	desilluse	6
desillusionera	desillusinad	8
desillusionera	desillusis	1
desillusionera	desillusas	10
desillusionera	desillusin	5
desillusionera	desillusinde	4
desillusionera	sillusnisner	3
desillusionera	desillusen	13
desillusionera	desillusar	11
desillusionera	desillusin	12
desillusionera	desilluser	2
desillusionera	desillusade	7
desillusionera	desillusinet	0
desillusionera	desilluser	9
kröna	krönande	4
kröna	na	3
kröna	kröne	6
kröna	krönen	13
kröna	krönad	8
kröna	krönte	7
kröna	krönt	5
kröna	krönes	1
kröna	krönas	10
kröna	krönet	0
kröna	kröner	2
kröna	krön	12
kröna	kröner	9
kröna	krönar	11
kröna	kröna	14
patrullera	patrullerat	1
patrullera	patruller	2
patrullera	patrulleras	10
patrullera	patrulleren	13
patrullera	patrullera	14
patrullera	patrulleran	5
patrullera	patruller	12
patrullera	patrullerar	11
patrullera	patrullerades	9
patrullera	patrullerade	7
patrullera	patrulleret	0
patrullera	patrullere	6
patrullera	trulla	3
patrullera	patrullerad	8
patrullera	patrullerande	4
sluka	sluket	0
sluka	uka	3
sluka	slukades	9
sluka	sluke	6
sluka	slukande	4
sluka	slukat	1
sluka	sluker	2
sluka	sluk	12
sluka	slukade	7
sluka	slukan	5
sluka	slukas	10
sluka	slukar	11
sluka	sluka	14
sluka	sluken	13
sluka	slukad	8
ysta	ystt	5
ysta	ystet	0
ysta	yster	9
ysta	ta	3
ysta	ystas	10
ysta	yst	12
ysta	ysten	13
ysta	ysta	14
ysta	yster	2
ysta	ystande	4
ysta	ystar	11
ysta	yste	6
ysta	ystad	8
ysta	ystade	7
ysta	ystes	1
skåda	skåda	14
skåda	skåden	13
skåda	skådande	4
skåda	skåd	12
skåda	skådet	0
skåda	skådade	7
skåda	skådaren	6
skåda	skådades	9
skåda	skådan	5
skåda	kåda	3
skåda	skåder	2
skåda	skådas	10
skåda	skådat	1
skåda	skådad	8
skåda	skådar	11
insinuera	insinuerande	4
insinuera	insiner	2
insinuera	insinuerade	7
insinuera	insinueras	10
insinuera	insinuerad	8
insinuera	insinuert	5
insinuera	insinuerades	9
insinuera	insinueren	13
insinuera	insinuere	6
insinuera	insinuera	14
insinuera	insinueret	0
insinuera	insinuerar	11
insinuera	sinura	3
insinuera	insinuerat	1
insinuera	insinuer	12
drabba	drabbas	10
drabba	drabbet	0
drabba	drabba	14
drabba	drabb	12
drabba	drabbade	7
drabba	drabbad	8
drabba	drabbat	1
drabba	drabban	5
drabba	drabbande	4
drabba	drabbe	6
drabba	drabben	13
drabba	drabbades	9
drabba	drabbades	2
drabba	dbaba	3
drabba	drabbar	11
överse	översen	13
överse	översen	5
överse	överser	2
överse	överse	12
överse	översede	7
överse	rse	3
överse	överse	6
överse	översed	8
överse	överses	10
överse	översende	4
överse	överser	11
överse	överset	1
överse	överse	14
överse	överset	0
överse	översedes	9
förutsäga	förutsäger	9
förutsäga	förutsägen	13
förutsäga	förutsäges	1
förutsäga	förutsäg	12
förutsäga	utsäga	3
förutsäga	förutsäger	2
förutsäga	förutsäget	0
förutsäga	förutsägad	8
förutsäga	förutsägt	5
förutsäga	förutsägande	4
förutsäga	förutsäga	14
förutsäga	förutsägade	7
förutsäga	förutsägar	11
förutsäga	förutsäge	6
förutsäga	förutsägas	10
rigga	riggt	5
rigga	riggad	8
rigga	riggen	13
rigga	rigga	14
rigga	rigger	9
rigga	rigg	12
rigga	rigge	6
rigga	riggas	10
rigga	rigger	2
rigga	riggar	11
rigga	rigges	1
rigga	rigget	0
rigga	riggande	4
rigga	ga	3
rigga	riggade	7
uttala	uttalade	7
uttala	uttalar	11
uttala	uttala	14
uttala	uttalet	0
uttala	uttalat	1
uttala	uttalt	5
uttala	tala	3
uttala	uttalades	9
uttala	uttalande	4
uttala	uttaler	2
uttala	uttale	6
uttala	uttalad	8
uttala	uttal	12
uttala	uttalen	13
uttala	uttalas	10
tunnla	tunner	2
tunnla	tunnlat	1
tunnla	tunnlande	4
tunnla	tunnlan	5
tunnla	nla	3
tunnla	tunnlad	8
tunnla	tunnlades	9
tunnla	tunnlas	10
tunnla	tunnlar	11
tunnla	tunnla	14
tunnla	tunnlen	13
tunnla	tunnlet	0
tunnla	tunnl	12
tunnla	tunnle	6
tunnla	tunnlade	7
prisa	prisad	8
prisa	prisande	4
prisa	prisa	14
prisa	prisade	7
prisa	prisen	13
prisa	prise	6
prisa	priser	9
prisa	prisas	10
prisa	isa	3
prisa	priser	2
prisa	prisat	1
prisa	prisan	5
prisa	prisar	11
prisa	priset	0
prisa	pris	12
rationalisera	ratinnalis	8
rationalisera	ratinen	0
rationalisera	ratinnalist	5
rationalisera	ratinnalis	9
rationalisera	ratiner	2
rationalisera	ratinalisade	7
rationalisera	tina	3
rationalisera	ratinnalis	1
rationalisera	ratin	12
rationalisera	ratinnalis	10
rationalisera	ratinne	6
rationalisera	ratinnalis	11
rationalisera	ratinnliser	4
rationalisera	ratinnalisa	14
rationalisera	ratinnen	13
utforska	utforskat	1
utforska	utforskade	7
utforska	utforskades	9
utforska	utforskar	11
utforska	utforske	6
utforska	utforsker	2
utforska	utforskad	8
utforska	utforsken	13
utforska	forska	3
utforska	utforsket	0
utforska	utforska	14
utforska	utforskan	5
utforska	utforskas	10
utforska	utforsk	12
utforska	utforskande	4
signera	gnera	3
signera	signerande	4
signera	signerades	9
signera	signera	14
signera	signere	6
signera	signerar	11
signera	signerad	8
signera	signer	12
signera	signer	2
signera	signeret	0
signera	signeras	10
signera	signert	5
signera	signerat	1
signera	signeren	13
signera	signerade	7
hänga	hängad	8
hänga	hängande	4
hänga	hänges	1
hänga	hänget	0
hänga	hänger	9
hänga	häng	12
hänga	hänge	6
hänga	hänger	2
hänga	hängen	13
hänga	hängas	10
hänga	hängt	5
hänga	ga	3
hänga	hängade	7
hänga	hängar	11
hänga	hänga	14
infiltrera	infiltrert	5
infiltrera	infiltrer	2
infiltrera	infiltrere	6
infiltrera	infiltrerade	7
infiltrera	infiltreras	10
infiltrera	infiltrerande	4
infiltrera	infiltrerar	11
infiltrera	infiltrer	9
infiltrera	infiltrerad	8
infiltrera	infiltren	13
infiltrera	infiltrer	12
infiltrera	infiltrera	14
infiltrera	filtra	3
infiltrera	infiltrerat	1
infiltrera	infiltrer	0
angripa	angripar	11
angripa	angriparen	6
angripa	angripte	7
angripa	angript	5
angripa	angripa	14
angripa	angriper	9
angripa	angripet	0
angripa	angriper	2
angripa	angripen	13
angripa	angripas	10
angripa	gripa	3
angripa	angripad	8
angripa	angripes	1
angripa	angripande	4
angripa	angrip	12
administrera	administrade	7
administrera	administras	10
administrera	dmintra	3
administrera	administrande	4
administrera	administren	13
administrera	administrat	1
administrera	administr	12
administrera	administrar	11
administrera	adminstrer	2
administrera	administrades	9
administrera	administran	5
administrera	administrad	8
administrera	administret	0
administrera	administra	14
administrera	administre	6
tillträda	tillträd	12
tillträda	tillträdade	7
tillträda	tillträdad	8
tillträda	tillträder	2
tillträda	tillträde	6
tillträda	tillträdes	1
tillträda	tillträdan	5
tillträda	tillträder	9
tillträda	tillträdande	4
tillträda	tillträdas	10
tillträda	tillträda	14
tillträda	tillträdar	11
tillträda	tillträden	13
tillträda	lträda	3
tillträda	tillträdet	0
rösta	röstade	7
rösta	röster	9
rösta	röstat	1
rösta	röstar	11
rösta	sta	3
rösta	röster	2
rösta	rösten	13
rösta	röstan	5
rösta	röst	12
rösta	röstad	8
rösta	rösta	14
rösta	röstande	4
rösta	röstet	0
rösta	röste	6
rösta	röstas	10
förneka	förneka	14
förneka	förneke	6
förneka	neka	3
förneka	förnekande	4
förneka	förnek	12
förneka	förnekar	11
förneka	förneket	0
förneka	förnekat	1
förneka	neker	2
förneka	förnekas	10
förneka	förnekades	9
förneka	förnekan	5
förneka	förnekad	8
förneka	förneken	13
förneka	förnekade	7
slopa	slopat	1
slopa	slopande	4
slopa	slopad	8
slopa	papa	3
slopa	slopades	9
slopa	slopas	10
slopa	slop	12
slopa	slopen	13
slopa	sloper	2
slopa	slopet	0
slopa	slopan	5
slopa	slope	6
slopa	slopar	11
slopa	slopade	7
slopa	slopa	14
bedriva	bedrivt	5
bedriva	bedriver	9
bedriva	bedriven	13
bedriva	bedrivas	10
bedriva	bedrivade	7
bedriva	bedriva	14
bedriva	driv	4
bedriva	bedrivar	11
bedriva	bedrivad	8
bedriva	bedriv	12
bedriva	bedrive	6
bedriva	driven	0
bedriva	bedrives	1
bedriva	driva	3
bedriva	driver	2
destillera	destillerat	1
destillera	destillerad	8
destillera	destilleras	10
destillera	destillera	14
destillera	destillere	6
destillera	destillerades	9
destillera	destillert	5
destillera	destillerar	11
destillera	destillerande	4
destillera	diller	2
destillera	destilleren	13
destillera	destillerade	7
destillera	stilla	3
destillera	destilleret	0
destillera	destiller	12
övertyga	övertyges	1
övertyga	övertyget	0
övertyga	övertygad	8
övertyga	övertygande	4
övertyga	övertyger	9
övertyga	övertyger	2
övertyga	rtyga	3
övertyga	övertygade	7
övertyga	övertygas	10
övertyga	övertygt	5
övertyga	övertygaren	6
övertyga	övertyga	14
övertyga	övertygar	11
övertyga	övertygen	13
övertyga	övertyg	12
gruppera	grupperat	1
gruppera	grupperer	2
gruppera	grupperade	7
gruppera	grupperad	8
gruppera	grupperades	9
gruppera	grupper	12
gruppera	gruppert	5
gruppera	grupperar	11
gruppera	grupperande	4
gruppera	grupperet	0
gruppera	uppera	3
gruppera	grupperen	13
gruppera	gruppere	6
gruppera	gruppera	14
gruppera	grupperas	10
fördärva	fördärvaren	6
fördärva	fördärvet	0
fördärva	fördärvat	1
fördärva	därver	2
fördärva	fördärva	14
fördärva	därva	3
fördärva	fördärvas	10
fördärva	fördärv	12
fördärva	fördärven	13
fördärva	fördärvar	11
fördärva	fördärvan	5
fördärva	fördärvade	7
fördärva	fördärvande	4
fördärva	fördärvades	9
fördärva	fördärvad	8
stava	stavande	4
stava	stavas	10
stava	staven	13
stava	stavat	1
stava	stav	12
stava	stavade	7
stava	stave	6
stava	stavet	0
stava	stavad	8
stava	stavan	5
stava	stava	14
stava	staver	2
stava	stavar	11
stava	va	3
stava	staver	9
märka	märkes	1
märka	märkas	10
märka	märke	6
märka	märkande	4
märka	märket	0
märka	märker	9
märka	märkar	11
märka	märken	13
märka	märkad	8
märka	märker	2
märka	ka	3
märka	märka	14
märka	märk	12
märka	märkt	5
märka	märkte	7
exportera	epporterad	8
exportera	epporterat	1
exportera	eporterade	7
exportera	epporterades	9
exportera	epporteren	13
exportera	erporteret	0
exportera	portera	3
exportera	epporteras	10
exportera	erporterande	4
exportera	erportere	6
exportera	epportera	14
exportera	eportert	5
exportera	porter	2
exportera	epporter	12
exportera	epporterar	11
möta	mötet	0
möta	möter	2
möta	ta	3
möta	mötte	7
möta	möten	13
möta	mötas	10
möta	möte	6
möta	mötad	8
möta	möta	14
möta	mötande	4
möta	mötar	11
möta	mötes	1
möta	mött	5
möta	möt	12
möta	möter	9
fixa	fixen	13
fixa	fixad	8
fixa	fixer	9
fixa	fixt	5
fixa	fixe	6
fixa	fixas	10
fixa	fix	12
fixa	fixade	7
fixa	a	3
fixa	fixes	1
fixa	fixande	4
fixa	fixet	0
fixa	fixar	11
fixa	fixer	2
fixa	fixa	14
förordna	förordnen	13
förordna	förordnat	1
förordna	förordnar	11
förordna	förordnades	2
förordna	förordne	6
förordna	förordnande	4
förordna	förordnades	9
förordna	förordna	14
förordna	förordnan	5
förordna	förordnad	8
förordna	förordnet	0
förordna	förordn	12
förordna	ordna	3
förordna	förordnas	10
förordna	förordnade	7
olla	oll	12
olla	ollade	7
olla	ollande	4
olla	ollas	10
olla	olla	14
olla	ollad	8
olla	ollen	13
olla	ollades	9
olla	ollar	11
olla	ollan	5
olla	oller	2
olla	olle	6
olla	ollat	1
olla	ollet	0
olla	la	3
påstå	påståd	8
påstå	påstån	13
påstå	påstån	5
påstå	påstås	10
påstå	påstå	12
påstå	stå	3
påstå	påstå	14
påstå	påstånde	4
påstå	påstådes	2
påstå	påstådes	9
påstå	påståt	1
påstå	påståren	6
påstå	påstår	11
påstå	påståde	7
påstå	påståt	0
emigrera	emigrere	6
emigrera	migreret	0
emigrera	emigrerade	7
emigrera	emigrerad	8
emigrera	emigrera	14
emigrera	emigrerande	4
emigrera	emigreran	5
emigrera	emigreren	13
emigrera	mrera	3
emigrera	emigreras	10
emigrera	emigrer	12
emigrera	migrer	2
emigrera	emigrerat	1
emigrera	emigrerades	9
emigrera	emigrerar	11
predika	predikaren	6
predika	predikande	4
predika	predikades	9
predika	predikar	11
predika	predikan	5
predika	prediker	2
predika	predik	12
predika	prediken	13
predika	predika	14
predika	predikad	8
predika	dika	3
predika	predikat	1
predika	predikade	7
predika	predikas	10
predika	prediket	0
avgränsa	avgränsan	5
avgränsa	avgränsad	8
avgränsa	avgränsas	10
avgränsa	avgränsa	14
avgränsa	avgränser	2
avgränsa	avgränsen	13
avgränsa	avgränsar	11
avgränsa	avgränsat	1
avgränsa	avgränse	6
avgränsa	avgränser	9
avgränsa	avgräns	12
avgränsa	avgränset	0
avgränsa	gränsa	3
avgränsa	avgränsade	7
avgränsa	avgränsande	4
spå	spås	10
spå	spån	13
spå	spånde	4
spå	spån	5
spå	spå	12
spå	spåd	8
spå	spåde	7
spå	spåren	6
spå	spå	14
spå	spådes	2
spå	spåt	1
spå	å	3
spå	spår	11
spå	spådes	9
spå	spåt	0
erhålla	erhållet	0
erhålla	erhållar	11
erhålla	erhålles	1
erhålla	erhållt	5
erhålla	erhållas	10
erhålla	erhålla	14
erhålla	erhållad	8
erhålla	erhållade	7
erhålla	erhållen	13
erhålla	erhåll	12
erhålla	erhålle	6
erhålla	erhållande	4
erhålla	erhåller	9
erhålla	håller	2
erhålla	hålla	3
bekräfta	bekräfte	6
bekräfta	kräften	0
bekräfta	bekräft	12
bekräfta	bekräftan	5
bekräfta	bekräftat	1
bekräfta	kräft	4
bekräfta	kräfter	2
bekräfta	bekräfta	14
bekräfta	bekräftad	8
bekräfta	bekräftade	7
bekräfta	bekräften	13
bekräfta	kräfta	3
bekräfta	bekräftades	9
bekräfta	bekräftas	10
bekräfta	bekräftar	11
klorera	klorer	12
klorera	klorert	5
klorera	klorerad	8
klorera	kloreret	0
klorera	klorerar	11
klorera	klorerande	4
klorera	orera	3
klorera	klorerat	1
klorera	klorerades	9
klorera	klorer	2
klorera	klorerade	7
klorera	klorere	6
klorera	klorera	14
klorera	kloreras	10
klorera	kloreren	13
svara	svaras	10
svara	svara	14
svara	svarade	7
svara	svar	12
svara	svarer	2
svara	svarad	8
svara	svarande	4
svara	svare	6
svara	svarar	11
svara	svart	5
svara	svaren	13
svara	svarat	1
svara	svarer	9
svara	ara	3
svara	svaret	0
klistra	klistren	13
klistra	stra	3
klistra	klistrande	4
klistra	klistrat	1
klistra	klistrades	2
klistra	klistran	5
klistra	klistra	14
klistra	klistras	10
klistra	klistret	0
klistra	klistrades	9
klistra	klistrad	8
klistra	klistre	6
klistra	klistrade	7
klistra	klistrar	11
klistra	klistr	12
lysa	sa	3
lysa	lysas	10
lysa	lysar	11
lysa	lyst	5
lysa	lyste	7
lysa	lysa	14
lysa	lysen	13
lysa	lyse	6
lysa	lyser	9
lysa	lyses	1
lysa	lysad	8
lysa	lyser	2
lysa	lysande	4
lysa	lys	12
lysa	lyset	0
förfina	förfinet	0
förfina	finer	2
förfina	förfinaren	6
förfina	förfin	12
förfina	förfina	14
förfina	förfinas	10
förfina	förfinade	7
förfina	förfinande	4
förfina	förfinad	8
förfina	förfinen	13
förfina	förfinat	1
förfina	förfint	5
förfina	fina	3
förfina	förfinar	11
förfina	förfiner	9
upphäva	upphävet	0
upphäva	upphävas	10
upphäva	upphävande	4
upphäva	upphäver	9
upphäva	upphävar	11
upphäva	upphäve	6
upphäva	häva	3
upphäva	upphäves	1
upphäva	upphäver	2
upphäva	upphäva	14
upphäva	upphävte	7
upphäva	upphävad	8
upphäva	upphäv	12
upphäva	upphäven	13
upphäva	upphävt	5
donera	doner	2
donera	nera	3
donera	donera	14
donera	doneret	0
donera	donerad	8
donera	donerades	9
donera	doneren	13
donera	donere	6
donera	doner	12
donera	donert	5
donera	donerat	1
donera	donerade	7
donera	donerar	11
donera	donerande	4
donera	doneras	10
framföra	framföres	1
framföra	framföre	6
framföra	framföras	10
framföra	framförer	9
framföra	framförande	4
framföra	mföra	3
framföra	framfören	13
framföra	framföret	0
framföra	framförer	2
framföra	framförte	7
framföra	framförad	8
framföra	framför	12
framföra	framföra	14
framföra	framfört	5
framföra	framförar	11
banda	bande	6
banda	banden	13
banda	bander	9
banda	band	12
banda	nda	3
banda	bandan	5
banda	bandar	11
banda	bandes	1
banda	bandas	10
banda	bandande	4
banda	bandade	7
banda	bandet	0
banda	banda	14
banda	bandad	8
banda	bander	2
befästa	fästen	0
befästa	befäste	6
befästa	befästas	10
befästa	fästa	3
befästa	befästar	11
befästa	befästad	8
befästa	befäst	12
befästa	befästa	14
befästa	befästan	5
befästa	befästade	7
befästa	befästen	13
befästa	fäster	2
befästa	befäster	9
befästa	fäst	4
befästa	befästes	1
krama	kramad	8
krama	kramades	9
krama	kramande	4
krama	kramades	2
krama	kramt	5
krama	kramade	7
krama	kram	12
krama	ama	3
krama	kramen	13
krama	kramat	1
krama	kramas	10
krama	kramet	0
krama	kramar	11
krama	kramaren	6
krama	krama	14
utbyta	utbyt	12
utbyta	utbyte	6
utbyta	utbyter	9
utbyta	utbytande	4
utbyta	utbytas	10
utbyta	utbytte	7
utbyta	utbytad	8
utbyta	byta	3
utbyta	utbyta	14
utbyta	utbytt	5
utbyta	utbytes	1
utbyta	utbyten	13
utbyta	utbytar	11
utbyta	utbytet	0
utbyta	utbyter	2
karaktärisera	karaktärs	2
karaktärisera	karaktärsad	8
karaktärisera	karaktärsades	9
karaktärisera	karaktärsas	10
karaktärisera	karaktärsa	14
karaktärisera	karaktärs	0
karaktärisera	karaktärst	5
karaktärisera	karaktärsade	7
karaktärisera	karaktärsar	11
karaktärisera	karaktärsande	4
karaktärisera	karaktärs	12
karaktärisera	karaktärse	6
karaktärisera	aktära	3
karaktärisera	karaktärsat	1
karaktärisera	karaktärsen	13
besöka	besöka	14
besöka	besökad	8
besöka	besökar	11
besöka	besökt	5
besöka	söka	3
besöka	söker	2
besöka	besökes	1
besöka	besöken	13
besöka	sök	4
besöka	söken	0
besöka	besöke	6
besöka	besöker	9
besöka	besökte	7
besöka	besökas	10
besöka	besök	12
underteckna	undertecknet	0
underteckna	undertecknde	4
underteckna	undertecknar	11
underteckna	underteckn	2
underteckna	underteckne	6
underteckna	derteckna	3
underteckna	undertecknad	8
underteckna	underteckna	14
underteckna	undertecknades	9
underteckna	underteckn	12
underteckna	underteckt	5
underteckna	undertecknade	7
underteckna	undertecknen	13
underteckna	undertecknat	1
underteckna	undertecknas	10
tillbedja	tillbedjar	11
tillbedja	tillbedjen	13
tillbedja	tillbedjer	9
tillbedja	tillbedjas	10
tillbedja	lbedja	3
tillbedja	tillbedjer	2
tillbedja	tillbedjt	5
tillbedja	tillbedjade	7
tillbedja	tillbedj	12
tillbedja	tillbedjande	4
tillbedja	tillbedjes	1
tillbedja	tillbedjet	0
tillbedja	tillbedjad	8
tillbedja	tillbedja	14
tillbedja	tillbedje	6
tina	na	3
tina	tinen	13
tina	tinet	0
tina	tinad	8
tina	tinat	1
tina	tiner	9
tina	tinar	11
tina	tin	12
tina	tina	14
tina	tiner	2
tina	tinande	4
tina	tinade	7
tina	tinas	10
tina	tine	6
tina	tinan	5
fullborda	fullbordad	8
fullborda	fullbordande	4
fullborda	fullbordet	0
fullborda	fullborder	2
fullborda	fullbordar	11
fullborda	lborda	3
fullborda	fullborda	14
fullborda	fullbordan	5
fullborda	fullbordades	9
fullborda	fullbordade	7
fullborda	fullborden	13
fullborda	fullbord	12
fullborda	fullborde	6
fullborda	fullbordat	1
fullborda	fullbordas	10
agna	na	3
agna	agnet	0
agna	agnas	10
agna	agn	12
agna	agnt	5
agna	agnad	8
agna	agnades	9
agna	agnat	1
agna	agnar	11
agna	agner	2
agna	agnande	4
agna	agna	14
agna	agne	6
agna	agnade	7
agna	agnen	13
vässa	sa	3
vässa	vässa	14
vässa	vässe	6
vässa	vässas	10
vässa	vässad	8
vässa	vässer	9
vässa	vässen	13
vässa	vässt	5
vässa	vässer	2
vässa	vässar	11
vässa	vässte	7
vässa	vässes	1
vässa	vässande	4
vässa	vässet	0
vässa	väss	12
titulera	titulere	6
titulera	titulerade	7
titulera	tulera	3
titulera	titulert	5
titulera	tituleras	10
titulera	tituler	12
titulera	titulerande	4
titulera	titulerar	11
titulera	titulerad	8
titulera	tituleret	0
titulera	titulerades	9
titulera	tituleren	13
titulera	titulerer	2
titulera	titulera	14
titulera	titulerat	1
anställa	anställ	12
anställa	anställes	1
anställa	anställe	6
anställa	anställas	10
anställa	anställar	11
anställa	anställer	2
anställa	anställt	5
anställa	ställa	3
anställa	anställer	9
anställa	anstället	0
anställa	anställande	4
anställa	anställad	8
anställa	anställen	13
anställa	anställa	14
anställa	anställade	7
dubblera	dubbleret	0
dubblera	blera	3
dubblera	dubblerad	8
dubblera	dubblert	5
dubblera	dublerer	2
dubblera	dubblerar	11
dubblera	dubbleren	13
dubblera	dubbleras	10
dubblera	dubblerat	1
dubblera	dubblere	6
dubblera	dubblerade	7
dubblera	dubbler	12
dubblera	dubblerande	4
dubblera	dubblera	14
dubblera	dubblerades	9
betrakta	betrakt	12
betrakta	betrakten	13
betrakta	betraktades	9
betrakta	betraktan	5
betrakta	betrakta	14
betrakta	trakta	3
betrakta	betraktas	10
betrakta	trakt	4
betrakta	betraktat	1
betrakta	trakten	0
betrakta	betrakte	6
betrakta	betraktad	8
betrakta	trakter	2
betrakta	betraktar	11
betrakta	betraktade	7
bifoga	bifogen	13
bifoga	foger	2
bifoga	bifogt	5
bifoga	bifog	12
bifoga	bifogade	7
bifoga	bifogades	9
bifoga	bifogad	8
bifoga	bifogande	4
bifoga	bifogat	1
bifoga	foga	3
bifoga	bifoget	0
bifoga	bifogas	10
bifoga	bifogar	11
bifoga	bifoga	14
bifoga	bifoge	6
fördela	dela	3
fördela	fördela	14
fördela	fördele	6
fördela	fördelat	1
fördela	fördel	12
fördela	fördelet	0
fördela	fördelas	10
fördela	fördelen	13
fördela	fördelar	11
fördela	fördelade	7
fördela	fördelande	4
fördela	fördelan	5
fördela	deler	2
fördela	fördelad	8
fördela	fördelades	9
boka	boken	13
boka	bokad	8
boka	ker	2
boka	bokades	9
boka	boka	14
boka	bok	12
boka	bokar	11
boka	boket	0
boka	bokt	5
boka	bokas	10
boka	bokande	4
boka	ka	3
boka	boke	6
boka	bokat	1
boka	bokade	7
mena	na	3
mena	menar	11
mena	men	12
mena	menen	13
mena	mene	6
mena	menad	8
mena	menat	1
mena	mena	14
mena	menas	10
mena	menet	0
mena	ment	5
mena	mener	2
mena	menande	4
mena	menades	9
mena	menade	7
diskretisera	diskretise	6
diskretisera	diskretisande	4
diskretisera	skretisa	3
diskretisera	diskretisas	10
diskretisera	diskretisad	8
diskretisera	diskretiser	9
diskretisera	diskretist	5
diskretisera	diskretisen	13
diskretisera	diskretisa	14
diskretisera	diskretiser	2
diskretisera	diskretises	1
diskretisera	diskretis	12
diskretisera	diskretisade	7
diskretisera	diskretisar	11
diskretisera	diskretiset	0
jämföra	jämförande	4
jämföra	jämförad	8
jämföra	jämför	12
jämföra	jämföres	1
jämföra	jämföre	6
jämföra	jämfören	13
jämföra	jämföra	14
jämföra	föra	3
jämföra	jämföret	0
jämföra	jämförer	2
jämföra	jämfört	5
jämföra	jämförar	11
jämföra	jämförte	7
jämföra	jämförer	9
jämföra	jämföras	10
brotta	brott	12
brotta	brottet	0
brotta	brottad	8
brotta	otta	3
brotta	brottat	1
brotta	brotta	14
brotta	brottade	7
brotta	brottande	4
brotta	brottas	10
brotta	brottar	11
brotta	brotten	13
brotta	brotte	6
brotta	brottan	5
brotta	otter	2
brotta	brottades	9
mana	na	3
mana	manat	1
mana	mant	5
mana	maner	2
mana	man	12
mana	manar	11
mana	manade	7
mana	manande	4
mana	manades	9
mana	manen	13
mana	manet	0
mana	mane	6
mana	manas	10
mana	mana	14
mana	manad	8
bordlägga	bordläggt	5
bordlägga	bordläggande	4
bordlägga	bordlägge	6
bordlägga	bordläggad	8
bordlägga	bordläggen	13
bordlägga	bordlägger	9
bordlägga	bordlägges	1
bordlägga	bordlägga	14
bordlägga	bordlägg	12
bordlägga	dläga	3
bordlägga	dläger	2
bordlägga	bordläggar	11
bordlägga	bordläggas	10
bordlägga	bordläggade	7
bordlägga	bordlägget	0
behandla	behandlar	11
behandla	behandlat	1
behandla	behandlen	13
behandla	behandl	12
behandla	behandlade	7
behandla	behandlades	9
behandla	behandla	14
behandla	behandlan	5
behandla	handl	4
behandla	behandlas	10
behandla	handlen	0
behandla	handla	3
behandla	behandle	6
behandla	handler	2
behandla	behandlad	8
förtycka	förtyckaren	6
förtycka	förtyckad	8
förtycka	förtycka	14
förtycka	förtycket	0
förtycka	tycker	2
förtycka	förtyckt	5
förtycka	förtycken	13
förtycka	förtyckande	4
förtycka	förtyckte	7
förtycka	förtycker	9
förtycka	tycka	3
förtycka	förtyckas	10
förtycka	förtyck	12
förtycka	förtyckar	11
förtycka	förtyckes	1
överväga	övervägen	13
överväga	överväger	9
överväga	rväga	3
överväga	överväger	2
överväga	övervägte	7
överväga	övervägande	4
överväga	övervägas	10
överväga	överväges	1
överväga	överväge	6
överväga	överväg	12
överväga	övervägar	11
överväga	övervägad	8
överväga	överväget	0
överväga	övervägt	5
överväga	överväga	14
jorda	jorder	2
jorda	da	3
jorda	jordet	0
jorda	jordan	5
jorda	jordas	10
jorda	jordes	1
jorda	jord	12
jorda	jordar	11
jorda	jordande	4
jorda	jorda	14
jorda	jordade	7
jorda	jorde	6
jorda	jorder	9
jorda	jorden	13
jorda	jordad	8
upplysa	upplysande	4
upplysa	upplyst	5
upplysa	upplyset	0
upplysa	upplyse	6
upplysa	upplysen	13
upplysa	upplyser	2
upplysa	upplysas	10
upplysa	upplys	12
upplysa	upplysar	11
upplysa	upplysa	14
upplysa	upplyser	9
upplysa	upplyses	1
upplysa	upplysad	8
upplysa	lysa	3
upplysa	upplyste	7
variera	variera	14
variera	varieret	0
variera	varier	12
variera	varierande	4
variera	varierades	9
variera	iera	3
variera	varierad	8
variera	varieren	13
variera	varier	2
variera	varieraren	6
variera	varieran	5
variera	varierat	1
variera	varierade	7
variera	varieras	10
variera	varierar	11
stråla	strålande	4
stråla	strålar	11
stråla	strålas	10
stråla	strålat	1
stråla	strålades	9
stråla	stråler	2
stråla	strålan	5
stråla	strålade	7
stråla	strålad	8
stråla	strål	12
stråla	strålen	13
stråla	åla	3
stråla	strålet	0
stråla	stråle	6
stråla	stråla	14
åskåda	åskådades	9
åskåda	åskådan	5
åskåda	åskådaren	6
åskåda	åskåder	2
åskåda	åskådet	0
åskåda	åskådande	4
åskåda	åskåden	13
åskåda	åskådar	11
åskåda	kåda	3
åskåda	åskåda	14
åskåda	åskådas	10
åskåda	åskådad	8
åskåda	åskådat	1
åskåda	åskådade	7
åskåda	åskåd	12
ursäkta	säkta	3
ursäkta	ursäkter	9
ursäkta	ursäkta	14
ursäkta	ursäkte	6
ursäkta	ursäktade	7
ursäkta	ursäkt	12
ursäkta	ursäktan	5
ursäkta	ursäktas	10
ursäkta	ursäktande	4
ursäkta	ursäktar	11
ursäkta	ursäkter	2
ursäkta	ursäktet	0
ursäkta	ursäktad	8
ursäkta	ursäktes	1
ursäkta	ursäkten	13
abonnera	abonneras	10
abonnera	abonner	12
abonnera	onera	3
abonnera	abonnerade	7
abonnera	abonneren	13
abonnera	abonnerat	1
abonnera	annnerande	4
abonnera	abonnerar	11
abonnera	anner	2
abonnera	annen	0
abonnera	abonnere	6
abonnera	abonnerades	9
abonnera	abonneran	5
abonnera	abonnera	14
abonnera	abonnerad	8
passa	sa	3
passa	passar	11
passa	passa	14
passa	passt	5
passa	passes	1
passa	passen	13
passa	passad	8
passa	passet	0
passa	passade	7
passa	passer	2
passa	passer	9
passa	passande	4
passa	pass	12
passa	passas	10
passa	passaren	6
dekretera	kretera	3
dekretera	dekreterad	8
dekretera	dekreterade	7
dekretera	dekreterat	1
dekretera	dekreteret	0
dekretera	dekretere	6
dekretera	dekreterades	9
dekretera	dekreteras	10
dekretera	dekreter	12
dekretera	dekreterer	2
dekretera	dekreterande	4
dekretera	dekretera	14
dekretera	dekreteren	13
dekretera	dekreterar	11
dekretera	dekretert	5
förebygga	förebygger	2
förebygga	förebygga	14
förebygga	förebyggade	7
förebygga	förebyggande	4
förebygga	förebygget	0
förebygga	förebygg	12
förebygga	ebygga	3
förebygga	förebyggad	8
förebygga	förebyggen	13
förebygga	förebyggt	5
förebygga	förebyggar	11
förebygga	förebyggaren	6
förebygga	förebygges	1
förebygga	förebygger	9
förebygga	förebyggas	10
förmoda	moda	3
förmoda	förmodan	5
förmoda	förmoda	14
förmoda	förmodet	0
förmoda	förmodades	9
förmoda	förmode	6
förmoda	förmodade	7
förmoda	moder	2
förmoda	förmod	12
förmoda	förmodas	10
förmoda	förmodar	11
förmoda	förmodat	1
förmoda	förmodad	8
förmoda	förmoden	13
förmoda	förmodande	4
erkänna	erkännar	11
erkänna	erkänne	6
erkänna	erkännet	0
erkänna	erkänner	9
erkänna	erkännad	8
erkänna	erkännes	1
erkänna	erkännade	7
erkänna	erkännas	10
erkänna	erkänna	14
erkänna	känner	2
erkänna	erkännt	5
erkänna	erkännen	13
erkänna	känna	3
erkänna	erkännande	4
erkänna	erkänn	12
fräsa	sa	3
fräsa	fräsad	8
fräsa	fräser	2
fräsa	fräses	1
fräsa	fräsande	4
fräsa	fräsen	13
fräsa	fräset	0
fräsa	fräser	9
fräsa	fräsa	14
fräsa	fräse	6
fräsa	fräsar	11
fräsa	fräste	7
fräsa	fräsas	10
fräsa	fräs	12
fräsa	fräst	5
ändra	ändra	14
ändra	ändre	6
ändra	ändrad	8
ändra	ändrade	7
ändra	ändrer	2
ändra	ändrande	4
ändra	ändret	0
ändra	ändr	12
ändra	ändren	13
ändra	ändrer	9
ändra	ändrat	1
ändra	dra	3
ändra	ändrar	11
ändra	ändran	5
ändra	ändras	10
betona	tona	3
betona	beton	12
betona	ton	4
betona	betonar	11
betona	betonas	10
betona	betonades	9
betona	betonen	13
betona	betona	14
betona	betonade	7
betona	betonat	1
betona	betont	5
betona	betonad	8
betona	tonen	0
betona	betone	6
betona	toner	2
försöka	försökt	5
försöka	försöke	6
försöka	försökes	1
försöka	försökande	4
försöka	söka	3
försöka	försöka	14
försöka	försök	12
försöka	försökas	10
försöka	söker	2
försöka	försökar	11
försöka	försökad	8
försöka	försöket	0
försöka	försöken	13
försöka	försöker	9
försöka	försökte	7
turnera	turnerat	1
turnera	nera	3
turnera	turnera	14
turnera	turnert	5
turnera	turner	12
turnera	turnerande	4
turnera	turnere	6
turnera	turneras	10
turnera	turnerad	8
turnera	turnerades	9
turnera	turner	2
turnera	turnerar	11
turnera	turneret	0
turnera	turnerade	7
turnera	turneren	13
