ekarri	ekarri	26
ekarri	eramaiten	15
ekarri	eramanen	28
ekarri	eramana	25
ekarri	eramali	20
ekarri	erabilteco	1
ekarri	eguinenean	11
ekarri	eramanili	27
ekarri	eramaiten	22
ekarri	eramaitera	29
ekarri	eramanen	3
ekarri	eramanic	17
ekarri	eramanic	16
ekarri	erabili	14
ekarri	eramari	9
ekarri	erabila	23
ekarri	eraman-ere	6
ekarri	eramaiten	7
ekarri	erabili	19
ekarri	daramala	8
ekarri	ezpadadi	13
ekarri	ikus	0
ekarri	eramanic	5
ekarri	eramanic	21
ekarri	ebili	2
ekarri	eramaitec	18
ekarri	baitadi	12
ekarri	berama	10
ekarri	eramaitera	4
ekarri	eramanen	24
eduki	dadila	8
eduki	ikusquerac	17
eduki	dadican	16
eduki	ikus	12
eduki	ikus	19
eduki	ikustera	4
eduki	ikus	18
eduki	ikus	26
eduki	adus	27
eduki	ikus	20
eduki	baduc	21
eduki	ikusten	24
eduki	ikusten	5
eduki	edari	9
eduki	vrrun	2
eduki	ikustere	6
eduki	ezpadadi	13
eduki	ikustela	23
eduki	ikusteco	1
eduki	ikus	14
eduki	ikusten	7
eduki	ikus	0
eduki	ikusten	28
eduki	ikusten	3
eduki	ikusten	25
eduki	mendia	15
eduki	bedu	10
eduki	ikusteno	22
eduki	badadi	11
eduki	ikusa	29
erabili	erabil	0
erabili	erabili	5
erabili	erabilten	24
erabili	erabili	26
erabili	erabili	7
erabili	erabili	21
erabili	erabil	12
erabili	erabili	17
erabili	erabilteco	1
erabili	erabilten	3
erabili	erabili	23
erabili	erabilten	16
erabili	erabilteco	22
erabili	darabila	8
erabili	erabili	10
erabili	erabili	4
erabili	erabili	20
erabili	erabili	9
erabili	erabili	28
erabili	erabil	11
erabili	erabili	14
erabili	erabili	18
erabili	erabili	15
erabili	erabili	19
erabili	ezpadabi	13
erabili	erabili	27
erabili	ebili	2
erabili	erabili	6
erabili	erabili	25
erabili	erabili	29
entzun	eçagutua	6
entzun	ezpadagu	13
entzun	eçagutua	12
entzun	eçagutua	11
entzun	eçagutua	2
entzun	eçagutua	25
entzun	eçagutua	1
entzun	ezten	16
entzun	eçagutua	18
entzun	eçagutua	27
entzun	ezquerrac	17
entzun	eçagutua	28
entzun	eçagutua	15
entzun	eçagutua	19
entzun	eçagutua	10
entzun	alduz	8
entzun	eçagutua	4
entzun	eçagutua	24
entzun	eçagutua	14
entzun	eçagutua	23
entzun	eçagutua	9
entzun	eçagutua	20
entzun	eçagutua	21
entzun	eçagutua	26
entzun	eçagutua	22
entzun	eçagutua	29
entzun	eçagutua	7
entzun	eçagutua	0
entzun	eçagutua	5
entzun	eçagutua	3
eraman	ezpadara	13
eraman	eramanerac	17
eraman	eramani	14
eraman	eramanen	16
eraman	eramana	25
eraman	eramara	29
eraman	eraman	26
eraman	eramalteco	1
eraman	eramaiten	22
eraman	eramanen	3
eraman	eraman	19
eraman	eramanean	28
eraman	eraman	9
eraman	eramala	20
eraman	eraman-ere	6
eraman	eramaiten	7
eraman	eramanean	11
eraman	daramala	8
eraman	eramanic	5
eraman	eramala	23
eraman	eraman	12
eraman	eramança	0
eraman	eman	2
eraman	eramaitera	18
eraman	eramanic	21
eraman	arama	27
eraman	berama	10
eraman	eramaitera	4
eraman	eramana	15
eraman	eramanen	24
egin	dagocan	16
egin	gora	29
egin	egoiten	22
egin	guineça	23
egin	egonen	3
egin	ezpadago	13
egin	egoiterac	17
egin	egau	19
egin	egonaren	24
egin	bego	10
egin	gor	2
egin	egon-ere	6
egin	egoitera	4
egin	bagoc	21
egin	egonin	5
egin	dagola	8
egin	egari	9
egin	mengoa	15
egin	hango	1
egin	gori	14
egin	moysez	20
egin	igoac	18
egin	baitago	12
egin	auançago	0
egin	dagori	28
egin	hetan	26
egin	ago	27
egin	gona	25
egin	badago	11
egin	egoiten	7
egon	egon	26
egon	egoquerac	17
egon	dagocan	16
egon	gora	29
egon	egoiten	22
egon	egonen	3
egon	ezpadago	13
egon	egou	19
egon	egonaren	24
egon	bego	10
egon	dagorenean	28
egon	gor	2
egon	gorri	23
egon	egon-ere	6
egon	gorri	14
egon	egoitera	4
egon	bagoc	21
egon	dagola	8
egon	egari	9
egon	mengoa	15
egon	hango	1
egon	moysez	20
egon	igoac	18
egon	baitago	12
egon	auançago	0
egon	egonic	5
egon	goana	25
egon	ago	27
egon	badago	11
egon	egoiten	7
esan	esten	16
esan	esaitera	4
esan	esten	3
esan	besa	10
esan	steno	22
esan	sarri	14
esan	hansteco	1
esan	esau	19
esan	esten	7
esan	basac	21
esan	dasa	8
esan	esan-ere	6
esan	saaac	25
esan	badas	11
esan	baitas	12
esan	sara	29
esan	sar	2
esan	sar	5
esan	dasthorenean	28
esan	auanças	0
esan	moyses	20
esan	hesan	26
esan	saren	24
esan	isaac	18
esan	sau	23
esan	esari	9
esan	esquerrac	17
esan	asa	27
esan	mensa	15
esan	ezpadas	13
ezagutu	eçagutua	6
ezagutu	ezpadagu	13
ezagutu	eçagutua	12
ezagutu	eçagutua	11
ezagutu	eçagutua	2
ezagutu	eçagutua	25
ezagutu	eçagutua	1
ezagutu	eçagutua	18
ezagutu	eçagutua	27
ezagutu	eçagutua	28
ezagutu	eçagutua	15
ezagutu	eçagutua	19
ezagutu	eçagutua	10
ezagutu	eçagutua	4
ezagutu	eçagutua	24
ezagutu	eçagutua	14
ezagutu	eçagutua	23
ezagutu	eçagutua	17
ezagutu	eçagutua	9
ezagutu	eçagutua	20
ezagutu	eçagutua	16
ezagutu	eçagutua	8
ezagutu	eçagutua	26
ezagutu	eçagutua	22
ezagutu	eçagutu	7
ezagutu	eçagutua	29
ezagutu	eçagutua	21
ezagutu	eçagutua	0
ezagutu	eçagutua	5
ezagutu	eçagutua	3
ukan	ikusquerac	17
ukan	ikus	12
ukan	ikusten	15
ukan	ikusac	18
ukan	ikustera	4
ukan	esaru	9
ukan	ikusten	16
ukan	ikusten	11
ukan	ikustela	8
ukan	bekus	10
ukan	ikus	26
ukan	baduc	21
ukan	ikusten	24
ukan	akusa	27
ukan	ikusten	5
ukan	vrrun	2
ukan	ikustere	6
ukan	ikustela	23
ukan	moysez	20
ukan	ikusteco	1
ukan	ikus	14
ukan	ikusten	7
ukan	ikus	0
ukan	ikus	13
ukan	ekus	19
ukan	ikusten	22
ukan	ikusten	28
ukan	ikusten	3
ukan	ikusten	25
ukan	ikusa	29
erakutsi	esari	9
erakutsi	esau	11
erakutsi	erabil	0
erakutsi	erabikus	12
erakutsi	esten	16
erakutsi	eramaiten	15
erakutsi	erabilten	24
erakutsi	erabili	26
erakutsi	erabil	20
erakutsi	estera	4
erakutsi	erabil	10
erakutsi	erabilteco	1
erakutsi	erabil	13
erakutsi	esau	19
erakutsi	eramaiten	25
erakutsi	esautua	28
erakutsi	esten	7
erakutsi	eramanen	3
erakutsi	eramaiten	22
erakutsi	erabil	14
erakutsi	erabikusa	21
erakutsi	eramalteco	8
erakutsi	esari	2
erakutsi	eraman-ere	6
erakutsi	esaru	29
erakutsi	eramanic	5
erakutsi	erabikusa	18
erakutsi	erabil	27
erakutsi	esquerrac	17
erakutsi	erabilu	23
etorri	egoitera	21
etorri	erabil	0
etorri	eramango	28
etorri	eraman	16
etorri	erabilteco	1
etorri	ezpadago	13
etorri	eramaiten	25
etorri	eraman	26
etorri	eramaiten	22
etorri	eramaitera	29
etorri	erabitago	12
etorri	eramanen	3
etorri	erabili	10
etorri	egoitera	20
etorri	egabili	23
etorri	egari	11
etorri	erabili	14
etorri	egoa	15
etorri	eraman-ere	6
etorri	erabili	19
etorri	dagola	8
etorri	egoitera	17
etorri	egari	9
etorri	eramanic	5
etorri	eramaitera	18
etorri	ebili	2
etorri	erabi	27
etorri	eramaitera	4
etorri	egoiten	7
etorri	eramanen	24
atxiki	erabil	0
atxiki	erabil	25
atxiki	erabilten	24
atxiki	eramaiten	15
atxiki	erabili	26
atxiki	erabil	12
atxiki	ezten	16
atxiki	eçagui	11
atxiki	erabilteco	1
atxiki	erabil	5
atxiki	erabilten	3
atxiki	erabili	23
atxiki	erabil	18
atxiki	erabil	14
atxiki	eramaiten	22
atxiki	erabili	10
atxiki	erabil	17
atxiki	darila	8
atxiki	erabitera	4
atxiki	ez	20
atxiki	erabiten	7
atxiki	eraman-ere	6
atxiki	erabili	19
atxiki	eçari	9
atxiki	ezpadadi	13
atxiki	erabilteco	28
atxiki	ebili	2
atxiki	ebili	21
atxiki	erabil	27
atxiki	erabili	29
ikusi	ikusquerac	17
ikusi	dastela	8
ikusi	ikus	12
ikusi	ikusten	15
ikusi	ikus	19
ikusi	ikustera	4
ikusi	ikus	18
ikusi	ikusten	16
ikusi	ikus	26
ikusi	ikus	9
ikusi	ikustec	21
ikusi	ikusten	24
ikusi	ikusten	5
ikusi	ikusten	7
ikusi	ikustere	6
ikusi	ikustela	23
ikusi	ikus	0
ikusi	ikusteco	1
ikusi	ikus	14
ikusi	ikusten	28
ikusi	ikus	2
ikusi	ikus	13
ikusi	ikusten	22
ikusi	ikus	10
ikusi	ikusten	3
ikusi	ikusteco	11
ikusi	ikusteco	20
ikusi	ikusten	25
ikusi	ikus	27
ikusi	ikusa	29
eutsi	esau	11
eutsi	esari	14
eutsi	esten	16
eutsi	esau	6
eutsi	esaru	2
eutsi	esaru	10
eutsi	esten	28
eutsi	esteco	1
eutsi	esten	3
eutsi	esteno	22
eutsi	esarutua	25
eutsi	esaru	24
eutsi	esaa	15
eutsi	estera	4
eutsi	esa	27
eutsi	esau	19
eutsi	esten	7
eutsi	dasa	8
eutsi	esten	5
eutsi	esauc	21
eutsi	esari	29
eutsi	esaac	18
eutsi	esau	0
eutsi	esau	23
eutsi	esari	26
eutsi	esau	20
eutsi	esau	13
eutsi	esaru	12
eutsi	esari	9
eutsi	esquerrac	17
ibili	erabil	0
ibili	erabilten	24
ibili	erabili	26
ibili	bali	21
ibili	ebili	19
ibili	ebili	15
ibili	erabilteco	1
ibili	bebili	10
ibili	ebili	14
ibili	ebili	25
ibili	ebilten	3
ibili	ebili	22
ibili	ebili	23
ibili	bili	20
ibili	dabilten	16
ibili	ezpadabi	13
ibili	ebili	9
ibili	dabila	8
ibili	ili	18
ibili	ebili	28
ibili	ebili	2
ibili	ebili	4
ibili	erabili	6
ibili	baitadi	12
ibili	ebili	5
ibili	abili	27
ibili	ebili	7
ibili	ebili	17
ibili	erabili	29
ibili	badabil	11
edun	iduac	18
edun	duçuela	23
edun	duc	4
edun	dun	5
edun	dadula	8
edun	adu	27
edun	educ	17
edun	badadu	11
edun	duçuençát	7
edun	ezpadadu	13
edun	duanaren	24
edun	edaru	9
edun	duteno	22
edun	duana	25
edun	baduc	21
edun	vrrun	14
edun	edun-ere	6
edun	handu	1
edun	mendua	15
edun	vrrun	2
edun	daducan	16
edun	dura	29
edun	moysez	20
edun	baitadu	12
edun	dunen	3
edun	auançadu	0
edun	hetan	26
edun	bedu	10
edun	daducan	28
edun	edu	19
izan	ezpadan	13
izan	içana	18
izan	içan	7
izan	zara	29
izan	içan	4
izan	aldiz	8
izan	içanaren	24
izan	içan	5
izan	guinenean	11
izan	vrrin	2
izan	içan	3
izan	baitan	12
izan	ezten	16
izan	ezauin	19
izan	bez	10
izan	ezquerrac	17
izan	içana	25
izan	guineçan	23
izan	baldic	21
izan	citzan	27
izan	vriz	14
izan	iteno	22
izan	auançan	0
izan	dathorrinean	28
izan	hitan	26
izan	moysez	20
izan	aldian	1
izan	ezari	9
izan	mendia	15
izan	ezan-ere	6
ezan	ezpadan	13
ezan	içana	18
ezan	aldez	22
ezan	cetzan	27
ezan	zan	5
ezan	zara	29
ezan	aldean	1
ezan	aldean	25
ezan	vrrin	2
ezan	baitan	12
ezan	ezten	16
ezan	baldec	21
ezan	ezten	3
ezan	bez	10
ezan	ezquerrac	17
ezan	aldez	8
ezan	aldean	24
ezan	dathorrenean	28
ezan	vrez	14
ezan	auançan	0
ezan	eçan	7
ezan	moysez	20
ezan	zara	4
ezan	ezari	9
ezan	hetan	26
ezan	mendea	15
ezan	guenenean	11
ezan	ezan-ere	6
ezan	ezau	19
ezan	gueneçan	23
edin	dadila	8
edin	diteno	22
edin	badic	21
edin	bedi	10
edin	dadican	16
edin	auançadi	0
edin	vrrin	2
edin	dic	4
edin	vrri	14
edin	diana	25
edin	dira	29
edin	handi	1
edin	dianaren	24
edin	ediu	19
edin	dathorrenean	28
edin	adi	27
edin	edari	9
edin	diçuela	23
edin	ezpadadi	13
edin	moysez	20
edin	ediquerac	17
edin	diçuençát	7
edin	dinen	3
edin	baitadi	12
edin	din	5
edin	idiac	18
edin	mendia	15
edin	hetan	26
edin	din-ere	6
edin	badadi	11
