пращам	разпраща	2
пращам	попращам	5
пращам	пращат	31
пращам	отпращам	8
пращам	пращате	13
пращам	попращат	27
пращам	пращах	6
пращам	изпращам	24
пращам	напращам	17
пращам	пращаме	33
пращам	пращането	23
пращам	опращам	9
пращам	пращани	18
пращам	пращайки	19
пращам	попраща	3
пращам	пращам	34
пращам	опращат	12
пращам	пращах	4
пращам	пращал	15
пращам	напращат	10
пращам	пращахте	16
пращам	пращаше	28
пращам	пращаха	25
пращам	пращали	29
пращам	пращане	30
пращам	попращаха	11
пращам	пращай	32
пращам	разпращам	20
пращам	праща	21
пращам	праща	7
пращам	пращане	22
пращам	изпраща	1
пращам	пращайте	26
пращам	отпраща	0
пращам	пращаш	14
узаконявам	поузаконявам	5
узаконявам	оузаконявам	9
узаконявам	поузакяват	27
узаконявам	узаконя	0
узаконявам	наумоняват	10
узаконявам	узаконявах	6
узаконявам	узаконявани	18
узаконявам	наузоконявам	17
узаконявам	узаконявам	8
узаконявам	узаконявахте	16
узаконявам	узаконявал	15
узаконявам	узаконявайки	19
узаконявам	разуконявам	20
узаконявам	узаконя	1
узаконявам	узаконява	7
узаконявам	узаконява	21
узаконявам	узаконяваше	28
узаконявам	узаконявате	13
узаконявам	узаконявах	4
узаконявам	изуконявам	24
узаконявам	узаконяваха	25
узаконявам	узаконявайте	26
узаконявам	оузаконяват	12
узаконявам	поузавя	11
узаконявам	узаконяваме	33
узаконявам	поузаконява	3
узаконявам	узаконяване	30
узаконявам	узаконяване	22
узаконявам	узаконявали	29
узаконявам	разуконява	2
узаконявам	узаконявам	34
узаконявам	узаконяваш	14
узаконявам	узаконяват	31
узаконявам	узаконявай	32
узаконявам	узаконяването	23
простирам	попростират	27
простирам	простира	1
простирам	простираш	14
простирам	простирах	6
простирам	изпростирам	24
простирам	простиране	30
простирам	напростират	10
простирам	простират	31
простирам	попростирам	5
простирам	простирайки	19
простирам	простиране	22
простирам	простирахте	16
простирам	простирали	29
простирам	простирайте	26
простирам	простирането	23
простирам	простирам	34
простирам	простира	0
простирам	попростира	3
простирам	простираха	25
простирам	опростирам	9
простирам	попростираха	11
простирам	разпростирам	20
простирам	простирай	32
простирам	простира	21
простирам	простира	7
простирам	напростирам	17
простирам	опростират	12
простирам	простирал	15
простирам	простирах	4
простирам	отпростирам	8
простирам	простирате	13
простирам	простираше	28
простирам	простирани	18
простирам	простираме	33
простирам	разпростира	2
напичам	напичах	6
напичам	напичат	10
напичам	изнапичам	24
напичам	отнапича	0
напичам	онапичам	9
напичам	напичат	31
напичам	напичането	23
напичам	напичате	13
напичам	онапичат	12
напичам	напичай	32
напичам	изнапича	1
напичам	понапича	3
напичам	отнапичам	8
напичам	напичани	18
напичам	напичали	29
напичам	напичах	4
напичам	разнапича	2
напичам	напичахте	16
напичам	понапичат	27
напичам	понапичаха	11
напичам	напичане	30
напичам	наничам	17
напичам	напичаше	28
напичам	напичане	22
напичам	напичайте	26
напичам	разнапичам	20
напичам	напичаме	33
напичам	напичайки	19
напичам	напича	7
напичам	напича	21
напичам	напичам	34
напичам	напичал	15
напичам	напичаш	14
напичам	понапичам	5
напичам	напичаха	25
съветвам	съветвахте	16
съветвам	съветваше	28
съветвам	насъветвам	17
съветвам	осъветват	12
съветвам	осъветвам	9
съветвам	съветваш	14
съветвам	съветвах	6
съветвам	съветването	23
съветвам	съветване	30
съветвам	насъветват	10
съветвам	съветване	22
съветвам	съветва	21
съветвам	съветва	7
съветвам	съветвайте	26
съветвам	изсъветвам	24
съветвам	съветвайки	19
съветвам	съвети	1
съветвам	съветваме	33
съветвам	отсъветвам	8
съветвам	разсъветва	2
съветвам	посъветва	3
съветвам	съветвате	13
съветвам	съветвах	4
съветвам	съветват	31
съветвам	посъветвам	5
съветвам	съвет	0
съветвам	разсъветвам	20
съветвам	посъветваха	11
съветвам	съветвани	18
съветвам	съветвали	29
съветвам	посъветват	27
съветвам	съветваха	25
съветвам	съветвал	15
съветвам	съветвам	34
съветвам	съветвай	32
мечтая	помета	5
мечтая	мечатеше	28
мечтая	металили	29
мечтая	помечат	27
мечтая	омета	9
мечтая	метайки	19
мечтая	наметат	10
мечтая	отмета	8
мечтая	помечаете	3
мечтая	метай	32
мечтая	отмеча	0
мечтая	мета	7
мечтая	металил	15
мечтая	намета	17
мечтая	мета	21
мечтая	размеча	20
мечтая	метаха	4
мечтая	мечатите	14
мечтая	метането	23
мечтая	мечатене	30
мечтая	мета	34
мечтая	мечатете	26
мечтая	метатим	13
мечтая	пометаиха	11
мечтая	омечат	12
мечтая	метани	18
мечтая	мечатех	6
мечтая	мечатиш	16
мечтая	измета	2
мечтая	измета	24
мечтая	метаме	33
мечтая	мечатене	22
мечтая	помета	1
мечтая	мечатят	31
мечтая	мечатеха	25
чакам	начакат	10
чакам	чакал	15
чакам	отчака	0
чакам	чакайки	19
чакам	чакаш	14
чакам	разчакам	20
чакам	чака	21
чакам	чакат	31
чакам	чака	7
чакам	чакали	29
чакам	очакат	12
чакам	чакани	18
чакам	разчака	2
чакам	почакат	27
чакам	чакане	30
чакам	чакаме	33
чакам	чаках	4
чакам	почакам	5
чакам	чакаше	28
чакам	чакам	34
чакам	чакането	23
чакам	чакате	13
чакам	начакам	17
чакам	чакайте	26
чакам	почака	3
чакам	чакаха	25
чакам	почакаха	11
чакам	чакахте	16
чакам	очакам	9
чакам	отчакам	8
чакам	чаках	6
чакам	изчакам	24
чакам	изчака	1
чакам	чакане	22
чакам	чакай	32
изплашвам	наизпишавам	17
изплашвам	изплашвали	29
изплашвам	изплашвах	4
изплашвам	изплашвате	13
изплашвам	изплашвайте	26
изплашвам	изплашва	21
изплашвам	изплашва	7
изплашвам	поишава	3
изплашвам	поизпаваха	11
изплашвам	оизплавам	9
изплашвам	разпишва	2
изплашвам	изплашвах	6
изплашвам	изплашвам	34
изплашвам	изплашвахте	16
изплашвам	изплашваха	25
изплашвам	изплашването	23
изплашвам	изплашвайки	19
изплашвам	разпишвам	20
изплашвам	изплашваш	14
изплашвам	изплаш	0
изплашвам	изплашване	22
изплашвам	изплашвани	18
изплашвам	изплашвам	24
изплашвам	изплашваше	28
изплашвам	изплаши	1
изплашвам	изплашвал	15
изплашвам	изплашвай	32
изплашвам	изпишавам	8
изплашвам	поизпават	27
изплашвам	наплашват	10
изплашвам	изплашване	30
изплашвам	поишавам	5
изплашвам	изплашват	31
изплашвам	оизплават	12
изплашвам	изплашваме	33
чета	четех	6
чета	четани	18
чета	чете	5
чета	четат	31
чета	четете	14
чета	четеше	28
чета	четете	8
чета	почетат	27
чета	изчета	24
чета	четайки	19
чета	чете	1
чета	четай	32
чета	четаш	16
чета	чета	7
чета	очетат	12
чета	разчета	20
чета	чета	21
чета	изчета	2
чета	четайте	26
чета	очета	9
чета	чета	34
чета	четене	22
чета	четене	30
чета	четал	15
чета	четате	13
чета	начетат	10
чета	четеше	4
чета	четали	29
чета	изчетат	17
чета	четаха	25
чета	четането	23
чета	четаме	33
чета	почетаха	11
чета	почете	3
чета	отчете	0
крада	крадеше	4
крада	изкрадат	17
крада	крадене	30
крада	крадайки	19
крада	покрадаха	11
крада	крадай	32
крада	крадаш	16
крада	крада	21
крада	крадаме	33
крада	крадете	8
крада	окрада	9
крада	крадате	14
крада	крада	34
крада	покрадат	27
крада	крадаха	25
крада	крадал	15
крада	крадане	22
крада	крадани	18
крада	окрадат	12
крада	открада	0
крада	крадали	29
крада	крадат	31
крада	краде	5
крада	крадате	13
крада	изкрада	1
крада	разкрада	20
крада	крадеше	28
крада	крад	7
крада	крадах	6
крада	покрада	3
крада	изкрада	2
крада	изкрада	24
крада	крадете	26
крада	накрадат	10
крада	крадането	23
говоря	говорех	6
говоря	говорим	13
говоря	говорите	14
говоря	говорете	26
говоря	говорили	29
говоря	поговорят	27
говоря	говори	21
говоря	отговоря	8
говоря	отговор	0
говоря	оговоря	9
говоря	поговоря	5
говоря	изговорят	17
говоря	поговорете	3
говоря	изговоря	24
говоря	наговорят	10
говоря	говорил	15
говоря	говорини	18
говоря	разговоря	20
говоря	изговори	2
говоря	говорий	32
говоря	говориш	16
говоря	говореше	28
говоря	говореха	25
говоря	говорят	31
говоря	говорето	23
говоря	говореме	33
говоря	говор	7
говоря	говоря	34
говоря	оговорят	12
говоря	поговори	1
говоря	говорейки	19
говоря	говориха	4
говоря	поговориха	11
говоря	говорене	30
говоря	говорене	22
запирам	запиране	30
запирам	запиране	22
запирам	разапирам	20
запирам	запирам	34
запирам	позапираха	11
запирам	запираме	33
запирам	запира	1
запирам	запирай	32
запирам	озапират	12
запирам	назапират	10
запирам	запирал	15
запирам	запирате	13
запирам	запира	0
запирам	позапирам	5
запирам	запирахте	16
запирам	запирали	29
запирам	позапира	3
запирам	запирайте	26
запирам	запирах	6
запирам	назапирам	17
запирам	позапират	27
запирам	запираше	28
запирам	запират	31
запирам	разапира	2
запирам	запираш	14
запирам	запира	7
запирам	запира	21
запирам	запирани	18
запирам	запирайки	19
запирам	изапирам	24
запирам	запирах	4
запирам	озапирам	9
запирам	отзапирам	8
запирам	запираха	25
запирам	запирането	23
питам	отпита	0
питам	напитам	17
питам	питане	22
питам	питайки	19
питам	пита	21
питам	пита	7
питам	питаха	25
питам	питал	15
питам	питаме	33
питам	питали	29
питам	изпитам	24
питам	питани	18
питам	питах	4
питам	изпита	1
питам	питахте	16
питам	питайте	26
питам	напитат	10
питам	питаш	14
питам	питай	32
питам	питам	34
питам	питат	31
питам	питаше	28
питам	попита	3
питам	питах	6
питам	разпитам	20
питам	опитам	9
питам	питането	23
питам	попитаха	11
питам	разпита	2
питам	питате	13
питам	попитам	5
питам	питане	30
питам	опитат	12
питам	попитат	27
питам	отпитам	8
осиновявам	осиновявайте	26
осиновявам	осиновяваше	28
осиновявам	осиновяването	23
осиновявам	осиновяване	30
осиновявам	осиновявах	4
осиновявам	разосинява	2
осиновявам	отсиновявам	8
осиновявам	осиновява	7
осиновявам	осиновява	21
осиновявам	посиняват	27
осиновявам	осиновявах	6
осиновявам	осиновявайки	19
осиновявам	осиновяваха	25
осиновявам	осиновявам	9
осиновявам	посинявам	5
осиновявам	осиновявате	13
осиновявам	осиновявани	18
осиновявам	насиняват	10
осиновявам	осиновявал	15
осиновявам	насинявам	17
осиновявам	разосинявам	20
осиновявам	осиновя	1
осиновявам	осиновявали	29
осиновявам	осиновяваме	33
осиновявам	осиновя	0
осиновявам	осиновявахте	16
осиновявам	посинява	3
осиновявам	посиняваха	11
осиновявам	изосинявам	24
осиновявам	осиновявам	34
осиновявам	осиновяват	12
осиновявам	осиновявай	32
осиновявам	осиновяване	22
осиновявам	осиновяват	31
осиновявам	осиновяваш	14
получавам	получавайки	19
получавам	получават	31
получавам	получаваше	28
получавам	получавайте	26
получавам	получавал	15
получавам	наполучават	10
получавам	ополучавам	9
получавам	разполучава	2
получавам	получа	0
получавам	получавани	18
получавам	наполучавам	17
получавам	разполучавам	20
получавам	изполучавам	24
получавам	пополучаваха	11
получавам	получавах	6
получавам	получаи	1
получавам	получавахте	16
получавам	получаване	30
получавам	получава	21
получавам	получава	7
получавам	пополучават	27
получавам	получавате	13
получавам	ополучават	12
получавам	пополучавам	5
получавам	отполучавам	8
получавам	получавам	34
получавам	получавах	4
получавам	получаването	23
получавам	получаваме	33
получавам	получаваш	14
получавам	пополучава	3
получавам	получавали	29
получавам	получаваха	25
получавам	получаване	22
получавам	получавай	32
доказвам	докази	1
доказвам	доказвате	13
доказвам	доказвах	6
доказвам	надоказвам	17
доказвам	одказвам	9
доказвам	доказвани	18
доказвам	доказвал	15
доказвам	доказвали	29
доказвам	доказване	30
доказвам	раздоказва	2
доказвам	доказваше	28
доказвам	раздоказвам	20
доказвам	доказвам	34
доказвам	доказвайки	19
доказвам	доказва	7
доказвам	доказвах	4
доказвам	отдоказвам	8
доказвам	доказвахте	16
доказвам	доказва	21
доказвам	подказвам	5
доказвам	доказване	22
доказвам	подказваха	11
доказвам	одказват	12
доказвам	доказвайте	26
доказвам	доказваш	14
доказвам	доказват	31
доказвам	подоказват	27
доказвам	доказваме	33
доказвам	подоказва	3
доказвам	надоказват	10
доказвам	издоказвам	24
доказвам	доказваха	25
доказвам	доказвай	32
доказвам	доказването	23
доказвам	доказ	0
наранявам	нараняване	22
наранявам	нараняваше	28
наранявам	наранявал	15
наранявам	нараня	0
наранявам	наранявах	6
наранявам	наранявали	29
наранявам	нараня	1
наранявам	отнаранявам	8
наранявам	наранявам	34
наранявам	разнанява	2
наранявам	наранявани	18
наранявам	понараняват	27
наранявам	нараняването	23
наранявам	понаранявам	5
наранявам	наранявахте	16
наранявам	наранявайте	26
наранявам	наранявах	4
наранявам	изнаранявам	24
наранявам	онаранявам	9
наранявам	понараняваха	11
наранявам	наранявайки	19
наранявам	разнанявам	20
наранявам	наранявай	32
наранявам	нараняваме	33
наранявам	наранявам	17
наранявам	нараняваха	25
наранявам	наранява	21
наранявам	наранява	7
наранявам	нараняват	10
наранявам	онараняват	12
наранявам	нараняваш	14
наранявам	нараняване	30
наранявам	нараняват	31
наранявам	понаранява	3
наранявам	наранявате	13
озаглавявам	озаглавят	31
озаглавявам	озаглавям	34
озаглавявам	озаглавял	15
озаглавявам	озагла	0
озаглавявам	озаглавяй	32
озаглавявам	позгаляваха	11
озаглавявам	озаглавя	7
озаглавявам	озаглавя	21
озаглавявам	озаглавях	4
озаглавявам	позаговям	5
озаглавявам	позгаляват	27
озаглавявам	озаглавяйки	19
озаглавявам	озаглавяйте	26
озаглавявам	озаглавяне	22
озаглавявам	озаглавяли	29
озаглавявам	изозгавям	24
озаглавявам	озаглавях	6
озаглавявам	озаглавят	12
озаглавявам	озаглавяш	14
озаглавявам	озаглавяни	18
озаглавявам	разозява	2
озаглавявам	наголавям	17
озаглавявам	разозявам	20
озаглавявам	отгалявам	8
озаглавявам	позгалява	3
озаглавявам	озаглавяне	30
озаглавявам	озаглавяме	33
озаглавявам	озаглавяхте	16
озаглавявам	нагаляват	10
озаглавявам	озаглавяше	28
озаглавявам	озаглаи	1
озаглавявам	озаглавям	9
озаглавявам	озаглавянето	23
озаглавявам	озаглавяха	25
озаглавявам	озаглавяте	13
пея	пеейки	19
пея	разпея	20
пея	пеим	13
пея	пеили	29
пея	напеят	10
пея	пееха	25
пея	пеят	31
пея	пеей	32
пея	попея	5
пея	пееме	33
пея	пеене	30
пея	изпеи	2
пея	пеини	18
пея	пе	7
пея	пеиха	4
пея	пеенето	23
пея	пеете	26
пея	отпе	0
пея	пееше	28
пея	пеене	22
пея	попеиха	11
пея	пея	34
пея	изпеят	17
пея	попеят	27
пея	пеил	15
пея	опея	9
пея	пеех	6
пея	опеят	12
пея	попете	3
пея	пеиш	16
пея	изпея	24
пея	пеи	21
пея	пеите	14
пея	попеи	1
пея	отпея	8
отхапвам	отхапване	22
отхапвам	отхапват	12
отхапвам	отхапвате	13
отхапвам	отхапвайте	26
отхапвам	отхапването	23
отхапвам	отхапване	30
отхапвам	отхапвани	18
отхапвам	отхапвали	29
отхапвам	отхапваме	33
отхапвам	нахапвам	17
отхапвам	отхапи	1
отхапвам	отхапа	0
отхапвам	отхапвал	15
отхапвам	отхапвах	4
отхапвам	отхапват	31
отхапвам	отхапваш	14
отхапвам	изотхапвам	24
отхапвам	потхапвам	5
отхапвам	разотавам	20
отхапвам	отхапвахте	16
отхапвам	отхапвай	32
отхапвам	отхапвайки	19
отхапвам	отхапваха	25
отхапвам	отхапва	7
отхапвам	потхапва	3
отхапвам	отхапва	21
отхапвам	отхапвам	9
отхапвам	отхапвах	6
отхапвам	потхапват	27
отхапвам	отхапваше	28
отхапвам	потхапваха	11
отхапвам	отхапвам	34
отхапвам	отхапвам	8
отхапвам	нахопват	10
отхапвам	разотава	2
мразя	мразят	31
мразя	отмразя	8
мразя	мразей	32
мразя	помразят	27
мразя	мразим	13
мразя	мрази	21
мразя	измразя	24
мразя	мразете	26
мразя	размразя	20
мразя	мразя	34
мразя	мразини	18
мразя	мразеше	28
мразя	мраз	7
мразя	мраземе	33
мразя	мразето	23
мразя	отмразя	0
мразя	мразите	14
мразя	мразиш	16
мразя	мразил	15
мразя	омразят	12
мразя	мразене	30
мразя	намразят	10
мразя	помрази	1
мразя	помразиха	11
мразя	мразех	6
мразя	измрази	2
мразя	мразиха	4
мразя	мразене	22
мразя	помразя	5
мразя	мразийки	19
мразя	намразя	17
мразя	помразете	3
мразя	мразеха	25
мразя	омразя	9
мразя	мразили	29
построявам	построявате	13
построявам	построяваше	28
построявам	опострояват	12
построявам	попострояват	27
построявам	построявах	6
построявам	попострояваха	11
построявам	построяваха	25
построявам	построяваш	14
построявам	построяването	23
построявам	построявали	29
построявам	построявайте	26
построявам	попостроява	3
построявам	построявайки	19
построявам	построявал	15
построявам	разпострявам	20
построявам	построя	0
построявам	построяват	31
построявам	разпострява	2
построявам	опостроявам	9
построявам	построя	1
построявам	построявахте	16
построявам	построяваме	33
построявам	напострояват	10
построявам	построяване	30
построявам	построявани	18
построявам	построявам	34
построявам	построява	21
построявам	построява	7
построявам	построявах	4
построявам	отпостроявам	8
построявам	попостроявам	5
построявам	изпостроявам	24
построявам	напостроявам	17
построявам	построяване	22
построявам	построявай	32
предупреждавам	предупреждавам	34
предупреждавам	предупреждавайки	19
предупреждавам	предупреждават	31
предупреждавам	опредупреждават	12
предупреждавам	изпредупреждавам	24
предупреждавам	предупреждаване	22
предупреждавам	предупреждава	21
предупреждавам	попредупреждавам	5
предупреждавам	предупреждавахте	16
предупреждавам	предупреждаваха	25
предупреждавам	предупреждавали	29
предупреждавам	предупреждавате	13
предупреждавам	предупреждавах	4
предупреждавам	предупреждавам	7
предупреждавам	попредупреждаваха	11
предупреждавам	предупреждаваше	28
предупреждавам	напредупреждавам	17
предупреждавам	разпредупреждава	2
предупреждавам	предупрежда	0
предупреждавам	разпредупреждавам	20
предупреждавам	предупреждавани	18
предупреждавам	попредупреждават	27
предупреждавам	попредупреждава	3
предупреждавам	напредупреждават	10
предупреждавам	предупреждава	1
предупреждавам	отпредупреждавам	8
предупреждавам	предупреждавайте	26
предупреждавам	предупреждаваш	14
предупреждавам	предупреждаването	23
предупреждавам	предупреждаваме	33
предупреждавам	предупреждавай	32
предупреждавам	предупреждаване	30
предупреждавам	предупреждавал	15
предупреждавам	опредупреждавам	9
предупреждавам	предупреждавах	6
загребвам	загребвате	13
загребвам	загребвам	34
загребвам	загребвал	15
загребвам	позагребват	27
загребвам	загребване	30
загребвам	позагребва	3
загребвам	загреберявам	8
загребвам	загребва	7
загребвам	загребва	21
загребвам	загребваха	25
загребвам	загребвах	4
загребвам	позагребвам	5
загребвам	загребвайте	26
загребвам	загребвали	29
загребвам	озагребвам	9
загребвам	загребвани	18
загребвам	загребе	0
загребвам	загребваше	28
загребвам	назгребвам	17
загребвам	загребвах	6
загребвам	загребването	23
загребвам	изагребвам	24
загребвам	озагребват	12
загребвам	назгребват	10
загребвам	загребват	31
загребвам	загребвай	32
загребвам	загребвайки	19
загребвам	загребваш	14
загребвам	загребване	22
загребвам	позагребва	11
загребвам	разгребвам	20
загребвам	загребваме	33
загребвам	загреби	1
загребвам	загребвахте	16
загребвам	разгреберава	2
заповядвам	позаповядва	3
заповядвам	позаповядвам	5
заповядвам	заповядвайки	19
заповядвам	заповядват	31
заповядвам	заповядва	21
заповядвам	заповядва	7
заповядвам	озаповядвам	9
заповядвам	заповядвайте	26
заповядвам	заповядване	30
заповядвам	заповядваха	25
заповядвам	заповядвани	18
заповядвам	заповядвахте	16
заповядвам	разаповядвам	20
заповядвам	заповядвам	8
заповядвам	изаповядвам	24
заповядвам	позаповядват	27
заповядвам	заповядваме	33
заповядвам	назаповядвам	17
заповядвам	заповядваше	28
заповядвам	заповядвате	13
заповядвам	заповядвах	6
заповядвам	разаповядва	2
заповядвам	заповядвал	15
заповядвам	заповядва	1
заповядвам	заповядване	22
заповядвам	заповядвам	34
заповядвам	заповядвали	29
заповядвам	заповядването	23
заповядвам	наповядват	10
заповядвам	заповядваш	14
заповядвам	озаповядват	12
заповядвам	заповядвай	32
заповядвам	заповяд	0
заповядвам	заповядвах	4
заповядвам	позаповядваха	11
домитам	домитах	4
домитам	домитам	34
домитам	домитайте	26
домитам	одитам	9
домитам	домитат	31
домитам	домита	7
домитам	домита	21
домитам	домитаме	33
домитам	домитани	18
домитам	издотита	1
домитам	раздитам	20
домитам	домитане	22
домитам	отдитам	8
домитам	надитат	10
домитам	раздита	2
домитам	подита	3
домитам	домитайки	19
домитам	домитането	23
домитам	домитахте	16
домитам	надитам	17
домитам	одитат	12
домитам	домитане	30
домитам	домитате	13
домитам	домитах	6
домитам	издотам	24
домитам	домитал	15
домитам	отдита	0
домитам	домитали	29
домитам	домитай	32
домитам	домиташ	14
домитам	домитаха	25
домитам	подитаха	11
домитам	подитат	27
домитам	домиташе	28
домитам	подитам	5
принасям	принасяйте	26
принасям	принася	0
принасям	принасям	34
принасям	попринасяха	11
принасям	разпринася	2
принасям	изпринасям	24
принасям	попринасям	5
принасям	принасяне	30
принасям	принасяш	14
принасям	разпринасям	20
принасям	изпринася	1
принасям	попринасят	27
принасям	принасях	6
принасям	напринасят	10
принасям	попринася	3
принасям	принасяли	29
принасям	принасяхте	16
принасям	принасяйки	19
принасям	принасяни	18
принасям	напринасям	17
принасям	принасяте	13
принасям	принасяха	25
принасям	принасях	4
принасям	принасяне	22
принасям	принасяй	32
принасям	принасяме	33
принасям	принасянето	23
принасям	принасял	15
принасям	опринасям	9
принасям	принасят	31
принасям	отпринасям	8
принасям	принасяше	28
принасям	принася	21
принасям	принася	7
принасям	опринасят	12
надвнасям	надвасяхте	16
надвнасям	надвасях	4
надвнасям	понадявам	5
надвнасям	отнадявам	8
надвнасям	надвате	13
надвнасям	онадявам	9
надвнасям	понадява	3
надвнасям	надвнясял	15
надвнасям	онадяват	12
надвнасям	надвасяй	32
надвнасям	надвасяше	28
надвнасям	разнасям	20
надвнасям	надвасяме	33
надвнасям	надвнясям	34
надвнасям	надвасяни	18
надвнасям	надвнясяне	22
надвнасям	надвах	6
надвнасям	понасяваха	11
надвнасям	надвася	21
надвнасям	надвасяли	29
надвнасям	изнася	1
надвнасям	надвасяйте	26
надвнасям	понасяват	27
надвнасям	изнасям	24
надвнасям	нанасявам	17
надвнасям	надвайки	19
надвнасям	нанасяват	10
надвнасям	надвасяха	25
надвнасям	надваш	14
надвнасям	разнася	2
надвнасям	над	0
надвнасям	надвняся	7
надвнасям	надвнясяне	30
надвнасям	надвасянето	23
надвнасям	надвасят	31
моля	измоли	2
моля	молил	15
моля	молят	31
моля	помолиха	11
моля	молеме	33
моля	помолете	3
моля	молиш	16
моля	молейки	19
моля	омолят	12
моля	молето	23
моля	молили	29
моля	молий	32
моля	омоля	9
моля	отмоля	8
моля	молим	13
моля	молех	6
моля	молеше	28
моля	помолят	27
моля	молене	30
моля	помоли	1
моля	молете	26
моля	мол	7
моля	молиха	4
моля	размоля	20
моля	помоля	5
моля	отмоля	0
моля	моля	34
моля	намолят	10
моля	намоля	17
моля	молите	14
моля	измоля	24
моля	молеха	25
моля	молини	18
моля	молене	22
моля	моли	21
провирам	отпровирам	8
провирам	изпровирам	24
провирам	провирате	13
провирам	провираме	33
провирам	провираш	14
провирам	разпровира	2
провирам	изпровира	1
провирам	провирах	6
провирам	провирахте	16
провирам	провирай	32
провирам	провират	31
провирам	напровирам	17
провирам	провирайки	19
провирам	провира	0
провирам	провиране	22
провирам	попровирам	5
провирам	провирали	29
провирам	провирах	4
провирам	провира	7
провирам	провира	21
провирам	попровира	3
провирам	провирал	15
провирам	провираха	25
провирам	напровират	10
провирам	провиране	30
провирам	опровирам	9
провирам	провирам	34
провирам	провирайте	26
провирам	провирани	18
провирам	попровират	27
провирам	провираше	28
провирам	провирането	23
провирам	попровираха	11
провирам	разпровирам	20
провирам	опровират	12
очаквам	очакват	12
очаквам	очаквай	32
очаквам	очаквате	13
очаквам	очакването	23
очаквам	очаквам	9
очаквам	очаквани	18
очаквам	очаквах	6
очаквам	очаквам	34
очаквам	почакваха	11
очаквам	очакваше	28
очаквам	очакване	22
очаквам	разочаквам	20
очаквам	очаквахте	16
очаквам	оточаквам	8
очаквам	очакват	31
очаквам	очакваха	25
очаквам	очаквах	4
очаквам	разочаква	2
очаквам	почаква	3
очаквам	очаквайте	26
очаквам	очакваме	33
очаквам	очакване	30
очаквам	очакваш	14
очаквам	очаква	0
очаквам	очаки	1
очаквам	почакват	27
очаквам	очаквал	15
очаквам	очаква	21
очаквам	очаква	7
очаквам	наочакват	10
очаквам	очаквали	29
очаквам	изочаквам	24
очаквам	наочаквам	17
очаквам	почаквам	5
очаквам	очаквайки	19
подкупвам	подкупвани	18
подкупвам	попокупват	27
подкупвам	подкупваме	33
подкупвам	поподкупвам	5
подкупвам	подкупваха	11
подкупвам	подкупваш	14
подкупвам	оподкупвам	9
подкупвам	подкупи	1
подкупвам	подкупването	23
подкупвам	отпокупвам	8
подкупвам	подкупвах	6
подкупвам	разпокупва	2
подкупвам	подкупвайки	19
подкупвам	подкупвай	32
подкупвам	подкупвате	13
подкупвам	подкупвахте	16
подкупвам	подкупване	22
подкупвам	подкупваха	25
подкупвам	подкупвах	4
подкупвам	разпокупвам	20
подкупвам	попокупва	3
подкупвам	изподкупвам	24
подкупвам	подкупвайте	26
подкупвам	подкупвали	29
подкупвам	наподкупвам	17
подкупвам	подкупваше	28
подкупвам	подкупват	31
подкупвам	подкупва	7
подкупвам	подкупва	21
подкупвам	подкупване	30
подкупвам	подкуп	0
подкупвам	подкупвал	15
подкупвам	оподкупват	12
подкупвам	напокупват	10
подкупвам	подкупвам	34
бия	биха	4
бия	набият	10
бия	отбия	8
бия	побия	5
бия	изби	2
бия	избият	17
бия	бия	34
бия	бим	13
бия	обия	9
бия	биеме	33
бия	бил	15
бия	биех	6
бия	бият	31
бия	бииии	18
бия	биейки	19
бия	би	7
бия	би	21
бия	биииили	29
бия	разбия	20
бия	биенето	23
бия	биете	26
бия	побиете	3
бия	отби	0
бия	биш	16
бия	биеха	25
бия	биене	22
бия	биене	30
бия	побиха	11
бия	бите	14
бия	поби	1
бия	биеше	28
бия	побият	27
бия	бией	32
бия	избия	24
бия	обият	12
отсичам	потсичат	27
отсичам	отсичат	31
отсичам	отсичайки	19
отсичам	разотсичам	20
отсичам	отсичал	15
отсичам	отсича	0
отсичам	отсичах	6
отсичам	отсичам	8
отсичам	отсичам	9
отсичам	отсичането	23
отсичам	отсичане	30
отсичам	потсичаха	11
отсичам	разотсича	2
отсичам	наотсичат	10
отсичам	отсичаха	25
отсичам	отсичаше	28
отсичам	изотсичам	24
отсичам	отсичаш	14
отсичам	потсича	3
отсичам	отсичане	22
отсичам	отсичат	12
отсичам	отсичахте	16
отсичам	отсича	21
отсичам	отсича	7
отсичам	наотсичам	17
отсичам	отсичаме	33
отсичам	отсичай	32
отсичам	отсичате	13
отсичам	отсича	1
отсичам	отсичани	18
отсичам	потсичам	5
отсичам	отсичайте	26
отсичам	отсичах	4
отсичам	отсичали	29
отсичам	отсичам	34
бера	разбера	20
бера	берели	29
бера	береше	4
бера	берете	8
бера	поберете	3
бера	берете	26
бера	береше	28
бера	побераха	11
бера	берех	6
бера	изберат	17
бера	береме	33
бера	обера	9
бера	бери	21
бера	бера	7
бера	наберат	10
бера	берат	31
бера	оберат	12
бера	бераш	16
бера	берете	14
бера	берането	23
бера	избера	24
бера	береха	25
бера	отбера	0
бера	берене	22
бера	берене	30
бера	берал	15
бера	избера	2
бера	поберат	27
бера	берате	13
бера	берай	32
бера	берейки	19
бера	берани	18
бера	избера	1
бера	бере	5
бера	бера	34
изгризвам	изгризваме	33
изгризвам	разгризва	2
изгризвам	поизграват	27
изгризвам	изгризваха	25
изгризвам	поизгравам	5
изгризвам	поизгрива	3
изгризвам	наизгравам	17
изгризвам	изгризвам	34
изгризвам	нагризват	10
изгризвам	изгризвани	18
изгризвам	оизгризват	12
изгризвам	изгризвах	4
изгризвам	изгризваш	14
изгризвам	изгризване	22
изгризвам	изгризване	30
изгризвам	изгризвахте	16
изгризвам	изгризването	23
изгризвам	изгризвали	29
изгризвам	изгризват	31
изгризвам	изгризвайте	26
изгризвам	оизгризвам	9
изгризвам	изгризваше	28
изгризвам	изгризвах	6
изгризвам	изгризва	7
изгризвам	изгризва	21
изгризвам	изгризвайки	19
изгризвам	разгризвам	20
изгризвам	изгризвай	32
изгризвам	изгризи	1
изгризвам	изгризвате	13
изгризвам	поизгрива	11
изгризвам	изгризвам	8
изгризвам	изгризвал	15
изгризвам	изгризвам	24
изгризвам	изгриз	0
клада	кладе	5
клада	поклада	3
клада	оклада	9
клада	покладаха	11
клада	накладат	10
клада	кладал	15
клада	кладали	29
клада	кладаха	25
клада	окладат	12
клада	кладаме	33
клада	изкладат	17
клада	кладате	14
клада	кладайте	26
клада	кладах	6
клада	изклада	1
клада	разклада	20
клада	кладай	32
клада	кладеше	4
клада	кладеше	28
клада	отклада	0
клада	изклада	2
клада	изклада	24
клада	кладани	18
клада	кладахте	16
клада	кладането	23
клада	кладане	22
клада	кладайки	19
клада	кладане	30
клада	кладате	13
клада	покладат	27
клада	клада	7
клада	клада	21
клада	клада	34
клада	кладат	31
клада	кладете	8
дъвча	дъване	22
дъвча	дъвеше	4
дъвча	подъва	3
дъвча	дъваше	28
дъвча	издъва	2
дъвча	издъват	17
дъвча	дъвали	29
дъвча	дъваш	14
дъвча	дъвайки	19
дъвча	отдъва	0
дъвча	дъването	23
дъвча	дъвай	32
дъвча	дъване	30
дъвча	надъват	10
дъвча	дъва	21
дъвча	отдъва	8
дъвча	одъва	9
дъвча	дъвах	6
дъвча	дъвахте	16
дъвча	дъвайте	26
дъвча	издъва	1
дъвча	дъвате	13
дъвча	дъва	34
дъвча	подъваха	11
дъвча	дъвеча	5
дъвча	издъва	24
дъвча	подъват	27
дъвча	одъват	12
дъвча	дъвани	18
дъвча	дъваме	33
дъвча	дъваха	25
дъвча	раздъва	20
дъвча	дъват	31
дъвча	дъвал	15
дъвча	дъва	7
довеждам	подовеждам	5
довеждам	довеждал	15
довеждам	надовеждам	17
довеждам	одовеждат	12
довеждам	довежда	7
довеждам	довежда	21
довеждам	надовеждат	10
довеждам	довеждахте	16
довеждам	довеждани	18
довеждам	довеждаха	25
довеждам	подовежда	3
довеждам	довеждали	29
довеждам	довеждане	22
довеждам	довеждах	4
довеждам	отдовеждам	8
довеждам	подовеждат	27
довеждам	довеждайте	26
довеждам	издовеждам	24
довеждам	довеждайки	19
довеждам	довеждане	30
довеждам	довеждаш	14
довеждам	довеждат	31
довеждам	отдовежда	0
довеждам	довеждам	34
довеждам	раздовеждам	20
довеждам	довеждате	13
довеждам	довеждането	23
довеждам	довеждах	6
довеждам	довеждай	32
довеждам	довеждаме	33
довеждам	одовеждам	9
довеждам	подовеждаха	11
довеждам	раздовежда	2
довеждам	довеждаше	28
довеждам	издовежда	1
зареждам	зареждате	13
зареждам	позареждам	5
зареждам	зареждаха	25
зареждам	отзареждам	8
зареждам	зарежда	7
зареждам	зарежда	21
зареждам	зареждайте	26
зареждам	назареждам	17
зареждам	позареждаха	11
зареждам	назареждат	10
зареждам	зареждане	22
зареждам	озареждам	9
зареждам	зареждаше	28
зареждам	зареждаш	14
зареждам	зареждахте	16
зареждам	зареждайки	19
зареждам	зареждах	6
зареждам	зареждам	34
зареждам	разареждам	20
зареждам	позареждат	27
зареждам	зареждали	29
зареждам	зарежда	0
зареждам	зареждаме	33
зареждам	зареждат	31
зареждам	зарежда	1
зареждам	озареждат	12
зареждам	зареждани	18
зареждам	зареждане	30
зареждам	разарежда	2
зареждам	изареждам	24
зареждам	позарежда	3
зареждам	зареждал	15
зареждам	зареждах	4
зареждам	зареждането	23
зареждам	зареждай	32
пия	разпия	20
пия	пиене	30
пия	пи	7
пия	пи	21
пия	попия	5
пия	пиииини	18
пия	попиха	11
пия	пите	14
пия	пиш	16
пия	опият	12
пия	пим	13
пия	отпия	8
пия	пил	15
пия	пиех	6
пия	опия	9
пия	изпия	24
пия	пиеме	33
пия	попиете	3
пия	попият	27
пия	попи	1
пия	изпият	17
пия	пиха	4
пия	пиете	26
пия	пият	31
пия	пиеше	28
пия	изпи	2
пия	отпи	0
пия	пиеха	25
пия	пиенето	23
пия	пия	34
пия	пиейки	19
пия	пииили	29
пия	пиене	22
пия	напият	10
пия	пией	32
пречупвам	пречупвахте	16
пречупвам	пречупвах	6
пречупвам	пречупвам	34
пречупвам	пречупването	23
пречупвам	пречупват	31
пречупвам	попречупвам	5
пречупвам	напречупват	10
пречупвам	пречупваха	25
пречупвам	пречупвал	15
пречупвам	опречупвам	9
пречупвам	пречупвайте	26
пречупвам	пречупвах	4
пречупвам	пречупване	30
пречупвам	попречупваха	11
пречупвам	пречупваме	33
пречупвам	пречупвали	29
пречупвам	попречупва	3
пречупвам	напречупвам	17
пречупвам	разпречупва	2
пречупвам	отпречупвам	8
пречупвам	пречупи	1
пречупвам	пречупвате	13
пречупвам	пречуп	0
пречупвам	попречупват	27
пречупвам	пречупваш	14
пречупвам	изпречупвам	24
пречупвам	пречупвани	18
пречупвам	пречупва	7
пречупвам	опречупват	12
пречупвам	разпречупвам	20
пречупвам	пречупва	21
пречупвам	пречупване	22
пречупвам	пречупваше	28
пречупвам	пречупвай	32
пречупвам	пречупвайки	19
почвам	почвах	6
почвам	почвай	32
почвам	напочват	10
почвам	разпочва	2
почвам	почвам	34
почвам	почвахте	16
почвам	напочвам	17
почвам	почвайки	19
почвам	изпочва	1
почвам	попочваха	11
почвам	почваше	28
почвам	почвах	4
почвам	почвани	18
почвам	почват	31
почвам	почвате	13
почвам	почва	21
почвам	почва	7
почвам	почването	23
почвам	почване	22
почвам	почване	30
почвам	опочват	12
почвам	отпочва	0
почвам	почвали	29
почвам	почваме	33
почвам	изпочвам	24
почвам	почваш	14
почвам	опочвам	9
почвам	почвайте	26
почвам	попочват	27
почвам	почвал	15
почвам	попочва	3
почвам	отпочвам	8
почвам	разпочвам	20
почвам	попочвам	5
почвам	почваха	25
отвличам	отвличат	31
отвличам	наотвличам	17
отвличам	отвлича	7
отвличам	отвлича	21
отвличам	отвличам	8
отвличам	потвлича	3
отвличам	изотвлича	1
отвличам	отвлича	0
отвличам	отвличам	9
отвличам	отвличаш	14
отвличам	потвличам	5
отвличам	отвличане	30
отвличам	изотвличам	24
отвличам	отвличането	23
отвличам	отвличайте	26
отвличам	отвличате	13
отвличам	отвличах	6
отвличам	отвличам	34
отвличам	отвличай	32
отвличам	отвличаха	25
отвличам	отвличали	29
отвличам	разотвличам	20
отвличам	отвличал	15
отвличам	потвличат	27
отвличам	наотвличат	10
отвличам	отвличаше	28
отвличам	отвличат	12
отвличам	разотвлича	2
отвличам	отвличане	22
отвличам	отвличаме	33
отвличам	отвличахте	16
отвличам	потвличаха	11
отвличам	отвличайки	19
отвличам	отвличах	4
отвличам	отвличани	18
наричам	наричани	18
наричам	наричахте	16
наричам	наричаше	28
наричам	наричате	13
наричам	понаричат	27
наричам	наричаха	25
наричам	наричал	15
наричам	онаричам	9
наричам	наричайте	26
наричам	наричат	31
наричам	наричането	23
наричам	изнаричам	24
наричам	разнаричам	20
наричам	онаричат	12
наричам	наричах	6
наричам	отнарича	0
наричам	наричайки	19
наричам	наричане	22
наричам	наричали	29
наричам	наричане	30
наричам	наричат	10
наричам	понаричам	5
наричам	наричаме	33
наричам	изнарича	1
наричам	понарича	3
наричам	наричаш	14
наричам	наричах	4
наричам	отнаричам	8
наричам	понаричаха	11
наричам	наричай	32
наричам	разнарича	2
наричам	наричам	34
наричам	наричам	17
наричам	нарича	21
наричам	нарича	7
ранявам	ораняват	12
ранявам	раняването	23
ранявам	пораняват	27
ранявам	раняваме	33
ранявам	раняваш	14
ранявам	изранява	1
ранявам	ранявате	13
ранявам	отранявам	8
ранявам	ранявал	15
ранявам	раняване	30
ранявам	изранявам	24
ранявам	ранявайки	19
ранявам	поранява	3
ранявам	раняваха	25
ранявам	оранявам	9
ранявам	отранява	0
ранявам	ранявах	4
ранявам	поранявам	5
ранявам	разранявам	20
ранявам	раняваше	28
ранявам	ранявайте	26
ранявам	ранявахте	16
ранявам	ранявали	29
ранявам	пораняваха	11
ранявам	ранява	21
ранявам	разранява	2
ранявам	раняване	22
ранявам	ранявах	6
ранявам	ранявани	18
ранявам	ранявай	32
ранявам	наранявам	17
ранявам	раняват	31
ранявам	нараняват	10
ранявам	ранява	7
ранявам	ранявам	34
извеждам	извеждах	4
извеждам	извеждаха	25
извеждам	извеждали	29
извеждам	извеждате	13
извеждам	извеждал	15
извеждам	извеждайте	26
извеждам	извежда	1
извеждам	извеждане	30
извеждам	извеждане	22
извеждам	оизвеждат	12
извеждам	поизвеждам	27
извеждам	отизвеждам	8
извеждам	извежда	0
извеждам	наизвеждат	10
извеждам	извеждат	31
извеждам	оизвеждам	9
извеждам	извеждаш	14
извеждам	извежда	21
извеждам	извежда	7
извеждам	развеждам	20
извеждам	наизвеждам	17
извеждам	извеждаше	28
извеждам	извеждани	18
извеждам	извеждам	34
извеждам	извеждайки	19
извеждам	поизвеждаха	11
извеждам	извеждам	24
извеждам	поизвежда	3
извеждам	извеждах	6
извеждам	поизвеждам	5
извеждам	развежда	2
извеждам	извеждането	23
извеждам	извеждаме	33
извеждам	извеждай	32
извеждам	извеждахте	16
прочитам	прочитайте	26
прочитам	прочитали	29
прочитам	прочиташе	28
прочитам	попрочитам	27
прочитам	прочитаха	25
прочитам	попрочита	3
прочитам	прочитане	30
прочитам	прочитах	4
прочитам	отпрочитам	8
прочитам	прочитай	32
прочитам	напрочитат	10
прочитам	прочитам	34
прочитам	прочитал	15
прочитам	прочитайки	19
прочитам	прочита	0
прочитам	прочита	21
прочитам	прочита	7
прочитам	прочитаме	33
прочитам	изпрочита	1
прочитам	разпрочитам	20
прочитам	опрочитат	12
прочитам	прочитани	18
прочитам	попрочитам	5
прочитам	прочитането	23
прочитам	попрочитаха	11
прочитам	изпрочитам	24
прочитам	опрочитам	9
прочитам	прочитат	31
прочитам	прочиташ	14
прочитам	напрочитам	17
прочитам	прочитахте	16
прочитам	прочитане	22
прочитам	прочитах	6
прочитам	прочитате	13
прочитам	разпрочита	2
казвам	казваше	28
казвам	казва	21
казвам	казва	7
казвам	наказвам	17
казвам	разказва	2
казвам	оказвам	9
казвам	отказвам	8
казвам	оказват	12
казвам	показваха	11
казвам	наказват	10
казвам	казвате	13
казвам	казвани	18
казвам	казвал	15
казвам	казвах	6
казвам	показва	3
казвам	казваме	33
казвам	показвам	5
казвам	казвах	4
казвам	казвали	29
казвам	казваш	14
казвам	казването	23
казвам	отказва	0
казвам	казване	30
казвам	казвайте	26
казвам	казване	22
казвам	казвайки	19
казвам	изказва	1
казвам	разказвам	20
казвам	казвай	32
казвам	показват	27
казвам	казваха	25
казвам	казвам	34
казвам	изказвам	24
казвам	казват	31
казвам	казвахте	16
треса	тресеше	4
треса	тресеше	28
треса	отресат	12
треса	потресаха	11
треса	тресаха	25
треса	изтреса	2
треса	изтреси	1
треса	тресали	29
треса	тресе	5
треса	потреса	3
треса	тресаш	16
треса	тресането	23
треса	тресат	31
треса	тресате	13
треса	тресете	8
треса	треса	34
треса	тресех	6
треса	натреса	17
треса	тресене	22
треса	треса	21
треса	тресене	30
треса	разтреса	20
треса	натресат	10
треса	тресайки	19
треса	тресате	14
треса	изтреса	24
треса	тресаме	33
треса	тресе	0
треса	тресай	32
треса	отреса	9
треса	потресат	27
треса	тресани	18
треса	тресете	26
треса	треса	7
треса	тресал	15
ставам	ста	0
ставам	става	21
ставам	става	7
ставам	остават	12
ставам	наставам	17
ставам	разставам	20
ставам	стаи	1
ставам	ставани	18
ставам	ставах	6
ставам	ставайки	19
ставам	ставаме	33
ставам	изставам	24
ставам	ставал	15
ставам	ставате	13
ставам	ставаш	14
ставам	ставам	34
ставам	настават	10
ставам	постава	3
ставам	стават	31
ставам	разстава	2
ставам	ставане	22
ставам	постават	27
ставам	поставаха	11
ставам	ставаше	28
ставам	ставането	23
ставам	ставаха	25
ставам	ставане	30
ставам	отставам	8
ставам	ставахте	16
ставам	ставах	4
ставам	ставали	29
ставам	ставайте	26
ставам	ставай	32
ставам	оставам	9
ставам	поставам	5
спичам	спичат	31
спичам	насичат	10
спичам	изсичам	24
спичам	спичам	34
спичам	спичаха	25
спичам	спичате	13
спичам	спичането	23
спичам	насичам	17
спичам	посичат	27
спичам	отсичам	8
спичам	разсичам	20
спичам	поспичаха	11
спичам	оспичат	12
спичам	спичай	32
спичам	спичане	30
спичам	спичал	15
спичам	спичахте	16
спичам	спичах	6
спичам	спичали	29
спичам	спичане	22
спичам	спичаше	28
спичам	спичайки	19
спичам	спича	0
спичам	разсича	2
спичам	осичам	9
спичам	поспича	3
спичам	спича	7
спичам	спича	21
спичам	спичайте	26
спичам	спичах	4
спичам	спичаш	14
спичам	спичаме	33
спичам	поспичам	5
спичам	спичани	18
спичам	изспича	1
губя	губеше	28
губя	огубя	9
губя	губите	14
губя	губете	26
губя	губето	23
губя	губиш	16
губя	погубиха	11
губя	губей	32
губя	нагубят	10
губя	губим	13
губя	губили	29
губя	погубят	27
губя	изгуби	2
губя	губене	22
губя	губини	18
губя	губеме	33
губя	губи	21
губя	губене	30
губя	губиха	4
губя	разгубя	20
губя	погуби	1
губя	губеха	25
губя	изгубя	24
губя	погубя	5
губя	отгубя	0
губя	огубят	12
губя	губейки	19
губя	изгубят	17
губя	губех	6
губя	отгубя	8
губя	губ	7
губя	губя	34
губя	губил	15
губя	губят	31
губя	погубете	3
запалвам	позалвам	5
запалвам	напалвам	17
запалвам	запалвах	4
запалвам	запалват	31
запалвам	запалваха	25
запалвам	запалване	30
запалвам	озапалвам	9
запалвам	запалвани	18
запалвам	отапалвам	8
запалвам	позалва	3
запалвам	озапалват	12
запалвам	разапалва	2
запалвам	запалването	23
запалвам	запалвайки	19
запалвам	запалвам	34
запалвам	запалвахте	16
запалвам	запалваш	14
запалвам	запалваме	33
запалвам	позапават	27
запалвам	запали	1
запалвам	напалват	10
запалвам	запалвате	13
запалвам	разапалвам	20
запалвам	запалвайте	26
запалвам	запалвах	6
запалвам	запалвай	32
запалвам	запалваше	28
запалвам	запалване	22
запалвам	запалва	21
запалвам	запалва	7
запалвам	запалвали	29
запалвам	позалваха	11
запалвам	запал	0
запалвам	запалвал	15
запалвам	изапалвам	24
благославям	разблагославя	2
благославям	отблагославям	8
благославям	благославяше	28
благославям	благославяте	13
благославям	благославяхте	16
благославям	облагославят	12
благославям	поблагославят	27
благославям	изблагославя	1
благославям	благославях	4
благославям	наблагославям	17
благославям	благославял	15
благославям	облагославям	9
благославям	благославям	34
благославям	изблагославям	24
благославям	благославянето	23
благославям	благославяме	33
благославям	благославях	6
благославям	поблагославям	5
благославям	поблагославя	3
благославям	поблагославяха	11
благославям	наблагославят	10
благославям	благославяне	30
благославям	благославяни	18
благославям	благославят	31
благославям	благославяйте	26
благославям	благославяй	32
благославям	благославяйки	19
благославям	благославяш	14
благославям	благославяха	25
благославям	разблагославям	20
благославям	благославяне	22
благославям	благославя	21
благославям	благославя	7
благославям	благославяли	29
благославям	благосла	0
отнасям	потнасям	5
отнасям	потнася	3
отнасям	отнася	21
отнасям	отнася	7
отнасям	разотнасям	20
отнасям	изотнасям	24
отнасям	отнасяш	14
отнасям	отнасяте	13
отнасям	отнасям	9
отнасям	отнасяхте	16
отнасям	отнасят	31
отнасям	отнасям	8
отнасям	отнасяме	33
отнасям	потнасят	27
отнасям	отнасят	12
отнасям	отнасяйки	19
отнасям	отнасянето	23
отнасям	отнасял	15
отнасям	изотнася	1
отнасям	отнасяли	29
отнасям	отнасях	6
отнасям	отнася	0
отнасям	потнасяха	11
отнасям	наотнасят	10
отнасям	отнасяне	22
отнасям	отнасяха	25
отнасям	отнасяни	18
отнасям	отнасяне	30
отнасям	отнасяй	32
отнасям	отнасяше	28
отнасям	отнасям	34
отнасям	отнасях	4
отнасям	наотнасям	17
отнасям	отнасяйте	26
отнасям	разотнася	2
купувам	купувайте	26
купувам	купуваха	25
купувам	купува	21
купувам	купува	7
купувам	купувах	4
купувам	покупува	3
купувам	купуването	23
купувам	купуваш	14
купувам	купувани	18
купувам	разкупувам	20
купувам	купувай	32
купувам	накупуват	10
купувам	купуване	22
купувам	изкупувам	24
купувам	купувайки	19
купувам	разкупува	2
купувам	купувахте	16
купувам	купували	29
купувам	изкупува	1
купувам	купуваше	28
купувам	окупувам	9
купувам	купуваме	33
купувам	купувате	13
купувам	откупува	0
купувам	покупуваха	11
купувам	купуване	30
купувам	купуват	31
купувам	купувам	34
купувам	купувал	15
купувам	покупувам	5
купувам	откупувам	8
купувам	покупуват	27
купувам	окупуват	12
купувам	купувах	6
купувам	накупувам	17
счупвам	счупваше	28
счупвам	счупвах	4
счупвам	счуп	0
счупвам	счупва	7
счупвам	счупва	21
счупвам	посчупвам	5
счупвам	счупваха	25
счупвам	насчупвам	17
счупвам	посчупва	3
счупвам	счупвахте	16
счупвам	разсчупвам	20
счупвам	счупване	22
счупвам	счупването	23
счупвам	счупвах	6
счупвам	счупвани	18
счупвам	счупвал	15
счупвам	счупвайте	26
счупвам	счупват	31
счупвам	посчупваха	11
счупвам	осчупват	12
счупвам	счупвам	34
счупвам	отсчупвам	8
счупвам	счупи	1
счупвам	осчупвам	9
счупвам	разсчупва	2
счупвам	счупвали	29
счупвам	счупвай	32
счупвам	насчупват	10
счупвам	счупвате	13
счупвам	счупване	30
счупвам	посчупват	27
счупвам	счупваш	14
счупвам	изсчупвам	24
счупвам	счупваме	33
счупвам	счупвайки	19
чувам	чувани	18
чувам	чуваме	33
чувам	чувах	4
чувам	чуване	22
чувам	чуваше	28
чувам	чуваха	25
чувам	почуваха	11
чувам	чуват	31
чувам	разчувам	20
чувам	почува	3
чувам	чуване	30
чувам	чуването	23
чувам	начувам	17
чувам	разчува	2
чувам	изчува	1
чувам	очуват	12
чувам	чува	21
чувам	чувам	34
чувам	чува	7
чувам	чувал	15
чувам	чувайки	19
чувам	чувате	13
чувам	чувай	32
чувам	чували	29
чувам	почуват	27
чувам	чувах	6
чувам	отчува	0
чувам	начуват	10
чувам	изчувам	24
чувам	отчувам	8
чувам	чувахте	16
чувам	чуваш	14
чувам	почувам	5
чувам	чувайте	26
чувам	очувам	9
припирам	припирай	32
припирам	напрират	10
припирам	припирайки	19
припирам	поприпирам	5
припирам	припирах	4
припирам	припираха	25
припирам	оприпират	12
припирам	припираше	28
припирам	припирането	23
припирам	разприра	2
припирам	разприрам	20
припирам	оприпирам	9
припирам	изприра	1
припирам	припирам	34
припирам	припиране	22
припирам	отприрам	8
припирам	припирайте	26
припирам	припиране	30
припирам	припираме	33
припирам	припират	31
припирам	припирате	13
припирам	припира	7
припирам	припира	21
припирам	поприраха	11
припирам	припираш	14
припирам	поприпират	27
припирам	наприрам	17
припирам	поприпира	3
припирам	изприрам	24
припирам	припирах	6
припирам	отприра	0
припирам	припирахте	16
припирам	припирали	29
припирам	припирани	18
припирам	припирал	15
строя	строил	15
строя	построете	3
строя	строиха	4
строя	изстроя	24
строя	строий	32
строя	изстрои	2
строя	строеше	28
строя	строя	34
строя	строини	18
строя	построят	27
строя	строето	23
строя	стро	7
строя	строиш	16
строя	настроя	17
строя	отстроя	8
строя	строи	21
строя	построи	1
строя	строете	26
строя	остроят	12
строя	остроя	9
строя	строеха	25
строя	построя	5
строя	строеме	33
строя	строим	13
строя	стро	0
строя	строите	14
строя	строейки	19
строя	строене	30
строя	строех	6
строя	строене	22
строя	разстроя	20
строя	строят	31
строя	строили	29
строя	настроят	10
строя	построиха	11
ушивам	ушиваше	28
ушивам	ушиване	30
ушивам	ушивайте	26
ушивам	разушива	2
ушивам	поушивам	5
ушивам	наушават	10
ушивам	ушивал	15
ушивам	разушвам	20
ушивам	уши	8
ушивам	оушивам	9
ушивам	ушивайки	19
ушивам	ушивали	29
ушивам	ушивай	32
ушивам	изушивам	24
ушивам	ушиване	22
ушивам	уши	1
ушивам	уши	7
ушивам	ушивах	4
ушивам	оушиват	12
ушивам	поушива	3
ушивам	ушивахте	16
ушивам	ушиваха	25
ушивам	ушиваш	14
ушивам	ушивани	18
ушивам	уши	0
ушивам	ушива	21
ушивам	поушиваха	11
ушивам	наушивам	17
ушивам	ушиването	23
ушивам	ушиваме	33
ушивам	ушивах	6
ушивам	поушивам	27
ушивам	ушиват	31
ушивам	ушивам	34
ушивам	ушивате	13
обичам	обичаха	25
обичам	отбичам	8
обичам	обичайте	26
обичам	обичали	29
обичам	побичам	5
обичам	набичат	10
обичам	обичане	22
обичам	обичате	13
обичам	обичал	15
обичам	обичайки	19
обичам	обичането	23
обичам	изобичам	24
обичам	обича	21
обичам	обича	7
обичам	обичам	34
обичам	обичаше	28
обичам	обичане	30
обичам	обичат	31
обичам	побичаха	11
обичам	разобича	2
обичам	обичат	12
обичам	побича	3
обичам	обичам	9
обичам	набичам	17
обичам	обичай	32
обичам	обичах	6
обичам	обичахте	16
обичам	изобича	1
обичам	обичани	18
обичам	разобичам	20
обичам	обичаш	14
обичам	побичат	27
обичам	обичах	4
обичам	обичаме	33
обичам	отбича	0
беся	набесят	10
беся	бесиха	4
беся	бесят	31
беся	избеси	2
беся	обеся	9
беся	беси	21
беся	бесеше	28
беся	отбеся	8
беся	бесей	32
беся	побеси	1
беся	избесят	17
беся	избеся	24
беся	отбес	0
беся	бесете	26
беся	побеся	5
беся	побесете	3
беся	бесите	14
беся	бесене	30
беся	бесил	15
беся	бесили	29
беся	бесех	6
беся	бесенето	23
беся	бесеме	33
беся	бес	7
беся	побесиха	11
беся	беся	34
беся	бесини	18
беся	бесеха	25
беся	разбеся	20
беся	бесейки	19
беся	побесят	27
беся	бесиш	16
беся	бесим	13
беся	обесят	12
беся	бесене	22
прощавам	прощавайте	26
прощавам	попрощават	27
прощавам	напрощавам	17
прощавам	прощаваха	25
прощавам	напрощават	10
прощавам	прощавам	34
прощавам	прощавал	15
прощавам	опрощавам	9
прощавам	прощавах	6
прощавам	изпрощавам	24
прощавам	прощавайки	19
прощавам	прощавали	29
прощавам	прощава	7
прощавам	попрощаваха	11
прощавам	прощаваш	14
прощавам	прощаване	22
прощавам	разпрощава	2
прощавам	попрощава	3
прощавам	проща	0
прощавам	прощават	31
прощавам	прощавани	18
прощавам	отпрощавам	8
прощавам	прощавахте	16
прощавам	прощаи	1
прощавам	прощаване	30
прощавам	прощаваше	28
прощавам	прощаването	23
прощавам	прощавате	13
прощавам	опрощават	12
прощавам	прощаваме	33
прощавам	прощавай	32
прощавам	разпрощавам	20
прощавам	попрощавам	5
прощавам	прощава	21
прощавам	прощавах	4
наемам	наемаме	33
наемам	наема	21
наемам	наема	7
наемам	отнаемам	8
наемам	наемали	29
наемам	наемайки	19
наемам	наемане	22
наемам	наемай	32
наемам	наемането	23
наемам	изнаема	1
наемам	наемах	6
наемам	разнаем	20
наемам	наемате	13
наемам	наемане	30
наемам	разнае	2
наемам	понаема	3
наемам	наемахте	16
наемам	наемаше	28
наемам	понаемат	27
наемам	нанаемам	17
наемам	наемайте	26
наемам	понаемам	5
наемам	наемаш	14
наемам	наемал	15
наемам	онаемат	12
наемам	изнаемам	24
наемам	наемат	31
наемам	наемани	18
наемам	наемам	34
наемам	наемаха	25
наемам	наемах	4
наемам	нанаемат	10
наемам	отнаема	0
наемам	онаемам	9
наемам	понаемаха	11
уча	учаме	33
уча	учал	15
уча	поучаха	11
уча	учене	30
уча	уче	5
уча	учете	26
уча	поучете	3
уча	уча	7
уча	уча	21
уча	уча	34
уча	уче	1
уча	науча	17
уча	научат	10
уча	учех	6
уча	учеше	28
уча	учейки	19
уча	учат	31
уча	поучат	27
уча	учай	32
уча	учали	29
уча	уча	0
уча	учахте	16
уча	учете	8
уча	учете	14
уча	учане	22
уча	учаха	25
уча	оучат	12
уча	учани	18
уча	разуча	20
уча	оуча	9
уча	изуча	2
уча	изуча	24
уча	учеше	4
уча	учате	13
уча	учането	23
комбинирам	кобинирайки	19
комбинирам	покобира	3
комбинирам	кобинарам	34
комбинирам	кобинара	21
комбинирам	кобинарахте	16
комбинирам	кобинарал	15
комбинирам	отконирам	8
комбинирам	наконират	10
комбинирам	наконирам	17
комбинирам	кобинарам	7
комбинирам	окобирам	9
комбинирам	кобинаране	22
комбинирам	окобират	12
комбинирам	кобинарани	18
комбинирам	кобинараше	28
комбинирам	разконира	2
комбинирам	кобинарали	29
комбинирам	кобинарат	31
комбинирам	кобинарането	23
комбинирам	изконирам	24
комбинирам	изконира	1
комбинирам	кобинарате	13
комбинирам	покобират	27
комбинирам	кобинараме	33
комбинирам	кобинарах	4
комбинирам	покобирам	5
комбинирам	кобинаране	30
комбинирам	кобинарайте	26
комбинирам	отконира	0
комбинирам	разконирам	20
комбинирам	кобинараш	14
комбинирам	покобираха	11
комбинирам	кобинарах	6
комбинирам	кобинараха	25
комбинирам	кобинарай	32
търся	търси	21
търся	търсенето	23
търся	търсят	31
търся	търсете	32
търся	потърси	1
търся	изтърсят	17
търся	търсене	22
търся	отърся	0
търся	търсиха	4
търся	търсете	26
търся	потърся	5
търся	търсеха	25
търся	търс	7
търся	търсили	29
търся	отърся	9
търся	търсим	13
търся	търсейки	19
търся	потърсиха	11
търся	изтърся	24
търся	търсех	6
търся	търсите	14
търся	потърсете	3
търся	разтърся	20
търся	отърся	8
търся	търсил	15
търся	изтърси	2
търся	търсеше	28
търся	търся	34
търся	натърсят	10
търся	търсене	30
търся	потърсят	27
търся	търсини	18
търся	търсеме	33
търся	търсиш	16
търся	отърсят	12
абсорбирам	басориране	22
абсорбирам	басорират	31
абсорбирам	басорираме	33
абсорбирам	наборирам	17
абсорбирам	басорирахте	16
абсорбирам	поборираха	11
абсорбирам	наборират	10
абсорбирам	басорира	7
абсорбирам	басорира	21
абсорбирам	побори	3
абсорбирам	басорирайки	19
абсорбирам	поборират	27
абсорбирам	аборобираш	14
абсорбирам	басориране	30
абсорбирам	обасирам	9
абсорбирам	басорирайте	26
абсорбирам	разборирам	20
абсорбирам	басорираха	25
абсорбирам	обасобират	12
абсорбирам	басорирането	23
абсорбирам	басорираше	28
абсорбирам	аборирани	18
абсорбирам	побарим	5
абсорбирам	басорирах	4
абсорбирам	изабори	1
абсорбирам	басорирали	29
абсорбирам	басробирал	15
абсорбирам	отбори	0
абсорбирам	разборира	2
абсорбирам	басорирам	34
абсорбирам	басорирате	13
абсорбирам	изаборирам	24
абсорбирам	басорирай	32
абсорбирам	отбори	8
абсорбирам	басорирах	6
обличам	обличани	18
обличам	побличам	5
обличам	облича	21
обличам	обличайте	26
обличам	облича	7
обличам	побличаха	11
обличам	изоблича	1
обличам	наобличат	10
обличам	разоблича	2
обличам	поблича	3
обличам	обличали	29
обличам	отбличам	8
обличам	обличам	9
обличам	обличаме	33
обличам	разобличам	20
обличам	обличане	22
обличам	обличате	13
обличам	наобличам	17
обличам	побличат	27
обличам	обличам	34
обличам	обличайки	19
обличам	обличал	15
обличам	обличаше	28
обличам	обличахте	16
обличам	обличането	23
обличам	обличане	30
обличам	отблича	0
обличам	обличах	4
обличам	обличат	12
обличам	обличах	6
обличам	обличаха	25
обличам	обличай	32
обличам	изобличам	24
обличам	обличаш	14
обличам	обличат	31
нахапвам	нахапваха	25
нахапвам	нахапваме	33
нахапвам	изнахвам	24
нахапвам	нахапвах	4
нахапвам	онахапват	12
нахапвам	нахапваше	28
нахапвам	нахапвате	13
нахапвам	понапвам	5
нахапвам	нахапване	30
нахапвам	разнапва	2
нахапвам	понапват	27
нахапвам	нахапвали	29
нахапвам	понапва	3
нахапвам	нахапвам	17
нахапвам	нахапва	7
нахапвам	нахапва	21
нахапвам	нахапвам	34
нахапвам	нахапвах	6
нахапвам	онахапвам	9
нахапвам	нахапват	31
нахапвам	нахапват	10
нахапвам	нахапваш	14
нахапвам	нахапването	23
нахапвам	похапваха	11
нахапвам	нахапвайте	26
нахапвам	нахапи	1
нахапвам	нахапвал	15
нахапвам	нахапване	22
нахапвам	нахапвани	18
нахапвам	нахапвахте	16
нахапвам	отнапвам	8
нахапвам	нахапвай	32
нахапвам	нахапвайки	19
нахапвам	разнапвам	20
нахапвам	нахап	0
разбирам	оразбирам	9
разбирам	разбира	0
разбирам	отразбирам	8
разбирам	поразбирам	5
разбирам	разбираха	25
разбирам	наразбирам	17
разбирам	разбирани	18
разбирам	наразбират	10
разбирам	разбирайте	26
разбирам	поразбират	27
разбирам	разбират	31
разбирам	разбирах	6
разбирам	поразбира	3
разбирам	изразбирам	24
разбирам	разбирането	23
разбирам	разбирате	13
разбирам	разразбирам	20
разбирам	поразбираха	11
разбирам	оразбират	12
разбирам	разбира	21
разбирам	разбира	7
разбирам	разбиране	22
разбирам	разбирайки	19
разбирам	разбирах	4
разбирам	разбирам	34
разбирам	изразбира	1
разбирам	разбирал	15
разбирам	разбирай	32
разбирам	разбираше	28
разбирам	разбирали	29
разбирам	разбирахте	16
разбирам	разбираме	33
разбирам	разбиране	30
разбирам	разразбира	2
разбирам	разбираш	14
обсъждам	объждахте	16
обсъждам	побъждат	27
обсъждам	разосъжда	2
обсъждам	объждаш	14
обсъждам	объждане	30
обсъждам	объждани	18
обсъждам	объждам	9
обсъждам	отбъждам	8
обсъждам	объсъжда	0
обсъждам	объждай	32
обсъждам	объждат	12
обсъждам	объжда	7
обсъждам	объжда	21
обсъждам	объждаше	28
обсъждам	наобъждам	17
обсъждам	объжди	1
обсъждам	объждали	29
обсъждам	разосъждам	20
обсъждам	побъждам	5
обсъждам	объждат	31
обсъждам	набъсъждат	10
обсъждам	объждаме	33
обсъждам	объждах	6
обсъждам	объждаха	25
обсъждам	побъжда	3
обсъждам	объсъждам	34
обсъждам	объждайте	26
обсъждам	побъждаха	11
обсъждам	объждането	23
обсъждам	объждане	22
обсъждам	объждал	15
обсъждам	объждайки	19
обсъждам	объждате	13
обсъждам	объждах	4
обсъждам	изобъждам	24
давам	подават	27
давам	дава	21
давам	дава	7
давам	давах	4
давам	даването	23
давам	подаваха	11
давам	давате	13
давам	раздава	2
давам	издавам	24
давам	давайте	26
давам	отдавам	8
давам	издава	1
давам	одават	12
давам	давал	15
давам	одавам	9
давам	даваме	33
давам	раздавам	20
давам	давам	34
давам	давах	6
давам	отдава	0
давам	даване	30
давам	подава	3
давам	даване	22
давам	даваше	28
давам	давахте	16
давам	давали	29
давам	даваш	14
давам	давайки	19
давам	надавам	17
давам	надават	10
давам	дават	31
давам	давани	18
давам	даваха	25
давам	подавам	5
давам	давай	32
гласувам	отглаславам	8
гласувам	гласлуване	30
гласувам	отгласлува	0
гласувам	гласлувате	13
гласувам	гласлувай	32
гласувам	гласлувах	4
гласувам	гласлували	29
гласувам	огласлувам	9
гласувам	гласлувайки	19
гласувам	поглавам	5
гласувам	гласлуване	22
гласувам	изглавам	24
гласувам	гласлуваме	33
гласувам	погуслават	27
гласувам	гласлуваш	14
гласувам	нагласлувам	17
гласувам	гласлувал	15
гласувам	гласлуваха	25
гласувам	гласлувах	6
гласувам	поглаваха	11
гласувам	гласлувахте	16
гласувам	гласлуват	31
гласувам	гласлуваше	28
гласувам	гласлува	7
гласувам	гласлува	21
гласувам	гласлувайте	26
гласувам	разгуславам	20
гласувам	погласлува	3
гласувам	нагуслават	10
гласувам	разгласва	2
гласувам	огласлуват	12
гласувам	изгуслава	1
гласувам	гласлуването	23
гласувам	гласлувани	18
гласувам	гласлувам	34
зачитам	озачитам	9
зачитам	зачитате	13
зачитам	позачита	3
зачитам	зачитах	4
зачитам	зачитай	32
зачитам	зачитали	29
зачитам	позачитам	5
зачитам	зачитат	31
зачитам	разачитам	20
зачитам	зачитане	30
зачитам	зачиташ	14
зачитам	зачита	1
зачитам	зачитах	6
зачитам	позачитат	27
зачитам	зачитал	15
зачитам	зачитането	23
зачитам	отзачитам	8
зачитам	назачитам	17
зачитам	зачиташе	28
зачитам	зачитани	18
зачитам	зачитайки	19
зачитам	зачитахте	16
зачитам	назачитат	10
зачитам	озачитат	12
зачитам	зачитане	22
зачитам	зачитайте	26
зачитам	зачита	7
зачитам	разачита	2
зачитам	зачитаха	25
зачитам	зачитам	34
зачитам	зачитаме	33
зачитам	изачитам	24
зачитам	зачита	0
зачитам	позачитаха	11
зачитам	зачита	21
ухапвам	ухапвани	18
ухапвам	ухап	0
ухапвам	ухапвахте	16
ухапвам	ухапвал	15
ухапвам	разхапвам	20
ухапвам	ухапвай	32
ухапвам	ухапи	1
ухапвам	ухапване	30
ухапвам	ухапвах	4
ухапвам	ухапвам	8
ухапвам	нахапвам	17
ухапвам	изхапвам	24
ухапвам	ухапвате	13
ухапвам	охапвам	9
ухапвам	ухапвали	29
ухапвам	похапва	3
ухапвам	похапвам	27
ухапвам	ухапваме	33
ухапвам	нахапват	10
ухапвам	ухапваш	14
ухапвам	ухапва	7
ухапвам	ухапва	21
ухапвам	ухапваха	25
ухапвам	разхапва	2
ухапвам	ухапвах	6
ухапвам	похапваха	11
ухапвам	ухапваше	28
ухапвам	ухапвайки	19
ухапвам	ухапват	31
ухапвам	ухапване	22
ухапвам	ухапвайте	26
ухапвам	оухапват	12
ухапвам	похапвам	5
ухапвам	ухапването	23
ухапвам	ухапвам	34
изговарям	изговаря	21
изговарям	изговаря	7
изговарям	отизоварям	8
изговарям	поизговаряха	11
изговарям	изговаряше	28
изговарям	изговаряй	32
изговарям	изговаряме	33
изговарям	изговарянето	23
изговарям	изговарят	31
изговарям	изговаряхте	16
изговарям	изговарял	15
изговарям	изговарям	24
изговарям	поиговарям	5
изговарям	изговарях	4
изговарям	оизговарят	12
изговарям	изговаряха	25
изговарям	изговаряте	13
изговарям	изговаряйте	26
изговарям	изговаряйки	19
изговарям	разговарям	20
изговарям	изговаряне	22
изговарям	оизговарям	9
изговарям	поиговаря	3
изговарям	изговаря	0
изговарям	изговарях	6
изговарям	изговаряли	29
изговарям	разговаря	2
изговарям	изговаряш	14
изговарям	изговаряни	18
изговарям	наиговарят	10
изговарям	изговарям	34
изговарям	изговаряне	30
изговарям	изговаря	1
изговарям	поизговарят	27
изговарям	наиговарям	17
интересувам	инерествувах	6
интересувам	инерествуваше	28
интересувам	инерествувани	18
интересувам	инерествуваш	14
интересувам	инерествувам	34
интересувам	инерествувал	15
интересувам	инерествувай	32
интересувам	инерествуване	30
интересувам	инерествувахте	16
интересувам	инерествуването	23
интересувам	поитрествуват	27
интересувам	оитерссствувам	9
интересувам	инерествували	29
интересувам	инерествувайки	19
интересувам	наитрествуват	10
интересувам	инерествува	7
интересувам	инерествува	21
интересувам	поитрествува	3
интересувам	изнерствувам	8
интересувам	инерествувате	13
интересувам	инерествуваха	25
интересувам	изнери	1
интересувам	разирествува	2
интересувам	поитрествува	11
интересувам	наитрествувам	17
интересувам	инерествувах	4
интересувам	разирествувам	20
интересувам	инереству	0
интересувам	поитерствувам	5
интересувам	изнирествувам	24
интересувам	инерествуват	31
интересувам	инерествуваме	33
интересувам	инереселствуване	22
интересувам	оитерссствуват	12
интересувам	инерествувайте	26
пиша	пишеше	4
пиша	пишеше	28
пиша	изпиша	1
пиша	пишане	22
пиша	опишат	12
пиша	пишани	18
пиша	пишане	30
пиша	пишах	6
пиша	пишаме	33
пиша	пишате	14
пиша	пишат	31
пиша	пишате	13
пиша	пишал	15
пиша	пишай	32
пиша	изпиша	24
пиша	пишайки	19
пиша	напишат	10
пиша	напиша	17
пиша	пиша	7
пиша	пиша	21
пиша	пишаха	25
пиша	пишането	23
пиша	пишали	29
пиша	пише	5
пиша	изпиша	2
пиша	разпиша	20
пиша	попишат	27
пиша	попишаха	11
пиша	опиша	9
пиша	попиша	3
пиша	пишайте	26
пиша	пишаш	16
пиша	пишете	8
пиша	отпиша	0
пиша	пиша	34
прехапвам	прехапва	7
прехапвам	прехапвахте	16
прехапвам	прехапвани	18
прехапвам	прехапвайки	19
прехапвам	разпрехавам	20
прехапвам	попрехават	27
прехапвам	отпрехапвам	8
прехапвам	попрехапваха	11
прехапвам	попрехапвам	5
прехапвам	опрехапват	12
прехапвам	прехапваха	25
прехапвам	прехапват	31
прехапвам	прехапвай	32
прехапвам	прехапваме	33
прехапвам	прехапвате	13
прехапвам	прехапване	22
прехапвам	прехапвах	6
прехапвам	попрехапва	3
прехапвам	прехапваше	28
прехапвам	напрехапвам	17
прехапвам	прехапвали	29
прехапвам	прехапи	1
прехапвам	прехапвах	4
прехапвам	прехапвал	15
прехапвам	разпреха	2
прехапвам	прехапвайте	26
прехапвам	опрехапвам	9
прехапвам	прехап	0
прехапвам	напрехават	10
прехапвам	прехапваш	14
прехапвам	прехапва	21
прехапвам	прехапването	23
прехапвам	прехапвам	34
прехапвам	изпрехапвам	24
прехапвам	прехапване	30
желая	разжела	20
желая	изжелаи	2
желая	желаи	21
желая	желаене	30
желая	отжела	0
желая	желаей	32
желая	желаене	22
желая	изжелая	24
желая	нажелаят	10
желая	желаил	15
желая	желаейки	19
желая	желаеше	28
желая	желаех	6
желая	желаини	18
желая	желаим	13
желая	желаиш	16
желая	пожелаят	27
желая	отжелая	8
желая	жела	7
желая	ожелая	9
желая	желаят	31
желая	пожелаиха	11
желая	желаите	14
желая	желаето	23
желая	пожелаете	3
желая	пожелаи	1
желая	желаиха	4
желая	пожелая	5
желая	изжелаят	17
желая	желаеме	33
желая	желая	34
желая	желаили	29
желая	желаеха	25
желая	желаете	26
желая	ожелаят	12
заоравам	озаравам	9
заоравам	позарава	3
заоравам	заровавате	13
заоравам	зарои	1
заоравам	позараваха	11
заоравам	заравайте	26
заоравам	разаровам	20
заоравам	зароваваш	14
заоравам	позарават	27
заоравам	заровавах	4
заоравам	зароваваха	25
заоравам	назароват	10
заоравам	заровавал	15
заоравам	изаровавам	24
заоравам	заровавам	34
заоравам	зароваване	22
заоравам	зарорава	7
заоравам	зарова	0
заоравам	зароваваше	28
заоравам	заравахте	16
заоравам	заровавах	6
заоравам	заровавай	32
заоравам	заровавани	18
заоравам	назаравам	17
заоравам	позаровам	5
заоравам	зараването	23
заоравам	заровавайки	19
заоравам	зарават	31
заоравам	заровавали	29
заоравам	раззарава	2
заоравам	озарават	12
заоравам	зароваваме	33
заоравам	отзаровам	8
заоравам	зароваване	30
заоравам	зарава	21
изпитам	изпиташе	28
изпитам	изпита	21
изпитам	изпита	7
изпитам	изпитат	31
изпитам	изпитате	13
изпитам	изпитаме	33
изпитам	оизпитат	12
изпитам	изпитане	30
изпитам	изпитал	15
изпитам	изпитай	32
изпитам	изпитам	24
изпитам	поизпита	3
изпитам	изпита	1
изпитам	наитат	10
изпитам	отизпитам	8
изпитам	изпиташ	14
изпитам	наитам	17
изпитам	изпитахте	16
изпитам	поизпитам	5
изпитам	изпитах	4
изпитам	изпитайки	19
изпитам	разпитам	20
изпитам	опитам	9
изпитам	изпитане	22
изпитам	изпитаха	25
изпитам	изпитани	18
изпитам	разпита	2
изпитам	изпитам	34
изпитам	изпитали	29
изпитам	поитаха	11
изпитам	изпитайте	26
изпитам	изпита	0
изпитам	изпитах	6
изпитам	поитат	27
изпитам	изпитането	23
плащам	плащате	13
плащам	плащането	23
плащам	поплащат	27
плащам	плащаме	33
плащам	плащах	4
плащам	плащаш	14
плащам	разплащам	20
плащам	поплаща	3
плащам	наплащат	10
плащам	плащахте	16
плащам	изплаща	1
плащам	оплащат	12
плащам	оплащам	9
плащам	плащат	31
плащам	разплаща	2
плащам	плащайки	19
плащам	изплащам	24
плащам	поплащаха	11
плащам	плащане	30
плащам	поплащам	5
плащам	отплащам	8
плащам	плаща	21
плащам	плаща	7
плащам	плащани	18
плащам	наплащам	17
плащам	плащане	22
плащам	плащах	6
плащам	плащал	15
плащам	отплаща	0
плащам	плащам	34
плащам	плащаше	28
плащам	плащайте	26
плащам	плащали	29
плащам	плащаха	25
плащам	плащай	32
забравям	забравяте	13
забравям	изабравям	24
забравям	озабравям	9
забравям	позабравям	5
забравям	озабравят	12
забравям	забравят	31
забравям	забравяйте	26
забравям	забравяне	30
забравям	забравяш	14
забравям	забравяхте	16
забравям	забравяме	33
забравям	забравях	4
забравям	отзабравям	8
забравям	забравяни	18
забравям	забравям	34
забравям	забравяй	32
забравям	разабравям	20
забравям	забравяне	22
забравям	позабравяха	11
забравям	забравянето	23
забравям	забраи	1
забравям	забравял	15
забравям	позабравят	27
забравям	позабравя	3
забравям	забравях	6
забравям	забравяха	25
забравям	забравяше	28
забравям	разабравя	2
забравям	забравяйки	19
забравям	назабравят	10
забравям	назабравям	17
забравям	забра	0
забравям	забравя	21
забравям	забравя	7
забравям	забравяли	29
удовлетворявам	поудовлетворя	3
удовлетворявам	поудовлетворят	27
удовлетворявам	удовлетворях	6
удовлетворявам	удовлетворям	34
удовлетворявам	удовлетворя	1
удовлетворявам	удовлетворяме	33
удовлетворявам	удовлетворяваш	14
удовлетворявам	удовлетворяни	18
удовлетворявам	удовлетворя	0
удовлетворявам	удовлетворя	7
удовлетворявам	удовлетворя	21
удовлетворявам	удовлетворяте	13
удовлетворявам	удовлетворяше	28
удовлетворявам	изудовлетворям	24
удовлетворявам	удовлетворя	8
удовлетворявам	удовлетворяне	22
удовлетворявам	поудовлетворям	5
удовлетворявам	удовлетворяйте	26
удовлетворявам	удовлетворяйки	19
удовлетворявам	удовлетворяха	25
удовлетворявам	наудовлетворям	17
удовлетворявам	удовлетворянето	23
удовлетворявам	раздовлетворя	2
удовлетворявам	поудовлетворяха	11
удовлетворявам	оудовлетворят	12
удовлетворявам	удовлетворяли	29
удовлетворявам	наудовлетворят	10
удовлетворявам	раздовлетворям	20
удовлетворявам	удовлетворят	31
удовлетворявам	удовлетворях	4
удовлетворявам	удовлетворял	15
удовлетворявам	удовлетворявай	32
удовлетворявам	оудовлетворям	9
удовлетворявам	удовлетворяне	30
удовлетворявам	удовлетворяхте	16
вземам	вземайки	19
вземам	вземате	13
вземам	навземат	10
вземам	извемам	24
вземам	отвземам	8
вземам	овземат	12
вземам	навземам	17
вземам	вземане	22
вземам	вземаха	25
вземам	отвзема	0
вземам	вземаш	14
вземам	вземах	4
вземам	развемам	20
вземам	вземането	23
вземам	вземахте	16
вземам	повземаха	11
вземам	взема	21
вземам	вземали	29
вземам	вземай	32
вземам	вземат	31
вземам	вземайте	26
вземам	вземам	34
вземам	извема	1
вземам	вземаме	33
вземам	повземат	27
вземам	развема	2
вземам	вземани	18
вземам	вземане	30
вземам	вземам	7
вземам	вземал	15
вземам	овземам	9
вземам	вземах	6
вземам	повземам	5
вземам	повзема	3
вземам	вземаше	28
обесвам	обесвах	6
обесвам	обесвали	29
обесвам	обесват	12
обесвам	обесваме	33
обесвам	побесвам	5
обесвам	наобесвам	17
обесвам	обесвахте	16
обесвам	обесваше	28
обесвам	обеси	1
обесвам	разобесвам	20
обесвам	отбесвам	8
обесвам	обесвате	13
обесвам	обесвам	9
обесвам	обесвай	32
обесвам	обесвани	18
обесвам	побесваха	11
обесвам	обесване	30
обесвам	обесва	7
обесвам	обесва	21
обесвам	обесваш	14
обесвам	обесват	31
обесвам	обесвал	15
обесвам	обес	0
обесвам	обесвайки	19
обесвам	обесвах	4
обесвам	наобесват	10
обесвам	побесват	27
обесвам	обесвам	34
обесвам	изобесвам	24
обесвам	обесване	22
обесвам	обесването	23
обесвам	обесвайте	26
обесвам	разобесва	2
обесвам	обесваха	25
обесвам	побесва	3
започвам	започваме	33
започвам	започвахте	16
започвам	започвах	4
започвам	напочват	10
започвам	започвам	34
започвам	позапочвам	5
започвам	разапочва	2
започвам	започвате	13
започвам	започване	30
започвам	започвайки	19
започвам	започ	0
започвам	започва	7
започвам	започва	21
започвам	започваше	28
започвам	започвай	32
започвам	разапочвам	20
започвам	назапочвам	17
започвам	озапочвам	9
започвам	позапочва	3
започвам	започването	23
започвам	започвани	18
започвам	започват	31
започвам	изапочвам	24
започвам	започвал	15
започвам	започи	1
започвам	започвах	6
започвам	позапочваха	11
започвам	озапочват	12
започвам	започвайте	26
започвам	позапочват	27
започвам	започваха	25
започвам	отзапочвам	8
започвам	започваш	14
започвам	започване	22
започвам	започвали	29
омитам	изомита	1
омитам	намитам	17
омитам	отмитам	8
омитам	омитате	13
омитам	разомита	2
омитам	омитайте	26
омитам	омитах	4
омитам	помита	3
омитам	помитат	27
омитам	омитат	31
омитам	омитам	9
омитам	намитат	10
омитам	омитаме	33
омитам	омиташ	14
омитам	отмита	0
омитам	омитането	23
омитам	омитам	34
омитам	омитат	12
омитам	омитаха	25
омитам	омитали	29
омитам	помитаха	11
омитам	омитане	30
омитам	изомитам	24
омитам	омитани	18
омитам	омита	7
омитам	омита	21
омитам	помитам	5
омитам	омитай	32
омитам	омитахте	16
омитам	омитане	22
омитам	омиташе	28
омитам	омитал	15
омитам	омитах	6
омитам	омитайки	19
омитам	разомитам	20
ям	наят	10
ям	разям	20
ям	изя	1
ям	яме	33
ям	ят	31
ям	яй	32
ям	яхте	16
ям	отя	0
ям	яне	22
ям	ях	6
ям	отям	8
ям	янето	23
ям	яни	18
ям	ял	15
ям	яйте	26
ям	яше	28
ям	наям	17
ям	яш	14
ям	я	21
ям	я	7
ям	пояха	11
ям	яха	25
ям	оям	9
ям	ям	34
ям	яли	29
ям	яйки	19
ям	разя	2
ям	поям	5
ям	яте	13
ям	поя	3
ям	оят	12
ям	ях	4
ям	поят	27
ям	изям	24
ям	яне	30
разнасям	поразнасяха	11
разнасям	разнасяйте	26
разнасям	разнасях	4
разнасям	разнасяха	25
разнасям	разнасяте	13
разнасям	разнасял	15
разнасям	разнасяш	14
разнасям	изразнасям	24
разнасям	разнасяй	32
разнасям	отразнасям	8
разнасям	разнасяне	30
разнасям	поразнася	3
разнасям	оразнасят	12
разнасям	разнасях	6
разнасям	разразням	20
разнасям	разнасяхте	16
разнасям	разнасяше	28
разнасям	разнася	0
разнасям	разнасят	31
разнасям	разнасяни	18
разнасям	оразнасям	9
разнасям	поразнасят	27
разнасям	наразнасят	10
разнасям	изразнася	1
разнасям	разнасяне	22
разнасям	разнасяйки	19
разнасям	разнасяме	33
разнасям	наразнасям	17
разнасям	разнася	21
разнасям	разнася	7
разнасям	разразня	2
разнасям	разнасяли	29
разнасям	поразнасям	5
разнасям	разнасям	34
разнасям	разнасянето	23
изслушвам	изслушвам	34
изслушвам	изслушване	22
изслушвам	разислушвам	20
изслушвам	изслушвах	6
изслушвам	изслуши	1
изслушвам	поислушва	3
изслушвам	изслушвам	8
изслушвам	изслушвани	18
изслушвам	изслушват	31
изслушвам	изслушвате	13
изслушвам	изслушвай	32
изслушвам	поислушвам	5
изслушвам	изслушва	7
изслушвам	наислушват	10
изслушвам	изслушва	21
изслушвам	изслушвайки	19
изслушвам	поизслушват	27
изслушвам	изслушвайте	26
изслушвам	оизслушвам	9
изслушвам	изслушваха	25
изслушвам	оизслушват	12
изслушвам	изслушваме	33
изслушвам	изислушвам	24
изслушвам	изслушвахте	16
изслушвам	наислушвам	17
изслушвам	поислушваха	11
изслушвам	изслуш	0
изслушвам	изслушване	30
изслушвам	изслушвах	4
изслушвам	изслушването	23
изслушвам	изслушвали	29
изслушвам	изслушваш	14
изслушвам	разислушва	2
изслушвам	изслушваше	28
изслушвам	изслушвал	15
отвеждам	изотвеждам	24
отвеждам	отвеждах	4
отвеждам	отвеждаше	28
отвеждам	отвеждай	32
отвеждам	потвеждам	5
отвеждам	отвеждаме	33
отвеждам	отвеждат	12
отвеждам	наотвеждам	17
отвеждам	отвеждани	18
отвеждам	отвеждайки	19
отвеждам	отвеждали	29
отвеждам	отвежда	7
отвеждам	отвеждах	6
отвеждам	отвеждал	15
отвеждам	отвежда	21
отвеждам	разотвежда	2
отвеждам	отвеждахте	16
отвеждам	отвеждане	30
отвеждам	отвежда	1
отвеждам	отвеждате	13
отвеждам	отвеждам	9
отвеждам	отвеждаш	14
отвеждам	потвежда	3
отвеждам	наотвеждат	10
отвеждам	разотвеждам	20
отвеждам	отвеждат	31
отвеждам	отвеждането	23
отвеждам	отвеждаха	25
отвеждам	отвеждайте	26
отвеждам	потвеждаха	11
отвеждам	отвеждам	8
отвеждам	отвежда	0
отвеждам	потвеждат	27
отвеждам	отвеждам	34
отвеждам	отвеждане	22
заслужавам	позаслужавам	5
заслужавам	заслужавани	18
заслужавам	заслужавал	15
заслужавам	озаслужават	12
заслужавам	заслужаваше	28
заслужавам	позаслужават	27
заслужавам	заслужа	1
заслужавам	заслужавах	6
заслужавам	заслужавай	32
заслужавам	заслужавам	34
заслужавам	заслужаваш	14
заслужавам	заслужавайте	26
заслужавам	озаслужавам	9
заслужавам	наслужавам	17
заслужавам	заслужавайки	19
заслужавам	разаслужавам	20
заслужавам	заслужаваха	25
заслужавам	заслужавам	8
заслужавам	заслужа	0
заслужавам	позаслужава	3
заслужавам	заслужаване	22
заслужавам	наслужават	10
заслужавам	заслужавате	13
заслужавам	заслужават	31
заслужавам	заслужаваме	33
заслужавам	изаслужавам	24
заслужавам	позаслужаваха	11
заслужавам	заслужава	21
заслужавам	заслужава	7
заслужавам	заслужавах	4
заслужавам	разаслужава	2
заслужавам	заслужавахте	16
заслужавам	заслужаването	23
заслужавам	заслужавали	29
заслужавам	заслужаване	30
озадачавам	озадавам	9
озадачавам	озадаваме	33
озадачавам	озадавал	15
озадачавам	озадаваха	25
озадачавам	озадава	7
озадачавам	озада	0
озадачавам	озадава	21
озадачавам	озадавай	32
озадачавам	позадвам	5
озадачавам	наоздавам	17
озадачавам	отдадавам	8
озадачавам	озадаваш	14
озадачавам	озадаване	30
озадачавам	разочава	2
озадачавам	позадваха	11
озадачавам	разоздавам	20
озадачавам	озадаваше	28
озадачавам	озадавах	6
озадачавам	озадаването	23
озадачавам	поздачва	3
озадачавам	озадавайте	26
озадачавам	озадавам	34
озадачавам	озадаване	22
озадачавам	озадавахте	16
озадачавам	озадават	12
озадачавам	озадавах	4
озадачавам	озадавайки	19
озадачавам	озадавани	18
озадачавам	озадавате	13
озадачавам	изоздавам	24
озадачавам	озадават	31
озадачавам	озадавали	29
озадачавам	наоздават	10
озадачавам	оздади	1
озадачавам	позадват	27
правя	правя	34
правя	поправете	3
правя	правили	29
правя	правят	31
правя	направят	10
правя	правеха	25
правя	правето	23
правя	отправя	0
правя	правиш	16
правя	поправят	27
правя	правил	15
правя	правите	14
правя	правене	30
правя	правене	22
правя	правийки	19
правя	правиха	4
правя	правете	26
правя	правеше	28
правя	прави	21
правя	поправиха	11
правя	изправя	24
правя	разправя	20
правя	поправя	5
правя	изправи	2
правя	оправя	9
правя	правим	13
правя	прав	7
правя	правини	18
правя	правеме	33
правя	направя	17
правя	правий	32
правя	правех	6
правя	поправи	1
правя	отправя	8
правя	оправят	12
навестявам	навествани	18
навестявам	навествяли	29
навестявам	навествате	13
навестявам	навестваха	25
навестявам	навестват	31
навестявам	онавядвам	9
навестявам	навествях	4
навестявам	навествахте	16
навестявам	навест	0
навестявам	разнаствям	20
навестявам	отнаствям	8
навестявам	нанастявам	17
навестявам	навестваме	33
навестявам	понастяват	27
навестявам	изнастявам	24
навестявам	нанастяват	10
навестявам	навества	7
навестявам	навества	21
навестявам	понастявам	5
навестявам	понаствяха	11
навестявам	навестване	30
навестявам	навествянето	23
навестявам	навестваше	28
навестявам	навести	1
навестявам	разнаствя	2
навестявам	понаствя	3
навестявам	навествайте	26
навестявам	навестване	22
навестявам	онавятват	12
навестявам	навествам	34
навестявам	навествах	6
навестявам	навествяш	14
навестявам	навествай	32
навестявам	навествайки	19
навестявам	навествал	15
