estimate	estimates	2
estimate	estimateing	1
estimate	estimated	0
estimate	estimate	3
vum	vumming	1
vum	vumms	2
vum	vumm	3
vum	vummed	0
hope	hope	3
hope	hoped	0
hope	hopeing	1
hope	hopes	2
transvest	transted	0
transvest	transtes	1
transvest	transeste	3
transvest	transtes	2
move	moved	0
move	moves	2
move	move	3
move	moveing	1
unforgive	unfforgeing	1
unforgive	unfforged	0
unforgive	unfforve	3
unforgive	unfforves	2
graft	grafting	1
graft	grafts	2
graft	graft	3
graft	grafted	0
disally	disalys	2
disally	disaling	1
disally	disal	3
disally	disalyed	0
island	islanded	0
island	islanding	1
island	islands	2
island	island	3
export	expported	0
export	expports	2
export	expport	3
export	expporting	1
pervert	pervert	3
pervert	perverting	1
pervert	perverts	2
pervert	perverted	0
desuperheat	desupers	2
desuperheat	desupering	1
desuperheat	desuperate	3
desuperheat	desuperated	0
bury	buryed	0
bury	burys	2
bury	bury	3
bury	burying	1
romanticize	romantes	2
romanticize	romante	3
romanticize	rommanteing	1
romanticize	rommainted	0
wait	waited	0
wait	waiting	1
wait	wait	3
wait	waits	2
preallocate	prealocte	3
preallocate	prealocteing	1
preallocate	prealoctes	2
preallocate	prealocted	0
dirt	dirted	0
dirt	dirting	1
dirt	dirt	3
dirt	dirts	2
slug	slug	3
slug	slugs	2
slug	sluged	0
slug	sluging	1
utter	utter	3
utter	utters	2
utter	uttered	0
utter	uttering	1
cog	coged	0
cog	cogs	2
cog	cog	3
cog	coging	1
spend	spend	3
spend	spended	0
spend	spends	2
spend	spending	1
pelletize	peleting	1
pelletize	pellete	3
pelletize	peletined	0
pelletize	peleting	2
drop	drop	3
drop	droping	1
drop	droped	0
drop	drops	2
stove	stoved	0
stove	stoveing	1
stove	stoves	2
stove	stove	3
shake	shake	3
shake	shaked	0
shake	shakes	2
shake	shakeing	1
fugle	fulle	3
fugle	fulleing	1
fugle	fulled	0
fugle	fulles	2
chest	chesting	1
chest	chests	2
chest	chested	0
chest	chest	3
unsettle	unsettled	0
unsettle	unsettle	3
unsettle	unsettles	2
unsettle	unsettleing	1
lightning	lightning	0
lightning	lightning	2
lightning	lightning	3
lightning	lightning	1
uncunt	uncunted	0
uncunt	uncunts	2
uncunt	uncunt	3
uncunt	uncunting	1
end	ends	2
end	ending	1
end	end	3
end	ended	0
overcentralize	overctering	1
overcentralize	overctled	0
overcentralize	overcter	3
overcentralize	overcters	2
deacon	deaconed	0
deacon	deacons	2
deacon	deacon	3
deacon	deaconing	1
burgeon	burgeon	3
burgeon	burgeons	2
burgeon	burgeoned	0
burgeon	burgeoning	1
service	serviced	0
service	services	2
service	service	3
service	serviceing	1
ghess	ghes	3
ghess	gheses	0
ghess	ghesing	1
ghess	ghes	2
subdue	subdueing	1
subdue	subdues	2
subdue	subdued	0
subdue	subdue	3
demodulate	demouldted	0
demodulate	demouldte	3
demodulate	demouldtes	2
demodulate	demouldteing	1
roof	roffed	0
roof	roofs	2
roof	roof	3
roof	roffing	1
rebid	rebid	3
rebid	rebided	0
rebid	rebids	2
rebid	rebiding	1
unite	united	0
unite	unite	3
unite	uniteing	1
unite	unites	2
scam	scam	3
scam	scams	2
scam	scaming	1
scam	scamed	0
winter	winter	3
winter	wintered	0
winter	winters	2
winter	wintering	1
murk	murked	0
murk	murk	3
murk	murks	2
murk	murking	1
nature	natureing	1
nature	nature	3
nature	natured	0
nature	natures	2
repost	reposts	2
repost	repost	3
repost	reposting	1
repost	reposted	0
haunt	haunted	0
haunt	haunt	3
haunt	haunting	1
haunt	haunts	2
toshear	toshears	2
toshear	toshearing	1
toshear	toshear	3
toshear	tosheared	0
jump	jumping	1
jump	jumps	2
jump	jumped	0
jump	jump	3
shoulder	shoulders	2
shoulder	shouldering	1
shoulder	shouldered	0
shoulder	shoulder	3
pledge	pledgeing	1
pledge	pledge	3
pledge	pledged	0
pledge	pledges	2
insidiate	insiding	0
insidiate	insiding	2
insidiate	insiding	3
insidiate	insiding	1
separate	separates	2
separate	separate	3
separate	separated	0
separate	separateing	1
overwit	overits	2
overwit	overit	3
overwit	overited	0
overwit	overting	1
goat	goating	1
goat	goated	0
goat	goats	2
goat	goat	3
prophetize	prophetes	2
prophetize	propheited	0
prophetize	prophete	3
prophetize	propheing	1
scene	scenes	2
scene	scene	3
scene	scened	0
scene	sceneing	1
enform	enforming	1
enform	enform	3
enform	enforms	2
enform	enformed	0
knee	kneed	0
knee	kneeing	1
knee	knee	3
knee	knees	2
bulldog	bulldgoing	1
bulldog	bulldgs	2
bulldog	bulldged	0
bulldog	bulldg	3
bird	bird	3
bird	birded	0
bird	birds	2
bird	birding	1
rarify	rarfiys	2
rarify	rarfiyed	0
rarify	rarfiy	3
rarify	rarfing	1
obsolete	obsoleteing	1
obsolete	obsolete	3
obsolete	obsoletes	2
obsolete	obsoleted	0
commence	commences	2
commence	commenceing	1
commence	commence	3
commence	commenced	0
bond	bonded	0
bond	bonds	2
bond	bonding	1
bond	bond	3
article	articled	0
article	article	3
article	articleing	1
article	articles	2
agree	agreeing	1
agree	agreed	0
agree	agrees	2
agree	agree	3
paean	paeans	2
paean	paeaned	0
paean	paean	3
paean	paeaning	1
perfect	perfected	0
perfect	perfects	2
perfect	perfecting	1
perfect	perfect	3
embrave	embarveing	1
embrave	embarve	3
embrave	embarved	0
embrave	embarves	2
quiet	quiet	3
quiet	quieting	1
quiet	quiets	2
quiet	quieted	0
woof	woof	3
woof	woofing	1
woof	woofs	2
woof	woofed	0
appear	appears	2
appear	appearing	1
appear	appear	3
appear	appeared	0
underlap	underap	3
underlap	underaping	1
underlap	underaps	2
underlap	underaped	0
copper	copper	3
copper	coppered	0
copper	coppers	2
copper	coppering	1
disculpate	disulptes	2
disculpate	disulpteing	1
disculpate	disulpte	3
disculpate	disulpted	0
encircle	encircles	2
encircle	encircleing	1
encircle	encircle	3
encircle	encircled	0
mank	manks	2
mank	manked	0
mank	manking	1
mank	mank	3
hunger	hungers	2
hunger	hungering	1
hunger	hunger	3
hunger	hungered	0
hyperlink	hppering	3
hyperlink	hppering	2
hyperlink	hppering	0
hyperlink	hyperling	1
full	fulled	0
full	full	3
full	fulls	2
full	fulling	1
bescare	bescares	2
bescare	bescared	0
bescare	bescareing	1
bescare	bescara	3
slave	slaveing	1
slave	slaves	2
slave	slave	3
slave	slaved	0
unmap	unmap	3
unmap	unmaping	1
unmap	unmaped	0
unmap	unmaps	2
thunder	thundering	1
thunder	thunder	3
thunder	thunders	2
thunder	thundered	0
deech	deeched	0
deech	dechs	2
deech	deech	3
deech	deeching	1
field	field	3
field	fielded	0
field	fields	2
field	fielding	1
gummer	gummered	0
gummer	gummer	3
gummer	gummers	2
gummer	gummering	1
resist	resisting	1
resist	resist	3
resist	resisted	0
resist	resists	2
predeposit	predeoists	2
predeposit	predpoisted	0
predeposit	predpoist	3
predeposit	predpoisting	1
waver	waver	3
waver	wavers	2
waver	wavered	0
waver	wavering	1
euthanase	euthans	1
euthanase	euthanse	3
euthanase	euthans	2
euthanase	euthansed	0
amount	amount	3
amount	amounts	2
amount	amounting	1
amount	amounted	0
tan	taned	0
tan	taning	1
tan	tans	2
tan	tan	3
acknowledge	acknowledged	0
acknowledge	acknowledgeing	1
acknowledge	acknowledges	2
acknowledge	acknowledge	3
bald	balding	1
bald	bald	3
bald	balds	2
bald	balded	0
sleep	sleeps	2
sleep	sleeping	1
sleep	sleep	3
sleep	sleeped	0
telepath	teleathing	1
telepath	teleaths	2
telepath	teleathed	0
telepath	teleath	3
attempt	attempting	1
attempt	attempted	0
attempt	attempt	3
attempt	attempts	2
outzany	outs	2
outzany	outnay	3
outzany	outeayed	0
outzany	outnaying	1
