nostattaa	nostattaisin	1
nostattaa	nostattavat	19
nostattaa	nostattaa	20
nostattaa	nostata	13
nostattaa	nostattaneet	17
nostattaa	nostattaessaan	6
nostattaa	nostattanut	14
nostattaa	nostattakoot	8
nostattaa	nostattivat	12
nostattaa	nostattako	11
nostattaa	nostattamaan	7
nostattaa	nostatti	9
nostattaa	nostattaen	16
nostattaa	nostattava	18
nostattaa	nostatetaan	4
nostattaa	nostatan	2
nostattaa	nostattakaa	5
nostattaa	nostattaakseen	3
nostattaa	nostattaisi	15
nostattaa	nostat	0
nostattaa	nostattakoon	10
saota	saotisi	15
saota	saotkaa	5
saota	saot	0
saota	saotkoot	8
saota	saotvat	19
saota	saotneet	17
saota	saotan	2
saota	saotivat	12
saota	sao	13
saota	saota	20
saota	saot	4
saota	saotisin	1
saota	saoti	9
saota	saotko	11
saota	saotessaan	6
saota	saotnut	14
saota	saotmaan	7
saota	saotkoon	10
saota	saotva	18
saota	saotakseen	3
saota	saoten	16
jylistä	jylistäko	11
jylistä	jylistäen	10
jylistä	jylistäessään	6
jylistä	jylistä	1
jylistä	jylistä	20
jylistä	jylistänyt	14
jylistä	jylistävät	19
jylistä	jylistäen	16
jylistä	jylistän	2
jylistä	jylistäkoot	8
jylistä	jylistävä	18
jylistä	jylistä	4
jylistä	jylistäneet	17
jylistä	jylistivät	12
jylistä	jylistäkseen	3
jylistä	jylistämän	0
jylistä	jylisti	9
jylistä	jylistämään	7
jylistä	jylistäisi	15
jylistä	jylistäkää	5
jylistä	jylistä	13
indusoida	indusoi	13
indusoida	indusoidkoon	10
indusoida	indusoidmaan	7
indusoida	indusoiva	18
indusoida	indusoidko	11
indusoida	indusoidakseen	3
indusoida	indusoivat	12
indusoida	indusoiden	16
indusoida	indusoi	9
indusoida	indusoidet	17
indusoida	indusoidat	19
indusoida	indusoisin	1
indusoida	indusoidan	0
indusoida	indusoidnut	14
indusoida	indusoidessaan	6
indusoida	indusoidkoot	8
indusoida	indusoidkaa	5
indusoida	indusoida	20
indusoida	indusoin	2
indusoida	indusoisi	15
indusoida	indusoid	4
noutaa	noutava	18
noutaa	nout	0
noutaa	noutamaan	7
noutaa	noutako	11
noutaa	noutaisi	15
noutaa	noutaessaan	6
noutaa	noutaisin	1
noutaa	nouta	4
noutaa	noutaneet	17
noutaa	noutan	2
noutaa	noutakaa	5
noutaa	nouta	13
noutaa	noutakoon	10
noutaa	noutivat	12
noutaa	noutaa	20
noutaa	noutavat	19
noutaa	nouti	9
noutaa	noutakoot	8
noutaa	noutaen	16
noutaa	noutaakseen	3
noutaa	noutanut	14
ängetä	äntetä	20
ängetä	äntettivät	12
ängetä	änettämään	7
ängetä	änteten	10
ängetä	ännetkää	5
ängetä	änteti	9
ängetä	änettäessään	6
ängetä	änettävät	19
ängetä	änettäneet	17
ängetä	äntetävä	18
ängetä	äntetän	2
ängetä	äntetko	11
ängetä	äntetkoot	8
ängetä	äntetäkseen	3
ängetä	äntet	0
ängetä	äntetäisi	15
ängetä	änaetä	13
ängetä	änteten	16
ängetä	änetetään	4
ängetä	änettänyt	14
ängetä	ännety	1
arvostella	arvostellan	16
arvostella	arvostellat	8
arvostella	arvostella	20
arvostella	arvostellat	17
arvostella	arvostellan	0
arvostella	arvostellan	10
arvostella	arvostellan	2
arvostella	arvostellaan	6
arvostella	arvostella	5
arvostella	arvostella	13
arvostella	arvostellan	1
arvostella	arvostellat	14
arvostella	arvostellat	19
arvostella	arvostellaan	7
arvostella	arvostellaan	4
arvostella	arvostellat	12
arvostella	arvostelli	9
arvostella	arvostella	18
arvostella	arvostella	15
arvostella	arvostellakseen	3
arvostella	arvostella	11
käpyillä	käpyillät	8
käpyillä	käpyil	0
käpyillä	käpyillät	19
käpyillä	käpyillä	20
käpyillä	käpyillä	11
käpyillä	käpyilly	1
käpyillä	käpyillä	18
käpyillä	käpyillän	16
käpyillä	käpyillä	5
käpyillä	käpyillät	12
käpyillä	käpyillään	6
käpyillä	käpyillään	7
käpyillä	käpyillät	14
käpyillä	käpyillän	10
käpyillä	käpyillä	15
käpyillä	käpyil	13
käpyillä	käpyilläkseen	3
käpyillä	käpyillä	4
käpyillä	käpyilän	2
käpyillä	käpyillät	17
käpyillä	käpyillä	9
rynnistää	rynnistäen	16
rynnistää	rynnistää	20
rynnistää	rynnistäko	11
rynnistää	rynnistäneet	17
rynnistää	rynnistäkää	5
rynnistää	rynnistäen	10
rynnistää	rynnistävä	18
rynnistää	rynnistän	2
rynnistää	rynnistänyt	14
rynnistää	rynnistäessään	6
rynnistää	rynnistäy	1
rynnistää	rynnistääkseen	3
rynnistää	rynnistämän	0
rynnistää	rynnistävät	19
rynnistää	rynnistä	13
rynnistää	rynnistämään	7
rynnistää	rynnistivät	12
rynnistää	rynnistäisi	15
rynnistää	rynnistä	4
rynnistää	rynnistäkoot	8
rynnistää	rynnisti	9
paalittaa	paalittaessaan	6
paalittaa	paalittaen	16
paalittaa	paalitetaan	4
paalittaa	paalittava	18
paalittaa	paalittakoon	10
paalittaa	paalittamaan	7
paalittaa	paalita	13
paalittaa	paalitan	2
paalittaa	paalittanut	14
paalittaa	paalittako	11
paalittaa	paalittaisi	15
paalittaa	paalittavat	19
paalittaa	paalittakaa	5
paalittaa	paalittaneet	17
paalittaa	paalittaa	20
paalittaa	paalitti	9
paalittaa	paalittaisin	1
paalittaa	paalittaakseen	3
paalittaa	paalittivat	12
paalittaa	paalit	0
paalittaa	paalittakoot	8
hukuttaa	hukuttako	11
hukuttaa	hukuttakoot	8
hukuttaa	hukutti	9
hukuttaa	hukuttanut	14
hukuttaa	hukuttaa	20
hukuttaa	hukutetaan	4
hukuttaa	hukuttamaan	7
hukuttaa	hukuttava	18
hukuttaa	hukuttavat	19
hukuttaa	hukuttaen	16
hukuttaa	hukuttaessaan	6
hukuttaa	hukuttakaa	5
hukuttaa	hukuta	13
hukuttaa	hukuttaisi	15
hukuttaa	hukutan	2
hukuttaa	hukuttivat	12
hukuttaa	hukuttaneet	17
hukuttaa	hukuttakoon	10
hukuttaa	hukuttaisin	1
hukuttaa	hukut	0
hukuttaa	hukuttaakseen	3
jyrytä	jyrytäkseen	3
jyrytä	jyrytko	11
jyrytä	jyrytivät	12
jyrytä	jyrytessään	6
jyrytä	jyrytvä	18
jyrytä	jyryten	16
jyrytä	jyryti	9
jyrytä	jyrytisi	15
jyrytä	jyryt	0
jyrytä	jyrytvät	19
jyrytä	jyrytän	2
jyrytä	jyryten	10
jyrytä	jyrytnyt	14
jyrytä	jyryt	4
jyrytä	jyryt	13
jyrytä	jyryty	1
jyrytä	jyrytmään	7
jyrytä	jyrytkää	5
jyrytä	jyrytneet	17
jyrytä	jyrytä	20
jyrytä	jyrytkoot	8
hioa	hioi	9
hioa	hionut	14
hioa	hioen	16
hioa	hioessaan	6
hioa	hiova	18
hioa	hiokoot	8
hioa	hioakseen	3
hioa	hioman	0
hioa	hiou	2
hioa	hiokaa	5
hioa	hioivat	12
hioa	hioisin	1
hioa	hioneet	17
hioa	hiokoon	10
hioa	hioisi	15
hioa	hio	13
hioa	hio	4
hioa	hioa	20
hioa	hiomaan	7
hioa	hioko	11
hioa	hiovat	19
kipittää	kipittävät	19
kipittää	kipitä	13
kipittää	kipittäen	10
kipittää	kipittäy	1
kipittää	kipittäkää	5
kipittää	kipitti	9
kipittää	kipit	0
kipittää	kipittäkoot	8
kipittää	kipittänyt	14
kipittää	kipittävä	18
kipittää	kipittämään	7
kipittää	kipittäneet	17
kipittää	kipittäisi	15
kipittää	kipittääkseen	3
kipittää	kipittäko	11
kipittää	kipittää	20
kipittää	kipittivät	12
kipittää	kipitän	2
kipittää	kipittäessään	6
kipittää	kipittäen	16
kipittää	kipitetään	4
maistaa	maistaa	20
maistaa	maistako	11
maistaa	maistaakseen	3
maistaa	maisti	9
maistaa	maisa	13
maistaa	maistakaa	5
maistaa	maistivat	12
maistaa	maistaisi	15
maistaa	maistaisin	1
maistaa	maistaessaan	6
maistaa	maistaen	16
maistaa	maistava	18
maistaa	maistaman	0
maistaa	maisan	2
maistaa	maistanut	14
maistaa	maistakoot	8
maistaa	maistakoon	10
maistaa	maistaneet	17
maistaa	maista	4
maistaa	maistavat	19
maistaa	maistamaan	7
pitentää	pitenti	9
pitentää	pitentävät	19
pitentää	pitentäisi	15
pitentää	pitentä	4
pitentää	pitentäkoot	8
pitentää	pitentämän	0
pitentää	pitentäneet	17
pitentää	pitentä	13
pitentää	pitentäy	1
pitentää	pitentäkää	5
pitentää	pitentäko	11
pitentää	pitentääkseen	3
pitentää	pitentäen	10
pitentää	pitentivät	12
pitentää	pitentävä	18
pitentää	pitentäessään	6
pitentää	pitentänyt	14
pitentää	pitentäen	16
pitentää	pitentämään	7
pitentää	pitentää	20
pitentää	pitentän	2
kaatua	kaatua	20
kaatua	kaatuvat	19
kaatua	kaatunut	14
kaatua	kaatui	9
kaatua	kaatuko	11
kaatua	kaatuva	18
kaatua	kaatukoon	10
kaatua	kaatuisi	15
kaatua	kaatuakseen	3
kaatua	kaatuu	2
kaatua	kaatuessaan	6
kaatua	kaatu	4
kaatua	kaatuivat	12
kaatua	kaatumaan	7
kaatua	kaatuen	16
kaatua	kaatukoot	8
kaatua	kaatukaa	5
kaatua	kaatu	13
kaatua	kaatuman	0
kaatua	kaatuneet	17
kaatua	kaatuisin	1
kivahtaa	kivahtaa	20
kivahtaa	kivaha	13
kivahtaa	kivahtakoot	8
kivahtaa	kivahtamaan	7
kivahtaa	kivahtaneet	17
kivahtaa	kivahtaisin	1
kivahtaa	kivahtivat	12
kivahtaa	kivahtavat	19
kivahtaa	kivahti	9
kivahtaa	kivahtaisi	15
kivahtaa	kivahta	4
kivahtaa	kivahtaessaan	6
kivahtaa	kivah	0
kivahtaa	kivahtava	18
kivahtaa	kivahtaakseen	3
kivahtaa	kivahtakoon	10
kivahtaa	kivahtakaa	5
kivahtaa	kivahtaen	16
kivahtaa	kivahan	2
kivahtaa	kivahtanut	14
kivahtaa	kivahtako	11
ilmestyä	ilmestymän	0
ilmestyä	ilmestyivät	12
ilmestyä	ilmestyäkseen	3
ilmestyä	ilmestyi	9
ilmestyä	ilmestykoot	8
ilmestyä	ilmestyä	20
ilmestyä	ilmestyvä	18
ilmestyä	ilmestyisi	15
ilmestyä	ilmestyessään	6
ilmestyä	ilmesty	13
ilmestyä	ilmestyy	2
ilmestyä	ilmestyen	16
ilmestyä	ilmestyko	11
ilmestyä	ilmestymään	7
ilmestyä	ilmestynyt	14
ilmestyä	ilmestyy	1
ilmestyä	ilmestyvät	19
ilmestyä	ilmestyen	10
ilmestyä	ilmestyneet	17
ilmestyä	ilmestykää	5
ilmestyä	ilmesty	4
lohduttautua	lohduttautuen	16
lohduttautua	lohduttautumaan	7
lohduttautua	lohduttautukoon	10
lohduttautua	lohduttautuessaan	6
lohduttautua	lohduttautuu	2
lohduttautua	lohduttautuva	18
lohduttautua	lohduttautuakseen	3
lohduttautua	lohduttautuvat	19
lohduttautua	lohduttautuisin	1
lohduttautua	lohduttautuisi	15
lohduttautua	lohduttautukaa	5
lohduttautua	lohdutautu	13
lohduttautua	lohduttautunut	14
lohduttautua	lohduttautui	9
lohduttautua	lohdutetautu	4
lohduttautua	lohdut	0
lohduttautua	lohduttautua	20
lohduttautua	lohduttautuko	11
lohduttautua	lohduttautukoot	8
lohduttautua	lohduttautuneet	17
lohduttautua	lohduttautuivat	12
pidellä	pidellän	10
pidellä	pidellät	17
pidellä	pidellän	2
pidellä	pidellä	15
pidellä	pidellän	0
pidellä	pidelli	9
pidellä	pidellät	14
pidellä	pidellät	8
pidellä	pidellät	19
pidellä	pidellään	7
pidellä	pidellään	6
pidellä	pidelläkseen	3
pidellä	pidellä	20
pidellä	pidellät	12
pidellä	pidellä	4
pidellä	pidelly	1
pidellä	pidellä	13
pidellä	pidellää	5
pidellä	pidellä	18
pidellä	pidellä	11
pidellä	pidellän	16
laahautua	laahautukoon	10
laahautua	laahautuen	16
laahautua	laahautuneet	17
laahautua	laahautuessaan	6
laahautua	laahautuva	18
laahautua	laahautumaan	7
laahautua	laahautukoot	8
laahautua	laahautuman	0
laahautua	laahautua	20
laahautua	laahautunut	14
laahautua	laahautukaa	5
laahautua	laahautuisin	1
laahautua	laahautu	13
laahautua	laahautuu	2
laahautua	laahautuisi	15
laahautua	laahautuakseen	3
laahautua	laahautuivat	12
laahautua	laahautuvat	19
laahautua	laahautuko	11
laahautua	laahautu	4
laahautua	laahautui	9
lahjoittaa	lahjoita	13
lahjoittaa	lahjoittaisin	1
lahjoittaa	lahjoittavat	19
lahjoittaa	lahjoittamaan	7
lahjoittaa	lahjoit	0
lahjoittaa	lahjoittako	11
lahjoittaa	lahjoittaa	20
lahjoittaa	lahjoittaen	16
lahjoittaa	lahjoittaneet	17
lahjoittaa	lahjoittava	18
lahjoittaa	lahjoittaessaan	6
lahjoittaa	lahjoittivat	12
lahjoittaa	lahjoittakoot	8
lahjoittaa	lahjoittaakseen	3
lahjoittaa	lahjoitti	9
lahjoittaa	lahjoitetaan	4
lahjoittaa	lahjoittakoon	10
lahjoittaa	lahjoittakaa	5
lahjoittaa	lahjoittaisi	15
lahjoittaa	lahjoittanut	14
lahjoittaa	lahjoitan	2
mainostaa	mainostanut	14
mainostaa	mainostaessaan	6
mainostaa	mainostivat	12
mainostaa	mainosti	9
mainostaa	mainostakoon	10
mainostaa	mainostamaan	7
mainostaa	mainostaisi	15
mainostaa	mainostaneet	17
mainostaa	mainostava	18
mainostaa	mainostaa	20
mainostaa	mainostavat	19
mainostaa	mainostaen	16
mainostaa	mainosta	4
mainostaa	mainostakoot	8
mainostaa	mainostaakseen	3
mainostaa	mainostaman	0
mainostaa	mainosan	2
mainostaa	mainostaisin	1
mainostaa	mainostako	11
mainostaa	mainosa	13
mainostaa	mainostakaa	5
laajentaa	laajentanut	14
laajentaa	laajena	13
laajentaa	laajentakoon	10
laajentaa	laajenti	9
laajentaa	laajentamaan	7
laajentaa	laajentaa	20
laajentaa	laajentako	11
laajentaa	laajenta	4
laajentaa	laajentaisi	15
laajentaa	laajentavat	19
laajentaa	laajentaen	16
laajentaa	laajen	0
laajentaa	laajentakaa	5
laajentaa	laajentakoot	8
laajentaa	laajentivat	12
laajentaa	laajentaessaan	6
laajentaa	laajentava	18
laajentaa	laajentaisin	1
laajentaa	laajenan	2
laajentaa	laajentaakseen	3
laajentaa	laajentaneet	17
pyytää anteeksi	pyytäänttekaa	5
pyytää anteeksi	pyytäänttekkaivat	12
pyytää anteeksi	pyytäänttenyt	14
pyytää anteeksi	pyytäänttekoot	8
pyytää anteeksi	pyytäänttetkai	9
pyytää anteeksi	pyytääntteksa	11
pyytää anteeksi	pyytä	4
pyytää anteeksi	pyytävättevat	19
pyytää anteeksi	pyytämäänteman	7
pyytää anteeksi	pyytämän	0
pyytää anteeksi	pyytäneenteet	17
pyytää anteeksi	pyytääntteäkseen	3
pyytää anteeksi	pyytääntteisi	15
pyytää anteeksi	pyytävä	18
pyytää anteeksi	pyytään	2
pyytää anteeksi	pyytääntteysy	1
pyytää anteeksi	pyytääntetea	13
pyytää anteeksi	pyytäentteen	16
pyytää anteeksi	pyytäentaessaan	6
pyytää anteeksi	pyytäentteen	10
pyytää anteeksi	pyytäänttea	20
matkata	matkatneet	17
matkata	matkatisi	15
matkata	matkati	9
matkata	matkatu	2
matkata	matkatakseen	3
matkata	matkatkoon	10
matkata	matkativat	12
matkata	matkatnut	14
matkata	matkaten	16
matkata	matkatman	0
matkata	matkatisin	1
matkata	matkat	4
matkata	matkatmaan	7
matkata	matkatkaa	5
matkata	matkatko	11
matkata	matkata	20
matkata	matkata	13
matkata	matkatva	18
matkata	matkatvat	19
matkata	matkatkoot	8
matkata	matkatessaan	6
nuukahtaa	nuukahan	2
nuukahtaa	nuukahtivat	12
nuukahtaa	nuukahtaisin	1
nuukahtaa	nuukahtaen	16
nuukahtaa	nuukahtaneet	17
nuukahtaa	nuukahtako	11
nuukahtaa	nuukahta	4
nuukahtaa	nuukahtanut	14
nuukahtaa	nuukahtakoot	8
nuukahtaa	nuukahtakaa	5
nuukahtaa	nuukahtaisi	15
nuukahtaa	nuukahtaa	20
nuukahtaa	nuukahtaakseen	3
nuukahtaa	nuukahtamaan	7
nuukahtaa	nuukahtavat	19
nuukahtaa	nuukah	0
nuukahtaa	nuukahtava	18
nuukahtaa	nuukahti	9
nuukahtaa	nuukahtaessaan	6
nuukahtaa	nuukaha	13
nuukahtaa	nuukahtakoon	10
huudahtaa	huudahti	9
huudahtaa	huudahtivat	12
huudahtaa	huudahtaessaan	6
huudahtaa	huudahtaisi	15
huudahtaa	huudahtakoot	8
huudahtaa	huudahtaneet	17
huudahtaa	huudahta	4
huudahtaa	huudahtaakseen	3
huudahtaa	huudahtakoon	10
huudahtaa	huudah	0
huudahtaa	huudahtaa	20
huudahtaa	huudahtava	18
huudahtaa	huudaha	13
huudahtaa	huudahtakaa	5
huudahtaa	huudahtaisin	1
huudahtaa	huudahtavat	19
huudahtaa	huudahtanut	14
huudahtaa	huudahtako	11
huudahtaa	huudahtaen	16
huudahtaa	huudahan	2
huudahtaa	huudahtamaan	7
murjottaa	murjottaisi	15
murjottaa	murjotan	2
murjottaa	murjot	0
murjottaa	murjottava	18
murjottaa	murjotetaan	4
murjottaa	murjotti	9
murjottaa	murjottako	11
murjottaa	murjottaneet	17
murjottaa	murjottaa	20
murjottaa	murjottivat	12
murjottaa	murjottaen	16
murjottaa	murjottakoon	10
murjottaa	murjottakaa	5
murjottaa	murjottaessaan	6
murjottaa	murjottanut	14
murjottaa	murjota	13
murjottaa	murjottakoot	8
murjottaa	murjottaisin	1
murjottaa	murjottavat	19
murjottaa	murjottaakseen	3
murjottaa	murjottamaan	7
horjua	horju	13
horjua	horjuessaan	6
horjua	horjuneet	17
horjua	horjuko	11
horjua	horjuivat	12
horjua	horjumaan	7
horjua	horjua	20
horjua	horjuen	16
horjua	horjuakseen	3
horjua	horjuisin	1
horjua	horju	4
horjua	horjuva	18
horjua	horjuu	2
horjua	horjukaa	5
horjua	horjukoot	8
horjua	horjuisi	15
horjua	horjuvat	19
horjua	horjui	9
horjua	horjunut	14
horjua	horjuman	0
horjua	horjukoon	10
huvittaa	huvit	0
huvittaa	huvittamaan	7
huvittaa	huvitti	9
huvittaa	huvittaisin	1
huvittaa	huvittaessaan	6
huvittaa	huvittaneet	17
huvittaa	huvitetaan	4
huvittaa	huvittivat	12
huvittaa	huvittavat	19
huvittaa	huvittaakseen	3
huvittaa	huvittakoot	8
huvittaa	huvittaen	16
huvittaa	huvittanut	14
huvittaa	huvittaa	20
huvittaa	huvittakaa	5
huvittaa	huvittaisi	15
huvittaa	huvittakoon	10
huvittaa	huvitan	2
huvittaa	huvita	13
huvittaa	huvittako	11
huvittaa	huvittava	18
peljätä	peljätneet	17
peljätä	peljäty	1
peljätä	peljätisi	15
peljätä	peljätkoot	8
peljätä	peljätvä	18
peljätä	peljätnyt	14
peljätä	peljätä	20
peljätä	peljätko	11
peljätä	peljätmään	7
peljätä	peljäti	9
peljätä	peljätän	2
peljätä	peljätmän	0
peljätä	peljätvät	19
peljätä	peljätäkseen	3
peljätä	peljät	13
peljätä	peljäten	16
peljätä	peljäten	10
peljätä	peljätessään	6
peljätä	peljätkää	5
peljätä	peljät	4
peljätä	peljätivät	12
karsinoida	karsinioin	2
karsinoida	karsintikoon	10
karsinoida	karsintidsin	1
karsinoida	karsintii	9
karsinoida	karsinti	4
karsinoida	karsintimaan	7
karsinoida	karsintida	15
karsinoida	karsintikaa	5
karsinoida	karsinita	13
karsinoida	karsintiakseen	3
karsinoida	karsintineet	17
karsinoida	karsinit	0
karsinoida	karsintikoot	8
karsinoida	karsintien	16
karsinoida	karsintinut	14
karsinoida	karsintiva	18
karsinoida	karsintia	20
karsinoida	karsintivat	12
karsinoida	karsintiko	11
karsinoida	karsintivat	19
karsinoida	karsintiessaan	6
odottaa	odottaisin	1
odottaa	odottanut	14
odottaa	odottamaan	7
odottaa	odotetaan	4
odottaa	odottakaa	5
odottaa	odottivat	12
odottaa	odottakoot	8
odottaa	odotti	9
odottaa	odottaessaan	6
odottaa	odottaman	0
odottaa	odottaa	20
odottaa	odottakoon	10
odottaa	odota	13
odottaa	odotan	2
odottaa	odottavat	19
odottaa	odottaneet	17
odottaa	odottava	18
odottaa	odottako	11
odottaa	odottaen	16
odottaa	odottaakseen	3
odottaa	odottaisi	15
riisuuntua	riisuntuisin	1
riisuuntua	riisuntuen	16
riisuuntua	riisuntuva	18
riisuuntua	riisuntuakseen	3
riisuuntua	riisuntuu	2
riisuuntua	riisuntuisi	15
riisuuntua	riisuntumaan	7
riisuuntua	riisuntukoon	10
riisuuntua	riisuntuman	0
riisuuntua	riisuntuneet	17
riisuuntua	riisuntukoot	8
riisuuntua	riisuntunut	14
riisuuntua	riisuntuko	11
riisuuntua	riisuntua	20
riisuuntua	riisuntuessaan	6
riisuuntua	riisuntu	13
riisuuntua	riisuntu	4
riisuuntua	riisuntuvat	19
riisuuntua	riisuntui	9
riisuuntua	riisuntukaa	5
riisuuntua	riisuntuivat	12
ruoskia	ruoskineet	17
ruoskia	ruoskia	20
ruoskia	ruoskivat	19
ruoskia	ruoskiva	18
ruoskia	ruoskimaan	7
ruoskia	ruoskiakseen	3
ruoskia	ruoskin	2
ruoskia	ruoskinut	14
ruoskia	ruoskien	16
ruoskia	ruoskiman	0
ruoskia	ruoskikoon	10
ruoskia	ruoskiko	11
ruoskia	ruoskikoot	8
ruoskia	ruoskikaa	5
ruoskia	ruoskii	9
ruoskia	ruoski	4
ruoskia	ruoski	13
ruoskia	ruoskiessaan	6
ruoskia	ruoskiisi	15
ruoskia	ruoskiisin	1
ruoskia	ruoskiivat	12
politikoida	polittoidisin	1
politikoida	polittoidit	14
politikoida	polittoidiko	11
politikoida	polittoidivat	19
politikoida	polittoidessaan	6
politikoida	polittiki	15
politikoida	polittoidikoot	8
politikoida	polittoidimaan	7
politikoida	polittoidiakseen	3
politikoida	polittoidi	9
politikoida	polittoidivat	12
politikoida	polittoidi	20
politikoida	polittoidikoon	10
politikoida	politikoi	13
politikoida	polittioiden	16
politikoida	polittoidet	4
politikoida	polittoidan	0
politikoida	polittoidiva	18
politikoida	polittoidikaa	5
politikoida	polittoidan	2
politikoida	polittoidineet	17
närkästyä	närkästyen	16
närkästyä	närkästyvä	18
närkästyä	närkästyy	2
närkästyä	närkästyen	10
närkästyä	närkästy	4
närkästyä	närkästy	13
närkästyä	närkästymään	7
närkästyä	närkästyivät	12
närkästyä	närkästyi	9
närkästyä	närkästyäkseen	3
närkästyä	närkästyko	11
närkästyä	närkästyvät	19
närkästyä	närkästykoot	8
närkästyä	närkästyisi	15
närkästyä	närkästyessaän	6
närkästyä	närkästymän	0
närkästyä	närkästyä	20
närkästyä	närkästyy	1
närkästyä	närkästynyt	14
närkästyä	närkästykää	5
närkästyä	närkästyneet	17
aallota	aalloti	9
aallota	aallotessaan	6
aallota	aallotva	18
aallota	aallotvat	19
aallota	aallotkoot	8
aallota	aallotkaa	5
aallota	aallotivat	12
aallota	aallotan	2
aallota	aalloten	16
aallota	aallotkoon	10
aallota	aallotmaan	7
aallota	aallotneet	17
aallota	aallot	4
aallota	aallotisin	1
aallota	aallotisi	15
aallota	aallota	20
aallota	aallotman	0
aallota	alalot	13
aallota	aallotko	11
aallota	aallotakseen	3
aallota	aallotnut	14
nyökyttää	nyökytetään	4
nyökyttää	nyökyttäko	11
nyökyttää	nyökyttäisi	15
nyökyttää	nyökyttäessaän	6
nyökyttää	nyökyttää	20
nyökyttää	nyökyttäen	16
nyökyttää	nyökyttääkseen	3
nyökyttää	nyökytti	9
nyökyttää	nyökyttävä	18
nyökyttää	nyökyttäen	10
nyökyttää	nyökyttäneet	17
nyökyttää	nyökyttäkoot	8
nyökyttää	nyökytä	13
nyökyttää	nyökyttämään	7
nyökyttää	nyökyttäy	1
nyökyttää	nyökyt	0
nyökyttää	nyökyttivät	12
nyökyttää	nyökytän	2
nyökyttää	nyökyttäkää	5
nyökyttää	nyökyttävät	19
nyökyttää	nyökyttänyt	14
lemmiskellä	lemmiskellän	16
lemmiskellä	lemmiskelän	2
lemmiskellä	lemmiskellä	5
lemmiskellä	lemmiskellä	13
lemmiskellä	lemmiskellä	18
lemmiskellä	lemmiskelläksen	3
lemmiskellä	lemmiskellä	11
lemmiskellä	lemmiskellät	8
lemmiskellä	lemmiskellät	14
lemmiskellä	lemmiskellään	6
lemmiskellä	lemmiskellät	17
lemmiskellä	lemmiskellä	20
lemmiskellä	lemmiskellä	9
lemmiskellä	lemmiskellä	15
lemmiskellä	lemmiskellän	0
lemmiskellä	lemmiskellään	7
lemmiskellä	lemmiskellän	1
lemmiskellä	lemmiskellään	4
lemmiskellä	lemmiskellät	19
lemmiskellä	lemmiskellän	10
lemmiskellä	lemmiskellät	12
kieltäytyä	kieltäytykää	5
kieltäytyä	kieltäytyen	16
kieltäytyä	kieltäytymään	7
kieltäytyä	kieltäyty	13
kieltäytyä	kieltäytyvät	19
kieltäytyä	kieltäytyy	1
kieltäytyä	kieltäytyäkseen	3
kieltäytyä	kieltäytyisi	15
kieltäytyä	kieltäytyä	20
kieltäytyä	kieltäytyessaän	6
kieltäytyä	kieltäyty	4
kieltäytyä	kieltäytyi	9
kieltäytyä	kieltäytyy	2
kieltäytyä	kieltäytyvä	18
kieltäytyä	kieltäytynyt	14
kieltäytyä	kieltäytyneet	17
kieltäytyä	kieltäytyko	11
kieltäytyä	kieltäytymän	0
kieltäytyä	kieltäytyivät	12
kieltäytyä	kieltäytykoot	8
kieltäytyä	kieltäytyen	10
hämmästellä	hämmästellät	17
hämmästellä	hämmästellät	8
hämmästellä	hämmästellä	18
hämmästellä	hämmästellä	15
hämmästellä	hämmästellä	11
hämmästellä	hämmästellät	14
hämmästellä	hämmästellään	6
hämmästellä	hämmästellät	19
hämmästellä	hämmästellä	13
hämmästellä	hämmästellään	7
hämmästellä	hämmästellän	1
hämmästellä	hämmästellä	9
hämmästellä	hämmästellä	20
hämmästellä	hämmästellät	12
hämmästellä	hämmästellän	0
hämmästellä	hämmästellän	2
hämmästellä	hämmästelläkseen	3
hämmästellä	hämmästellään	4
hämmästellä	hämmästellän	10
hämmästellä	hämmästellä	5
hämmästellä	hämmästellän	16
kerskua	kerskuu	2
kerskua	kerskunut	14
kerskua	kerskuman	0
kerskua	kerskuisin	1
kerskua	kerskuvat	19
kerskua	kerskukoon	10
kerskua	kerskuva	18
kerskua	kerskuakseen	3
kerskua	kerskukoot	8
kerskua	kersku	13
kerskua	kerskuivat	12
kerskua	kerskua	20
kerskua	kerskuen	16
kerskua	kerskuisi	15
kerskua	kerskui	9
kerskua	kerskuessaan	6
kerskua	kerskumaan	7
kerskua	kerskukaa	5
kerskua	kerskuko	11
kerskua	kerskuneet	17
kerskua	kersku	4
lorista	loristako	11
lorista	lorista	4
lorista	loristaman	0
lorista	loristaessaan	6
lorista	loristavat	19
lorista	loristivat	12
lorista	loristaisin	1
lorista	loristakaa	5
lorista	lorista	13
lorista	loristava	18
lorista	loristan	2
lorista	loristakoon	10
lorista	loristaisi	15
lorista	loristaakseen	3
lorista	loristaneet	17
lorista	loristakoot	8
lorista	loristanut	14
lorista	loristamaan	7
lorista	loristi	9
lorista	loristaen	16
lorista	loristaa	20
punoittaa	punoittava	18
punoittaa	punoittaneet	17
punoittaa	punoitan	2
punoittaa	punoittaakseen	3
punoittaa	punoittako	11
punoittaa	punoittakoot	8
punoittaa	punoittaen	16
punoittaa	punoittaessaan	6
punoittaa	punoittamaan	7
punoittaa	punoittaisi	15
punoittaa	punoittakoon	10
punoittaa	punoittaisin	1
punoittaa	punoittavat	19
punoittaa	punoitti	9
punoittaa	punoit	0
punoittaa	punoitetaan	4
punoittaa	punoittaa	20
punoittaa	punoita	13
punoittaa	punoittanut	14
punoittaa	punoittakaa	5
punoittaa	punoittivat	12
miinustaa	miinustaakseen	3
miinustaa	miinustaa	20
miinustaa	miinustaneet	17
miinustaa	miinustava	18
miinustaa	miinustaen	16
miinustaa	miinustakoon	10
miinustaa	miinustaman	0
miinustaa	miinustaessaan	6
miinustaa	miinustivat	12
miinustaa	miinustavat	19
miinustaa	miinusti	9
miinustaa	miinusta	4
miinustaa	miinustamaan	7
miinustaa	miinustaisin	1
miinustaa	miinusta	13
miinustaa	miinustako	11
miinustaa	miinustanut	14
miinustaa	miinustan	2
miinustaa	miinustakoot	8
miinustaa	miinustaisi	15
miinustaa	miinustakaa	5
saattaa	saatti	9
saattaa	saattaakseen	3
saattaa	saatan	2
saattaa	saattanut	14
saattaa	saattaen	16
saattaa	saattaa	20
saattaa	saattakoot	8
saattaa	saattakoon	10
saattaa	saattakaa	5
saattaa	saat	0
saattaa	saatetaan	4
saattaa	saattaneet	17
saattaa	saattava	18
saattaa	saattako	11
saattaa	saattaessaan	6
saattaa	saata	13
saattaa	saattivat	12
saattaa	saattaisi	15
saattaa	saattamaan	7
saattaa	saattaisin	1
saattaa	saattavat	19
jäykentää	jäykentäkoot	8
jäykentää	jäykentäkää	5
jäykentää	jäykentän	2
jäykentää	jäykentää	20
jäykentää	jäykentäisi	15
jäykentää	jäykentäko	11
jäykentää	jäykentivät	12
jäykentää	jäykentäen	16
jäykentää	jäykentäneet	17
jäykentää	jäykentäy	1
jäykentää	jäykentä	4
jäykentää	jäykentävät	19
jäykentää	jäykentäessään	6
jäykentää	jäykentä	13
jäykentää	jäykenti	9
jäykentää	jäyken	0
jäykentää	jäykentävä	18
jäykentää	jäykentänyt	14
jäykentää	jäykentämään	7
jäykentää	jäykentääkseen	3
jäykentää	jäykentäen	10
kunnioittaa	kunnioittavat	19
kunnioittaa	kunnioittanut	14
kunnioittaa	kunnioittaisi	15
kunnioittaa	kunnioittaman	0
kunnioittaa	kunnioittivat	12
kunnioittaa	kunnioitan	2
kunnioittaa	kunnioittakoot	8
kunnioittaa	kunnioittako	11
kunnioittaa	kunnioittava	18
kunnioittaa	kunnioittaessaan	6
kunnioittaa	kunnioittaa	20
kunnioittaa	kunnioita	13
kunnioittaa	kunnioittaneet	17
kunnioittaa	kunnioittaen	16
kunnioittaa	kunnioittamaan	7
kunnioittaa	kunnioittakoon	10
kunnioittaa	kunnioitetaan	4
kunnioittaa	kunnioittaakseen	3
kunnioittaa	kunnioittakaa	5
kunnioittaa	kunnioittaisin	1
kunnioittaa	kunnioitti	9
materialisoitua	materileistautta	4
materialisoitua	materileistauttaa	20
materialisoitua	materileiskauttakaa	5
materialisoitua	materileistui	9
materialisoitua	materileistuivat	12
materialisoitua	materileistuman	0
materialisoitua	materileistauttaneet	17
materialisoitua	materileistauttavat	19
materialisoitua	materileisi	13
materialisoitua	materileisin	1
materialisoitua	materileistauttava	18
materialisoitua	materileistauttaen	16
materialisoitua	materileisin	2
materialisoitua	materileiskauttakoon	10
materialisoitua	materileistauttanut	14
materialisoitua	materileiskauttakoot	8
materialisoitua	materileisi	15
materialisoitua	materileiseen	3
materialisoitua	materileiskauttako	11
materialisoitua	materileiskauttamaan	7
materialisoitua	materileissaan	6
kadottaa	kadottako	11
kadottaa	kadottaa	20
kadottaa	kadottaisin	1
kadottaa	kadottaisi	15
kadottaa	kadottaakseen	3
kadottaa	kadottaessaan	6
kadottaa	kadottaneet	17
kadottaa	kadottakoot	8
kadottaa	kadottivat	12
kadottaa	kadottavat	19
kadottaa	kadota	13
kadottaa	kadotan	2
kadottaa	kadot	0
kadottaa	kadottakoon	10
kadottaa	kadottava	18
kadottaa	kadottanut	14
kadottaa	kadottakaa	5
kadottaa	kadottaen	16
kadottaa	kadotetaan	4
kadottaa	kadottamaan	7
kadottaa	kadotti	9
kvantifioida	kaantioitikoon	10
kvantifioida	kaantioitiko	11
kvantifioida	kaantioitin	2
kvantifioida	kaantioitia	20
kvantifioida	kaantioitivat	19
kvantifioida	kaantioitiessaan	6
kvantifioida	kaantioitikaa	5
kvantifioida	kaantioitimaan	7
kvantifioida	kaanti	13
kvantifioida	kaantioitineet	17
kvantifioida	kaantioitien	16
kvantifioida	kaantioidiman	0
kvantifioida	kaantioitisin	1
kvantifioida	kaantioitivat	12
kvantifioida	kaantioitikoot	8
kvantifioida	kaantioitiakseen	3
kvantifioida	kaantioitinut	14
kvantifioida	kaantioitiva	18
kvantifioida	kaantioitisi	15
kvantifioida	kaantioiti	4
kvantifioida	kaantioiti	9
merkitä	merkitäkseen	3
merkitä	merkitkoot	8
merkitä	merkitmään	7
merkitä	merkitko	11
merkitä	merkitessään	6
merkitä	merkitmän	0
merkitä	merkitän	2
merkitä	merkiten	16
merkitä	merkitvät	19
merkitä	merkitkää	5
merkitä	merkiti	9
merkitä	merkitnyt	14
merkitä	merkitneet	17
merkitä	merkitivät	12
merkitä	merkit	13
merkitä	merkiten	10
merkitä	merkitä	20
merkitä	merkitisi	15
merkitä	merkity	1
merkitä	merkitvä	18
merkitä	merkit	4
saksata	saksatkoot	8
saksata	saksata	20
saksata	saksatmaan	7
saksata	saksatva	18
saksata	saksatkoon	10
saksata	saksatko	11
saksata	saksatisi	15
saksata	saksatnut	14
saksata	saksatkaa	5
saksata	saksan	2
saksata	saksativat	12
saksata	saksaten	16
saksata	saksat	0
saksata	saksatessaan	6
saksata	saksatisin	1
saksata	saksat	4
saksata	saksatneet	17
saksata	saksatvat	19
saksata	saksatakseen	3
saksata	saksa	13
saksata	saksati	9
munia	munien	16
munia	munikoot	8
munia	muninut	14
munia	muniivat	12
munia	munimaan	7
munia	muniakseen	3
munia	muniisi	15
munia	munineet	17
munia	muniva	18
munia	munia	20
munia	muniko	11
munia	muniisin	1
munia	muniman	0
munia	muniessaan	6
munia	muni	4
munia	munikaa	5
munia	munin	2
munia	munii	9
munia	munikoon	10
munia	munivat	19
munia	muni	13
passivoida	passivoi	9
passivoida	passivoidet	17
passivoida	passivoida	20
passivoida	passivoidan	4
passivoida	passivoisin	1
passivoida	passivoidat	19
passivoida	passivoidaan	7
passivoida	passivoisi	15
passivoida	passivoida	5
passivoida	passivoidakseen	3
passivoida	passivoidat	8
passivoida	passivoidkoon	10
passivoida	passioita	13
passivoida	passivoidin	2
passivoida	passivoida	11
passivoida	passivoidut	14
passivoida	passivoida	18
passivoida	passivoiman	0
passivoida	passivoivat	12
passivoida	passivoiden	16
passivoida	passivoidessaan	6
hyökätä	hyökäten	10
hyökätä	hyökäti	9
hyökätä	hyökätkää	5
hyökätä	hyökätä	20
hyökätä	hyökätessään	6
hyökätä	hyökätäkseen	3
hyökätä	hyökäten	16
hyökätä	hyökätvät	19
hyökätä	hyökätneet	17
hyökätä	hyökätkoot	8
hyökätä	hyökätko	11
hyökätä	hyökätvä	18
hyökätä	hyökäty	1
hyökätä	hyökätisi	15
hyökätä	hyökätmään	7
hyökätä	hyökät	4
hyökätä	hyökät	13
hyökätä	hyökätän	2
hyökätä	hyökätmän	0
hyökätä	hyökätivät	12
hyökätä	hyökätnyt	14
rohtua	rohtuessaan	6
rohtua	rohtukoon	10
rohtua	rohtukaa	5
rohtua	rohtuivat	12
rohtua	rohtuva	18
rohtua	rohtuneet	17
rohtua	rohtuvat	19
rohtua	rohtuman	0
rohtua	rohtuen	16
rohtua	rohtua	20
rohtua	rohtukoot	8
rohtua	rohtuakseen	3
rohtua	rohtuisin	1
rohtua	rohtunut	14
rohtua	rohtuisi	15
rohtua	rohtu	13
rohtua	rohtumaan	7
rohtua	rohtuko	11
rohtua	rohtu	4
rohtua	rohtui	9
rohtua	rohtuu	2
kiinnittää	kiinnittävät	19
kiinnittää	kiinnitän	2
kiinnittää	kiinnittämään	7
kiinnittää	kiinnittämän	0
kiinnittää	kiinnittäkoot	8
kiinnittää	kiinnittäko	11
kiinnittää	kiinnitä	13
kiinnittää	kiinnittäisi	15
kiinnittää	kiinnitti	9
kiinnittää	kiinnittäen	16
kiinnittää	kiinnittäkää	5
kiinnittää	kiinnittäneet	17
kiinnittää	kiinnittäy	1
kiinnittää	kiinnittää	20
kiinnittää	kiinnittäen	10
kiinnittää	kiinnittäessaän	6
kiinnittää	kiinnittävä	18
kiinnittää	kiinnitetään	4
kiinnittää	kiinnittivät	12
kiinnittää	kiinnittääkseen	3
kiinnittää	kiinnittänyt	14
juolahtaa mieleen	juolahan	2
juolahtaa mieleen	juolahtamaan	7
juolahtaa mieleen	juolahtakoot	8
juolahtaa mieleen	juolahtivat	12
juolahtaa mieleen	juolahtaessaan	6
juolahtaa mieleen	juolahtaisi	15
juolahtaa mieleen	juolahtakoon	10
juolahtaa mieleen	juolahtanut	14
juolahtaa mieleen	juolahtaneet	17
juolahtaa mieleen	juolahtaman	0
juolahtaa mieleen	juolahta	4
juolahtaa mieleen	juolahtaakseen	3
juolahtaa mieleen	juolahtaisin	1
juolahtaa mieleen	juolahtava	18
juolahtaa mieleen	juolahti	9
juolahtaa mieleen	juolahtaen	16
juolahtaa mieleen	juolaha	13
juolahtaa mieleen	juolahtavat	19
juolahtaa mieleen	juolahtaa	20
juolahtaa mieleen	juolahtakaa	5
juolahtaa mieleen	juolahtako	11
purjehtia	purjehtiessaan	6
purjehtia	purjehtineet	17
purjehtia	purjehtiakseen	3
purjehtia	purjehtiisin	1
purjehtia	purjehti	4
purjehtia	purjehtikoon	10
purjehtia	purjehtisi	15
purjehtia	purjehtimaan	7
purjehtia	purjehtivat	19
purjehtia	purjehtiman	0
purjehtia	purjehtii	9
purjehtia	purjehti	13
purjehtia	purjehtia	20
purjehtia	purjehtien	16
purjehtia	purjehtin	2
purjehtia	purjehtivat	12
purjehtia	purjehtiko	11
purjehtia	purjehtinut	14
purjehtia	purjehtikoot	8
purjehtia	purjehtikaa	5
purjehtia	purjehtiva	18
amputoida	amputtien	16
amputoida	amputtii	9
amputoida	amputtikoot	8
amputoida	amputtivat	12
amputoida	amputin	2
amputoida	amputtiisin	1
amputoida	amputi	13
amputoida	amputtiisi	15
amputoida	amputtiman	0
amputoida	amputtiakseen	3
amputoida	amputtivat	19
amputoida	amputtiessaan	6
amputoida	amputtikaa	5
amputoida	amputtinut	14
amputoida	amputtikoon	10
amputoida	amputtia	20
amputoida	amputtiko	11
amputoida	amputtineet	17
amputoida	amputtimaan	7
amputoida	amputtiva	18
amputoida	amputti	4
sairastaa	sairastaisi	15
sairastaa	sairastanut	14
sairastaa	sairastamaan	7
sairastaa	sairastaa	20
sairastaa	sairastaessaan	6
sairastaa	sairasa	13
sairastaa	sairastaneet	17
sairastaa	sairastivat	12
sairastaa	sairastakoot	8
sairastaa	sairastakaa	5
sairastaa	sairastaen	16
sairastaa	sairastaisin	1
sairastaa	sairastakoon	10
sairastaa	sairastaakseen	3
sairastaa	sairastava	18
sairastaa	sairasta	4
sairastaa	sairas	0
sairastaa	sairastavat	19
sairastaa	sairastako	11
sairastaa	sairasti	9
sairastaa	sairasan	2
lauleskella	laulestella	15
lauleskella	laulestellaan	7
lauleskella	lauleskeuleet	17
lauleskella	laulestellat	19
lauleskella	laulestellan	1
lauleskella	laulestellat	12
lauleskella	lauleskella	13
lauleskella	laulestellaan	4
lauleskella	laulestellaan	16
lauleskella	laulestellan	0
lauleskella	lauleskeullak	3
lauleskella	laulestellan	2
lauleskella	laulestelli	9
lauleskella	laulestella	5
lauleskella	laulestellat	14
lauleskella	lauleskeulkoon	10
lauleskella	laulestelloot	8
lauleskella	laulestellaan	6
lauleskella	laulestella	20
lauleskella	laulestella	11
lauleskella	laulestella	18
menehtyä	menehtyy	1
menehtyä	menehtyessään	6
menehtyä	menehtyen	10
menehtyä	menehtyvät	19
menehtyä	menehtyäkseen	3
menehtyä	menehtyi	9
menehtyä	menehtyy	2
menehtyä	menehtykää	5
menehtyä	menehtyä	20
menehtyä	menehty	13
menehtyä	menehtymän	0
menehtyä	menehtymään	7
menehtyä	menehtykoot	8
menehtyä	menehtyneet	17
menehtyä	menehty	4
menehtyä	menehtyivät	12
menehtyä	menehtyisi	15
menehtyä	menehtyen	16
menehtyä	menehtyvä	18
menehtyä	menehtynyt	14
menehtyä	menehtyko	11
lanata	lanatman	0
lanata	lanatkoot	8
lanata	lanatvat	19
lanata	lanatva	18
lanata	lanativat	12
lanata	lanaten	16
lanata	lanatkaa	5
lanata	lanatakseen	3
lanata	lanatisi	15
lanata	lanatessaan	6
lanata	lana	13
lanata	lanata	20
lanata	lanatko	11
lanata	lanatnut	14
lanata	lanat	4
lanata	lanatan	2
lanata	lanatisin	1
lanata	lanati	9
lanata	lanatkoon	10
lanata	lanatmaan	7
lanata	lanatneet	17
piiloutua	piiloutuisi	15
piiloutua	piiloutukaa	5
piiloutua	piiloutuu	2
piiloutua	piiloutuman	0
piiloutua	piiloutuneet	17
piiloutua	piiloutuisin	1
piiloutua	piiloutunut	14
piiloutua	piiloutuivat	12
piiloutua	piiloutuakseen	3
piiloutua	piiloutukoon	10
piiloutua	piiloutuvat	19
piiloutua	piiloutui	9
piiloutua	piiloutua	20
piiloutua	piiloutu	13
piiloutua	piiloutuen	16
piiloutua	piiloutuko	11
piiloutua	piiloutumaan	7
piiloutua	piiloutukoot	8
piiloutua	piiloutuessaan	6
piiloutua	piiloutuva	18
piiloutua	piiloutu	4
karhentua	karhentuman	0
karhentua	karhentukoon	10
karhentua	karhentumaan	7
karhentua	karhentuu	2
karhentua	karhentukaa	5
karhentua	karhentunut	14
karhentua	karhentui	9
karhentua	karhentuisi	15
karhentua	karhentuneet	17
karhentua	karhentuisin	1
karhentua	karhentuivat	12
karhentua	karhentukoot	8
karhentua	karhentuva	18
karhentua	karhentuessaan	6
karhentua	karhentuko	11
karhentua	karhentu	4
karhentua	karhentua	20
karhentua	karhentuen	16
karhentua	karhentuvat	19
karhentua	karhentu	13
karhentua	karhentuakseen	3
periä	periessään	6
periä	perineet	17
periä	periäkseen	3
periä	perinyt	14
periä	periä	20
periä	perikoot	8
periä	perien	16
periä	perivä	18
periä	periivät	12
periä	perimän	0
periä	perikää	5
periä	perien	10
periä	peri	13
periä	perin	2
periä	peri	4
periä	periko	11
periä	perii	9
periä	perivät	19
periä	periisi	15
periä	perimään	7
periä	periy	1
printata	printatakseen	3
printata	printatkoon	10
printata	printitivat	12
printata	printat	4
printata	printaten	16
printata	printatisi	15
printata	prinan	2
printata	printatessaan	6
printata	printatkaa	5
printata	printatvat	19
printata	printatkoot	8
printata	printata	20
printata	printatmaan	7
printata	printiti	9
printata	prinata	13
printata	printatisin	1
printata	printatneet	17
printata	printatva	18
printata	printatnut	14
printata	printatman	0
printata	printatko	11
harjoittaa	harjoita	13
harjoittaa	harjoittanut	14
harjoittaa	harjoittavat	19
harjoittaa	harjoittaneet	17
harjoittaa	harjoittaisin	1
harjoittaa	harjoittaisi	15
harjoittaa	harjoittivat	12
harjoittaa	harjoittaakseen	3
harjoittaa	harjoittakoon	10
harjoittaa	harjoittaen	16
harjoittaa	harjoit	0
harjoittaa	harjoittaessaan	6
harjoittaa	harjoitan	2
harjoittaa	harjoittako	11
harjoittaa	harjoitti	9
harjoittaa	harjoittaa	20
harjoittaa	harjoittakaa	5
harjoittaa	harjoitetaan	4
harjoittaa	harjoittava	18
harjoittaa	harjoittakoot	8
harjoittaa	harjoittamaan	7
piilottaa	piilottavat	19
piilottaa	piilottakaa	5
piilottaa	piilota	13
piilottaa	piilotetaan	4
piilottaa	piilotan	2
piilottaa	piilottaisi	15
piilottaa	piilottaessaan	6
piilottaa	piilottakoon	10
piilottaa	piilottamaan	7
piilottaa	piilottakoot	8
piilottaa	piilottivat	12
piilottaa	piilottava	18
piilottaa	piilotti	9
piilottaa	piilottaisin	1
piilottaa	piilottaen	16
piilottaa	piilottako	11
piilottaa	piilottaneet	17
piilottaa	piilottaakseen	3
piilottaa	piilottanut	14
piilottaa	piilottaa	20
piilottaa	piilot	0
hiiskua	hiiskuisin	1
hiiskua	hiisku	4
hiiskua	hiiskukoon	10
hiiskua	hiiskuman	0
hiiskua	hiiskuessaan	6
hiiskua	hiiskuakseen	3
hiiskua	hiiskuen	16
hiiskua	hiiskuvat	19
hiiskua	hiiskukaa	5
hiiskua	hiiskuko	11
hiiskua	hiiskua	20
hiiskua	hiiskuu	2
hiiskua	hiiskuivat	12
hiiskua	hiisku	13
hiiskua	hiiskumaan	7
hiiskua	hiiskuneet	17
hiiskua	hiiskui	9
hiiskua	hiiskuisi	15
hiiskua	hiiskunut	14
hiiskua	hiiskuva	18
hiiskua	hiiskukoot	8
laillistuttaa	laillistuttaakseeen	3
laillistuttaa	laillistuttaessaaan	6
laillistuttaa	laillistuttaisi	15
laillistuttaa	laillistuttavat	19
laillistuttaa	laillistuttamaan	7
laillistuttaa	laillistuttakaaaaaa	5
laillistuttaa	laillistuttakoon	10
laillistuttaa	laillistut	0
laillistuttaa	laillistutetaan	4
laillistuttaa	laillistutan	2
laillistuttaa	laillistuttakoot	8
laillistuttaa	laillistuttako	11
laillistuttaa	laillistuta	13
laillistuttaa	laillistuttivat	12
laillistuttaa	laillistuttaen	16
laillistuttaa	laillistuttaa	20
laillistuttaa	laillistuttaisin	1
laillistuttaa	laillistuttava	18
laillistuttaa	laillistuttaneet	17
laillistuttaa	laillistutti	9
laillistuttaa	laillistuttanut	14
saastua	saastuakseen	3
saastua	saastukoot	8
saastua	saastuvat	19
saastua	saastuu	2
saastua	saastuneet	17
saastua	saastunut	14
saastua	saastuko	11
saastua	saastuisi	15
saastua	saastukoon	10
saastua	saastuen	16
saastua	saastukaa	5
saastua	saastumaan	7
saastua	saastuva	18
saastua	saastu	4
saastua	saastua	20
saastua	saastui	9
saastua	saastuisin	1
saastua	saasu	13
saastua	saastuessaan	6
saastua	saastuman	0
saastua	saastuivat	12
kaapeloida	kaapeloidat	19
kaapeloida	kaapeloiden	16
kaapeloida	kaapeloin	2
kaapeloida	kaapeloida	18
kaapeloida	kaapeloivat	12
kaapeloida	kaapelli	4
kaapeloida	kaapellinut	14
kaapeloida	kaapeloikoot	8
kaapeloida	kaapeloidkoon	10
kaapeloida	kaapellineet	17
kaapeloida	kaapeloida	20
kaapeloida	kaapelliman	0
kaapeloida	kaapellimaan	7
kaapeloida	kaapeloisin	1
kaapeloida	kaapeloisi	15
kaapeloida	kaapeloikaa	5
kaapeloida	kaapeloi	13
kaapeloida	kaapeloiko	11
kaapeloida	kaapellii	9
kaapeloida	kaapeloidessaan	6
kaapeloida	kaapeloikseen	3
saarnata	saarnat	4
saarnata	saarnatkoot	8
saarnata	saarnatakseen	3
saarnata	saarnatessaan	6
saarnata	saarnitivat	12
saarnata	saarnatvat	19
saarnata	saarnatisi	15
saarnata	saarnatneet	17
saarnata	saarnat	0
saarnata	saarnatmaan	7
saarnata	saarnatisin	1
saarnata	saarnata	13
saarnata	saarnatan	2
saarnata	saarniti	9
saarnata	saarnatva	18
saarnata	saarnatkoon	10
saarnata	saarnaten	16
saarnata	saarnatnut	14
saarnata	saarnata	20
saarnata	saarnatkaa	5
saarnata	saarnatko	11
aktiivistua	aktivistiuisi	15
aktiivistua	aktivistien	16
aktiivistua	aktivistua	20
aktiivistua	aktivistukoon	10
aktiivistua	aktivistuneet	17
aktiivistua	aktivistuessaan	6
aktiivistua	aktivistuvat	19
aktiivistua	aktivistu	13
aktiivistua	aktivistiuakseen	3
aktiivistua	aktivistiu	2
aktiivistua	aktivistumaan	7
aktiivistua	aktivistiuisin	1
aktiivistua	aktivistuva	18
aktiivistua	aktivistui	9
aktiivistua	aktivistunut	14
aktiivistua	aktivistuivat	12
aktiivistua	aktivistu	4
aktiivistua	aktivistukoot	8
aktiivistua	aktivistukaa	5
aktiivistua	aktivistiman	0
aktiivistua	aktivistuko	11
juoda	juodnut	14
juoda	juodvat	19
juoda	juod	13
juoda	juodisin	1
juoda	juodmaan	7
juoda	juodneet	17
juoda	juodan	0
juoda	juod	4
juoda	juodakseen	3
juoda	juodko	11
juoda	juodi	9
juoda	juoda	20
juoda	juodu	2
juoda	juodkaa	5
juoda	juodva	18
juoda	juodivat	12
juoda	juoden	16
juoda	juodkoon	10
juoda	juodessaan	6
juoda	juodkoot	8
juoda	juodisi	15
huoahtaa	huoahti	9
huoahtaa	huoahtako	11
huoahtaa	huoahtivat	12
huoahtaa	huoaha	13
huoahtaa	huoah	0
huoahtaa	huoahtaisi	15
huoahtaa	huoahta	4
huoahtaa	huoahtaa	20
huoahtaa	huoahtamaan	7
huoahtaa	huoahtavat	19
huoahtaa	huoahtaessaan	6
huoahtaa	huoahtaneet	17
huoahtaa	huoahan	2
huoahtaa	huoahtaisin	1
huoahtaa	huoahtaakseen	3
huoahtaa	huoahtaen	16
huoahtaa	huoahtakoot	8
huoahtaa	huoahtanut	14
huoahtaa	huoahtava	18
huoahtaa	huoahtakaa	5
huoahtaa	huoahtakoon	10
kulkea	kulkeva	18
kulkea	kulkekaa	5
kulkea	kulkeko	11
kulkea	kulkenut	14
kulkea	kulke	13
kulkea	kulkeivat	12
kulkea	kulkemaan	7
kulkea	kulkeman	0
kulkea	kulkeessaan	6
kulkea	kulkeakseen	3
kulkea	kulkekoon	10
kulkea	kulkeisin	1
kulkea	kulkeneet	17
kulkea	kulkea	20
kulkea	kulkeu	2
kulkea	kulkeen	16
kulkea	kulkeisi	15
kulkea	kulkevat	19
kulkea	kulkei	9
kulkea	kulkekoot	8
kulkea	kulke	4
politisoida	polittoidit	14
politisoida	polittoidivat	19
politisoida	politisti	13
politisoida	polittisin	1
politisoida	politisoidko	11
politisoida	politisoidaan	7
politisoida	polittoidikoot	8
politisoida	politisoidat	2
politisoida	polittoidi	9
politisoida	polittoidi	20
politisoida	polittoidivat	12
politisoida	politisoidan	0
politisoida	politisoidessan	6
politisoida	polittisi	15
politisoida	politisoiden	16
politisoida	polittoidiva	18
politisoida	polittoidikseen	3
politisoida	politisoida	5
politisoida	politisoidan	4
politisoida	polittoidineet	17
politisoida	politisoidkoon	10
sitoa	sitoman	0
sitoa	sitokoon	10
sitoa	sitokaa	5
sitoa	sitokoot	8
sitoa	sitoessaan	6
sitoa	sitoen	16
sitoa	sitou	2
sitoa	sitoneet	17
sitoa	sitoisin	1
sitoa	sitoa	20
sitoa	sitoivat	12
sitoa	sitovat	19
sitoa	sito	4
sitoa	sitonut	14
sitoa	sitomaan	7
sitoa	sitoi	9
sitoa	sitoko	11
sitoa	sitoakseen	3
sitoa	sitova	18
sitoa	sito	13
sitoa	sitoisi	15
paperoida	paperoida	20
paperoida	paperoii	9
paperoida	paperoidakseen	3
paperoida	paperoida	18
paperoida	paperoisin	1
paperoida	paperoin	2
paperoida	paperoineet	17
paperoida	paperoidessaan	6
paperoida	paperoikoot	8
paperoida	paperoidkaa	5
paperoida	paperoiden	16
paperoida	paperoivat	12
paperoida	paperoimaan	7
paperoida	paperoit	4
paperoida	paperoisi	15
paperoida	paperoivat	19
paperoida	paperoi	13
paperoida	paperoiko	11
paperoida	paperoikoon	10
paperoida	paperoiman	0
paperoida	paperridat	14
pysyä	pysyessään	6
pysyä	pysyko	11
pysyä	pysymän	0
pysyä	pysyen	10
pysyä	pysyy	1
pysyä	pysyivät	12
pysyä	pysyä	20
pysyä	pysymään	7
pysyä	pysykoot	8
pysyä	pysyvät	19
pysyä	pysyisi	15
pysyä	pysyäkseen	3
pysyä	pysyy	2
pysyä	pysyvä	18
pysyä	pysy	13
pysyä	pysykää	5
pysyä	pysy	4
pysyä	pysyen	16
pysyä	pysyi	9
pysyä	pysyneet	17
pysyä	pysynyt	14
prässäyttää	päässäyttääkseen	3
prässäyttää	päässäyttäkää	5
prässäyttää	päässäyttää	20
prässäyttää	pärssäyttäneet	17
prässäyttää	päässäyttävä	18
prässäyttää	päässäytän	2
prässäyttää	päässäyttänyt	14
prässäyttää	päässäyttivät	12
prässäyttää	pärssäyttäen	10
prässäyttää	pärssäytti	9
prässäyttää	prässäyttämään	7
prässäyttää	päässäyttäko	11
prässäyttää	päässäyttäessaän	6
prässäyttää	pärssäyttä	4
prässäyttää	päässäyttäkoot	8
prässäyttää	pärssäyttävät	19
prässäyttää	päässäyttäy	1
prässäyttää	päässäyt	0
prässäyttää	päässäyttäisi	15
prässäyttää	päässäyttäen	16
prässäyttää	päässäytä	13
katsahtaa	katsahtako	11
katsahtaa	katsahan	2
katsahtaa	katsahta	4
katsahtaa	katsahtivat	12
katsahtaa	katsahtaisin	1
katsahtaa	katsahtaa	20
katsahtaa	katsahtakoon	10
katsahtaa	katsahtaneet	17
katsahtaa	katsahtavat	19
katsahtaa	katsahtakoot	8
katsahtaa	katsah	0
katsahtaa	katsahtava	18
katsahtaa	katsahtanut	14
katsahtaa	katsaha	13
katsahtaa	katsahti	9
katsahtaa	katsahtakaa	5
katsahtaa	katsahtamaan	7
katsahtaa	katsahtaen	16
katsahtaa	katsahtaessaan	6
katsahtaa	katsahtaisi	15
katsahtaa	katsahtaakseen	3
jykertää	jykertäko	11
jykertää	jykertämän	0
jykertää	jykertäisi	15
jykertää	jykertävä	18
jykertää	jykertä	4
jykertää	jykertää	20
jykertää	jykertäessään	6
jykertää	jykertivät	12
jykertää	jykertäy	1
jykertää	jykertääkseen	3
jykertää	jykerti	9
jykertää	jykertäen	16
jykertää	jykertäkoot	8
jykertää	jykertäen	10
jykertää	jykertänyt	14
jykertää	jykertämään	7
jykertää	jykerä	13
jykertää	jykertän	2
jykertää	jykertäneet	17
jykertää	jykertävät	19
jykertää	jykertäkää	5
inhottaa	inhottaen	16
inhottaa	inhot	0
inhottaa	inhottakaa	5
inhottaa	inhottako	11
inhottaa	inhottivat	12
inhottaa	inhottava	18
inhottaa	inhottamaan	7
inhottaa	inhottaisi	15
inhottaa	inhotan	2
inhottaa	inhottaakseen	3
inhottaa	inhotti	9
inhottaa	inhottaa	20
inhottaa	inhottanut	14
inhottaa	inhottaessaan	6
inhottaa	inhottakoot	8
inhottaa	inhottakoon	10
inhottaa	inhottaisin	1
inhottaa	inhota	13
inhottaa	inhottavat	19
inhottaa	inhotetaan	4
inhottaa	inhottaneet	17
nakutella	nakutellat	19
nakutella	nakutelli	9
nakutella	nakutellat	14
nakutella	nakutellaan	4
nakutella	nakutellan	0
nakutella	nakutellan	10
nakutella	nakutellaan	7
nakutella	nakutella	11
nakutella	nakutellan	16
nakutella	nakutellat	17
nakutella	nakutella	15
nakutella	nakutella	18
nakutella	nakutellakseen	3
nakutella	nakutella	20
nakutella	nakutellivat	12
nakutella	nakutellaa	5
nakutella	nakutellaisin	1
nakutella	nakutellaan	6
nakutella	nakutella	13
nakutella	nakutellaot	8
nakutella	nakutelln	2
hapattaa	hapatetaan	4
hapattaa	hapat	0
hapattaa	hapattaessaan	6
hapattaa	hapattivat	12
hapattaa	hapatti	9
hapattaa	hapata	13
hapattaa	hapatan	2
hapattaa	hapattaisin	1
hapattaa	hapattaakseen	3
hapattaa	hapattava	18
hapattaa	hapattako	11
hapattaa	hapattanut	14
hapattaa	hapattakaa	5
hapattaa	hapattaa	20
hapattaa	hapattamaan	7
hapattaa	hapattakoot	8
hapattaa	hapattaneet	17
hapattaa	hapattavat	19
hapattaa	hapattakoon	10
hapattaa	hapattaen	16
hapattaa	hapattaisi	15
saksia	saksin	2
saksia	saksiisin	1
saksia	saksivat	12
saksia	saksi	4
saksia	saksiva	18
saksia	saksikoon	10
saksia	saksiakseen	3
saksia	saksia	20
saksia	saksimaan	7
saksia	saksinut	14
saksia	saksi	13
saksia	saksii	9
saksia	saksiisi	15
saksia	saksikoot	8
saksia	saksiko	11
saksia	saksiessaan	6
saksia	saksikaa	5
saksia	saksivat	19
saksia	saksiman	0
saksia	saksien	16
saksia	saksineet	17
puhkaista	puhkaisan	2
puhkaista	puhkaistaessaan	6
puhkaista	puhkaistaneet	17
puhkaista	puhkaistakseen	3
puhkaista	puhkaistako	11
puhkaista	puhkaisa	13
puhkaista	puhkaistanut	14
puhkaista	puhkaistivat	12
puhkaista	puhkaistaen	16
puhkaista	puhkaisti	9
puhkaista	puhkaistaisin	1
puhkaista	puhkaistava	18
puhkaista	puhkaistamaan	7
puhkaista	puhkaistakoot	8
puhkaista	puhkaistakoon	10
puhkaista	puhkaistaisi	15
puhkaista	puhkaistavat	19
puhkaista	puhkais	0
puhkaista	puhkaista	20
puhkaista	puhkaista	4
puhkaista	puhkaistakaa	5
harottaa	harottaakseen	3
harottaa	harottaessaan	6
harottaa	harottanut	14
harottaa	harottakaa	5
harottaa	harottaisi	15
harottaa	harot	0
harottaa	harotetaan	4
harottaa	harottako	11
harottaa	harota	13
harottaa	harottamaan	7
harottaa	harottakoon	10
harottaa	harottaneet	17
harottaa	harottaen	16
harottaa	harottava	18
harottaa	harottaisin	1
harottaa	harottivat	12
harottaa	harottakoot	8
harottaa	harotti	9
harottaa	harottaa	20
harottaa	harottavat	19
harottaa	harotan	2
lausua	lausui	9
lausua	lausuen	16
lausua	lausumaan	7
lausua	lausuu	2
lausua	lausua	20
lausua	lausuman	0
lausua	lausuisi	15
lausua	lausuvat	19
lausua	lausuva	18
lausua	lausuessaan	6
lausua	lausu	4
lausua	lausuisin	1
lausua	lausunut	14
lausua	lausukoot	8
lausua	lausukoon	10
lausua	lausuko	11
lausua	lausu	13
lausua	lausuivat	12
lausua	lausuakseen	3
lausua	lausukaa	5
lausua	lausuneet	17
huumaantua	huumaantuisi	15
huumaantua	huumaantuakseen	3
huumaantua	huumaantuivat	12
huumaantua	huumaantuu	2
huumaantua	huumaantukoon	10
huumaantua	huumaantuisin	1
huumaantua	huumaantumaan	7
huumaantua	huumaantuman	0
huumaantua	huumaantua	20
huumaantua	huumaantukaa	5
huumaantua	huumaantuvat	19
huumaantua	huumaantunut	14
huumaantua	huumaantuva	18
huumaantua	huumaantuneet	17
huumaantua	huumaantu	4
huumaantua	huumaantuko	11
huumaantua	huumaantuessaan	6
huumaantua	huumaantu	13
huumaantua	huumaantukoot	8
huumaantua	huumaantuen	16
huumaantua	huumaantui	9
säästää	säästäy	1
säästää	säästäko	11
säästää	säästämään	7
säästää	säästää	20
säästää	säästävät	19
säästää	säästäessään	6
säästää	säästän	2
säästää	säästäisi	15
säästää	säästä	4
säästää	sääs	0
säästää	säästänyt	14
säästää	säästivät	12
säästää	säästäkoot	8
säästää	säästääkseen	3
säästää	säästäen	10
säästää	säästäen	16
säästää	sääsä	13
säästää	säästävä	18
säästää	säästäneet	17
säästää	säästäkää	5
säästää	säästi	9
fudata	audata	20
fudata	audatmaan	7
fudata	audaten	16
fudata	audatnut	14
fudata	audatan	2
fudata	audatkaa	5
fudata	audatessaan	6
fudata	audatva	18
fudata	audatkoon	10
fudata	audati	9
fudata	audat	0
fudata	audat	13
fudata	tudatneet	17
fudata	audatko	11
fudata	audativat	12
fudata	audatisi	15
fudata	audatisin	1
fudata	audatvat	19
fudata	audatkoot	8
fudata	audatakseen	3
fudata	audat	4
