nähren	nährten	4
nähren	nährt	7
nähren	nähre	6
nähren	nähret	1
nähren	nährte	5
nähren	vernähren	3
nähren	nähren	8
nähren	nährest	0
nähren	genährt	2
replizieren	repliziert	7
replizieren	replizieren	8
replizieren	replizierten	4
replizieren	replizierte	5
replizieren	replizierest	0
replizieren	repliziere	6
replizieren	verrepzieren	3
replizieren	replizieret	1
replizieren	gerepliert	2
brüten	brütt	7
brüten	verbrüten	3
brüten	brüten	8
brüten	brütest	0
brüten	brütet	1
brüten	brüt	2
brüten	brüteten	4
brüten	brüte	6
brüten	brütete	5
kampieren	verkamperen	3
kampieren	kampiert	7
kampieren	kampieret	1
kampieren	kampier	2
kampieren	kampierten	4
kampieren	kampierte	5
kampieren	kampieren	8
kampieren	kampiere	6
kampieren	kampierest	0
wegwerfen	verwegwerfen	3
wegwerfen	wegwerften	4
wegwerfen	wegwerf	2
wegwerfen	wegwerfest	0
wegwerfen	wegwerfet	1
wegwerfen	wegwerfte	5
wegwerfen	wegwerft	7
wegwerfen	wegwerfen	8
wegwerfen	wegwerfe	6
betanken	betankt	7
betanken	gebetankt	2
betanken	betanke	6
betanken	betanket	1
betanken	verbetken	3
betanken	betankest	0
betanken	betanken	8
betanken	betankten	4
betanken	betankte	5
versenken	versenkten	4
versenken	versenke	6
versenken	versenken	8
versenken	versenket	1
versenken	versenkest	0
versenken	senken	3
versenken	versenkte	5
versenken	versenk	2
versenken	versenkt	7
aufregen	aufregen	8
aufregen	aufregt	7
aufregen	aufrege	6
aufregen	aufregte	5
aufregen	veraufregen	3
aufregen	aufreget	1
aufregen	aufregest	0
aufregen	aufregten	4
aufregen	aufreg	2
streichen	streich	2
streichen	streiche	6
streichen	streichet	1
streichen	streichten	4
streichen	streicht	7
streichen	streichen	8
streichen	verstreichen	3
streichen	streichest	0
streichen	streichte	5
überschwemmen	überschwemmen	8
überschwemmen	überschwemm	2
überschwemmen	überschwemmet	1
überschwemmen	überschwemte	5
überschwemmen	überschwemmt	7
überschwemmen	überschwemmten	4
überschwemmen	überschwemmest	0
überschwemmen	überschwemme	6
überschwemmen	verüberschwemen	3
bedenken	bedenket	1
bedenken	bedenkten	4
bedenken	gebedenkt	2
bedenken	bedenkest	0
bedenken	bedenken	8
bedenken	bedenkte	5
bedenken	bedenke	6
bedenken	bedenkt	7
bedenken	verbedenken	3
erstürmen	erstürme	6
erstürmen	stürmt	1
erstürmen	erstürmten	4
erstürmen	stürmen	3
erstürmen	erstürmt	7
erstürmen	stürme	2
erstürmen	stürmte	0
erstürmen	erstürmte	5
erstürmen	erstürmen	8
wehen	wehest	0
wehen	wehten	4
wehen	weh	2
wehen	wehte	5
wehen	wehen	8
wehen	verwehen	3
wehen	weht	7
wehen	wehet	1
wehen	wehe	6
kanalisieren	kanalisr	2
kanalisieren	kanalisierte	5
kanalisieren	verkansieren	3
kanalisieren	kanalisiere	6
kanalisieren	kanalisieren	8
kanalisieren	kanalisierest	0
kanalisieren	kanalisierten	4
kanalisieren	kanalisiert	7
kanalisieren	kanalisieret	1
erwachen	erwache	6
erwachen	wache	2
erwachen	erwacht	7
erwachen	erwachte	5
erwachen	wachte	0
erwachen	erwachen	8
erwachen	erwachten	4
erwachen	wacht	1
erwachen	wachen	3
fauchen	fauchten	4
fauchen	fauchet	1
fauchen	fauchen	8
fauchen	gefaucht	2
fauchen	fauchte	5
fauchen	verfauchen	3
fauchen	fauchest	0
fauchen	faucht	7
fauchen	fauche	6
versinken	versinket	1
versinken	versinken	8
versinken	versinkest	0
versinken	sinken	3
versinken	versinkten	4
versinken	versink	2
versinken	versinke	6
versinken	versinkt	7
versinken	versinkte	5
kneifen	kneiften	4
kneifen	kneif	2
kneifen	kneife	6
kneifen	verkneifen	3
kneifen	kneifen	8
kneifen	kneifet	1
kneifen	kneifest	0
kneifen	kneift	7
kneifen	kneifte	5
ekeln	ekeln	8
ekeln	verkeln	3
ekeln	ekelst	0
ekeln	ekelte	5
ekeln	ekelt	1
ekeln	ekelten	4
ekeln	gekelt	2
ekeln	ekelt	7
ekeln	ekel	6
vermitteln	vermittel	2
vermitteln	vermittelt	1
vermitteln	vermittelten	4
vermitteln	mittel	6
vermitteln	vermitteln	8
vermitteln	vermittelst	0
vermitteln	vermittelt	7
vermitteln	mitteln	3
vermitteln	vermittelte	5
würzen	würzet	1
würzen	gewürzt	2
würzen	würze	6
würzen	würzten	4
würzen	würzest	0
würzen	würzt	7
würzen	verwürzen	3
würzen	würzen	8
würzen	würzte	5
kollabieren	kollabiert	7
kollabieren	kollabierten	4
kollabieren	kollabier	2
kollabieren	kollabieren	8
kollabieren	kollabiere	6
kollabieren	verkollaben	3
kollabieren	kollabierest	0
kollabieren	kollabierte	5
kollabieren	kollabieret	1
bereiten	bereitete	5
bereiten	bereitet	1
bereiten	bereiteten	4
bereiten	verbereiten	3
bereiten	bereite	6
bereiten	bereitest	0
bereiten	bereit	2
bereiten	bereiten	8
bereiten	bereitet	7
grenzen	grenzen	8
grenzen	gegrenzt	2
grenzen	grenzest	0
grenzen	grenzt	7
grenzen	grenzte	5
grenzen	vergrenzen	3
grenzen	grenze	6
grenzen	grenzet	1
grenzen	grenzten	4
zischen	zisch	2
zischen	zischet	1
zischen	zische	6
zischen	zischen	8
zischen	zischten	4
zischen	zischte	5
zischen	zischt	7
zischen	zischest	0
zischen	verzischen	3
streiken	streike	6
streiken	gestreikt	2
streiken	streikt	7
streiken	streikte	5
streiken	streikten	4
streiken	streikest	0
streiken	streiket	1
streiken	streiken	8
streiken	verstreiken	3
erlangen	lange	2
erlangen	langte	0
erlangen	langen	3
erlangen	erlange	6
erlangen	erlangten	4
erlangen	erlangen	8
erlangen	erlangte	5
erlangen	erlangt	7
erlangen	langt	1
verfassen	verfassten	4
verfassen	verfasset	1
verfassen	verfassen	8
verfassen	verfass	2
verfassen	verfassest	0
verfassen	verfasste	5
verfassen	fasse	6
verfassen	verfasst	7
verfassen	fassen	3
bestätigen	bestätig	2
bestätigen	bestätigt	7
bestätigen	bestätigen	8
bestätigen	bestätigte	5
bestätigen	verbestigen	3
bestätigen	bestätigten	4
bestätigen	bestätigest	0
bestätigen	bestätiget	1
bestätigen	bestätige	6
terrorisieren	terrorisierten	4
terrorisieren	terrorisiert	1
terrorisieren	terrorisiere	6
terrorisieren	terrorisier	2
terrorisieren	terrorisieren	8
terrorisieren	verterrisieren	3
terrorisieren	terrorisiert	7
terrorisieren	terrorisierte	5
terrorisieren	terrorisierest	0
prüfen	geprüft	2
prüfen	prüft	7
prüfen	prüfte	5
prüfen	prüfe	6
prüfen	prüfest	0
prüfen	prüfet	1
prüfen	prüften	4
prüfen	prüfen	8
prüfen	verprüfen	3
frappieren	frapieret	1
frappieren	frapiert	7
frappieren	verfraperen	3
frappieren	frapierte	5
frappieren	frapierest	0
frappieren	frapierten	4
frappieren	frapieren	8
frappieren	frapier	2
frappieren	frapiere	6
sorgen	gesorgt	2
sorgen	sorgen	8
sorgen	sorgest	0
sorgen	sorge	6
sorgen	sorgten	4
sorgen	sorgt	7
sorgen	sorget	1
sorgen	sorgte	5
sorgen	versorgen	3
verscheißern	verscheißerst	0
verscheißern	verscheißt	7
verscheißern	verscheißte	5
verscheißern	verscheiß	2
verscheißern	verscheißen	8
verscheißern	scheißer	6
verscheißern	verscheißet	1
verscheißern	scheißern	3
verscheißern	verscheißten	4
sinken	sinken	8
sinken	sinkte	5
sinken	gesinkt	2
sinken	sinket	1
sinken	sinkten	4
sinken	sinke	6
sinken	sinkest	0
sinken	versinken	3
sinken	sinkt	7
ausmustern	ausmuster	2
ausmustern	verausmern	3
ausmustern	ausmustern	8
ausmustern	ausmusterten	4
ausmustern	ausmustert	1
ausmustern	ausmusterte	5
ausmustern	ausmustert	7
ausmustern	ausmuster	6
ausmustern	ausmusterst	0
wälzen	wälzest	0
wälzen	wälze	6
wälzen	gewälzt	2
wälzen	verwälzen	3
wälzen	wälzt	7
wälzen	wälzten	4
wälzen	wälzte	5
wälzen	wälzen	8
wälzen	wälzet	1
scannen	scann	2
scannen	scannen	8
scannen	scannte	5
scannen	scannten	4
scannen	scanne	6
scannen	scannt	7
scannen	scannet	1
scannen	scannest	0
scannen	verscannen	3
mitteilen	vermitteilen	3
mitteilen	mitteilest	0
mitteilen	mitteilte	5
mitteilen	mitteilen	8
mitteilen	mitteilt	7
mitteilen	mitteilet	1
mitteilen	mitteilten	4
mitteilen	mitteil	2
mitteilen	mitteile	6
verzweigen	verzweigte	5
verzweigen	verzweigt	7
verzweigen	verzweigten	4
verzweigen	verzweigen	8
verzweigen	zweige	6
verzweigen	verzweiget	1
verzweigen	verzweig	2
verzweigen	zweigen	3
verzweigen	verzweigest	0
streuen	streuen	8
streuen	streute	5
streuen	verstreuen	3
streuen	streuten	4
streuen	streut	7
streuen	streue	6
streuen	gestreut	2
streuen	streuet	1
streuen	streuest	0
quarzen	quarzest	0
quarzen	quarzten	4
quarzen	quarzen	8
quarzen	quarzt	7
quarzen	quarzet	1
quarzen	quarze	6
quarzen	quarzte	5
quarzen	verquarzen	3
quarzen	gequarzt	2
anhaben	anhabe	6
anhaben	anhabest	0
anhaben	anhaben	8
anhaben	anhabet	1
anhaben	anhabt	7
anhaben	anhab	2
anhaben	anhabten	4
anhaben	veranhaben	3
anhaben	anhabte	5
fotographieren	fotographiert	1
fotographieren	fotographierten	4
fotographieren	fotographiere	6
fotographieren	gefotogra	2
fotographieren	fotographiert	7
fotographieren	fotographien	8
fotographieren	fotographierte	5
fotographieren	fotographierst	0
fotographieren	verfotogran	3
borgen	borgt	7
borgen	borge	6
borgen	borgten	4
borgen	geborgt	2
borgen	borgen	8
borgen	verborgen	3
borgen	borget	1
borgen	borgte	5
borgen	borgest	0
arrivieren	arricriere	6
arrivieren	arricierte	5
arrivieren	arrierest	0
arrivieren	arricheret	1
arrivieren	arricrier	2
arrivieren	arricierten	4
arrivieren	verarrieren	3
arrivieren	arriciert	7
arrivieren	arricieren	8
spotten	spottest	0
spotten	spottet	1
spotten	spotteten	4
spotten	verspotten	3
spotten	spott	2
spotten	spotte	6
spotten	spotten	8
spotten	spottete	5
spotten	spottet	7
verbreiten	breite	6
verbreiten	verbreitest	0
verbreiten	verbreitet	7
verbreiten	verbreitete	5
verbreiten	verbreiteten	4
verbreiten	verbreit	2
verbreiten	breiten	3
verbreiten	verbreiten	8
verbreiten	verbreitet	1
studieren	verstudieren	3
studieren	gestudiert	2
studieren	studierest	0
studieren	studiert	7
studieren	studierte	5
studieren	studieren	8
studieren	studieret	1
studieren	studiere	6
studieren	studierten	4
vereisen	eise	6
vereisen	vereisest	0
vereisen	vereiset	1
vereisen	vereisen	8
vereisen	eisen	3
vereisen	vereisten	4
vereisen	vereiste	5
vereisen	vereis	2
vereisen	vereist	7
aufbauen	aufbaue	6
aufbauen	veraufbauen	3
aufbauen	aufbaut	7
aufbauen	aufbauten	4
aufbauen	aufbauen	8
aufbauen	aufbauest	0
aufbauen	aufbau	2
aufbauen	aufbauet	1
aufbauen	aufbaute	5
instituieren	instituer	2
instituieren	instituieret	1
instituieren	instituieren	8
instituieren	instituerest	0
instituieren	instituierten	4
instituieren	instituiert	7
instituieren	verinstuieren	3
instituieren	instituiere	6
instituieren	instituierte	5
zanken	zanket	1
zanken	zankt	7
zanken	zankte	5
zanken	zankest	0
zanken	zanken	8
zanken	zank	2
zanken	zankten	4
zanken	zanke	6
zanken	verzanken	3
fräsen	frästen	4
fräsen	fräset	1
fräsen	fräst	7
fräsen	fräsen	8
fräsen	gefräst	2
fräsen	verfräsen	3
fräsen	fräsest	0
fräsen	fräse	6
fräsen	fräste	5
erschaffen	erschaffe	6
erschaffen	erschafft	7
erschaffen	schaffte	0
erschaffen	schaffen	3
erschaffen	erschafften	4
erschaffen	erschaffen	8
erschaffen	schaffe	2
erschaffen	erschaffte	5
erschaffen	schafft	1
beamen	beamest	0
beamen	beamten	4
beamen	beame	6
beamen	beamt	7
beamen	beamen	8
beamen	beam	2
beamen	beamte	5
beamen	verbeamen	3
beamen	beamet	1
besudeln	besudelt	7
besudeln	verbesudeln	3
besudeln	besudelst	0
besudeln	besudeln	8
besudeln	besudelte	5
besudeln	besudelt	1
besudeln	besudelten	4
besudeln	besudel	2
besudeln	besudel	6
erzielen	erzielten	4
erzielen	ziele	2
erzielen	zielte	0
erzielen	erzielt	7
erzielen	erzielen	8
erzielen	zielen	3
erzielen	erziele	6
erzielen	zielt	1
erzielen	erzielte	5
überfallen	überfallen	8
überfallen	geüberfalt	2
überfallen	überfallet	1
überfallen	überfallest	0
überfallen	verüberfen	3
überfallen	überfallten	4
überfallen	überfallte	5
überfallen	überfalle	6
überfallen	überfallt	7
verunsichern	verunsichert	7
verunsichern	verunsichern	8
verunsichern	unsicher	6
verunsichern	verunsichert	1
verunsichern	verunsicherte	5
verunsichern	verunsich	2
verunsichern	verunsicherst	0
verunsichern	unsichern	3
verunsichern	verunsicherten	4
lauten	lauten	8
lauten	lauteten	4
lauten	laut	2
lauten	lautet	1
lauten	laute	6
lauten	laut	7
lauten	lautest	0
lauten	verlauten	3
lauten	lautete	5
marodieren	marodier	2
marodieren	marodiere	6
marodieren	marodierte	5
marodieren	marodierten	4
marodieren	vermardieren	3
marodieren	marodierest	0
marodieren	marodiert	7
marodieren	marodieren	8
marodieren	marodieret	1
wundern	wunderten	4
wundern	wunder	6
wundern	wunder	2
wundern	verwundern	3
wundern	wundern	8
wundern	wundert	1
wundern	wunderte	5
wundern	wundert	7
wundern	wunderst	0
schichten	schichten	8
schichten	schichtete	5
schichten	schicht	2
schichten	schichteten	4
schichten	schichtet	1
schichten	verschichten	3
schichten	schichtest	0
schichten	schichtet	7
schichten	schichte	6
eggen	eggest	0
eggen	eggte	5
eggen	eggt	7
eggen	egge	6
eggen	egget	1
eggen	eggten	4
eggen	eggen	8
eggen	geggt	2
eggen	veregggen	3
wiehern	wieherten	4
wiehern	verwiehern	3
wiehern	wieherte	5
wiehern	wieher	2
wiehern	wiehert	1
wiehern	wiehern	8
wiehern	wieher	6
wiehern	wiehert	7
wiehern	wieherst	0
gründen	gründet	1
gründen	gründeten	4
gründen	gründest	0
gründen	gründ	2
gründen	gründe	6
gründen	gründt	7
gründen	vergründen	3
gründen	gründete	5
gründen	gründen	8
lauschen	lauschen	8
lauschen	lausche	6
lauschen	lauschten	4
lauschen	verlauschen	3
lauschen	lauscht	7
lauschen	gelauscht	2
lauschen	lauschte	5
lauschen	lauschest	0
lauschen	lauschet	1
erwärmen	erwärme	6
erwärmen	wärme	2
erwärmen	erwärmten	4
erwärmen	wärmt	1
erwärmen	erwärmt	7
erwärmen	erwärmen	8
erwärmen	wärmen	3
erwärmen	erwärmte	5
erwärmen	wärmte	0
bleichen	bleichen	8
bleichen	bleichet	1
bleichen	bleich	2
bleichen	bleiche	6
bleichen	bleichte	5
bleichen	bleichten	4
bleichen	bleicht	7
bleichen	bleichest	0
bleichen	verbleichen	3
horchen	horche	6
horchen	horchest	0
horchen	horcht	7
horchen	verhorchen	3
horchen	horchten	4
horchen	horchen	8
horchen	horchet	1
horchen	gehorcht	2
horchen	horchte	5
niesen	niesten	4
niesen	niesen	8
niesen	nies	2
niesen	nieset	1
niesen	niesest	0
niesen	niest	7
niesen	verniesen	3
niesen	niese	6
niesen	nieste	5
ergötzen	götze	2
ergötzen	götzte	0
ergötzen	ergötze	6
ergötzen	ergötzten	4
ergötzen	götzen	3
ergötzen	ergötzen	8
ergötzen	ergötzte	5
ergötzen	ergötzt	7
ergötzen	götzt	1
streifen	streifte	5
streifen	streiften	4
streifen	gestreift	2
streifen	streifest	0
streifen	streifet	1
streifen	verstreifen	3
streifen	streift	7
streifen	streife	6
streifen	streifen	8
wählen	gewählt	2
wählen	wählen	8
wählen	wähle	6
wählen	verwählen	3
wählen	wählten	4
wählen	wählte	5
wählen	wählet	1
wählen	wählest	0
wählen	wählt	7
hervorheben	hervorhebest	0
hervorheben	hervorheb	2
hervorheben	hervorhebet	1
hervorheben	hervorhebt	7
hervorheben	verherheben	3
hervorheben	hervorhebte	5
hervorheben	hervorhebe	6
hervorheben	hervorhebten	4
hervorheben	hervorheben	8
zurückkommen	zurückkommet	1
zurückkommen	zurückkommt	7
zurückkommen	zurückkommten	4
zurückkommen	zurückkommen	8
zurückkommen	zurückkommest	0
zurückkommen	zurückkommte	5
zurückkommen	zurückkomme	6
zurückkommen	zurückkomm	2
zurückkommen	verzurückommen	3
umzingeln	umzingel	6
umzingeln	geumzingelt	2
umzingeln	umzingelt	1
umzingeln	umzingelte	5
umzingeln	umzingeln	8
umzingeln	umzingelt	7
umzingeln	verumzingeln	3
umzingeln	umzingelten	4
umzingeln	umzingelst	0
begegnen	begegneten	4
begegnen	begegne	6
begegnen	begegnest	0
begegnen	begegnet	7
begegnen	begegnen	8
begegnen	begegnet	1
begegnen	begegnete	5
begegnen	gebegnegt	2
begegnen	verbegnen	3
rumalbern	rumalbert	7
rumalbern	rumalbert	1
rumalbern	rumalbern	8
rumalbern	rumalberst	0
rumalbern	gerumalbt	2
rumalbern	rumalber	6
rumalbern	verrumalben	3
rumalbern	rumalberten	4
rumalbern	rumalberte	5
verzeichnen	verzeichnt	7
verzeichnen	verzeichnet	1
verzeichnen	verzeichnen	8
verzeichnen	verzeichnest	0
verzeichnen	verzeichnete	5
verzeichnen	verzeichn	2
verzeichnen	zeichnen	3
verzeichnen	zeichne	6
verzeichnen	verzeichneten	4
jetten	jette	6
jetten	jettete	5
jetten	jettest	0
jetten	jettet	7
jetten	verjetten	3
jetten	jetteten	4
jetten	jettet	1
jetten	jett	2
jetten	jetten	8
klopfen	klopfet	1
klopfen	klopfen	8
klopfen	verklopfen	3
klopfen	klopften	4
klopfen	klopfe	6
klopfen	geklopft	2
klopfen	klopfest	0
klopfen	klopfte	5
klopfen	klopft	7
zementieren	zementierest	0
zementieren	zementier	2
zementieren	zementiere	6
zementieren	zementieren	8
zementieren	zementieret	1
zementieren	verzemtieren	3
zementieren	zementierten	4
zementieren	zementierte	5
zementieren	zementiert	7
zerstreuen	zerstreuen	8
zerstreuen	zerstreuten	4
zerstreuen	zerstreu	2
zerstreuen	zerstreuest	0
zerstreuen	zerstreute	5
zerstreuen	verzerstuen	3
zerstreuen	zerstreut	7
zerstreuen	zerstreue	6
zerstreuen	zerstreuet	1
feststellen	feststellest	0
feststellen	feststellen	8
feststellen	feststellet	1
feststellen	feststell	2
feststellen	feststellt	7
feststellen	feststellte	5
feststellen	feststelle	6
feststellen	feststellten	4
feststellen	verfestellen	3
veralten	veraltest	0
veralten	veraltet	1
veralten	alten	3
veralten	veraltet	7
veralten	veralt	2
veralten	alte	6
veralten	veraltete	5
veralten	veralten	8
veralten	veralteten	4
verdoppeln	verdoppp	2
verdoppeln	verdopppelt	1
verdoppeln	dopel	6
verdoppeln	dopeln	3
verdoppeln	verdopppelt	7
verdoppeln	verdopppeln	8
verdoppeln	verdopppelst	0
verdoppeln	verdopppelte	5
verdoppeln	verdoppelten	4
ausrichten	ausrichteten	4
ausrichten	ausrichten	8
ausrichten	verausrichten	3
ausrichten	ausricht	2
ausrichten	ausrichtet	7
ausrichten	ausrichtete	5
ausrichten	ausrichte	6
ausrichten	ausrichtest	0
ausrichten	ausrichtet	1
schleißen	schleiße	6
schleißen	schleißte	5
schleißen	schleiß	2
schleißen	schleißet	1
schleißen	schleißest	0
schleißen	schleißten	4
schleißen	schleißt	7
schleißen	verschleißen	3
schleißen	schleißen	8
schwänzen	verschwänzen	3
schwänzen	schwänze	6
schwänzen	schwänzest	0
schwänzen	schwänzet	1
schwänzen	schwänzte	5
schwänzen	geschwänzt	2
schwänzen	schwänzt	7
schwänzen	schwänzten	4
schwänzen	schwänzen	8
überstehen	verübersten	3
überstehen	überstehten	4
überstehen	übersteh	2
überstehen	übersteht	7
überstehen	überstehest	0
überstehen	überstehe	6
überstehen	überstehet	1
überstehen	überstehte	5
überstehen	überstehen	8
lindern	verlindern	3
lindern	linder	6
lindern	lindert	1
lindern	lindern	8
lindern	linderst	0
lindern	linderten	4
lindern	linder	2
lindern	linderte	5
lindern	lindert	7
glottalisieren	verglottaren	3
glottalisieren	glottalisiere	6
glottalisieren	glottalisiert	7
glottalisieren	glottalisierten	4
glottalisieren	glottalisist	2
glottalisieren	glottalisierte	5
glottalisieren	glottalisierst	0
glottalisieren	glottalisiert	1
glottalisieren	glottalisiern	8
hervorbringen	hervorbringe	6
hervorbringen	verherbringen	3
hervorbringen	hervorbringt	7
hervorbringen	hervorbringte	5
hervorbringen	hervorbringest	0
hervorbringen	geherbringt	2
hervorbringen	hervorbringet	1
hervorbringen	hervorbringten	4
hervorbringen	hervorbringen	8
kollidieren	kollidierten	4
kollidieren	verkollieren	3
kollidieren	kollidieren	8
kollidieren	kollidierest	0
kollidieren	kollidiert	7
kollidieren	kollidieret	1
kollidieren	kollidier	2
kollidieren	kollidiere	6
kollidieren	kollidierte	5
vererben	vererbet	1
vererben	vererben	8
vererben	vererbten	4
vererben	vererbest	0
vererben	erbe	6
vererben	vererbte	5
vererben	vererbt	7
vererben	erben	3
vererben	vererb	2
verspeisen	verspeiste	5
verspeisen	verspeisten	4
verspeisen	speise	6
verspeisen	speisen	3
verspeisen	verspeisest	0
verspeisen	verspeis	2
verspeisen	verspeiset	1
verspeisen	verspeisen	8
verspeisen	verspeist	7
verfinstern	verfinsterst	0
verfinstern	finster	6
verfinstern	verfinstern	8
verfinstern	verfinstert	7
verfinstern	verfinsterte	5
verfinstern	finstern	3
verfinstern	verfinster	2
verfinstern	verfinstert	1
verfinstern	verfinsterten	4
integrieren	integrieret	1
integrieren	integrier	2
integrieren	verinterien	3
integrieren	integriere	6
integrieren	integrierte	5
integrieren	integrierest	0
integrieren	integriert	7
integrieren	integrieren	8
integrieren	integrierten	4
