xtara	xatret	10
xtara	xatru	15
xtara	xatilhom	9
xtara	inxatru	14
xtara	nxatret	1
xtara	jinxatru	0
xtara	xtara	16
xtara	xarar	8
xtara	nxantru	13
xtara	jixtar	4
xtara	tixtar	6
xtara	inxatar	12
xtara	nixtar	5
xtara	xatruh	3
xtara	nxatar	11
xtara	xatruhom	2
xtara	xararna	7
ittraduċa	jintiluh	3
ittraduċa	ntidar	16
ittraduċa	ntidru	1
ittraduċa	tilduhom	2
ittraduċa	tintintintintintintintintintintintintintintintintintintintintintintintintintintintintintintintintintintintintintintintintintinti	10
ittraduċa	tintilu	8
ittraduċa	jitrad	4
ittraduċa	jintintintintintintintintintintintintintintintintintintintintintintintintintintintintintintintintintintintintintintintintintinti	0
ittraduċa	tintilhom	9
ittraduċa	nitrad	6
ittraduċa	ntirdu	13
ittraduċa	ntirad	11
ittraduċa	tildu	15
ittraduċa	intintintintintintintintintintintintintintintintintintintintintintintintintintintintintintintintintintintintintintintintintintin	14
ittraduċa	jitrad	5
ittraduċa	titrad	7
ittraduċa	intintintintintintintintintintintintintintintintintintintintintintintintintintintintintintintintintintintintintintintintintintin	12
ġabar	ġabrna	7
ġabar	nġabru	13
ġabar	nġabar	11
ġabar	tiġabar	6
ġabar	ġabret	8
ġabar	ġabru	15
ġabar	inġabar	12
ġabar	niġabar	5
ġabar	tinġabar	10
ġabar	jinġabru	0
ġabar	ġabruhom	2
ġabar	jinġabar	3
ġabar	jiġbar	4
ġabar	ġabrilhom	9
ġabar	inġabru	14
ġabar	ġabar	16
ġabar	nġabret	1
għasar	ħasruh	3
għasar	ħasar	16
għasar	ħarst	8
għasar	jinħasru	0
għasar	inħasru	14
għasar	nisrar	5
għasar	nħasru	13
għasar	tiħarar	6
għasar	ħasilhom	9
għasar	ħasret	10
għasar	ħasruhom	2
għasar	nħasar	11
għasar	inħasar	12
għasar	nħasret	1
għasar	ħasru	15
għasar	ħasrna	7
għasar	ħasru	4
ħareġ	tiħareġ	6
ħareġ	nħarġu	13
ħareġ	ħarġu	4
ħareġ	ħarġuhom	3
ħareġ	ħarġuh	2
ħareġ	ħariġhom	9
ħareġ	nħareġ	11
ħareġ	nħarġu	1
ħareġ	jinħarġu	0
ħareġ	inħareġ	12
ħareġ	ħarġu	15
ħareġ	ħareġ	8
ħareġ	ħareġ	16
ħareġ	inħarġu	14
ħareġ	niħareġ	5
ħareġ	ħarġet	10
ħareġ	ħareġ	7
daħak	daħkuh	3
daħak	jindaħku	0
daħak	jidħak	4
daħak	ndaħak	11
daħak	daħt	8
daħak	daħkuhom	2
daħak	ndaħket	1
daħak	daħkilhom	9
daħak	indaħku	14
daħak	tidħak	6
daħak	nidħak	5
daħak	daħket	10
daħak	daħku	15
daħak	ndaħku	13
daħak	daħak	16
daħak	daħna	7
daħak	indaħak	12
rikeb	rikibhom	9
rikeb	inrikeb	12
rikeb	jinrikbu	0
rikeb	nrikbu	1
rikeb	rikbu	15
rikeb	jinrikeb	3
rikeb	jikbeb	5
rikeb	rikbu	4
rikeb	nikreb	6
rikeb	nrikbu	13
rikeb	inrikbu	14
rikeb	rikbuh	2
rikeb	tinrikeb	10
rikeb	nrikeb	11
rikeb	rikeb	16
rikeb	rikteb	8
rikeb	rikbu	7
għażel	niħa	5
għażel	ħa	7
għażel	ħa	4
għażel	tieħas	6
għażel	ħarluhom	3
għażel	inħaslu	14
għażel	ħa	16
għażel	ħa	8
għażel	nħasel	11
għażel	ħasilhom	9
għażel	ħasluh	2
għażel	ħa	15
għażel	nħaslu	1
għażel	ħaslet	10
għażel	inħasel	12
għażel	nħaslu	13
għażel	jinħasel	0
ħa	niħa	5
ħa	inħa	14
ħa	tiħa	6
ħa	ħa	2
ħa	ħa	7
ħa	ħa	10
ħa	nħa	13
ħa	ħa	3
ħa	jiħa	4
ħa	inħa	12
ħa	ħa	9
ħa	ħa	16
ħa	nħa	11
ħa	ħa	8
ħa	ħa	15
ħa	jinħa	0
ħa	nħa	1
fired	nfired	11
fired	fredt	8
fired	firdu	4
fired	firdu	15
fired	tinfired	10
fired	nfirdu	13
fired	firidhom	9
fired	fired	16
fired	jifred	5
fired	frednad	7
fired	jinfirdu	0
fired	jinfired	3
fired	infired	12
fired	firduh	2
fired	nfirdu	1
fired	nifred	6
fired	infirdu	14
kiseb	nikseb	6
kiseb	kisbu	4
kiseb	nkisbu	13
kiseb	kiseb	16
kiseb	jikseb	5
kiseb	inkiseb	14
kiseb	jinkiseb	3
kiseb	nkiseb	11
kiseb	jinkiseb	0
kiseb	inkiseb	12
kiseb	kisbuh	2
kiseb	kisbu	15
kiseb	nkisbu	1
kiseb	kiseb	7
kiseb	kisibhom	9
kiseb	kiseb	8
kiseb	tinkiseb	10
seraq	nserqu	13
seraq	nisraq	5
seraq	serqu	15
seraq	jisraqx	1
seraq	sraqna	7
seraq	sraqt	8
seraq	tisraq	6
seraq	serquhom	2
seraq	jinserqu	0
seraq	inserqu	14
seraq	serqilhom	9
seraq	serquh	3
seraq	nseraq	11
seraq	seraq	16
seraq	inseraq	12
seraq	jisraq	4
seraq	serqet	10
qatel	jinqatlu	0
qatel	qatluh	2
qatel	nqatel	11
qatel	qatlet	10
qatel	nqatlu	1
qatel	tiqatel	6
qatel	inqatlu	14
qatel	qatilhom	9
qatel	niqatel	5
qatel	qatlu	7
qatel	qatlu	4
qatel	qatluhom	3
qatel	inqatel	12
qatel	qatel	8
qatel	nqatlu	13
qatel	qatel	16
qatel	qatlu	15
pejjep	jinejjem	3
pejjep	tejjet	10
pejjep	nejjjeeem	11
pejjep	tikjjem	6
pejjep	ejjjquh	2
pejjep	djjem	8
pejjep	nejjjmu	1
pejjep	qejjmu	15
pejjep	inkejjem	12
pejjep	djjedna	7
pejjep	qejjem	16
pejjep	ejjjqu	4
pejjep	nikjjem	5
pejjep	ejjjilhom	9
pejjep	inu	14
pejjep	nejjjqu	13
pejjep	jinu	0
fetaħ	fetħuhom	2
fetaħ	jiftaħ	4
fetaħ	ftaħt	8
fetaħ	fetaħ	16
fetaħ	infetaħ	12
fetaħ	infetħu	14
fetaħ	fetħu	15
fetaħ	jinfetħu	0
fetaħ	jinfetaħ	3
fetaħ	ftaħna	7
fetaħ	tiftaħ	6
fetaħ	niftaħ	5
fetaħ	fetħilhom	9
fetaħ	nfetħu	13
fetaħ	nfetaħ	11
fetaħ	nfetħet	1
fetaħ	fetħet	10
eżerċita	ntirfu	13
eżerċita	tinbiret	10
eżerċita	neridu	1
eżerċita	jineret	3
eżerċita	neriad	11
eżerċita	ridtar	8
eżerċita	inered	12
eżerċita	inħaru	14
eżerċita	tilfu	15
eżerċita	jiered	5
eżerċita	nitraq	6
eżerċita	erisu	4
eżerċita	eriktuh	2
eżerċita	ridrad	7
eżerċita	riseb	16
eżerċita	jintiru	0
eżerċita	tilhom	9
baqa'	baqt	8
baqa'	jinbaqu	0
baqa'	nibqa'	5
baqa'	baqna	7
baqa'	baqilhom	9
baqa'	nbaqu	13
baqa'	baq'uhom	2
baqa'	baqa'	16
baqa'	baqet	10
baqa'	inbaqu	14
baqa'	inbaqa'	12
baqa'	nbaqa'	11
baqa'	nbaqet	1
baqa'	baq'	3
baqa'	tibqa'	6
baqa'	baqku	15
baqa'	jibqa'	4
bidel	inbidel	12
bidel	nibdel	6
bidel	nbidlu	1
bidel	bidlu	7
bidel	jinbidel	3
bidel	bidluh	2
bidel	jibdel	5
bidel	bidlidhom	9
bidel	bidel	16
bidel	nbidlu	13
bidel	nbidel	11
bidel	inbidlu	14
bidel	bidladt	8
bidel	bidlu	4
bidel	jinbidlu	0
bidel	tinbidel	10
bidel	bidlu	15
telaq	intelqu	14
telaq	tlaqt	8
telaq	telqilhom	9
telaq	ntelqu	13
telaq	jitlaq	4
telaq	tlaqna	7
telaq	ntelaq	11
telaq	nitlaq	5
telaq	jitlaqx	1
telaq	telqu	15
telaq	telaq	16
telaq	jintelqu	0
telaq	intelaq	12
telaq	telqet	10
telaq	telquhom	2
telaq	titlaq	6
telaq	telquh	3
ippenetra	tinbiret	10
ippenetra	riten	16
ippenetra	ritnu	4
ippenetra	ridnar	7
ippenetra	inbirnu	14
ippenetra	ntilen	11
ippenetra	birnu	15
ippenetra	jinħaru	0
ippenetra	rithom	9
ippenetra	ridtar	8
ippenetra	nbirnu	13
ippenetra	bidnuh	2
ippenetra	nitran	6
ippenetra	nbidru	1
ippenetra	inħaren	12
ippenetra	jinħarem	3
ippenetra	jibran	5
