زدن	می‌زدند	2
زدن	نزده‌ام	4
زدن	نزده‌اید	5
زدن	می‌زد	26
زدن	می‌زدم	10
زدن	زدی	13
زدن	زدن	27
زدن	زدیم	23
زدن	نزدم	1
زدن	زدۀ	6
زدن	زده‌ایم	9
زدن	نزده	8
زدن	نزدند	12
زدن	زده‌اند	20
زدن	بزد	17
زدن	زدم	22
زدن	زد	29
زدن	زده‌ام	18
زدن	زده	30
زدن	نمی‌زد	15
زدن	نزد	24
زدن	زدید	14
زدن	زدند	28
زدن	زده‌اید	16
زدن	برزد	7
زدن	بزدم	11
زدن	بزدید	3
زدن	می‌زدند	25
زدن	بزد	21
زدن	زده‌ای	19
زدن	زدنم	0
نامیدن	نامیدیم	23
نامیدن	بنامید	3
نامیدن	می‌نامیم	10
نامیدن	نامی	6
نامیدن	ننامید	24
نامیدن	بنامید	1
نامیدن	نامیده‌اند	20
نامیدن	نامیده‌ایم	9
نامیدن	بنامید	21
نامیدن	بنامیم	11
نامیدن	نامیده‌اید	5
نامیدن	نامیده‌ام	18
نامیدن	بنامی	17
نامیدن	برامید	7
نامیدن	ننامیدند	12
نامیدن	نامیدند	28
نامیدن	نامیده‌ای	19
نامیدن	نامیده	30
نامیدن	می‌نامید	4
نامیدن	نامیدید	14
نامیدن	نمی‌نامید	15
نامیدن	می‌نامید	26
نامیدن	نامیدم	22
نامیدن	نامیده‌اید	16
نامیدن	نامش	0
نامیدن	می‌نامیدند	25
نامیدن	نامید	29
نامیدن	نامیدن	27
نامیدن	می‌نامید	2
نامیدن	نام	8
نامیدن	نامیدی	13
ایستادن	ایستاده‌ام	18
ایستادن	بایستاد	17
ایستادن	نایستاده‌اید	5
ایستادن	نایستاده‌ام	3
ایستادن	ایستادید	14
ایستادن	ایستاده‌اید	16
ایستادن	ایستاد	29
ایستادن	ایستاده‌ایم	9
ایستادن	نمی‌ایستاد	15
ایستادن	ایستادی	13
ایستادن	ایستادگان	0
ایستادن	ایستادم	22
ایستادن	نایستاد	24
ایستادن	ایستاده‌ای	19
ایستادن	می‌ایم	10
ایستادن	نایستادم	1
ایستادن	نایستاده‌ام	4
ایستادن	بایستاد	21
ایستادن	بایستام	11
ایستادن	ایستادن	27
ایستادن	ایستاده	8
ایستادن	ایستادۀ	6
ایستادن	ایستادند	28
ایستادن	می‌ایستاد	26
ایستادن	می‌ایستادند	25
ایستادن	ایستاده‌اند	20
ایستادن	نایستادند	12
ایستادن	می‌ایستاند	2
ایستادن	ایستاده	30
ایستادن	ایستادیم	23
ایستادن	برایستاد	7
ورزش کردن	ورزش	29
ورزش کردن	ورزش	13
ورزش کردن	برورز	7
ورزش کردن	نورز	4
ورزش کردن	بورزِ	17
ورزش کردن	نورزش	12
ورزش کردن	ورزش	22
ورزش کردن	ورزش	16
ورزش کردن	بورزید	3
ورزش کردن	ورزش	9
ورزش کردن	ورزش	20
ورزش کردن	ورزیدیم	23
ورزش کردن	نورزش	5
ورزش کردن	می‌ورزشید	26
ورزش کردن	نمی‌ورز	15
ورزش کردن	ورزش	14
ورزش کردن	ورزش	19
ورزش کردن	ورزش	28
ورزش کردن	می‌ورز	10
ورزش کردن	بورزش	21
ورزش کردن	ورزش	27
ورزش کردن	ورزش	18
ورزش کردن	ورزِ	6
ورزش کردن	ورزش	30
ورزش کردن	بورزِ	11
ورزش کردن	می‌ورزیدند	25
ورزش کردن	نورزش	24
ورزش کردن	ورز	8
ورزش کردن	نورز	1
ورزش کردن	ورزش	0
ورزش کردن	می‌ورز	2
مردن	مرده‌ای	19
مردن	می‌مرند	2
مردن	بمرم	11
مردن	برمرد	7
مردن	بمرد	21
مردن	مرد	29
مردن	مرده‌اند	20
مردن	می‌مرید	4
مردن	می‌مردند	25
مردن	مردی	13
مردن	نمی‌مرد	15
مردن	نمردند	12
مردن	مرده‌ام	18
مردن	مردم	22
مردن	بمرید	3
مردن	مرده	30
مردن	نمرده‌اید	5
مردن	مردیم	23
مردن	مردۀ	6
مردن	بمرند	1
مردن	می‌مرد	26
مردن	مردند	28
مردن	مرده‌اید	16
مردن	نمرده	8
مردن	می‌مرم	10
مردن	مرده‌ایم	9
مردن	مردن	27
مردن	نمرد	24
مردن	بمر	17
مردن	مردید	14
مردن	مردگان	0
نهیب زدن	نهیدند	28
نهیب زدن	نهابش	0
نهیب زدن	نهیدید	14
نهیب زدن	بنهی	17
نهیب زدن	نهابِ	6
نهیب زدن	می‌نهیم	10
نهیب زدن	ننهبه‌اید	5
نهیب زدن	ننهبه‌اند	2
نهیب زدن	نهیدم	22
نهیب زدن	نهیدی	13
نهیب زدن	می‌نهم	26
نهیب زدن	ننهیدم	1
نهیب زدن	نهیب	8
نهیب زدن	نهیده‌اید	16
نهیب زدن	ننهیدند	12
نهیب زدن	نمی‌نه	15
نهیب زدن	نهیدن	27
نهیب زدن	نهیده‌ای	19
نهیب زدن	بنهید	3
نهیب زدن	برنهید	7
نهیب زدن	نهیده‌ایم	9
نهیب زدن	نهبه‌اند	20
نهیب زدن	نهیده	30
نهیب زدن	بنهیم	11
نهیب زدن	می‌نهم	25
نهیب زدن	نهیدیم	23
نهیب زدن	ننهیده‌ام	4
نهیب زدن	نهید	29
نهیب زدن	نهیده‌ام	18
نهیب زدن	ننهید	24
نهیب زدن	بنهید	21
بخشیدن	نبخشید	24
بخشیدن	بخشیدن	27
بخشیدن	بخشیده‌ام	18
بخشیدن	ببخشید	3
بخشیدن	بخشید	29
بخشیدن	برخشید	7
بخشیدن	می‌بخشیدند	25
بخشیدن	نبخشیدم	1
بخشیدن	بخشیدیم	23
بخشیدن	می‌بخشیم	10
بخشیدن	بخشیدید	14
بخشیدن	نبخشیده‌اید	5
بخشیدن	بخشیدند	28
بخشیدن	بخشیده‌ای	19
بخشیدن	نبخشیدند	12
بخشیدن	ببخشی	17
بخشیدن	بخشیدم	22
بخشیدن	نبخشیده‌ام	4
بخشیدن	بخشیده‌اید	16
بخشیدن	بخشش	0
بخشیدن	بخشی	6
بخشیدن	نمی‌بخشید	15
بخشیدن	می‌بخشید	2
بخشیدن	بخشیده‌اند	20
بخشیدن	بخشیده‌ایم	9
بخشیدن	بخشیدی	13
بخشیدن	ببخشیم	11
بخشیدن	می‌بخشید	26
بخشیدن	بخش	8
بخشیدن	ببخشید	21
بخشیدن	بخشیده	30
امضاء کردن	اماض	29
امضاء کردن	اماض	13
امضاء کردن	ناماضدند	12
امضاء کردن	اماض	8
امضاء کردن	اماض	22
امضاء کردن	اماض	16
امضاء کردن	می‌امنند	2
امضاء کردن	اماضِ	6
امضاء کردن	اماض	9
امضاء کردن	بام	11
امضاء کردن	اماض	20
امضاء کردن	می‌امد	26
امضاء کردن	باماض	3
امضاء کردن	نام	1
امضاء کردن	اماض	23
امضاء کردن	اماض	14
امضاء کردن	اماض	19
امضاء کردن	اماض	28
امضاء کردن	اماض	4
امضاء کردن	باماض	21
امضاء کردن	می‌امدند	25
امضاء کردن	اماض	27
امضاء کردن	امش	0
امضاء کردن	ناماض	5
امضاء کردن	اماض	18
امضاء کردن	ناماض	24
امضاء کردن	باماض	17
امضاء کردن	برام	7
امضاء کردن	اماض	30
امضاء کردن	نمی‌ام	15
امضاء کردن	می‌ام	10
ماندن	می‌مانید	4
ماندن	می‌مانند	2
ماندن	برماند	7
ماندن	نماندند	12
ماندن	می‌مانم	10
ماندن	مانده‌ام	18
ماندن	ماندم	22
ماندن	ماندید	14
ماندن	نماند	24
ماندن	بماند	21
ماندن	می‌ماند	26
ماندن	بمانید	3
ماندن	ماند	29
ماندن	ماندنم	0
ماندن	مانده‌اید	16
ماندن	نمانده‌اید	5
ماندن	نمی‌ماند	15
ماندن	مان	6
ماندن	ماندیم	23
ماندن	ماندن	27
ماندن	ماندند	28
ماندن	نمانده	8
ماندن	مانده‌اند	20
ماندن	مانده‌ایم	9
ماندن	می‌ماندند	25
ماندن	بمانم	11
ماندن	بمان	17
ماندن	ماندی	13
ماندن	بمانند	1
ماندن	مانده‌ای	19
ماندن	مانده	30
بازی کردن	ببازی	17
بازی کردن	بزازیده‌اید	16
بازی کردن	می‌باب	2
بازی کردن	بزازیدم	22
بازی کردن	از	8
بازی کردن	ببازیم	11
بازی کردن	بزازیدن	27
بازی کردن	ابزیدید	14
بازی کردن	بزازید	29
بازی کردن	می‌بازیم	10
بازی کردن	ابزی	13
بازی کردن	نبازیدم	1
بازی کردن	ابزیدیم	23
بازی کردن	نابویده‌اید	5
بازی کردن	نبازیدند	12
بازی کردن	می‌بابید	26
بازی کردن	بازی	6
بازی کردن	ابزیدند	28
بازی کردن	ابزیده‌ای	19
بازی کردن	برابید	7
بازی کردن	می‌بابیدند	25
بازی کردن	ببازید	21
بازی کردن	بزازیده	30
بازی کردن	بزازش	0
بازی کردن	نبازید	24
بازی کردن	ببازید	3
بازی کردن	بزازیده‌ام	18
بازی کردن	ابزیده‌ایم	9
بازی کردن	نابوین	4
بازی کردن	نمی‌بزازید	15
بازی کردن	بزازیده‌اند	20
یافتن	یافته‌ای	19
یافتن	بیافتم	11
یافتن	بیافت	17
یافتن	یافته‌ایم	9
یافتن	بریافت	7
یافتن	یافتگان	0
یافتن	یافته‌اند	20
یافتن	نیافتم	1
یافتن	می‌یافتم	10
یافتن	یافتن	27
یافتن	می‌یافتند	25
یافتن	نیافته‌اید	5
یافتن	یافت	29
یافتن	یافتم	22
یافتن	یافته‌ام	18
یافتن	می‌یافت	26
یافتن	بیافت	21
یافتن	یافتید	14
یافتن	یافتۀ	6
یافتن	نیافت	24
یافتن	نیافتند	12
یافتن	یافته	30
یافتن	نیافته‌ام	4
یافتن	یافتی	13
یافتن	یافته‌اید	16
یافتن	نیافته‌ام	3
یافتن	نمی‌یافت	15
یافتن	یافتیم	23
یافتن	یافتند	28
یافتن	نیافتم	2
یافتن	نیافته	8
اضافه کردن	اضافه	6
اضافه کردن	اضافه	22
اضافه کردن	باضافه	3
اضافه کردن	اضافه	0
اضافه کردن	ناضافه	1
اضافه کردن	باضافه	17
اضافه کردن	ناضافه	12
اضافه کردن	می‌اض	10
اضافه کردن	می‌اض	2
اضافه کردن	اضافه‌ایم	9
اضافه کردن	اضافه	8
اضافه کردن	اضافه‌ای	19
اضافه کردن	اضافه	28
اضافه کردن	ناضافه‌اید	5
اضافه کردن	می‌اض	25
اضافه کردن	اضافه‌اند	20
اضافه کردن	اضافه	23
اضافه کردن	ناضافه‌ام	4
اضافه کردن	اضافه‌اید	16
اضافه کردن	باضافه	11
اضافه کردن	اضافه	30
اضافه کردن	نمی‌اض	15
اضافه کردن	براض	7
اضافه کردن	اضافه‌ام	18
اضافه کردن	اضافه‌اید	14
اضافه کردن	اضافه	27
اضافه کردن	ناضافه	24
اضافه کردن	باضافه	21
اضافه کردن	اضافه	13
اضافه کردن	اضافه	29
اضافه کردن	می‌اض	26
چیدن	چیدن	27
چیدن	نچیده‌اید	5
چیدن	می‌چید	4
چیدن	برچید	7
چیدن	چیدگان	0
چیدن	چیده‌اید	16
چیدن	نمی‌چید	15
چیدن	می‌چید	26
چیدن	چیده‌ام	18
چیدن	چیدۀ	6
چیدن	بچیند	1
چیدن	چیده‌ای	19
چیدن	چیده‌اند	20
چیدن	بچیم	11
چیدن	بچیند	3
چیدن	چیده‌ایم	9
چیدن	بچیند	21
چیدن	چیدیم	23
چیدن	چیدید	14
چیدن	چید	29
چیدن	چیده	30
چیدن	چیدم	22
چیدن	نچیده	8
چیدن	چیدند	28
چیدن	می‌چیم	10
چیدن	بچی	17
چیدن	چیدی	13
چیدن	می‌چیدند	25
چیدن	نچید	24
چیدن	نچیدند	12
چیدن	می‌چینند	2
انتخاب کردن	بانتخاب	3
انتخاب کردن	بانتخاب	17
انتخاب کردن	انتخاب	30
انتخاب کردن	می‌انت	26
انتخاب کردن	انتخاب	18
انتخاب کردن	می‌انتند	25
انتخاب کردن	انتخاب	27
انتخاب کردن	نانتخاب	12
انتخاب کردن	نمی‌انت	15
انتخاب کردن	انتخاب	28
انتخاب کردن	انتخاب	19
انتخاب کردن	انتخاب	14
انتخاب کردن	انتخاب	23
انتخاب کردن	بانتخاب	11
انتخاب کردن	برانتخاب	7
انتخاب کردن	انتخاب	9
انتخاب کردن	انتخاب	20
انتخاب کردن	نانتخاب	4
انتخاب کردن	می‌انتخابد	2
انتخاب کردن	انتخاب	16
انتخاب کردن	انتخاب	22
انتخاب کردن	انتخاب	8
انتخاب کردن	نانتخاب	5
انتخاب کردن	نانتخاب	24
انتخاب کردن	نانتم	1
انتخاب کردن	می‌انتخاب	10
انتخاب کردن	انتخاب	13
انتخاب کردن	انتخاب	29
انتخاب کردن	بانتخاب	21
انتخاب کردن	انتخاب	0
انتخاب کردن	انتخابِ	6
دزدیدن	دزدیدیم	23
دزدیدن	دزدیدید	14
دزدیدن	ندزدیدم	1
دزدیدن	می‌دزدیدند	25
دزدیدن	بدزدید	3
دزدیدن	دزدش	0
دزدیدن	بدزدید	21
دزدیدن	ندزدیده‌ام	4
دزدیدن	دزدیدن	27
دزدیدن	می‌دزدیم	10
دزدیدن	دزدیده‌اید	16
دزدیدن	دزد	8
دزدیدن	دزدیده‌ای	19
دزدیدن	دزدیدند	28
دزدیدن	دزدیده‌ام	18
دزدیدن	دزدید	29
دزدیدن	دزدیدی	13
دزدیدن	دزدیده‌ایم	9
دزدیدن	نمی‌دزدید	15
دزدیدن	ندزدید	24
دزدیدن	می‌دزدید	26
دزدیدن	می‌دزدید	2
دزدیدن	بردزدید	7
دزدیدن	ندزدیده‌اید	5
دزدیدن	ندزدیدند	12
دزدیدن	دزدیدم	22
دزدیدن	دزدیده‌اند	20
دزدیدن	بدزدیم	11
دزدیدن	بدزدی	17
دزدیدن	دزدیده	30
دزدیدن	دزدی	6
بریدن	می‌برید	2
بریدن	بریده‌ای	19
بریدن	بری	6
بریدن	بربرید	7
بریدن	بریدم	22
بریدن	می‌برید	26
بریدن	بریدند	28
بریدن	نمی‌برید	15
بریدن	برشش	0
بریدن	بریدید	14
بریدن	بریده	30
بریدن	نبرید	24
بریدن	ببرید	21
بریدن	ببریم	11
بریدن	بریده‌ایم	9
بریدن	نبریدند	12
بریدن	بریده‌اید	16
بریدن	بریدن	27
بریدن	می‌بریم	10
بریدن	ببری	17
بریدن	می‌برید	4
بریدن	ببرید	3
بریدن	بریده‌اند	20
بریدن	می‌بریدند	25
بریدن	نبریده‌اید	5
بریدن	بریدی	13
بریدن	ببرید	1
بریدن	برید	29
بریدن	نبریده	8
بریدن	بریده‌ام	18
بریدن	بریدیم	23
نوشتن	ننوشته	8
نوشتن	نوشته‌اند	20
نوشتن	می‌نوشتند	25
نوشتن	نوشتیم	23
نوشتن	ننوشته‌اید	5
نوشتن	نوشته‌ام	18
نوشتن	ننوشتم	1
نوشتن	ننوشته‌ام	4
نوشتن	ننوشتم	2
نوشتن	بنوشت	11
نوشتن	نوشته‌ایم	9
نوشتن	برنوشت	7
نوشتن	نوشتند	28
نوشتن	می‌نوشتم	10
نوشتن	نوشتید	14
نوشتن	بنوشت	17
نوشتن	نوشت	29
نوشتن	می‌نوشت	26
نوشتن	ننوشت	24
نوشتن	بنوشت	21
نوشتن	نوشتنم	0
نوشتن	نوشته‌ای	19
نوشتن	نوشتم	22
نوشتن	نوشتۀ	6
نوشتن	نوشتی	13
نوشتن	ننوشتند	12
نوشتن	ننوشته‌ام	3
نوشتن	نوشته	30
نوشتن	نوشتن	27
نوشتن	نمی‌نوشت	15
نوشتن	نوشته‌اید	16
بزرگ شدن	می‌بزرگ	26
بزرگ شدن	نمی‌بزرگ	15
بزرگ شدن	نبرگِ	12
بزرگ شدن	می‌بزرگ	10
بزرگ شدن	می‌بزرگِ	4
بزرگ شدن	بزرگِ	16
بزرگ شدن	ببرگِ	1
بزرگ شدن	بزرگِ	20
بزرگ شدن	نبرگ	24
بزرگ شدن	می‌بزرگ	2
بزرگ شدن	نبرگِ	5
بزرگ شدن	بزرگِ	28
بزرگ شدن	بزرگ	29
بزرگ شدن	بزرگِ	13
بزرگ شدن	ببرگِ	11
بزرگ شدن	بزرگ	8
بزرگ شدن	بزرگِ	27
بزرگ شدن	ببرگ	21
بزرگ شدن	بزرگِ	6
بزرگ شدن	بزرگ	9
بزرگ شدن	بزرگان	0
بزرگ شدن	بزرگ	23
بزرگ شدن	بزرگ	14
بزرگ شدن	ببرگِ	17
بزرگ شدن	ببرگِ	3
بزرگ شدن	بزرگِ	18
بزرگ شدن	بزرگِ	19
بزرگ شدن	می‌بزرگِ	25
بزرگ شدن	بزرگ	22
بزرگ شدن	بزرگ	30
بزرگ شدن	برگرگ	7
ورزیدن	نورزیدند	12
ورزیدن	بورزید	21
ورزیدن	ورزید	29
ورزیدن	ورزیده	30
ورزیدن	نمی‌ورزید	15
ورزیدن	بورزید	3
ورزیدن	ورزیدیم	23
ورزیدن	بورزیم	11
ورزیدن	ورزیدم	22
ورزیدن	ورزیدید	14
ورزیدن	ورزیدند	28
ورزیدن	ورز	8
ورزیدن	می‌ورزید	4
ورزیدن	ورزیده‌ای	19
ورزیدن	برورزید	7
ورزیدن	ورزیده‌اند	20
ورزیدن	می‌ورزید	2
ورزیدن	ورزیدی	13
ورزیدن	ورزیدن	27
ورزیدن	می‌ورزیم	10
ورزیدن	نورزیده‌اید	5
ورزیدن	می‌ورزیدند	25
ورزیدن	بورزید	1
ورزیدن	ورزش	0
ورزیدن	ورزیده‌ایم	9
ورزیدن	نورزید	24
ورزیدن	ورزیده‌اید	16
ورزیدن	می‌ورزید	26
ورزیدن	ورزیده‌ام	18
ورزیدن	ورزی	6
ورزیدن	بورزی	17
کر کردن	می‌کردند	25
کر کردن	می‌کرکند	2
کر کردن	می‌کرم	10
کر کردن	کرده‌ام	18
کر کردن	کرده‌اید	16
کر کردن	کرد	29
کر کردن	کردید	14
کر کردن	کردیم	23
کر کردن	نکرده‌اید	5
کر کردن	بکرم	11
کر کردن	کرده	30
کر کردن	برکرد	7
کر کردن	کردند	28
کر کردن	نکرده‌ام	4
کر کردن	کرده‌ای	19
کر کردن	نکرد	24
کر کردن	کردن	27
کر کردن	می‌کرد	26
کر کردن	کرد	8
کر کردن	کردم	22
کر کردن	کردی	13
کر کردن	نمی‌کرد	15
کر کردن	بکرک	21
کر کردن	بکر	17
کر کردن	بکرکرد	3
کر کردن	نکردم	1
کر کردن	کرده‌اند	20
کر کردن	کرده‌ایم	9
کر کردن	نکردند	12
کر کردن	کردۀ	6
کر کردن	کردنم	0
بوسیدن	بوسیده‌اند	20
بوسیدن	بوسیدند	28
بوسیدن	می‌بوسید	2
بوسیدن	می‌بوسید	4
بوسیدن	بوس	8
بوسیدن	بوسش	0
بوسیدن	برسوسید	7
بوسیدن	بوسیده‌ایم	9
بوسیدن	بوسیدن	27
بوسیدن	نبوسیدند	12
بوسیدن	بوسیده‌ای	19
بوسیدن	ببوسی	17
بوسیدن	بوسیدی	13
بوسیدن	نبوسید	24
بوسیدن	می‌بوسید	26
بوسیدن	بوسیده‌اید	16
بوسیدن	ببوسید	21
بوسیدن	نبوسیده‌اید	5
بوسیدن	بوسیدیم	23
بوسیدن	بوسی	6
بوسیدن	نبوسیدم	1
بوسیدن	می‌بوسیدند	25
بوسیدن	بوسیدید	14
بوسیدن	ببوسید	3
بوسیدن	می‌بوسیم	10
بوسیدن	ببوسیم	11
بوسیدن	نمی‌بوسید	15
بوسیدن	بوسیده‌ام	18
بوسیدن	بوسیده	30
بوسیدن	بوسیدم	22
بوسیدن	بوسید	29
جوگیر شدن	بجورگی	3
جوگیر شدن	می‌جورگ	10
جوگیر شدن	نجورگی	24
جوگیر شدن	جورگی	29
جوگیر شدن	جورگی	27
جوگیر شدن	جودم	22
جوگیر شدن	بجورگ	21
جوگیر شدن	برگی	7
جوگیر شدن	جورگی	19
جوگیر شدن	بجورگ	1
جوگیر شدن	بجورگی	17
جوگیر شدن	جورگیم	9
جوگیر شدن	جورگی	18
جوگیر شدن	جوی	8
جوگیر شدن	نجورگی	12
جوگیر شدن	می‌ورگی	26
جوگیر شدن	جورگیم	23
جوگیر شدن	جورگان	0
جوگیر شدن	جورگِ	6
جوگیر شدن	جورگی	28
جوگیر شدن	نوگیورگ	5
جوگیر شدن	می‌جورگید	4
جوگیر شدن	جورگی	13
جوگیر شدن	جورگید	14
جوگیر شدن	نمی‌جورگ	15
جوگیر شدن	می‌جورند	2
جوگیر شدن	می‌جورگید	25
جوگیر شدن	جورگید	16
جوگیر شدن	بجورگ	11
جوگیر شدن	جورگ	20
جوگیر شدن	جورگی	30
گشودن	نمی‌گشود	15
گشودن	گشودن	27
گشودن	گشوده	30
گشودن	می‌گشود	2
گشودن	می‌گشودند	25
گشودن	گشوده‌ایم	9
گشودن	می‌گشود	4
گشودن	گشودیم	23
گشودن	نگشوده	8
گشودن	نگشود	24
گشودن	گشودید	14
گشودن	گشودم	22
گشودن	می‌گشوم	10
گشودن	گشوده‌ای	19
گشودن	بگشود	3
گشودن	گشوده‌اند	20
گشودن	گشوده‌اید	16
گشودن	بگشود	21
گشودن	برگشود	7
گشودن	نگشودم	1
گشودن	بگشود	17
گشودن	گشودنم	0
گشودن	گشود	29
گشودن	نگشودند	12
گشودن	گشودۀ	6
گشودن	بگشودم	11
گشودن	گشودند	28
گشودن	گشوده‌ام	18
گشودن	نگشوده‌اید	5
گشودن	گشودی	13
گشودن	می‌گشود	26
حساب کردن	حساب	28
حساب کردن	برساب	7
حساب کردن	حساب	27
حساب کردن	بساب	17
حساب کردن	نمی‌حاب	15
حساب کردن	استب	23
حساب کردن	حساب	30
حساب کردن	بساب	8
حساب کردن	می‌حابند	2
حساب کردن	اساب	18
حساب کردن	می‌حابدند	25
حساب کردن	اساب	29
حساب کردن	اساب	13
حساب کردن	حساب	0
حساب کردن	بحاب	21
حساب کردن	بحاب	3
حساب کردن	استفاب	19
حساب کردن	نشسابنستند	12
حساب کردن	استباب	9
حساب کردن	می‌حابم	10
حساب کردن	نسابوسته‌اید	5
حساب کردن	بساب	11
حساب کردن	حساب	22
حساب کردن	نحابواب	24
حساب کردن	می‌حاب	26
حساب کردن	نابوسته‌ام	4
حساب کردن	استفابه‌اید	16
حساب کردن	اساب	14
حساب کردن	اسابِ	6
حساب کردن	اساب	20
حساب کردن	نساب	1
نواختن	ننواخت	24
نواختن	بنواخت	11
نواختن	نواختگان	0
نواختن	نواخته‌ام	18
نواختن	نواخته	30
نواختن	می‌نواخت	26
نواختن	ننواختم	1
نواختن	نمی‌نواخت	15
نواختن	می‌نواختم	2
نواختن	نواختن	27
نواختن	ننواخته‌اید	5
نواختن	نواخته‌ای	19
نواختن	نواخته‌اند	20
نواختن	نواختم	22
نواختن	برنواخت	7
نواختن	بنواخت	21
نواختن	نواختۀ	6
نواختن	می‌نواختند	25
نواختن	نواختیم	23
نواختن	نواخت	29
نواختن	نواختید	14
نواختن	نواختند	28
نواختن	نواختی	13
نواختن	نواخته‌ایم	9
نواختن	نواخته‌اید	16
نواختن	بنواخت	17
نواختن	بنواخته‌اید	3
نواختن	ننواختند	12
نواختن	ننواخته‌ام	4
نواختن	ننواخته	8
نواختن	می‌نواختم	10
پوشیدن	می‌پوشیم	10
پوشیدن	پوشیده‌اید	16
پوشیدن	می‌پوشید	2
پوشیدن	پوشیده	30
پوشیدن	بپوشی	17
پوشیدن	نپوشیده	8
پوشیدن	نپوشیده‌ام	4
پوشیدن	نپوشیده‌اید	5
پوشیدن	پوشید	29
پوشیدن	پوشیده‌ایم	9
پوشیدن	پوشیده‌ای	19
پوشیدن	نپوشیدند	12
پوشیدن	می‌پوشید	26
پوشیدن	بپوشیم	11
پوشیدن	برپوشید	7
پوشیدن	می‌پوشیدند	25
پوشیدن	بپوشید	21
پوشیدن	پوشیده‌اند	20
پوشیدن	نپوشید	24
پوشیدن	پوشیدن	27
پوشیدن	نمی‌پوشید	15
پوشیدن	پوشیدید	14
پوشیدن	نپوشیدم	1
پوشیدن	بپوشید	3
پوشیدن	پوشیدیم	23
پوشیدن	پوشیده‌ام	18
پوشیدن	پوشیدند	28
پوشیدن	پوشی	6
پوشیدن	پوشیدم	22
پوشیدن	پوشش	0
پوشیدن	پوشیدی	13
برخاستن	می‌برخاستند	25
برخاستن	می‌برخاست	26
برخاستن	برخاسته	30
برخاستن	ببرخاست	3
برخاستن	برخاستید	14
برخاستن	برخاست	7
برخاستن	برخاستۀ	6
برخاستن	ببرخاست	21
برخاستن	می‌برخاستم	2
برخاستن	می‌برخاستم	10
برخاستن	نبرخاستند	12
برخاستن	ببرخاست	17
برخاستن	نبرخاسته‌ام	4
برخاستن	ببرخاست	11
برخاستن	برخاستن	27
برخاستن	برخاسته‌ام	18
برخاستن	برخاست	29
برخاستن	برخاستی	13
برخاستن	برخاستیم	23
برخاستن	برخاسته‌ایم	9
برخاستن	نبرخاسته	8
برخاستن	نبرخاست	24
برخاستن	برخاستم	22
برخاستن	برخاسته‌اید	16
برخاستن	برخاسته‌ای	19
برخاستن	برخاستند	28
برخاستن	نمی‌برخاست	15
برخاستن	برخاسته‌اند	20
برخاستن	نبرخاسته‌اید	5
برخاستن	برخاستگان	0
برخاستن	نبرخاستم	1
تبریک گفتن	تبرگید	14
تبریک گفتن	تبرف	13
تبریک گفتن	تبرین	8
تبریک گفتن	تبرف	18
تبریک گفتن	برگرفت	7
تبریک گفتن	تبرف	27
تبریک گفتن	تبرگید	16
تبریک گفتن	بتبرگی	17
تبریک گفتن	تبرف	30
تبریک گفتن	نتبرگی	1
تبریک گفتن	بتبرگی	3
تبریک گفتن	نبرید	24
تبریک گفتن	نبریدند	12
تبریک گفتن	می‌تبرید	25
تبریک گفتن	تبرف	20
تبریک گفتن	تبرگِ	6
تبریک گفتن	تبرف	28
تبریک گفتن	تبریم	22
تبریک گفتن	تبرف	19
تبریک گفتن	بتبرگی	21
تبریک گفتن	می‌ترک	26
تبریک گفتن	می‌تبرف	2
تبریک گفتن	می‌تبریم	10
تبریک گفتن	تبریم	23
تبریک گفتن	نتبریت	4
تبریک گفتن	تبرکش	0
تبریک گفتن	نمی‌تبرگی	15
تبریک گفتن	تبرگیم	9
تبریک گفتن	بتبرگیم	11
تبریک گفتن	تبرف	29
تبریک گفتن	نبریده‌اید	5
گذاشتن	نگذاشت	24
گذاشتن	نگذاشتند	12
گذاشتن	گذاشتۀ	6
گذاشتن	می‌گذاشتند	25
گذاشتن	گذاشتگان	0
گذاشتن	گذاشتید	14
گذاشتن	گذاشته‌اید	16
گذاشتن	نمی‌گذاشت	15
گذاشتن	گذاشته‌اند	20
گذاشتن	می‌گذاشت	2
گذاشتن	گذاشته‌ایم	9
گذاشتن	بگذاشت	17
گذاشتن	می‌گذاشت	26
گذاشتن	گذاشت	29
گذاشتن	گذاشتن	27
گذاشتن	گذاشتی	13
گذاشتن	بگذاشتم	11
گذاشتن	برگذاشت	7
گذاشتن	گذاشتم	22
گذاشتن	نگذاشته‌اید	5
گذاشتن	گذاشته	30
گذاشتن	گذاشتیم	23
گذاشتن	گذاشته‌ام	18
گذاشتن	بگذاشت	21
گذاشتن	نگذاشتم	1
گذاشتن	می‌گذاشتم	10
گذاشتن	بگذاشت	3
گذاشتن	گذاشته‌ای	19
گذاشتن	گذاشتند	28
گذاشتن	نگذاشته‌ام	4
گذاشتن	نگذاشته	8
عطسه کردن	ععععععععععععععاستران	20
عطسه کردن	می‌ععععععععععععععععععععععععععععععععععععععععععععععععععععععععععععععععععععععععععععععععععععععععععععععععععععععععععععععععععععععععععععع	10
عطسه کردن	نعهادم	1
عطسه کردن	عععععععععععععععععاستم	22
عطسه کردن	بعانست	11
عطسه کردن	ععهادی	13
عطسه کردن	عععترد	28
عطسه کردن	نعهاد	24
عطسه کردن	نمی‌ععععی‌عیسانم	15
عطسه کردن	ععععاسته‌ام	18
عطسه کردن	بعهاسه	3
عطسه کردن	عععععععععععععععععععععععععععععععععععععععععععععععععععععععععععععععععععععععععععععععععععععععععععععععععععععععععععععععهاد	29
عطسه کردن	نعنهادند	12
عطسه کردن	عععععععععععععععععععععععععععععععععععععععععععععععععععععععععععععععععانستۀ	6
عطسه کردن	ععععععععععععععععععععععععععععععععععععععععععععععععععععععععععععععععععععععععععععععععععععععععععععععععععععععععترسگاستگان	0
عطسه کردن	عععععععععععععععععععععععععععععععععععععععععععععععععععععععععععععععععععععععععععععععععععععععععععععععععععععععععععععععععععععععععععععععع	30
عطسه کردن	ععععععععععععععععاسته‌ایم	9
عطسه کردن	عععععععععععععه‌ای	19
عطسه کردن	عععععععععععععععهادن	27
عطسه کردن	نعنهاده‌ام	4
عطسه کردن	می‌عنهادند	25
عطسه کردن	برسانه	7
عطسه کردن	ععععععععععععععه‌اید	16
عطسه کردن	ععععععععععععععععععععععععععععععععععاسه	8
عطسه کردن	ععععععععععععععععععععععععععععععععععععهادیم	23
عطسه کردن	عععععععععععععععععععععععععععععععععععه‌اید	14
عطسه کردن	می‌ععععععععععععععععععععععععععععععععععععععععععععععععععععععععععععععععععاستفاده	2
عطسه کردن	نعهاده‌اید	5
عطسه کردن	بعهاست	21
عطسه کردن	بعانه	17
عطسه کردن	می‌ععععععععععععععععععععععععععععععععععععععععععععععععععععععععععععععععععععععععععععععععععععععععععععععععععععععععععععععععععععععععععععع	26
خوردن	خورده‌اید	16
خوردن	خوردند	28
خوردن	خورده‌ام	18
خوردن	خورده‌اند	20
خوردن	خوردن	27
خوردن	برخورد	7
خوردن	نخورده‌اید	5
خوردن	خورد	29
خوردن	می‌خورید	4
خوردن	می‌خورم	10
خوردن	خورده‌ای	19
خوردن	می‌خوردند	25
خوردن	نخورده	8
خوردن	بخورم	11
خوردن	می‌خورند	2
خوردن	خورده‌ایم	9
خوردن	خوردگان	0
خوردن	نخورد	24
خوردن	خوردید	14
خوردن	بخورند	1
خوردن	می‌خورد	26
خوردن	نمی‌خورد	15
خوردن	نخوردند	12
خوردن	خوردی	13
خوردن	خوردم	22
خوردن	بخور	17
خوردن	خورده	30
خوردن	خور	6
خوردن	بخورد	21
خوردن	خوردیم	23
خوردن	بخورید	3
خرید کردن	خریده‌اید	16
خرید کردن	نمی‌خرید	15
خرید کردن	نخرین	4
خرید کردن	نخرید	24
خرید کردن	نخریدند	12
خرید کردن	خشردگان	0
خرید کردن	خریدم	22
خرید کردن	خرید	29
خرید کردن	برخید	7
خرید کردن	خریدند	28
خرید کردن	خریده‌ام	18
خرید کردن	بخرید	3
خرید کردن	می‌خرید	26
خرید کردن	خریده	30
خرید کردن	خریدن	27
خرید کردن	خری	6
خرید کردن	خریدی	13
خرید کردن	خریدیم	23
خرید کردن	می‌خریدند	25
خرید کردن	خریده‌ایم	9
خرید کردن	بخرید	21
خرید کردن	خریدید	14
خرید کردن	نخریدم	1
خرید کردن	خریده‌اند	20
خرید کردن	بخری	17
خرید کردن	بخریم	11
خرید کردن	خرین	8
خرید کردن	نخریده‌اید	5
خرید کردن	می‌خریم	10
خرید کردن	خریده‌ای	19
خرید کردن	می‌خرید	2
رسیدن	برسید	3
رسیدن	برسید	1
رسیدن	می‌رسیم	10
رسیدن	رسیدید	14
رسیدن	رسیدیم	23
رسیدن	نرسیدند	12
رسیدن	رسیدی	13
رسیدن	رسید	29
رسیدن	نمی‌رسید	15
رسیدن	می‌رسید	26
رسیدن	نرسید	24
رسیدن	می‌رسیدند	25
رسیدن	نرسیده‌اید	5
رسیدن	می‌رسینند	2
رسیدن	رسیده‌اند	20
رسیدن	رسیده‌اید	16
رسیدن	رسیدم	22
رسیدن	نرسیده	8
رسیدن	رسیدند	28
رسیدن	برسی	17
رسیدن	می‌رسید	4
رسیدن	رسیده‌ای	19
رسیدن	برسید	21
رسیدن	رسیده‌ایم	9
رسیدن	رسیده	30
رسیدن	برسید	7
رسیدن	رسیدن	27
رسیدن	رسی	6
رسیدن	رسیدگان	0
رسیدن	برسیم	11
رسیدن	رسیده‌ام	18
تمام شدن	می‌تم	10
تمام شدن	تمام	19
تمام شدن	تمام	8
تمام شدن	بتمام	11
تمام شدن	تمام	14
تمام شدن	تمامش	0
تمام شدن	تمام	16
تمام شدن	برتمام	7
تمام شدن	تمام	22
تمام شدن	نمی‌تم	15
تمام شدن	بتمام	21
تمام شدن	تمام	29
تمام شدن	بتمام	3
تمام شدن	تمام	13
تمام شدن	می‌تمام	25
تمام شدن	نتمام	4
تمام شدن	بتمام	17
تمام شدن	تمام	18
تمام شدن	تمام	27
تمام شدن	نتمام	24
تمام شدن	نتمام	5
تمام شدن	تمام	30
تمام شدن	تمام	28
تمام شدن	می‌تمام	2
تمام شدن	تمام	20
تمام شدن	می‌تمام	26
تمام شدن	تمام	23
تمام شدن	تمام	9
تمام شدن	نتمام	12
تمام شدن	تمامِ	6
تمام شدن	نتمام	1
کشیدن	بکشید	21
کشیدن	کشیده‌اید	16
کشیدن	نکشیده	8
کشیدن	نمی‌کشید	15
کشیدن	نکشیدم	2
کشیدن	نکشیدم	1
کشیدن	کشیدی	13
کشیدن	نکشیدند	12
کشیدن	نکشیده‌اید	5
کشیدن	کشیدم	22
کشیدن	کشیدنم	0
کشیدن	کشیدیم	23
کشیدن	نکشیده‌ام	4
کشیدن	نکشید	24
کشیدن	می‌کشیدند	25
کشیدن	می‌کشیم	10
کشیدن	کشیده‌اند	20
کشیدن	کشیدند	28
کشیدن	بکشی	17
کشیدن	کشی	6
کشیدن	کشیده‌ایم	9
کشیدن	کشیده	30
کشیدن	کشیده‌ام	18
کشیدن	کشیدن	27
کشیدن	کشیدید	14
کشیدن	نکشیده‌ام	3
کشیدن	کشید	29
کشیدن	بکشیم	11
کشیدن	می‌کشید	26
کشیدن	برکشید	7
کشیدن	کشیده‌ای	19
تسلیم شدن	می‌تسلیم	25
تسلیم شدن	تسلیم	18
تسلیم شدن	نمی‌تسلیم	15
تسلیم شدن	تسلیم	8
تسلیم شدن	تسلیم	14
تسلیم شدن	تسلیم	28
تسلیم شدن	تسلیم	5
تسلیم شدن	تسلیم	9
تسلیم شدن	تسلیم	20
تسلیم شدن	می‌تسلیم	10
تسلیم شدن	نتسلیم	24
تسلیم شدن	می‌تسلیم	2
تسلیم شدن	تسلیم	0
تسلیم شدن	بتسلیم	11
تسلیم شدن	می‌تسلیم	26
تسلیم شدن	تسلیم	23
تسلیم شدن	تسلیم	22
تسلیم شدن	تسلیم	30
تسلیم شدن	نتسلیم	4
تسلیم شدن	بتسلیم	3
تسلیم شدن	تسلیمِ	19
تسلیم شدن	تسلیم	27
تسلیم شدن	بتسلیم	21
تسلیم شدن	نتسلیم	1
تسلیم شدن	تسلیم	29
تسلیم شدن	نتسلیم	12
تسلیم شدن	برسلیم	7
تسلیم شدن	بتسلیم	17
تسلیم شدن	تسلیم	16
تسلیم شدن	تسلیمِ	13
تسلیم شدن	تسلیمِ	6
دیدن	دیدیم	23
دیدن	دیدید	14
دیدن	ندیدند	12
دیدن	ندید	24
دیدن	بدید	21
دیدن	دیدن	27
دیدن	دیدی	13
دیدن	می‌دید	2
دیدن	دیده‌اند	20
دیدن	دیده‌ام	18
دیدن	بدید	3
دیدن	دیده‌ای	19
دیدن	می‌دیدند	25
دیدن	بدیم	11
دیدن	بدی	17
دیدن	دیدند	28
دیدن	می‌دیم	10
دیدن	ندیده	8
دیدن	دیدم	22
دیدن	ندیده‌ام	4
دیدن	می‌دید	26
دیدن	دیده‌ایم	9
دیدن	دید	29
دیدن	ندیده‌اید	5
دیدن	دیده‌اید	16
دیدن	نمی‌دید	15
دیدن	بردید	7
دیدن	دیده	30
دیدن	ندیدم	1
دیدن	دیدۀ	6
دیدن	دیدگان	0
گداختن	برگداخت	7
گداختن	بگداخت	17
گداختن	گداختم	22
گداختن	گداختیم	23
گداختن	بگداخت	11
گداختن	نگداخت	24
گداختن	گداختند	28
گداختن	می‌گداختم	10
گداختن	گداختن	27
گداختن	گداخته‌اند	20
گداختن	گداخت	29
گداختن	می‌گداختند	25
گداختن	گداخته‌اید	16
گداختن	گداخته‌ای	19
گداختن	نگداختند	12
گداختن	گداخته‌ایم	9
گداختن	گداختی	13
گداختن	نگداخته	8
گداختن	گداختگان	0
گداختن	گداختۀ	6
گداختن	نگداختم	1
گداختن	می‌گداخت	26
گداختن	بگداخت	21
گداختن	نگداخته‌اید	5
گداختن	نگداخته‌ام	4
گداختن	نمی‌گداخت	15
گداختن	گداخته‌ام	18
گداختن	گداختید	14
گداختن	می‌گداند	2
گداختن	گداخته	30
گداختن	بگداخته‌اید	3
بوییدن	بوییدیم	23
بوییدن	بوی	8
بوییدن	ببوید	21
بوییدن	بوییدم	22
بوییدن	می‌بوینند	2
بوییدن	نمی‌بوید	15
بوییدن	بویش	0
بوییدن	بوییده‌ایم	9
بوییدن	نبویده‌ام	4
بوییدن	بوییدی	13
بوییدن	می‌بویم	10
بوییدن	بوییده	30
بوییدن	بوییده‌ای	19
بوییدن	نبویدم	1
بوییدن	بویید	29
بوییدن	بوییده‌ام	18
بوییدن	ببوی	17
بوییدن	ببویید	3
بوییدن	می‌بوید	26
بوییدن	بوییدند	28
بوییدن	نبویدند	12
بوییدن	بوییدید	14
بوییدن	بربوید	7
بوییدن	نبوید	24
بوییدن	بویی	6
بوییدن	بوییده‌اید	16
بوییدن	می‌بویدند	25
بوییدن	ببویم	11
بوییدن	بوییده‌اند	20
بوییدن	نبویده‌اید	5
بوییدن	بوییدن	27
یاد گرفتن	بیافت	17
یاد گرفتن	بریافت	7
یاد گرفتن	بیافت	3
یاد گرفتن	یافتگان	0
یاد گرفتن	نیافتم	1
یاد گرفتن	می‌یافتند	25
یاد گرفتن	نیافته‌اید	5
یاد گرفتن	یافت	29
یاد گرفتن	یافتم	22
یاد گرفتن	می‌یافت	26
یاد گرفتن	بیافت	21
یاد گرفتن	یافتۀ	6
یاد گرفتن	یافتید	14
یاد گرفتن	یافتگ	8
یاد گرفتن	نیافت	24
یاد گرفتن	یافتگام	18
یاد گرفتن	نیافتند	12
یاد گرفتن	یافته	30
یاد گرفتن	نیافته‌ام	4
یاد گرفتن	می‌یافت	10
یاد گرفتن	یافتی	13
یاد گرفتن	یافته‌اید	16
یاد گرفتن	بیافتگان	11
یاد گرفتن	یافتگایم	9
یاد گرفتن	یافتگای	19
یاد گرفتن	یافتاده‌اند	20
یاد گرفتن	نمی‌یافت	15
یاد گرفتن	یافتیم	23
یاد گرفتن	یافتند	28
یاد گرفتن	می‌یانند	2
یاد گرفتن	یافتن	27
نشستن	می‌نشستم	10
نشستن	نشسته‌اند	20
نشستن	نشستی	13
نشستن	نشسته‌ایم	9
نشستن	نشسته‌ام	18
نشستن	نشسته‌اید	16
نشستن	ننشست	24
نشستن	نشستن	27
نشستن	بنشستم	11
نشستن	بنشست	21
نشستن	ننشستم	1
نشستن	می‌نشستند	25
نشستن	نشستم	22
نشستن	نشستۀ	6
نشستن	نمی‌نشست	15
نشستن	برنشست	7
نشستن	نشستید	14
نشستن	نشست	29
نشستن	ننشستند	12
نشستن	ننشسته‌اید	5
نشستن	ننشستم	2
نشستن	نشستند	28
نشستن	بنشست	17
نشستن	نشسته‌ای	19
نشستن	ننشسته‌ام	3
نشستن	می‌نشست	26
نشستن	ننشسته	8
نشستن	نشستیم	23
نشستن	نشستگان	0
نشستن	ننشسته‌ام	4
نشستن	نشسته	30
اجرا کردن	اجرای	19
اجرا کردن	اجران	27
اجرا کردن	باجاج	21
اجرا کردن	اجراید	16
اجرا کردن	می‌ارم	10
اجرا کردن	براراحت	7
اجرا کردن	می‌اراند	25
اجرا کردن	اجرا	29
اجرا کردن	ناراراید	5
اجرا کردن	نمی‌اراران	15
اجرا کردن	می‌اران	2
اجرا کردن	ناران	12
اجرا کردن	اجراض	18
اجرا کردن	اجرانده‌اند	20
اجرا کردن	اجراض	30
اجرا کردن	می‌اراحت	26
اجرا کردن	ناراض	4
اجرا کردن	اجرای	13
اجرا کردن	ناراج	24
اجرا کردن	باجاحت	3
اجرا کردن	اجراض	6
اجرا کردن	ناجستج	1
اجرا کردن	اجرا	8
اجرا کردن	بارم	11
اجرا کردن	اجران	22
اجرا کردن	اجراندند	28
اجرا کردن	اجران	0
اجرا کردن	اجرایم	23
اجرا کردن	بار	17
اجرا کردن	اعتراض	9
اجرا کردن	اجراید	14
خواندن	بخوانید	3
خواندن	خواندیم	23
خواندن	خواند	29
خواندن	بخوان	17
خواندن	بخواند	21
خواندن	نخواند	24
خواندن	خوانده‌ام	18
خواندن	خوانده‌اید	16
خواندن	می‌خوانند	2
خواندن	بخوانم	11
خواندن	خواندم	22
خواندن	خواندید	14
خواندن	خواندن	27
خواندن	خواندی	13
خواندن	بخوانند	1
خواندن	خوانده‌ایم	9
خواندن	خوان	6
خواندن	خوانده‌اند	20
خواندن	نمی‌خواند	15
خواندن	می‌خواندند	25
خواندن	برخواند	7
خواندن	نخوانده	8
خواندن	خواندنم	0
خواندن	خوانده‌ای	19
خواندن	خوانده	30
خواندن	می‌خوانید	4
خواندن	می‌خوانم	10
خواندن	می‌خواند	26
خواندن	خواندند	28
خواندن	نخوانده‌اید	5
خواندن	نخواندند	12
راست گفتن	راستگاند	20
راست گفتن	راستند	28
راست گفتن	راستگان	22
راست گفتن	راسته	30
راست گفتن	نراسته‌ام	4
راست گفتن	راستگِ	6
راست گفتن	براستگان	17
راست گفتن	راستید	14
راست گفتن	نراست	24
راست گفتن	نراست	3
راست گفتن	راست	29
راست گفتن	می‌راست	26
راست گفتن	نرسافته‌اید	5
راست گفتن	راستف	8
راست گفتن	راستگایم	9
راست گفتن	راستگاید	16
راست گفتن	می‌راست	10
راست گفتن	می‌راستند	25
راست گفتن	راستی	13
راست گفتن	نمی‌راست	15
راست گفتن	راستگان	0
راست گفتن	براستگاف	7
راست گفتن	راستگام	18
راست گفتن	راستن	27
راست گفتن	راستگای	19
راست گفتن	راستیم	23
راست گفتن	نراستند	12
راست گفتن	نراستم	1
راست گفتن	براستگاحت	11
راست گفتن	می‌راستگاند	2
راست گفتن	براست	21
گوزیدن	بگوزیم	11
گوزیدن	گوزیده‌ام	18
گوزیدن	گوزیده‌ایم	9
گوزیدن	گوزیده‌ای	19
گوزیدن	گوزیدند	28
گوزیدن	گوزیدیم	23
گوزیدن	گوزیده‌اید	16
گوزیدن	نمی‌گوزید	15
گوزیدن	گوزیدید	14
گوزیدن	می‌گوزیم	10
گوزیدن	نگوزیدم	1
گوزیدن	نگوزیدند	12
گوزیدن	بگوزید	21
گوزیدن	گوزی	6
گوزیدن	گوز	8
گوزیدن	گوزیدم	22
گوزیدن	می‌گوزیدند	25
گوزیدن	گوزیده	30
گوزیدن	می‌گوزید	26
گوزیدن	گوشش	0
گوزیدن	بگوزید	3
گوزیدن	نگوزیده‌اید	5
گوزیدن	گوزیده‌اند	20
گوزیدن	می‌گوزید	2
گوزیدن	گوزید	29
گوزیدن	گوزیدن	27
گوزیدن	می‌گوزید	4
گوزیدن	گوزیدی	13
گوزیدن	بگوی	17
گوزیدن	نگوزید	24
گوزیدن	برگوزید	7
زندگی کردن	زندگی	6
زندگی کردن	می‌زندگی	2
زندگی کردن	زندگیم	9
زندگی کردن	زندگی	30
زندگی کردن	برزندگی	7
زندگی کردن	زندگید	14
زندگی کردن	نزندگی	4
زندگی کردن	می‌زندند	25
زندگی کردن	بزندگیم	11
زندگی کردن	زندگیم	23
زندگی کردن	نزندگی	24
زندگی کردن	زندگی	18
زندگی کردن	زندگی	27
زندگی کردن	زندگید	16
زندگی کردن	زندگی	28
زندگی کردن	زندگی	19
زندگی کردن	زندگان	0
زندگی کردن	می‌زندگی	10
زندگی کردن	نزندگی	1
زندگی کردن	زندگی	20
زندگی کردن	بزندگی	21
زندگی کردن	زندگی	8
زندگی کردن	بزندگی	3
زندگی کردن	نزندند	12
زندگی کردن	زندگی	22
زندگی کردن	می‌زند	26
زندگی کردن	بزندگی	17
زندگی کردن	زندگی	29
زندگی کردن	نزندگید	5
زندگی کردن	زندگی	13
زندگی کردن	نمی‌زند	15
کوچک شدن	کوکش	18
کوچک شدن	کوصیکش	0
کوچک شدن	بکود	21
کوچک شدن	می‌کواکشت	26
کوچک شدن	کوصیک	29
کوچک شدن	کوصیکش	28
کوچک شدن	کوصیک	30
کوچک شدن	نکوکش	5
کوچک شدن	نکوکش	2
کوچک شدن	می‌کوصیم	10
کوچک شدن	کوصیک	27
کوچک شدن	کوکش	22
کوچک شدن	برکش	7
کوچک شدن	نکوکش	1
کوچک شدن	کوصیکِ	6
کوچک شدن	نمی‌کوچ	15
کوچک شدن	کوصیک	13
کوچک شدن	بکوصیم	11
کوچک شدن	کوصیک	14
کوچک شدن	نکوکش	12
کوچک شدن	می‌کوکواکشتند	25
کوچک شدن	بکو	17
کوچک شدن	کوصیک	9
کوچک شدن	کوچک	8
کوچک شدن	کوصیکش	19
کوچک شدن	کوصیک	20
کوچک شدن	بکشید	3
کوچک شدن	نکوکش	24
کوچک شدن	کوصیک	23
کوچک شدن	کوکش	16
کوچک شدن	نکوکش	4
چروک شدن	بچورک	11
چروک شدن	بچورکش	21
چروک شدن	چورکش	22
چروک شدن	نچورکش	12
چروک شدن	بچورک	17
چروک شدن	چورکش	0
چروک شدن	چورکش	16
چروک شدن	برچورک	7
چروک شدن	نچورکش	5
چروک شدن	نچورک	4
چروک شدن	چورک	30
چروک شدن	چورکش	14
چروک شدن	می‌چورکشورکشورکشورکشورکشورکشورکشورکشورکشورکشورکشورکشورکشورکشورکشورکشورکشورکشورکشوندند	25
چروک شدن	نچورک	24
چروک شدن	بچورند	3
چروک شدن	می‌چورک	10
چروک شدن	چورکش	19
چروک شدن	چورکش	28
چروک شدن	چورکش	9
چروک شدن	چورکش	20
چروک شدن	چورکش	23
چروک شدن	چورک	8
چروک شدن	می‌چورند	2
چروک شدن	نمی‌چورک	15
چروک شدن	می‌چورک	26
چروک شدن	چورکِ	6
چروک شدن	چورکش	27
چروک شدن	چورکش	18
چروک شدن	چورکش	13
چروک شدن	نچورکش	1
چروک شدن	چورک	29
پختن	پختنم	0
پختن	پختم	22
پختن	نپختم	1
پختن	نپخته‌اید	5
پختن	نپخته‌اید	3
پختن	بپخت	17
پختن	پخته‌اند	20
پختن	می‌پختم	10
پختن	نپختم	2
پختن	برخت	7
پختن	پختی	13
پختن	پختۀ	6
پختن	پختیم	23
پختن	پخته‌اید	16
پختن	پختن	27
پختن	پخت	29
پختن	نپخته	8
پختن	پخته‌ایم	9
پختن	نپختند	12
پختن	بپخت	21
پختن	نپخت	24
پختن	می‌پخت	26
پختن	نپخته‌ام	4
پختن	نمی‌پخت	15
پختن	پخته‌ام	18
پختن	می‌پختند	25
پختن	بپختم	11
پختن	پختید	14
پختن	پختند	28
پختن	پخته	30
پختن	پخته‌ای	19
انزال کردن	انستز	22
انزال کردن	انستادگان	0
انزال کردن	می‌انست	26
انزال کردن	بانست	21
انزال کردن	انستز	30
انزال کردن	نمی‌انست	15
انزال کردن	انستز	29
انزال کردن	انستزد	16
انزال کردن	بانست	11
انزال کردن	نانستند	12
انزال کردن	می‌انم	10
انزال کردن	انستزد	28
انزال کردن	انستز	19
انزال کردن	انستزد	14
انزال کردن	انستز	8
انزال کردن	نانست	1
انزال کردن	براند	7
انزال کردن	می‌انست	2
انزال کردن	انستزده‌ایم	9
انزال کردن	انستز	23
انزال کردن	انستزد	20
انزال کردن	انستاده‌ام	18
انزال کردن	نانسته‌اید	5
انزال کردن	بانست	17
انزال کردن	نانست	24
انزال کردن	می‌انستند	25
انزال کردن	بانست	3
انزال کردن	انستۀ	6
انزال کردن	نانست	4
انزال کردن	انستز	13
انزال کردن	انستز	27
کاوش کردن	اوش	8
کاوش کردن	اکشوده‌ایم	9
کاوش کردن	ناکشودند	12
کاوش کردن	می‌کشودند	25
کاوش کردن	اکشوده	30
کاوش کردن	اکشوده‌اند	20
کاوش کردن	اکشودن	27
کاوش کردن	بکشود	11
کاوش کردن	کشودنم	0
کاوش کردن	می‌کواشم	10
کاوش کردن	نکشود	24
کاوش کردن	اکشودم	22
کاوش کردن	اکشوده‌ام	18
کاوش کردن	بکواش	17
کاوش کردن	نکشوده‌ام	4
کاوش کردن	برکشود	7
کاوش کردن	نکشوده‌اید	5
کاوش کردن	بکواشید	21
کاوش کردن	اکشودیم	23
کاوش کردن	می‌کشود	2
کاوش کردن	اکشودی	13
کاوش کردن	نکشودم	1
کاوش کردن	نمی‌کواشید	15
کاوش کردن	می‌کشود	26
کاوش کردن	اکشوده‌اید	16
کاوش کردن	کشودۀ	6
کاوش کردن	اکشودند	28
کاوش کردن	بکواشید	3
کاوش کردن	اکشودید	14
کاوش کردن	کشود	29
کاوش کردن	اکشوده‌ای	19
گوش کردن	نمی‌گشود	15
گوش کردن	گشودن	27
گوش کردن	گشوده	30
گوش کردن	گشود	8
گوش کردن	می‌گشود	2
گوش کردن	می‌گشودند	25
گوش کردن	گشوده‌ایم	9
گوش کردن	بگشود	11
گوش کردن	گشودیم	23
گوش کردن	گشودید	14
گوش کردن	نگشود	24
گوش کردن	می‌گشوم	10
گوش کردن	گشودم	22
گوش کردن	گشوده‌ای	19
گوش کردن	بگشود	3
گوش کردن	گشوده‌اند	20
گوش کردن	گشوده‌اید	16
گوش کردن	بگشود	21
گوش کردن	گوشش	0
گوش کردن	برگشود	7
گوش کردن	نگشودم	1
گوش کردن	بگشود	17
گوش کردن	گشود	29
گوش کردن	گشوده‌ام	18
گوش کردن	نگشودند	12
گوش کردن	گشودۀ	6
گوش کردن	گشودند	28
گوش کردن	نگشوده‌ام	4
گوش کردن	نگشوده‌اید	5
گوش کردن	گشودی	13
گوش کردن	می‌گشود	26
حس کردن	حسکرده	30
حس کردن	بحسکرید	3
حس کردن	می‌حسیم	10
حس کردن	حسکرده‌اند	20
حس کردن	بحسکرک	17
حس کردن	می‌حسلیند	2
حس کردن	حسکرده‌ام	18
حس کردن	حسکرد	8
حس کردن	حسکردن	27
حس کردن	نحسکرد	24
حس کردن	حسکرده‌اید	16
حس کردن	نمی‌حوست	15
حس کردن	حسکردید	14
حس کردن	حسکردند	28
حس کردن	بحسکرد	21
حس کردن	حسکردۀ	6
حس کردن	حسکرد	29
حس کردن	نشسکرک	1
حس کردن	نحسکرده‌اید	5
حس کردن	می‌حسید	26
حس کردن	نشسترد	4
حس کردن	حسکردی	13
حس کردن	حسکرکش	0
حس کردن	نشسکردند	12
حس کردن	می‌حسیرکشستند	25
حس کردن	بحسکرک	11
حس کردن	حسکردم	22
حس کردن	برسلیر	7
حس کردن	حسکرده‌ای	19
حس کردن	حسکرده‌ایم	9
حس کردن	حسکردیم	23
جستجو کردن	جستجو	29
جستجو کردن	نجستجو	24
جستجو کردن	می‌جستجو	10
جستجو کردن	جستجو	22
جستجو کردن	جستجو	8
جستجو کردن	جستجو	16
جستجو کردن	جستجو	13
جستجو کردن	جستجو	9
جستجو کردن	جستجو	20
جستجو کردن	بجستجو	11
جستجو کردن	جستجو	23
جستجو کردن	جستجو	14
جستجو کردن	نمی‌جست	15
جستجو کردن	می‌جستجو	2
جستجو کردن	نجستجو	5
جستجو کردن	جستجو	19
جستجو کردن	جستجو	28
جستجو کردن	برستجو	7
جستجو کردن	جستجو	27
جستجو کردن	نجستجو	12
جستجو کردن	جستجو	18
جستجو کردن	می‌جستجو	26
جستجو کردن	نجستجو	1
جستجو کردن	جستجو	30
جستجو کردن	بجستجو	17
جستجو کردن	می‌جستند	25
جستجو کردن	جستجو	6
جستجو کردن	بجستجو	3
جستجو کردن	بجستجو	21
جستجو کردن	نجستجو	4
جستجو کردن	جستجو	0
ساک زدن	نسازِ	1
ساک زدن	سازِ	28
ساک زدن	سازِ	19
ساک زدن	سازِ	14
ساک زدن	بسازست	11
ساک زدن	ساز	18
ساک زدن	نسازیده‌ام	4
ساک زدن	می‌سازنند	2
ساک زدن	برساز	7
ساک زدن	استزده‌اند	20
ساک زدن	ساز	30
ساک زدن	سازِ	16
ساک زدن	استز	22
ساک زدن	بسازِ	17
ساک زدن	سازِ	6
ساک زدن	استز	23
ساک زدن	نسازدند	12
ساک زدن	نسازست	24
ساک زدن	نسازده‌اید	5
ساک زدن	بسازید	3
ساک زدن	نمی‌ساز	15
ساک زدن	ساز	8
ساک زدن	سازیدی	13
ساک زدن	بساز	21
ساک زدن	می‌سازندند	25
ساک زدن	سازِ	27
ساک زدن	می‌ساز	26
ساک زدن	می‌ساز	10
ساک زدن	سازش	0
ساک زدن	ساز	29
ساک زدن	سازِ	9
دزدی کردن	دزدید	14
دزدی کردن	ندزدید	5
دزدی کردن	بدزدید	3
دزدی کردن	دزدش	0
دزدی کردن	بدزدید	21
دزدی کردن	ندزدیده‌ام	4
دزدی کردن	دزدیدن	27
دزدی کردن	می‌دزدیم	10
دزدی کردن	دزدیده‌اید	16
دزدی کردن	دزد	8
دزدی کردن	دزدیدند	28
دزدی کردن	ندزدی	1
دزدی کردن	دزدی	19
دزدی کردن	دزدیده‌ام	18
دزدی کردن	دزدید	29
دزدی کردن	نمی‌دزدید	15
دزدی کردن	ندزدید	24
دزدی کردن	می‌دزدید	26
دزدی کردن	می‌دزدید	2
دزدی کردن	بردزدید	7
دزدی کردن	ندزدیدند	12
دزدی کردن	دزدیدم	22
دزدی کردن	دزدیم	9
دزدی کردن	دزدیده‌اند	20
دزدی کردن	بدزدیم	11
دزدی کردن	دزدیم	23
دزدی کردن	می‌دزدید	25
دزدی کردن	بدزدی	17
دزدی کردن	دزدیده	30
دزدی کردن	دزدی	13
دزدی کردن	دزدی	6
تحمل کردن	می‌تم	10
تحمل کردن	بتم	11
تحمل کردن	تمریم	9
تحمل کردن	برتم	7
تحمل کردن	تمسلیم	16
تحمل کردن	نتمسلیم	24
تحمل کردن	تمسلیم	19
تحمل کردن	می‌تم	25
تحمل کردن	نتمسلیم	5
تحمل کردن	تمسلیم	27
تحمل کردن	تمسلیم	30
تحمل کردن	نمی‌تم	15
تحمل کردن	نتمسلیم	1
تحمل کردن	می‌تم	2
تحمل کردن	تمسلیم	22
تحمل کردن	نتمسلیم	12
تحمل کردن	نتمام	4
تحمل کردن	تمسلیم	20
تحمل کردن	بتمسلیم	21
تحمل کردن	بتمرسلی	17
تحمل کردن	تمسلیم	0
تحمل کردن	تمِ	6
تحمل کردن	تمسلیم	13
تحمل کردن	می‌تم	26
تحمل کردن	تمرین	29
تحمل کردن	تمسلیم	14
تحمل کردن	تمسلیم	28
تحمل کردن	بتمسلیم	3
تحمل کردن	تمسلیم	8
تحمل کردن	تمریم	23
تحمل کردن	تمسلیم	18
آغاز کردن	آغاز	30
آغاز کردن	بآغاز	11
آغاز کردن	آغاز	0
آغاز کردن	بآغازید	3
آغاز کردن	آغازِ	6
آغاز کردن	آغاز	22
آغاز کردن	آغاز	23
آغاز کردن	نمی‌آغاز	15
آغاز کردن	آغاز	28
آغاز کردن	آغاز	8
آغاز کردن	آغازِ	19
آغاز کردن	آغاز	18
آغاز کردن	آغاز	14
آغاز کردن	نآغاز	5
آغاز کردن	آغازی	13
آغاز کردن	می‌آغاز	26
آغاز کردن	می‌آغاز	10
آغاز کردن	نآغاز	12
آغاز کردن	آغازِ	16
آغاز کردن	آغازِ	9
آغاز کردن	آغازِ	20
آغاز کردن	نآغاز	1
آغاز کردن	می‌آغاز	25
آغاز کردن	آغاز	29
آغاز کردن	می‌آغاز	2
آغاز کردن	بآغاز	21
آغاز کردن	برآغاز	7
آغاز کردن	نآغاز	4
آغاز کردن	آغاز	27
آغاز کردن	نآغاز	24
آغاز کردن	بآغاز	17
به دنیا آمدن	ببهاد	21
به دنیا آمدن	نمی‌به	15
به دنیا آمدن	می‌بهاد	26
به دنیا آمدن	بهادیم	23
به دنیا آمدن	ببهایم	11
به دنیا آمدن	بهای	6
به دنیا آمدن	می‌بهان	2
به دنیا آمدن	بهاده‌ای	19
به دنیا آمدن	می‌بهایم	10
به دنیا آمدن	ببهِ	17
به دنیا آمدن	می‌بهادند	25
به دنیا آمدن	بهاده‌اند	20
به دنیا آمدن	بهاب	29
به دنیا آمدن	بهادم	22
به دنیا آمدن	بهایدند	28
به دنیا آمدن	ببهاید	3
به دنیا آمدن	نبهیده‌اید	5
به دنیا آمدن	نبهید	24
به دنیا آمدن	نبهادند	12
به دنیا آمدن	نبهاده‌ام	4
به دنیا آمدن	برآغاب	7
به دنیا آمدن	بهاب	14
به دنیا آمدن	بهاده‌ام	18
به دنیا آمدن	بهایدی	13
به دنیا آمدن	بهایده	30
به دنیا آمدن	به	8
به دنیا آمدن	بهایده‌ایم	9
به دنیا آمدن	بهادن	27
به دنیا آمدن	بهایده‌اید	16
به دنیا آمدن	نبهیدم	1
به دنیا آمدن	بهاش	0
دمیدن	بدمید	21
دمیدن	می‌دمیند	2
دمیدن	ندمیدم	1
دمیدن	دمیده‌اند	20
دمیدن	بدمیم	11
دمیدن	دمش	0
دمیدن	ندمیده‌اید	5
دمیدن	دمی	6
دمیدن	بدمی	17
دمیدن	ندمید	24
دمیدن	دمید	29
دمیدن	ندمیدند	12
دمیدن	می‌دمیدند	25
دمیدن	بدمید	3
دمیدن	دمیده‌اید	16
دمیدن	دمیده‌ایم	9
دمیدن	می‌دمیم	10
دمیدن	دمیدم	22
دمیدن	دمیدند	28
دمیدن	دمیدیم	23
دمیدن	دمیدید	14
دمیدن	دمیدی	13
دمیدن	دمیدن	27
دمیدن	دمیده	30
دمیدن	نمی‌دمید	15
دمیدن	ندم	8
دمیدن	دمیده‌ای	19
دمیدن	می‌دمید	26
دمیدن	بردمید	7
دمیدن	می‌دمید	4
دمیدن	دمیده‌ام	18
رختن	نرخته‌ام	4
رختن	برخت	17
رختن	نرخته‌ام	3
رختن	رخته‌ایم	9
رختن	رخت	29
رختن	رخته‌ام	18
رختن	برخت	7
رختن	نرختند	12
رختن	برخت	21
رختن	نرخته‌اید	5
رختن	رختم	22
رختن	می‌رخت	26
رختن	رخته‌اند	20
رختن	رختیم	23
رختن	رختنم	0
رختن	نرخته	8
رختن	رختن	27
رختن	رخته	30
رختن	رخته‌اید	16
رختن	رختۀ	6
رختن	می‌رختم	10
رختن	می‌رختند	2
رختن	رختند	28
رختن	برختم	11
رختن	نرختم	1
رختن	نرخت	24
رختن	رخته‌ای	19
رختن	رختید	14
رختن	رختی	13
رختن	نمی‌رخت	15
رختن	می‌رختند	25
پا به عرصه وجود گذاشتن	پذابودیم	23
پا به عرصه وجود گذاشتن	پوابه‌ام	18
پا به عرصه وجود گذاشتن	می‌پوابته	10
پا به عرصه وجود گذاشتن	پذابوده‌ایم	9
پا به عرصه وجود گذاشتن	پذابودن	27
پا به عرصه وجود گذاشتن	پذابودید	14
پا به عرصه وجود گذاشتن	نپوابه	1
پا به عرصه وجود گذاشتن	نمی‌پوابه	15
پا به عرصه وجود گذاشتن	می‌پوابه	26
پا به عرصه وجود گذاشتن	پذابوده‌اند	20
پا به عرصه وجود گذاشتن	پذابوده	8
پا به عرصه وجود گذاشتن	نپوابه	4
پا به عرصه وجود گذاشتن	نپوابودند	12
پا به عرصه وجود گذاشتن	می‌پوابه	2
پا به عرصه وجود گذاشتن	نپوابه	24
پا به عرصه وجود گذاشتن	پذابوده‌ای	19
پا به عرصه وجود گذاشتن	پذابوش	0
پا به عرصه وجود گذاشتن	بپوابه	17
پا به عرصه وجود گذاشتن	می‌پوابتند	25
پا به عرصه وجود گذاشتن	برگذابود	7
پا به عرصه وجود گذاشتن	پذابوشتم	22
پا به عرصه وجود گذاشتن	پذابوشت	29
پا به عرصه وجود گذاشتن	بپواب	11
پا به عرصه وجود گذاشتن	پذابودند	28
پا به عرصه وجود گذاشتن	پذابوده‌اید	16
پا به عرصه وجود گذاشتن	نپوابه‌اید	5
پا به عرصه وجود گذاشتن	پذابودۀ	6
پا به عرصه وجود گذاشتن	بپوابه	21
پا به عرصه وجود گذاشتن	پذابودی	13
پا به عرصه وجود گذاشتن	نپوابه	3
پا به عرصه وجود گذاشتن	پوابه	30
مانستن	نمانستند	12
مانستن	مانستند	28
مانستن	می‌مانند	2
مانستن	مانستم	22
مانستن	نمانسته‌ام	4
مانستن	مانسته‌اند	20
مانستن	نمانسته	8
مانستن	بمانست	11
مانستن	می‌مانست	26
مانستن	مانسته‌ام	18
مانستن	بمانید	3
مانستن	می‌مانستند	25
مانستن	مانستید	14
مانستن	مانسته‌اید	16
مانستن	بمانست	21
مانستن	مانستن	27
مانستن	نمانست	24
مانستن	نمانسته‌اید	5
مانستن	نمی‌مانست	15
مانستن	مانستی	13
مانستن	برمانست	7
مانستن	مانست	29
مانستن	بمانست	17
مانستن	نمانستم	1
مانستن	مانستۀ	6
مانستن	مانستیم	23
مانستن	مانسته‌ای	19
مانستن	مانسته	30
مانستن	مانسته‌ایم	9
مانستن	می‌مانستم	10
مانستن	مانستگان	0
افسوس خوردن	افستخود	28
افسوس خوردن	افستخو	30
افسوس خوردن	می‌افستند	25
افسوس خوردن	می‌استخو	4
افسوس خوردن	می‌استخو	10
افسوس خوردن	افستخو	22
افسوس خوردن	افستخو	23
افسوس خوردن	نافست	24
افسوس خوردن	افستخو	9
افسوس خوردن	بافوستخو	17
افسوس خوردن	نمی‌است	15
افسوس خوردن	می‌افرست	2
افسوس خوردن	افستخو	18
افسوس خوردن	بافوستخو	11
افسوس خوردن	بافوستخو	3
افسوس خوردن	نافستند	12
افسوس خوردن	استفو	6
افسوس خوردن	نافستخو	5
افسوس خوردن	بافوستخو	1
افسوس خوردن	استفو	8
افسوس خوردن	استفادگان	0
افسوس خوردن	افستخود	16
افسوس خوردن	بافوست	21
افسوس خوردن	افستخو	29
افسوس خوردن	افستخود	20
افسوس خوردن	براستخو	7
افسوس خوردن	می‌افست	26
افسوس خوردن	افستخو	27
افسوس خوردن	استفو	13
افسوس خوردن	استفاده‌ای	19
افسوس خوردن	افستخود	14
ختنه کردن	ختنک	27
ختنه کردن	ختنه	14
ختنه کردن	می‌خه‌اند	25
ختنه کردن	برخانه	7
ختنه کردن	ختنک	28
ختنه کردن	می‌خهخاند	2
ختنه کردن	می‌خه	26
ختنه کردن	ختنه	0
ختنه کردن	نخهنه	24
ختنه کردن	نخهنه‌ای	3
ختنه کردن	ختن	6
ختنه کردن	ختنه‌ایم	9
ختنه کردن	ختنک	18
ختنه کردن	نخهنه‌اید	5
ختنه کردن	ختن	13
ختنه کردن	می‌خه‌ان	10
ختنه کردن	ختنکش	19
ختنه کردن	ختنه	29
ختنه کردن	ختنکشته‌اید	16
ختنه کردن	نخهنه	1
ختنه کردن	تخانه	8
ختنه کردن	ختنه‌اند	20
ختنه کردن	نخه‌ام	4
ختنه کردن	ختخانه	23
ختنه کردن	بخشت	21
ختنه کردن	نخهنه	12
ختنه کردن	ختنان	22
ختنه کردن	ختنک	30
ختنه کردن	بخشت	17
ختنه کردن	نمی‌خه	15
ختنه کردن	بخشت	11
کینه ورزیدن	می‌کیدند	25
کینه ورزیدن	می‌کنید	26
کینه ورزیدن	می‌کنید	2
کینه ورزیدن	بکنید	21
کینه ورزیدن	کنیدن	27
کینه ورزیدن	نکنیدند	12
کینه ورزیدن	بکنید	3
کینه ورزیدن	کنهادۀ	6
کینه ورزیدن	نکنیده‌ام	4
کینه ورزیدن	برکنید	7
کینه ورزیدن	نکنیده‌اید	5
کینه ورزیدن	کنیدید	14
کینه ورزیدن	می‌کیم	10
کینه ورزیدن	کنیده‌اید	16
کینه ورزیدن	کنهاده	30
کینه ورزیدن	نکنیدم	1
کینه ورزیدن	نکنید	24
کینه ورزیدن	کنیده‌ایم	9
کینه ورزیدن	کنیده‌اند	20
کینه ورزیدن	کنهادی	13
کینه ورزیدن	نمی‌کنی	15
کینه ورزیدن	کنیدیم	23
کینه ورزیدن	بکنی	17
کینه ورزیدن	کنید	29
کینه ورزیدن	کنیدم	22
کینه ورزیدن	بکیم	11
کینه ورزیدن	کنیده‌ای	19
کینه ورزیدن	کندی	8
کینه ورزیدن	کندنم	0
کینه ورزیدن	کنیده‌ام	18
کینه ورزیدن	کنیدند	28
تکزنگ زدن	تزکش	16
تکزنگ زدن	می‌تزند	2
تکزنگ زدن	تزکش	9
تکزنگ زدن	تزکش	20
تکزنگ زدن	تزکش	23
تکزنگ زدن	تزکش	14
تکزنگ زدن	تزکیده	30
تکزنگ زدن	تزکش	13
تکزنگ زدن	تزکش	0
تکزنگ زدن	بتزنم	11
تکزنگ زدن	بتزک	17
تکزنگ زدن	نتزکش	12
تکزنگ زدن	تزکش	28
تکزنگ زدن	نکشزکده‌اید	5
تکزنگ زدن	تزکگِ	6
تکزنگ زدن	نتزکش	1
تکزنگ زدن	بتزند	21
تکزنگ زدن	تزکش	22
تکزنگ زدن	تزکش	27
تکزنگ زدن	برکش	7
تکزنگ زدن	نمی‌تز	15
تکزنگ زدن	نکزکرده‌ام	4
تکزنگ زدن	نتزکش	3
تکزنگ زدن	می‌تزک	26
تکزنگ زدن	می‌تزدگاند	25
تکزنگ زدن	تزکش	19
تکزنگ زدن	تزکش	29
تکزنگ زدن	می‌تزنم	10
تکزنگ زدن	تزک	8
تکزنگ زدن	تزکش	18
تکزنگ زدن	نتزکید	24
مرحمت کردن	مرده‌ای	19
مرحمت کردن	بمریم	3
مرحمت کردن	می‌مراحت	2
مرحمت کردن	بمرم	11
مرحمت کردن	بمراحت	17
مرحمت کردن	نمراحتم	1
مرحمت کردن	مرد	29
مرحمت کردن	مرده‌اند	20
مرحمت کردن	مریتم	8
مرحمت کردن	نمریت	4
مرحمت کردن	مردی	13
مرحمت کردن	برمرین	7
مرحمت کردن	مرده‌ام	18
مرحمت کردن	مردم	22
مرحمت کردن	مرده	30
مرحمت کردن	بمراحت	21
مرحمت کردن	نمرده‌اید	5
مرحمت کردن	مردیم	23
مرحمت کردن	مردۀ	6
مرحمت کردن	مریتگان	0
مرحمت کردن	مردند	28
مرحمت کردن	مرده‌اید	16
مرحمت کردن	می‌مرم	10
مرحمت کردن	مرده‌ایم	9
مرحمت کردن	نمی‌مراحت	15
مرحمت کردن	مردن	27
مرحمت کردن	نمرد	24
مرحمت کردن	می‌مرم	26
مرحمت کردن	مردید	14
مرحمت کردن	می‌مراحتند	25
مرحمت کردن	نمریتند	12
تقویت کردن	می‌تقوی	2
تقویت کردن	بتقویم	11
تقویت کردن	می‌تقویت	26
تقویت کردن	نمی‌تقوید	15
تقویت کردن	تقویتم	22
تقویت کردن	بتقویت	21
تقویت کردن	نتقویت	3
تقویت کردن	نتقویت	5
تقویت کردن	می‌تقویم	10
تقویت کردن	تقویتی	13
تقویت کردن	تقویت	18
تقویت کردن	نتقویت	24
تقویت کردن	تقویتند	28
تقویت کردن	بتقویت	17
تقویت کردن	نتقویت	4
تقویت کردن	تقویتن	27
تقویت کردن	تقویته‌ایم	9
تقویت کردن	می‌تقویتند	25
تقویت کردن	تقویتگان	0
تقویت کردن	تقویته	30
تقویت کردن	تقویتیم	23
تقویت کردن	تقویت	8
تقویت کردن	تقویته‌ای	19
تقویت کردن	نتقویتم	1
تقویت کردن	نتقویتند	12
تقویت کردن	تقویته‌اید	16
تقویت کردن	برتقویت	7
تقویت کردن	تقویته‌اند	20
تقویت کردن	تقویتید	14
تقویت کردن	تقویت	29
تقویت کردن	تقویتۀ	6
خواستن	خواسته‌ای	19
خواستن	خواست	29
خواستن	خواسته‌اند	20
خواستن	نخواسته	8
خواستن	خواستن	27
خواستن	خواسته	30
خواستن	می‌خواستم	10
خواستن	می‌خواستم	2
خواستن	بخواست	11
خواستن	نخواستم	1
خواستن	خواستند	28
خواستن	خواستۀ	6
خواستن	نخواستند	12
خواستن	خواستی	13
خواستن	بخواست	3
خواستن	بخواست	21
خواستن	برخواست	7
خواستن	می‌خواستند	25
خواستن	خواستید	14
خواستن	خواستیم	23
خواستن	می‌خواست	26
خواستن	خواسته‌اید	16
خواستن	نخواست	24
خواستن	خواسته‌ام	18
خواستن	بخواست	17
خواستن	نمی‌خواست	15
خواستن	نخواسته‌اید	5
خواستن	نخواسته‌ام	4
خواستن	خواسته‌ایم	9
خواستن	خواستم	22
خواستن	خواستگان	0
درست کردن	ندرسته‌ام	4
درست کردن	می‌درست	26
درست کردن	درستی	13
درست کردن	درستاده‌اید	16
درست کردن	درست	29
درست کردن	درستم	22
درست کردن	درستاده‌ام	18
درست کردن	درستن	27
درست کردن	درستاده‌اند	20
درست کردن	درسته	30
درست کردن	نمی‌درست	15
درست کردن	درستید	14
درست کردن	درستاده‌ای	19
درست کردن	ندرست	24
درست کردن	ندرسته‌اید	5
درست کردن	ندرستند	12
درست کردن	می‌درست	2
درست کردن	می‌درستند	25
درست کردن	بدرست	3
درست کردن	بردرست	7
درست کردن	درستراحت	9
درست کردن	درستۀ	6
درست کردن	درسترا	8
درست کردن	می‌درست	10
درست کردن	بدرست	21
درست کردن	درستند	28
درست کردن	درستگان	0
درست کردن	درستادیم	23
درست کردن	ندرستم	1
درست کردن	بدرست	17
درست کردن	بدرست	11
گشادن	بگشاد	21
گشادن	گشاده	30
گشادن	نگشاد	24
گشادن	گشاده‌اید	16
گشادن	گشاد	29
گشادن	گشا	6
گشادن	بگشا	17
گشادن	گشادند	28
گشادن	گشاده‌ام	18
گشادن	نگشاده‌اید	5
گشادن	نگشاده	8
گشادن	می‌گشاند	2
گشادن	می‌گشاد	26
گشادن	گشاده‌ایم	9
گشادن	بگشاید	3
گشادن	می‌گشادند	25
گشادن	گشادیم	23
گشادن	گشادن	27
گشادن	گشاده‌ای	19
گشادن	می‌گشام	10
گشادن	نگشادند	12
گشادن	بگشام	11
گشادن	گشادنم	0
گشادن	گشاده‌اند	20
گشادن	برگشاد	7
گشادن	بگشاند	1
گشادن	نمی‌گشاد	15
گشادن	می‌گشاید	4
گشادن	گشادید	14
گشادن	گشادم	22
گشادن	گشادی	13
تنظیم کردن	می‌تنیم	25
تنظیم کردن	تنیمِ	19
تنظیم کردن	تنیم	29
تنظیم کردن	نتنیم	1
تنظیم کردن	برتنیم	7
تنظیم کردن	نتنیم	12
تنظیم کردن	تنیمِ	6
تنظیم کردن	بتنیم	11
تنظیم کردن	تنیم	16
تنظیم کردن	می‌تنیم	2
تنظیم کردن	بتنی	17
تنظیم کردن	نتنیم	24
تنظیم کردن	تنیم	18
تنظیم کردن	نتنیم	4
تنظیم کردن	تنیم	14
تنظیم کردن	تنیم	8
تنظیم کردن	تنیم	28
تنظیم کردن	تنیم	9
تنظیم کردن	تنیمِ	13
تنظیم کردن	تنیم	20
تنظیم کردن	بتنیم	3
تنظیم کردن	بتنیم	21
تنظیم کردن	تنیم	23
تنظیم کردن	تنامش	0
تنظیم کردن	تنیم	22
تنظیم کردن	می‌تنیم	26
تنظیم کردن	تنیم	30
تنظیم کردن	می‌تنیم	10
تنظیم کردن	نمی‌تنیم	15
تنظیم کردن	نتنیم	5
تنظیم کردن	تنیم	27
راست کردن	براستم	11
راست کردن	راستند	28
راست کردن	راسته	30
راست کردن	براست	7
راست کردن	می‌راست	26
راست کردن	راستید	14
راست کردن	نراست	24
راست کردن	راست	29
راست کردن	می‌راستند	2
راست کردن	راستفاده‌اید	16
راست کردن	نراست	4
راست کردن	براست	17
راست کردن	راستم	22
راست کردن	راست	18
راست کردن	نراسته‌اید	5
راست کردن	می‌راستم	10
راست کردن	راست	8
راست کردن	راستۀ	6
راست کردن	می‌راستند	25
راست کردن	راستی	13
راست کردن	نمی‌راست	15
راست کردن	راستگان	0
راست کردن	راستن	27
راست کردن	راست	20
راست کردن	راستیم	23
راست کردن	نراستند	12
راست کردن	راستراحت	9
راست کردن	نراستم	1
راست کردن	راستراحت	19
راست کردن	براست	21
راست کردن	براست	3
پا در میان گذاشتن	پذام	22
پا در میان گذاشتن	پذام	16
پا در میان گذاشتن	می‌پذام	25
پا در میان گذاشتن	می‌پذاند	2
پا در میان گذاشتن	پذام	8
پا در میان گذاشتن	نپذام	4
پا در میان گذاشتن	پذام	14
پا در میان گذاشتن	پذام	19
پا در میان گذاشتن	پذاشتن	27
پا در میان گذاشتن	می‌پذام	26
پا در میان گذاشتن	پذام	9
پا در میان گذاشتن	پذام	20
پا در میان گذاشتن	پذاش	0
پا در میان گذاشتن	نپذام	24
پا در میان گذاشتن	پذامترد	28
پا در میان گذاشتن	پذام	13
پا در میان گذاشتن	برامت	7
پا در میان گذاشتن	پذام	23
پا در میان گذاشتن	پذام	30
پا در میان گذاشتن	نپذام	12
پا در میان گذاشتن	بپذام	3
پا در میان گذاشتن	بپذام	21
پا در میان گذاشتن	می‌پذام	10
پا در میان گذاشتن	نپذام	1
پا در میان گذاشتن	پذامِ	6
پا در میان گذاشتن	پذام	18
پا در میان گذاشتن	نمی‌پذام	15
پا در میان گذاشتن	بپذام	17
پا در میان گذاشتن	پذام	29
پا در میان گذاشتن	بپذام	11
پا در میان گذاشتن	نپذام	5
جلق زدن	نمی‌جسید	15
جلق زدن	می‌جسیم	10
جلق زدن	بجسلیز	21
جلق زدن	جستجز	14
جلق زدن	جستجز	28
جلق زدن	جستجز	9
جلق زدن	جستجزد	16
جلق زدن	می‌جسیدند	25
جلق زدن	جستجزد	20
جلق زدن	جستجز	23
جلق زدن	جسلیزِ	6
جلق زدن	بجسلیم	11
جلق زدن	می‌جسید	26
جلق زدن	می‌جسیزند	2
جلق زدن	جستجز	8
جلق زدن	نجستجو	5
جلق زدن	جسلیز	22
جلق زدن	جستجز	18
جلق زدن	جسلیزِ	27
جلق زدن	بجسید	3
جلق زدن	جستجز	19
جلق زدن	بجسلی	17
جلق زدن	نجسلیز	1
جلق زدن	نجستجو	12
جلق زدن	جستجز	29
جلق زدن	برسیز	7
جلق زدن	جستجز	30
جلق زدن	نجستجز	4
جلق زدن	نجستجز	24
جلق زدن	جستجو	13
جلق زدن	جستجو	0
زوم کردن	بزو	17
زوم کردن	زومش	0
زوم کردن	نمی‌زومود	15
زوم کردن	بزوم	21
زوم کردن	می‌زومود	26
زوم کردن	زوم	23
زوم کردن	بزومید	3
زوم کردن	می‌زوم	2
زوم کردن	برزوم	7
زوم کردن	زوده‌اند	20
زوم کردن	بزوم	11
زوم کردن	زوم	18
زوم کردن	زوده‌ایم	9
زوم کردن	زومید	29
زوم کردن	می‌زومدند	25
زوم کردن	زومیدید	14
زوم کردن	می‌زوم	10
زوم کردن	زوصیم	8
زوم کردن	زومی	13
زوم کردن	نزموم	24
زوم کردن	زوده‌اید	16
زوم کردن	نزومده‌اید	5
زوم کردن	زوم	19
زوم کردن	زومیدن	27
زوم کردن	نزمومدند	12
زوم کردن	زوم	22
زوم کردن	زومیده	30
زوم کردن	زومیدند	28
زوم کردن	نزومیده‌ام	4
زوم کردن	زومِ	6
زوم کردن	نزومدم	1
باور کردن	بوارده‌ایم	9
باور کردن	ببور	17
باور کردن	ببورید	3
باور کردن	می‌بورم	10
باور کردن	نابورن	1
باور کردن	بواردید	14
باور کردن	ابوردن	27
باور کردن	ابورد	29
باور کردن	ابورگان	0
باور کردن	نابورده‌اید	5
باور کردن	نابورد	24
باور کردن	ببورم	11
باور کردن	بواردی	13
باور کردن	می‌بورند	2
باور کردن	نابوردند	12
باور کردن	بوارده‌ای	19
باور کردن	ابور	8
باور کردن	بوارده‌اید	16
باور کردن	ابورده‌ام	18
باور کردن	بواردیم	23
باور کردن	ببوارد	21
باور کردن	می‌بورد	26
باور کردن	ابورده	30
باور کردن	نابورده‌ام	4
باور کردن	ابوردند	28
باور کردن	می‌بوردند	25
باور کردن	ابور	6
باور کردن	ابوردم	22
باور کردن	نمی‌بورد	15
باور کردن	ابورده‌اند	20
باور کردن	برابورد	7
چیندن	بچین	17
چیندن	می‌چینید	4
چیندن	می‌چینم	10
چیندن	می‌چیندند	25
چیندن	بچیند	1
چیندن	نمی‌چیند	15
چیندن	نچیند	24
چیندن	چین	6
چیندن	نچینده	8
چیندن	چیندم	22
چیندن	چیندید	14
چیندن	چینده	30
چیندن	بچیند	3
چیندن	چینده‌ای	19
چیندن	چینده‌اند	20
چیندن	چیندن	27
چیندن	بچیند	21
چیندن	چیندند	28
چیندن	برچیند	7
چیندن	چینده‌ام	18
چیندن	چیندی	13
چیندن	چیند	29
چیندن	چینده‌اید	16
چیندن	چینده‌ایم	9
چیندن	نچیندند	12
چیندن	بچینم	11
چیندن	چیندگان	0
چیندن	می‌چیند	26
چیندن	نچینده‌اید	5
چیندن	می‌چینند	2
چیندن	چیندیم	23
ترکیدن	برتاد	7
ترکیدن	ترکش	0
ترکیدن	ترکیده‌ایم	9
ترکیدن	ترکید	29
ترکیدن	بترکی	17
ترکیدن	ترکیدیم	23
ترکیدن	بترکیم	11
ترکیدن	می‌ترکش	2
ترکیدن	ترکیده‌ای	19
ترکیدن	ترکیده‌اید	16
ترکیدن	ترکیده	30
ترکیدن	ترکیدید	14
ترکیدن	ترکی	6
ترکیدن	ترکیده‌ام	18
ترکیدن	نترکیده‌اید	5
ترکیدن	ترک	8
ترکیدن	بترکید	21
ترکیدن	ترکش	20
ترکیدن	نترکش	12
ترکیدن	ترکیدم	22
ترکیدن	نترکش	1
ترکیدن	نمی‌ترکید	15
ترکیدن	نترکید	24
ترکیدن	می‌ترکید	26
ترکیدن	بترکید	3
ترکیدن	نترکیده‌ام	4
ترکیدن	می‌ترکیم	10
ترکیدن	ترکیدی	13
ترکیدن	ترکیدند	28
ترکیدن	ترکیدن	27
ترکیدن	می‌ترکشیدند	25
نابود کردن	ننابودم	1
نابود کردن	بنابود	17
نابود کردن	نابودید	14
نابود کردن	نابودی	13
نابود کردن	نابوده‌ایم	9
نابود کردن	نابودن	27
نابود کردن	ننابود	24
نابود کردن	می‌نابود	2
نابود کردن	بنابود	21
نابود کردن	بنابود	3
نابود کردن	نابوده‌اید	5
نابود کردن	نابودۀ	6
نابود کردن	نابود	29
نابود کردن	برابود	7
نابود کردن	نابودیم	23
نابود کردن	می‌نابوم	10
نابود کردن	نابود	8
نابود کردن	نابودند	28
نابود کردن	نابودنم	0
نابود کردن	نابوده‌ای	19
نابود کردن	نابوده‌ام	18
نابود کردن	نابوده‌اند	20
نابود کردن	نابودم	22
نابود کردن	ننابودند	12
نابود کردن	نابود	4
نابود کردن	نابوده	30
نابود کردن	نمی‌نابود	15
نابود کردن	می‌نابودند	25
نابود کردن	بنابوم	11
نابود کردن	نابوده‌اید	16
نابود کردن	می‌نابود	26
خط زدن	خواندیم	23
خط زدن	بخشیم	11
خط زدن	بخش	17
خط زدن	خوانده‌اید	16
خط زدن	خوانده‌ام	18
خط زدن	می‌خوانند	2
خط زدن	خویزدند	28
خط زدن	خواندم	22
خط زدن	خواندید	14
خط زدن	خوانده‌ایم	9
خط زدن	خویزدی	13
خط زدن	خوانده‌اند	20
خط زدن	خان	8
خط زدن	نمی‌خواند	15
خط زدن	نخوینده‌ام	4
خط زدن	می‌خواندند	25
خط زدن	خویزد	29
خط زدن	برخاند	7
خط زدن	خویدن	27
خط زدن	خویزده‌ای	19
خط زدن	می‌خواند	26
خط زدن	بخش	21
خط زدن	خواندگان	0
خط زدن	نخوینند	1
خط زدن	می‌خویم	10
خط زدن	خخوی	6
خط زدن	نخوید	24
خط زدن	نخوانده‌اید	5
خط زدن	بخانید	3
خط زدن	نخواندند	12
خط زدن	خویزده	30
حرکت کردن	می‌حترک	2
حرکت کردن	رکشت	0
حرکت کردن	برکت	11
حرکت کردن	رکتی	13
حرکت کردن	برکشت	7
حرکت کردن	برکشت	3
حرکت کردن	می‌حرکشت	26
حرکت کردن	رکته	30
حرکت کردن	برکشت	21
حرکت کردن	رکتۀ	6
حرکت کردن	می‌حرکت	10
حرکت کردن	نرکته‌اید	5
حرکت کردن	نرکته‌ام	4
حرکت کردن	رکت	19
حرکت کردن	رکتن	27
حرکت کردن	رکته‌ایم	9
حرکت کردن	نرکت	24
حرکت کردن	رکتید	14
حرکت کردن	رکت	29
حرکت کردن	نمی‌رکت	15
حرکت کردن	می‌حرکشتند	25
حرکت کردن	رکترک	28
حرکت کردن	نرکتند	12
حرکت کردن	رکت	18
حرکت کردن	رکترک	20
حرکت کردن	رکتم	22
حرکت کردن	رک	8
حرکت کردن	برکت	17
حرکت کردن	نرکتم	1
حرکت کردن	رکتیم	23
حرکت کردن	رکته‌اید	16
آشنا شدن	آشنا	22
آشنا شدن	آشنا	6
آشنا شدن	نآشنا	24
آشنا شدن	آشنا	30
آشنا شدن	برآشنا	7
آشنا شدن	می‌آشنا	2
آشنا شدن	آشنا	29
آشنا شدن	نآشنا	12
آشنا شدن	آشنا	18
آشنا شدن	می‌آشنا	10
آشنا شدن	می‌آشنا	4
آشنا شدن	آشنا	8
آشنا شدن	آشنا	19
آشنا شدن	می‌آشنا	26
آشنا شدن	آشنا	23
آشنا شدن	بآشنا	11
آشنا شدن	نآشنا	5
آشنا شدن	بآشنا	17
آشنا شدن	آشنا	0
آشنا شدن	آشنا	16
آشنا شدن	آشنا	9
آشنا شدن	آشنا	20
آشنا شدن	آشنا	28
آشنا شدن	بآشنا	3
آشنا شدن	نمی‌آشنا	15
آشنا شدن	آشنا	14
آشنا شدن	بآشنا	21
آشنا شدن	آشنا	13
آشنا شدن	می‌آشنا	25
آشنا شدن	بآشنا	1
آشنا شدن	آشنا	27
آبتنی کردن	بآبریت	21
آبتنی کردن	آبتبویم	9
آبتنی کردن	بآبریم	11
آبتنی کردن	آبتید	28
آبتنی کردن	نآبویتند	12
آبتنی کردن	نآبریتم	1
آبتنی کردن	می‌آب	2
آبتنی کردن	آبتبوید	16
آبتنی کردن	آبتبد	14
آبتنی کردن	آبت	8
آبتنی کردن	آبتی	27
آبتنی کردن	آبتیم	22
آبتنی کردن	بآبری	17
آبتنی کردن	آبتی	13
آبتنی کردن	نمی‌آب	15
آبتنی کردن	می‌آبود	26
آبتنی کردن	آبتم	0
آبتنی کردن	آبتبرید	20
آبتنی کردن	آبتب	19
آبتنی کردن	آبتۀ	6
آبتنی کردن	آبتیم	18
آبتنی کردن	می‌آبودند	25
آبتنی کردن	نآبویته‌اید	5
آبتنی کردن	آبت	29
آبتنی کردن	نآبرید	24
آبتنی کردن	نآبویت	4
آبتنی کردن	بآبریت	3
آبتنی کردن	آبتیم	23
آبتنی کردن	آبتب	30
آبتنی کردن	برآبرآ	7
آبتنی کردن	می‌آبریم	10
سر کردن	نمی‌سرک	15
سر کردن	برسرک	7
سر کردن	سرکش	23
سر کردن	سرک	29
سر کردن	سرسک	8
سر کردن	نسرک	4
سر کردن	سرستادۀ	6
سر کردن	سرکش	18
سر کردن	بسرسکرد	21
سر کردن	سرکش	20
سر کردن	سرکرده‌اید	16
سر کردن	بسرسکرید	3
سر کردن	نسرکرد	24
سر کردن	سرکرده‌ای	19
سر کردن	سرکرده‌ایم	9
سر کردن	بسرسکرک	17
سر کردن	می‌سرکردند	25
سر کردن	سرک	30
سر کردن	سرکش	0
سر کردن	سرکش	22
سر کردن	نسرکممم	5
سر کردن	سرکردی	13
سر کردن	سرکردند	28
سر کردن	می‌سرک	10
سر کردن	سرکش	14
سر کردن	نسرکش	12
سر کردن	می‌سرکرد	26
سر کردن	بسرسلیم	11
سر کردن	نسرکش	1
سر کردن	می‌سرکنند	2
سر کردن	سرسکردن	27
تمرین کردن	تمرین	30
تمرین کردن	تمرین	0
تمرین کردن	برترک	7
تمرین کردن	نتمرین	24
تمرین کردن	تمرین	22
تمرین کردن	تمرین	23
تمرین کردن	تمرین	9
تمرین کردن	بتمرین	21
تمرین کردن	می‌تمریم	10
تمرین کردن	نمی‌تمرید	15
تمرین کردن	می‌تمرید	26
تمرین کردن	تمرین	28
تمرین کردن	تمرین	8
تمرین کردن	بتمرین	3
تمرین کردن	تمرین	13
تمرین کردن	تمرین	18
تمرین کردن	تمرین	14
تمرین کردن	بتمریم	11
تمرین کردن	نتمرین	5
تمرین کردن	تمرین	16
تمرین کردن	می‌تمریند	25
تمرین کردن	تمرین	6
تمرین کردن	نتمرین	12
تمرین کردن	تمرینید	20
تمرین کردن	بتمری	17
تمرین کردن	تمرین	29
تمرین کردن	نتمرین	1
تمرین کردن	می‌تمریند	2
تمرین کردن	تمرین	19
تمرین کردن	تمرین	27
تمرین کردن	نتمرین	4
استفاده کردن	استفاده	0
استفاده کردن	می‌استفاده	2
استفاده کردن	استفادی	13
استفاده کردن	باستفاده	17
استفاده کردن	ناستفاده‌ام	4
استفاده کردن	استفادید	14
استفاده کردن	ناستفاده‌اید	5
استفاده کردن	می‌استفاده	26
استفاده کردن	استفاده‌ایم	9
استفاده کردن	استفاده	8
استفاده کردن	استفاده‌اید	16
استفاده کردن	ناستفاده‌ام	3
استفاده کردن	استفاده	28
استفاده کردن	استفادن	27
استفاده کردن	باستفاده	21
استفاده کردن	براستفاده	7
استفاده کردن	می‌استفاده	10
استفاده کردن	ناستفادم	1
استفاده کردن	استفاده‌ام	18
استفاده کردن	ناستفاده	12
استفاده کردن	استفاد	29
استفاده کردن	باستفاده	11
استفاده کردن	استفادم	22
استفاده کردن	نمی‌استاده	15
استفاده کردن	می‌استفاده	25
استفاده کردن	استفاده	30
استفاده کردن	استفاده‌اند	20
استفاده کردن	استفاده	6
استفاده کردن	استفاده‌ای	19
استفاده کردن	استفادیم	23
استفاده کردن	ناستفاده	24
آغاز شدن	آغاز	30
آغاز شدن	بآغاز	11
آغاز شدن	آغاز	0
آغاز شدن	آغازِ	6
آغاز شدن	آغازید	14
آغاز شدن	آغاز	22
آغاز شدن	آغاز	20
آغاز شدن	نمی‌آغاز	15
آغاز شدن	آغازِ	27
آغاز شدن	آغاز	8
آغاز شدن	آغازِ	18
آغاز شدن	آغازِ	19
آغاز شدن	نآغاز	5
آغاز شدن	آغازی	13
آغاز شدن	می‌آغاز	26
آغاز شدن	بآغاز	1
آغاز شدن	بآغاز	3
آغاز شدن	می‌آغاز	10
آغاز شدن	آغازِ	16
آغاز شدن	آغازِ	23
آغاز شدن	نآغاز	12
آغاز شدن	می‌آغازِ	4
آغاز شدن	آغازِ	9
آغاز شدن	می‌آغاز	25
آغاز شدن	آغازِ	28
آغاز شدن	آغاز	29
آغاز شدن	می‌آغاز	2
آغاز شدن	بآغاز	21
آغاز شدن	برآغاز	7
آغاز شدن	نآغاز	24
آغاز شدن	بآغاز	17
اعتراض کردن	اعتراض	14
اعتراض کردن	باعتراض	17
اعتراض کردن	اعتراض	18
اعتراض کردن	باعتراض	11
اعتراض کردن	اعتراض	19
اعتراض کردن	اعتراض	27
اعتراض کردن	براعتراض	7
اعتراض کردن	اعتراض	6
اعتراض کردن	اعتراض	30
اعتراض کردن	اعتراض	0
اعتراض کردن	اعتراض	29
اعتراض کردن	نمی‌اعت	15
اعتراض کردن	می‌اعتراض	26
اعتراض کردن	ناعتراض	4
اعتراض کردن	اعتراض	20
اعتراض کردن	اعتراض	13
اعتراض کردن	می‌اعتراض	10
اعتراض کردن	باعتراض	3
اعتراض کردن	اعتراض	8
اعتراض کردن	ناعتراض	24
اعتراض کردن	می‌اعتراض	2
اعتراض کردن	ناعتراض	5
اعتراض کردن	باعتراض	21
اعتراض کردن	اعتراض	22
اعتراض کردن	اعتراض	23
اعتراض کردن	ناعتراض	12
اعتراض کردن	اعتراض	16
اعتراض کردن	اعتراض	9
اعتراض کردن	ناعتراض	1
اعتراض کردن	اعتراض	28
اعتراض کردن	می‌اعتراض	25
فشردن	بفشرید	3
فشردن	بفشرم	11
فشردن	نفشرده	8
فشردن	فشردگان	0
فشردن	فشرده	30
فشردن	نمی‌فشرد	15
فشردن	بفشر	17
فشردن	فشرده‌ام	18
فشردن	می‌فشرد	26
فشردن	فشردید	14
فشردن	فشردم	22
فشردن	فشرده‌ای	19
فشردن	فشر	6
فشردن	فشردیم	23
فشردن	می‌فشردند	25
فشردن	می‌فشرم	10
فشردن	نفشرده‌اید	5
فشردن	نفشرد	24
فشردن	فشرده‌اند	20
فشردن	فشرده‌اید	16
فشردن	فشرده‌ایم	9
فشردن	برفشرد	7
فشردن	بفشرند	1
فشردن	بفشرد	21
فشردن	می‌فشرند	2
فشردن	فشردی	13
فشردن	فشرد	29
فشردن	فشردند	28
فشردن	می‌فشرید	4
فشردن	نفشردند	12
فشردن	فشردن	27
توصیف کردن	توصیف	14
توصیف کردن	بتوصیم	11
توصیف کردن	توصیف	28
توصیف کردن	توصیف	8
توصیف کردن	بتوصیف	21
توصیف کردن	توصیف	16
توصیف کردن	بتوصیف	3
توصیف کردن	توصیف	22
توصیف کردن	نتوصیف	1
توصیف کردن	بتوصیف	17
توصیف کردن	می‌توصیم	10
توصیف کردن	نتوصیف	12
توصیف کردن	توصیف	0
توصیف کردن	توصیف	13
توصیف کردن	نتوصیف	5
توصیف کردن	توصیف	27
توصیف کردن	توصیف	29
توصیف کردن	می‌توصیف	2
توصیف کردن	برتوصیف	7
توصیف کردن	نتوصیف	24
توصیف کردن	می‌توصیف	26
توصیف کردن	توصیف	30
توصیف کردن	توصیف	19
توصیف کردن	نتوصیف	4
توصیف کردن	توصیف	18
توصیف کردن	توصیف	9
توصیف کردن	توصیف	20
توصیف کردن	می‌توصیف	25
توصیف کردن	توصیفِ	6
توصیف کردن	نمی‌توصی	15
توصیف کردن	توصیف	23
جمع شدن	جعتجو	22
جمع شدن	جعتجو	30
جمع شدن	می‌جمیند	4
جمع شدن	بجعوش	21
جمع شدن	جسلیم	13
جمع شدن	جسلیم	20
جمع شدن	می‌جم	26
جمع شدن	جعتجو	19
جمع شدن	می‌جم	10
جمع شدن	جمعتجد	28
جمع شدن	بجعامید	3
جمع شدن	می‌جمعمی‌جودند	25
جمع شدن	جمج‌ام	9
جمع شدن	جمج‌جوعدید	14
جمع شدن	نمی‌جم	15
جمع شدن	جعتجو	16
جمع شدن	بجعام	1
جمع شدن	بجم	17
جمع شدن	جعتجو	23
جمع شدن	جم	8
جمع شدن	بجعام	11
جمع شدن	جمردن	27
جمع شدن	نموشته‌اید	5
جمع شدن	جمج‌جوعد	29
جمع شدن	نجموشتند	12
جمع شدن	جمج‌ام	18
جمع شدن	برججش	7
جمع شدن	جمش	0
جمع شدن	می‌جم	2
جمع شدن	نموشعت	24
جمع شدن	جمِ	6
پا به جهان گذاشتن	پذابه‌ام	18
پا به جهان گذاشتن	پذابه‌ای	19
پا به جهان گذاشتن	نپذابه‌ام	4
پا به جهان گذاشتن	بپذابه	17
پا به جهان گذاشتن	پذاب	22
پا به جهان گذاشتن	نمی‌پذاب	15
پا به جهان گذاشتن	پذابه	27
پا به جهان گذاشتن	پذابه‌ایم	9
پا به جهان گذاشتن	نپذابه	12
پا به جهان گذاشتن	برپذاب	7
پا به جهان گذاشتن	پذاب	0
پا به جهان گذاشتن	می‌پذابه	10
پا به جهان گذاشتن	پذابه	30
پا به جهان گذاشتن	پذاب	14
پا به جهان گذاشتن	نپذابه	1
پا به جهان گذاشتن	پذاب	23
پا به جهان گذاشتن	بپذابه	21
پا به جهان گذاشتن	می‌پذابه	2
پا به جهان گذاشتن	می‌پذابه‌ان	25
پا به جهان گذاشتن	می‌پذابه	26
پا به جهان گذاشتن	نپذابه	3
پا به جهان گذاشتن	نپذابه	24
پا به جهان گذاشتن	پذابه‌اند	20
پا به جهان گذاشتن	پذابِ	6
پا به جهان گذاشتن	پذاب	29
پا به جهان گذاشتن	پذابه	28
پا به جهان گذاشتن	پذابه‌اید	16
پا به جهان گذاشتن	پذابه	8
پا به جهان گذاشتن	بپذابه	11
پا به جهان گذاشتن	نپذابه‌اید	5
پا به جهان گذاشتن	پذاب	13
به زبان آوردن	بهوابِ	6
به زبان آوردن	بهواب	9
به زبان آوردن	می‌بواب	10
به زبان آوردن	بهواب	23
به زبان آوردن	می‌بواب	26
به زبان آوردن	بهواب	22
به زبان آوردن	بهودند	28
به زبان آوردن	می‌بوابزدند	25
به زبان آوردن	بهواب	13
به زبان آوردن	بهودید	14
به زبان آوردن	برآهاب	7
به زبان آوردن	بهویز	8
به زبان آوردن	بهواب	29
به زبان آوردن	می‌بواب	2
به زبان آوردن	بهواب	18
به زبان آوردن	بهواب	0
به زبان آوردن	بهوده‌اند	20
به زبان آوردن	نبود	24
به زبان آوردن	ببود	17
به زبان آوردن	بهواب	27
به زبان آوردن	نبوده‌اید	5
به زبان آوردن	نبودند	12
به زبان آوردن	بهوده	30
به زبان آوردن	بهوده‌اید	16
به زبان آوردن	بهواب	19
به زبان آوردن	ببود	21
به زبان آوردن	ببوازم	11
به زبان آوردن	ببوید	3
به زبان آوردن	نمی‌بهواب	15
به زبان آوردن	نبوده‌ام	4
به زبان آوردن	نبودم	1
حرف زدن	حرفته	30
حرف زدن	حرفتۀ	6
حرف زدن	برفشز	7
حرف زدن	حرفت	19
حرف زدن	حرفت	29
حرف زدن	شرف	8
حرف زدن	شرفته‌اید	16
حرف زدن	حرفتی	13
حرف زدن	بحرفت	21
حرف زدن	می‌شرفند	2
حرف زدن	شرفته‌ایم	9
حرف زدن	شرفتم	22
حرف زدن	بحرف	17
حرف زدن	نشرفتند	12
حرف زدن	شرفتن	27
حرف زدن	می‌شرفت	10
حرف زدن	می‌شرفتند	25
حرف زدن	نشرفت	24
حرف زدن	می‌شرف	4
حرف زدن	شرفتیم	23
حرف زدن	شرفتند	28
حرف زدن	بشرفت	11
حرف زدن	حرفته‌اند	20
حرف زدن	بحرف	1
حرف زدن	می‌شرفت	26
حرف زدن	شرفتگان	0
حرف زدن	نمی‌شرفت	15
حرف زدن	حرفتید	14
حرف زدن	شرفته‌ام	18
حرف زدن	نشرفته‌اید	5
حرف زدن	بحرف	3
فریاد زدن	فریدند	28
فریاد زدن	بفرید	21
فریاد زدن	نفریدند	12
فریاد زدن	فریده‌ای	19
فریاد زدن	می‌فریند	2
فریاد زدن	فریدن	27
فریاد زدن	بفرید	1
فریاد زدن	می‌فرید	26
فریاد زدن	فریدی	13
فریاد زدن	بفری	17
فریاد زدن	فریده‌ام	18
فریاد زدن	بفریم	11
فریاد زدن	فریدم	22
فریاد زدن	فرید	29
فریاد زدن	فریدید	14
فریاد زدن	برفاید	7
فریاد زدن	نفرید	24
فریاد زدن	فریده‌اید	16
فریاد زدن	نفریده‌اید	5
فریاد زدن	فریده‌اند	20
فریاد زدن	فریده‌ایم	9
فریاد زدن	فریدیم	23
فریاد زدن	فرفان	0
فریاد زدن	فری	6
فریاد زدن	می‌فریم	10
فریاد زدن	فرید	8
فریاد زدن	بفرید	3
فریاد زدن	نمی‌فرید	15
فریاد زدن	فریده	30
فریاد زدن	می‌فریدند	25
فریاد زدن	می‌فرید	4
جا گذاشتن	بجاگذت	3
جا گذاشتن	ناجته‌ام	4
جا گذاشتن	جاشتگان	0
جا گذاشتن	می‌اگذت	10
جا گذاشتن	بجاگذت	17
جا گذاشتن	جاضاگذته‌ای	19
جا گذاشتن	می‌اگذت	26
جا گذاشتن	جاضاگذتی	13
جا گذاشتن	براگذت	7
جا گذاشتن	جاضاگذته‌اید	16
جا گذاشتن	جاضتید	14
جا گذاشتن	ناجت	24
جا گذاشتن	جاعتم	22
جا گذاشتن	نمی‌اعت	15
جا گذاشتن	جاضاگذته‌ام	18
جا گذاشتن	می‌ازتگاند	2
جا گذاشتن	بجاگذت	11
جا گذاشتن	ناجستم	1
جا گذاشتن	جاعته‌ایم	9
جا گذاشتن	جاگِ	6
جا گذاشتن	ناجته‌اید	5
جا گذاشتن	جاض	28
جا گذاشتن	جاض	20
جا گذاشتن	ناجتند	12
جا گذاشتن	جاعت	29
جا گذاشتن	می‌اگذتند	25
جا گذاشتن	جاعته	30
جا گذاشتن	جاگذتیم	23
جا گذاشتن	جاعتج	8
جا گذاشتن	بجاگت	21
جا گذاشتن	جاض	27
استراحت کردن	می‌استراحت	2
استراحت کردن	استراحت	0
استراحت کردن	ناستراحت	24
استراحت کردن	می‌استند	25
استراحت کردن	استراحتن	27
استراحت کردن	ناستراحت	5
استراحت کردن	ناستراحت	4
استراحت کردن	استراحته‌ام	18
استراحت کردن	استراحت	16
استراحت کردن	استراحت	8
استراحت کردن	نمی‌است	15
استراحت کردن	باستراحت	17
استراحت کردن	استراحت	14
استراحت کردن	استراحته‌ایم	9
استراحت کردن	ناستراحتند	12
استراحت کردن	باستراحت	3
استراحت کردن	ناستراحتم	1
استراحت کردن	باستراحت	21
استراحت کردن	استراحت	19
استراحت کردن	استراحتند	28
استراحت کردن	استراحته	30
استراحت کردن	می‌استراحت	10
استراحت کردن	استراحت	20
استراحت کردن	استراحتی	13
استراحت کردن	استراحتۀ	6
استراحت کردن	می‌است	26
استراحت کردن	استراحتم	22
استراحت کردن	استراحت	29
استراحت کردن	باستراحت	11
استراحت کردن	استراحتیم	23
استراحت کردن	براست	7
تنیدن	تنیده‌اند	20
تنیدن	تنیدند	28
تنیدن	تنیدم	22
تنیدن	تنیده‌ای	19
تنیدن	تنیده‌ایم	9
تنیدن	نمی‌تنید	15
تنیدن	تنیده	30
تنیدن	بتنیم	11
تنیدن	تنیدگان	0
تنیدن	تنیدیم	23
تنیدن	بتنی	17
تنیدن	تنی	6
تنیدن	تنیده‌ام	18
تنیدن	نتنیده‌اید	5
تنیدن	نتنیدم	1
تنیدن	تنیدید	14
تنیدن	تنید	29
تنیدن	نتنیده‌ام	4
تنیدن	تنیده	8
تنیدن	نتنیدند	12
تنیدن	می‌تنید	26
تنیدن	می‌تنیدند	25
تنیدن	می‌تنید	2
تنیدن	نتنید	24
تنیدن	تنیدن	27
تنیدن	تنیده‌اید	16
تنیدن	می‌تنیم	10
تنیدن	بتنید	3
تنیدن	بتنید	21
تنیدن	برتنید	7
تنیدن	تنیدی	13
