descobrir	descobriva	21
descobrir	descobridos	27
descobrir	descobrirá	24
descobrir	descobrei	4
descobrir	descobrir-te	3
descobrir	descobrisse	18
descobrir	descobri	26
descobrir	descobrida	2
descobrir	descobri	32
descobrir	descobrir	33
descobrir	descobrim	28
descobrir	descobris	19
descobrir	descobri	12
descobrir	descobrindo	9
descobrir	descobrirei	1
descobrir	descobrir	6
descobrir	descobrir-se	17
descobrir	descobriste	25
descobrir	descobriram	31
descobrir	descobres	16
descobrir	descobrirão	22
descobrir	descobris	15
descobrir	descobrido	30
descobrir	descobrir-me	5
descobrir	descobridas	8
descobrir	descobre	7
descobrir	descobrires	23
descobrir	descobrirem	29
descobrir	descobrir-lo	10
descobrir	descobrem	14
descobrir	descobriremos	11
descobrir	descobrirás	13
descobrir	descobriu	20
descobrir	descobriram-no	0
acomodar	acomodaremos	11
acomodar	acomodares	23
acomodar	acomoda	12
acomodar	acomodarão	22
acomodar	acomodo	26
acomodar	acomodar-me	5
acomodar	acomodas	19
acomodar	acomodes	16
acomodar	acomodar	33
acomodar	acomodarei	1
acomodar	acomodos	15
acomodar	acomodou	20
acomodar	acomodar-se	17
acomodar	acomodações	8
acomodar	acomodem	14
acomodar	acomodava	21
acomodar	acomodaste	25
acomodar	acomodavam	0
acomodar	acomodados	27
acomodar	acomodá-lo	10
acomodar	acomodando	9
acomodar	acomoda	32
acomodar	acomodaram	31
acomodar	acomodação	3
acomodar	acomodarem	29
acomodar	acomode	7
acomodar	acomodei	4
acomodar	acomodarás	13
acomodar	acomodam	28
acomodar	acomodará	24
acomodar	acomodada	2
acomodar	acomodasse	18
acomodar	acomodá-los	6
acomodar	acomodado	30
orientar	orientou	20
orientar	orientavam	0
orientar	orientação	3
orientar	orientar-se	17
orientar	orientava	21
orientar	orientem	14
orientar	orientações	8
orientar	orientá-lo	10
orientar	orientos	15
orientar	orienta	12
orientar	orientaram	31
orientar	orientarão	22
orientar	orienta	32
orientar	oriente	7
orientar	orientes	16
orientar	orientará	24
orientar	orientados	27
orientar	orientasse	18
orientar	orientei	4
orientar	orientar-me	5
orientar	orientarás	13
orientar	orientá-los	6
orientar	orientado	30
orientar	orientar	33
orientar	orientarem	29
orientar	orientaremos	11
orientar	orientada	2
orientar	orientaste	25
orientar	orientando	9
orientar	orientares	23
orientar	oriento	26
orientar	orientarei	1
orientar	orientas	19
orientar	orientam	28
agourentar	agourentar-te	3
agourentar	agourentando	9
agourentar	agourentem	14
agourentar	agourente	7
agourentar	agourentava	21
agourentar	agourento	26
agourentar	agourenta	32
agourentar	agourentar-me	5
agourentar	agourentará	24
agourentar	agourentaremos	11
agourentar	agourentam	28
agourentar	agourentada	2
agourentar	agourentes	16
agourentar	agourentavam	0
agourentar	agourentarão	22
agourentar	agourentarem	29
agourentar	agourentados	27
agourentar	agourentaste	25
agourentar	agourentares	23
agourentar	agourentasse	18
agourentar	agourentarás	13
agourentar	agourentar	33
agourentar	agourentá-lo	10
agourentar	agourentaram	31
agourentar	agourentado	30
agourentar	agourentou	20
agourentar	agourentas	19
agourentar	agourenta	12
agourentar	agourentadas	8
agourentar	agourentos	15
agourentar	agourentar-se	17
agourentar	agourentei	4
agourentar	agourentá-los	6
agourentar	agourentarei	1
encobrir	encobre	7
encobrir	encobrei	4
encobrir	encobres	16
encobrir	encobrirão	22
encobrir	encobrir-te	3
encobrir	encobriram-no	0
encobrir	encobrir	6
encobrir	encobrirei	1
encobrir	encobri	32
encobrir	encobrida	2
encobrir	encobri	26
encobrir	encobrir	33
encobrir	encobrisse	18
encobrir	encobrir-me	5
encobrir	encobridas	8
encobrir	encobrindo	9
encobrir	encobrem	14
encobrir	encobris	15
encobrir	encobrir-lo	10
encobrir	encobriremos	11
encobrir	encobrirem	29
encobrir	encobridos	27
encobrir	encobri	12
encobrir	encobrirá	24
encobrir	encobriram	31
encobrir	encobriste	25
encobrir	encobrido	30
encobrir	encobrirás	13
encobrir	encobrir-se	17
encobrir	encobriva	21
encobrir	encobrim	28
encobrir	encobrires	23
encobrir	encobris	19
encobrir	encobriu	20
deyxar	deras	19
deyxar	deraram	31
deyxar	derxes	16
deyxar	derarás	13
deyxar	derxa	32
deyxar	deraxadas	8
deyxar	derar-te	3
deyxar	derxam	28
deyxar	derxa	12
deyxar	deranando	9
deyxar	derxou	20
deyxar	derxei	4
deyxar	derasse	18
deyxar	derares	23
deyxar	derado	30
deyxar	derxá-lo	10
deyxar	derarão	22
deyxar	derxo	26
deyxar	derxos	15
deyxar	derar	33
deyxar	derarei	1
deyxar	derará	24
deyxar	deravavam	0
deyxar	deraste	25
deyxar	derada	2
deyxar	deraremos	11
deyxar	derar-se	17
deyxar	derxe	7
deyxar	derxem	14
deyxar	derados	27
deyxar	derarem	29
deyxar	deradar-me	5
deyxar	derxá-los	6
deyxar	deravava	21
meter	meter-lo	10
meter	metes	15
meter	meterá	24
meter	meteram-se	9
meter	metei	4
meter	mete	12
meter	meter	6
meter	meterás	13
meter	meteram	31
meter	metedas	8
meter	metesse	18
meter	metedo	30
meter	mete	32
meter	meteste	25
meter	meteres	23
meter	meteva	21
meter	mete	26
meter	metermos	2
meter	metes	19
meter	meterão	22
meter	metedos	27
meter	meter-te	3
meter	meteram-no	0
meter	meter	33
meter	meter-me	5
meter	meterei	1
meter	mete	7
meter	meter-se	17
meter	meterem	29
meter	metem	14
meter	metem	28
meter	meteremos	11
meter	metes	16
meter	meteu	20
perfilhar	perfilhação	3
perfilhar	perfilhá-lo	10
perfilhar	perfilhavam	0
perfilhar	perfilhava	21
perfilhar	perfilharemos	11
perfilhar	perfilha	32
perfilhar	perfilhando	9
perfilhar	perfilhares	23
perfilhar	perfilhará	24
perfilhar	perfilhar-se	17
perfilhar	perfilharei	1
perfilhar	perfilhaste	25
perfilhar	perfilhou	20
perfilhar	perfilharão	22
perfilhar	perfilham	28
perfilhar	perfilhos	15
perfilhar	perfilhar	33
perfilhar	perfilharem	29
perfilhar	perfilho	26
perfilhar	perfilha	12
perfilhar	perfilhem	14
perfilhar	perfilhe	7
perfilhar	perfilhado	30
perfilhar	perfilhes	16
perfilhar	perfilharam	31
perfilhar	perfilharás	13
perfilhar	perfilhar-me	5
perfilhar	perfilhados	27
perfilhar	perfilhei	4
perfilhar	perfilhasse	18
perfilhar	perfilhas	19
perfilhar	perfilhada	2
perfilhar	perfilhá-los	6
perfilhar	perfilhadas	8
recear	recearás	13
recear	reces	16
recear	receares	23
recear	receará	24
recear	receam	28
recear	receo	26
recear	receava	21
recear	recearei	1
recear	receou	20
recear	recearam	31
recear	recear-se	17
recear	recearão	22
recear	receá-lo	10
recear	cearam	0
recear	receaste	25
recear	receando	9
recear	receadas	8
recear	receados	27
recear	recearem	29
recear	receem	14
recear	cear	6
recear	receasse	18
recear	recee	7
recear	recea	32
recear	receada	2
recear	receação	3
recear	ceam	4
recear	receado	30
recear	recear	33
recear	cea	12
recear	receas	19
recear	receos	15
recear	ceará	11
recear	ceado	5
largar	largando	9
largar	larga	32
largar	largarei	1
largar	largarás	13
largar	largaram	31
largar	largada	2
largar	largá-lo	10
largar	largar-se	17
largar	largarem	29
largar	largos	15
largar	largará	24
largar	largá-los	6
largar	largavam	0
largar	largadas	8
largar	largaremos	11
largar	largasse	18
largar	largar-te	3
largar	largas	19
largar	largem	14
largar	largados	27
largar	larga	12
largar	largar-me	5
largar	largado	30
largar	largarão	22
largar	largares	23
largar	largaste	25
largar	largei	4
largar	largar	33
largar	largo	26
largar	large	7
largar	larges	16
largar	largam	28
largar	largou	20
largar	largava	21
amedrontar	amedrontem	14
amedrontar	amedrontava	21
amedrontar	amedrontos	15
amedrontar	amedrontasse	18
amedrontar	amedrontada	2
amedrontar	amedrontaram	31
amedrontar	amedrontar-te	3
amedrontar	amedrontá-lo	10
amedrontar	amedrontará	24
amedrontar	amedrontei	4
amedrontar	amedrontar-me	5
amedrontar	amedrontado	30
amedrontar	amedrontados	27
amedrontar	amedrontando	9
amedrontar	amedrontou	20
amedrontar	amedrontarei	1
amedrontar	amedrontadas	8
amedrontar	amedrontam	28
amedrontar	amedrontas	19
amedrontar	amedrontá-los	6
amedrontar	amedrontarão	22
amedrontar	amedrontar-se	17
amedrontar	amedrontar	33
amedrontar	amedrontavam	0
amedrontar	amedrontaste	25
amedrontar	amedronto	26
amedrontar	amedronta	12
amedrontar	amedrontarem	29
amedrontar	amedronte	7
amedrontar	amedrontares	23
amedrontar	amedrontarás	13
amedrontar	amedrontes	16
amedrontar	amedronta	32
amedrontar	amedrontaremos	11
espasmar	espasmaste	25
espasmar	espasmaremos	11
espasmar	espasmei	4
espasmar	espasmando	9
espasmar	espasmou	20
espasmar	espasmar	33
espasmar	espasmos	15
espasmar	espasmará	24
espasmar	espasmarás	13
espasmar	espasmarem	29
espasmar	espasmam	28
espasmar	espasmas	19
espasmar	espasmado	30
espasmar	espasmaram	31
espasmar	espasmá-lo	10
espasmar	espasmavam	0
espasmar	espasmarão	22
espasmar	espasme	7
espasmar	espasmares	23
espasmar	espasma	32
espasmar	espasmação	3
espasmar	espasmada	2
espasmar	espasmava	21
espasmar	espasmo	26
espasmar	espasmadas	8
espasmar	espasmem	14
espasmar	espasmasse	18
espasmar	espasmes	16
espasmar	espasmados	27
espasmar	espasmarei	1
espasmar	espasmá-los	6
espasmar	espasmar-me	5
espasmar	espasma	12
espasmar	espasmar-se	17
dividir	dividir	6
dividir	dividi	12
dividir	dividir-se	17
dividir	dividindo	9
dividir	dividiremos	11
dividir	dividirem	29
dividir	dividis	19
dividir	dividem	14
dividir	dividir-te	3
dividir	divide	7
dividir	dividi	26
dividir	dividirão	22
dividir	dividiste	25
dividir	dividirás	13
dividir	dividir-me	5
dividir	dividi	32
dividir	dividiva	21
dividir	dividei	4
dividir	dividir-lo	10
dividir	dividido	30
dividir	dividis	15
dividir	dividiram	31
dividir	dividirá	24
dividir	dividida	2
dividir	divididos	27
dividir	divides	16
dividir	dividir	33
dividir	dividires	23
dividir	dividiram-no	0
dividir	dividim	28
dividir	dividirei	1
dividir	dividisse	18
dividir	dividiu	20
dividir	divididas	8
somar	somo	26
somar	somada	2
somar	somar-me	5
somar	somá-los	6
somar	somar-se	17
somar	somá-lo	10
somar	somem	14
somar	some	7
somar	somaremos	11
somar	somará	24
somar	somarás	13
somar	somou	20
somar	somar	33
somar	somadas	8
somar	somando	9
somar	somasse	18
somar	somas	19
somar	somos	15
somar	somava	21
somar	somados	27
somar	somaram	31
somar	somado	30
somar	somam	28
somar	somarei	1
somar	somarão	22
somar	somes	16
somar	somação	3
somar	somaste	25
somar	somares	23
somar	somavam	0
somar	soma	12
somar	somei	4
somar	somarem	29
somar	soma	32
colher	colhe	7
colher	colherei	1
colher	colhedos	27
colher	colhesse	18
colher	colher-lo	10
colher	colhe	32
colher	colher	6
colher	colherá	24
colher	colhendo	9
colher	colheste	25
colher	colherão	22
colher	colhe	26
colher	colher-te	3
colher	colher-me	5
colher	colherás	13
colher	colheda	2
colher	colhes	19
colher	colher	33
colher	colheram	31
colher	colheva	21
colher	colhe	12
colher	colheremos	11
colher	colhem	14
colher	colheram-no	0
colher	colhem	28
colher	colhedo	30
colher	colhedas	8
colher	colheres	23
colher	colhei	4
colher	colherem	29
colher	colher-se	17
colher	colhes	16
colher	colheu	20
colher	colhes	15
desmarcar	desmarcar	33
desmarcar	desmarcada	2
desmarcar	desmarcou-se	1
desmarcar	desmarcam	28
desmarcar	desmarco	26
desmarcar	desmarcação	3
desmarcar	desmarcaremos	11
desmarcar	desmarca	12
desmarcar	desmarcarem	29
desmarcar	desmarcava	21
desmarcar	desmarcarás	13
desmarcar	desmarcar-me	5
desmarcar	desmarca	32
desmarcar	desmarcá-lo	10
desmarcar	desmarcá-los	6
desmarcar	desmarcarão	22
desmarcar	desmarcadas	8
desmarcar	desmarcaste	25
desmarcar	desmarcado	30
desmarcar	desmarcará	24
desmarcar	desmarcasse	18
desmarcar	desmarcados	27
desmarcar	desmarcas	19
desmarcar	desmarcei	4
desmarcar	desmarcou	20
desmarcar	desmarcar-se	17
desmarcar	desmarcando	9
desmarcar	desmarcares	23
desmarcar	desmarcaram	31
desmarcar	desmarcem	14
desmarcar	desmarcos	15
desmarcar	desmarces	16
desmarcar	desmarce	7
desmarcar	desmarcavam	0
testemunhar	testemunhado	30
testemunhar	testemunhados	27
testemunhar	testemunhar-se	17
testemunhar	testemunhas	19
testemunhar	testemunhavam	0
testemunhar	testemunhando	9
testemunhar	testemunhá-los	6
testemunhar	testemunhe	7
testemunhar	testemunhem	14
testemunhar	testemunharemos	11
testemunhar	testemunha	12
testemunhar	testemunhares	23
testemunhar	testemunhação	3
testemunhar	testemunhasse	18
testemunhar	testemunharão	22
testemunhar	testemunhou	20
testemunhar	testemunham	28
testemunhar	testemunho	26
testemunhar	testemunhos	15
testemunhar	testemunhar	33
testemunhar	testemunha	32
testemunhar	testemunhada	2
testemunhar	testemunharam	31
testemunhar	testemunhá-lo	10
testemunhar	testemunhei	4
testemunhar	testemunhaste	25
testemunhar	testemunharás	13
testemunhar	testemunhes	16
testemunhar	testemunhará	24
testemunhar	testemunharei	1
testemunhar	testemunhava	21
testemunhar	testemunhadas	8
testemunhar	testemunharem	29
testemunhar	testemunhar-me	5
acostar	acostaremos	11
acostar	acostará	24
acostar	acostá-lo	10
acostar	acostei	4
acostar	acostá-los	6
acostar	acostos	15
acostar	acostar-me	5
acostar	acostados	27
acostar	acostes	16
acostar	acoste	7
acostar	acosto	26
acostar	acostou	20
acostar	acostem	14
acostar	acostares	23
acostar	acostarem	29
acostar	acostar-se	17
acostar	acostasse	18
acostar	acostarão	22
acostar	acostaram	31
acostar	acostava	21
acostar	acostar-te	3
acostar	acostavam	0
acostar	acostam	28
acostar	acostarei	1
acostar	acostaste	25
acostar	acostado	30
acostar	acosta	32
acostar	acostada	2
acostar	acostadas	8
acostar	acostar	33
acostar	acosta	12
acostar	acostarás	13
acostar	acostando	9
acostar	acostas	19
domesticar	domesticá-los	6
domesticar	domesticando	9
domesticar	domesticou-se	1
domesticar	domesticaram	31
domesticar	domestica	32
domesticar	domesticada	2
domesticar	domesticos	15
domesticar	domesticaste	25
domesticar	domesticarem	29
domesticar	domestico	26
domesticar	domesticados	27
domesticar	domesticar	33
domesticar	domesticava	21
domesticar	domesticares	23
domesticar	domestices	16
domesticar	domesticei	4
domesticar	domesticaremos	11
domesticar	domesticavam	0
domesticar	domesticado	30
domesticar	domesticadas	8
domesticar	domesticem	14
domesticar	domesticou	20
domesticar	domesticará	24
domesticar	domesticas	19
domesticar	domestica	12
domesticar	domesticar-se	17
domesticar	domesticá-lo	10
domesticar	domesticar-me	5
domesticar	domesticação	3
domesticar	domesticarás	13
domesticar	domesticarão	22
domesticar	domestice	7
domesticar	domesticasse	18
domesticar	domesticam	28
afiliar	afiliaste	25
afiliar	afiliá-los	6
afiliar	afiliada	2
afiliar	afiliadas	8
afiliar	afilie	7
afiliar	afiliaremos	11
afiliar	afiliava	21
afiliar	afiliei	4
afiliar	afiliaram	31
afiliar	afiliarei	1
afiliar	afiliem	14
afiliar	afiliará	24
afiliar	afiliou	20
afiliar	afilio	26
afiliar	afilios	15
afiliar	afiliação	3
afiliar	afiliarás	13
afiliar	afiliar-se	17
afiliar	afilies	16
afiliar	afiliando	9
afiliar	afiliar	33
afiliar	afilias	19
afiliar	afiliarem	29
afiliar	afilia	32
afiliar	afiliados	27
afiliar	afiliasse	18
afiliar	afiliares	23
afiliar	afiliarão	22
afiliar	afiliam	28
afiliar	afiliá-lo	10
afiliar	afiliar-me	5
afiliar	afiliavam	0
afiliar	afilia	12
afiliar	afiliado	30
inclinar	inclinos	15
inclinar	inclinou-se	1
inclinar	inclinações	8
inclinar	inclinação	3
inclinar	incline	7
inclinar	inclinarem	29
inclinar	inclino	26
inclinar	incliná-los	6
inclinar	inclinares	23
inclinar	inclinem	14
inclinar	inclinado	30
inclinar	incliná-lo	10
inclinar	inclinada	2
inclinar	inclina	32
inclinar	inclinaremos	11
inclinar	inclinará	24
inclinar	inclinasse	18
inclinar	inclina	12
inclinar	inclinavam	0
inclinar	inclinarás	13
inclinar	inclinarão	22
inclinar	inclinei	4
inclinar	inclinaste	25
inclinar	inclinava	21
inclinar	inclinou	20
inclinar	inclinar	33
inclinar	inclines	16
inclinar	inclinam	28
inclinar	inclinaram-se	9
inclinar	inclinar-se	17
inclinar	inclinas	19
inclinar	inclinaram	31
inclinar	inclinar-me	5
inclinar	inclinados	27
anuir	anuirem	29
anuir	anuem	14
anuir	anuiram-no	0
anuir	anuir-se	17
anuir	anuis	19
anuir	anuir-te	3
anuir	anuidas	8
anuir	anuires	23
anuir	anuirei	1
anuir	anues	16
anuir	anuindo	9
anuir	anuido	30
anuir	anuisse	18
anuir	anuir-me	5
anuir	anuirá	24
anuir	anuiram	31
anuir	anuei	4
anuir	anui	26
anuir	anuir	6
anuir	anuiremos	11
anuir	anuis	15
anuir	anui	32
anuir	anue	7
anuir	anuiu	20
anuir	anuida	2
anuir	anuirás	13
anuir	anuiste	25
anuir	anui	12
anuir	anuirão	22
anuir	anuir	10
anuir	anuiva	21
anuir	anuim	28
anuir	anuir	33
anuir	anuidos	27
exigir	exigirá	24
exigir	exigiva	21
exigir	exigido	30
exigir	exigida	2
exigir	exigiram	31
exigir	exigidas	8
exigir	exigi	12
exigir	exigei	4
exigir	exigir-se	17
exigir	exigidos	27
exigir	exigem	14
exigir	exigisse	18
exigir	exigirei	1
exigir	exigis	19
exigir	exigir	6
exigir	exigiste	25
exigir	exigirás	13
exigir	exigiu	20
exigir	exigi	26
exigir	exige	7
exigir	exigi	32
exigir	exigir	33
exigir	exigirem	29
exigir	exigires	23
exigir	exigiram-no	0
exigir	exigir-me	5
exigir	exiges	16
exigir	exigim	28
exigir	exigindo	9
exigir	exigis	15
exigir	exigir-te	3
exigir	exigir-lo	10
exigir	exigirão	22
exigir	exigiremos	11
legitimar	legitimem	14
legitimar	legitimas	19
legitimar	legitimei	4
legitimar	legitimaste	25
legitimar	legitima	32
legitimar	legitimavam	0
legitimar	legitimação	3
legitimar	legitimarei	1
legitimar	legitimar	33
legitimar	legitimando	9
legitimar	legitimasse	18
legitimar	legitimes	16
legitimar	legitimava	21
legitimar	legitimaram	31
legitimar	legitimá-lo	10
legitimar	legitimam	28
legitimar	legitimado	30
legitimar	legitimadas	8
legitimar	legitimou	20
legitimar	legitimarão	22
legitimar	legitimo	26
legitimar	legitimarás	13
legitimar	legitimos	15
legitimar	legitime	7
legitimar	legitimar-se	17
legitimar	legitimada	2
legitimar	legitimaremos	11
legitimar	legitimá-los	6
legitimar	legitimares	23
legitimar	legitimará	24
legitimar	legitimarem	29
legitimar	legitima	12
legitimar	legitimar-me	5
legitimar	legitimados	27
espreitar	espreitadas	8
espreitar	espreites	16
espreitar	espreitada	2
espreitar	espreitarei	1
espreitar	espreitaste	25
espreitar	espreitaremos	11
espreitar	espreitá-los	6
espreitar	espreitado	30
espreitar	espreita	32
espreitar	espreitem	14
espreitar	espreitas	19
espreitar	espreitei	4
espreitar	espreitar-se	17
espreitar	espreitará	24
espreitar	espreitou	20
espreitar	espreitando	9
espreitar	espreitados	27
espreitar	espreitar	33
espreitar	espreitam	28
espreitar	espreitasse	18
espreitar	espreite	7
espreitar	espreitares	23
espreitar	espreita	12
espreitar	espreito	26
espreitar	espreitarão	22
espreitar	espreitar-me	5
espreitar	espreitavam	0
espreitar	espreitá-lo	10
espreitar	espreitava	21
espreitar	espreitar-te	3
espreitar	espreitarás	13
espreitar	espreitarem	29
espreitar	espreitos	15
espreitar	espreitaram	31
desmobilizar	desmobilizasse	18
desmobilizar	desmobilizarem	29
desmobilizar	desmobilizou	20
desmobilizar	desmobilizando	9
desmobilizar	desmobilizada	2
desmobilizar	desmobilizei	4
desmobilizar	desmobilizá-los	6
desmobilizar	desmobilizaremos	11
desmobilizar	desmobilizam	28
desmobilizar	desmobilizaram	31
desmobilizar	desmobiliza	32
desmobilizar	desmobilizá-lo	10
desmobilizar	desmobilizava	21
desmobilizar	desmobilizados	27
desmobilizar	desmobilizarás	13
desmobilizar	desmobilizado	30
desmobilizar	desmobilizar	33
desmobilizar	desmobilização	3
desmobilizar	desmobilizarei	1
desmobilizar	desmobiliza	12
desmobilizar	desmobilizarão	22
desmobilizar	desmobilizos	15
desmobilizar	desmobilize	7
desmobilizar	desmobilizes	16
desmobilizar	desmobilizas	19
desmobilizar	desmobilizadas	8
desmobilizar	desmobilizar-se	17
desmobilizar	desmobilizavam	0
desmobilizar	desmobilizar-me	5
desmobilizar	desmobilizares	23
desmobilizar	desmobilizem	14
desmobilizar	desmobilizo	26
desmobilizar	desmobilizará	24
desmobilizar	desmobilizaste	25
obedecer	obedece	32
obedecer	obedecerei	1
obedecer	obedecer	33
obedecer	obedeces	15
obedecer	obedeceremos	11
obedecer	obedeceram	31
obedecer	obedece	7
obedecer	obedeces	16
obedecer	obedecerá	24
obedecer	obedecedas	8
obedecer	obedeceres	23
obedecer	obedecedo	30
obedecer	obedecedos	27
obedecer	obedecendo	9
obedecer	obedeceram-no	0
obedecer	obedecesse	18
obedecer	obedecermos	2
obedecer	obedece	12
obedecer	obedeces	19
obedecer	obedecerem	29
obedecer	obedecer-me	5
obedecer	obedecer	6
obedecer	obedeceste	25
obedecer	obedecem	28
obedecer	obedecerás	13
obedecer	obedecem	14
obedecer	obedecerão	22
obedecer	obedecer-lo	10
obedecer	obedecei	4
obedecer	obedecer-se	17
obedecer	obedecer-te	3
obedecer	obedeceu	20
obedecer	obedece	26
obedecer	obedeceva	21
apegar	apegava	21
apegar	apega	32
apegar	apegaste	25
apegar	apegou	20
apegar	apegavam	0
apegar	apegar-se	17
apegar	apegou-se	1
apegar	apegarás	13
apegar	apego	26
apegar	apegar	33
apegar	apeges	16
apegar	apegando	9
apegar	apegada	2
apegar	apegá-lo	10
apegar	apegam	28
apegar	apegar-me	5
apegar	apegá-los	6
apegar	apega	12
apegar	apegação	3
apegar	apegados	27
apegar	apegem	14
apegar	apegares	23
apegar	apegas	19
apegar	apegasse	18
apegar	apege	7
apegar	apegado	30
apegar	apegos	15
apegar	apegarão	22
apegar	apegará	24
apegar	apegadas	8
apegar	apegei	4
apegar	apegaremos	11
apegar	apegarem	29
apegar	apegaram	31
incomodar	incomodá-lo	10
incomodar	incomodada	2
incomodar	incomodaremos	11
incomodar	incomodei	4
incomodar	incomodações	8
incomodar	incomode	7
incomodar	incomodava	21
incomodar	incomoda	12
incomodar	incomodados	27
incomodar	incomodação	3
incomodar	incomodarão	22
incomodar	incomodarei	1
incomodar	incomodando	9
incomodar	incomodarás	13
incomodar	incomoda	32
incomodar	incomodar-me	5
incomodar	incomodaram	31
incomodar	incomodo	26
incomodar	incomodam	28
incomodar	incomodou	20
incomodar	incomodas	19
incomodar	incomodar-se	17
incomodar	incomodem	14
incomodar	incomodes	16
incomodar	incomodarem	29
incomodar	incomodos	15
incomodar	incomodado	30
incomodar	incomodasse	18
incomodar	incomodará	24
incomodar	incomodavam	0
incomodar	incomodares	23
incomodar	incomodaste	25
incomodar	incomodá-los	6
incomodar	incomodar	33
carimbar	carimbarás	13
carimbar	carimbas	19
carimbar	carimbam	28
carimbar	carimba	32
carimbar	carimbavam	0
carimbar	carimbação	3
carimbar	carimbasse	18
carimbar	carimbar	33
carimbar	carimbá-lo	10
carimbar	carimbarão	22
carimbar	carimbo	26
carimbar	carimbar-se	17
carimbar	carimbarem	29
carimbar	carimbaram	31
carimbar	carimbando	9
carimbar	carimbadas	8
carimbar	carimbarei	1
carimbar	carimbou	20
carimbar	carimbaste	25
carimbar	carimbar-me	5
carimbar	carimbado	30
carimbar	carimbá-los	6
carimbar	carimba	12
carimbar	carimbados	27
carimbar	carimbe	7
carimbar	carimbava	21
carimbar	carimbos	15
carimbar	carimbada	2
carimbar	carimbares	23
carimbar	carimbem	14
carimbar	carimbará	24
carimbar	carimbaremos	11
carimbar	carimbes	16
carimbar	carimbei	4
disparar	disparar-me	5
disparar	disparavam	0
disparar	disparar-se	17
disparar	dispará-lo	10
disparar	dispararei	1
disparar	disparaste	25
disparar	dispara	12
disparar	dispararem	29
disparar	dispares	16
disparar	disparará	24
disparar	dispararão	22
disparar	disparares	23
disparar	dispararemos	11
disparar	disparada	2
disparar	disparam	28
disparar	dispara	32
disparar	disparem	14
disparar	disparas	19
disparar	disparar	33
disparar	dispararam-se	9
disparar	disparadas	8
disparar	dispará-los	6
disparar	disparava	21
disparar	disparasse	18
disparar	disparado	30
disparar	disparar-te	3
disparar	disparo	26
disparar	disparei	4
disparar	dispararam	31
disparar	dispararás	13
disparar	disparos	15
disparar	disparou	20
disparar	dispare	7
disparar	disparados	27
recortar	recortarão	22
recortar	recortarem	29
recortar	recortava	21
recortar	recortando	9
recortar	recortações	8
recortar	recortem	14
recortar	recortados	27
recortar	recortos	15
recortar	recortaste	25
recortar	recortar-te	3
recortar	recortou-se	1
recortar	cortará	11
recortar	cortaram	0
recortar	recorte	7
recortar	recortar-se	17
recortar	recorto	26
recortar	cortam	4
recortar	recortas	19
recortar	recortar	33
recortar	recortasse	18
recortar	recortá-lo	10
recortar	recortam	28
recortar	recortou	20
recortar	recortes	16
recortar	recortará	24
recortar	recorta	32
recortar	recortaram	31
recortar	cortado	5
recortar	cortar	6
recortar	corta	12
recortar	recortares	23
recortar	recortado	30
recortar	recortada	2
recortar	recortarás	13
perturbar	perturbando	9
perturbar	perturbarão	22
perturbar	perturbá-los	6
perturbar	perturbares	23
perturbar	perturbaremos	11
perturbar	perturbavam	0
perturbar	perturbos	15
perturbar	perturbar-se	17
perturbar	perturbo	26
perturbar	perturbar	33
perturbar	perturbação	3
perturbar	perturbarem	29
perturbar	perturbarás	13
perturbar	perturbe	7
perturbar	perturbes	16
perturbar	perturbá-lo	10
perturbar	perturbada	2
perturbar	perturbarei	1
perturbar	perturbei	4
perturbar	perturbas	19
perturbar	perturbado	30
perturbar	perturbados	27
perturbar	perturbaste	25
perturbar	perturbará	24
perturbar	perturbem	14
perturbar	perturbaram	31
perturbar	perturbava	21
perturbar	perturbações	8
perturbar	perturbar-me	5
perturbar	perturbam	28
perturbar	perturba	12
perturbar	perturbou	20
perturbar	perturba	32
perturbar	perturbasse	18
esbrasear	esbraseá-lo	10
esbrasear	esbrasear-me	5
esbrasear	esbrasearemos	11
esbrasear	esbrasearei	1
esbrasear	esbrasear	33
esbrasear	esbraseas	19
esbrasear	esbraseam	28
esbrasear	esbrases	16
esbrasear	esbraseados	27
esbrasear	esbrasearão	22
esbrasear	esbraseasse	18
esbrasear	esbrase	12
esbrasear	esbrasem	14
esbrasear	esbraseará	24
esbrasear	esbrasear-te	3
esbrasear	esbrasearem	29
esbrasear	esbrasear-se	17
esbrasear	esbraseava	21
esbrasear	esbraseou	20
esbrasear	esbraseada	2
esbrasear	esbraseaste	25
esbrasear	esbrasei	4
esbrasear	esbraseado	30
esbrasear	esbraseá-los	6
esbrasear	esbraseo	26
esbrasear	esbrase	7
esbrasear	esbraseos	15
esbrasear	esbraseando	9
esbrasear	esbraseadas	8
esbrasear	esbrasearam	31
esbrasear	esbrasea	32
esbrasear	esbrasearás	13
esbrasear	esbraseavam	0
esbrasear	esbraseares	23
refugiar	refugiar	33
refugiar	refugia	32
refugiar	refugiou	20
refugiar	refugiaram-se	9
refugiar	refugiará	24
refugiar	refugiadas	8
refugiar	refugiaram	31
refugiar	fugiam	4
refugiar	fugiará	11
refugiar	refugiou-se	1
refugiar	refugiaste	25
refugiar	refugiam	28
refugiar	refugie	7
refugiar	refugiarão	22
refugiar	refugias	19
refugiar	refugiava	21
refugiar	refugiá-lo	10
refugiar	fugiar	6
refugiar	refugios	15
refugiar	refugies	16
refugiar	refugiarás	13
refugiar	refugio	26
refugiar	refugiada	2
refugiar	refugiares	23
refugiar	fugia	12
refugiar	refugiar-se	17
refugiar	refugiar-me	5
refugiar	fugiaram	0
refugiar	refugiarem	29
refugiar	refugiem	14
refugiar	refugiasse	18
refugiar	refugiar-te	3
refugiar	refugiado	30
refugiar	refugiados	27
repassar	repasse	7
repassar	repassada	2
repassar	repassar-se	17
repassar	repassaram	31
repassar	repassos	15
repassar	repassares	23
repassar	passar	6
repassar	passaram	0
repassar	repassadas	8
repassar	repassa	32
repassar	passam	4
repassar	repassam	28
repassar	repassá-lo	10
repassar	repassando	9
repassar	repassem	14
repassar	passa	12
repassar	repassado	30
repassar	repassarem	29
repassar	repassarão	22
repassar	repassaste	25
repassar	repassarás	13
repassar	repasses	16
repassar	repasso	26
repassar	repassados	27
repassar	repassou-se	1
repassar	repassar	33
repassar	repassou	20
repassar	passado	5
repassar	repassas	19
repassar	repassará	24
repassar	passará	11
repassar	repassasse	18
repassar	repassava	21
repassar	repassar-te	3
enriquecer	enriqueceram	31
enriquecer	enriquecesse	18
enriquecer	enriquece	26
enriquecer	enriquecedos	27
enriquecer	enriquecem	28
enriquecer	enriquecerei	1
enriquecer	enriqueces	19
enriquecer	enriquecerá	24
enriquecer	enriquecer-se	17
enriquecer	enriquecer	10
enriquecer	enriquecer	33
enriquecer	enriquece	7
enriquecer	enriquecer-te	3
enriquecer	enriqueceres	23
enriquecer	enriquece	12
enriquecer	enriquecedo	30
enriquecer	enriquece	32
enriquecer	enriquecermos	2
enriquecer	enriquecer-me	5
enriquecer	enriqueceram-no	0
enriquecer	enriquecer	6
enriquecer	enriquecedas	8
enriquecer	enriqueces	15
enriquecer	enriquecerem	29
enriquecer	enriqueceva	21
enriquecer	enriqueceu	20
enriquecer	enriqueces	16
enriquecer	enriquecei	4
enriquecer	enriqueceremos	11
enriquecer	enriqueceste	25
enriquecer	enriquecerão	22
enriquecer	enriquecendo	9
enriquecer	enriquecerás	13
enriquecer	enriquecem	14
vaziar	vaziarem	29
vaziar	vaziarei	1
vaziar	vaziavam	0
vaziar	vazie	7
vaziar	vaziará	24
vaziar	vaziarás	13
vaziar	vaziares	23
vaziar	vaziada	2
vaziar	vaziaremos	11
vaziar	vazias	19
vaziar	vaziaram	31
vaziar	vaziá-los	6
vaziar	vaziaste	25
vaziar	vaziei	4
vaziar	vaziadas	8
vaziar	vaziar-se	17
vaziar	vaziar-me	5
vaziar	vaziá-lo	10
vaziar	vaziando	9
vaziar	vazio	26
vaziar	vazios	15
vaziar	vazia	12
vaziar	vaziados	27
vaziar	vaziava	21
vaziar	vaziar	33
vaziar	vaziar-te	3
vaziar	vaziou	20
vaziar	vaziarão	22
vaziar	vaziem	14
vaziar	vaziam	28
vaziar	vazies	16
vaziar	vaziado	30
vaziar	vaziasse	18
vaziar	vazia	32
reduzir	reduzido	30
reduzir	reduzisse	18
reduzir	reduzes	16
reduzir	duzido	5
reduzir	reduziram-no	0
reduzir	reduzirão	22
reduzir	reduzirei	1
reduzir	reduziu	20
reduzir	reduze	7
reduzir	reduzidos	27
reduzir	reduzei	4
reduzir	reduzida	2
reduzir	reduzirás	13
reduzir	reduzis	15
reduzir	reduzirá	24
reduzir	reduzi	32
reduzir	reduzir-te	3
reduzir	reduziram	31
reduzir	reduzir	10
reduzir	reduziremos	11
reduzir	reduzindo	9
reduzir	reduzim	28
reduzir	reduziste	25
reduzir	reduzirem	29
reduzir	reduzires	23
reduzir	reduzir	6
reduzir	reduzi	26
reduzir	duzi	12
reduzir	reduzis	19
reduzir	reduzem	14
reduzir	reduziva	21
reduzir	reduzidas	8
reduzir	reduzir	33
reduzir	reduzir-se	17
chibatar	chibatarás	13
chibatar	chibatei	4
chibatar	chibatasse	18
chibatar	chibatando	9
chibatar	chibatá-los	6
chibatar	chibate	7
chibatar	chibatava	21
chibatar	chibatada	2
chibatar	chibatará	24
chibatar	chibatares	23
chibatar	chibataram	31
chibatar	chibatado	30
chibatar	chibatarem	29
chibatar	chibatas	19
chibatar	chibatavam	0
chibatar	chibatam	28
chibatar	chibatadas	8
chibatar	chibatação	3
chibatar	chibatos	15
chibatar	chibata	32
chibatar	chibatar-me	5
chibatar	chibatem	14
chibatar	chibatarão	22
chibatar	chibates	16
chibatar	chibataremos	11
chibatar	chibatá-lo	10
chibatar	chibatar	33
chibatar	chibatou	20
chibatar	chibatados	27
chibatar	chibatar-se	17
chibatar	chibato	26
chibatar	chibatarei	1
chibatar	chibataste	25
chibatar	chibata	12
branquear	branquearei	1
branquear	branqueo	26
branquear	branqueando	9
branquear	branquem	14
branquear	branquea	12
branquear	branqueos	15
branquear	branqueas	19
branquear	branqueará	24
branquear	branquear-se	17
branquear	branquearem	29
branquear	branque	7
branquear	branqueá-lo	10
branquear	branquearam	31
branquear	branquear-te	3
branquear	branqueou	20
branquear	branqueados	27
branquear	branqueá-los	6
branquear	branqueei	4
branquear	branqueam	28
branquear	branquear	33
branquear	branqueasse	18
branquear	branquearão	22
branquear	branqueaste	25
branquear	branquea	32
branquear	branquear-me	5
branquear	branqueavam	0
branquear	branqueado	30
branquear	branqueadas	8
branquear	branquearás	13
branquear	branqueava	21
branquear	branqueada	2
branquear	branques	16
branquear	branquearemos	11
branquear	branqueares	23
constar	constado	30
constar	constada	2
constar	conste	7
constar	consto	26
constar	constaram	31
constar	constares	23
constar	constados	27
constar	constam	28
constar	constasse	18
constar	constem	14
constar	constando	9
constar	constaremos	11
constar	constá-lo	10
constar	constos	15
constar	constavam	0
constar	constarem	29
constar	constarei	1
constar	constá-los	6
constar	constadas	8
constar	constar-me	5
constar	constava	21
constar	constarão	22
constar	constarás	13
constar	consta	32
constar	constei	4
constar	constar	33
constar	constou	20
constar	constas	19
constar	constaste	25
constar	constes	16
constar	constar-se	17
constar	constar-te	3
constar	consta	12
constar	constará	24
assaltar	assaltar	33
assaltar	assaltaremos	11
assaltar	assalta	12
assaltar	assaltei	4
assaltar	assaltarão	22
assaltar	assaltada	2
assaltar	assaltaram-no	0
assaltar	assaltadas	8
assaltar	assaltam	28
assaltar	assalto	26
assaltar	assaltou-se	1
assaltar	assaltá-los	6
assaltar	assaltarás	13
assaltar	assaltasse	18
assaltar	assaltar-se	17
assaltar	assaltas	19
assaltar	assaltar-te	3
assaltar	assaltar-me	5
assaltar	assalta	32
assaltar	assaltava	21
assaltar	assaltares	23
assaltar	assaltaram	31
assaltar	assaltem	14
assaltar	assalte	7
assaltar	assaltes	16
assaltar	assaltarem	29
assaltar	assaltá-lo	10
assaltar	assaltaste	25
assaltar	assaltou	20
assaltar	assaltado	30
assaltar	assaltos	15
assaltar	assaltará	24
assaltar	assaltaram-se	9
assaltar	assaltados	27
ajeitar	ajeitá-lo	10
ajeitar	ajeitavam	0
ajeitar	ajeitada	2
ajeitar	ajeitas	19
ajeitar	ajeitava	21
ajeitar	ajeitei	4
ajeitar	ajeitação	3
ajeitar	ajeitados	27
ajeitar	ajeitarei	1
ajeitar	ajeites	16
ajeitar	ajeita	32
ajeitar	ajeitar	33
ajeitar	ajeita	12
ajeitar	ajeitar-se	17
ajeitar	ajeitam	28
ajeitar	ajeitarás	13
ajeitar	ajeite	7
ajeitar	ajeitado	30
ajeitar	ajeitasse	18
ajeitar	ajeitem	14
ajeitar	ajeitaram	31
ajeitar	ajeitaste	25
ajeitar	ajeito	26
ajeitar	ajeitará	24
ajeitar	ajeitá-los	6
ajeitar	ajeitadas	8
ajeitar	ajeitou	20
ajeitar	ajeitarem	29
ajeitar	ajeitaremos	11
ajeitar	ajeitar-me	5
ajeitar	ajeitares	23
ajeitar	ajeitos	15
ajeitar	ajeitando	9
ajeitar	ajeitarão	22
impedir	impedei	4
impedir	impedir	33
impedir	impedes	16
impedir	impedi	26
impedir	impediram	31
impedir	impediram-no	0
impedir	impediu	20
impedir	impedirão	22
impedir	impedi	32
impedir	impedis	19
impedir	impedidas	8
impedir	impedim	28
impedir	impediva	21
impedir	impedir-me	5
impedir	impedirem	29
impedir	impede	7
impedir	impediste	25
impedir	impedir-te	3
impedir	impedir-se	17
impedir	impedirás	13
impedir	impedido	30
impedir	impedirá	24
impedir	impedir-lo	10
impedir	impedis	15
impedir	impedirei	1
impedir	impedisse	18
impedir	impedida	2
impedir	impedi	12
impedir	impedires	23
impedir	impedidos	27
impedir	impedem	14
impedir	impedir	6
impedir	impedindo	9
impedir	impediremos	11
altear	alteo	26
altear	alteados	27
altear	alteos	15
altear	alteava	21
altear	alteou	20
altear	alteá-los	6
altear	altearão	22
altear	altearemos	11
altear	alteares	23
altear	alteadas	8
altear	altear-te	3
altear	altes	16
altear	altearam	31
altear	alteaste	25
altear	alteasse	18
altear	altem	14
altear	alteas	19
altear	alteado	30
altear	altearás	13
altear	alteando	9
altear	alteei	4
altear	altear	33
altear	alteará	24
altear	alteavam	0
altear	altearei	1
altear	alteada	2
altear	altearem	29
altear	altea	12
altear	altear-se	17
altear	alteam	28
altear	altea	32
altear	alte	7
altear	alteá-lo	10
altear	altear-me	5
consagrar	consagrarás	13
consagrar	consagraram-no	0
consagrar	consagrarão	22
consagrar	consagrava	21
consagrar	consagrarei	1
consagrar	consagrarem	29
consagrar	consagro	26
consagrar	consagrou	20
consagrar	consagra	12
consagrar	consagros	15
consagrar	consagraremos	11
consagrar	consagrar-me	5
consagrar	consagrares	23
consagrar	consagraste	25
consagrar	consagres	16
consagrar	consagrá-los	6
consagrar	consagrará	24
consagrar	consagrado	30
consagrar	consagrar	33
consagrar	consagrei	4
consagrar	consagração	3
consagrar	consagrada	2
consagrar	consagrá-lo	10
consagrar	consagre	7
consagrar	consagrar-se	17
consagrar	consagras	19
consagrar	consagram	28
consagrar	consagra	32
consagrar	consagradas	8
consagrar	consagrem	14
consagrar	consagrados	27
consagrar	consagraram	31
consagrar	consagrasse	18
consagrar	consagraram-se	9
enclausurar	enclausurará	24
enclausurar	enclausurasse	18
enclausurar	enclausurá-lo	10
enclausurar	enclausuraste	25
enclausurar	enclausuram	28
enclausurar	enclausuros	15
enclausurar	enclausurarei	1
enclausurar	enclausurem	14
enclausurar	enclausurada	2
enclausurar	enclausura	32
enclausurar	enclausurá-los	6
enclausurar	enclausurarás	13
enclausurar	enclausure	7
enclausurar	enclausures	16
enclausurar	enclausuradas	8
enclausurar	enclausuei	4
enclausurar	enclausurarem	29
enclausurar	enclausurados	27
enclausurar	enclausuravam	0
enclausurar	enclausurarão	22
enclausurar	enclausurar-me	5
enclausurar	enclausurava	21
enclausurar	enclausurando	9
enclausurar	enclausurou	20
enclausurar	enclausura	12
enclausurar	enclausuras	19
enclausurar	enclausurado	30
enclausurar	enclausuro	26
enclausurar	enclausuraram	31
enclausurar	enclausuração	3
enclausurar	enclausurar	33
enclausurar	enclausuraremos	11
enclausurar	enclausurares	23
enclausurar	enclausurar-se	17
dispensar	dispensar-me	5
dispensar	dispensam	28
dispensar	dispenses	16
dispensar	dispensem	14
dispensar	dispensar	33
dispensar	dispensar-se	17
dispensar	dispenso	26
dispensar	dispensava	21
dispensar	dispensei	4
dispensar	dispensarem	29
dispensar	dispensá-los	6
dispensar	dispensas	19
dispensar	dispensos	15
dispensar	dispensavam	0
dispensar	dispensaram	31
dispensar	dispensadas	8
dispensar	dispensá-lo	10
dispensar	dispensada	2
dispensar	dispensará	24
dispensar	dispensar-te	3
dispensar	dispensando	9
dispensar	dispensarás	13
dispensar	dispensaste	25
dispensar	dispensados	27
dispensar	dispensarei	1
dispensar	dispensa	32
dispensar	dispensou	20
dispensar	dispensaremos	11
dispensar	dispensado	30
dispensar	dispensares	23
dispensar	dispense	7
dispensar	dispensa	12
dispensar	dispensasse	18
dispensar	dispensarão	22
gracejar	gracejes	16
gracejar	gracejava	21
gracejar	gracejarão	22
gracejar	gracejavam	0
gracejar	graceja	32
gracejar	gracejar-me	5
gracejar	gracejou	20
gracejar	gracejar	33
gracejar	gracejação	3
gracejar	gracejaremos	11
gracejar	gracejos	15
gracejar	gracejo	26
gracejar	gracejar-se	17
gracejar	gracejá-los	6
gracejar	gracejaram	31
gracejar	gracejando	9
gracejar	gracejados	27
gracejar	gracejá-lo	10
gracejar	gracejem	14
gracejar	graceja	12
gracejar	gracejará	24
gracejar	gracejasse	18
gracejar	graceje	7
gracejar	gracejada	2
gracejar	gracejarem	29
gracejar	gracejas	19
gracejar	gracejadas	8
gracejar	gracejado	30
gracejar	gracejaste	25
gracejar	gracejam	28
gracejar	gracejares	23
gracejar	gracejarás	13
gracejar	gracejarei	1
gracejar	gracejei	4
invocar	invocarás	13
invocar	invocando	9
invocar	invocarem	29
invocar	invocaste	25
invocar	invocava	21
invocar	invocar-se	17
invocar	invocado	30
invocar	invocá-los	6
invocar	invocem	14
invocar	invocavam	0
invocar	invocares	23
invocar	invocaram	31
invocar	invocaremos	11
invocar	invoca	12
invocar	invocos	15
invocar	invocasse	18
invocar	invocou	20
invocar	invocados	27
invocar	invocarei	1
invocar	invoca	32
invocar	invocar	33
invocar	invocada	2
invocar	invocação	3
invocar	invocar-me	5
invocar	invocá-lo	10
invocar	invocas	19
invocar	invoces	16
invocar	invocei	4
invocar	invocará	24
invocar	invoce	7
invocar	invocarão	22
invocar	invocam	28
invocar	invocadas	8
invocar	invoco	26
sedar	sedarem	29
sedar	sedam	28
sedar	sedares	23
sedar	sedada	2
sedar	sedá-lo	10
sedar	seda	12
sedar	sedarás	13
sedar	sedavam	0
sedar	sedaremos	11
sedar	sedava	21
sedar	sedarei	1
sedar	sedou	20
sedar	sedará	24
sedar	sedem	14
sedar	sede	7
sedar	sedá-los	6
sedar	sedando	9
sedar	sedasse	18
sedar	sedarão	22
sedar	sedação	3
sedar	sedar-se	17
sedar	sedes	16
sedar	sedadas	8
sedar	sedar	33
sedar	sedaste	25
sedar	sedaram	31
sedar	sedei	4
sedar	sedar-me	5
sedar	seda	32
sedar	sedas	19
sedar	sedo	26
sedar	sedos	15
sedar	sedados	27
sedar	sedado	30
lavrar	lavro	26
lavrar	lavrá-lo	10
lavrar	lavraste	25
lavrar	lavrar-te	3
lavrar	lavre	7
lavrar	lavrar-se	17
lavrar	lavra	32
lavrar	lavrarão	22
lavrar	lavrado	30
lavrar	lavrados	27
lavrar	lavrando	9
lavrar	lavraram	31
lavrar	lavra	12
lavrar	lavrem	14
lavrar	lavrar-me	5
lavrar	lavrar	33
lavrar	lavrei	4
lavrar	lavram	28
lavrar	lavravam	0
lavrar	lavrares	23
lavrar	lavraremos	11
lavrar	lavradas	8
lavrar	lavrada	2
lavrar	lavrarem	29
lavrar	lavrava	21
lavrar	lavrá-los	6
lavrar	lavras	19
lavrar	lavros	15
lavrar	lavres	16
lavrar	lavrou	20
lavrar	lavrará	24
lavrar	lavrarás	13
lavrar	lavrarei	1
lavrar	lavrasse	18
otimizar	otimizar-me	5
otimizar	otimizada	2
otimizar	otimizavam	0
otimizar	otimizei	4
otimizar	otimizará	24
otimizar	otimizado	30
otimizar	otimizadas	8
otimizar	otimiza	12
otimizar	otimizaram	31
otimizar	otimizou-se	1
otimizar	otimizava	21
otimizar	otimizar	33
otimizar	otimize	7
otimizar	otimizarão	22
otimizar	otimizaremos	11
otimizar	otimizasse	18
otimizar	otimizares	23
otimizar	otimizaram-se	9
otimizar	otimizo	26
otimizar	otimiza	32
otimizar	otimizos	15
otimizar	otimizou	20
otimizar	otimização	3
otimizar	otimizam	28
otimizar	otimizar-se	17
otimizar	otimizes	16
otimizar	otimizas	19
otimizar	otimizá-lo	10
otimizar	otimizaste	25
otimizar	otimizarem	29
otimizar	otimizados	27
otimizar	otimizarás	13
otimizar	otimizem	14
otimizar	otimizá-los	6
sacrificar	sacrificados	27
sacrificar	sacrificarão	22
sacrificar	sacrificas	19
sacrificar	sacrificou-se	1
sacrificar	sacrificaste	25
sacrificar	sacrifica	32
sacrificar	sacrifice	7
sacrificar	sacrificasse	18
sacrificar	sacrificadas	8
sacrificar	sacrificares	23
sacrificar	sacrificarem	29
sacrificar	sacrificava	21
sacrificar	sacrifica	12
sacrificar	sacrificá-los	6
sacrificar	sacrificarás	13
sacrificar	sacrificos	15
sacrificar	sacrificaremos	11
sacrificar	sacrificam	28
sacrificar	sacrificará	24
sacrificar	sacrificar-se	17
sacrificar	sacrificá-lo	10
sacrificar	sacrificando	9
sacrificar	sacrificei	4
sacrificar	sacrificaram	31
sacrificar	sacrificem	14
sacrificar	sacrificou	20
sacrificar	sacrificar-me	5
sacrificar	sacrificavam	0
sacrificar	sacrificado	30
sacrificar	sacrifices	16
sacrificar	sacrificar	33
sacrificar	sacrificação	3
sacrificar	sacrificarmos	2
sacrificar	sacrifico	26
apitar	apito	26
apitar	apitei	4
apitar	apitar-te	3
apitar	apitar-me	5
apitar	apitada	2
apitar	apitasse	18
apitar	apitarão	22
apitar	apitares	23
apitar	apitando	9
apitar	apite	7
apitar	apitar-se	17
apitar	apitarei	1
apitar	apitá-lo	10
apitar	apitaremos	11
apitar	apitar	33
apitar	apitavam	0
apitar	apites	16
apitar	apitas	19
apitar	apitam	28
apitar	apitaste	25
apitar	apitado	30
apitar	apitará	24
apitar	apitaram	31
apitar	apitem	14
apitar	apitava	21
apitar	apitou	20
apitar	apita	12
apitar	apitarem	29
apitar	apitados	27
apitar	apitadas	8
apitar	apitá-los	6
apitar	apita	32
apitar	apitarás	13
apitar	apitos	15
terminar	termine	7
terminar	terminou	20
terminar	terminavam	0
terminar	terminaste	25
terminar	terminasse	18
terminar	terminarei	1
terminar	terminar	33
terminar	terminados	27
terminar	terminarás	13
terminar	terminá-los	6
terminar	terminar-me	5
terminar	terminam	28
terminar	terminação	3
terminar	terminos	15
terminar	termines	16
terminar	terminado	30
terminar	terminei	4
terminar	terminar-se	17
terminar	terminarem	29
terminar	terminem	14
terminar	terminando	9
terminar	terminarão	22
terminar	terminares	23
terminar	terminaram	31
terminar	terminas	19
terminar	terminará	24
terminar	terminadas	8
terminar	terminá-lo	10
terminar	termina	12
terminar	terminava	21
terminar	terminada	2
terminar	terminaremos	11
terminar	termino	26
terminar	termina	32
civilizar	civilizar-se	17
civilizar	civilizasse	18
civilizar	civilizá-los	6
civilizar	civilizavam	0
civilizar	civilizaremos	11
civilizar	civilizará	24
civilizar	civilizada	2
civilizar	civilizo	26
civilizar	civilizares	23
civilizar	civilizados	27
civilizar	civilizar-me	5
civilizar	civilizes	16
civilizar	civilizá-lo	10
civilizar	civilizava	21
civilizar	civilizarem	29
civilizar	civilizem	14
civilizar	civilize	7
civilizar	civilizou-se	1
civilizar	civilização	3
civilizar	civilizar	33
civilizar	civilizei	4
civilizar	civilizam	28
civilizar	civilizarás	13
civilizar	civilizas	19
civilizar	civiliza	32
civilizar	civilizou	20
civilizar	civilizaram	31
civilizar	civilizaste	25
civilizar	civilizadas	8
civilizar	civiliza	12
civilizar	civilizado	30
civilizar	civilizarão	22
civilizar	civilizos	15
civilizar	civilizaram-se	9
incendiar	incendiarem	29
incendiar	incendiarei	1
incendiar	incendiadas	8
incendiar	incendias	19
incendiar	incendio	26
incendiar	incendiação	3
incendiar	incendiando	9
incendiar	incendiasse	18
incendiar	incendiem	14
incendiar	incendiar	33
incendiar	incendies	16
incendiar	incendiá-lo	10
incendiar	incendiados	27
incendiar	incendiar-se	17
incendiar	incendiavam	0
incendiar	incendiam	28
incendiar	incendiares	23
incendiar	incendiado	30
incendiar	incendiaste	25
incendiar	incendiou	20
incendiar	incendia	32
incendiar	incendiar-me	5
incendiar	incendiarão	22
incendiar	incendiá-los	6
incendiar	incendiarás	13
incendiar	incendiaram	31
incendiar	incendie	7
incendiar	incendiei	4
incendiar	incendiará	24
incendiar	incendiada	2
incendiar	incendia	12
incendiar	incendiava	21
incendiar	incendiaremos	11
incendiar	incendios	15
formular	formular-me	5
formular	formulado	30
formular	formules	16
formular	formularem	29
formular	formulam	28
formular	formularei	1
formular	formular	33
formular	formulei	4
formular	formulares	23
formular	formulará	24
formular	formulasse	18
formular	formulá-los	6
formular	formulação	3
formular	formularemos	11
formular	formula	32
formular	formulações	8
formular	formulados	27
formular	formula	12
formular	formularam	31
formular	formulavam	0
formular	formulaste	25
formular	formular-se	17
formular	formulas	19
formular	formulo	26
formular	formulá-lo	10
formular	formularás	13
formular	formule	7
formular	formularão	22
formular	formulando	9
formular	formulos	15
formular	formulem	14
formular	formulou	20
formular	formulava	21
formular	formulada	2
maquinar	maquinando	9
maquinar	maquiná-lo	10
maquinar	maquinar	33
maquinar	maquinava	21
maquinar	maquinou	20
maquinar	maquinarão	22
maquinar	maquinei	4
maquinar	maquinarás	13
maquinar	maquinam	28
maquinar	maquinos	15
maquinar	maquinares	23
maquinar	maquiná-los	6
maquinar	maquinaste	25
maquinar	maquinada	2
maquinar	maquinar-me	5
maquinar	maquinaram	31
maquinar	maquines	16
maquinar	maquinar-se	17
maquinar	maquinarem	29
maquinar	maquinem	14
maquinar	maquinavam	0
maquinar	maquina	32
maquinar	maquinará	24
maquinar	maquinado	30
maquinar	maquina	12
maquinar	maquinarei	1
maquinar	maquinasse	18
maquinar	maquinadas	8
maquinar	maquinar-te	3
maquinar	maquinados	27
maquinar	maquinas	19
maquinar	maquino	26
maquinar	maquinaremos	11
maquinar	maquine	7
desvirginar	desvirgina	12
desvirginar	desvirginos	15
desvirginar	desvirginarem	29
desvirginar	desvirginaremos	11
desvirginar	desvirginar	33
desvirginar	desvirginar-me	5
desvirginar	desvirginada	2
desvirginar	desvirginaste	25
desvirginar	desvirginavam	0
desvirginar	desvirginares	23
desvirginar	desvirginas	19
desvirginar	desvirginasse	18
desvirginar	desvirginar-se	17
desvirginar	desvirginá-lo	10
desvirginar	desvirginar-te	3
desvirginar	desvirginarão	22
desvirginar	desvirginando	9
desvirginar	desvirginadas	8
desvirginar	desvirginou	20
desvirginar	desvirginava	21
desvirginar	desvirginaram	31
desvirginar	desvirginem	14
desvirginar	desvirgine	7
desvirginar	desvirginam	28
desvirginar	desvirgines	16
desvirginar	desvirginá-los	6
desvirginar	desvirginarás	13
desvirginar	desvirgino	26
desvirginar	desvirginarei	1
desvirginar	desvirginados	27
desvirginar	desvirgina	32
desvirginar	desvirginará	24
desvirginar	desvirginado	30
desvirginar	desvirginei	4
adivinhar	adivinhado	30
adivinhar	adivinhava	21
adivinhar	adivinhei	4
adivinhar	adivinhações	8
adivinhar	adivinhando	9
adivinhar	adivinhação	3
adivinhar	adivinhares	23
adivinhar	adivinhas	19
adivinhar	adivinharei	1
adivinhar	adivinhar-me	5
adivinhar	adivinhavam	0
adivinhar	adivinharás	13
adivinhar	adivinhá-lo	10
adivinhar	adivinharam	31
adivinhar	adivinhem	14
adivinhar	adivinhasse	18
adivinhar	adivinhados	27
adivinhar	adivinhes	16
adivinhar	adivinhou	20
adivinhar	adivinharemos	11
adivinhar	adivinhá-los	6
adivinhar	adivinhará	24
adivinhar	adivinhar	33
adivinhar	adivinha	32
adivinhar	adivinharão	22
adivinhar	adivinhada	2
adivinhar	adivinho	26
adivinhar	adivinhos	15
adivinhar	adivinharem	29
adivinhar	adivinhaste	25
adivinhar	adivinhe	7
adivinhar	adivinham	28
adivinhar	adivinha	12
adivinhar	adivinhar-se	17
agoirentar	agoirentou	20
agoirentar	agoirentasse	18
agoirentar	agoirentou-se	1
agoirentar	agoirentaremos	11
agoirentar	agoirentados	27
agoirentar	agoirentá-los	6
agoirentar	agoirentaste	25
agoirentar	agoirentei	4
agoirentar	agoirentas	19
agoirentar	agoirentará	24
agoirentar	agoirentar-me	5
agoirentar	agoirentar	33
agoirentar	agoirentarão	22
agoirentar	agoirente	7
agoirentar	agoirentada	2
agoirentar	agoirento	26
agoirentar	agoirentarem	29
agoirentar	agoirentava	21
agoirentar	agoirentaram	31
agoirentar	agoirentares	23
agoirentar	agoirentar-se	17
agoirentar	agoirentavam	0
agoirentar	agoirentos	15
agoirentar	agoirentem	14
agoirentar	agoirentar-te	3
agoirentar	agoirentam	28
agoirentar	agoirentes	16
agoirentar	agoirenta	12
agoirentar	agoirenta	32
agoirentar	agoirentando	9
agoirentar	agoirentarás	13
agoirentar	agoirentado	30
agoirentar	agoirentadas	8
agoirentar	agoirentá-lo	10
restaurar	restauro	26
restaurar	restaurá-los	6
restaurar	restaurará	24
restaurar	restaurarão	22
restaurar	restauros	15
restaurar	restaurando	9
restaurar	restauraram	31
restaurar	restauradas	8
restaurar	restauram	28
restaurar	restaurarem	29
restaurar	restaurem	14
restaurar	restaure	7
restaurar	restaurarás	13
restaurar	restauras	19
restaurar	restaurava	21
restaurar	restaurares	23
restaurar	restaurado	30
restaurar	restaurar	33
restaurar	restaurei	4
restaurar	restaurá-lo	10
restaurar	restaura	32
restaurar	restaurar-me	5
restaurar	restauraremos	11
restaurar	restauração	3
restaurar	restaurou	20
restaurar	restaurarei	1
restaurar	restaurada	2
restaurar	restauraste	25
restaurar	restaurados	27
restaurar	restaurasse	18
restaurar	restaures	16
restaurar	restaura	12
restaurar	restaurar-se	17
restaurar	restauravam	0
abranger	abrangeu	20
abranger	abrangeva	21
abranger	abrangem	28
abranger	abrangesse	18
abranger	abrangerão	22
abranger	abrangedos	27
abranger	abrange	12
abranger	abrangeres	23
abranger	abrangendo	9
abranger	abranges	19
abranger	abranger	33
abranger	abrangedo	30
abranger	abrange	32
abranger	abranger-se	17
abranger	abranger-te	3
abranger	abrangerá	24
abranger	abrangerem	29
abranger	abranger	6
abranger	abrangeram-no	0
abranger	abrange	26
abranger	abrangerás	13
abranger	abranger-lo	10
abranger	abrangem	14
abranger	abrangermos	2
abranger	abrangedas	8
abranger	abrangeste	25
abranger	abranges	15
abranger	abrangerei	1
abranger	abranger-me	5
abranger	abrange	7
abranger	abranges	16
abranger	abrangeremos	11
abranger	abrangei	4
abranger	abrangeram	31
recair	cai	12
recair	recairei	1
recair	recai	26
recair	recairá	24
recair	recaiste	25
recair	recaida	2
recair	recaidos	27
recair	recaido	30
recair	recai	32
recair	caim	4
recair	recair-te	3
recair	recaindo	9
recair	recais	15
recair	cairam	0
recair	recairem	29
recair	recaires	23
recair	recaiu	20
recair	recaiva	21
recair	recair	10
recair	cair	6
recair	recaes	16
recair	recaisse	18
recair	recae	7
recair	recairás	13
recair	cairá	11
recair	recairão	22
recair	recaidas	8
recair	recairam	31
recair	recais	19
recair	caido	5
recair	recair-se	17
recair	recaim	28
recair	recaem	14
recair	recair	33
configurar	configuro	26
configurar	configuram	28
configurar	configurá-lo	10
configurar	configuraste	25
configurar	configurou	20
configurar	configuravam	0
configurar	configurar-se	17
configurar	configurá-los	6
configurar	configurará	24
configurar	configura	32
configurar	configurado	30
configurar	configuraremos	11
configurar	configura	12
configurar	configurares	23
configurar	configurando	9
configurar	configurem	14
configurar	configurei	4
configurar	configurava	21
configurar	configuras	19
configurar	configurarei	1
configurar	configuradas	8
configurar	configurarás	13
configurar	configuraram	31
configurar	configurada	2
configurar	configurarem	29
configurar	configurados	27
configurar	configuros	15
configurar	configures	16
configurar	configurarão	22
configurar	configuração	3
configurar	configure	7
configurar	configurasse	18
configurar	configurar	33
configurar	configurar-me	5
constituir	constituiva	21
constituir	constituirá	24
constituir	constituem	14
constituir	constituirás	13
constituir	constituir	33
constituir	constitue	7
constituir	constitues	16
constituir	constituiu	20
constituir	constituir-se	17
constituir	constituis	15
constituir	constituirem	29
constituir	constituidas	8
constituir	constituei	4
constituir	constituir-me	5
constituir	constituir	6
constituir	constituim	28
constituir	constituirão	22
constituir	constituir-te	3
constituir	constituido	30
constituir	constituiram-no	0
constituir	constituida	2
constituir	constitui	26
constituir	constituidos	27
constituir	constituir-lo	10
constituir	constituindo	9
constituir	constituiram	31
constituir	constituisse	18
constituir	constituiste	25
constituir	constituiremos	11
constituir	constituis	19
constituir	constitui	12
constituir	constituires	23
constituir	constituirei	1
constituir	constitui	32
encarecer	encarecedas	8
encarecer	encarecem	28
encarecer	encarecermos	2
encarecer	encarecer-te	3
encarecer	encarecei	4
encarecer	encarece	12
encarecer	encarecedos	27
encarecer	encareces	15
encarecer	encarecer-se	17
encarecer	encareceva	21
encarecer	encareces	16
encarecer	encareceram-no	0
encarecer	encarece	26
encarecer	encarecesse	18
encarecer	encareceste	25
encarecer	encarecerão	22
encarecer	encarece	32
encarecer	encarecedo	30
encarecer	encarecerá	24
encarecer	encareceremos	11
encarecer	encarecerás	13
encarecer	encareceu	20
encarecer	encarecer	33
encarecer	encarecer	10
encarecer	encarece	7
encarecer	encareces	19
encarecer	encarecerem	29
encarecer	encarecerei	1
encarecer	encarecendo	9
encarecer	encarecer-me	5
encarecer	encareceres	23
encarecer	encareceram	31
encarecer	encarecem	14
encarecer	encarecer	6
marchar	marchem	14
marchar	marcho	26
marchar	marchar	33
marchar	marcharemos	11
marchar	marchaste	25
marchar	marches	16
marchar	marche	7
marchar	marcharás	13
marchar	marcharem	29
marchar	marcham	28
marchar	marcha	12
marchar	marchadas	8
marchar	marchado	30
marchar	marchados	27
marchar	marchos	15
marchar	marcha	32
marchar	marchas	19
marchar	marchavam	0
marchar	marcharam	31
marchar	marchou	20
marchar	marchares	23
marchar	marchada	2
marchar	marcharei	1
marchar	marchava	21
marchar	marchando	9
marchar	marcharão	22
marchar	marchá-lo	10
marchar	marchar-me	5
marchar	marchasse	18
marchar	marchei	4
marchar	marchar-te	3
marchar	marchar-se	17
marchar	marchá-los	6
marchar	marchará	24
surfar	surfá-lo	10
surfar	surfar-se	17
surfar	surfadas	8
surfar	surfasse	18
surfar	surfa	12
surfar	surfará	24
surfar	surfada	2
surfar	surfaremos	11
surfar	surfarão	22
surfar	surfavam	0
surfar	surfarem	29
surfar	surfos	15
surfar	surfas	19
surfar	surfe	7
surfar	surfarás	13
surfar	surfar-me	5
surfar	surfados	27
surfar	surfares	23
surfar	surfar-te	3
surfar	surfem	14
surfar	surfam	28
surfar	surfava	21
surfar	surfar	33
surfar	surfa	32
surfar	surfou	20
surfar	surfá-los	6
surfar	surfando	9
surfar	surfo	26
surfar	surfaste	25
surfar	surfei	4
surfar	surfes	16
surfar	surfaram	31
surfar	surfarei	1
surfar	surfado	30
murmurar	murmurando	9
murmurar	murmurará	24
murmurar	murmurarem	29
murmurar	murmura	32
murmurar	murmuram	28
murmurar	murmurados	27
murmurar	murmuras	19
murmurar	murmuraram	31
murmurar	murmurarás	13
murmurar	murmurar-me	5
murmurar	murmuros	15
murmurar	murmurei	4
murmurar	murmuro	26
murmurar	murmurava	21
murmurar	murmure	7
murmurar	murmurem	14
murmurar	murmurar	33
murmurar	murmures	16
murmurar	murmurarei	1
murmurar	murmurasse	18
murmurar	murmurado	30
murmurar	murmurar-se	17
murmurar	murmurações	8
murmurar	murmurá-los	6
murmurar	murmurares	23
murmurar	murmura	12
murmurar	murmurarão	22
murmurar	murmuração	3
murmurar	murmuraste	25
murmurar	murmurá-lo	10
murmurar	murmuraremos	11
murmurar	murmuravam	0
murmurar	murmurada	2
murmurar	murmurou	20
desflorestar	desflorestar	33
desflorestar	desflorestou	20
desflorestar	desfloresto	26
desflorestar	desflorestarás	13
desflorestar	desflorestava	21
desflorestar	desflorestará	24
desflorestar	desfloresta	32
desflorestar	desflorestarem	29
desflorestar	desflorestá-lo	10
desflorestar	desflorestar-me	5
desflorestar	desflorestam	28
desflorestar	desflorestaremos	11
desflorestar	desfloresta	12
desflorestar	desflorestas	19
desflorestar	desflorestasse	18
desflorestar	desflorestos	15
desflorestar	desflorestou-se	1
desflorestar	desflorestar-te	3
desflorestar	desflorestadas	8
desflorestar	desflorestando	9
desflorestar	desflorestei	4
desflorestar	desflorestá-los	6
desflorestar	desflorestada	2
desflorestar	desflorestaste	25
desflorestar	desflorestem	14
desflorestar	desflorestaram	31
desflorestar	desflorestavam	0
desflorestar	desflorestarão	22
desflorestar	desflorestado	30
desflorestar	desflorestar-se	17
desflorestar	desflorestes	16
desflorestar	desfloreste	7
desflorestar	desflorestados	27
desflorestar	desflorestares	23
comprar	comprá-los	6
comprar	compravam	0
comprar	comprasse	18
comprar	compraremos	11
comprar	compras	19
comprar	comprar-se	17
comprar	comprar-me	5
comprar	comprarás	13
comprar	compra	32
comprar	comprem	14
comprar	comprados	27
comprar	compram	28
comprar	compros	15
comprar	comprar	33
comprar	comprarem	29
comprar	compraram	31
comprar	comprares	23
comprar	comprada	2
comprar	comprará	24
comprar	compraste	25
comprar	comprado	30
comprar	compre	7
comprar	comprei	4
comprar	comprarei	1
comprar	comprar-te	3
comprar	comprando	9
comprar	comprou	20
comprar	compro	26
comprar	comprá-lo	10
comprar	compres	16
comprar	comprava	21
comprar	comprarão	22
comprar	compradas	8
comprar	compra	12
ancinhar	ancinhem	14
ancinhar	ancinharei	1
ancinhar	ancinhes	16
ancinhar	ancinhação	3
ancinhar	ancinhavam	0
ancinhar	ancinha	12
ancinhar	ancinhou	20
ancinhar	ancinhá-lo	10
ancinhar	ancinharão	22
ancinhar	ancinhaste	25
ancinhar	ancinham	28
ancinhar	ancinharam	31
ancinhar	ancinho	26
ancinhar	ancinhar-me	5
ancinhar	ancinhas	19
ancinhar	ancinhada	2
ancinhar	ancinha	32
ancinhar	ancinhará	24
ancinhar	ancinhando	9
ancinhar	ancinhares	23
ancinhar	ancinharás	13
ancinhar	ancinhasse	18
ancinhar	ancinhe	7
ancinhar	ancinhar-se	17
ancinhar	ancinhados	27
ancinhar	ancinhos	15
ancinhar	ancinhar	33
ancinhar	ancinhei	4
ancinhar	ancinhá-los	6
ancinhar	ancinharem	29
ancinhar	ancinhadas	8
ancinhar	ancinhado	30
ancinhar	ancinhava	21
ancinhar	ancinharemos	11
renegar	negado	5
renegar	renegados	27
renegar	renega	32
renegar	renegaram	31
renegar	renegou	20
renegar	renegando	9
renegar	renegarei	1
renegar	renegará	24
renegar	renegaste	25
renegar	renegarão	22
renegar	renego	26
renegar	negar	6
renegar	reneges	16
renegar	renegasse	18
renegar	renege	7
renegar	renegam	28
renegar	renegos	15
renegar	renegares	23
renegar	renegá-lo	10
renegar	nega	12
renegar	renegava	21
renegar	negaram	0
renegar	renegarás	13
renegar	renegarem	29
renegar	renegem	14
renegar	renegar-se	17
renegar	renegadas	8
renegar	renegar	33
renegar	renegarmos	2
renegar	renegado	30
renegar	renegas	19
renegar	negam	4
renegar	negará	11
renegar	renegar-te	3
reproduzir	reproduzição	3
reproduzir	reproduzirás	13
reproduzir	reproduzido	30
reproduzir	reproduzisse	18
reproduzir	reproduziva	21
reproduzir	reproduzis	19
reproduzir	produzim	4
reproduzir	produziram	0
reproduzir	reproduziste	25
reproduzir	reproduzidas	8
reproduzir	reproduzirem	29
reproduzir	reproduzindo	9
reproduzir	reproduzi	26
reproduzir	reproduze	7
reproduzir	reproduzir	33
reproduzir	reproduziram	31
reproduzir	produzido	5
reproduzir	produzirá	11
reproduzir	reproduzi	32
reproduzir	reproduzidos	27
reproduzir	reproduzida	2
reproduzir	reproduzes	16
reproduzir	produzi	12
reproduzir	reproduzirá	24
reproduzir	reproduzirei	1
reproduzir	reproduzis	15
reproduzir	produzir	6
reproduzir	reproduzirão	22
reproduzir	reproduzim	28
reproduzir	reproduzem	14
reproduzir	reproduzir-lo	10
reproduzir	reproduzir-se	17
reproduzir	reproduziu	20
reproduzir	reproduzires	23
unir	uniram	31
unir	unidas	8
unir	uniram-se	9
unir	uni	12
unir	unis	19
unir	unisse	18
unir	unirás	13
unir	unir-me	5
unir	unem	14
unir	uniremos	11
unir	unirei	1
unir	unida	2
unir	unei	4
unir	unir	10
unir	unido	30
unir	une	7
unir	uniste	25
unir	uniram-no	0
unir	unir-se	17
unir	unirem	29
unir	unirão	22
unir	unis	15
unir	unires	23
unir	unir	6
unir	uni	32
unir	unes	16
unir	univa	21
unir	unirá	24
unir	uni	26
unir	unir	33
unir	unir-te	3
unir	unim	28
unir	unidos	27
unir	uniu	20
negligenciar	negligencio	26
negligenciar	negligencios	15
negligenciar	negligenciavam	0
negligenciar	negligenciarão	22
negligenciar	negligencia	32
negligenciar	negligenciarem	29
negligenciar	negligenciasse	18
negligenciar	negligence	7
negligenciar	negligenciaremos	11
negligenciar	negligenciava	21
negligenciar	negligenciaram	31
negligenciar	negligenciares	23
negligenciar	negligencei	4
negligenciar	negligenciarei	1
negligenciar	negligenciação	3
negligenciar	negligenciaste	25
negligenciar	negligences	16
negligenciar	negligenciadas	8
negligenciar	negligenciam	28
negligenciar	negligenciada	2
negligenciar	negligenciar	33
negligenciar	negligenciou	20
negligenciar	negligenciados	27
negligenciar	negligenciado	30
negligenciar	negligenciarás	13
negligenciar	negligencias	19
negligenciar	negligenciando	9
negligenciar	negligenciar-se	17
negligenciar	negligenciar-me	5
negligenciar	negligenciará	24
negligenciar	negligencia	12
negligenciar	negligencá-los	6
negligenciar	negligencem	14
negligenciar	negligencá-lo	10
irritar	irritado	30
irritar	irritaram-no	0
irritar	irritação	3
irritar	irrites	16
irritar	irritasse	18
irritar	irritada	2
irritar	irritaste	25
irritar	irrita	12
irritar	irritações	8
irritar	irritam	28
irritar	irritaremos	11
irritar	irritou	20
irritar	irritarás	13
irritar	irritava	21
irritar	irrito	26
irritar	irritados	27
irritar	irritem	14
irritar	irritar	33
irritar	irritas	19
irritar	irritos	15
irritar	irritar-me	5
irritar	irritares	23
irritar	irrite	7
irritar	irritando	9
irritar	irrita	32
irritar	irritar-se	17
irritar	irritou-se	1
irritar	irritei	4
irritar	irritá-los	6
irritar	irritaram	31
irritar	irritarão	22
irritar	irritará	24
irritar	irritá-lo	10
irritar	irritarem	29
enfarruscar	enfarruscavam	0
enfarruscar	enfarrusco	26
enfarruscar	enfarruscarem	29
enfarruscar	enfarruscasse	18
enfarruscar	enfarruscaremos	11
enfarruscar	enfarruscem	14
enfarruscar	enfarruscam	28
enfarruscar	enfarruscar	33
enfarruscar	enfarruscava	21
enfarruscar	enfarruscares	23
enfarruscar	enfarruscadas	8
enfarruscar	enfarruscados	27
enfarruscar	enfarrusca	12
enfarruscar	enfarruscando	9
enfarruscar	enfarruscarei	1
enfarruscar	enfarruscos	15
enfarruscar	enfarruscas	19
enfarruscar	enfarruscar-me	5
enfarruscar	enfarruscá-los	6
enfarruscar	enfarruscará	24
enfarruscar	enfarrusca	32
enfarruscar	enfarruscarás	13
enfarruscar	enfarruscar-se	17
enfarruscar	enfarruscou	20
enfarruscar	enfarruscaste	25
enfarruscar	enfarruscarão	22
enfarruscar	enfarruscado	30
enfarruscar	enfarrusce	7
enfarruscar	enfarrusces	16
enfarruscar	enfarruscaram	31
enfarruscar	enfarruscei	4
enfarruscar	enfarruscar-te	3
enfarruscar	enfarruscada	2
enfarruscar	enfarruscá-lo	10
contradizer	contradizerei	1
contradizer	contradizeste	25
contradizer	contradizer-lo	10
contradizer	contradize	12
contradizer	contradizeva	21
contradizer	contradizer-me	5
contradizer	contradize	32
contradizer	contradizei	4
contradizer	contradizes	16
contradizer	contradizedas	8
contradizer	contradize	7
contradizer	contradizerás	13
contradizer	contradizem	14
contradizer	contradizeres	23
contradizer	contradizeram	31
contradizer	contradizermos	2
contradizer	contradizes	15
contradizer	contradizedos	27
contradizer	contradizeu	20
contradizer	contradizeremos	11
contradizer	contradizesse	18
contradizer	contradizerão	22
contradizer	contradizedo	30
contradizer	contradizer-te	3
contradizer	contradizer	33
contradizer	contradizendo	9
contradizer	contradizer-se	17
contradizer	contradizeram-no	0
contradizer	contradize	26
contradizer	contradizerá	24
contradizer	contradizer	6
contradizer	contradizem	28
contradizer	contradizerem	29
contradizer	contradizes	19
monopolizar	monopolizá-los	6
monopolizar	monopolizo	26
monopolizar	monopolizaram	31
monopolizar	monopolizem	14
monopolizar	monopolizarás	13
monopolizar	monopolize	7
monopolizar	monopolizando	9
monopolizar	monopolizas	19
monopolizar	monopoliza	32
monopolizar	monopolizos	15
monopolizar	monopolizará	24
monopolizar	monopolizar-te	3
monopolizar	monopolizava	21
monopolizar	monopolizada	2
monopolizar	monopolizou	20
monopolizar	monopolizares	23
monopolizar	monopoliza	12
monopolizar	monopolizarão	22
monopolizar	monopolizar-se	17
monopolizar	monopolizados	27
monopolizar	monopolizadas	8
monopolizar	monopolizá-lo	10
monopolizar	monopolizam	28
monopolizar	monopolizavam	0
monopolizar	monopolizaremos	11
monopolizar	monopolizarem	29
monopolizar	monopolizado	30
monopolizar	monopolizar	33
monopolizar	monopolizarei	1
monopolizar	monopolizes	16
monopolizar	monopolizaste	25
monopolizar	monopolizei	4
monopolizar	monopolizar-me	5
monopolizar	monopolizasse	18
empregar	emprege	7
empregar	empregada	2
empregar	empregado	30
empregar	emprego	26
empregar	empregas	19
empregar	emprega	12
empregar	empregaremos	11
empregar	empregará	24
empregar	empregares	23
empregar	empregar	33
empregar	empregá-los	6
empregar	empregarem	29
empregar	emprega	32
empregar	empregarão	22
empregar	empregados	27
empregar	empregar-te	3
empregar	empregasse	18
empregar	empregou-se	1
empregar	empregaste	25
empregar	empregarás	13
empregar	empregou	20
empregar	empregava	21
empregar	empregar-me	5
empregar	empregadas	8
empregar	empregá-lo	10
empregar	empregem	14
empregar	empregei	4
empregar	empregam	28
empregar	empregaram	31
empregar	empregos	15
empregar	empregar-se	17
empregar	empregavam	0
empregar	empregando	9
empregar	empreges	16
mourejar	mourejada	2
mourejar	mourejei	4
mourejar	mourejando	9
mourejar	moureje	7
mourejar	mourejar	33
mourejar	mourejo	26
mourejar	mourejarem	29
mourejar	mourejação	3
mourejar	mourejá-lo	10
mourejar	mourejará	24
mourejar	mourejes	16
mourejar	mourejaremos	11
mourejar	mourejam	28
mourejar	mourejos	15
mourejar	mourejavam	0
mourejar	mourejarão	22
mourejar	mourejados	27
mourejar	mourejava	21
mourejar	mourejar-se	17
mourejar	mourejaram	31
mourejar	mourejares	23
mourejar	mourejem	14
mourejar	mourejadas	8
mourejar	mourejarás	13
mourejar	mourejas	19
mourejar	mourejado	30
mourejar	mourejar-me	5
mourejar	mourejá-los	6
mourejar	moureja	12
mourejar	mourejarei	1
mourejar	mourejasse	18
mourejar	mourejou	20
mourejar	moureja	32
mourejar	mourejaste	25
montar	montaremos	11
montar	montas	19
montar	montadas	8
montar	montarás	13
montar	montar-te	3
montar	montava	21
montar	montem	14
montar	montou	20
montar	montará	24
montar	montar-me	5
montar	montes	16
montar	montavam	0
montar	monto	26
montar	montos	15
montar	monte	7
montar	montado	30
montar	montaram	31
montar	monta	12
montar	montá-lo	10
montar	montasse	18
montar	montados	27
montar	monta	32
montar	montei	4
montar	montares	23
montar	montam	28
montar	montando	9
montar	montá-los	6
montar	montar	33
montar	montada	2
montar	montarão	22
montar	montarei	1
montar	montaste	25
montar	montar-se	17
montar	montarem	29
bainhar	bainharão	22
bainhar	bainharam	31
bainhar	bainho	26
bainhar	bainhas	19
bainhar	bainhada	2
bainhar	bainhes	16
bainhar	bainhar-te	3
bainhar	bainhem	14
bainhar	bainhar-me	5
bainhar	bainharem	29
bainhar	bainhar	33
bainhar	bainhei	4
bainhar	bainharás	13
bainhar	bainham	28
bainhar	bainhado	30
bainhar	bainhaste	25
bainhar	bainhar-se	17
bainhar	bainhados	27
bainhar	bainha	12
bainhar	bainhos	15
bainhar	bainharei	1
bainhar	bainhasse	18
bainhar	bainhares	23
bainhar	bainhe	7
bainhar	bainhará	24
bainhar	bainhadas	8
bainhar	bainhavam	0
bainhar	bainhou	20
bainhar	bainhava	21
bainhar	bainharemos	11
bainhar	bainhá-lo	10
bainhar	bainha	32
bainhar	bainhá-los	6
bainhar	bainhando	9
exagerar	exagerarão	22
exagerar	exagerar-me	5
exagerar	exageraremos	11
exagerar	exagera	32
exagerar	exageração	3
exagerar	exagerá-lo	10
exagerar	exagerem	14
exagerar	exagerada	2
exagerar	exageraste	25
exagerar	exagerar	33
exagerar	exagerando	9
exagerar	exageravam	0
exagerar	exagerado	30
exagerar	exagerará	24
exagerar	exageraram	31
exagerar	exagerá-los	6
exagerar	exagero	26
exagerar	exagerarás	13
exagerar	exageres	16
exagerar	exagerados	27
exagerar	exagerei	4
exagerar	exageros	15
exagerar	exagerasse	18
exagerar	exagerarei	1
exagerar	exagerou	20
exagerar	exageradas	8
exagerar	exagerares	23
exagerar	exagera	12
exagerar	exagere	7
exagerar	exagerar-se	17
exagerar	exageras	19
exagerar	exageram	28
exagerar	exagerava	21
exagerar	exagerarem	29
emprehender	emprehender-me	5
emprehender	emprehendes	19
emprehender	emprehendeva	21
emprehender	emprehenderam-no	0
emprehender	emprehendei	4
emprehender	emprehendermos	2
emprehender	emprehenderemos	11
emprehender	emprehende	12
emprehender	emprehender	33
emprehender	emprehendeu	20
emprehender	emprehenderes	23
emprehender	emprehende	26
emprehender	emprehendes	16
emprehender	emprehenderão	22
emprehender	emprehendedas	8
emprehender	emprehenderá	24
emprehender	emprehendem	14
emprehender	emprehendedos	27
emprehender	emprehender	6
emprehender	emprehendem	28
emprehender	emprehendes	15
emprehender	emprehendesse	18
emprehender	emprehender-te	3
emprehender	emprehenderás	13
emprehender	emprehenderei	1
emprehender	emprehenderam	31
emprehender	emprehender-lo	10
emprehender	emprehendeste	25
emprehender	emprehendedo	30
emprehender	emprehende	32
emprehender	emprehendendo	9
emprehender	emprehenderem	29
emprehender	emprehende	7
emprehender	emprehender-se	17
revoltar	voltam	4
revoltar	revoltas	19
revoltar	revoltará	24
revoltar	revoltadas	8
revoltar	revoltos	15
revoltar	revoltou	20
revoltar	volta	12
revoltar	revoltado	30
revoltar	revoltarem	29
revoltar	revoltam	28
revoltar	revoltava	21
revoltar	revoltarão	22
revoltar	voltará	11
revoltar	voltado	5
revoltar	revoltaste	25
revoltar	revoltem	14
revoltar	revoltados	27
revoltar	revoltá-lo	10
revoltar	voltar	6
revoltar	revoltasse	18
revoltar	revoltes	16
revoltar	revoltar	33
revoltar	revoltação	3
revoltar	revoltarmos	2
revoltar	revoltou-se	1
revoltar	revoltares	23
revoltar	revoltar-se	17
revoltar	voltaram	0
revoltar	revoltaram-se	9
revoltar	revolte	7
revoltar	revoltaram	31
revoltar	revoltarás	13
revoltar	revolto	26
revoltar	revolta	32
divagar	divagará	24
divagar	divagado	30
divagar	divagarei	1
divagar	divago	26
divagar	divagá-los	6
divagar	divagas	19
divagar	divagavam	0
divagar	divages	16
divagar	divage	7
divagar	divaga	12
divagar	divagares	23
divagar	divagar-se	17
divagar	divagaste	25
divagar	divagação	3
divagar	divagasse	18
divagar	divagarás	13
divagar	divagados	27
divagar	divagarão	22
divagar	divagando	9
divagar	divagaram	31
divagar	divaga	32
divagar	divagadas	8
divagar	divagava	21
divagar	divagei	4
divagar	divagar-me	5
divagar	divagar	33
divagar	divagaremos	11
divagar	divagada	2
divagar	divagam	28
divagar	divagarem	29
divagar	divagou	20
divagar	divagem	14
divagar	divagá-lo	10
divagar	divagos	15
progredir	progrediva	21
progredir	progredes	16
progredir	progrede	7
progredir	progredim	28
progredir	progredir	33
progredir	progrediram	31
progredir	progredição	3
progredir	progredida	2
progredir	progredires	23
progredir	progredis	19
progredir	progredirei	1
progredir	progrediremos	11
progredir	progredem	14
progredir	progredei	4
progredir	progredindo	9
progredir	progredirão	22
progredir	progredido	30
progredir	progredir	6
progredir	progredir-lo	10
progredir	progredirem	29
progredir	progredisse	18
progredir	progredirá	24
progredir	progredirás	13
progredir	progredi	26
progredir	progredir-me	5
progredir	progredidos	27
progredir	progredi	32
progredir	progrediste	25
progredir	progredis	15
progredir	progrediram-no	0
progredir	progredidas	8
progredir	progrediu	20
progredir	progredi	12
progredir	progredir-se	17
scintilar	scintiles	16
scintilar	scintilá-lo	10
scintilar	scintilá-los	6
scintilar	scintilares	23
scintilar	scintilou	20
scintilar	scintilar-me	5
scintilar	scintilo	26
scintilar	scintilarão	22
scintilar	scintilando	9
scintilar	scintilarei	1
scintilar	scintilas	19
scintilar	scintilaremos	11
scintilar	scintilarás	13
scintilar	scintilem	14
scintilar	scintilados	27
scintilar	scintiladas	8
scintilar	scintilava	21
scintilar	scintilavam	0
scintilar	scintilada	2
scintilar	scintile	7
scintilar	scintilará	24
scintilar	scintilaste	25
scintilar	scintilam	28
scintilar	scintilarem	29
scintilar	scintilos	15
scintilar	scintilasse	18
scintilar	scintilei	4
scintilar	scintilar	33
scintilar	scintila	12
scintilar	scintilar-se	17
scintilar	scintilação	3
scintilar	scintilaram	31
scintilar	scintila	32
scintilar	scintilado	30
livrar	livres	16
livrar	livravam	0
livrar	livrarmos	2
livrar	livra	32
livrar	livro	26
livrar	livrasse	18
livrar	livrado	30
livrar	livrando	9
livrar	livrarás	13
livrar	livraremos	11
livrar	livraram	31
livrar	livradas	8
livrar	livrados	27
livrar	livrem	14
livrar	livrar-me	5
livrar	livrarem	29
livrar	livrares	23
livrar	livrava	21
livrar	livrarei	1
livrar	livros	15
livrar	livrei	4
livrar	livrar-te	3
livrar	livrará	24
livrar	livraste	25
livrar	livra	12
livrar	livrá-los	6
livrar	livre	7
livrar	livram	28
livrar	livrar-se	17
livrar	livrá-lo	10
livrar	livras	19
livrar	livrarão	22
livrar	livrou	20
livrar	livrar	33
lotear	loteá-lo	10
lotear	loteado	30
lotear	loteadas	8
lotear	loteaste	25
lotear	lotearam	31
lotear	lotea	12
lotear	loteas	19
lotear	loteada	2
lotear	lotearão	22
lotear	lote	7
lotear	loteou	20
lotear	lotear	33
lotear	loteando	9
lotear	lotear-se	17
lotear	loteos	15
lotear	lotear-me	5
lotear	loteava	21
lotear	loteados	27
lotear	loteam	28
lotear	lotea	32
lotear	lotearei	1
lotear	loteo	26
lotear	lotem	14
lotear	loteá-los	6
lotear	loteasse	18
lotear	loteará	24
lotear	lotearás	13
lotear	loteares	23
lotear	lotearemos	11
lotear	loteavam	0
lotear	loteei	4
lotear	lotear-te	3
lotear	lotes	16
lotear	lotearem	29
resmungar	resmungarão	22
resmungar	resmungou	20
resmungar	resmungos	15
resmungar	resmungação	3
resmungar	resmungarei	1
resmungar	resmungará	24
resmungar	resmungei	4
resmungar	resmungados	27
resmungar	resmungadas	8
resmungar	resmungar-se	17
resmungar	resmungasse	18
resmungar	resmungaram	31
resmungar	resmunga	12
resmungar	resmungar-me	5
resmungar	resmungem	14
resmungar	resmunga	32
resmungar	resmungo	26
resmungar	resmungaste	25
resmungar	resmungaremos	11
resmungar	resmungar	33
resmungar	resmunge	7
resmungar	resmungado	30
resmungar	resmungas	19
resmungar	resmungá-lo	10
resmungar	resmungá-los	6
resmungar	resmungada	2
resmungar	resmunges	16
resmungar	resmungando	9
resmungar	resmungam	28
resmungar	resmungavam	0
resmungar	resmungava	21
resmungar	resmungarem	29
resmungar	resmungares	23
resmungar	resmungarás	13
ressalvar	ressalvado	30
ressalvar	ressalvem	14
ressalvar	ressalvos	15
ressalvar	ressalvar-me	5
ressalvar	ressalvação	3
ressalvar	ressalvando	9
ressalvar	ressalva	12
ressalvar	ressalvei	4
ressalvar	ressalvarás	13
ressalvar	ressalvaremos	11
ressalvar	ressalves	16
ressalvar	ressalvo	26
ressalvar	ressalvadas	8
ressalvar	ressalvar	33
ressalvar	ressalve	7
ressalvar	ressalvam	28
ressalvar	ressalva	32
ressalvar	ressalvá-lo	10
ressalvar	ressalvarei	1
ressalvar	ressalvas	19
ressalvar	ressalvarão	22
ressalvar	ressalvará	24
ressalvar	ressalvaste	25
ressalvar	ressalvavam	0
ressalvar	ressalvarem	29
ressalvar	ressalvados	27
ressalvar	ressalvava	21
ressalvar	ressalvada	2
ressalvar	ressalvares	23
ressalvar	ressalvaram	31
ressalvar	ressalvasse	18
ressalvar	ressalvar-se	17
ressalvar	ressalvou	20
ressalvar	ressalvá-los	6
cantar	cantares	23
cantar	cantar-me	5
cantar	cantando	9
cantar	cantaremos	11
cantar	canto	26
cantar	cantavam	0
cantar	cantarás	13
cantar	cantem	14
cantar	cantos	15
cantar	cantada	2
cantar	cantes	16
cantar	cantei	4
cantar	canta	32
cantar	cantados	27
cantar	cantá-lo	10
cantar	cantarei	1
cantar	cantasse	18
cantar	cantou	20
cantar	cantarem	29
cantar	cantar-se	17
cantar	cantaste	25
cantar	cantar-te	3
cantar	canta	12
cantar	cantar	33
cantar	cantas	19
cantar	cantam	28
cantar	cantarão	22
cantar	cantado	30
cantar	cantá-los	6
cantar	cantaram	31
cantar	cantadas	8
cantar	cantava	21
cantar	cante	7
cantar	cantará	24
contrabalancear	contrabencem	14
contrabalancear	contrabancase	18
contrabalancear	contrabancando	9
contrabalancear	contrabancada	2
contrabalancear	contrabancar	33
contrabalancear	contrabação	3
contrabalancear	contrabancado	30
contrabalancear	contrabanou	20
contrabalancear	contrabancam	28
contrabalancear	contrabanca	12
contrabalancear	contrabei	4
contrabalancear	contrabancares	23
contrabalancear	contrabancaste	25
contrabalancear	contrabancaram	31
contrabalancear	contrabá-los	6
contrabalancear	contrabancarem	29
contrabalancear	contrabancar-me	5
contrabalancear	contrabaremos	11
contrabalancear	contrabanarei	1
contrabalancear	contrabancarão	22
contrabalancear	contrabancar-se	17
contrabalancear	contrabanca	32
contrabalancear	contrabancadas	8
contrabalancear	contrabancava	21
contrabalancear	contrabenes	16
contrabalancear	contrabence	7
contrabalancear	contrabono	26
contrabalancear	contrabancados	27
contrabalancear	contrabancarás	13
contrabalancear	contrabalos	15
contrabalancear	contrabancará	24
contrabalancear	contrabancas	19
contrabalancear	contrabavam	0
contrabalancear	contrabá-lo	10
