вытащить	вытащи	14
вытащить	вытащил	17
вытащить	вытащилась	3
вытащить	вытащения	1
вытащить	вытащит	15
вытащить	вытащится	11
вытащить	вытащишь	2
вытащить	вытащить	18
вытащить	вытащ	0
вытащить	вытащив	4
вытащить	вытащились	9
вытащить	вытащу	7
вытащить	вытащитесь	6
вытащить	вытащят	10
вытащить	вытащили	16
вытащить	вытащила	13
вытащить	вытащивший	5
вытащить	вытащите	12
вытащить	вытащился	8
задавить	задавились	9
задавить	задавишь	2
задавить	задавится	11
задавить	задавим	7
задавить	задавилась	3
задавить	задавить	18
задавить	задавился	8
задавить	задавивший	5
задавить	задавения	1
задавить	задавитесь	6
задавить	задавил	17
задавить	задавив	4
задавить	задавили	16
задавить	задави	14
задавить	задавите	12
задавить	задавит	15
задавить	задавят	10
задавить	задав	0
задавить	задавила	13
соблюсти	соблюстив	4
соблюсти	соблюстил	17
соблюсти	соблюсти	14
соблюсти	соблюсти	13
соблюсти	соблюсти	0
соблюсти	облюстит	3
соблюсти	соблюстились	9
соблюсти	соблюсти	12
соблюсти	соблюстишь	2
соблюсти	соблюстения	1
соблюсти	облюстить	5
соблюсти	соблюстись	6
соблюсти	соблюсти	15
соблюсти	соблюстят	10
соблюсти	соблюстился	8
соблюсти	соблюсти	11
соблюсти	соблюстим	7
соблюсти	соблюсти	18
соблюсти	соблюсти	16
выпалить	выпал	0
выпалить	выпаления	1
выпалить	выпалим	7
выпалить	выпалишь	2
выпалить	выпалили	16
выпалить	выпалится	11
выпалить	выпалят	10
выпалить	выпалился	8
выпалить	выпалилась	3
выпалить	выпали	14
выпалить	выпаливший	5
выпалить	выпалил	17
выпалить	выпалились	9
выпалить	выпалить	18
выпалить	выпалитесь	6
выпалить	выпалит	15
выпалить	выпалила	13
выпалить	выпалите	12
выпалить	выпалив	4
высмотреть	высмотрелся	8
высмотреть	высмотре	14
высмотреть	высмотрет	10
высмотреть	высмотрения	1
высмотреть	высмотретесь	6
высмотреть	высмотреть	18
высмотреть	высмотрел	17
высмотреть	высмотрев	4
высмотреть	высмотреться	0
высмотреть	высмотрелись	9
высмотреть	высмотревший	5
высмотреть	высмотрет	15
высмотреть	высмотрелась	3
высмотреть	высмотрели	16
высмотреть	высмотрела	13
высмотреть	высмотрется	11
высмотреть	высмотрем	7
высмотреть	высмотрен	2
высмотреть	высмотрете	12
измазать	измазать	18
измазать	измазали	16
измазать	измазатесь	6
измазать	измазался	8
измазать	измазашь	2
измазать	измазат	10
измазать	измазая	1
измазать	измаза	14
измазать	измазал	17
измазать	измазав	4
измазать	измазавший	5
измазать	измазатся	11
измазать	измазате	12
измазать	измазались	9
измазать	измазам	7
измазать	измазаться	0
измазать	измазат	15
измазать	измазалась	3
измазать	измазала	13
потревожить	потревожения	1
потревожить	потревожиться	0
потревожить	потревожи	14
потревожить	потревожитесь	6
потревожить	потревожив	4
потревожить	потревожишь	2
потревожить	потревоживший	5
потревожить	потревожу	7
потревожить	потревожится	11
потревожить	потревожил	17
потревожить	потревожить	18
потревожить	потревожите	12
потревожить	потревожились	9
потревожить	потревожит	15
потревожить	потревожилась	3
потревожить	потревожили	16
потревожить	потревожят	10
потревожить	потревожила	13
потревожить	потревожился	8
предсказать	предсказашь	2
предсказать	предсказав	4
предсказать	предсказала	13
предсказать	предсказали	16
предсказать	предсказат	10
предсказать	предсказались	9
предсказать	предсказа	14
предсказать	предсказам	7
предсказать	предсказате	12
предсказать	предсказал	17
предсказать	предсказавший	5
предсказать	предсказатся	11
предсказать	предсказатесь	6
предсказать	предсказат	15
предсказать	предсказать	18
предсказать	предсказалась	3
предсказать	предсказая	1
предсказать	предсказаться	0
предсказать	предсказался	8
устрашить	устрашилась	3
устрашить	устрашения	1
устрашить	устрашен	2
устрашить	устрашивший	5
устрашить	устрашив	4
устрашить	устрашили	16
устрашить	устрашитесь	6
устрашить	устрашиться	0
устрашить	устрашу	7
устрашить	устраши	14
устрашить	устрашила	13
устрашить	устрашится	11
устрашить	устрашят	10
устрашить	устрашились	9
устрашить	устрашить	18
устрашить	устрашился	8
устрашить	устрашил	17
устрашить	устрашит	15
устрашить	устрашите	12
обезглавить	обезглавивший	5
обезглавить	обезглавился	8
обезглавить	обезглавится	11
обезглавить	обезглави	14
обезглавить	обезглавил	17
обезглавить	обезглавишь	2
обезглавить	обезглавиться	0
обезглавить	обезглавились	9
обезглавить	обезглавите	12
обезглавить	обезглавилась	3
обезглавить	обезглавения	1
обезглавить	обезглавим	7
обезглавить	обезглавит	15
обезглавить	обезглавят	10
обезглавить	обезглавив	4
обезглавить	обезглавила	13
обезглавить	обезглавить	18
обезглавить	обезглавитесь	6
обезглавить	обезглавили	16
истребить	истребились	9
истребить	истребив	4
истребить	истребится	11
истребить	истреби	14
истребить	истребения	1
истребить	истребили	16
истребить	истребивший	5
истребить	истребил	17
истребить	истребитесь	6
истребить	истребит	15
истребить	истребился	8
истребить	истребиться	0
истребить	истребила	13
истребить	истребишь	2
истребить	истребить	18
истребить	истребилась	3
истребить	истребите	12
истребить	истребим	7
истребить	истребят	10
проспать	проспали	16
проспать	проспалась	3
проспать	проспашь	2
проспать	проспат	10
проспать	проспате	12
проспать	проспался	8
проспать	проспая	1
проспать	проспать	18
проспать	проспала	13
проспать	проспат	15
проспать	проспатесь	6
проспать	проспаться	0
проспать	проспавший	5
проспать	проспам	7
проспать	проспались	9
проспать	проспал	17
проспать	проспав	4
проспать	проспа	14
проспать	проспатся	11
спросить	спросения	1
спросить	спросились	9
спросить	спросится	11
спросить	спросив	4
спросить	спросим	7
спросить	просит	3
спросить	спросил	17
спросить	спросят	10
спросить	спроситесь	6
спросить	просить	5
спросить	спросила	13
спросить	спросился	8
спросить	попросит	2
спросить	спроситься	0
спросить	спросить	18
спросить	спросите	12
спросить	спроси	14
спросить	спросит	15
спросить	спросили	16
мирить	мирить	18
мирить	мирили	16
мирить	мирился	8
мирить	мири	14
мирить	мир	0
мирить	миривший	5
мирить	мирилась	3
мирить	мирила	13
мирить	мирен	2
мирить	мирится	11
мирить	мирись	4
мирить	мирились	9
мирить	мирите	12
мирить	миру	7
мирить	мирил	17
мирить	мирит	15
мирить	миритесь	6
мирить	мирения	1
мирить	мирят	10
подсмотреть	подсмотрел	17
подсмотреть	подсмотрен	2
подсмотреть	подсмотрет	10
подсмотреть	подсмотрения	1
подсмотреть	подсмотрела	13
подсмотреть	подсмотревший	5
подсмотреть	подсмотрется	11
подсмотреть	подсмотрев	4
подсмотреть	подсмотрелась	3
подсмотреть	подсмотретесь	6
подсмотреть	подсмотрете	12
подсмотреть	подсмотрет	15
подсмотреть	подсмотре	14
подсмотреть	подсмотреть	18
подсмотреть	подсмотреться	0
подсмотреть	подсмотрем	7
подсмотреть	подсмотрелся	8
подсмотреть	подсмотрелись	9
подсмотреть	подсмотрели	16
промямлить	промямивший	5
промямлить	промямила	13
промямлить	промямлят	10
промямлить	промямите	12
промямлить	промямился	8
промямлить	промямится	11
промямлить	промямилась	3
промямлить	промямилься	0
промямлить	промямил	17
промямлить	промямить	18
промямлить	промямитесь	6
промямлить	промямения	1
промямлить	промямит	15
промямлить	промями	14
промямлить	промямив	4
промямлить	промямишь	2
промямлить	промямились	9
промямлить	промямим	7
промямлить	промямили	16
раскрыть	раскрыть	18
раскрыть	раскрыв	4
раскрыть	раскрым	7
раскрыть	раскрыт	10
раскрыть	раскрыла	13
раскрыть	раскрылись	9
раскрыть	раскрыния	1
раскрыть	раскрыт	15
раскрыть	красывший	5
раскрыть	раскрын	2
раскрыть	раскрылась	3
раскрыть	раскры	14
раскрыть	раскрыться	0
раскрыть	раскрыл	17
раскрыть	раскрытся	11
раскрыть	раскрылся	8
раскрыть	раскрыте	12
раскрыть	раскрыли	16
раскрыть	раскрытесь	6
скатить	скатились	9
скатить	скатил	17
скатить	скату	7
скатить	скативший	5
скатить	скати	14
скатить	скатила	13
скатить	скатиться	0
скатить	скатись	4
скатить	скатить	18
скатить	покатит	2
скатить	скатилась	3
скатить	скатит	15
скатить	скатился	8
скатить	скатится	11
скатить	скатите	12
скатить	скатят	10
скатить	скатитесь	6
скатить	скатили	16
скатить	скатения	1
утаить	утаивший	5
утаить	утаится	11
утаить	утаил	17
утаить	утаила	13
утаить	утаиться	0
утаить	утаить	18
утаить	утаения	1
утаить	утаитесь	6
утаить	утаим	7
утаить	утаилась	3
утаить	утаился	8
утаить	утаит	15
утаить	утаив	4
утаить	утаите	12
утаить	утаились	9
утаить	утаили	16
утаить	утаи	14
утаить	утаят	10
утаить	утаишь	2
капнуть	капнуться	0
капнуть	капнулся	8
капнуть	капнула	13
капнуть	капнул	17
капнуть	капнутся	11
капнуть	капнушь	2
капнуть	капнуть	18
капнуть	капнулась	3
капнуть	капну	1
капнуть	капнули	16
капнуть	капнуте	12
капнуть	капнутесь	6
капнуть	капну	7
капнуть	капнув	4
капнуть	капнут	10
капнуть	капну	14
капнуть	капнулись	9
капнуть	капнувший	5
капнуть	капнут	15
снять	сням	7
снять	снял	17
снять	сняться	0
снять	снялись	9
снять	сняв	4
снять	снять	18
снять	снятся	11
снять	снятесь	6
снять	снят	10
снять	сняшь	2
снять	нят	3
снять	снялся	8
снять	сняли	16
снять	сняте	12
снять	сня	14
снять	снят	15
снять	сняла	13
снять	сня	1
снять	нять	5
перехватить	перехватитесь	6
перехватить	перехвати	14
перехватить	перехватились	9
перехватить	перехватили	16
перехватить	перехватится	11
перехватить	перехватил	17
перехватить	перехватив	4
перехватить	перехватения	1
перехватить	перехватишь	2
перехватить	перехватила	13
перехватить	перехватит	15
перехватить	перехватить	18
перехватить	перехватите	12
перехватить	перехватилась	3
перехватить	перехвативший	5
перехватить	перехватиться	0
перехватить	перехватят	10
перехватить	перехватился	8
перехватить	перехватим	7
навестить	навести	14
навестить	навестения	1
навестить	навестив	4
навестить	навестишь	2
навестить	навестить	18
навестить	навеститесь	6
навестить	навестился	8
навестить	навестится	11
навестить	навеститься	0
навестить	навестим	7
навестить	навестила	13
навестить	навестилась	3
навестить	навестите	12
навестить	навестились	9
навестить	навестил	17
навестить	навестили	16
навестить	навестит	15
навестить	навестят	10
навестить	навестивший	5
заинтересовать	заинересет	15
заинтересовать	заинересет	10
заинтересовать	заинересельствовал	17
заинтересовать	заинересиваться	0
заинтересовать	заинересется	11
заинтересовать	заинересельствовали	16
заинтересовать	заинересельствовался	8
заинтересовать	заинересельствовались	9
заинтересовать	заинересесь	6
заинтересовать	заинересете	12
заинтересовать	заинерестев	4
заинтересовать	заинересишь	2
заинтересовать	заинересения	1
заинтересовать	заинересельствовала	13
заинтересовать	заинересеть	18
заинтересовать	заинересивший	5
заинтересовать	заинересилась	3
заинтересовать	заинерестим	7
заинтересовать	заинересе	14
развязать	вязать	3
развязать	развязат	10
развязать	развязат	15
развязать	развязая	1
развязать	развязались	9
развязать	развязатесь	6
развязать	развязатся	11
развязать	развязашь	2
развязать	развязался	8
развязать	развяза	14
развязать	развязаться	0
развязать	развязате	12
развязать	развязала	13
развязать	вязать	5
развязать	развязать	18
развязать	развязам	7
развязать	развязал	17
развязать	развязали	16
развязать	развязав	4
закачать	закачала	13
закачать	закачашь	2
закачать	закачате	12
закачать	закача	14
закачать	закачалась	3
закачать	закачав	4
закачать	закачавший	5
закачать	закачаться	0
закачать	закачат	15
закачать	закачатся	11
закачать	закачались	9
закачать	закачат	10
закачать	закачатесь	6
закачать	закачался	8
закачать	закачать	18
закачать	закачал	17
закачать	закачам	7
закачать	закачали	16
закачать	закачая	1
возложить	возложит	15
возложить	возложения	1
возложить	возложился	8
возложить	возложил	17
возложить	возложив	4
возложить	возложила	13
возложить	возложи	14
возложить	возложиться	0
возложить	возложитесь	6
возложить	возложилась	3
возложить	возложится	11
возложить	возложить	18
возложить	возложили	16
возложить	возложились	9
возложить	возложу	7
возложить	возложивший	5
возложить	возложите	12
возложить	возложен	2
возложить	возложят	10
закутать	закутавший	5
закутать	закуталась	3
закутать	закутам	7
закутать	закутать	18
закутать	закутала	13
закутать	закутал	17
закутать	закутались	9
закутать	закута	14
закутать	закутатся	11
закутать	закутат	15
закутать	закутаться	0
закутать	закутая	1
закутать	закутался	8
закутать	закутат	10
закутать	закутатесь	6
закутать	закутали	16
закутать	закутате	12
закутать	закутав	4
закутать	закуташь	2
простить	простивший	5
простить	простил	17
простить	простить	18
простить	простения	1
простить	простилась	3
простить	простят	10
простить	простила	13
простить	простились	9
простить	простив	4
простить	простит	15
простить	простим	7
простить	проститься	0
простить	простится	11
простить	проститесь	6
простить	прости	14
простить	простишь	2
простить	простился	8
простить	простили	16
простить	простите	12
прислонить	прислони	14
прислонить	прислонила	13
прислонить	прислоним	7
прислонить	прислонился	8
прислонить	прислоните	12
прислонить	прислонен	2
прислонить	прислонили	16
прислонить	прислонив	4
прислонить	прислонит	15
прислонить	прислонитесь	6
прислонить	прислонится	11
прислонить	прислонились	9
прислонить	прислонения	1
прислонить	прислонил	17
прислонить	прислонивший	5
прислонить	прислонят	10
прислонить	прислонилась	3
прислонить	прислониться	0
прислонить	прислонить	18
возвестить	возвестились	9
возвестить	возвестит	15
возвестить	возвестись	4
возвестить	возвестила	13
возвестить	возвестить	18
возвестить	возвести	14
возвестить	возвестили	16
возвестить	возвестите	12
возвестить	возвестился	8
возвестить	возвестения	1
возвестить	возвестят	10
возвестить	возвестилась	3
возвестить	возвестишь	2
возвестить	возвеститься	0
возвестить	возвеститесь	6
возвестить	возвестил	17
возвестить	возвестим	7
возвестить	возвестится	11
возвестить	возвестивший	5
опровергнуть	опровергнушь	2
опровергнуть	опровергну	14
опровергнуть	опровергнуться	0
опровергнуть	опровергнут	10
опровергнуть	опровергнутесь	6
опровергнуть	опровергну	7
опровергнуть	опровергнуть	18
опровергнуть	опровергнув	4
опровергнуть	опровергнутся	11
опровергнуть	опровергнули	16
опровергнуть	опровергнуте	12
опровергнуть	опровергнул	17
опровергнуть	опровергнувший	5
опровергнуть	опровернуя	1
опровергнуть	опровергнут	15
опровергнуть	опровергнулась	3
опровергнуть	опровергнулся	8
опровергнуть	опровергнулись	9
опровергнуть	опровергнула	13
соблазнить	соблазнить	18
соблазнить	соблазните	12
соблазнить	облазнит	3
соблазнить	соблазнят	10
соблазнить	соблазнила	13
соблазнить	соблазни	14
соблазнить	соблазнитесь	6
соблазнить	соблазнив	4
соблазнить	соблазнения	1
соблазнить	соблазн	0
соблазнить	соблазнили	16
соблазнить	соблазнится	11
соблазнить	соблазнишь	2
соблазнить	соблазнил	17
соблазнить	соблазну	7
соблазнить	облазнить	5
соблазнить	соблазнит	15
соблазнить	соблазнились	9
соблазнить	соблазнился	8
ознаменовать	ознаменовался	8
ознаменовать	ознаменоват	15
ознаменовать	ознаменовалась	3
ознаменовать	ознаменовая	1
ознаменовать	ознаменоваться	0
ознаменовать	ознаменовал	17
ознаменовать	ознаменовавший	5
ознаменовать	ознаменова	14
ознаменовать	ознаменовашь	2
ознаменовать	ознаменовали	16
ознаменовать	ознаменовать	18
ознаменовать	ознаменовались	9
ознаменовать	ознаменовам	7
ознаменовать	ознаменоват	10
ознаменовать	ознаменовала	13
ознаменовать	ознаменоватесь	6
ознаменовать	ознаменоватся	11
ознаменовать	ознаменовась	4
ознаменовать	ознаменовате	12
вложить	вложят	10
вложить	вложи	14
вложить	вложитесь	6
вложить	вложились	9
вложить	вложите	12
вложить	вложит	15
вложить	вложился	8
вложить	вложишь	2
вложить	вложить	18
вложить	вложу	7
вложить	вложил	17
вложить	вложили	16
вложить	влож	0
вложить	вложилась	3
вложить	вложится	11
вложить	вложения	1
вложить	вложила	13
вложить	вложив	4
вложить	вложивший	5
пощёлкать	пощтали	16
пощёлкать	пощталат	15
пощёлкать	пощалкавший	5
пощёлкать	пощтаться	0
пощёлкать	пощта	14
пощёлкать	пощтался	8
пощёлкать	пощталашь	2
пощёлкать	пощталате	12
пощёлкать	пощталсятся	11
пощёлкать	пощталатесь	6
пощёлкать	пощталения	1
пощёлкать	пощтались	9
пощёлкать	пощталят	10
пощёлкать	пощтал	17
пощёлкать	пощалкав	4
пощёлкать	пощалкалась	3
пощёлкать	пощталать	18
пощёлкать	пощулам	7
пощёлкать	пощтала	13
обжечь	обжечь	14
обжечь	обжечь	4
обжечь	обжечь	16
обжечь	обжечу	7
обжечь	обжечь	17
обжечь	обжечь	2
обжечь	обжечь	3
обжечь	обжечала	13
обжечь	обжечь	5
обжечь	обжечь	6
обжечь	обжечься	0
обжечь	обжечят	10
обжечь	обжечь	18
обжечь	обжечь	1
обжечь	обжечься	8
обжечь	обжечь	12
обжечь	обжечь	9
обжечь	обжечь	15
обжечь	обжечься	11
поддеть	подется	11
поддеть	подели	16
поддеть	подела	13
поддеть	подев	4
поддеть	подет	15
поддеть	подеть	18
поддеть	подете	12
поддеть	поден	2
поддеть	подем	7
поддеть	поде	14
поддеть	поделся	8
поддеть	подет	10
поддеть	подения	1
поддеть	подетесь	6
поддеть	подеться	0
поддеть	поделась	3
поддеть	подевший	5
поддеть	подел	17
поддеть	поделись	9
приять	приятесь	6
приять	прияли	16
приять	приялась	3
приять	прия	7
приять	прият	10
приять	прия	14
приять	прияла	13
приять	приялись	9
приять	приял	17
приять	приялся	8
приять	прияв	4
приять	приявший	5
приять	приятся	11
приять	прияться	0
приять	прияте	12
приять	прияшь	2
приять	прият	15
приять	прия	1
приять	приять	18
скривить	скрививший	5
скривить	скриву	7
скривить	скривились	9
скривить	скривила	13
скривить	скривится	11
скривить	скривить	18
скривить	скривись	4
скривить	скривения	1
скривить	покривит	2
скривить	скривили	16
скривить	скривитесь	6
скривить	скривился	8
скривить	скрив	0
скривить	скривил	17
скривить	скривят	10
скривить	скривит	15
скривить	скривилась	3
скривить	скриви	14
скривить	скривите	12
засвидетельствовать	засвидетельствоватесь	6
засвидетельствовать	засвидетельствова	14
засвидетельствовать	засвидетельствовав	4
засвидетельствовать	засвидетельствоваться	0
засвидетельствовать	засвидетельствовались	9
засвидетельствовать	засвидетельствовам	7
засвидетельствовать	засвидетельствовавший	5
засвидетельствовать	засвидетельствоват	10
засвидетельствовать	засвидетельствовала	13
засвидетельствовать	засвидетельствовашь	2
засвидетельствовать	засвидетельствовал	17
засвидетельствовать	засвидетельствовая	1
засвидетельствовать	засвидетельствоватся	11
засвидетельствовать	засвидетельствоват	15
засвидетельствовать	засвидетельствовать	18
засвидетельствовать	засвидетельствовалась	3
засвидетельствовать	засвидетельствовате	12
засвидетельствовать	засвидетельствовали	16
засвидетельствовать	засвидетельствовался	8
изжить	изжился	8
изжить	изживший	5
изжить	изжила	13
изжить	изжиться	0
изжить	изжить	18
изжить	изжите	12
изжить	изжитесь	6
изжить	изжилась	3
изжить	изжил	17
изжить	изжят	10
изжить	изжи	14
изжить	изжит	15
изжить	изжив	4
изжить	изжили	16
изжить	изжения	1
изжить	изжен	2
изжить	изжились	9
изжить	изжу	7
изжить	изжится	11
опорожнить	опорожнения	1
опорожнить	опорожнив	4
опорожнить	опорожнитесь	6
опорожнить	опорожнился	8
опорожнить	опорожнят	10
опорожнить	опорожнила	13
опорожнить	опорожните	12
опорожнить	опорожнились	9
опорожнить	опорожнили	16
опорожнить	опорожнит	15
опорожнить	опорожнивший	5
опорожнить	опорожнится	11
опорожнить	опорожнен	2
опорожнить	опорожнить	18
опорожнить	опорожни	14
опорожнить	опорожнил	17
опорожнить	опорожниться	0
опорожнить	опорожним	7
опорожнить	опорожнилась	3
спалить	спалит	15
спалить	спалитесь	6
спалить	спалите	12
спалить	спалила	13
спалить	палить	5
спалить	спалится	11
спалить	палит	3
спалить	спалят	10
спалить	спалим	7
спалить	спалил	17
спалить	спал	0
спалить	спалить	18
спалить	спалились	9
спалить	спались	4
спалить	спаления	1
спалить	спалили	16
спалить	попалит	2
спалить	спали	14
спалить	спалился	8
отыскать	отыскате	12
отыскать	отыскам	7
отыскать	отыска	14
отыскать	отыскавший	5
отыскать	отыскатесь	6
отыскать	отыскали	16
отыскать	отыскат	10
отыскать	отыскались	9
отыскать	отыскал	17
отыскать	отыскала	13
отыскать	отыскав	4
отыскать	отыскашь	2
отыскать	отыскат	15
отыскать	отыскатся	11
отыскать	отыскалась	3
отыскать	отыскаться	0
отыскать	отыскался	8
отыскать	отыская	1
отыскать	отыскать	18
сплюнуть	сплюну	7
сплюнуть	сплюнут	10
сплюнуть	сплюнут	15
сплюнуть	сплюнутся	11
сплюнуть	сплюнушь	2
сплюнуть	сплюнули	16
сплюнуть	сплюнув	4
сплюнуть	сплюнутесь	6
сплюнуть	сплюну	1
сплюнуть	сплюнуться	0
сплюнуть	сплюнул	17
сплюнуть	плюнуть	5
сплюнуть	сплюнулись	9
сплюнуть	сплюну	14
сплюнуть	плюнут	3
сплюнуть	сплюнула	13
сплюнуть	сплюнуть	18
сплюнуть	сплюнуте	12
сплюнуть	сплюнулся	8
получить	получив	4
получить	получит	15
получить	получится	11
получить	получи	14
получить	получения	1
получить	получила	13
получить	получишь	2
получить	получите	12
получить	получиться	0
получить	получилась	3
получить	получивший	5
получить	получить	18
получить	получят	10
получить	получили	16
получить	получились	9
получить	получим	7
получить	получился	8
получить	получил	17
получить	получитесь	6
обезручить	обезручит	15
обезручить	оберучения	1
обезручить	обезручен	2
обезручить	обезручила	13
обезручить	обезручится	11
обезручить	обезручил	17
обезручить	оберучитесь	6
обезручить	оберучят	10
обезручить	оберучились	9
обезручить	оберучив	4
обезручить	обезручить	18
обезручить	оберучиться	0
обезручить	оберучивший	5
обезручить	обезручился	8
обезручить	оберучилась	3
обезручить	оберучу	7
обезручить	обезручи	14
обезручить	оберучите	12
обезручить	обезручили	16
истолковать	истолковала	13
истолковать	истолковашь	2
истолковать	истолковаться	0
истолковать	истолковатесь	6
истолковать	истолковате	12
истолковать	истолковатся	11
истолковать	истолковать	18
истолковать	истолковая	1
истолковать	истолковат	15
истолковать	истолковались	9
истолковать	истолковат	10
истолковать	истолкова	14
истолковать	истолковался	8
истолковать	истолковавший	5
истолковать	истолковали	16
истолковать	истолковав	4
истолковать	истолковам	7
истолковать	истолковалась	3
истолковать	истолковал	17
запить	запилась	3
запить	запила	13
запить	запения	1
запить	запитесь	6
запить	запи	14
запить	запите	12
запить	запился	8
запить	запили	16
запить	запится	11
запить	запиться	0
запить	запим	7
запить	запить	18
запить	запит	15
запить	запись	4
запить	запились	9
запить	запишь	2
запить	запил	17
запить	запивший	5
запить	запят	10
списать	списат	15
списать	списа	14
списать	пописат	2
списать	списал	17
списать	списате	12
списать	списали	16
списать	списатесь	6
списать	списам	7
списать	списать	18
списать	писат	3
списать	списаться	0
списать	списая	1
списать	писать	5
списать	списались	9
списать	списав	4
списать	списала	13
списать	списатся	11
списать	списат	10
списать	списался	8
отсосать	отсосала	13
отсосать	отсосавший	5
отсосать	отсосал	17
отсосать	отсосатесь	6
отсосать	отсосалась	3
отсосать	отсосав	4
отсосать	отсосался	8
отсосать	отсосат	15
отсосать	отсосат	10
отсосать	отсоса	14
отсосать	отсосать	18
отсосать	отсосали	16
отсосать	отсосая	1
отсосать	отсосались	9
отсосать	отсосатся	11
отсосать	отсосашь	2
отсосать	отсосате	12
отсосать	отсосаться	0
отсосать	отсосам	7
ввести	ввести	16
ввести	ввестилась	3
ввести	ввестились	9
ввести	ввеститесь	6
ввести	ввесту	7
ввести	ввестения	1
ввести	ввести	12
ввести	ввестив	4
ввести	ввеститься	0
ввести	ввестит	15
ввести	ввестивший	5
ввести	ввестится	11
ввести	ввестился	8
ввести	ввестишь	2
ввести	ввестил	17
ввести	ввестят	10
ввести	ввести	18
ввести	ввести	14
ввести	ввестила	13
подслушать	подслушала	13
подслушать	подслушалась	3
подслушать	подслуша	14
подслушать	подслушавший	5
подслушать	подслушате	12
подслушать	подслушат	15
подслушать	подслушать	18
подслушать	подслушая	1
подслушать	подслушам	7
подслушать	подслушав	4
подслушать	подслушашь	2
подслушать	подслушали	16
подслушать	подслушаться	0
подслушать	подслушались	9
подслушать	подслушал	17
подслушать	подслушатся	11
подслушать	подслушат	10
подслушать	подслушался	8
подслушать	подслушатесь	6
раздавить	раздави	14
раздавить	раздавите	12
раздавить	раздавилась	3
раздавить	раздавила	13
раздавить	раздав	0
раздавить	раздавитесь	6
раздавить	раздавится	11
раздавить	раздавения	1
раздавить	раздавились	9
раздавить	раздавив	4
раздавить	раздавит	15
раздавить	раздавить	18
раздавить	раздавишь	2
раздавить	раздавился	8
раздавить	раздавят	10
раздавить	раздавил	17
раздавить	давить	5
раздавить	раздавим	7
раздавить	раздавили	16
присчитать	присчитаться	0
присчитать	присчиталась	3
присчитать	присчитат	10
присчитать	присчитал	17
присчитать	присчитатся	11
присчитать	присчитав	4
присчитать	присчиташь	2
присчитать	присчитался	8
присчитать	присчитате	12
присчитать	присчитали	16
присчитать	присчитать	18
присчитать	присчитала	13
присчитать	присчитая	1
присчитать	присчитам	7
присчитать	присчитат	15
присчитать	присчитавший	5
присчитать	присчита	14
присчитать	присчитатесь	6
присчитать	присчитались	9
разорить	разорить	18
разорить	оразоривший	5
разорить	разорите	12
разорить	разоритесь	6
разорить	оразорилась	3
разорить	разориться	0
разорить	разорят	10
разорить	разорили	16
разорить	разорит	15
разорить	разорился	8
разорить	разорится	11
разорить	разори	14
разорить	разорились	9
разорить	разорим	7
разорить	разорен	2
разорить	разорив	4
разорить	разорил	17
разорить	разорения	1
разорить	разорила	13
подметить	подметишь	2
подметить	подметите	12
подметить	подметил	17
подметить	подметила	13
подметить	подметят	10
подметить	подметилась	3
подметить	подметить	18
подметить	подметитесь	6
подметить	подметился	8
подметить	подметения	1
подметить	подметились	9
подметить	подмети	14
подметить	подметили	16
подметить	подмет	0
подметить	подметит	15
подметить	подметив	4
подметить	подметивший	5
подметить	подметится	11
подметить	подметим	7
схоронить	схоронитесь	6
схоронить	схоронить	18
схоронить	схоронят	10
схоронить	схороните	12
схоронить	схоронил	17
схоронить	схоронит	15
схоронить	схоронился	8
схоронить	схоронив	4
схоронить	хоронить	5
схоронить	схорони	14
схоронить	схоронились	9
схоронить	схоронили	16
схоронить	хоронит	3
схоронить	схоронила	13
схоронить	похоронит	2
схоронить	схорониться	0
схоронить	схоронения	1
схоронить	схороним	7
схоронить	схоронится	11
прищурить	прищурил	17
прищурить	прищурились	9
прищурить	прищрен	2
прищурить	прищурить	18
прищурить	прищуриться	0
прищурить	прищурилась	3
прищурить	прищурился	8
прищурить	прищурите	12
прищурить	прищурится	11
прищурить	прищурения	1
прищурить	прищурив	4
прищурить	прищурили	16
прищурить	прищурила	13
прищурить	прищу	7
прищурить	прищуривший	5
прищурить	прищурят	10
прищурить	прищурит	15
прищурить	прищуритесь	6
прищурить	прищури	14
уведомить	уведомить	18
уведомить	уведомила	13
уведомить	уведомения	1
уведомить	уведомился	8
уведомить	уведомили	16
уведомить	уведомиться	0
уведомить	уведомишь	2
уведомить	уведомит	15
уведомить	уведомитесь	6
уведомить	уведомим	7
уведомить	уведомят	10
уведомить	уведоми	14
уведомить	уведомилась	3
уведомить	уведомится	11
уведомить	уведомив	4
уведомить	уведомите	12
уведомить	уведомил	17
уведомить	уведомивший	5
уведомить	уведомились	9
выстоять	выстоять	18
выстоять	выстоя	14
выстоять	выстояв	4
выстоять	выстоял	17
выстоять	выстояла	13
выстоять	выстоят	15
выстоять	выстояшь	2
выстоять	выстоятесь	6
выстоять	выстояли	16
выстоять	выстоям	7
выстоять	выстоят	10
выстоять	выстоявший	5
выстоять	выстояться	0
выстоять	выстоя	1
выстоять	выстоялись	9
выстоять	выстоятся	11
выстоять	выстоялась	3
выстоять	выстояте	12
выстоять	выстоялся	8
покорить	покорится	11
покорить	покорим	7
покорить	покорились	9
покорить	покорит	15
покорить	покорил	17
покорить	покорился	8
покорить	покоривший	5
покорить	покоришь	2
покорить	покорят	10
покорить	покорите	12
покорить	покорись	4
покорить	покорила	13
покорить	покориться	0
покорить	покори	14
покорить	покоритесь	6
покорить	покорили	16
покорить	покорилась	3
покорить	покорить	18
покорить	покорения	1
обыскать	обыскаться	0
обыскать	обыскатся	11
обыскать	обыскатесь	6
обыскать	обыскавший	5
обыскать	обыскались	9
обыскать	обыскалась	3
обыскать	обыскате	12
обыскать	обыскать	18
обыскать	обыскам	7
обыскать	обыскашь	2
обыскать	обыскав	4
обыскать	обыская	1
обыскать	обыскала	13
обыскать	обыскали	16
обыскать	обыскат	15
обыскать	обыскал	17
обыскать	обыскался	8
обыскать	обыска	14
обыскать	обыскат	10
подвести	подвестения	1
подвести	подвеститься	0
подвести	подвестишь	2
подвести	подвести	16
подвести	подвестят	10
подвести	подвеститесь	6
подвести	подвести	13
подвести	подвестивший	5
подвести	подвестился	8
подвести	подвести	12
подвести	подвестим	7
подвести	подвестилась	3
подвести	подвести	11
подвести	подвести	18
подвести	подвестил	17
подвести	подвестит	15
подвести	подвести	14
подвести	подвестились	9
подвести	подвестив	4
привнести	привнестив	4
привнести	привнестились	9
привнести	привнестили	16
привнести	привнестил	17
привнести	привнести	18
привнести	привнестился	8
привнести	привеститься	0
привнести	привести	14
привнести	привнестит	15
привнести	привнестен	2
привнести	привнестится	11
привнести	привнеститесь	6
привнести	привнестивший	5
привнести	привестим	7
привнести	привнестят	10
привнести	привнесения	1
привнести	привестите	12
привнести	привестилась	3
привнести	привнестила	13
выказать	выказат	10
выказать	выказалась	3
выказать	выказаться	0
выказать	выказам	7
выказать	выказашь	2
выказать	выказавший	5
выказать	выказатся	11
выказать	выказала	13
выказать	выказали	16
выказать	выказал	17
выказать	выказат	15
выказать	выказать	18
выказать	выказав	4
выказать	выказая	1
выказать	выказался	8
выказать	выказа	14
выказать	выказались	9
выказать	выказатесь	6
выказать	выказате	12
размахнуть	размахнут	10
размахнуть	размахнутесь	6
размахнуть	размахнув	4
размахнуть	разманут	15
размахнуть	разманулся	8
размахнуть	размахнушь	2
размахнуть	размахнула	13
размахнуть	разманул	17
размахнуть	махманулась	3
размахнуть	размахну	14
размахнуть	махрахнувший	5
размахнуть	разманули	16
размахнуть	размануте	12
размахнуть	размануться	0
размахнуть	размахну	1
размахнуть	разманутся	11
размахнуть	разманулись	9
размахнуть	размахнуть	18
размахнуть	размахну	7
отгадать	отгадатесь	6
отгадать	отгадал	17
отгадать	отгадам	7
отгадать	отгада	14
отгадать	отгадате	12
отгадать	отгадались	9
отгадать	отгадат	15
отгадать	отгадат	10
отгадать	отгадаться	0
отгадать	отгадался	8
отгадать	отгадала	13
отгадать	отгадав	4
отгадать	отгадатся	11
отгадать	отгадали	16
отгадать	отгадалась	3
отгадать	отгадать	18
отгадать	отгадавший	5
отгадать	отгадая	1
отгадать	отгадашь	2
раздобыть	раздобыния	1
раздобыть	раздобыт	15
раздобыть	раздобышь	2
раздобыть	раздобыте	12
раздобыть	раздобы	14
раздобыть	раздобылась	3
раздобыть	раздобылся	8
раздобыть	раздобыл	17
раздобыть	раздобыла	13
раздобыть	раздобыть	18
раздобыть	раздобылись	9
раздобыть	раздобыв	4
раздобыть	раздобыли	16
раздобыть	раздобыться	0
раздобыть	раздобытесь	6
раздобыть	раздобым	7
раздобыть	раздобыт	10
раздобыть	раздобытся	11
раздобыть	добыть	5
укротить	укроти	14
укротить	укротишь	2
укротить	укротились	9
укротить	укротят	10
укротить	укроту	7
укротить	укротения	1
укротить	укротивший	5
укротить	укротила	13
укротить	укротили	16
укротить	укротить	18
укротить	укротите	12
укротить	укротись	4
укротить	укротитесь	6
укротить	укротит	15
укротить	укротилась	3
укротить	укротиться	0
укротить	укротился	8
укротить	укротится	11
укротить	укротил	17
вобрать	вобрашь	2
вобрать	вобралась	3
вобрать	вобрам	7
вобрать	вобрат	15
вобрать	вобрав	4
вобрать	вобрали	16
вобрать	вобраться	0
вобрать	вобрался	8
вобрать	вобра	14
вобрать	вобрала	13
вобрать	вобравший	5
вобрать	вобрат	10
вобрать	вобратесь	6
вобрать	вобратся	11
вобрать	вобрате	12
вобрать	вобрать	18
вобрать	вобрал	17
вобрать	вобрались	9
вобрать	вобрая	1
усыновить	усыновилась	3
усыновить	усыновим	7
усыновить	усыновивший	5
усыновить	усыновиться	0
усыновить	усыновили	16
усыновить	усыновитесь	6
усыновить	усыновился	8
усыновить	усыновить	18
усыновить	усынови	14
усыновить	усыновив	4
усыновить	усыновите	12
усыновить	усыновит	15
усыновить	усыновения	1
усыновить	усыновились	9
усыновить	усыновишь	2
усыновить	усыновила	13
усыновить	усыновил	17
усыновить	усыновится	11
усыновить	усыновят	10
сразить	сразился	8
сразить	сразила	13
сразить	сразения	1
сразить	сразится	11
сразить	срази	14
сразить	сразит	15
сразить	сразить	18
сразить	сразились	9
сразить	сразите	12
сразить	сразитесь	6
сразить	сразили	16
сразить	поразит	2
сразить	сразят	10
сразить	сразиться	0
сразить	разит	3
сразить	сразил	17
сразить	сразись	4
сразить	разить	5
сразить	сразим	7
отсечь	отсечили	16
отсечь	отсечься	11
отсечь	отсечь	17
отсечь	отсечесь	6
отсечь	отсечились	9
отсечь	отсечь	2
отсечь	отсечь	13
отсечь	отсечий	5
отсечь	отсечят	10
отсечь	отсечь	3
отсечь	отсечу	7
отсечь	отсечься	8
отсечь	отсечь	12
отсечь	отсечения	1
отсечь	отсечь	15
отсечь	отсечь	18
отсечь	отсечь	14
отсечь	отсечься	0
отсечь	отсечь	4
загадить	загадится	11
загадить	загадите	12
загадить	загадивший	5
загадить	загадят	10
загадить	загадения	1
загадить	загадил	17
загадить	загаду	7
загадить	загадишь	2
загадить	загадить	18
загадить	загадит	15
загадить	загадили	16
загадить	загадила	13
загадить	загадились	9
загадить	загадилась	3
загадить	загадитесь	6
загадить	загади	14
загадить	загадив	4
загадить	загадиться	0
загадить	загадился	8
накормить	накормился	8
накормить	накормят	10
накормить	накормила	13
накормить	накормим	7
накормить	накормив	4
накормить	накормится	11
накормить	накормит	15
накормить	накормишь	2
накормить	накормитесь	6
накормить	накормил	17
накормить	накормения	1
накормить	накормивший	5
накормить	накормились	9
накормить	накормиться	0
накормить	накормить	18
накормить	накормилась	3
накормить	накорми	14
накормить	накормите	12
накормить	накормили	16
помотать	помотам	7
помотать	помотатесь	6
помотать	помотал	17
помотать	помотатся	11
помотать	помотат	10
помотать	помотать	18
помотать	помотался	8
помотать	помотаться	0
помотать	помотались	9
помотать	помоташь	2
помотать	помоталась	3
помотать	помотав	4
помотать	помотавший	5
помотать	помотала	13
помотать	помота	14
помотать	помотая	1
помотать	помотат	15
помотать	помотате	12
помотать	помотали	16
переговорить	переговорилась	3
переговорить	переговорив	4
переговорить	переговори	14
переговорить	переговорили	16
переговорить	переговорил	17
переговорить	переговорить	18
переговорить	переговорились	9
переговорить	переговорился	8
переговорить	переговоришь	2
переговорить	переговориться	0
переговорить	переговорится	11
переговорить	переговорения	1
переговорить	переговоривший	5
переговорить	переговоритесь	6
переговорить	переговорим	7
переговорить	переговорила	13
переговорить	переговорите	12
переговорить	переговорит	15
переговорить	переговорят	10
отразить	отразили	16
отразить	отразить	18
отразить	отразились	9
отразить	отрази	14
отразить	отразится	11
отразить	отразила	13
отразить	отразив	4
отразить	отразишь	2
отразить	отразилась	3
отразить	отразил	17
отразить	отразите	12
отразить	отразения	1
отразить	отразился	8
отразить	отразят	10
отразить	отразит	15
отразить	отразиться	0
отразить	отразивший	5
отразить	отразитесь	6
отразить	отразим	7
срубить	срубил	17
срубить	срубила	13
срубить	срубит	15
срубить	срубили	16
срубить	срубиться	0
срубить	сруби	14
срубить	срубят	10
срубить	срубится	11
срубить	срубите	12
срубить	рубит	3
срубить	срубив	4
срубить	срубу	7
срубить	рубить	5
срубить	срубились	9
срубить	срубитесь	6
срубить	срубился	8
срубить	срубить	18
срубить	срубения	1
срубить	срубишь	2
забрызгать	забрызгат	10
забрызгать	забрызгат	15
забрызгать	забрызгате	12
забрызгать	забрызгатесь	6
забрызгать	забрызгав	4
забрызгать	забрызгашь	2
забрызгать	забрызгам	7
забрызгать	забрызгавший	5
забрызгать	забрызгатся	11
забрызгать	забрызгалась	3
забрызгать	забрызгала	13
забрызгать	забрызгаться	0
забрызгать	забрызгать	18
забрызгать	забрызгая	1
забрызгать	забрызгал	17
забрызгать	забрызга	14
забрызгать	забрызгались	9
забрызгать	забрызгали	16
забрызгать	забрызгался	8
сковать	сковал	17
сковать	сковалась	3
сковать	сковате	12
сковать	сковатесь	6
сковать	сковат	15
сковать	сковаться	0
сковать	сковав	4
сковать	сковался	8
сковать	сковавший	5
сковать	сковала	13
сковать	сковам	7
сковать	сковая	1
сковать	сковашь	2
сковать	сковали	16
сковать	сковат	10
сковать	сковатся	11
сковать	скова	14
сковать	сковать	18
сковать	сковались	9
разжать	жать	5
разжать	разжали	16
разжать	разжатся	11
разжать	разжат	10
разжать	разжать	18
разжать	разжая	1
разжать	разжате	12
разжать	жать	3
разжать	разжаться	0
разжать	разжался	8
разжать	разжались	9
разжать	разжат	15
разжать	разжам	7
разжать	разжа	14
разжать	разжатесь	6
разжать	разжала	13
разжать	разжал	17
разжать	разжашь	2
разжать	разжав	4
подъять	подъям	7
подъять	подъяв	4
подъять	подъяла	13
подъять	подъявший	5
подъять	подъяться	0
подъять	подъят	10
подъять	подъят	15
подъять	подъятесь	6
подъять	подъял	17
подъять	подъялись	9
подъять	подъяшь	2
подъять	подъялась	3
подъять	подъяте	12
подъять	подъя	1
подъять	подъяли	16
подъять	подъятся	11
подъять	подъять	18
подъять	подъялся	8
подъять	подъя	14
разочаровать	разочаровала	13
разочаровать	разочаровать	18
разочаровать	разочаровате	12
разочаровать	разочаровались	9
разочаровать	разочаровался	8
разочаровать	разочаровая	1
разочаровать	разочаровалась	3
разочаровать	разочаровали	16
разочаровать	разочароватесь	6
разочаровать	разочаровав	4
разочаровать	разочароват	10
разочаровать	разочарова	14
разочаровать	разочароваться	0
разочаровать	разочароват	15
разочаровать	разочаровам	7
разочаровать	разочаровал	17
разочаровать	разочароватся	11
разочаровать	разочаровашь	2
разочаровать	очарчаровавший	5
смирить	смирись	4
смирить	смирится	11
смирить	смирите	12
смирить	смирит	15
смирить	смирили	16
смирить	смирил	17
смирить	мирить	5
смирить	смирен	2
смирить	смирят	10
смирить	мирит	3
смирить	смирения	1
смирить	смирить	18
смирить	смириться	0
смирить	смирила	13
смирить	смиру	7
смирить	смирились	9
смирить	смиритесь	6
смирить	смирился	8
смирить	смири	14
подмести	подместиться	0
подмести	подмести	11
подмести	подместит	15
подмести	подместился	8
подмести	подмести	12
подмести	подмести	18
подмести	подмести	13
подмести	подместив	4
подмести	подместитесь	6
подмести	подместим	7
подмести	подместились	9
подмести	подмести	16
подмести	подместения	1
подмести	подместят	10
подмести	подместишь	2
подмести	подмести	14
подмести	подместилась	3
подмести	подместил	17
подмести	подместивший	5
захватить	захватив	4
захватить	захвативший	5
захватить	захватения	1
захватить	захватилась	3
захватить	захватит	15
захватить	захватите	12
захватить	захватиться	0
захватить	захватила	13
захватить	захватим	7
захватить	захватить	18
захватить	захватитесь	6
захватить	захватился	8
захватить	захватил	17
захватить	захватишь	2
захватить	захватится	11
захватить	захватили	16
захватить	захватят	10
захватить	захвати	14
захватить	захватились	9
подытожить	подытожила	13
подытожить	подытожиться	0
подытожить	подытожитесь	6
подытожить	подытожились	9
подытожить	подытожив	4
подытожить	подытожите	12
подытожить	подытожит	15
подытожить	подытожили	16
подытожить	подытожу	7
подытожить	подытожить	18
подытожить	подытоживший	5
подытожить	подытожения	1
подытожить	подытожят	10
подытожить	подытожится	11
подытожить	подытожил	17
подытожить	подытожишь	2
подытожить	подытожился	8
подытожить	подытожи	14
подытожить	подытожилась	3
пронзить	пронзили	16
пронзить	пронзил	17
пронзить	пронзивший	5
пронзить	пронзив	4
пронзить	пронзения	1
пронзить	пронзи	14
пронзить	пронзилась	3
пронзить	пронзитесь	6
пронзить	пронзит	15
пронзить	пронзиться	0
пронзить	пронзу	7
пронзить	пронзен	2
пронзить	пронзила	13
пронзить	пронзят	10
пронзить	пронзится	11
пронзить	пронзился	8
пронзить	пронзить	18
пронзить	пронзились	9
пронзить	пронзите	12
разукрасить	разукрасят	10
разукрасить	разукраситесь	6
разукрасить	разукрасится	11
разукрасить	разукрасит	15
разукрасить	разукрасили	16
разукрасить	разукрасите	12
разукрасить	украсит	3
разукрасить	разукрасить	18
разукрасить	разукраси	14
разукрасить	разукрасения	1
разукрасить	разукрасил	17
разукрасить	разукрасим	7
разукрасить	разукрасился	8
разукрасить	разукрасишь	2
разукрасить	разукрасились	9
разукрасить	разукрасила	13
разукрасить	разукраситься	0
разукрасить	украсить	5
разукрасить	разукрасив	4
отвергнуть	отвергнуться	0
отвергнуть	отвергнуя	1
отвергнуть	отвергнулась	3
отвергнуть	отвергнула	13
отвергнуть	отвергнулся	8
отвергнуть	отвергнушь	2
отвергнуть	отвергнув	4
отвергнуть	отвергнуть	18
отвергнуть	отвергнувший	5
отвергнуть	отвергнут	10
отвергнуть	отвергнулись	9
отвергнуть	отвергну	14
отвергнуть	отвергнутесь	6
отвергнуть	отвергнут	15
отвергнуть	отвергнули	16
отвергнуть	отвергнул	17
отвергнуть	отвергну	7
отвергнуть	отвергнуте	12
отвергнуть	отвергнутся	11
замочить	замочу	7
замочить	замочиться	0
замочить	замочивший	5
замочить	замочите	12
замочить	замочился	8
замочить	замочи	14
замочить	замочила	13
замочить	замочит	15
замочить	замочились	9
замочить	замочят	10
замочить	замочил	17
замочить	замочения	1
замочить	замочилась	3
замочить	замочить	18
замочить	замочишь	2
замочить	замочили	16
замочить	замочится	11
замочить	замочитесь	6
замочить	замочив	4
явить	яви	14
явить	явишь	2
явить	явились	9
явить	явила	13
явить	явиться	0
явить	явите	12
явить	явивший	5
явить	явят	10
явить	явись	4
явить	явили	16
явить	явился	8
явить	явится	11
явить	явения	1
явить	явил	17
явить	явилась	3
явить	явим	7
явить	явить	18
явить	явит	15
явить	явитесь	6
оживить	оживил	17
оживить	оживила	13
оживить	ожививший	5
оживить	оживив	4
оживить	оживения	1
оживить	оживился	8
оживить	оживитесь	6
оживить	оживили	16
оживить	оживите	12
оживить	оживились	9
оживить	оживят	10
оживить	оживить	18
оживить	оживит	15
оживить	оживи	14
оживить	оживишь	2
оживить	ожив	0
оживить	оживится	11
оживить	оживилась	3
оживить	оживу	7
избавить	избавилась	3
избавить	избавят	10
избавить	избавите	12
избавить	избавился	8
избавить	избавила	13
избавить	избавил	17
избавить	избавив	4
избавить	избавиться	0
избавить	избави	14
избавить	избавения	1
избавить	избавились	9
избавить	избавит	15
избавить	избавивший	5
избавить	избавить	18
избавить	избавили	16
избавить	избавишь	2
избавить	избавитесь	6
избавить	избавится	11
избавить	избавим	7
прогреть	прогрения	1
прогреть	прогрел	17
прогреть	прогреть	18
прогреть	прогрет	10
прогреть	прогрете	12
прогреть	прогрев	4
прогреть	прогрен	2
прогреть	прогрется	11
прогреть	прогрелись	9
прогреть	прогрелся	8
прогреть	прогретесь	6
прогреть	прогрела	13
прогреть	прогрем	7
прогреть	прогревший	5
прогреть	прогрет	15
прогреть	прогреться	0
прогреть	прогре	14
прогреть	прогрели	16
прогреть	прогрелась	3
умножить	умножили	16
умножить	умножил	17
умножить	умножились	9
умножить	умножить	18
умножить	умножился	8
умножить	умножитесь	6
умножить	умножиться	0
умножить	умножения	1
умножить	умножят	10
умножить	умножится	11
умножить	умножишь	2
умножить	умножив	4
умножить	умножите	12
умножить	умножу	7
умножить	умножит	15
умножить	умножи	14
умножить	умноживший	5
умножить	умножила	13
умножить	умножилась	3
выдернуть	выдернутся	11
выдернуть	выдернут	10
выдернуть	выдернуте	12
выдернуть	выдернушь	2
выдернуть	выдернув	4
выдернуть	выдерну	7
выдернуть	выдернулся	8
выдернуть	выдернуя	1
выдернуть	выдернулась	3
выдернуть	выдернула	13
выдернуть	выдернуться	0
выдернуть	выдернувший	5
выдернуть	выдернут	15
выдернуть	выдернул	17
выдернуть	выдернули	16
выдернуть	выдернутесь	6
выдернуть	выдерну	14
выдернуть	выдернуть	18
выдернуть	выдернулись	9
