contener	contenen	17
contener	conteno	20
contener	contene	26
contener	contenió	18
contener	contene	21
contener	contenerla	6
contener	contenerlo	16
contener	contenemos	25
contener	conteneba	12
contener	contenernos	8
contener	contenerán	3
contener	contenerse	24
contener	conteneran	2
contener	contenería	19
contener	contener	28
contener	conteneban	13
contener	contenieron	4
contener	contenerás	10
contener	contenendo	22
contener	conteneremos	7
contener	conteneré	9
contener	contenerá	27
contener	contenen	23
contener	contenes	5
contener	contenerme	14
contener	contenido	0
contener	contenerlos	15
contener	contenerían	1
contener	contenera	11
esleír	esleío	20
esleír	esleían	23
esleír	esleía	27
esleír	esleía	6
esleír	esleían	17
esleír	esleía	19
esleír	esleía	15
esleír	esleían	13
esleír	esleían	2
esleír	esleía	11
esleír	esleía	26
esleír	esleía	16
esleír	esleía	8
esleír	esleía	4
esleír	esleía	10
esleír	esleían	1
esleír	esleía	28
esleír	esleía	14
esleír	esleía	24
esleír	esleíando	22
esleír	esleíe	21
esleír	esleía	5
esleír	esleía	3
esleír	esleía	7
esleír	esleíamos	25
esleír	esleía	0
esleír	esleía	9
esleír	esleía	12
esleír	esleíó	18
abrir	abrien	17
abrir	abrio	20
abrir	abrirme	14
abrir	abrin	23
abrir	abrió	18
abrir	abriría	19
abrir	abrirlo	16
abrir	abriban	13
abrir	abrirla	6
abrir	abrindo	22
abrir	abriste	2
abrir	abrimos	25
abrir	abrirlos	15
abrir	abrirnos	8
abrir	abrirá	27
abrir	abrirás	10
abrir	abrirían	1
abrir	abriremos	7
abrir	abrira	11
abrir	abrirse	24
abrir	abriba	12
abrir	abri	21
abrir	abrirán	3
abrir	abri	26
abrir	abrir	28
abrir	abriré	9
abrir	abrido	0
abrir	abría	4
abrir	abridos	5
derruir	derruido	0
derruir	derruirse	24
derruir	derruira	11
derruir	derruirá	27
derruir	derruirían	1
derruir	derrui	26
derruir	derruie	21
derruir	derruidos	5
derruir	derruirnos	8
derruir	derruirlos	15
derruir	derruiré	9
derruir	derruirlo	16
derruir	derruirla	6
derruir	derruir	28
derruir	derruindo	22
derruir	derruirán	3
derruir	derruirás	10
derruir	derruin	23
derruir	derruio	20
derruir	derruimos	25
derruir	derruiba	12
derruir	derruiremos	7
derruir	derruirme	14
derruir	derruiría	19
derruir	derruien	17
derruir	derruió	18
derruir	derruía	4
derruir	derruiste	2
derruir	derruiban	13
recibir	recibiré	9
recibir	recibiba	12
recibir	recibi	26
recibir	recibira	11
recibir	recibirás	10
recibir	recibirme	14
recibir	recibirlos	15
recibir	recibirlo	16
recibir	recibirse	24
recibir	recibido	0
recibir	recibió	18
recibir	recibin	23
recibir	recibía	4
recibir	recibiste	2
recibir	recibirla	6
recibir	recibidos	5
recibir	recibirnos	8
recibir	recibiban	13
recibir	recibir	28
recibir	recibindo	22
recibir	recibirán	3
recibir	recibien	17
recibir	recibimos	25
recibir	recibiría	19
recibir	recibio	20
recibir	recibie	21
recibir	recibiremos	7
recibir	recibirían	1
recibir	recibirá	27
despedazar	despedazen	17
despedazar	despedazaron	4
despedazar	despedazaría	19
despedazar	despedazaré	9
despedazar	despedazaba	12
despedazar	despedazarlo	16
despedazar	despedazara	11
despedazar	despedazando	22
despedazar	despedazó	18
despedazar	despedazo	20
despedazar	despedazarme	14
despedazar	despedazarnos	8
despedazar	despedazarás	10
despedazar	despedazará	27
despedazar	despedazarla	6
despedazar	despedazar	28
despedazar	despedazados	5
despedazar	despedazaban	13
despedazar	despedaza	26
despedazar	despedazan	23
despedazar	despedaze	21
despedazar	despedazaremos	7
despedazar	despedazaran	2
despedazar	despedé	1
despedazar	despedazarse	24
despedazar	despedazamos	25
despedazar	despedazarlos	15
despedazar	despedazarán	3
despedazar	despedazado	0
gobernar	gobernaban	13
gobernar	gobernamos	25
gobernar	goberné	1
gobernar	gobernan	23
gobernar	gobernarla	6
gobernar	gobernó	18
gobernar	gobernarlos	15
gobernar	gobernando	22
gobernar	goberno	20
gobernar	goberne	21
gobernar	gobernado	0
gobernar	gobernaran	2
gobernar	gobernen	17
gobernar	gobernara	11
gobernar	gobernados	5
gobernar	gobernarás	10
gobernar	gobernarnos	8
gobernar	gobernaremos	7
gobernar	gobernar	28
gobernar	gobernarse	24
gobernar	gobernará	27
gobernar	gobernarme	14
gobernar	gobernaré	9
gobernar	gobernarlo	16
gobernar	gobernaba	12
gobernar	gobernarán	3
gobernar	gobernaría	19
gobernar	gobernaron	4
gobernar	goberna	26
anotar	anotando	22
anotar	anotaría	19
anotar	anotarnos	8
anotar	anotó	18
anotar	anotará	27
anotar	anotaron	4
anotar	anotados	5
anotar	anotarlos	15
anotar	anotaré	9
anotar	anoten	17
anotar	anotaba	12
anotar	anotaban	13
anotar	anotarán	3
anotar	anotar	28
anotar	anotado	0
anotar	anote	21
anotar	anoto	20
anotar	anotara	11
anotar	anotarlo	16
anotar	anoté	1
anotar	anotamos	25
anotar	anotarse	24
anotar	anota	26
anotar	anotan	23
anotar	anotaran	2
anotar	anotarme	14
anotar	anotarás	10
anotar	anotaremos	7
anotar	anotarla	6
bendecir	bendecidos	5
bendecir	bendecido	0
bendecir	bendecirá	27
bendecir	bendecirlo	16
bendecir	bendecirían	1
bendecir	bendecira	11
bendecir	bendecin	23
bendecir	bendecio	20
bendecir	bendeciste	2
bendecir	bendeciba	12
bendecir	bendecirás	10
bendecir	bendecindo	22
bendecir	bendeci	26
bendecir	bendecimos	25
bendecir	bendecirlos	15
bendecir	bendecirla	6
bendecir	bendeció	18
bendecir	bendecirán	3
bendecir	bendeciré	9
bendecir	bendecien	17
bendecir	bendeciban	13
bendecir	bendecir	28
bendecir	bendecirme	14
bendecir	bendecirnos	8
bendecir	bendeciría	19
bendecir	bendecie	21
bendecir	bendeciremos	7
bendecir	bendecirse	24
bendecir	bendecía	4
delinear	delineaba	12
delinear	delinearme	14
delinear	delinearnos	8
delinear	delineó	18
delinear	delinearé	9
delinear	delineaste	2
delinear	delinearás	10
delinear	delinean	23
delinear	delinearse	24
delinear	delinearon	4
delinear	deline	20
delinear	delinearemos	7
delinear	delines	3
delinear	delinearla	6
delinear	delineados	5
delinear	delinea	26
delinear	delineará	27
delinear	delinearlo	16
delinear	delineando	22
delinear	delineado	0
delinear	delineara	11
delinear	delinearía	19
delinear	delinearlos	15
delinear	delinen	17
delinear	delineamos	25
delinear	delinear	28
delinear	deline	21
delinear	delineaban	13
delinear	delinearían	1
expulsar	expulsaré	9
expulsar	expulsarás	10
expulsar	expulsado	0
expulsar	expulsarlos	15
expulsar	expulsarme	14
expulsar	expulsen	17
expulsar	expulsaba	12
expulsar	expulsara	11
expulsar	expulsarla	6
expulsar	expulsó	18
expulsar	expulsarlo	16
expulsar	expulsarnos	8
expulsar	expulsará	27
expulsar	expulsa	26
expulsar	expulsaron	4
expulsar	expulsados	5
expulsar	expulses	3
expulsar	expulsan	23
expulsar	expulsamos	25
expulsar	expulse	21
expulsar	expulsaría	19
expulsar	expulso	20
expulsar	expulsaban	13
expulsar	expulsaremos	7
expulsar	expulsando	22
expulsar	expulsé	1
expulsar	expulsarse	24
expulsar	expulsaran	2
expulsar	expulsar	28
ficcionar	ficionan	23
ficcionar	ficionaran	2
ficcionar	ficionado	0
ficcionar	ficionarnos	8
ficcionar	ficionas	5
ficcionar	ficionaremos	7
ficcionar	ficione	21
ficcionar	ficionando	22
ficcionar	ficionaría	19
ficcionar	ficionara	11
ficcionar	ficionaré	9
ficcionar	ficionaban	13
ficcionar	ficionar	28
ficcionar	ficionarlo	16
ficcionar	ficiona	26
ficcionar	ficionarás	10
ficcionar	ficionen	17
ficcionar	ficionarse	24
ficcionar	ficiono	20
ficcionar	ficionarme	14
ficcionar	ficionarlos	15
ficcionar	ficionaba	12
ficcionar	ficionará	27
ficcionar	ficionarán	3
ficcionar	ficionarla	6
ficcionar	ficionó	18
ficcionar	ficionarían	1
ficcionar	ficionamos	25
ficcionar	ficionaron	4
administrar	administraré	9
administrar	administrarán	3
administrar	administrarnos	8
administrar	administrarás	10
administrar	administraba	12
administrar	administré	1
administrar	administraban	13
administrar	administrados	5
administrar	administrara	11
administrar	administró	18
administrar	administran	23
administrar	administraran	2
administrar	administrado	0
administrar	administrarse	24
administrar	administraría	19
administrar	administrará	27
administrar	administraremos	7
administrar	administraron	4
administrar	administrarme	14
administrar	administre	21
administrar	administro	20
administrar	administrarla	6
administrar	administra	26
administrar	administrando	22
administrar	administrarlos	15
administrar	administrarlo	16
administrar	administren	17
administrar	administramos	25
administrar	administrar	28
desencajar	desencajamos	25
desencajar	desencajara	11
desencajar	desencajarnos	8
desencajar	desencajarme	14
desencajar	desencajo	20
desencajar	desencajarse	24
desencajar	desencajan	23
desencajar	desencajarán	3
desencajar	desencajó	18
desencajar	desencajaría	19
desencajar	desencajaran	2
desencajar	desencajaban	13
desencajar	desencaje	21
desencajar	desencajaba	12
desencajar	desencaja	26
desencajar	desencajaron	4
desencajar	desencajado	0
desencajar	desencajaremos	7
desencajar	desencajarlos	15
desencajar	desencajados	5
desencajar	desencajará	27
desencajar	desencajarla	6
desencajar	desencajaré	9
desencajar	desencajar	28
desencajar	desencajen	17
desencajar	desencajé	1
desencajar	desencajando	22
desencajar	desencajarlo	16
desencajar	desencajarás	10
preparar	prepararé	9
preparar	prepararan	2
preparar	preparados	5
preparar	prepararse	24
preparar	prepararnos	8
preparar	preparará	27
preparar	preparo	20
preparar	preparen	17
preparar	preparaban	13
preparar	preparamos	25
preparar	prepararlos	15
preparar	prepararme	14
preparar	preparar	28
preparar	preparé	1
preparar	prepares	3
preparar	prepararlo	16
preparar	preparando	22
preparar	prepararemos	7
preparar	preparara	11
preparar	preparó	18
preparar	preparado	0
preparar	prepararía	19
preparar	preparan	23
preparar	preparaba	12
preparar	prepara	26
preparar	prepararás	10
preparar	prepararla	6
preparar	prepare	21
preparar	prepararon	4
embanderar	embandera	26
embanderar	embanderamos	25
embanderar	embanderen	17
embanderar	embanderarán	3
embanderar	embanderar	28
embanderar	embanderé	1
embanderar	embanderarlos	15
embanderar	embanderarme	14
embanderar	embanderan	23
embanderar	embanderarla	6
embanderar	embanderarnos	8
embanderar	embanderaría	19
embanderar	embanderaran	2
embanderar	embandere	21
embanderar	embanderados	5
embanderar	embanderarse	24
embanderar	embanderará	27
embanderar	embanderado	0
embanderar	embanderaremos	7
embanderar	embanderaré	9
embanderar	embanderaba	12
embanderar	embanderaban	13
embanderar	embandero	20
embanderar	embanderando	22
embanderar	embanderara	11
embanderar	embanderó	18
embanderar	embanderarás	10
embanderar	embanderarlo	16
embanderar	embanderaron	4
huir	huir	28
huir	huiban	13
huir	huiré	9
huir	huirme	14
huir	huimos	25
huir	huirse	24
huir	huió	18
huir	huido	0
huir	huio	20
huir	huirnos	8
huir	huirás	10
huir	huiría	19
huir	huiremos	7
huir	huidos	5
huir	huía	4
huir	huirlo	16
huir	huira	11
huir	huirán	3
huir	huin	23
huir	huirla	6
huir	huiba	12
huir	hui	26
huir	huiste	2
huir	hui	21
huir	huindo	22
huir	huirían	1
huir	huirá	27
huir	huien	17
huir	huirlos	15
alear	alearnos	8
alear	alearla	6
alear	aleo	20
alear	alearán	3
alear	alearon	4
alear	alearemos	7
alear	aleando	22
alear	alear	28
alear	alearme	14
alear	alearás	10
alear	alearlo	16
alear	aleaban	13
alear	aleado	0
alear	alean	23
alear	alearlos	15
alear	alee	21
alear	aleó	18
alear	alearía	19
alear	alea	26
alear	aleara	11
alear	alearé	9
alear	aleamos	25
alear	aleas	5
alear	aleará	27
alear	aleaba	12
alear	aleaste	2
alear	aleé	1
alear	aleen	17
alear	alearse	24
aparecer	aparecería	19
aparecer	apareció	18
aparecer	aparecera	11
aparecer	aparecerás	10
aparecer	aparecernos	8
aparecer	aparecerlo	16
aparecer	aparece	26
aparecer	aparece	21
aparecer	aparecen	23
aparecer	aparecerse	24
aparecer	aparecer	28
aparecer	apareceremos	7
aparecer	aparecendo	22
aparecer	aparecieron	4
aparecer	apareceran	2
aparecer	apareceban	13
aparecer	apareceré	9
aparecer	aparecemos	25
aparecer	aparecerá	27
aparecer	apareces	5
aparecer	apareceba	12
aparecer	aparecio	20
aparecer	aparecen	17
aparecer	aparecerán	3
aparecer	aparecerme	14
aparecer	aparecerían	1
aparecer	aparecerla	6
aparecer	aparecido	0
aparecer	aparecerlos	15
trasparentar	trasparen	6
trasparentar	trasparen	3
trasparentar	trasparentados	5
trasparentar	trasparenos	8
trasparentar	trasparendo	22
trasparentar	trasparen	17
trasparentar	trasparentaré	9
trasparentar	trasparen	14
trasparentar	trasparen	24
trasparentar	trasparo	20
trasparentar	trasparen	4
trasparentar	trasparen	19
trasparentar	trasparen	10
trasparentar	trasparen	28
trasparentar	trasparen	15
trasparentar	trasparó	18
trasparentar	trasparen	23
trasparentar	trasparé	1
trasparentar	trasparentaremos	7
trasparentar	trasparenta	26
trasparentar	trasparen	11
trasparentar	trasparen	12
trasparentar	traspare	21
trasparentar	trasparentarlo	16
trasparentar	trasparen	27
trasparentar	trasparen	13
trasparentar	trasparentado	0
trasparentar	trasparen	2
trasparentar	trasparentamos	25
oler	olemos	25
oler	olió	18
oler	olerse	24
oler	olendo	22
oler	oles	5
oler	ole	26
oler	oleran	2
oler	oleré	9
oler	olernos	8
oler	olerlos	15
oler	olerlo	16
oler	olerme	14
oler	oleremos	7
oler	ole	21
oler	olerían	1
oler	olerás	10
oler	olen	17
oler	oleba	12
oler	oler	28
oler	olerán	3
oler	olería	19
oler	olerla	6
oler	olieron	4
oler	oleban	13
oler	olido	0
oler	olerá	27
oler	ole	20
oler	olen	23
oler	olera	11
somatizar	somatizen	17
somatizar	somatizara	11
somatizar	somatizarlo	16
somatizar	somatizar	28
somatizar	somatize	21
somatizar	somatizará	27
somatizar	somatizaré	9
somatizar	somatizaremos	7
somatizar	somatizaron	4
somatizar	somatizaba	12
somatizar	somatizarla	6
somatizar	somatizando	22
somatizar	somatizado	0
somatizar	somatizo	20
somatizar	somatizarnos	8
somatizar	somatizan	23
somatizar	somatizarían	1
somatizar	somatizaban	13
somatizar	somatizarán	3
somatizar	somatizamos	25
somatizar	somatizaría	19
somatizar	somatizarse	24
somatizar	somatizarlos	15
somatizar	somatizaran	2
somatizar	somatizarás	10
somatizar	somatizados	5
somatizar	somatiza	26
somatizar	somatizó	18
somatizar	somatizarme	14
engañar	engañe	21
engañar	engañaré	9
engañar	engañarás	10
engañar	engañará	27
engañar	engañarlos	15
engañar	engañé	1
engañar	engañados	5
engañar	engañaron	4
engañar	engañar	28
engañar	engañaban	13
engañar	engañarme	14
engañar	engañarnos	8
engañar	engaño	20
engañar	engañaste	2
engañar	engañarán	3
engañar	engañaremos	7
engañar	engañamos	25
engañar	engañado	0
engañar	engañan	23
engañar	engañara	11
engañar	engañaría	19
engañar	engañarlo	16
engañar	engañarse	24
engañar	engañaba	12
engañar	engañó	18
engañar	engaña	26
engañar	engañarla	6
engañar	engañando	22
engañar	engañen	17
saltar	saltarme	14
saltar	saltas	5
saltar	saltamos	25
saltar	saltado	0
saltar	saltaba	12
saltar	saltarnos	8
saltar	saltaría	19
saltar	saltar	28
saltar	saltaré	9
saltar	saltaremos	7
saltar	saltarlo	16
saltar	saltarse	24
saltar	salta	26
saltar	saltarán	3
saltar	saltará	27
saltar	salten	17
saltar	saltaran	2
saltar	saltaron	4
saltar	saltara	11
saltar	saltarla	6
saltar	salté	1
saltar	saltarás	10
saltar	salto	20
saltar	saltó	18
saltar	saltando	22
saltar	salte	21
saltar	saltaban	13
saltar	saltan	23
saltar	saltarlos	15
sangrar	sangrarás	10
sangrar	sangrado	0
sangrar	sangramos	25
sangrar	sangrarlo	16
sangrar	sangren	17
sangrar	sangrados	5
sangrar	sangraron	4
sangrar	sangrar	28
sangrar	sangrarán	3
sangrar	sangra	26
sangrar	sangraran	2
sangrar	sangraba	12
sangrar	sangrarse	24
sangrar	sangre	21
sangrar	sangrarme	14
sangrar	sangrando	22
sangrar	sangraremos	7
sangrar	sangrarlos	15
sangrar	sangrarnos	8
sangrar	sangraría	19
sangrar	sangrarla	6
sangrar	sangran	23
sangrar	sangro	20
sangrar	sangró	18
sangrar	sangraban	13
sangrar	sangrara	11
sangrar	sangrará	27
sangrar	sangré	1
sangrar	sangraré	9
resurgir	resurgirla	6
resurgir	resurgiré	9
resurgir	resurgía	4
resurgir	resurgió	18
resurgir	resurgir	28
resurgir	resurgien	17
resurgir	resurgiste	2
resurgir	resurgin	23
resurgir	resurgirlos	15
resurgir	resurgi	26
resurgir	resurgira	11
resurgir	resurgirse	24
resurgir	resurgirás	10
resurgir	resurgido	0
resurgir	resurgiban	13
resurgir	resurgiría	19
resurgir	resurgidos	5
resurgir	resurgirlo	16
resurgir	resurgindo	22
resurgir	resurgirían	1
resurgir	resurgie	21
resurgir	resurgirá	27
resurgir	resurgirán	3
resurgir	resurgimos	25
resurgir	resurgirnos	8
resurgir	resurgiremos	7
resurgir	resurgiba	12
resurgir	resurgirme	14
resurgir	resurgio	20
perseguir	perseguirá	27
perseguir	perseguiba	12
perseguir	perseguido	0
perseguir	perseguirme	14
perseguir	perseguía	4
perseguir	perseguio	20
perseguir	perseguindo	22
perseguir	perseguiban	13
perseguir	perseguir	28
perseguir	perseguiste	2
perseguir	perseguiremos	7
perseguir	perseguie	21
perseguir	perseguirás	10
perseguir	perseguirnos	8
perseguir	perseguin	23
perseguir	perseguira	11
perseguir	perseguirse	24
perseguir	perseguirlos	15
perseguir	perseguimos	25
perseguir	perseguirla	6
perseguir	persegui	26
perseguir	perseguió	18
perseguir	perseguirán	3
perseguir	perseguirían	1
perseguir	perseguiré	9
perseguir	perseguien	17
perseguir	perseguirlo	16
perseguir	perseguiría	19
perseguir	perseguidos	5
amarillecer	amarilece	26
amarillecer	amarilece	21
amarillecer	amarilecerlo	16
amarillecer	amarilecen	23
amarillecer	amarilecemos	25
amarillecer	amarilecerla	6
amarillecer	amarilecernos	8
amarillecer	amarileceran	2
amarillecer	amarilecerlos	15
amarillecer	amarilecendo	22
amarillecer	amarileció	18
amarillecer	amarilecerse	24
amarillecer	amarileceba	12
amarillecer	amarileceré	9
amarillecer	amarileceban	13
amarillecer	amarilecen	17
amarillecer	amarilece	20
amarillecer	amarilecieron	4
amarillecer	amarilecera	11
amarillecer	amarilecer	28
amarillecer	amarileceremos	7
amarillecer	amarilecerán	3
amarillecer	amarilecerás	10
amarillecer	amarilecerían	1
amarillecer	amarilecerá	27
amarillecer	amarilecido	0
amarillecer	amarileces	5
amarillecer	amarilecerme	14
amarillecer	amarilecería	19
oscurecer	oscurecerían	1
oscurecer	oscurecerme	14
oscurecer	oscureceran	2
oscurecer	oscurecemos	25
oscurecer	oscurecernos	8
oscurecer	oscurecendo	22
oscurecer	oscureceban	13
oscurecer	oscurecerán	3
oscurecer	oscurecio	20
oscurecer	oscurecen	23
oscurecer	oscurecen	17
oscurecer	oscurecerás	10
oscurecer	oscurece	21
oscurecer	oscurecerlo	16
oscurecer	oscurecerá	27
oscurecer	oscureceba	12
oscurecer	oscurecerse	24
oscurecer	oscureció	18
oscurecer	oscurecerla	6
oscurecer	oscureceremos	7
oscurecer	oscurecido	0
oscurecer	oscureces	5
oscurecer	oscurecieron	4
oscurecer	oscurecería	19
oscurecer	oscurecer	28
oscurecer	oscurece	26
oscurecer	oscurecera	11
oscurecer	oscureceré	9
oscurecer	oscurecerlos	15
descogollar	descogole	21
descogollar	descogola	26
descogollar	descogolan	23
descogollar	descogolaran	2
descogollar	descogoló	18
descogollar	descogolados	5
descogollar	descogolaban	13
descogollar	descogolarán	3
descogollar	descogolara	11
descogollar	descogolen	17
descogollar	descogolando	22
descogollar	descogolarla	6
descogollar	descogolaré	9
descogollar	descogolarás	10
descogollar	descogolo	20
descogollar	descogolarnos	8
descogollar	descogolar	28
descogollar	descogolaremos	7
descogollar	descogolarían	1
descogollar	descogolaba	12
descogollar	descogolarlo	16
descogollar	descogolaría	19
descogollar	descogolado	0
descogollar	descogolaron	4
descogollar	descogolarme	14
descogollar	descogolará	27
descogollar	descogolamos	25
descogollar	descogolarlos	15
descogollar	descogolarse	24
levantar	levantaría	19
levantar	levantaran	2
levantar	levantado	0
levantar	levantados	5
levantar	levantaba	12
levantar	levantará	27
levantar	levantarme	14
levantar	levantarnos	8
levantar	levantaron	4
levantar	levantarse	24
levantar	levantar	28
levantar	levantarla	6
levantar	levantaremos	7
levantar	levanta	26
levantar	levantarlos	15
levantar	levantaban	13
levantar	levantaré	9
levantar	levantarás	10
levantar	levantan	23
levantar	levante	21
levantar	levanté	1
levantar	levantes	3
levantar	levantó	18
levantar	levantarlo	16
levantar	levanto	20
levantar	levantara	11
levantar	levantando	22
levantar	levantamos	25
levantar	levanten	17
alzar	alzaste	2
alzar	alzamos	25
alzar	alzará	27
alzar	alza	26
alzar	alzaron	4
alzar	alzarán	3
alzar	alzen	17
alzar	alzados	5
alzar	alzarlo	16
alzar	alzara	11
alzar	alzé	1
alzar	alzaba	12
alzar	alzan	23
alzar	alzó	18
alzar	alzarnos	8
alzar	alzarla	6
alzar	alzaría	19
alzar	alzo	20
alzar	alzarás	10
alzar	alzaban	13
alzar	alzarme	14
alzar	alzando	22
alzar	alzaremos	7
alzar	alzado	0
alzar	alzar	28
alzar	alzaré	9
alzar	alzarlos	15
alzar	alzarse	24
alzar	alze	21
reír	reíndo	22
reír	reírnos	8
reír	reírán	3
reír	reírás	10
reír	reían	13
reír	reían	2
reír	reímos	25
reír	reía	12
reír	reí	26
reír	reía	4
reír	reíra	11
reír	reíen	17
reír	reíré	9
reír	reírlo	16
reír	reír	28
reír	reído	0
reír	reírse	24
reír	reídos	5
reír	reíría	19
reír	reírla	6
reír	reírme	14
reír	reíe	21
reír	reín	23
reír	reío	20
reír	reíremos	7
reír	reírían	1
reír	reíó	18
reír	reírá	27
reír	reírlos	15
espabilarse	espabilarse	6
espabilarse	espabiló	18
espabilarse	espabilarse	11
espabilarse	espabilamos	25
espabilarse	espabila	26
espabilarse	espabilarse	2
espabilarse	espabilando	22
espabilarse	espabilarses	10
espabilarse	espabilarse	27
espabilarse	espabilarnos	8
espabilarse	espabilen	17
espabilarse	espabilarlos	15
espabilarse	espabilarse	28
espabilarse	espabilaba	12
espabilarse	espabilarse	19
espabilarse	espabilarse	4
espabilarse	espabilaban	13
espabilarse	espabilarse	14
espabilarse	espabilarse	24
espabilarse	espabilarían	1
espabilarse	espabilarse	9
espabilarse	espabile	21
espabilarse	espabilo	20
espabilarse	espabilarse	16
espabilarse	espabilados	5
espabilarse	espabilarsemos	7
espabilarse	espabilarán	3
espabilarse	espabilan	23
espabilarse	espabilado	0
cuestionar	cuestiona	26
cuestionar	cuestionando	22
cuestionar	cuestionó	18
cuestionar	cuestionaremos	7
cuestionar	cuestionado	0
cuestionar	cuestionen	17
cuestionar	cuestione	21
cuestionar	cuestionarlos	15
cuestionar	cuestionarlo	16
cuestionar	cuestionará	27
cuestionar	cuestionaba	12
cuestionar	cuestionarás	10
cuestionar	cuestionas	5
cuestionar	cuestionarme	14
cuestionar	cuestiono	20
cuestionar	cuestionar	28
cuestionar	cuestionarse	24
cuestionar	cuestiones	3
cuestionar	cuestionamos	25
cuestionar	cuestionaré	9
cuestionar	cuestionaron	4
cuestionar	cuestionarla	6
cuestionar	cuestionaría	19
cuestionar	cuestionarnos	8
cuestionar	cuestionaban	13
cuestionar	cuestionan	23
cuestionar	cuestionarían	1
cuestionar	cuestionaran	2
cuestionar	cuestionara	11
confabularse	confabularse	16
confabularse	confabulen	17
confabularse	confabularse	11
confabularse	confabularse	9
confabularse	confabule	21
confabularse	confabularse	24
confabularse	confabularse	14
confabularse	confabulamos	25
confabularse	confabula	26
confabularse	confabulaba	12
confabularse	confabularse	4
confabularse	confabularse	2
confabularse	confabularses	3
confabularse	confabularse	28
confabularse	confabularsemos	7
confabularse	confabularse	27
confabularse	confabulars	15
confabularse	confabularse	1
confabularse	confabulas	5
confabularse	confabulars	10
confabularse	confabulo	20
confabularse	confabularse	6
confabularse	confabulaban	13
confabularse	confabulando	22
confabularse	confabulado	0
confabularse	confabularse	19
confabularse	confabulan	23
confabularse	confabuló	18
confabularse	confabularse	8
atender	atendido	0
atender	atenderan	2
atender	atendera	11
atender	atendernos	8
atender	atendendo	22
atender	atenderás	10
atender	atendemos	25
atender	atenden	17
atender	atende	21
atender	atenderemos	7
atender	atendió	18
atender	atendeba	12
atender	atendio	20
atender	atenderlo	16
atender	atendes	5
atender	atendieron	4
atender	atenderá	27
atender	atenderlos	15
atender	atenderían	1
atender	atenderán	3
atender	atendeban	13
atender	atenderme	14
atender	atenderse	24
atender	atenderé	9
atender	atende	26
atender	atendería	19
atender	atender	28
atender	atenden	23
atender	atenderla	6
satanizar	satanizarán	3
satanizar	satanizaría	19
satanizar	satanizará	27
satanizar	satanizó	18
satanizar	satanizarnos	8
satanizar	satanizarse	24
satanizar	satanizaban	13
satanizar	satanizando	22
satanizar	satanizar	28
satanizar	satanizan	23
satanizar	satanizarlo	16
satanizar	satanizados	5
satanizar	satanizo	20
satanizar	satanizarla	6
satanizar	satanizaremos	7
satanizar	satanizaron	4
satanizar	sataniza	26
satanizar	satanizaran	2
satanizar	satanizen	17
satanizar	satanizara	11
satanizar	satanizamos	25
satanizar	satanizaba	12
satanizar	satanize	21
satanizar	satanizarás	10
satanizar	satanizarían	1
satanizar	satanizarlos	15
satanizar	satanizarme	14
satanizar	satanizaré	9
satanizar	satanizado	0
apresar	apresarnos	8
apresar	apresarme	14
apresar	aprese	21
apresar	apresé	1
apresar	apresaban	13
apresar	apreses	3
apresar	apresamos	25
apresar	apresaba	12
apresar	apresados	5
apresar	apresarse	24
apresar	apresaré	9
apresar	apresarlo	16
apresar	apresaron	4
apresar	apresan	23
apresar	apresa	26
apresar	apresarla	6
apresar	apresaría	19
apresar	apresara	11
apresar	apresaran	2
apresar	apresado	0
apresar	apresará	27
apresar	apresar	28
apresar	apresaremos	7
apresar	apresarás	10
apresar	apresando	22
apresar	apresó	18
apresar	apresarlos	15
apresar	apresen	17
apresar	apreso	20
autocalificarse	autocalifia	26
autocalificarse	autocalifiaron	4
autocalificarse	autocalifio	20
autocalificarse	autocalifimos	25
autocalificarse	autocalifiarían	1
autocalificarse	autocalifiará	27
autocalificarse	autocals	15
autocalificarse	autocalifiaba	12
autocalificarse	autocalien	17
autocalificarse	autocalifie	21
autocalificarse	autocalifiar	28
autocalificarse	autocalifiarme	14
autocalificarse	autocalifiarlo	16
autocalificarse	autocalifiaban	13
autocalificarse	autocalifiando	22
autocalificarse	autocalifió	18
autocalificarse	autocalifiaran	2
autocalificarse	autocalifiaremos	7
autocalificarse	autocalifia	6
autocalificarse	autocalifia	19
autocalificarse	autocalifiaré	9
autocalificarse	autocalifido	0
autocalificarse	autocalifiarán	3
autocalificarse	autocalifia	11
autocalificarse	autocalifiarnos	8
autocalificarse	autocalifiarás	10
autocalificarse	autocalifian	23
autocalificarse	autocalifiados	5
autocalificarse	autocalifiarse	24
incendiar	incendiarnos	8
incendiar	incendiado	0
incendiar	incendiarse	24
incendiar	incendiaría	19
incendiar	incendiará	27
incendiar	incendiamos	25
incendiar	incendio	20
incendiar	incendiarán	3
incendiar	incendiaba	12
incendiar	incendiaban	13
incendiar	incendiarlo	16
incendiar	incendia	26
incendiar	incendiarla	6
incendiar	incendiaré	9
incendiar	incendie	21
incendiar	incendiando	22
incendiar	incendiara	11
incendiar	incendian	23
incendiar	incendiar	28
incendiar	incendié	1
incendiar	incendiaremos	7
incendiar	incendiaste	2
incendiar	incendiarlos	15
incendiar	incendien	17
incendiar	incendiaron	4
incendiar	incendiarás	10
incendiar	incendiarme	14
incendiar	incendió	18
incendiar	incendiados	5
replantear	replanto	20
replantear	replantando	22
replantear	replantearse	24
replantear	replantearme	14
replantear	replantarlo	16
replantear	replanterían	1
replantear	replantarla	6
replantear	replantaré	9
replantear	replantarás	10
replantear	replantaremos	7
replantear	replantamos	25
replantear	replantaría	19
replantear	replantaron	4
replantear	replante	21
replantear	replantó	18
replantear	replanta	26
replantear	replantaban	13
replantear	replanten	17
replantear	replantarnos	8
replantear	replantados	5
replantear	replantaba	12
replantear	replantará	27
replantear	replantar	28
replantear	replantara	11
replantear	replantaran	2
replantear	replantarlos	15
replantear	replantado	0
replantear	replantes	3
replantear	replantan	23
curar	curarme	14
curar	curaste	2
curar	curaban	13
curar	curarlos	15
curar	curaremos	7
curar	curarnos	8
curar	curará	27
curar	curé	1
curar	curaré	9
curar	cura	26
curar	curarlo	16
curar	curó	18
curar	curaron	4
curar	curando	22
curar	curaría	19
curar	curado	0
curar	curo	20
curar	curara	11
curar	curas	5
curar	curarse	24
curar	curarás	10
curar	curamos	25
curar	curarán	3
curar	curaba	12
curar	curen	17
curar	curan	23
curar	cure	21
curar	curarla	6
curar	curar	28
trinchar	trinchado	0
trinchar	trincharse	24
trinchar	trinchar	28
trinchar	trinches	3
trinchar	trinchaba	12
trinchar	trinchaban	13
trinchar	trincharnos	8
trinchar	trincharás	10
trinchar	trinchará	27
trinchar	trinche	21
trinchar	trinchando	22
trinchar	trinchados	5
trinchar	trincharla	6
trinchar	trinchó	18
trinchar	trincharlo	16
trinchar	trinchen	17
trinchar	trinchan	23
trinchar	trinchara	11
trinchar	trincho	20
trinchar	trincharan	2
trinchar	trincharlos	15
trinchar	trinché	1
trinchar	trincharon	4
trinchar	trincharé	9
trinchar	trincharía	19
trinchar	trincha	26
trinchar	trincharemos	7
trinchar	trincharme	14
trinchar	trinchamos	25
cumplir	cumplirá	27
cumplir	cumplira	11
cumplir	cumpliremos	7
cumplir	cumplía	4
cumplir	cumplidos	5
cumplir	cumplirla	6
cumplir	cumplió	18
cumplir	cumpliría	19
cumplir	cumplido	0
cumplir	cumplie	21
cumplir	cumplirán	3
cumplir	cumpliré	9
cumplir	cumplirse	24
cumplir	cumplir	28
cumplir	cumpliste	2
cumplir	cumplirlos	15
cumplir	cumplindo	22
cumplir	cumplien	17
cumplir	cumplimos	25
cumplir	cumplirnos	8
cumplir	cumpli	26
cumplir	cumpliban	13
cumplir	cumpliba	12
cumplir	cumplirían	1
cumplir	cumplirme	14
cumplir	cumplirlo	16
cumplir	cumplirás	10
cumplir	cumplio	20
cumplir	cumplin	23
ensillar	ensilaban	13
ensillar	ensilará	27
ensillar	ensila	26
ensillar	ensilar	28
ensillar	ensilarla	6
ensillar	ensilamos	25
ensillar	ensilarnos	8
ensillar	ensilaría	19
ensillar	ensilo	20
ensillar	ensilarse	24
ensillar	ensilaremos	7
ensillar	ensilara	11
ensillar	ensilarlo	16
ensillar	ensilando	22
ensillar	ensilaré	9
ensillar	ensilarán	3
ensillar	ensilaran	2
ensillar	ensilarlos	15
ensillar	ensilados	5
ensillar	ensilaba	12
ensillar	ensilen	17
ensillar	ensilaron	4
ensillar	ensilarme	14
ensillar	ensilarás	10
ensillar	ensilado	0
ensillar	ensiló	18
ensillar	ensilan	23
ensillar	ensile	21
ensillar	ensilarían	1
trabajar	trabajaré	9
trabajar	trabajará	27
trabajar	trabajando	22
trabajar	trabajarnos	8
trabajar	trabajarla	6
trabajar	trabajen	17
trabajar	trabajes	3
trabajar	trabajamos	25
trabajar	trabajaremos	7
trabajar	trabajaban	13
trabajar	trabajan	23
trabajar	trabajarme	14
trabajar	trabajaría	19
trabajar	trabajo	20
trabajar	trabajarlos	15
trabajar	trabajados	5
trabajar	trabajarás	10
trabajar	trabajó	18
trabajar	trabajarlo	16
trabajar	trabaja	26
trabajar	trabajar	28
trabajar	trabajé	1
trabajar	trabajara	11
trabajar	trabajado	0
trabajar	trabajaron	4
trabajar	trabajaba	12
trabajar	trabajaran	2
trabajar	trabaje	21
trabajar	trabajarse	24
alumbrarse	alumbrarse	11
alumbrarse	alumbres	3
alumbrarse	alumbre	21
alumbrarse	alumbrarse	9
alumbrarse	alumbramos	25
alumbrarse	alumbrarse	24
alumbrarse	alumbrarse	2
alumbrarse	alumbrarlos	15
alumbrarse	alumbren	17
alumbrarse	alumbrarse	14
alumbrarse	alumbrarse	28
alumbrarse	alumbrarse	27
alumbrarse	alumbran	23
alumbrarse	alumbro	20
alumbrarse	alumbrarsemos	7
alumbrarse	alumbrarse	16
alumbrarse	alumbrarse	6
alumbrarse	alumbró	18
alumbrarse	alumbrarse	19
alumbrarse	alumbré	1
alumbrarse	alumbrado	0
alumbrarse	alumbraban	13
alumbrarse	alumbraba	12
alumbrarse	alumbra	26
alumbrarse	alumbras	5
alumbrarse	alumbrarses	10
alumbrarse	alumbra	4
alumbrarse	alumbrarse	8
alumbrarse	alumbrando	22
entender	entende	21
entender	entenderás	10
entender	entenderá	27
entender	entenderla	6
entender	entenden	17
entender	entenderían	1
entender	entendera	11
entender	entendeban	13
entender	entenderlos	15
entender	entenderán	3
entender	entendemos	25
entender	entendernos	8
entender	entendes	5
entender	entendieron	4
entender	entender	28
entender	entenden	23
entender	entenderlo	16
entender	entende	26
entender	entenderme	14
entender	entendido	0
entender	entendería	19
entender	entendió	18
entender	entenderan	2
entender	entenderemos	7
entender	entendio	20
entender	entenderse	24
entender	entenderé	9
entender	entendeba	12
entender	entendendo	22
componer	componernos	8
componer	componería	19
componer	componemos	25
componer	componera	11
componer	componerlos	15
componer	componerla	6
componer	componendo	22
componer	componeremos	7
componer	componerlo	16
componer	componerán	3
componer	componerse	24
componer	componieron	4
componer	compones	5
componer	componeba	12
componer	componerían	1
componer	compone	26
componer	componeran	2
componer	componió	18
componer	componido	0
componer	componeban	13
componer	componeré	9
componer	componerá	27
componer	compono	20
componer	componer	28
componer	componerme	14
componer	componen	17
componer	compone	21
componer	componerás	10
componer	componen	23
quedar	queda	26
quedar	quedarlos	15
quedar	quedarán	3
quedar	quedarnos	8
quedar	quedarás	10
quedar	quedarme	14
quedar	queden	17
quedar	quedarse	24
quedar	quedar	28
quedar	quedaron	4
quedar	quedó	18
quedar	quedan	23
quedar	quedaré	9
quedar	quedaba	12
quedar	quedaría	19
quedar	quedando	22
quedar	quedo	20
quedar	quedé	1
quedar	quedaremos	7
quedar	quede	21
quedar	quedas	5
quedar	quedamos	25
quedar	quedarlo	16
quedar	quedarla	6
quedar	quedaste	2
quedar	quedado	0
quedar	quedaban	13
quedar	quedará	27
quedar	quedara	11
atreguar	atreguaré	9
atreguar	atreguaría	19
atreguar	atreguo	20
atreguar	atreguen	17
atreguar	atreguaremos	7
atreguar	atreguan	23
atreguar	atreguarás	10
atreguar	atreguado	0
atreguar	atreguaran	2
atreguar	atreguará	27
atreguar	atreguarla	6
atreguar	atreguó	18
atreguar	atreguarlos	15
atreguar	atreguarán	3
atreguar	atreguamos	25
atreguar	atreguaban	13
atreguar	atreguando	22
atreguar	atregué	1
atreguar	atreguaba	12
atreguar	atreguaron	4
atreguar	atreguas	5
atreguar	atreguarlo	16
atreguar	atreguara	11
atreguar	atreguarme	14
atreguar	atregue	21
atreguar	atreguar	28
atreguar	atregua	26
atreguar	atreguarnos	8
atreguar	atreguarse	24
envolver	envolver	28
envolver	envolvio	20
envolver	envolveran	2
envolver	envolveremos	7
envolver	envolverme	14
envolver	envolverlos	15
envolver	envolve	21
envolver	envolvera	11
envolver	envolverían	1
envolver	envolveban	13
envolver	envolvendo	22
envolver	envolve	26
envolver	envolverlo	16
envolver	envolverla	6
envolver	envolvemos	25
envolver	envolvió	18
envolver	envolveba	12
envolver	envolverán	3
envolver	envolven	23
envolver	envolves	5
envolver	envolvería	19
envolver	envolveré	9
envolver	envolverás	10
envolver	envolvido	0
envolver	envolven	17
envolver	envolverse	24
envolver	envolvernos	8
envolver	envolvieron	4
envolver	envolverá	27
bufar	bufarán	3
bufar	bufará	27
bufar	bufarme	14
bufar	bufa	26
bufar	bufas	5
bufar	bufarse	24
bufar	bufamos	25
bufar	bufó	18
bufar	bufarlos	15
bufar	bufaremos	7
bufar	bufaría	19
bufar	bufaba	12
bufar	bufarla	6
bufar	bufaron	4
bufar	bufar	28
bufar	bufara	11
bufar	bufan	23
bufar	bufarnos	8
bufar	bufé	1
bufar	bufaran	2
bufar	bufarlo	16
bufar	bufen	17
bufar	bufarás	10
bufar	bufe	21
bufar	bufado	0
bufar	bufo	20
bufar	bufando	22
bufar	bufaban	13
bufar	bufaré	9
ganar	ganamos	25
ganar	ganará	27
ganar	ganaré	9
ganar	ganado	0
ganar	ganaba	12
ganar	ganarás	10
ganar	ganarlos	15
ganar	ganando	22
ganar	ganarlo	16
ganar	ganó	18
ganar	ganaría	19
ganar	ganan	23
ganar	ganaban	13
ganar	gane	21
ganar	ganarse	24
ganar	ganarnos	8
ganar	ganar	28
ganar	ganarla	6
ganar	ganas	5
ganar	gané	1
ganar	ganen	17
ganar	ganaremos	7
ganar	ganara	11
ganar	ganaron	4
ganar	gano	20
ganar	gana	26
ganar	ganarán	3
ganar	ganarme	14
ganar	ganaste	2
precintar	precintaremos	7
precintar	precintamos	25
precintar	precintarla	6
precintar	precinte	21
precintar	precintaran	2
precintar	precintarás	10
precintar	precinta	26
precintar	precintarán	3
precintar	precintaría	19
precintar	precintado	0
precintar	precintarnos	8
precintar	precintara	11
precintar	precintaron	4
precintar	precintaré	9
precintar	precintarme	14
precintar	precintando	22
precintar	precintó	18
precintar	precintados	5
precintar	precintan	23
precintar	precinten	17
precintar	precintaba	12
precintar	precintarse	24
precintar	precintarlos	15
precintar	precinto	20
precintar	precinté	1
precintar	precintará	27
precintar	precintar	28
precintar	precintaban	13
precintar	precintarlo	16
quemar	quemarlo	16
quemar	quemarse	24
quemar	quemado	0
quemar	quemará	27
quemar	quemados	5
quemar	quemaría	19
quemar	quemarme	14
quemar	quemaron	4
quemar	quemaremos	7
quemar	quemé	1
quemar	quemarnos	8
quemar	quemara	11
quemar	queme	21
quemar	quemamos	25
quemar	quema	26
quemar	quemarás	10
quemar	quemo	20
quemar	quemarán	3
quemar	quemó	18
quemar	quemaban	13
quemar	quemarla	6
quemar	quemar	28
quemar	quemarlos	15
quemar	quemaran	2
quemar	quemando	22
quemar	queman	23
quemar	quemaba	12
quemar	quemaré	9
quemar	quemen	17
oprimir	oprimirás	10
oprimir	oprimiste	2
oprimir	oprimirá	27
oprimir	oprimido	0
oprimir	oprimio	20
oprimir	oprimiremos	7
oprimir	oprimidos	5
oprimir	oprimiría	19
oprimir	oprimimos	25
oprimir	oprimirlo	16
oprimir	oprimiré	9
oprimir	oprimiba	12
oprimir	oprimirla	6
oprimir	oprimi	26
oprimir	oprimirme	14
oprimir	oprimien	17
oprimir	oprimió	18
oprimir	oprimir	28
oprimir	oprimirlos	15
oprimir	oprimin	23
oprimir	oprimía	4
oprimir	oprimirían	1
oprimir	oprimirnos	8
oprimir	oprimiban	13
oprimir	oprimie	21
oprimir	oprimirán	3
oprimir	oprimirse	24
oprimir	oprimira	11
oprimir	oprimindo	22
recordar	recordará	27
recordar	recordan	23
recordar	recordaron	4
recordar	recordaremos	7
recordar	recordando	22
recordar	recordarme	14
recordar	recordes	3
recordar	recordado	0
recordar	recordaría	19
recordar	recorde	21
recordar	recordaré	9
recordar	recorda	26
recordar	recordados	5
recordar	recordaba	12
recordar	recordé	1
recordar	recordar	28
recordar	recordamos	25
recordar	recordó	18
recordar	recordarnos	8
recordar	recordaste	2
recordar	recordara	11
recordar	recordarla	6
recordar	recordarás	10
recordar	recorden	17
recordar	recordo	20
recordar	recordarse	24
recordar	recordaban	13
recordar	recordarlos	15
recordar	recordarlo	16
emparedar	emparedarse	24
emparedar	emparedo	20
emparedar	emparedará	27
emparedar	emparedaba	12
emparedar	emparedaré	9
emparedar	emparedaste	2
emparedar	emparedarla	6
emparedar	empareden	17
emparedar	emparedarían	1
emparedar	emparedó	18
emparedar	emparedar	28
emparedar	emparedarnos	8
emparedar	empareda	26
emparedar	emparedarlo	16
emparedar	emparedaremos	7
emparedar	emparedaron	4
emparedar	emparedamos	25
emparedar	emparedados	5
emparedar	emparedarme	14
emparedar	emparedes	3
emparedar	emparedando	22
emparedar	emparedarlos	15
emparedar	emparedara	11
emparedar	emparedaría	19
emparedar	emparede	21
emparedar	emparedan	23
emparedar	emparedarás	10
emparedar	emparedado	0
emparedar	emparedaban	13
regresar	regresaron	4
regresar	regresen	17
regresar	regresaban	13
regresar	regresar	28
regresar	regrese	21
regresar	regresando	22
regresar	regresará	27
regresar	regresarse	24
regresar	regresado	0
regresar	regresarás	10
regresar	regreso	20
regresar	regresaría	19
regresar	regresarme	14
regresar	regresamos	25
regresar	regresaran	2
regresar	regresarlo	16
regresar	regresarla	6
regresar	regreses	3
regresar	regresa	26
regresar	regresados	5
regresar	regresara	11
regresar	regresé	1
regresar	regresaré	9
regresar	regresarnos	8
regresar	regresó	18
regresar	regresan	23
regresar	regresarlos	15
regresar	regresaba	12
regresar	regresaremos	7
reprochar	reprocharía	19
reprochar	reproche	21
reprochar	reprocharé	9
reprochar	reprochamos	25
reprochar	reprochara	11
reprochar	reprocharla	6
reprochar	reprocharse	24
reprochar	reprocharemos	7
reprochar	reprocharás	10
reprochar	reprochó	18
reprochar	reprocharnos	8
reprochar	reprocha	26
reprochar	reprocharlo	16
reprochar	reprocharme	14
reprochar	reproché	1
reprochar	reprochando	22
reprochar	reproches	3
reprochar	reprocharan	2
reprochar	reprochados	5
reprochar	reprochaba	12
reprochar	reprochan	23
reprochar	reprocharon	4
reprochar	reprochará	27
reprochar	reprocho	20
reprochar	reprocharlos	15
reprochar	reprochar	28
reprochar	reprochaban	13
reprochar	reprochado	0
reprochar	reprochen	17
arrancar	arranco	20
arrancar	arrancaré	9
arrancar	arrancarse	24
arrancar	arrancen	17
arrancar	arrancar	28
arrancar	arrancará	27
arrancar	arrancaran	2
arrancar	arrancados	5
arrancar	arrancamos	25
arrancar	arrancarlo	16
arrancar	arrancarás	10
arrancar	arrancarlos	15
arrancar	arrancaría	19
arrancar	arranca	26
arrancar	arrancara	11
arrancar	arrancarme	14
arrancar	arrancaba	12
arrancar	arrance	21
arrancar	arrancarnos	8
arrancar	arrancando	22
arrancar	arrancó	18
arrancar	arrancaban	13
arrancar	arrancarían	1
arrancar	arrancan	23
arrancar	arrancarla	6
arrancar	arrancarán	3
arrancar	arrancaron	4
arrancar	arrancado	0
arrancar	arrancaremos	7
erguir	erguimos	25
erguir	erguirla	6
erguir	erguiré	9
erguir	erguiba	12
erguir	erguin	23
erguir	erguirán	3
erguir	erguirás	10
erguir	erguio	20
erguir	erguirnos	8
erguir	erguira	11
erguir	erguido	0
erguir	erguie	21
erguir	erguirse	24
erguir	erguía	4
erguir	erguiban	13
erguir	erguirlo	16
erguir	erguindo	22
erguir	ergui	26
erguir	erguirme	14
erguir	erguirlos	15
erguir	erguirá	27
erguir	erguiremos	7
erguir	erguiría	19
erguir	erguir	28
erguir	erguirían	1
erguir	erguió	18
erguir	erguiste	2
erguir	erguien	17
erguir	erguidos	5
reprender	reprenderla	6
reprender	reprenderían	1
reprender	reprenderan	2
reprender	reprende	21
reprender	reprende	26
reprender	reprendeban	13
reprender	reprendio	20
reprender	reprenderme	14
reprender	reprendendo	22
reprender	reprendes	5
reprender	reprendeba	12
reprender	reprendera	11
reprender	reprenderé	9
reprender	reprenden	17
reprender	reprenderá	27
reprender	reprenderlos	15
reprender	reprenderás	10
reprender	reprendemos	25
reprender	reprenderlo	16
reprender	reprenderán	3
reprender	reprenden	23
reprender	reprendido	0
reprender	reprenderemos	7
reprender	reprender	28
reprender	reprendieron	4
reprender	reprendió	18
reprender	reprenderse	24
reprender	reprendernos	8
reprender	reprendería	19
regionalizar	regionaba	12
regionalizar	regionando	22
regionalizar	regionazarme	14
regionalizar	regionaría	19
regionalizar	regionaron	4
regionalizar	regionados	5
regionalizar	regionó	18
regionalizar	regionarse	24
regionalizar	regionado	0
regionalizar	regionaré	9
regionalizar	regionan	23
regionalizar	regionarás	10
regionalizar	regionaban	13
regionalizar	regionarlo	16
regionalizar	regione	21
regionalizar	regiono	20
regionalizar	regionara	11
regionalizar	regionaran	2
regionalizar	regionarán	3
regionalizar	regiona	26
regionalizar	regionaremos	7
regionalizar	regionarían	1
regionalizar	regionamos	25
regionalizar	regionará	27
regionalizar	regiones	17
regionalizar	regionarlos	15
regionalizar	regionarnos	8
regionalizar	regionar	28
regionalizar	regionarla	6
liberar	libero	20
liberar	liberado	0
liberar	liberó	18
liberar	liberaban	13
liberar	liberarlo	16
liberar	liberara	11
liberar	liberes	3
liberar	liberará	27
liberar	liberarlos	15
liberar	libere	21
liberar	liberarla	6
liberar	liberen	17
liberar	libera	26
liberar	liberaré	9
liberar	liberados	5
liberar	liberarnos	8
liberar	liberaran	2
liberar	liberarme	14
liberar	liberaremos	7
liberar	liberé	1
liberar	liberaba	12
liberar	liberarás	10
liberar	liberaron	4
liberar	liberamos	25
liberar	liberarse	24
liberar	liberaría	19
liberar	liberar	28
liberar	liberando	22
liberar	liberan	23
lastrar	lastre	21
lastrar	lastro	20
lastrar	lastraremos	7
lastrar	lastrara	11
lastrar	lastra	26
lastrar	lastrarla	6
lastrar	lastraba	12
lastrar	lastraré	9
lastrar	lastrarlos	15
lastrar	lastran	23
lastrar	lastrarás	10
lastrar	lastrando	22
lastrar	lastraría	19
lastrar	lastramos	25
lastrar	lastró	18
lastrar	lastré	1
lastrar	lastrarán	3
lastrar	lastrarnos	8
lastrar	lastraste	2
lastrar	lastrará	27
lastrar	lastrarse	24
lastrar	lastraban	13
lastrar	lastrarlo	16
lastrar	lastrarme	14
lastrar	lastras	5
lastrar	lastrar	28
lastrar	lastren	17
lastrar	lastrado	0
lastrar	lastraron	4
golpear	golpearnos	8
golpear	golpeaban	13
golpear	golpeaba	12
golpear	golpearon	4
golpear	golpearás	10
golpear	golpeando	22
golpear	golpeara	11
golpear	golpearlos	15
golpear	golpea	26
golpear	golpearán	3
golpear	golpeará	27
golpear	golpearme	14
golpear	golpear	28
golpear	golpearía	19
golpear	golpearse	24
golpear	golpearan	2
golpear	golpeó	18
golpear	golpeas	5
golpear	golpean	23
golpear	golpeado	0
golpear	golpeo	20
golpear	golpearé	9
golpear	golpearla	6
golpear	golpee	21
golpear	golpeé	1
golpear	golpearlo	16
golpear	golpeen	17
golpear	golpearemos	7
golpear	golpeamos	25
ablandar	ablandado	0
ablandar	ablandó	18
ablandar	ablandando	22
ablandar	ablandarán	3
ablandar	ablandarse	24
ablandar	ablandan	23
ablandar	ablandarme	14
ablandar	ablandaré	9
ablandar	ablandarás	10
ablandar	ablandarnos	8
ablandar	ablandara	11
ablandar	ablandados	5
ablandar	ablandaría	19
ablandar	ablanden	17
ablandar	ablandarlo	16
ablandar	ablande	21
ablandar	ablandarlos	15
ablandar	ablandaron	4
ablandar	ablandé	1
ablandar	ablandar	28
ablandar	ablandarla	6
ablandar	ablanda	26
ablandar	ablandaremos	7
ablandar	ablandará	27
ablandar	ablandamos	25
ablandar	ablandaba	12
ablandar	ablandaste	2
ablandar	ablando	20
ablandar	ablandaban	13
establecer	establecemos	25
establecer	establece	20
establecer	establecen	23
establecer	establecerá	27
establecer	establece	21
establecer	establecerlos	15
establecer	estableceremos	7
establecer	establecerás	10
establecer	estableceban	13
establecer	establecera	11
establecer	establecerme	14
establecer	estableceran	2
establecer	estableceba	12
establecer	establecerlo	16
establecer	establecendo	22
establecer	establecerla	6
establecer	establecerán	3
establecer	establecer	28
establecer	establecerse	24
establecer	establecernos	8
establecer	establecerían	1
establecer	estableces	5
establecer	establecería	19
establecer	estableceré	9
establecer	establecido	0
establecer	establecieron	4
establecer	estableció	18
establecer	establecen	17
establecer	establece	26
ametrallar	ametralarse	24
ametrallar	ametralaré	9
ametrallar	ametralarme	14
ametrallar	ametralarán	3
ametrallar	ametraló	18
ametrallar	ametrala	26
ametrallar	ametralo	20
ametrallar	ametralados	5
ametrallar	ametralara	11
ametrallar	ametralado	0
ametrallar	ametralarlos	15
ametrallar	ametralaban	13
ametrallar	ametralará	27
ametrallar	ametralaremos	7
ametrallar	ametralen	17
ametrallar	ametrale	21
ametrallar	ametralarnos	8
ametrallar	ametralarlo	16
ametrallar	ametralar	28
ametrallar	ametralarla	6
ametrallar	ametralaran	2
ametrallar	ametralaba	12
ametrallar	ametralamos	25
ametrallar	ametralarás	10
ametrallar	ametralan	23
ametrallar	ametralarían	1
ametrallar	ametralando	22
ametrallar	ametralaron	4
ametrallar	ametralaría	19
escuchar	escucharme	14
escuchar	escuché	1
escuchar	escucho	20
escuchar	escuches	3
escuchar	escucharla	6
escuchar	escuchaba	12
escuchar	escuche	21
escuchar	escucharlos	15
escuchar	escuchara	11
escuchar	escuchar	28
escuchar	escuchaban	13
escuchar	escuchado	0
escuchar	escuchando	22
escuchar	escucharé	9
escuchar	escuchó	18
escuchar	escucharan	2
escuchar	escucharemos	7
escuchar	escuchas	5
escuchar	escucharía	19
escuchar	escuchen	17
escuchar	escucharnos	8
escuchar	escucharlo	16
escuchar	escuchamos	25
escuchar	escucharon	4
escuchar	escucharás	10
escuchar	escuchan	23
escuchar	escucha	26
escuchar	escucharse	24
escuchar	escuchará	27
anegar	anegarán	3
anegar	anegarás	10
anegar	anegaré	9
anegar	anegados	5
anegar	anegarnos	8
anegar	anegaran	2
anegar	anegan	23
anegar	anegado	0
anegar	anegarse	24
anegar	anegarla	6
anegar	anegarían	1
anegar	anegarlo	16
anegar	anegará	27
anegar	anegaron	4
anegar	anegaría	19
anegar	anegaremos	7
anegar	anegaba	12
anegar	anegarme	14
anegar	anego	20
anegar	anegarlos	15
anegar	anegar	28
anegar	anegamos	25
anegar	anegen	17
anegar	anegando	22
anegar	anegaban	13
anegar	anegara	11
anegar	anege	21
anegar	anegó	18
anegar	anega	26
florecer	florecido	0
florecer	florecerá	27
florecer	florecera	11
florecer	florecer	28
florecer	floreceban	13
florecer	florecerlos	15
florecer	floreceremos	7
florecer	florecemos	25
florecer	florecerlo	16
florecer	florecería	19
florecer	florece	21
florecer	florecen	17
florecer	florecio	20
florecer	floreceba	12
florecer	florecerían	1
florecer	florecerse	24
florecer	florecendo	22
florecer	florecerme	14
florecer	florecen	23
florecer	floreces	5
florecer	floreceran	2
florecer	florecernos	8
florecer	floreció	18
florecer	florecieron	4
florecer	florecerla	6
florecer	florecerán	3
florecer	florece	26
florecer	floreceré	9
florecer	florecerás	10
raspar	rasparan	2
raspar	rasparla	6
raspar	raspo	20
raspar	raspará	27
raspar	raspado	0
raspar	rasparé	9
raspar	rasparse	24
raspar	raspa	26
raspar	rasparán	3
raspar	raspé	1
raspar	raspen	17
raspar	raspe	21
raspar	rasparnos	8
raspar	raspara	11
raspar	raspaban	13
raspar	raspó	18
raspar	rasparlo	16
raspar	rasparemos	7
raspar	rasparme	14
raspar	raspando	22
raspar	rasparía	19
raspar	raspamos	25
raspar	rasparon	4
raspar	rasparás	10
raspar	raspados	5
raspar	raspaba	12
raspar	raspar	28
raspar	raspan	23
raspar	rasparlos	15
ayudar	ayudó	18
ayudar	ayude	21
ayudar	ayudaban	13
ayudar	ayudarlo	16
ayudar	ayuda	26
ayudar	ayudarás	10
ayudar	ayudar	28
ayudar	ayudaran	2
ayudar	ayudaremos	7
ayudar	ayudes	3
ayudar	ayudarla	6
ayudar	ayudan	23
ayudar	ayudarnos	8
ayudar	ayudaré	9
ayudar	ayudarlos	15
ayudar	ayudo	20
ayudar	ayudara	11
ayudar	ayudaron	4
ayudar	ayudaría	19
ayudar	ayudamos	25
ayudar	ayudará	27
ayudar	ayudas	5
ayudar	ayudarme	14
ayudar	ayudarían	1
ayudar	ayudaba	12
ayudar	ayudarse	24
ayudar	ayudando	22
ayudar	ayuden	17
ayudar	ayudado	0
arrebolar	arrebolarnos	8
arrebolar	arrebolaran	2
arrebolar	arrebolen	17
arrebolar	arrebolaron	4
arrebolar	arrebolaré	9
arrebolar	arrebolaba	12
arrebolar	arrebolando	22
arrebolar	arreboles	3
arrebolar	arrebolarlos	15
arrebolar	arrebolarse	24
arrebolar	arrebolaría	19
arrebolar	arrebolar	28
arrebolar	arrebolarme	14
arrebolar	arrebolara	11
arrebolar	arrebolarlo	16
arrebolar	arrebolarla	6
arrebolar	arrebolan	23
arrebolar	arrebolado	0
arrebolar	arrebolamos	25
arrebolar	arreboló	18
arrebolar	arrebole	21
arrebolar	arrebolarás	10
arrebolar	arrebolaban	13
arrebolar	arrebolará	27
arrebolar	arrebolados	5
arrebolar	arrebolaremos	7
arrebolar	arrebola	26
arrebolar	arrebolarían	1
arrebolar	arrebolo	20
quedarse	queda	15
quedarse	queda	26
quedarse	queda	18
quedarse	quedarsen	1
quedarse	quedarse	24
quedarse	quedarse	14
quedarse	quedarse	16
quedarse	quedarse	28
quedarse	quedase	2
quedarse	queda	25
quedarse	queda	6
quedarse	queda	22
quedarse	queda	27
quedarse	queda	12
quedarse	quedo	20
quedarse	queda	7
quedarse	queda	21
quedarse	queda	5
quedarse	quedarse	19
quedarse	queda	4
quedarse	queda	10
quedarse	queda	9
quedarse	queda	0
quedarse	queda	3
quedarse	quedaban	13
quedarse	quedarse	8
quedarse	queda	17
quedarse	queda	11
quedarse	quedansen	23
dibujarse	dibujarse	8
dibujarse	dibujas	5
dibujarse	dibuje	21
dibujarse	dibujarse	16
dibujarse	dibujarse	9
dibujarse	dibujarse	28
dibujarse	dibujarsemos	7
dibujarse	dibujarse	24
dibujarse	dibujarse	14
dibujarse	dibujado	0
dibujarse	dibujaba	12
dibujarse	dibujensen	17
dibujarse	dibujarste	2
dibujarse	dibuja	26
dibujarse	dibuja	4
dibujarse	dibujarse	27
dibujarse	dibujo	20
dibujarse	dibujanse	22
dibujarse	dibujarse	6
dibujarse	dibujó	18
dibujarse	dibujansen	23
dibujarse	dibujamos	25
dibujarse	dibujaban	13
dibujarse	dibujarse	15
dibujarse	dibujé	1
dibujarse	dibujarses	10
dibujarse	dibujarse	19
dibujarse	dibujes	3
dibujarse	dibujarse	11
comparar	compararan	2
comparar	compararon	4
comparar	compararás	10
comparar	comparen	17
comparar	comparados	5
comparar	compararla	6
comparar	comparó	18
comparar	compararía	19
comparar	compararé	9
comparar	comparando	22
comparar	comparan	23
comparar	comparaban	13
comparar	compararemos	7
comparar	compara	26
comparar	compare	21
comparar	compararse	24
comparar	comparará	27
comparar	comparo	20
comparar	comparar	28
comparar	comparamos	25
comparar	compararlo	16
comparar	compararme	14
comparar	compararnos	8
comparar	compararlos	15
comparar	comparaba	12
comparar	comparara	11
comparar	comparé	1
comparar	comparado	0
comparar	compares	3
rivalizar	rivalizando	22
rivalizar	rivalizaría	19
rivalizar	rivalizo	20
rivalizar	rivalizados	5
rivalizar	rivalizaran	2
rivalizar	rivalizarlo	16
rivalizar	rivalizará	27
rivalizar	rivalizarás	10
rivalizar	rivalizamos	25
rivalizar	rivalizan	23
rivalizar	rivalizé	1
rivalizar	rivalize	21
rivalizar	rivalizarme	14
rivalizar	rivalizara	11
rivalizar	rivalizaré	9
rivalizar	rivalizaba	12
rivalizar	rivalizarán	3
rivalizar	rivaliza	26
rivalizar	rivalizarnos	8
rivalizar	rivalizado	0
rivalizar	rivalizarla	6
rivalizar	rivalizaron	4
rivalizar	rivalizen	17
rivalizar	rivalizarse	24
rivalizar	rivalizaremos	7
rivalizar	rivalizó	18
rivalizar	rivalizarlos	15
rivalizar	rivalizar	28
rivalizar	rivalizaban	13
quejarse	quejarse	28
quejarse	quejases	5
quejarse	queja	6
quejarse	quejarse	2
quejarse	queja	19
quejarse	queja	15
quejarse	queje	21
quejarse	quejé	1
quejarse	queja	18
quejarse	quejamos	25
quejarse	queja	8
quejarse	queja	16
quejarse	queja	26
quejarse	queja	11
quejarse	queja	9
quejarse	quejansendo	22
quejarse	queja	17
quejarse	quejo	20
quejarse	queja	24
quejarse	quejado	0
quejarse	queja	3
quejarse	queja	7
quejarse	quejaba	12
quejarse	quejaban	13
quejarse	queja	4
quejarse	queja	14
quejarse	quejansen	23
quejarse	queja	10
quejarse	queja	27
filosofar	filosofas	5
filosofar	filosofe	21
filosofar	filosofarás	10
filosofar	filosofaban	13
filosofar	filosofara	11
filosofar	filosofaran	2
filosofar	filosofará	27
filosofar	filosofaré	9
filosofar	filosofaron	4
filosofar	filosofarla	6
filosofar	filosofarán	3
filosofar	filosofen	17
filosofar	filosofaría	19
filosofar	filosofarnos	8
filosofar	filosofarse	24
filosofar	filosofando	22
filosofar	filosofarlo	16
filosofar	filosofa	26
filosofar	filosofado	0
filosofar	filosofamos	25
filosofar	filosofarme	14
filosofar	filosofaremos	7
filosofar	filosofo	20
filosofar	filosofar	28
filosofar	filosofan	23
filosofar	filosofaba	12
filosofar	filosofarían	1
filosofar	filosofarlos	15
filosofar	filosofó	18
declarar	declararás	10
declarar	declararla	6
declarar	declaré	1
declarar	declarados	5
declarar	declararía	19
declarar	declarara	11
declarar	declara	26
declarar	declararon	4
declarar	declaró	18
declarar	declararlos	15
declarar	declaren	17
declarar	declarando	22
declarar	declarará	27
declarar	declararemos	7
declarar	declararlo	16
declarar	declaro	20
declarar	declararé	9
declarar	declaraba	12
declarar	declaraban	13
declarar	declare	21
declarar	declararan	2
declarar	declarado	0
declarar	declararse	24
declarar	declaran	23
declarar	declarar	28
declarar	declares	3
declarar	declararnos	8
declarar	declaramos	25
declarar	declararme	14
descalabrar	descalabados	5
descalabrar	descalaban	3
descalabrar	descalabamos	25
descalabrar	descalaban	1
descalabrar	descalaba	19
descalabrar	descalo	20
descalabrar	descalaba	26
descalabrar	descalabarlos	15
descalabrar	descalabó	18
descalabrar	descalabando	22
descalabrar	descalabado	0
descalabrar	descalaba	6
descalabrar	descalaba	27
descalabrar	descalaba	12
descalabrar	descalabarnos	8
descalabrar	descalabe	21
descalabrar	descalaba	7
descalabrar	descalaban	23
descalabrar	descalaba	24
descalabrar	descalaba	14
descalabrar	descalaben	17
descalabrar	descalaba	28
descalabrar	descalaba	9
descalabrar	descalaba	4
descalabrar	descalaba	10
descalabrar	descalaban	2
descalabrar	descalaba	16
descalabrar	descalaban	13
descalabrar	descalaba	11
remendar	remendaré	9
remendar	remendaría	19
remendar	remendaban	13
remendar	remende	21
remendar	remendamos	25
remendar	remenda	26
remendar	remendó	18
remendar	remendarme	14
remendar	remendarse	24
remendar	remendarlo	16
remendar	remendando	22
remendar	remendará	27
remendar	remendarlos	15
remendar	remendaba	12
remendar	remendan	23
remendar	remendado	0
remendar	remendara	11
remendar	remendarnos	8
remendar	remendé	1
remendar	remendarás	10
remendar	remendaron	4
remendar	remendaste	2
remendar	remendarla	6
remendar	remendados	5
remendar	remenden	17
remendar	remendaremos	7
remendar	remendo	20
remendar	remendar	28
remendar	remendes	3
consolidar	consolidamos	25
consolidar	consoliden	17
consolidar	consolidaba	12
consolidar	consolidar	28
consolidar	consolidará	27
consolidar	consolidaré	9
consolidar	consolidaría	19
consolidar	consolida	26
consolidar	consolidarlos	15
consolidar	consolidado	0
consolidar	consolidarse	24
consolidar	consolidados	5
consolidar	consolides	3
consolidar	consolidó	18
consolidar	consolidarme	14
consolidar	consolide	21
consolidar	consolidarnos	8
consolidar	consolido	20
consolidar	consolidaban	13
consolidar	consolidaremos	7
consolidar	consolidé	1
consolidar	consolidaron	4
consolidar	consolidaran	2
consolidar	consolidarlo	16
consolidar	consolidan	23
consolidar	consolidando	22
consolidar	consolidara	11
consolidar	consolidarás	10
consolidar	consolidarla	6
aprender	aprenden	17
aprender	aprendido	0
aprender	aprenderá	27
aprender	aprenderla	6
aprender	aprenderlo	16
aprender	aprenderme	14
aprender	aprenderan	2
aprender	aprenderé	9
aprender	aprendió	18
aprender	aprendes	5
aprender	aprender	28
aprender	aprenderemos	7
aprender	aprendeban	13
aprender	aprendio	20
aprender	aprendemos	25
aprender	aprende	26
aprender	aprenderlos	15
aprender	aprendieron	4
aprender	aprenderse	24
aprender	aprendendo	22
aprender	aprendernos	8
aprender	aprendería	19
aprender	aprenderían	1
aprender	aprendera	11
aprender	aprende	21
aprender	aprenderás	10
aprender	aprenden	23
aprender	aprendeba	12
aprender	aprenderán	3
soñar	soñaran	2
soñar	soñarme	14
soñar	soñado	0
soñar	soñará	27
soñar	soñas	5
soñar	soñarla	6
soñar	soñarlo	16
soñar	soñaré	9
soñar	soñaría	19
soñar	soño	20
soñar	soñamos	25
soñar	soñar	28
soñar	soña	26
soñar	soñaban	13
soñar	soñen	17
soñar	soñaremos	7
soñar	soñarás	10
soñar	soñara	11
soñar	soñó	18
soñar	soñe	21
soñar	soñé	1
soñar	soñarlos	15
soñar	soñarse	24
soñar	soñan	23
soñar	soñarnos	8
soñar	soñando	22
soñar	soñaba	12
soñar	soñarán	3
soñar	soñaron	4
divorciarse	divorciarse	16
divorciarse	divorciarsemos	7
divorciarse	divorciarse	6
divorciarse	divorciamos	25
divorciarse	divorcian	23
divorciarse	divorciado	0
divorciarse	divorciarse	14
divorciarse	divorciarse	19
divorciarse	divorcia	4
divorciarse	divorciaban	13
divorciarse	divorció	18
divorciarse	divorcie	21
divorciarse	divorciarses	10
divorciarse	divorciados	5
divorciarse	divorciarse	27
divorciarse	divorciaba	12
divorciarse	divorcien	17
divorciarse	divorcies	3
divorciarse	divorcié	1
divorciarse	divorciarse	9
divorciarse	divorciarse	28
divorciarse	divorciarse	2
divorciarse	divorciando	22
divorciarse	divorciarse	8
divorciarse	divorcio	20
divorciarse	divorciarse	24
divorciarse	divorciarlos	15
divorciarse	divorciarse	11
divorciarse	divorcia	26
relatar	relataré	9
relatar	relatarás	10
relatar	relatan	23
relatar	relataron	4
relatar	relatarnos	8
relatar	relatando	22
relatar	relatados	5
relatar	relatará	27
relatar	relatado	0
relatar	relatamos	25
relatar	relataste	2
relatar	relaten	17
relatar	relataremos	7
relatar	relataban	13
relatar	relato	20
relatar	relatarme	14
relatar	relatar	28
relatar	relató	18
relatar	relatarlo	16
relatar	relatara	11
relatar	relatarán	3
relatar	relaté	1
relatar	relata	26
relatar	relate	21
relatar	relatarse	24
relatar	relatarla	6
relatar	relataba	12
relatar	relatarlos	15
relatar	relataría	19
volver	volverlo	16
volver	volves	5
volver	volvendo	22
volver	volven	17
volver	volveremos	7
volver	volverse	24
volver	volvernos	8
volver	volveré	9
volver	volvido	0
volver	volverlos	15
volver	volverán	3
volver	volvera	11
volver	volveba	12
volver	volveban	13
volver	volvería	19
volver	volven	23
volver	volvemos	25
volver	volve	21
volver	volve	26
volver	volverás	10
volver	volverían	1
volver	volvió	18
volver	volver	28
volver	volveran	2
volver	volverme	14
volver	volve	20
volver	volverá	27
volver	volvieron	4
volver	volverla	6
despoblar	despoblarnos	8
despoblar	despoblamos	25
despoblar	despoblaba	12
despoblar	despoblarla	6
despoblar	despoblaran	2
despoblar	despoblaban	13
despoblar	despoblarás	10
despoblar	despoblados	5
despoblar	despoblara	11
despoblar	despoble	21
despoblar	despoblarse	24
despoblar	despoblarán	3
despoblar	despoblar	28
despoblar	despoblarlo	16
despoblar	despoblo	20
despoblar	despobló	18
despoblar	despoblarme	14
despoblar	despoblaremos	7
despoblar	despoblaría	19
despoblar	despoblan	23
despoblar	despoblaré	9
despoblar	despoblaron	4
despoblar	despoblará	27
despoblar	despoblado	0
despoblar	despoblen	17
despoblar	despobla	26
despoblar	despoblando	22
despoblar	despoblarían	1
despoblar	despoblarlos	15
llevarse	llevarse	2
llevarse	lleva	18
llevarse	llevases	5
llevarse	llevarse	27
llevarse	llevarse	12
llevarse	llevarse	11
llevarse	llevarsen	13
llevarse	llevarse	1
llevarse	lleva	0
llevarse	llevarse	9
llevarse	llevarse	28
llevarse	llevarse	15
llevarse	llevarsen	17
llevarse	llevarse	8
llevarse	llevarse	19
llevarse	llevarses	10
llevarse	lleva	21
llevarse	llevansendo	22
llevarse	llevarse	14
llevarse	llevarse	24
llevarse	lleva	26
llevarse	llevarsemos	7
llevarse	llevansen	23
llevarse	llevamos	25
llevarse	llevarse	16
llevarse	llevarse	3
llevarse	lleva	20
llevarse	llevarse	6
llevarse	lleva	4
engrapar	engrapan	23
engrapar	engraparlos	15
engrapar	engrapamos	25
engrapar	engrapar	28
engrapar	engrapa	26
engrapar	engrapo	20
engrapar	engraparan	2
engrapar	engrapaba	12
engrapar	engraparé	9
engrapar	engraparán	3
engrapar	engraparla	6
engrapar	engrapando	22
engrapar	engrapaban	13
engrapar	engrapó	18
engrapar	engraparlo	16
engrapar	engrapará	27
engrapar	engraparemos	7
engrapar	engrapados	5
engrapar	engraparse	24
engrapar	engraparme	14
engrapar	engrapado	0
engrapar	engraparon	4
engrapar	engraparás	10
engrapar	engrapé	1
engrapar	engrape	21
engrapar	engrapen	17
engrapar	engrapara	11
engrapar	engraparía	19
engrapar	engraparnos	8
salir	saliré	9
salir	saliremos	7
salir	sali	26
salir	salirá	27
salir	salirás	10
salir	salin	23
salir	saliba	12
salir	salirla	6
salir	salirlo	16
salir	salin	17
salir	salio	20
salir	saliste	2
salir	saliban	13
salir	salimos	25
salir	salirán	3
salir	sali	21
salir	salindo	22
salir	salirnos	8
salir	salía	4
salir	saliría	19
salir	salirse	24
salir	salir	28
salir	salirlos	15
salir	salirían	1
salir	salirme	14
salir	salido	0
salir	salió	18
salir	salira	11
salir	salidos	5
dulcificar	dulcifica	26
dulcificar	dulcificaran	2
dulcificar	dulcificaron	4
dulcificar	dulcificará	27
dulcificar	dulcificaba	12
dulcificar	dulcificarme	14
dulcificar	dulcificarás	10
dulcificar	dulcififarían	1
dulcificar	dulcificaré	9
dulcificar	dulcificara	11
dulcificar	dulcificarse	24
dulcificar	dulcificó	18
dulcificar	dulcificaremos	7
dulcificar	dulcificaban	13
dulcificar	dulcificar	28
dulcificar	dulcificarlos	15
dulcificar	dulcifice	21
dulcificar	dulcificarnos	8
dulcificar	dulcificamos	25
dulcificar	dulcificio	20
dulcificar	dulcificaría	19
dulcificar	dulcifican	23
dulcificar	dulcificas	5
dulcificar	dulcificarla	6
dulcificar	dulcificarán	3
dulcificar	dulcificen	17
dulcificar	dulcificando	22
dulcificar	dulcificarlo	16
dulcificar	dulcificado	0
comerse	comerse	16
comerse	comersen	17
comerse	comerserás	10
comerse	comerse	6
comerse	comersen	23
comerse	comerserían	1
comerse	comersemos	25
comerse	comerse	19
comerse	comerserlos	15
comerse	comerso	20
comerse	comersido	0
comerse	come	4
comerse	comerses	5
comerse	comerse	27
comerse	comerse	24
comerse	comersemos	7
comerse	comerse	12
comerse	comerse	22
comerse	comerse	9
comerse	comerse	28
comerse	comerse	2
comerse	comerse	21
comerse	comerse	13
comerse	comerse	26
comerse	comersernos	8
comerse	comerse	14
comerse	comerserán	3
comerse	comersió	18
comerse	comerse	11
eclipsar	eclipsará	27
eclipsar	eclipsarla	6
eclipsar	eclipsaré	9
eclipsar	eclipsar	28
eclipsar	eclipsarse	24
eclipsar	eclipse	21
eclipsar	eclipsaremos	7
eclipsar	eclipsaría	19
eclipsar	eclipsan	23
eclipsar	eclipsa	26
eclipsar	eclipsara	11
eclipsar	eclipsarme	14
eclipsar	eclipsó	18
eclipsar	eclipsarnos	8
eclipsar	eclipsé	1
eclipsar	eclipses	3
eclipsar	eclipsaran	2
eclipsar	eclipsaban	13
eclipsar	eclipsamos	25
eclipsar	eclipsarlos	15
eclipsar	eclipsado	0
eclipsar	eclipsaron	4
eclipsar	eclipsarás	10
eclipsar	eclipsen	17
eclipsar	eclipsados	5
eclipsar	eclipsaba	12
eclipsar	eclipso	20
eclipsar	eclipsando	22
eclipsar	eclipsarlo	16
