undkomma	undkommet	0
undkomma	undkommt	5
undkomma	undkommade	7
undkomma	undkommer	2
undkomma	dkomma	3
undkomma	undkommes	1
undkomma	undkommer	9
undkomma	undkomma	14
undkomma	undkommas	10
undkomma	undkomm	12
undkomma	undkommar	11
undkomma	undkommen	13
undkomma	undkommande	4
undkomma	undkomme	6
undkomma	undkommad	8
dua	duer	2
dua	duen	13
dua	duer	9
dua	du	12
dua	duande	4
dua	due	6
dua	a	3
dua	duad	8
dua	duade	7
dua	duas	10
dua	dua	14
dua	duet	0
dua	duar	11
dua	duan	5
dua	duat	1
vakta	vaktad	8
vakta	vaktar	11
vakta	kta	3
vakta	vaktet	0
vakta	vakter	9
vakta	vaktande	4
vakta	vakta	14
vakta	vaktat	1
vakta	vakter	2
vakta	vaktas	10
vakta	vaktaren	6
vakta	vaktan	5
vakta	vaktade	7
vakta	vakt	12
vakta	vakten	13
desillusionera	desillusis	1
desillusionera	desillusin	12
desillusionera	desillusade	7
desillusionera	desillusina	14
desillusionera	desilluser	2
desillusionera	sillusnisner	3
desillusionera	desilluse	6
desillusionera	desilluser	9
desillusionera	desillusen	13
desillusionera	desillusas	10
desillusionera	desillusar	11
desillusionera	desilluset	0
desillusionera	desillusin	5
desillusionera	desillusinde	4
desillusionera	desillusad	8
kröna	kröner	9
kröna	krönes	1
kröna	krönen	13
kröna	kröna	14
kröna	krön	12
kröna	krönande	4
kröna	krönet	0
kröna	krönt	5
kröna	öna	3
kröna	krönad	8
kröna	krönte	7
kröna	kröne	6
kröna	krönas	10
kröna	kröner	2
kröna	krönar	11
patrullera	patrullert	5
patrullera	patruller	12
patrullera	patrulleret	0
patrullera	patrullerar	11
patrullera	patrullera	14
patrullera	patrullerande	4
patrullera	patruller	2
patrullera	trulla	3
patrullera	patrullere	6
patrullera	patrullerades	9
patrullera	patrullerade	7
patrullera	patrulleren	13
patrullera	patrulleras	10
patrullera	patrullerad	8
patrullera	patrullerat	1
sluka	sluk	12
sluka	sluke	6
sluka	sluken	13
sluka	slukade	7
sluka	sluka	14
sluka	slukas	10
sluka	slukades	9
sluka	slukad	8
sluka	sluket	0
sluka	slukande	4
sluka	slukar	11
sluka	slukan	5
sluka	sluker	2
sluka	ka	3
sluka	slukat	1
ysta	ysta	14
ysta	yster	9
ysta	ystas	10
ysta	ystande	4
ysta	ysten	13
ysta	yste	6
ysta	ystt	5
ysta	ystar	11
ysta	ta	3
ysta	ystad	8
ysta	ystet	0
ysta	ystes	1
ysta	yster	2
ysta	yst	12
ysta	ystade	7
skåda	skådad	8
skåda	skådat	1
skåda	skådade	7
skåda	skåder	2
skåda	skåd	12
skåda	skådades	9
skåda	kåda	3
skåda	skåden	13
skåda	skådas	10
skåda	skådet	0
skåda	skådar	11
skåda	skådan	5
skåda	skådande	4
skåda	skåda	14
skåda	skådaren	6
insinuera	insinuert	5
insinuera	insinueren	13
insinuera	insinuerades	9
insinuera	insinueras	10
insinuera	insinuerat	1
insinuera	insinuerad	8
insinuera	insinuera	14
insinuera	insinuerade	7
insinuera	insinuerande	4
insinuera	insiner	2
insinuera	sinera	3
insinuera	insinuere	6
insinuera	insinuerar	11
insinuera	insinuer	12
insinuera	insinueret	0
drabba	drabb	12
drabba	drabbades	9
drabba	drabbar	2
drabba	drabban	5
drabba	drabbat	1
drabba	drabba	14
drabba	drabbad	8
drabba	dbaba	3
drabba	drabbar	11
drabba	drabbe	6
drabba	drabbade	7
drabba	drabbas	10
drabba	drabbet	0
drabba	drabben	13
drabba	drabbande	4
överse	överse	6
överse	översen	13
överse	överser	2
överse	överse	12
överse	överser	11
överse	översedes	9
överse	översende	4
överse	överses	10
överse	överse	14
överse	överset	0
överse	överset	1
överse	rse	3
överse	översen	5
överse	översede	7
överse	översed	8
förutsäga	förutsäget	0
förutsäga	förutsägande	4
förutsäga	förutsägade	7
förutsäga	förutsägad	8
förutsäga	förutsägar	11
förutsäga	förutsäg	12
förutsäga	förutsägt	5
förutsäga	förutsäga	14
förutsäga	förutsäger	2
förutsäga	förutsäges	1
förutsäga	förutsäge	6
förutsäga	förutsägen	13
förutsäga	förutsäger	9
förutsäga	utsäga	3
förutsäga	förutsägas	10
rigga	rigger	2
rigga	rigget	0
rigga	riggt	5
rigga	riggade	7
rigga	rigges	1
rigga	rigg	12
rigga	rigga	14
rigga	rigge	6
rigga	riggande	4
rigga	rigger	9
rigga	riggar	11
rigga	ga	3
rigga	riggen	13
rigga	riggas	10
rigga	riggad	8
uttala	uttaler	2
uttala	tala	3
uttala	uttalt	5
uttala	uttalat	1
uttala	uttalades	9
uttala	uttale	6
uttala	uttalade	7
uttala	uttal	12
uttala	uttala	14
uttala	uttalas	10
uttala	uttalad	8
uttala	uttalar	11
uttala	uttalande	4
uttala	uttalet	0
uttala	uttalen	13
tunnla	tunner	9
tunnla	tunnlande	4
tunnla	tunnlan	5
tunnla	tunnlat	1
tunnla	tunne	6
tunnla	tunnlas	10
tunnla	tunnlen	13
tunnla	tunnlad	8
tunnla	nla	3
tunnla	tunnla	14
tunnla	tunner	2
tunnla	tunnlar	11
tunnla	tunnlade	7
tunnla	tunn	12
tunnla	tunnlet	0
prisa	prisa	14
prisa	priser	2
prisa	prisad	8
prisa	prisat	1
prisa	priser	9
prisa	prisar	11
prisa	pris	12
prisa	prisande	4
prisa	prisen	13
prisa	priset	0
prisa	prisan	5
prisa	prisade	7
prisa	isa	3
prisa	prise	6
prisa	prisas	10
rationalisera	ratinalisade	7
rationalisera	ratinnalisa	14
rationalisera	ratinnalist	5
rationalisera	ratinalisas	10
rationalisera	ratinnalis	8
rationalisera	ratinnalis	11
rationalisera	ratinnalis	1
rationalisera	ratinne	6
rationalisera	ratinnalis	9
rationalisera	tina	3
rationalisera	ratinnen	13
rationalisera	ratiner	2
rationalisera	ratinnliset	0
rationalisera	ratinnliser	4
rationalisera	ratin	12
utforska	utforsken	13
utforska	utforsket	0
utforska	utforskat	1
utforska	forska	3
utforska	utforskan	5
utforska	utforske	6
utforska	utforskande	4
utforska	utforskas	10
utforska	utforsk	12
utforska	utforskad	8
utforska	utforsker	2
utforska	utforska	14
utforska	utforskar	11
utforska	utforskade	7
utforska	utforskades	9
signera	signeret	0
signera	signerad	8
signera	signer	12
signera	signerat	1
signera	signeren	13
signera	signeras	10
signera	gnera	3
signera	signerar	11
signera	signerades	9
signera	signere	6
signera	signerade	7
signera	signer	2
signera	signera	14
signera	signert	5
signera	signerande	4
hänga	hänger	9
hänga	hängt	5
hänga	hänget	0
hänga	hänga	14
hänga	hänge	6
hänga	hänges	1
hänga	hängande	4
hänga	hängen	13
hänga	hängade	7
hänga	hängar	11
hänga	hängas	10
hänga	ga	3
hänga	hängad	8
hänga	häng	12
hänga	hänger	2
infiltrera	infiltreras	10
infiltrera	infiltrere	6
infiltrera	infiltrerad	8
infiltrera	infiltrerade	7
infiltrera	infiltrerande	4
infiltrera	infiltrer	2
infiltrera	infiltrer	0
infiltrera	infiltrert	5
infiltrera	infiltrerar	11
infiltrera	infiltrerat	1
infiltrera	infiltrer	12
infiltrera	filtra	3
infiltrera	infiltren	13
infiltrera	infiltrer	9
infiltrera	infiltrera	14
angripa	angripes	1
angripa	angripen	13
angripa	angripas	10
angripa	angripad	8
angripa	angript	5
angripa	angriparen	6
angripa	angripte	7
angripa	gripa	3
angripa	angriper	2
angripa	angripa	14
angripa	angrip	12
angripa	angripet	0
angripa	angripande	4
angripa	angripar	11
angripa	angriper	9
administrera	adminstra	14
administrera	adminstrande	4
administrera	adminstret	0
administrera	adminstrade	7
administrera	adminstrad	8
administrera	adminstrar	11
administrera	dmintra	3
administrera	adminstrat	1
administrera	administran	5
administrera	administr	12
administrera	adminstrades	9
administrera	adminstras	10
administrera	adminstre	6
administrera	adminstrer	2
administrera	adminstren	13
tillträda	tillträd	12
tillträda	tillträdande	4
tillträda	tillträdade	7
tillträda	tillträdar	11
tillträda	tillträde	6
tillträda	tillträda	14
tillträda	tillträdes	1
tillträda	tillträder	2
tillträda	lträda	3
tillträda	tillträdet	0
tillträda	tillträden	13
tillträda	tillträdas	10
tillträda	tillträdad	8
tillträda	tillträder	9
tillträda	tillträdan	5
rösta	rösta	14
rösta	röstas	10
rösta	sta	3
rösta	röstad	8
rösta	röst	12
rösta	rösten	13
rösta	röstande	4
rösta	röstat	1
rösta	röster	9
rösta	röstet	0
rösta	röstan	5
rösta	röster	2
rösta	röste	6
rösta	röstade	7
rösta	röstar	11
förneka	förnekar	11
förneka	förnekades	9
förneka	förnekande	4
förneka	förneket	0
förneka	förnekat	1
förneka	förnekas	10
förneka	förnekan	5
förneka	förneka	14
förneka	neker	2
förneka	förneken	13
förneka	förnekad	8
förneka	förnek	12
förneka	förneke	6
förneka	neka	3
förneka	förnekade	7
slopa	slopar	11
slopa	slopas	10
slopa	slopande	4
slopa	slopad	8
slopa	slope	6
slopa	slop	12
slopa	papa	3
slopa	slopade	7
slopa	slopat	1
slopa	slopan	5
slopa	sloper	2
slopa	slopen	13
slopa	slopa	14
slopa	slopades	9
slopa	slopet	0
bedriva	bedrivt	5
bedriva	driv	4
bedriva	bedriver	9
bedriva	bedrive	6
bedriva	bedrives	1
bedriva	bedrivade	7
bedriva	bedriv	12
bedriva	bedrivas	10
bedriva	bedriven	13
bedriva	driven	0
bedriva	bedrivad	8
bedriva	driver	2
bedriva	driva	3
bedriva	bedrivar	11
bedriva	bedriva	14
destillera	destilleren	13
destillera	destillerande	4
destillera	destillert	5
destillera	destillerade	7
destillera	destilleras	10
destillera	destillerad	8
destillera	destillera	14
destillera	destillrer	2
destillera	destillerades	9
destillera	destillerat	1
destillera	destillerar	11
destillera	stilla	3
destillera	destilleret	0
destillera	destillere	6
destillera	destiller	12
övertyga	övertygen	13
övertyga	rtyga	3
övertyga	övertygas	10
övertyga	övertyg	12
övertyga	övertyget	0
övertyga	övertygade	7
övertyga	övertygt	5
övertyga	övertygaren	6
övertyga	övertyger	2
övertyga	övertyges	1
övertyga	övertygad	8
övertyga	övertygande	4
övertyga	övertygar	11
övertyga	övertyger	9
övertyga	övertyga	14
gruppera	uppera	3
gruppera	grupperat	1
gruppera	grupperade	7
gruppera	grupperad	8
gruppera	grupper	12
gruppera	grupperet	0
gruppera	grupperer	2
gruppera	gruppere	6
gruppera	grupperande	4
gruppera	grupperar	11
gruppera	gruppert	5
gruppera	grupperas	10
gruppera	grupperen	13
gruppera	gruppera	14
gruppera	grupperades	9
fördärva	därva	3
fördärva	fördärvande	4
fördärva	fördärven	13
fördärva	fördärv	12
fördärva	fördärva	14
fördärva	fördärvades	9
fördärva	fördärvad	8
fördärva	därver	2
fördärva	fördärvat	1
fördärva	fördärvade	7
fördärva	fördärvan	5
fördärva	fördärvaren	6
fördärva	fördärvet	0
fördärva	fördärvas	10
fördärva	fördärvar	11
stava	stavad	8
stava	stavade	7
stava	staver	9
stava	va	3
stava	stave	6
stava	stavat	1
stava	stav	12
stava	staver	2
stava	stava	14
stava	stavar	11
stava	stavande	4
stava	staven	13
stava	stavan	5
stava	stavas	10
stava	stavet	0
märka	märker	9
märka	märkes	1
märka	märkande	4
märka	märket	0
märka	märkad	8
märka	märkar	11
märka	märkte	7
märka	ka	3
märka	märkas	10
märka	märken	13
märka	märke	6
märka	märker	2
märka	märkt	5
märka	märka	14
märka	märk	12
exportera	epporterad	8
exportera	epporteren	13
exportera	epportera	14
exportera	epporteras	10
exportera	erportere	6
exportera	epporterades	9
exportera	porter	2
exportera	erporteret	0
exportera	eportert	5
exportera	eporterade	7
exportera	epporterar	11
exportera	epporterat	1
exportera	epporter	12
exportera	portera	3
exportera	erporterande	4
möta	möte	6
möta	mötes	1
möta	mötar	11
möta	ta	3
möta	mötas	10
möta	mötande	4
möta	möta	14
möta	möten	13
möta	möter	9
möta	mötad	8
möta	mött	5
möta	mötet	0
möta	möter	2
möta	mötte	7
möta	möt	12
fixa	fixen	13
fixa	fixas	10
fixa	fixer	2
fixa	fixar	11
fixa	fix	12
fixa	fixade	7
fixa	a	3
fixa	fixe	6
fixa	fixet	0
fixa	fixt	5
fixa	fixande	4
fixa	fixer	9
fixa	fixa	14
fixa	fixes	1
fixa	fixad	8
förordna	förordnen	13
förordna	förordna	14
förordna	förordnade	7
förordna	förordnat	1
förordna	ordna	3
förordna	förordn	12
förordna	förordnande	4
förordna	förordnas	10
förordna	förordnad	8
förordna	förordnades	2
förordna	förordnet	0
förordna	förordne	6
förordna	förordnades	9
förordna	förordnan	5
förordna	förordnar	11
olla	ollat	1
olla	ollan	5
olla	ollad	8
olla	ollas	10
olla	ollen	13
olla	olla	14
olla	ollades	9
olla	olle	6
olla	ollet	0
olla	la	3
olla	ollade	7
olla	ollar	11
olla	ollande	4
olla	oller	2
olla	oll	12
påstå	påstådes	9
påstå	påstå	14
påstå	påståde	7
påstå	stå	3
påstå	påstå	12
påstå	påstån	13
påstå	påstådes	2
påstå	påstås	10
påstå	påståt	0
påstå	påståd	8
påstå	påstånde	4
påstå	påstår	11
påstå	påståt	1
påstå	påståren	6
påstå	påstån	5
emigrera	emigrert	5
emigrera	migrer	2
emigrera	emigreras	10
emigrera	emigreren	13
emigrera	mrera	3
emigrera	emigrerades	9
emigrera	emigrere	6
emigrera	emigrerar	11
emigrera	emigrerande	4
emigrera	emigrerat	1
emigrera	migren	0
emigrera	emigrera	14
emigrera	emigrer	12
emigrera	emigrerad	8
emigrera	emigrerade	7
predika	dika	3
predika	predika	14
predika	predikad	8
predika	predikande	4
predika	predikar	11
predika	predikas	10
predika	prediker	2
predika	predikaren	6
predika	predikan	5
predika	predikades	9
predika	prediket	0
predika	prediken	13
predika	predikat	1
predika	predikade	7
predika	predik	12
avgränsa	avgränsan	5
avgränsa	avgränsande	4
avgränsa	avgränser	2
avgränsa	avgränsa	14
avgränsa	avgränsad	8
avgränsa	gränsa	3
avgränsa	avgränser	9
avgränsa	avgränsas	10
avgränsa	avgränsar	11
avgränsa	avgräns	12
avgränsa	avgränsen	13
avgränsa	avgränset	0
avgränsa	avgränsat	1
avgränsa	avgränse	6
avgränsa	avgränsade	7
spå	spåde	7
spå	spåd	8
spå	spå	14
spå	spår	11
spå	spådes	2
spå	spå	12
spå	spåt	1
spå	spån	13
spå	å	3
spå	spås	10
spå	spåren	6
spå	spånde	4
spå	spådes	9
spå	spån	5
spå	spåt	0
erhålla	erhåll	12
erhålla	erhållas	10
erhålla	håller	2
erhålla	erhållar	11
erhålla	erhålles	1
erhålla	erhållt	5
erhålla	erhålle	6
erhålla	erhållad	8
erhålla	erhållande	4
erhålla	erhålla	14
erhålla	erhållade	7
erhålla	erhåller	9
erhålla	hålla	3
erhålla	erhållet	0
erhålla	erhållen	13
bekräfta	bekräfta	14
bekräfta	kräft	4
bekräfta	bekräften	13
bekräfta	bekräftad	8
bekräfta	bekräft	12
bekräfta	bekräftades	9
bekräfta	bekräfte	6
bekräfta	kräfta	3
bekräfta	bekräftar	11
bekräfta	bekräftade	7
bekräfta	kräfter	2
bekräfta	bekräftat	1
bekräfta	bekräftan	5
bekräfta	bekräftas	10
bekräfta	kräften	0
klorera	klorerat	1
klorera	klorerad	8
klorera	klorerar	11
klorera	orera	3
klorera	kloreras	10
klorera	kloreren	13
klorera	klorer	2
klorera	klorert	5
klorera	klorerades	9
klorera	klorerade	7
klorera	klorera	14
klorera	klorerande	4
klorera	klorere	6
klorera	klorer	12
klorera	kloreret	0
svara	svarer	2
svara	svarad	8
svara	svaras	10
svara	svar	12
svara	svarat	1
svara	svart	5
svara	vara	3
svara	svare	6
svara	svarar	11
svara	svara	14
svara	svarade	7
svara	svaren	13
svara	svarande	4
svara	svaret	0
svara	svarer	9
klistra	klistrande	4
klistra	klistrat	1
klistra	klistrar	11
klistra	klistr	12
klistra	klistrade	7
klistra	klistras	10
klistra	klistren	13
klistra	klistrer	2
klistra	klistrades	9
klistra	klistret	0
klistra	klistre	6
klistra	klistrad	8
klistra	klistran	5
klistra	stra	3
klistra	klistra	14
lysa	lyser	9
lysa	lyste	7
lysa	lysande	4
lysa	lysas	10
lysa	lysa	14
lysa	lysen	13
lysa	lys	12
lysa	lyset	0
lysa	lysad	8
lysa	lyse	6
lysa	sa	3
lysa	lyses	1
lysa	lyser	2
lysa	lyst	5
lysa	lysar	11
förfina	förfinad	8
förfina	förfinade	7
förfina	förfina	14
förfina	förfin	12
förfina	finer	2
förfina	fina	3
förfina	förfiner	9
förfina	förfinat	1
förfina	förfinande	4
förfina	förfint	5
förfina	förfinas	10
förfina	förfinar	11
förfina	förfine	6
förfina	förfinen	13
förfina	förfinet	0
upphäva	upphäv	12
upphäva	upphävet	0
upphäva	upphäves	1
upphäva	upphäver	2
upphäva	upphävad	8
upphäva	upphäver	9
upphäva	upphäva	14
upphäva	upphävt	5
upphäva	upphävte	7
upphäva	upphävas	10
upphäva	upphävande	4
upphäva	upphävar	11
upphäva	upphäve	6
upphäva	häva	3
upphäva	upphäven	13
donera	donerade	7
donera	donert	5
donera	doner	2
donera	donerande	4
donera	doneret	0
donera	nera	3
donera	donerad	8
donera	doner	12
donera	donere	6
donera	donerar	11
donera	doneras	10
donera	doneren	13
donera	donerades	9
donera	donerat	1
donera	donera	14
framföra	framför	12
framföra	framförer	2
framföra	framförte	7
framföra	framföra	14
framföra	framföret	0
framföra	framfören	13
framföra	mföra	3
framföra	framföre	6
framföra	framförar	11
framföra	framfört	5
framföra	framförande	4
framföra	framföres	1
framföra	framförad	8
framföra	framföras	10
framföra	framförer	9
banda	bander	9
banda	banda	14
banda	bandade	7
banda	bandes	1
banda	bandad	8
banda	bandar	11
banda	band	12
banda	bandet	0
banda	nda	3
banda	bandas	10
banda	bander	2
banda	bandande	4
banda	bande	6
banda	bandan	5
banda	banden	13
befästa	fästen	0
befästa	befäste	6
befästa	fäster	2
befästa	befästas	10
befästa	befäst	12
befästa	befästes	1
befästa	befästa	14
befästa	befäster	9
befästa	fästa	3
befästa	befästan	5
befästa	befästen	13
befästa	befästade	7
befästa	fäst	4
befästa	befästar	11
befästa	befästad	8
krama	kramar	11
krama	krama	14
krama	kramade	7
krama	kramaren	6
krama	kramen	13
krama	kramades	2
krama	ama	3
krama	kramad	8
krama	kramas	10
krama	kramades	9
krama	kram	12
krama	kramande	4
krama	kramt	5
krama	kramet	0
krama	kramat	1
utbyta	utbyte	6
utbyta	utbyter	9
utbyta	utbytas	10
utbyta	utbytande	4
utbyta	utbytet	0
utbyta	utbyt	12
utbyta	utbyten	13
utbyta	byta	3
utbyta	utbytad	8
utbyta	utbytte	7
utbyta	utbyta	14
utbyta	utbyter	2
utbyta	utbytar	11
utbyta	utbytes	1
utbyta	utbytt	5
karaktärisera	karaktärsande	4
karaktärisera	karaktärs	0
karaktärisera	karaktärs	2
karaktärisera	karaktärsade	7
karaktärisera	karaktärsad	8
karaktärisera	karaktärse	6
karaktärisera	karaktärsas	10
karaktärisera	karaktärs	12
karaktärisera	karaktärsa	14
karaktärisera	aktära	3
karaktärisera	karaktärsades	9
karaktärisera	karaktärst	5
karaktärisera	karaktärsat	1
karaktärisera	karaktärsar	11
karaktärisera	karaktärsen	13
besöka	söker	2
besöka	besök	12
besöka	besökas	10
besöka	besöka	14
besöka	besökar	11
besöka	besöken	13
besöka	söka	3
besöka	besökes	1
besöka	besökt	5
besöka	sök	4
besöka	besöke	6
besöka	besöker	9
besöka	besökad	8
besöka	besökte	7
besöka	söken	0
underteckna	derteckna	3
underteckna	undertecknad	8
underteckna	undertecknades	9
underteckna	undertecknen	13
underteckna	underteckn	2
underteckna	undertecka	14
underteckna	undertecknde	4
underteckna	undertecknas	10
underteckna	underteck	12
underteckna	undertecknade	7
underteckna	underteckne	6
underteckna	undertecknar	11
underteckna	undertecknat	1
underteckna	underteckt	5
underteckna	undertecknet	0
tillbedja	tillbedjade	7
tillbedja	tillbedjande	4
tillbedja	tillbedjad	8
tillbedja	tillbedje	6
tillbedja	tillbedjen	13
tillbedja	tillbedjet	0
tillbedja	tillbedja	14
tillbedja	tillbedj	12
tillbedja	tillbedjer	2
tillbedja	lbedja	3
tillbedja	tillbedjes	1
tillbedja	tillbedjer	9
tillbedja	tillbedjt	5
tillbedja	tillbedjas	10
tillbedja	tillbedjar	11
tina	tina	14
tina	tiner	9
tina	tinat	1
tina	tinad	8
tina	tinet	0
tina	tinan	5
tina	tinade	7
tina	tinas	10
tina	tinar	11
tina	tin	12
tina	na	3
tina	tinande	4
tina	tine	6
tina	tiner	2
tina	tinen	13
fullborda	fullbordas	10
fullborda	fullbordar	11
fullborda	fullbordet	0
fullborda	lborda	3
fullborda	fullbordade	7
fullborda	fullbordades	9
fullborda	fullborden	13
fullborda	fullbordande	4
fullborda	fullborde	6
fullborda	fullbord	12
fullborda	fullbordad	8
fullborda	fullborder	2
fullborda	fullbordat	1
fullborda	fullborda	14
fullborda	fullbordan	5
agna	agnade	7
agna	agn	12
agna	agne	6
agna	agnas	10
agna	agna	14
agna	agner	2
agna	agnt	5
agna	na	3
agna	agnad	8
agna	agnet	0
agna	agnades	9
agna	agnen	13
agna	agnat	1
agna	agnande	4
agna	agnar	11
vässa	vässer	2
vässa	vässe	6
vässa	vässt	5
vässa	vässes	1
vässa	vässen	13
vässa	vässande	4
vässa	vässas	10
vässa	vässet	0
vässa	vässte	7
vässa	vässar	11
vässa	väss	12
vässa	vässa	14
vässa	vässer	9
vässa	sa	3
vässa	vässad	8
titulera	titulerer	2
titulera	titulerat	1
titulera	titulerad	8
titulera	titulert	5
titulera	titulerande	4
titulera	tituleret	0
titulera	tituleras	10
titulera	titulerar	11
titulera	titulerades	9
titulera	tulera	3
titulera	tituler	12
titulera	titulere	6
titulera	titulera	14
titulera	titulerade	7
titulera	tituleren	13
anställa	ställa	3
anställa	anställ	12
anställa	anställer	9
anställa	anställande	4
anställa	anställade	7
anställa	anställar	11
anställa	anställer	2
anställa	anställt	5
anställa	anställad	8
anställa	anställes	1
anställa	anställa	14
anställa	anstället	0
anställa	anställe	6
anställa	anställas	10
anställa	anställen	13
dubblera	dubblere	6
dubblera	dubblera	14
dubblera	dubblerat	1
dubblera	dubleret	0
dubblera	dubblerad	8
dubblera	dubblerades	9
dubblera	dubbleras	10
dubblera	dubleren	13
dubblera	dubbler	12
dubblera	blera	3
dubblera	dublerer	2
dubblera	dubblerade	7
dubblera	dubblert	5
dubblera	dubblerande	4
dubblera	dubblerar	11
betrakta	betraktas	10
betrakta	trakter	2
betrakta	betraktades	9
betrakta	betraktar	11
betrakta	betraktan	5
betrakta	betrakt	12
betrakta	trakt	4
betrakta	trakten	0
betrakta	trakta	3
betrakta	betraktade	7
betrakta	betrakte	6
betrakta	betraktad	8
betrakta	betrakta	14
betrakta	betrakten	13
betrakta	betraktat	1
bifoga	bifog	12
bifoga	bifoge	6
bifoga	bifogad	8
bifoga	bifogar	11
bifoga	bifogat	1
bifoga	bifoga	14
bifoga	foga	3
bifoga	bifogt	5
bifoga	bifogade	7
bifoga	bifogas	10
bifoga	bifogades	9
bifoga	bifogen	13
bifoga	bifoget	0
bifoga	bifogande	4
bifoga	foger	2
fördela	fördelad	8
fördela	deler	2
fördela	fördela	14
fördela	fördelar	11
fördela	fördelan	5
fördela	dela	3
fördela	fördelas	10
fördela	fördelande	4
fördela	fördelade	7
fördela	fördelat	1
fördela	fördele	6
fördela	fördelen	13
fördela	fördel	12
fördela	fördelet	0
fördela	fördelades	9
boka	bokas	10
boka	ker	2
boka	boker	9
boka	boket	0
boka	boken	13
boka	bokar	11
boka	bokande	4
boka	bokade	7
boka	bokad	8
boka	boka	14
boka	bokt	5
boka	bokat	1
boka	boke	6
boka	bok	12
boka	ka	3
mena	mene	6
mena	menades	9
mena	menad	8
mena	menet	0
mena	menat	1
mena	menen	13
mena	men	12
mena	ment	5
mena	menade	7
mena	mena	14
mena	menar	11
mena	na	3
mena	mener	2
mena	menande	4
mena	menas	10
diskretisera	diskretisas	10
diskretisera	diskretiset	0
diskretisera	diskretiser	2
diskretisera	diskretisad	8
diskretisera	diskretis	12
diskretisera	diskretises	1
diskretisera	skretisa	3
diskretisera	diskretiser	9
diskretisera	diskretisa	14
diskretisera	diskretist	5
diskretisera	diskretise	6
diskretisera	diskretisen	13
diskretisera	diskretisar	11
diskretisera	diskretisade	7
diskretisera	diskretisande	4
jämföra	jämförar	11
jämföra	jämföre	6
jämföra	jämförad	8
jämföra	jämförer	9
jämföra	föra	3
jämföra	jämförer	2
jämföra	jämför	12
jämföra	jämföret	0
jämföra	jämföra	14
jämföra	jämförande	4
jämföra	jämföres	1
jämföra	jämfört	5
jämföra	jämförte	7
jämföra	jämfören	13
jämföra	jämföras	10
brotta	otta	3
brotta	brottet	0
brotta	brottades	9
brotta	brotte	6
brotta	brottar	11
brotta	brotten	13
brotta	brottan	5
brotta	brott	12
brotta	brottande	4
brotta	brottas	10
brotta	otter	2
brotta	brotta	14
brotta	brottat	1
brotta	brottad	8
brotta	brottade	7
mana	manades	9
mana	man	12
mana	maner	2
mana	manande	4
mana	ana	3
mana	mane	6
mana	manen	13
mana	manade	7
mana	manar	11
mana	manet	0
mana	manas	10
mana	manat	1
mana	mant	5
mana	manad	8
mana	mana	14
bordlägga	bordläggt	5
bordlägga	bordlägg	12
bordlägga	dläga	3
bordlägga	bordläggade	7
bordlägga	bordläggas	10
bordlägga	dläger	2
bordlägga	bordlägga	14
bordlägga	bordläggen	13
bordlägga	bordläggar	11
bordlägga	bordlägge	6
bordlägga	bordlägger	9
bordlägga	bordläggande	4
bordlägga	bordlägget	0
bordlägga	bordlägges	1
bordlägga	bordläggad	8
behandla	behandlad	8
behandla	behandlas	10
behandla	handlen	0
behandla	handla	3
behandla	behandle	6
behandla	handl	4
behandla	behandlan	5
behandla	behandla	14
behandla	behandlades	9
behandla	behandlat	1
behandla	handler	2
behandla	behandlade	7
behandla	behandlar	11
behandla	behandlen	13
behandla	behandl	12
förtycka	förtyckt	5
förtycka	förtycken	13
förtycka	förtycka	14
förtycka	förtyckar	11
förtycka	tycker	2
förtycka	förtyck	12
förtycka	tycka	3
förtycka	förtyckaren	6
förtycka	förtyckande	4
förtycka	förtyckad	8
förtycka	förtycker	9
förtycka	förtyckes	1
förtycka	förtyckte	7
förtycka	förtyckas	10
förtycka	förtycket	0
överväga	överväges	1
överväga	övervägande	4
överväga	övervägt	5
överväga	överväg	12
överväga	överväga	14
överväga	övervägen	13
överväga	övervägar	11
överväga	överväget	0
överväga	överväge	6
överväga	rväga	3
överväga	övervägade	7
överväga	övervägad	8
överväga	överväger	9
överväga	övervägas	10
överväga	överväger	2
jorda	jordan	5
jorda	jordar	11
jorda	jordet	0
jorda	jordade	7
jorda	jorden	13
jorda	jordande	4
jorda	jorde	6
jorda	jordas	10
jorda	jorda	14
jorda	jordad	8
jorda	da	3
jorda	jord	12
jorda	jorder	9
jorda	jordes	1
jorda	jorder	2
upplysa	upplyser	2
upplysa	upplyset	0
upplysa	upplysas	10
upplysa	upplyste	7
upplysa	upplyses	1
upplysa	upplys	12
upplysa	upplysa	14
upplysa	upplyse	6
upplysa	upplysad	8
upplysa	upplysen	13
upplysa	lysa	3
upplysa	upplysar	11
upplysa	upplysande	4
upplysa	upplyst	5
upplysa	upplyser	9
variera	varierat	1
variera	varier	12
variera	varieraren	6
variera	variera	14
variera	varieret	0
variera	varieran	5
variera	iera	3
variera	varierad	8
variera	varieras	10
variera	varierar	11
variera	varierades	9
variera	varierade	7
variera	varieren	13
variera	varier	2
variera	varierande	4
stråla	strålat	1
stråla	åla	3
stråla	strålas	10
stråla	strålet	0
stråla	strålad	8
stråla	strålar	11
stråla	stråla	14
stråla	stråler	2
stråla	stråle	6
stråla	strål	12
stråla	strålande	4
stråla	strålan	5
stråla	strålade	7
stråla	strålen	13
stråla	strålades	9
åskåda	åskådan	5
åskåda	åskåd	12
åskåda	åskådet	0
åskåda	kåda	3
åskåda	åskådar	11
åskåda	åskådades	9
åskåda	åskåden	13
åskåda	åskåda	14
åskåda	åskådas	10
åskåda	åskådat	1
åskåda	åskådade	7
åskåda	åskådad	8
åskåda	åskådande	4
åskåda	åskåder	2
åskåda	åskådaren	6
ursäkta	ursäkten	13
ursäkta	ursäktet	0
ursäkta	ursäktande	4
ursäkta	ursäktan	5
ursäkta	ursäkter	2
ursäkta	ursäktad	8
ursäkta	ursäkta	14
ursäkta	säkta	3
ursäkta	ursäktas	10
ursäkta	ursäkt	12
ursäkta	ursäktes	1
ursäkta	ursäktade	7
ursäkta	ursäkter	9
ursäkta	ursäkte	6
ursäkta	ursäktar	11
abonnera	anner	2
abonnera	annereret	0
abonnera	abonnerad	8
abonnera	abonnere	6
abonnera	abonnerat	1
abonnera	abonnerades	9
abonnera	abonneras	10
abonnera	abonnerar	11
abonnera	abonneran	5
abonnera	abonnerade	7
abonnera	abonner	12
abonnera	abonneren	13
abonnera	annnerande	4
abonnera	abonnera	14
abonnera	onera	3
passa	passaren	6
passa	passer	2
passa	passet	0
passa	pass	12
passa	passa	14
passa	passt	5
passa	passande	4
passa	passade	7
passa	passas	10
passa	sa	3
passa	passad	8
passa	passar	11
passa	passer	9
passa	passen	13
passa	passes	1
dekretera	dekreterer	2
dekretera	kretera	3
dekretera	dekretert	5
dekretera	dekreterade	7
dekretera	dekreteren	13
dekretera	dekreteras	10
dekretera	dekreteret	0
dekretera	dekretere	6
dekretera	dekreter	12
dekretera	dekreterad	8
dekretera	dekretera	14
dekretera	dekreterades	9
dekretera	dekreterar	11
dekretera	dekreterat	1
dekretera	dekreterande	4
förebygga	förebygget	0
förebygga	förebyggade	7
förebygga	förebygges	1
förebygga	förebyggen	13
förebygga	förebyggad	8
förebygga	förebyggt	5
förebygga	ebygga	3
förebygga	förebyggas	10
förebygga	förebygg	12
förebygga	förebyggande	4
förebygga	förebyggar	11
förebygga	förebygger	2
förebygga	förebygger	9
förebygga	förebyggaren	6
förebygga	förebygga	14
förmoda	förmoden	13
förmoda	moda	3
förmoda	förmodan	5
förmoda	förmodad	8
förmoda	förmod	12
förmoda	förmodade	7
förmoda	moder	2
förmoda	förmodande	4
förmoda	förmodas	10
förmoda	förmoda	14
förmoda	förmode	6
förmoda	förmodet	0
förmoda	förmoder	9
förmoda	förmodar	11
förmoda	förmodat	1
erkänna	erkänna	14
erkänna	känna	3
erkänna	erkänn	12
erkänna	erkännen	13
erkänna	känner	2
erkänna	erkännad	8
erkänna	erkännade	7
erkänna	erkänne	6
erkänna	erkännas	10
erkänna	erkännande	4
erkänna	erkännes	1
erkänna	erkännet	0
erkänna	erkänner	9
erkänna	erkännar	11
erkänna	erkännt	5
fräsa	fräset	0
fräsa	fräses	1
fräsa	fräser	2
fräsa	fräst	5
fräsa	fräste	7
fräsa	fräsa	14
fräsa	fräsande	4
fräsa	fräse	6
fräsa	fräsad	8
fräsa	fräser	9
fräsa	sa	3
fräsa	fräs	12
fräsa	fräsar	11
fräsa	fräsas	10
fräsa	fräsen	13
ändra	ändr	12
ändra	dra	3
ändra	ändrer	2
ändra	ändran	5
ändra	ändrade	7
ändra	ändras	10
ändra	ändret	0
ändra	ändre	6
ändra	ändrande	4
ändra	ändrar	11
ändra	ändra	14
ändra	ändren	13
ändra	ändrer	9
ändra	ändrat	1
ändra	ändrad	8
betona	betonen	13
betona	betonat	1
betona	betona	14
betona	betont	5
betona	betone	6
betona	betonade	7
betona	tonen	0
betona	beton	12
betona	betonar	11
betona	betonad	8
betona	tona	3
betona	betonades	9
betona	betonas	10
betona	toner	2
betona	ton	4
försöka	söker	2
försöka	försökt	5
försöka	försökas	10
försöka	försök	12
försöka	försökte	7
försöka	försöken	13
försöka	försöker	9
försöka	söka	3
försöka	försöka	14
försöka	försökar	11
försöka	försöket	0
försöka	försökad	8
försöka	försökes	1
försöka	försöke	6
försöka	försökande	4
turnera	turnert	5
turnera	turnerat	1
turnera	turner	12
turnera	nera	3
turnera	turnera	14
turnera	turneret	0
turnera	turnere	6
turnera	turneras	10
turnera	turnerades	9
turnera	turnerad	8
turnera	turneren	13
turnera	turnerar	11
turnera	turnerande	4
turnera	turnerade	7
turnera	turnerer	2
