ekarri	ikiki	2
ekarri	darakikikikikikikikikikikikikikikikikikikikikikikikikikikikikikikikikikikikikikikikikikikikikikikikikikikikikikikikikikikikikiki	8
ekarri	erakikin	3
ekarri	erakiken	11
ekarri	erakikikikikikikikikikikikikikura	12
ekarri	ika	29
ekarri	ikuri	14
ekarri	erakiki	6
ekarri	erakikili	24
ekarri	erakikikikikikikikikikikikikikikikikikikikikikikikikikikikikikikikikikikikikikikikikikikikikikikikikikikikikikikikikikikikikikik	10
ekarri	baikic	21
ekarri	erakikikikikikikikikikikikikikikikikikikikikikikikikikikikikikikikikikikikikikikikikikikikikikikikikikikikikikikikikikikikikikik	27
ekarri	erakikic	4
ekarri	ekarri	26
ekarri	erakikico	16
ekarri	erakikteco	1
ekarri	erakikikikikikikikikikikikikikikikikikikikikikikikikikikikikikikikikikikikikikikikikikikikikikikikikikikikikikikikikikikikikikik	25
ekarri	erakikikusteco	28
ekarri	erakikili	15
ekarri	erakic	17
ekarri	erakikikikikikikikikikura	0
ekarri	erakikiten	22
ekarri	erakic	5
ekarri	erakiten	7
ekarri	erakikikikikikikikikikikikikikikikikikikikikikikikikikikikikikikikikikikikikikikikikikikikikikikikikikikikikikikikikikikikikikik	23
ekarri	ikac	18
ekarri	erakikikikikikikikikikikikikikikikikikikikikikikikikikikikikikikikikikikikikikikikikikikikikikikikikikikikikikikikikikikikikikik	19
ekarri	erabiki	9
ekarri	erakikikikikura	13
ekarri	moyseri	20
eduki	ikudi	1
eduki	ikuden	11
eduki	ikukudira	29
eduki	daducan	8
eduki	ikudikus	6
eduki	ikuditeno	22
eduki	dikusten	7
eduki	duanaren	24
eduki	duc	4
eduki	ikudin	5
eduki	moyseku	20
eduki	ikukus	14
eduki	adi	27
eduki	ikus	2
eduki	ikudi	19
eduki	ikudiac	18
eduki	daducan	16
eduki	baitadi	12
eduki	ikukuen	3
eduki	ikudikukukukukukukukukukukukukukukukukukukukukukukukukukukukukukukukukukukukukukukukukukukukukukukukukukukukukukukukukukukukukuk	0
eduki	ezpadadi	13
eduki	baduc	21
eduki	ikukudi	23
eduki	ikudic	17
eduki	ikuda	9
eduki	bedu	10
eduki	mendia	15
eduki	ikudi	26
eduki	ikudia	25
eduki	datuoren	28
erabili	erabil	18
erabili	erabili	24
erabili	erabilten	25
erabili	erabili	27
erabili	erabilten	7
erabili	erabili	17
erabili	erabil	11
erabili	erabili	10
erabili	erabili	12
erabili	erabilteco	1
erabili	erabil	0
erabili	erabili	6
erabili	erabili	5
erabili	erabilten	22
erabili	erabilten	3
erabili	erabili	28
erabili	erabili	21
erabili	erabili	20
erabili	erabili	14
erabili	erabili	15
erabili	erabili	29
erabili	erabili	19
erabili	erabili	9
erabili	darabila	8
erabili	erabili	13
erabili	erabili	4
erabili	erabili	26
erabili	ebili	2
erabili	erabilteco	23
erabili	erabilten	16
entzun	ezten	16
entzun	eçagutun	5
entzun	eçagutua	12
entzun	eçagutua	15
entzun	eçagutua	27
entzun	eçatun	3
entzun	eçagutua	24
entzun	moysez	20
entzun	eçagutua	25
entzun	eçagutua	18
entzun	beçagutua	10
entzun	guenenean	11
entzun	eçagutua	4
entzun	eçagutua	9
entzun	vriz	14
entzun	eçagutua	7
entzun	ezpadagu	13
entzun	dathorrenean	28
entzun	eçagutuco	1
entzun	eçatua	21
entzun	eçagutua	22
entzun	eçagutua	19
entzun	hetan	26
entzun	vrrun	2
entzun	alduz	8
entzun	eçagutua	29
entzun	ezquerrac	17
entzun	eçatua	23
entzun	eçagutua	0
entzun	eçatun	6
eraman	berama	10
eraman	eramaran	9
eraman	eramani	14
eraman	eramanen	16
eraman	eramanean	28
eraman	eramaitera	29
eraman	eramaitera	17
eraman	eramaiten	22
eraman	eramaitea	18
eraman	daramala	8
eraman	eramanic	21
eraman	eramaitera	4
eraman	eramançan	0
eraman	eraman-ecan	1
eraman	eraman	26
eraman	arama	27
eraman	eramanen	3
eraman	eramanma	15
eraman	eramanic	5
eraman	eramana	25
eraman	eramanea	11
eraman	eraman-a	12
eraman	eraman-ere	13
eraman	eraman-ere	19
eraman	eramaitera	20
eraman	eman	2
eraman	eramaitera	23
eraman	eramanaren	24
eraman	eraman-ere	6
eraman	eramaiten	7
egin	egau	19
egin	dathorrinean	28
egin	mengia	15
egin	agi	27
egin	igigic	18
egin	iteno	22
egin	dagican	16
egin	moysez	20
egin	egon	5
egin	gor	2
egin	hango	1
egin	egoiten	7
egin	badagi	11
egin	auançagi	0
egin	igonaren	24
egin	ezpadagi	13
egin	egari	9
egin	egoitera	4
egin	gora	29
egin	egoiterac	17
egin	bagic	21
egin	hetan	26
egin	eguineça	23
egin	egonen	3
egin	eçagia	25
egin	dagila	8
egin	gorri	14
egin	baitagi	12
egin	bego	10
egin	egon-ere	6
egon	mengoa	15
egon	baitago	12
egon	gor	2
egon	egoiten	7
egon	ezpadago	13
egon	hango	1
egon	egoitera	17
egon	egonic	5
egon	egari	9
egon	ago	27
egon	dagola	8
egon	egoitera	4
egon	badago	11
egon	auançago	0
egon	gora	29
egon	igoac	18
egon	bagoc	21
egon	dagocan	16
egon	egoiteno	22
egon	dathorrenean	28
egon	moysego	20
egon	egoitela	23
egon	egonen	3
egon	egoana	25
egon	egou	19
egon	egonaren	24
egon	egon	26
egon	gorri	14
egon	bego	10
egon	egon-ere	6
esan	besa	10
esan	mensa	15
esan	dasala	8
esan	esari	9
esan	sar	2
esan	auanças	0
esan	esaic	4
esan	sarri	14
esan	esten	7
esan	esten	16
esan	esan	5
esan	moyses	20
esan	basac	21
esan	isaac	18
esan	esaren	24
esan	esten	3
esan	esteren	6
esan	dathorrenean	28
esan	ezpadas	13
esan	sara	29
esan	esau	23
esan	hetan	26
esan	badas	11
esan	esaa	25
esan	baitas	12
esan	esau	19
esan	asa	27
esan	hansteco	1
esan	esquerrac	17
esan	esteno	22
ezagutu	eçagutua	21
ezagutu	eçagutua	12
ezagutu	eçagutua	15
ezagutu	eçagutua	14
ezagutu	eçagutua	27
ezagutu	eçagutua	5
ezagutu	eçagutua	24
ezagutu	eçagutua	3
ezagutu	eçagutua	8
ezagutu	eçagutua	1
ezagutu	eçagutua	25
ezagutu	eçagutua	10
ezagutu	eçagutu	7
ezagutu	eçagutua	17
ezagutu	eçagutua	18
ezagutu	eçagutua	11
ezagutu	eçagutua	4
ezagutu	eçagutua	9
ezagutu	eçagutua	16
ezagutu	ezpadagu	13
ezagutu	eçagutua	22
ezagutu	eçagutua	26
ezagutu	eçagutua	19
ezagutu	eçagutua	6
ezagutu	eçagutua	2
ezagutu	eçagutua	23
ezagutu	eçagutua	29
ezagutu	eçagutua	20
ezagutu	eçagutua	28
ezagutu	eçagutua	0
ukan	ikukukusteçát	23
ukan	ikukukuk	6
ukan	ukukukust	7
ukan	bakuc	21
ukan	ekukukukukukukukukukukukukukukukukukukukukukukukukukukukukukukukukukukukukukukukukukukukukukukukukukukukukukukukukukukukukukukuk	9
ukan	ikukukusteco	1
ukan	ukukukust	24
ukan	ikukukuk	3
ukan	ikus	20
ukan	ukukukus	19
ukan	ezpadaduc	13
ukan	baitaguo	12
ukan	ukusten	25
ukan	ikukukusa	18
ukan	dakuc	8
ukan	ikukukukukukukukukukukukukukukukukukukukukukukukukukukukukukukukukukukukukukukukukukukukukukukukukukukukukukukukukukukukukukukuk	0
ukan	ikukukukukukukukukukukukukukukukukukukukukukukukukukukukukukukukukukukukukukukukukukukukukukukukukukukukukukukukukukukukukukukuk	14
ukan	ikukukusa	29
ukan	menkus	15
ukan	ikukus	5
ukan	ukukukuk	4
ukan	hetan	26
ukan	vrrun	2
ukan	datuorrenean	28
ukan	ukukukusten	22
ukan	ekusquerac	17
ukan	ikukukusa	27
ukan	ikukukukukukukukukukukukukukukukukukukukukukukukukukukukukukukukukukukukukukukukukukukukukukukukukukukukukukukukukukukukukukukuk	11
ukan	ekusten	16
ukan	bekus	10
erakutsi	erakusteco	11
erakutsi	erakustera	29
erakutsi	eras	0
erakutsi	erakusteco	27
erakutsi	erakusten	24
erakutsi	eras	18
erakutsi	erakusteco	28
erakutsi	esari	2
erakutsi	erakusteco	5
erakutsi	erastera	4
erakutsi	erasteco	1
erakutsi	erakustere	14
erakutsi	erakusteco	20
erakutsi	darakusteco	8
erakutsi	erakustera	17
erakutsi	erakusteco	21
erakutsi	erakustere	6
erakutsi	erakusi	26
erakutsi	erakusten	16
erakutsi	erasi	9
erakutsi	erakusteco	23
erakutsi	erakusten	22
erakutsi	eras	15
erakutsi	erasten	3
erakutsi	erakusteco	13
erakutsi	eratu	19
erakutsi	erakusten	25
erakutsi	erakustera	12
erakutsi	erasten	7
erakutsi	eras	10
etorri	eratera	29
etorri	eraoiten	11
etorri	eraoitera	4
etorri	eraoiten	7
etorri	eraoiten	25
etorri	eraten	26
etorri	erateco	1
etorri	eraoiten	18
etorri	erao	9
etorri	erao	0
etorri	erao	19
etorri	eraoiten	5
etorri	eraori	28
etorri	eraoitere	14
etorri	eor	2
etorri	erateno	22
etorri	eraocan	16
etorri	daratela	8
etorri	eraoitere	6
etorri	eraotera	27
etorri	eraoitera	21
etorri	eraoiten	3
etorri	eraoiten	15
etorri	eratela	23
etorri	erao	10
etorri	eraten	24
etorri	erateri	20
etorri	eraoitera	17
etorri	eraoitera	13
etorri	eraotera	12
atxiki	ikutena	25
atxiki	ikuteco	21
atxiki	ikikiteco	4
atxiki	ikuteco	1
atxiki	ikikitec	18
atxiki	ikutera	0
atxiki	ikikiteco	26
atxiki	ikuten	11
atxiki	ikutera	19
atxiki	ikikiten	10
atxiki	ikutera	29
atxiki	ikuten	7
atxiki	ikuteri	6
atxiki	ekikiteri	9
atxiki	ikikitela	23
atxiki	ikuteno	22
atxiki	vriten	14
atxiki	ezpadadi	8
atxiki	baitadi	12
atxiki	ikikiten	16
atxiki	ikikuten	28
atxiki	ikikiteco	27
atxiki	ikikiten	5
atxiki	ikuteraco	17
atxiki	menkiten	15
atxiki	ikuten	24
atxiki	ikuten	3
atxiki	ikikiteco	20
atxiki	ezpadadi	13
atxiki	ikikiten	2
ikusi	ikustera	9
ikusi	ikusten	22
ikusi	ikus	27
ikusi	ikusteco	1
ikusi	ikus	21
ikusi	ikus	14
ikusi	ikusteco	8
ikusi	ikus	15
ikusi	ikusten	16
ikusi	ikusten	25
ikusi	ikus	2
ikusi	ikusten	7
ikusi	ikus	23
ikusi	ikus	12
ikusi	ikusten	11
ikusi	ikusteco	20
ikusi	ikus	0
ikusi	ikusten	3
ikusi	ikus	19
ikusi	ikusten	24
ikusi	ikus	29
ikusi	ikusqus	17
ikusi	ikusten	6
ikusi	ikusten	28
ikusi	ikusten	5
ikusi	ikusi	26
ikusi	ikus	18
ikusi	ikus	13
ikusi	ikus	4
ikusi	ikus	10
eutsi	esteri	20
eutsi	esquerrac	17
eutsi	bastec	21
eutsi	esari	9
eutsi	sar	2
eutsi	auanças	0
eutsi	dasa	8
eutsi	estela	23
eutsi	esteri	4
eutsi	esten	16
eutsi	eçastua	25
eutsi	esteri	6
eutsi	esten	7
eutsi	isaac	18
eutsi	esau	26
eutsi	eçasitua	15
eutsi	esteco	1
eutsi	ezpadas	13
eutsi	bes	10
eutsi	badas	11
eutsi	baitas	12
eutsi	esterrren	28
eutsi	asa	27
eutsi	esau	19
eutsi	esten	3
eutsi	esauten	24
eutsi	esten	5
eutsi	esteno	22
eutsi	esara	29
eutsi	esari	14
ibili	ili	25
ibili	il	0
ibili	ebili	28
ibili	ili	24
ibili	ili	5
ibili	ili	3
ibili	ili	14
ibili	menbili	15
ibili	dabila	8
ibili	babili	21
ibili	bebili	10
ibili	erabili	20
ibili	ebilteco	23
ibili	ili	6
ibili	ebili	26
ibili	ila	29
ibili	ebili	17
ibili	ilteno	22
ibili	abili	27
ibili	ilteco	1
ibili	baitabi	12
ibili	ili	4
ibili	ili	7
ibili	ebilten	16
ibili	ebil	11
ibili	ebili	19
ibili	ebili	9
ibili	ebili	2
ibili	ezpadabi	13
ibili	ili	18
edun	dun-ere	6
edun	dura	29
edun	badadu	11
edun	vrrun	14
edun	duçuençát	7
edun	edaru	9
edun	auançadu	0
edun	duanaren	24
edun	duc	4
edun	dadula	8
edun	moysez	20
edun	daducan	16
edun	iduac	18
edun	dun	5
edun	dathorrenean	28
edun	dunen	3
edun	duteno	22
edun	duc	17
edun	baduc	21
edun	duçuela	19
edun	vrrun	2
edun	hetan	26
edun	duçuela	23
edun	handua	1
edun	bedu	10
edun	mendua	15
edun	adu	27
edun	ezpadadu	13
edun	duana	25
edun	baitadu	12
izan	badic	21
izan	dathorrinean	28
izan	izan	6
izan	içan	5
izan	citzan	27
izan	bez	10
izan	zara	29
izan	içana	25
izan	mendia	15
izan	içana	18
izan	moysez	20
izan	guinenean	11
izan	aldiz	8
izan	izten	16
izan	içan	4
izan	ezari	9
izan	vriz	14
izan	aldian	1
izan	baitan	12
izan	içan	7
izan	auançan	0
izan	guineçan	23
izan	içanaren	24
izan	hitan	26
izan	içan	19
izan	ezpadadi	13
izan	içan	22
izan	ezquerrac	17
izan	içan	3
izan	vrrin	2
ezan	ezten	16
ezan	izan	5
ezan	bez	10
ezan	cetzan	27
ezan	zara	29
ezan	ezten	22
ezan	gueneçan	23
ezan	moysez	20
ezan	içana	18
ezan	deanaren	24
ezan	zara	4
ezan	ezari	9
ezan	guenenean	11
ezan	eçan	7
ezan	dathorrenean	28
ezan	aldean	1
ezan	baitan	12
ezan	ezten	3
ezan	auançan	0
ezan	baduc	21
ezan	hetan	26
ezan	vrez	14
ezan	vrrun	2
ezan	ezquerre	6
ezan	eçana	25
ezan	ezquerrac	17
ezan	ezau	19
ezan	aldez	8
ezan	menguenea	15
ezan	ezpadan	13
edin	badic	21
edin	edau	19
edin	dianaren	24
edin	mendia	15
edin	badadi	11
edin	adi	27
edin	diana	25
edin	diteno	22
edin	dinen	3
edin	din-ere	6
edin	hetan	26
edin	handi	1
edin	dira	29
edin	vrrin	2
edin	din	5
edin	edic	17
edin	diçuela	23
edin	auançadi	0
edin	moysez	20
edin	baitadi	12
edin	diçuençát	7
edin	dadican	16
edin	bedi	10
edin	dathorrenean	28
edin	dic	4
edin	dadila	8
edin	idiac	18
edin	diri	14
edin	ezpadadi	13
edin	edari	9
