пращам	пращайте	26
пращам	пращал	15
пращам	пращай	32
пращам	пращате	13
пращам	пращам	34
пращам	пращахте	16
пращам	пращах	4
пращам	отпращам	8
пращам	пращайки	19
пращам	пращаше	28
пращам	напращам	17
пращам	разпращам	20
пращам	напращат	10
пращам	отпраща	0
пращам	пращах	6
пращам	пращани	18
пращам	праща	21
пращам	пращаха	25
пращам	пращането	23
пращам	попращат	27
пращам	разпраща	2
пращам	праща	7
пращам	пращат	31
пращам	изпраща	1
пращам	попращаха	11
пращам	попраща	3
пращам	пращаш	14
пращам	опращам	9
пращам	пращали	29
пращам	пращане	22
пращам	пращане	30
пращам	пращаме	33
пращам	попращам	5
пращам	опращат	12
пращам	изпращам	24
узаконявам	узаконявай	32
узаконявам	отузаквам	8
узаконявам	поузакяваха	11
узаконявам	узаконяваха	25
узаконявам	поузаняват	27
узаконявам	узаконяват	31
узаконявам	разузаквам	20
узаконявам	узаконявали	29
узаконявам	узаконя	0
узаконявам	изуконявам	24
узаконявам	узаконяване	22
узаконявам	узаконяваме	33
узаконявам	наузаняват	10
узаконявам	оузаконяват	12
узаконявам	наузаквам	17
узаконявам	узаконя	1
узаконявам	разузаква	2
узаконявам	узаконявах	4
узаконявам	узаконява	21
узаконявам	узаконявал	15
узаконявам	узаконявани	18
узаконявам	узаконявайки	19
узаконявам	узаконяването	23
узаконявам	узаконяваше	28
узаконявам	поузаква	3
узаконявам	узаконявахте	16
узаконявам	узаконявах	6
узаконявам	узаконявате	13
узаконявам	поузаквам	5
узаконявам	узаконяваш	14
узаконявам	узаконявайте	26
узаконявам	узаконява	7
узаконявам	оузаконявам	9
узаконявам	узаконяване	30
узаконявам	узаконявам	34
простирам	простирането	23
простирам	простира	7
простирам	разпростирам	20
простирам	напростират	10
простирам	простирам	34
простирам	простираше	28
простирам	попростирам	5
простирам	попростира	3
простирам	простираш	14
простирам	разпростира	2
простирам	простира	21
простирам	простираха	25
простирам	простирахте	16
простирам	попростират	27
простирам	простирах	4
простирам	простираме	33
простирам	простирайте	26
простирам	простирайки	19
простирам	попростираха	11
простирам	изпростирам	24
простирам	опростират	12
простирам	опростирам	9
простирам	простирали	29
простирам	простират	31
простирам	простиране	30
простирам	простира	0
простирам	простирах	6
простирам	простирай	32
простирам	простирани	18
простирам	простиране	22
простирам	напростирам	17
простирам	простира	1
простирам	отпростирам	8
простирам	простирате	13
простирам	простирал	15
напичам	напичам	34
напичам	изнапича	1
напичам	напича	7
напичам	напичахте	16
напичам	напичах	4
напичам	напичаме	33
напичам	напичайки	19
напичам	напичай	32
напичам	напичаше	28
напичам	понапичаха	11
напичам	нанапичам	17
напичам	отнапича	0
напичам	напичани	18
напичам	напичането	23
напичам	понапичат	27
напичам	напичане	30
напичам	разнапича	2
напичам	понапича	3
напичам	онапичам	9
напичам	напичате	13
напичам	разнапичам	20
напичам	напичаха	25
напичам	напичах	6
напичам	напичаш	14
напичам	отнапичам	8
напичам	напичайте	26
напичам	онапичат	12
напичам	напича	21
напичам	напичали	29
напичам	изнапичам	24
напичам	напичал	15
напичам	напичат	31
напичам	нанапичат	10
напичам	понапичам	5
напичам	напичане	22
съветвам	осъветват	12
съветвам	разсъветвам	20
съветвам	посъветват	27
съветвам	съветваме	33
съветвам	съветвайки	19
съветвам	съветвали	29
съветвам	разсъветва	2
съветвам	съветвах	4
съветвам	съветвай	32
съветвам	съвети	1
съветвам	съветва	7
съветвам	посъветвам	5
съветвам	съветвате	13
съветвам	съветвахте	16
съветвам	съветвам	34
съветвам	съветвайте	26
съветвам	отсъветвам	8
съветвам	насъветват	10
съветвам	съветва	21
съветвам	изсъветвам	24
съветвам	съветваш	14
съветвам	съветвах	6
съветвам	посъветва	3
съветвам	съветвал	15
съветвам	осъветвам	9
съветвам	съветване	30
съветвам	съвет	0
съветвам	съветването	23
съветвам	съветване	22
съветвам	съветваха	25
съветвам	посъветваха	11
съветвам	съветвани	18
съветвам	съветваше	28
съветвам	съветват	31
съветвам	насъветвам	17
мечтая	помечая	5
мечтая	мечат	31
мечтая	мечаейки	19
мечтая	мечатиха	4
мечтая	мечаей	32
мечтая	помечаиха	11
мечтая	мечаене	22
мечтая	намечая	17
мечтая	размечая	20
мечтая	мечаеше	28
мечтая	меча	7
мечтая	намечат	10
мечтая	мечатя	34
мечтая	омечая	9
мечтая	помечаи	1
мечтая	мечетаме	33
мечтая	мечаете	26
мечтая	омечат	12
мечтая	мечането	23
мечтая	мечани	18
мечтая	мечатил	15
мечтая	измечая	24
мечтая	мечаех	6
мечтая	измечаи	2
мечтая	отмечая	8
мечтая	мечаеха	25
мечтая	мечати	21
мечтая	мечам	13
мечтая	мечате	14
мечтая	отмеча	0
мечтая	помечат	27
мечтая	мечаене	30
мечтая	мечатили	29
мечтая	помечаете	3
мечтая	мечаш	16
чакам	чакането	23
чакам	изчака	1
чакам	чакане	30
чакам	начакам	17
чакам	чакали	29
чакам	отчакам	8
чакам	чака	7
чакам	чакал	15
чакам	разчака	2
чакам	чакаш	14
чакам	чакаме	33
чакам	чакам	34
чакам	почака	3
чакам	чакаха	25
чакам	чакайте	26
чакам	очакат	12
чакам	начакат	10
чакам	чака	21
чакам	почакат	27
чакам	чаках	6
чакам	чакаше	28
чакам	отчака	0
чакам	чакахте	16
чакам	разчакам	20
чакам	чакате	13
чакам	почакам	5
чакам	почакаха	11
чакам	чакат	31
чакам	чакани	18
чакам	чакайки	19
чакам	чакане	22
чакам	чаках	4
чакам	изчакам	24
чакам	чакай	32
чакам	очакам	9
изплашвам	поизплавам	5
изплашвам	оизплават	12
изплашвам	изплашвах	4
изплашвам	изплашване	22
изплашвам	изплашва	7
изплашвам	изплашвали	29
изплашвам	поизплава	3
изплашвам	изплашване	30
изплашвам	изплашвам	24
изплашвам	изплашвал	15
изплашвам	изплашват	31
изплашвам	изплашваме	33
изплашвам	изплаши	1
изплашвам	изплашвах	6
изплашвам	поизплаваха	11
изплашвам	разизплавам	20
изплашвам	изплашването	23
изплашвам	изплашвай	32
изплашвам	изплашвани	18
изплашвам	изплашвахте	16
изплашвам	изплашвайте	26
изплашвам	поизплават	27
изплашвам	наизплавам	17
изплашвам	оизплашвам	9
изплашвам	изплашвате	13
изплашвам	изплаш	0
изплашвам	изплашваше	28
изплашвам	изплашваха	25
изплашвам	изплашвайки	19
изплашвам	отизплавам	8
изплашвам	наизплават	10
изплашвам	изплашва	21
изплашвам	изплашвам	34
изплашвам	изплашваш	14
изплашвам	разизпва	2
чета	четете	26
чета	четеше	28
чета	изчета	24
чета	отчета	0
чета	четете	14
чета	чета	34
чета	четали	29
чета	четате	13
чета	четат	31
чета	четете	8
чета	чета	21
чета	четенето	23
чета	почете	11
чета	чете	5
чета	четаме	33
чета	разчета	20
чета	четеха	25
чета	изчетат	17
чета	чета	7
чета	почете	3
чета	очетат	12
чета	четене	22
чета	четани	18
чета	четене	30
чета	четал	15
чета	начетат	10
чета	чете	1
чета	четеше	4
чета	четайки	19
чета	четех	6
чета	четаш	16
чета	почетат	27
чета	изчета	2
чета	очета	9
чета	четай	32
крада	крадали	29
крада	крадаме	33
крада	крадане	30
крада	накрадат	10
крада	крадайки	19
крада	крадаше	28
крада	крадане	22
крада	крадаш	16
крада	крадеше	4
крада	изкрадат	17
крада	окрада	9
крада	крадани	18
крада	крада	34
крада	крадането	23
крада	изкрада	24
крада	крадате	13
крада	покрада	3
крада	открада	0
крада	краде	5
крада	изкрада	2
крада	окрадат	12
крада	крадете	26
крада	покрадат	27
крада	крадаха	25
крада	крадех	6
крада	крада	21
крада	крад	7
крада	крадай	32
крада	покрадаха	11
крада	крадате	14
крада	разкрада	20
крада	крадете	8
крада	крадал	15
крада	изкрада	1
крада	крадат	31
говоря	говорене	22
говоря	говорете	26
говоря	говореше	28
говоря	наговорят	10
говоря	разговоря	20
говоря	говор	7
говоря	говорим	13
говоря	говоренето	23
говоря	говорей	32
говоря	говоря	34
говоря	отговоря	8
говоря	говорили	29
говоря	говореха	25
говоря	поговориха	11
говоря	говориш	16
говоря	говорини	18
говоря	поговорете	3
говоря	поговори	1
говоря	говорите	14
говоря	говоряме	33
говоря	поговоря	5
говоря	оговорят	12
говоря	изговорят	17
говоря	изговоря	24
говоря	говорят	31
говоря	оговоря	9
говоря	говорене	30
говоря	изговори	2
говоря	говори	21
говоря	говорейки	19
говоря	говориха	4
говоря	говорил	15
говоря	отговор	0
говоря	говорех	6
говоря	поговорят	27
запирам	запирах	4
запирам	запирането	23
запирам	запирам	34
запирам	озапирам	9
запирам	запирал	15
запирам	запиране	30
запирам	запираха	25
запирам	озапират	12
запирам	запира	1
запирам	назапират	10
запирам	разапира	2
запирам	позапират	27
запирам	запираше	28
запирам	запира	0
запирам	изапирам	24
запирам	запираш	14
запирам	разапирам	20
запирам	позапирам	5
запирам	отзапирам	8
запирам	позапираха	11
запирам	запирате	13
запирам	назапирам	17
запирам	запиране	22
запирам	запирайте	26
запирам	запирах	6
запирам	позапира	3
запирам	запирани	18
запирам	запира	7
запирам	запирайки	19
запирам	запираме	33
запирам	запирай	32
запирам	запирали	29
запирам	запират	31
запирам	запирахте	16
запирам	запира	21
питам	питаш	14
питам	отпитам	8
питам	питане	30
питам	питаме	33
питам	попитаха	11
питам	разпита	2
питам	пита	7
питам	питате	13
питам	питайки	19
питам	питай	32
питам	питани	18
питам	питал	15
питам	изпитам	24
питам	питайте	26
питам	пита	21
питам	опитат	12
питам	питам	34
питам	напитат	10
питам	питах	6
питам	опитам	9
питам	попита	3
питам	питане	22
питам	изпита	1
питам	отпита	0
питам	питаше	28
питам	питали	29
питам	напитам	17
питам	питаха	25
питам	питането	23
питам	попитат	27
питам	попитам	5
питам	питахте	16
питам	питах	4
питам	питат	31
питам	разпитам	20
осиновявам	посиновяват	27
осиновявам	осиновяват	12
осиновявам	осиновявал	15
осиновявам	осиновява	7
осиновявам	осиновяват	31
осиновявам	осиновяваме	33
осиновявам	осиновяване	22
осиновявам	осиновявай	32
осиновявам	осинои	1
осиновявам	изосинявам	24
осиновявам	осиновява	21
осиновявам	посиновява	3
осиновявам	осиновявах	4
осиновявам	осиновявани	18
осиновявам	осиновявайки	19
осиновявам	наосинявам	17
осиновявам	осиновявали	29
осиновявам	посиновяваха	11
осиновявам	разосинявам	20
осиновявам	отсиновявам	8
осиновявам	осиновяването	23
осиновявам	осиновявахте	16
осиновявам	осиновяване	30
осиновявам	осиновявам	34
осиновявам	осиновяваха	25
осиновявам	наосиняват	10
осиновявам	осиновявам	9
осиновявам	осиновявайте	26
осиновявам	осиновяваш	14
осиновявам	осиновяваше	28
осиновявам	осиновя	0
осиновявам	посиновявам	5
осиновявам	осиновявате	13
осиновявам	разосинява	2
осиновявам	осиновявах	6
получавам	получавайте	26
получавам	пополучаваха	11
получавам	получаваш	14
получавам	разполувам	20
получавам	получавате	13
получавам	ополучават	12
получавам	получавани	18
получавам	получавах	4
получавам	получава	7
получавам	получавахте	16
получавам	получавайки	19
получавам	разполучава	2
получавам	получаване	22
получавам	получавай	32
получавам	получава	21
получавам	получаваха	25
получавам	получавам	34
получавам	пополучавам	5
получавам	получаваме	33
получавам	изполучавам	24
получавам	получаваше	28
получавам	ополучавам	9
получавам	получаването	23
получавам	получават	31
получавам	получавах	6
получавам	пополучават	27
получавам	получаване	30
получавам	получавал	15
получавам	отполучавам	8
получавам	получа	0
получавам	наполучавам	17
получавам	наполучават	10
получавам	пополучава	3
получавам	получавали	29
получавам	изполуча	1
доказвам	доказвам	34
доказвам	доказвани	18
доказвам	отдоказвам	8
доказвам	доказва	21
доказвам	доказването	23
доказвам	доказват	31
доказвам	доказ	0
доказвам	доказва	7
доказвам	доказваш	14
доказвам	надоказвам	17
доказвам	доказваха	25
доказвам	раздоказва	2
доказвам	доказване	30
доказвам	доказваме	33
доказвам	доказвали	29
доказвам	подоказват	27
доказвам	доказвах	6
доказвам	издокази	1
доказвам	одоказват	12
доказвам	подоказвам	5
доказвам	одоказвам	9
доказвам	доказвайте	26
доказвам	раздоказвам	20
доказвам	надоказват	10
доказвам	подоказва	3
доказвам	доказване	22
доказвам	издоказвам	24
доказвам	доказвате	13
доказвам	доказвах	4
доказвам	доказвал	15
доказвам	доказвахте	16
доказвам	доказвайки	19
доказвам	доказвай	32
доказвам	подоказваха	11
доказвам	доказваше	28
наранявам	нараняване	22
наранявам	нананяват	10
наранявам	отнаранявам	8
наранявам	нараняването	23
наранявам	наранявани	18
наранявам	нараня	1
наранявам	наранявахте	16
наранявам	наранявате	13
наранявам	наранявал	15
наранявам	нараняваха	25
наранявам	разнанява	2
наранявам	наранявах	6
наранявам	разнанявам	20
наранявам	наранявали	29
наранявам	наранява	7
наранявам	понаранява	3
наранявам	нараня	0
наранявам	понаняват	27
наранявам	нараняват	31
наранявам	нананявам	17
наранявам	наранявайте	26
наранявам	наранявах	4
наранявам	нараняваше	28
наранявам	нараняваме	33
наранявам	онараняват	12
наранявам	наранява	21
наранявам	наранявам	34
наранявам	наранявай	32
наранявам	изнанявам	24
наранявам	понанявам	5
наранявам	понаняваха	11
наранявам	нараняване	30
наранявам	наранявайки	19
наранявам	онаранявам	9
наранявам	нараняваш	14
озаглавявам	озаглавяш	14
озаглавявам	озаглавям	34
озаглавявам	пооозавя	3
озаглавявам	озаглавят	31
озаглавявам	озаглавяхте	16
озаглавявам	озаглавям	9
озаглавявам	озаглавяше	28
озаглавявам	озаглавял	15
озаглавявам	озаглавянето	23
озаглавявам	озаглавяйки	19
озаглавявам	отозагвям	8
озаглавявам	озаглавяй	32
озаглавявам	озаглавяне	22
озаглавявам	разогавям	20
озаглавявам	озаглавяли	29
озаглавявам	озаглавяме	33
озаглавявам	озаглавяте	13
озаглавявам	позагвят	27
озаглавявам	пооозавям	5
озаглавявам	разогавя	2
озаглавявам	озаглавяни	18
озаглавявам	изозогавам	24
озаглавявам	озаглаи	1
озаглавявам	озаглавяйте	26
озаглавявам	озаглавя	21
озаглавявам	озаглавяне	30
озаглавявам	озаглавях	6
озаглавявам	наозагвят	10
озаглавявам	озаглавяха	25
озаглавявам	озагла	0
озаглавявам	позаглаваха	11
озаглавявам	озаглавят	12
озаглавявам	наозагвям	17
озаглавявам	озаглавя	7
озаглавявам	озаглавях	4
пея	отпе	0
пея	напеят	10
пея	пеейки	19
пея	изпеи	2
пея	пея	33
пея	попея	5
пея	попеят	27
пея	пеех	6
пея	опея	9
пея	пеиш	16
пея	попеи	1
пея	пеили	29
пея	пеим	13
пея	попете	3
пея	опеят	12
пея	отпея	8
пея	пе	7
пея	пеят	31
пея	пеил	15
пея	пеини	18
пея	пеей	32
пея	попеиха	11
пея	пееха	25
пея	пееше	28
пея	пеиха	4
пея	пея	34
пея	пеене	30
пея	изпея	24
пея	пеите	14
пея	пеенето	23
пея	пеи	21
пея	пеете	26
пея	разпея	20
пея	изпеят	17
пея	пеене	22
отхапвам	отхапвам	8
отхапвам	отхапваха	25
отхапвам	отхапване	30
отхапвам	отхапвайте	26
отхапвам	отхапвам	34
отхапвам	отхапване	22
отхапвам	разотхапва	2
отхапвам	отхапваш	14
отхапвам	потхапват	27
отхапвам	отхапват	12
отхапвам	наотхапват	10
отхапвам	отхапвай	32
отхапвам	наотхапвам	17
отхапвам	отхапва	7
отхапвам	отхапвахте	16
отхапвам	отхапвали	29
отхапвам	потхапва	3
отхапвам	отхапи	1
отхапвам	отхапвал	15
отхапвам	отхапването	23
отхапвам	отхапвайки	19
отхапвам	отхапвате	13
отхапвам	изотхапвам	24
отхапвам	отхапваше	28
отхапвам	отхапва	21
отхапвам	разотхвам	20
отхапвам	отхапвах	6
отхапвам	отхапваме	33
отхапвам	отхапват	31
отхапвам	потхапвам	5
отхапвам	отхапвам	9
отхапвам	отхапвани	18
отхапвам	потхапваха	11
отхапвам	отхап	0
отхапвам	отхапвах	4
мразя	помразете	3
мразя	мразите	14
мразя	мразиш	16
мразя	мрази	21
мразя	мразя	34
мразя	мразини	18
мразя	мразех	6
мразя	помразиха	11
мразя	мразят	31
мразя	мразил	15
мразя	мразене	22
мразя	мразеха	25
мразя	мразили	29
мразя	размразя	20
мразя	помрази	1
мразя	отмразя	8
мразя	мразенето	23
мразя	мраз	7
мразя	мразеше	28
мразя	мразене	30
мразя	омразят	12
мразя	мразейки	19
мразя	омразя	9
мразя	мразей	32
мразя	намразят	10
мразя	помразят	27
мразя	помразя	5
мразя	мразиха	4
мразя	мразим	13
мразя	измрази	2
мразя	мразете	26
мразя	намразя	17
мразя	измразя	24
мразя	мразя	33
мразя	отмраз	0
построявам	построяваме	33
построявам	разпостроявам	20
построявам	попостроявах	11
построявам	построяват	31
построявам	построявайки	19
построявам	построяване	30
построявам	опостроявам	9
построявам	построяване	22
построявам	построявай	32
построявам	построявани	18
построявам	разпостроява	2
построявам	отпостроявам	8
построявам	попостроява	3
построявам	попостроявам	5
построявам	напостроявам	17
построявам	построява	7
построявам	построявали	29
построявам	построявате	13
построявам	построявам	34
построявам	построявайте	26
построявам	построяването	23
построявам	построя	0
построявам	построявах	4
построявам	напострояват	10
построявам	построявахте	16
построявам	попострояват	27
построявам	построява	21
построявам	построяваха	25
построявам	построявах	6
построявам	построяваше	28
построявам	построя	1
построявам	опострояват	12
построявам	построяваш	14
построявам	изпостроявам	24
построявам	построявал	15
предупреждавам	предупреждава	1
предупреждавам	предупреждавах	4
предупреждавам	предупреждаването	23
предупреждавам	предупреждавайте	26
предупреждавам	попредупреждава	3
предупреждавам	напредупреждават	10
предупреждавам	предупреждавай	32
предупреждавам	опредупреждават	12
предупреждавам	предупреждава	21
предупреждавам	предупреждаване	30
предупреждавам	напредупреждавам	17
предупреждавам	предупреждавали	29
предупреждавам	изпредупреждавам	24
предупреждавам	попредупреждават	27
предупреждавам	разпредува	2
предупреждавам	предупреждавани	18
предупреждавам	предупреждава	7
предупреждавам	предупреждаваш	14
предупреждавам	опредупреждавам	9
предупреждавам	разпредувам	20
предупреждавам	предупреждавайки	19
предупреждавам	предупреждаване	22
предупреждавам	предупреждаваха	25
предупреждавам	предупреждават	31
предупреждавам	попредупреждавам	5
предупреждавам	предупреждавах	6
предупреждавам	предупреждавате	13
предупреждавам	отпредупреждавам	8
предупреждавам	предупреждаваме	33
предупреждавам	предупреждавам	34
предупреждавам	предупреждавал	15
предупреждавам	попредуповах	11
предупреждавам	предупреждава	0
предупреждавам	предупреждавахте	16
предупреждавам	предупреждаваше	28
загребвам	загребвал	15
загребвам	нагребват	10
загребвам	загреби	1
загребвам	загребването	23
загребвам	загребвали	29
загребвам	загребване	30
загребвам	загребваше	28
загребвам	отгагвам	8
загребвам	позагребва	3
загребвам	загребвани	18
загребвам	загребваш	14
загребвам	загребвате	13
загребвам	загребвам	34
загребвам	разагребвам	20
загребвам	загребват	31
загребвам	изагребвам	24
загребвам	загребване	22
загребвам	позагребват	27
загребвам	загребваме	33
загребвам	загребвайте	26
загребвам	загребвах	6
загребвам	позагребваха	11
загребвам	загребвай	32
загребвам	загребва	21
загребвам	загребвайки	19
загребвам	озагребвам	9
загребвам	загребваха	25
загребвам	загребвахте	16
загребвам	позагребвам	5
загребвам	загреб	0
загребвам	разагребва	2
загребвам	нагребвам	17
загребвам	загребва	7
загребвам	загребвах	4
загребвам	озагребват	12
заповядвам	заповядвай	32
заповядвам	заповядвах	4
заповядвам	позаповядват	27
заповядвам	заповядване	30
заповядвам	заповядва	0
заповядвам	позаповядва	3
заповядвам	заповядвал	15
заповядвам	назаповядвам	17
заповядвам	заповядвайте	26
заповядвам	заповядването	23
заповядвам	заповядвахте	16
заповядвам	заповядва	21
заповядвам	заповядват	31
заповядвам	озаповядват	12
заповядвам	разаповядва	2
заповядвам	позаповядваха	11
заповядвам	изаповядвам	24
заповядвам	заповядвайки	19
заповядвам	отаповядвам	8
заповядвам	заповядвате	13
заповядвам	позаповядвам	5
заповядвам	разаповядвам	20
заповядвам	заповядва	7
заповядвам	заповядвани	18
заповядвам	заповядваше	28
заповядвам	заповядване	22
заповядвам	озаповядвам	9
заповядвам	заповядваме	33
заповядвам	наповядват	10
заповядвам	заповяди	1
заповядвам	заповядвам	34
заповядвам	заповядваш	14
заповядвам	заповядвах	6
заповядвам	заповядваха	25
заповядвам	заповядвали	29
домитам	домитали	29
домитам	домитане	30
домитам	домита	7
домитам	раздомита	2
домитам	отдомитам	8
домитам	одомитат	12
домитам	домитахте	16
домитам	домитайте	26
домитам	отдомита	0
домитам	надомитат	10
домитам	домитах	6
домитам	домиташ	14
домитам	домита	21
домитам	подомитат	27
домитам	домитат	31
домитам	домитането	23
домитам	домитаха	25
домитам	домитай	32
домитам	домитам	34
домитам	домитаме	33
домитам	подомитаха	11
домитам	одомитам	9
домитам	издомита	1
домитам	домитане	22
домитам	подомитам	5
домитам	издомитам	24
домитам	раздомитам	20
домитам	домитал	15
домитам	домитайки	19
домитам	домитате	13
домитам	домитах	4
домитам	подомита	3
домитам	домитани	18
домитам	надомитам	17
домитам	домиташе	28
принасям	принасяли	29
принасям	принася	7
принасям	принасяне	22
принасям	принасяме	33
принасям	принасяш	14
принасям	отпринасям	8
принасям	отпринася	0
принасям	принасяше	28
принасям	принасяйки	19
принасям	изпринася	1
принасям	принасяха	25
принасям	принасяни	18
принасям	принася	21
принасям	принасяйте	26
принасям	принасям	34
принасям	напринасят	10
принасям	попринасям	5
принасям	принасял	15
принасям	принасяй	32
принасям	принасяхте	16
принасям	принасят	31
принасям	изпринасям	24
принасям	разприня	2
принасям	попринася	3
принасям	принасяне	30
принасям	напринасям	17
принасям	принасях	4
принасям	разпринам	20
принасям	принасянето	23
принасям	попринасят	27
принасям	опринасям	9
принасям	принасяте	13
принасям	опринасят	12
принасям	принасях	6
принасям	попринасяха	11
надвнасям	нанадявам	17
надвнасям	надвнасят	31
надвнасям	надвани	18
надвнасям	надвнасяш	14
надвнасям	отнадвям	8
надвнасям	надвасяше	28
надвнасям	надваняйки	19
надвнасям	разнадям	20
надвнасям	надване	30
надвнасям	нанадят	10
надвнасям	надвасях	4
надвнасям	над	0
надвнасям	надвнася	7
надвнасям	надване	22
надвнасям	понадват	27
надвнасям	онадвам	9
надвнасям	надвасяте	13
надвнасям	надвнасяха	25
надвнасям	разнадя	2
надвнасям	надването	23
надвнасям	надвасяй	32
надвнасям	надвнасям	34
надвнасям	онадвасят	12
надвнасям	понадях	11
надвнасям	надвнасяйте	26
надвнасям	понадвям	5
надвнасям	изнадвя	1
надвнасям	понадва	3
надвнасям	надвася	21
надвнасям	надвнасяме	33
надвнасям	изнадям	24
надвнасям	надвасях	6
надвнасям	надванял	15
надвнасям	надвасяхте	16
надвнасям	надваняли	29
моля	помоли	1
моля	помолят	27
моля	мол	7
моля	молят	31
моля	отмоля	8
моля	молейки	19
моля	омолят	12
моля	намоля	17
моля	молиш	16
моля	моленето	23
моля	омоля	9
моля	молили	29
моля	моля	34
моля	помолиха	11
моля	молини	18
моля	измоля	24
моля	молете	26
моля	молех	6
моля	помоля	5
моля	молим	13
моля	молеше	28
моля	молене	22
моля	молиха	4
моля	молите	14
моля	моляме	33
моля	измоли	2
моля	молил	15
моля	отмол	0
моля	моли	21
моля	молий	32
моля	размоля	20
моля	молене	30
моля	намолят	10
моля	помолете	3
моля	молеха	25
провирам	провираш	14
провирам	отпровирам	8
провирам	провирал	15
провирам	провиране	22
провирам	провираме	33
провирам	провирайте	26
провирам	разпровира	2
провирам	провирането	23
провирам	провирали	29
провирам	провирай	32
провирам	попровираха	11
провирам	провира	0
провирам	провирайки	19
провирам	напровират	10
провирам	провирахте	16
провирам	провиране	30
провирам	провираше	28
провирам	изпровира	1
провирам	провират	31
провирам	опровират	12
провирам	напровирам	17
провирам	провирани	18
провирам	провирате	13
провирам	разпровирам	20
провирам	опровирам	9
провирам	провирах	4
провирам	провира	7
провирам	провираха	25
провирам	провирах	6
провирам	попровира	3
провирам	провирам	34
провирам	попровирам	5
провирам	попровират	27
провирам	изпровирам	24
провирам	провира	21
очаквам	очакваш	14
очаквам	очаквахте	16
очаквам	очакват	12
очаквам	очак	0
очаквам	очакват	31
очаквам	почаква	3
очаквам	изочаквам	24
очаквам	очаквате	13
очаквам	разочаква	2
очаквам	очаквал	15
очаквам	очаквайте	26
очаквам	очаки	1
очаквам	почаквам	5
очаквам	очаквай	32
очаквам	очакване	22
очаквам	очакването	23
очаквам	очаквам	34
очаквам	оточаквам	8
очаквам	очакваме	33
очаквам	очаквайки	19
очаквам	почакват	27
очаквам	очаква	21
очаквам	очаквам	9
очаквам	очаквах	6
очаквам	наочакват	10
очаквам	почакваха	11
очаквам	очакваха	25
очаквам	очаквах	4
очаквам	очаквани	18
очаквам	очакване	30
очаквам	наочаквам	17
очаквам	очаква	7
очаквам	очакваше	28
очаквам	очаквали	29
очаквам	разочаквам	20
подкупвам	подкупваше	28
подкупвам	отподкупвам	8
подкупвам	поподкупвам	5
подкупвам	подкупвах	4
подкупвам	подкупване	30
подкупвам	попкупваха	11
подкупвам	подкупвай	32
подкупвам	оподкупват	12
подкупвам	подкупвайки	19
подкупвам	подкупва	21
подкупвам	изподкупвам	24
подкупвам	подкупвах	6
подкупвам	подкупваш	14
подкупвам	подкупвал	15
подкупвам	подкупват	31
подкупвам	подкупвате	13
подкупвам	разподкува	2
подкупвам	поподкупват	27
подкупвам	подкуп	0
подкупвам	подкупваме	33
подкупвам	подкупване	22
подкупвам	подкупваха	25
подкупвам	подкупвахте	16
подкупвам	подкупвайте	26
подкупвам	наподкупвам	17
подкупвам	оподкупвам	9
подкупвам	подкупвани	18
подкупвам	подкупвали	29
подкупвам	наподкупват	10
подкупвам	подкупването	23
подкупвам	подкупвам	34
подкупвам	разподкувам	20
подкупвам	поподкува	3
подкупвам	подкупи	1
подкупвам	подкупва	7
бия	би	21
бия	побиха	11
бия	бите	14
бия	биене	30
бия	биеше	28
бия	бият	31
бия	биете	26
бия	биейки	19
бия	поби	1
бия	обия	9
бия	бией	32
бия	би	7
бия	биене	22
бия	избият	17
бия	побиете	3
бия	разбия	20
бия	изби	2
бия	отби	0
бия	биенето	23
бия	бияме	33
бия	бия	34
бия	побия	5
бия	отбия	8
бия	биеха	25
бия	бииили	29
бия	набият	10
бия	избия	24
бия	бииини	18
бия	побият	27
бия	биш	16
бия	бил	15
бия	бим	13
бия	биех	6
бия	биха	4
бия	обият	12
отсичам	отсичам	9
отсичам	изотсичам	24
отсичам	наотсичам	17
отсичам	отсичайки	19
отсичам	потсичам	5
отсичам	отсичал	15
отсичам	отсичат	12
отсичам	отсичане	22
отсичам	отсичам	34
отсичам	наотсичат	10
отсичам	разотсича	2
отсичам	отсича	0
отсичам	отсичаме	33
отсичам	отсичаш	14
отсичам	отсичате	13
отсичам	отсичали	29
отсичам	отсичах	6
отсичам	отсича	21
отсичам	разотсичам	20
отсичам	отсичай	32
отсичам	потсичаха	11
отсичам	отсичане	30
отсичам	отсичайте	26
отсичам	отсичат	31
отсичам	отсича	7
отсичам	отсичането	23
отсичам	отсичаха	25
отсичам	потсичат	27
отсичам	потсича	3
отсичам	отсичам	8
отсичам	отсичахте	16
отсичам	изотси	1
отсичам	отсичани	18
отсичам	отсичах	4
отсичам	отсичаше	28
бера	берей	32
бера	берал	15
бера	берат	31
бера	бера	34
бера	берете	26
бера	изберат	17
бера	берани	18
бера	берене	22
бера	избера	2
бера	поберете	3
бера	обера	9
бера	берете	14
бера	береше	28
бера	берете	8
бера	береш	16
бера	побереха	11
бера	берейки	19
бера	бераме	33
бера	разбера	20
бера	берене	30
бера	беренето	23
бера	отбера	0
бера	береха	25
бера	бер	7
бера	наберат	10
бера	берете	13
бера	бера	21
бера	бере	1
бера	избера	24
бера	поберат	27
бера	берех	6
бера	берали	29
бера	бере	5
бера	оберат	12
бера	береше	4
изгризвам	изгризвай	32
изгризвам	поизгриват	27
изгризвам	изгризване	22
изгризвам	изгризваше	28
изгризвам	наизгризват	10
изгризвам	изгризвали	29
изгризвам	изгризваха	25
изгризвам	разгризвам	20
изгризвам	изгризваш	14
изгризвам	наизгризвам	17
изгризвам	изгризвате	13
изгризвам	поизгризва	3
изгризвам	отгризвам	8
изгризвам	поизгризвам	5
изгризвам	разгризва	2
изгризвам	изгризвайки	19
изгризвам	изгризваме	33
изгризвам	изгризвам	34
изгризвам	изгризване	30
изгризвам	поизгризваха	11
изгризвам	изгризвахте	16
изгризвам	изгризвайте	26
изгризвам	оизгризват	12
изгризвам	изгризвах	6
изгризвам	изгриз	0
изгризвам	изгризвам	24
изгризвам	изгризва	7
изгризвам	оизгризвам	9
изгризвам	изгризи	1
изгризвам	изгризват	31
изгризвам	изгризвал	15
изгризвам	изгризвани	18
изгризвам	изгризването	23
изгризвам	изгризвах	4
изгризвам	изгризва	21
клада	изкладат	17
клада	покладат	27
клада	изклада	24
клада	кладеше	4
клада	кладаше	28
клада	кладането	23
клада	кладаха	25
клада	клада	21
клада	кладал	15
клада	поклада	3
клада	кладех	6
клада	кладай	32
клада	покладаха	11
клада	кладане	22
клада	кладани	18
клада	кладали	29
клада	кладаме	33
клада	кладат	31
клада	клад	7
клада	кладе	5
клада	кладайте	26
клада	кладане	30
клада	окладат	12
клада	кладете	8
клада	отклада	0
клада	разклада	20
клада	кладате	14
клада	оклада	9
клада	изклада	2
клада	накладат	10
клада	кладаш	16
клада	клада	34
клада	кладайки	19
клада	изклада	1
клада	кладате	13
дъвча	подъваха	11
дъвча	раздъва	20
дъвча	дъването	23
дъвча	дъваха	25
дъвча	издъват	17
дъвча	одъва	9
дъвча	дъва	34
дъвча	дъват	31
дъвча	дъване	22
дъвча	подъвча	3
дъвча	отдъва	0
дъвча	дъваш	16
дъвча	дъвайки	19
дъвча	дъване	30
дъвча	надъват	10
дъвча	дъвчеше	4
дъвча	дъвате	13
дъвча	издъва	24
дъвча	дъвайте	26
дъвча	дъвах	6
дъвча	дъва	7
дъвча	дъвай	32
дъвча	дъвани	18
дъвча	издъва	1
дъвча	отдъва	8
дъвча	дъвали	29
дъвча	дъваме	33
дъвча	одъват	12
дъвча	дъвате	14
дъвча	дъвал	15
дъвча	дъва	21
дъвча	дъваше	28
дъвча	подъват	27
дъвча	издъва	2
дъвча	дъве	5
довеждам	довеждайки	19
довеждам	довеждаш	14
довеждам	довеждал	15
довеждам	довежда	0
довеждам	довеждаха	25
довеждам	одовеждат	12
довеждам	довеждай	32
довеждам	довеждах	4
довеждам	отдовеждам	8
довеждам	раздовежда	2
довеждам	довеждайте	26
довеждам	довеждам	34
довеждам	довеждахте	16
довеждам	одовеждам	9
довеждам	раздовеждам	20
довеждам	подовежда	3
довеждам	довеждат	31
довеждам	надовеждат	10
довеждам	довеждаме	33
довеждам	издовеждам	24
довеждам	подовеждам	5
довеждам	издовежда	1
довеждам	довежда	7
довеждам	довеждане	22
довеждам	надовеждам	17
довеждам	подовеждаха	11
довеждам	довеждаше	28
довеждам	довеждали	29
довеждам	довеждане	30
довеждам	довеждани	18
довеждам	подовеждат	27
довеждам	довежда	21
довеждам	довеждах	6
довеждам	довеждането	23
довеждам	довеждате	13
зареждам	зарежда	1
зареждам	позареждам	5
зареждам	изареждам	24
зареждам	зареждам	34
зареждам	зареждане	30
зареждам	озареждам	9
зареждам	зареждаш	14
зареждам	зареждат	31
зареждам	зареждай	32
зареждам	зареждах	6
зареждам	зареждали	29
зареждам	зареждане	22
зареждам	зареждаха	25
зареждам	позарежда	3
зареждам	позареждаха	11
зареждам	разареждам	20
зареждам	озареждат	12
зареждам	зареждайки	19
зареждам	позареждат	27
зареждам	зареждате	13
зареждам	зареждаме	33
зареждам	зарежда	0
зареждам	зареждани	18
зареждам	зареждал	15
зареждам	зарежда	21
зареждам	зареждахте	16
зареждам	назареждам	17
зареждам	зареждането	23
зареждам	отзареждам	8
зареждам	зареждайте	26
зареждам	зареждаше	28
зареждам	раззарежда	2
зареждам	назареждат	10
зареждам	зареждах	4
зареждам	зарежда	7
пия	пиенето	23
пия	попи	1
пия	пиеше	28
пия	отпия	8
пия	пиил	15
пия	попият	27
пия	пим	13
пия	разпия	20
пия	пиете	26
пия	пият	31
пия	пиите	14
пия	пиех	6
пия	пиеха	25
пия	пииини	18
пия	изпият	17
пия	попия	5
пия	опия	9
пия	пиш	16
пия	попиете	3
пия	пией	32
пия	попиха	11
пия	пиейки	19
пия	изпи	2
пия	пи	7
пия	пиене	30
пия	отпи	0
пия	пия	34
пия	пиха	4
пия	пиииили	29
пия	изпия	24
пия	пиене	22
пия	опият	12
пия	пи	21
пия	пия	33
пия	напият	10
пречупвам	пречупване	30
пречупвам	пречупвай	32
пречупвам	разпречува	2
пречупвам	пречупване	22
пречупвам	опречупвам	9
пречупвам	пречупвали	29
пречупвам	пречупвайки	19
пречупвам	пречупваше	28
пречупвам	пречупват	31
пречупвам	пречупвал	15
пречупвам	попречупвам	5
пречупвам	пречупва	7
пречупвам	пречупвайте	26
пречупвам	напречупвам	17
пречупвам	пречупваме	33
пречупвам	отпречупвам	8
пречупвам	пречупвам	34
пречупвам	попречупваха	11
пречупвам	опречупват	12
пречупвам	пречуп	0
пречупвам	пречупвани	18
пречупвам	разпречувам	20
пречупвам	пречупва	21
пречупвам	пречупвате	13
пречупвам	пречупвахте	16
пречупвам	пречупвах	4
пречупвам	пречупването	23
пречупвам	пречупваш	14
пречупвам	изпречупвам	24
пречупвам	пречупвах	6
пречупвам	пречупваха	25
пречупвам	напречупват	10
пречупвам	пречупи	1
пречупвам	попречупват	27
пречупвам	попречупва	3
почвам	почвахте	16
почвам	напочват	10
почвам	попочва	3
почвам	попочвам	5
почвам	разпочвам	20
почвам	опочвам	9
почвам	почвайки	19
почвам	отпочвам	8
почвам	почваме	33
почвам	почвам	34
почвам	почвай	32
почвам	почват	31
почвам	почвали	29
почвам	почвах	4
почвам	почва	21
почвам	напочвам	17
почвам	попочваха	11
почвам	почваше	28
почвам	разпочва	2
почвам	почвате	13
почвам	попочват	27
почвам	почвах	6
почвам	почва	7
почвам	почване	22
почвам	почвайте	26
почвам	почване	30
почвам	почването	23
почвам	изпочвам	24
почвам	опочват	12
почвам	почвани	18
почвам	отпочва	0
почвам	почваха	25
почвам	почваш	14
почвам	изпочва	1
почвам	почвал	15
отвличам	отвличахте	16
отвличам	отвличаше	28
отвличам	отвличат	31
отвличам	потвличам	5
отвличам	разотвличам	20
отвличам	отвличат	12
отвличам	наотвличам	17
отвличам	отвличане	30
отвличам	отвличах	6
отвличам	отвличането	23
отвличам	изотвличам	24
отвличам	отвлича	7
отвличам	потвличат	27
отвличам	отвличал	15
отвличам	отвличах	4
отвличам	отвличайте	26
отвличам	отвличаш	14
отвличам	отвличайки	19
отвличам	отвличам	34
отвличам	отвличани	18
отвличам	отвличаха	25
отвличам	отвлича	21
отвличам	отвличам	9
отвличам	наотвличат	10
отвличам	разотвлича	2
отвличам	потвличаха	11
отвличам	отвличам	8
отвличам	отвличаме	33
отвличам	потвлича	3
отвличам	отвлича	0
отвличам	отвличане	22
отвличам	отвличай	32
отвличам	отвличате	13
отвличам	отвличали	29
отвличам	изотвлича	1
наричам	отнаричам	8
наричам	понаричаха	11
наричам	наричат	31
наричам	наричай	32
наричам	нарича	7
наричам	нанаричат	10
наричам	наричайки	19
наричам	наричали	29
наричам	наричани	18
наричам	нанаричам	17
наричам	наричаш	14
наричам	наричане	22
наричам	понаричат	27
наричам	наричах	6
наричам	отнарича	0
наричам	разнаричам	20
наричам	изнарича	1
наричам	наричайте	26
наричам	наричахте	16
наричам	наричаше	28
наричам	разнарича	2
наричам	изнаричам	24
наричам	понарича	3
наричам	наричате	13
наричам	наричах	4
наричам	наричал	15
наричам	наричането	23
наричам	наричаха	25
наричам	онаричам	9
наричам	наричам	34
наричам	наричане	30
наричам	наричаме	33
наричам	нарича	21
наричам	онаричат	12
наричам	понаричам	5
ранявам	изранява	1
ранявам	пораняваха	11
ранявам	раняваме	33
ранявам	ранявахте	16
ранявам	поранява	3
ранявам	раняват	31
ранявам	раняваха	25
ранявам	ранява	21
ранявам	разранява	2
ранявам	ранявай	32
ранявам	ранявайки	19
ранявам	раняването	23
ранявам	разранявам	20
ранявам	раняване	30
ранявам	ранявани	18
ранявам	ранявате	13
ранявам	ранявайте	26
ранявам	раняваше	28
ранявам	изранявам	24
ранявам	оранявам	9
ранявам	нараняват	10
ранявам	ранявали	29
ранявам	поранявам	5
ранявам	пораняват	27
ранявам	наранявам	17
ранявам	ранявал	15
ранявам	отраня	0
ранявам	ранявах	4
ранявам	ораняват	12
ранявам	ранява	7
ранявам	раняване	22
ранявам	раняваш	14
ранявам	отранявам	8
ранявам	ранявах	6
ранявам	ранявам	34
извеждам	извеждахте	16
извеждам	поизвеждам	5
извеждам	извеждането	23
извеждам	извеждай	32
извеждам	поизвежда	3
извеждам	извеждал	15
извеждам	извежда	7
извеждам	извеждаше	28
извеждам	отизвеждам	8
извеждам	наизвеждам	17
извеждам	извеждам	34
извеждам	извеждайки	19
извеждам	разиждам	20
извеждам	извеждаха	25
извеждам	извеждах	6
извеждам	оизвеждам	9
извеждам	извеждат	31
извеждам	извежда	21
извеждам	извеждали	29
извеждам	извеждаш	14
извеждам	извеждаме	33
извеждам	изизвеждам	24
извеждам	поизвеждат	27
извеждам	оизвеждат	12
извеждам	извеждани	18
извеждам	извеждане	30
извеждам	поизвеждаха	11
извеждам	извеждах	4
извеждам	извеждане	22
извеждам	извежда	1
извеждам	извеждайте	26
извеждам	разижда	2
извеждам	наизвеждат	10
извеждам	извеждате	13
извеждам	извежда	0
прочитам	отпрочитам	8
прочитам	попрочитам	5
прочитам	прочитал	15
прочитам	прочиташ	14
прочитам	прочита	21
прочитам	опрочитам	9
прочитам	опрочитат	12
прочитам	попрочитаха	11
прочитам	прочитаха	25
прочитам	разпрочитам	20
прочитам	прочиташе	28
прочитам	прочитате	13
прочитам	прочита	0
прочитам	прочитайки	19
прочитам	напрочитам	17
прочитам	попрочита	3
прочитам	прочитат	31
прочитам	прочитането	23
прочитам	прочитам	34
прочитам	изпрочитам	24
прочитам	прочитах	4
прочитам	изпрочита	1
прочитам	прочитане	22
прочитам	напрочитат	10
прочитам	разпрочита	2
прочитам	прочитани	18
прочитам	прочитай	32
прочитам	прочитаме	33
прочитам	прочитахте	16
прочитам	прочита	7
прочитам	прочитайте	26
прочитам	прочитане	30
прочитам	прочитали	29
прочитам	прочитах	6
прочитам	попрочитат	27
казвам	наказват	10
казвам	показвам	5
казвам	казвах	6
казвам	разказва	2
казвам	казвани	18
казвам	казване	22
казвам	казвате	13
казвам	наказвам	17
казвам	показва	3
казвам	казваш	14
казвам	казва	7
казвам	казвах	4
казвам	отказва	0
казвам	казваше	28
казвам	казваме	33
казвам	казване	30
казвам	казват	31
казвам	казвай	32
казвам	отказвам	8
казвам	изказва	1
казвам	казвайте	26
казвам	казвали	29
казвам	разказвам	20
казвам	казвал	15
казвам	оказват	12
казвам	оказвам	9
казвам	изказвам	24
казвам	показваха	11
казвам	казването	23
казвам	казвахте	16
казвам	казвам	34
казвам	показват	27
казвам	казваха	25
казвам	казвайки	19
казвам	казва	21
треса	тресате	13
треса	тресал	15
треса	тресех	6
треса	отреса	9
треса	тресане	30
треса	тресе	5
треса	тресете	8
треса	трес	7
треса	тресе	0
треса	тресене	22
треса	изтреса	2
треса	тресаха	25
треса	тресай	32
треса	тресайте	26
треса	разтреса	20
треса	тресаме	33
треса	треси	1
треса	тресайки	19
треса	тресали	29
треса	тресеше	4
треса	тресани	18
треса	тресането	23
треса	потресат	27
треса	натресат	10
треса	тресаш	16
треса	отресат	12
треса	натреса	17
треса	потресете	3
треса	изтреса	24
треса	тресат	31
треса	тресеше	28
треса	треса	34
треса	треса	21
треса	потресаха	11
треса	тресете	14
ставам	ставане	30
ставам	ставането	23
ставам	става	21
ставам	ставахте	16
ставам	ставах	6
ставам	остават	12
ставам	ставам	34
ставам	стаи	1
ставам	отставам	8
ставам	ставайте	26
ставам	поставам	5
ставам	поставаха	11
ставам	ставане	22
ставам	постава	3
ставам	ставани	18
ставам	ставали	29
ставам	оставам	9
ставам	става	7
ставам	ставай	32
ставам	ставаме	33
ставам	ставате	13
ставам	ставаш	14
ставам	постават	27
ставам	ставах	4
ставам	разстава	2
ставам	стават	31
ставам	ставал	15
ставам	наставам	17
ставам	настават	10
ставам	ставайки	19
ставам	разставам	20
ставам	ста	0
ставам	ставаха	25
ставам	изставам	24
ставам	ставаше	28
спичам	спичани	18
спичам	спичаш	14
спичам	спичаха	25
спичам	спичал	15
спичам	спича	7
спичам	спичане	22
спичам	поспичат	27
спичам	спичали	29
спичам	спичахте	16
спичам	спичаме	33
спичам	поспича	3
спичам	спичането	23
спичам	спича	21
спичам	спичах	6
спичам	спичат	31
спичам	спичам	34
спичам	изспича	1
спичам	насичат	10
спичам	разсича	2
спичам	спичате	13
спичам	спичай	32
спичам	спичане	30
спичам	спича	0
спичам	спичайки	19
спичам	спичаше	28
спичам	изсичам	24
спичам	оспичат	12
спичам	оспичам	9
спичам	насичам	17
спичам	спичах	4
спичам	разсичам	20
спичам	спичайте	26
спичам	отсичам	8
спичам	поспичаха	11
спичам	поспичам	5
губя	губят	31
губя	губейки	19
губя	губете	26
губя	губите	14
губя	отгубя	8
губя	губеше	28
губя	нагубят	10
губя	губиш	16
губя	губя	34
губя	губенето	23
губя	изгубят	17
губя	огубят	12
губя	погубят	27
губя	губеха	25
губя	губене	30
губя	губех	6
губя	разгубя	20
губя	погубя	5
губя	губил	15
губя	огубя	9
губя	погубиха	11
губя	губим	13
губя	губили	29
губя	губини	18
губя	изгуби	2
губя	губяме	33
губя	губ	7
губя	погуби	1
губя	погубете	3
губя	губене	22
губя	изгубя	24
губя	губи	21
губя	отгуб	0
губя	губиха	4
губя	губей	32
запалвам	запали	1
запалвам	разапалва	2
запалвам	запалвал	15
запалвам	запалвайте	26
запалвам	запалваш	14
запалвам	запалва	21
запалвам	позапалва	3
запалвам	позапалвам	5
запалвам	назапалвам	17
запалвам	изапалвам	24
запалвам	запалвай	32
запалвам	запал	0
запалвам	позалваха	11
запалвам	запалвах	4
запалвам	озапалвам	9
запалвам	запалвам	34
запалвам	отзапалвам	8
запалвам	озапалват	12
запалвам	запалвате	13
запалвам	запалваше	28
запалвам	запалваха	25
запалвам	разапалвам	20
запалвам	запалвали	29
запалвам	запалваме	33
запалвам	запалвайки	19
запалвам	позапалват	27
запалвам	запалвахте	16
запалвам	запалване	30
запалвам	запалването	23
запалвам	запалвани	18
запалвам	запалване	22
запалвам	запалва	7
запалвам	запалвах	6
запалвам	назапалват	10
запалвам	запалват	31
благославям	поблагославяха	11
благославям	благославянето	23
благославям	благославям	34
благославям	благославяйте	26
благославям	благославях	6
благославям	благославяхте	16
благославям	благославяй	32
благославям	благославяше	28
благославям	поблагославят	27
благославям	отблагославям	8
благославям	разблаглява	2
благославям	наблагославям	17
благославям	благосла	0
благославям	благославял	15
благославям	изблагославя	1
благославям	благославяме	33
благославям	наблагославят	10
благославям	облагославят	12
благославям	благославяни	18
благославям	благославяте	13
благославям	благославяйки	19
благославям	благославя	21
благославям	благославят	31
благославям	благославяш	14
благославям	благославяли	29
благославям	благославя	7
благославям	поблагославям	5
благославям	поблагославя	3
благославям	благославяне	22
благославям	благославях	4
благославям	изблагославям	24
благославям	благославяне	30
благославям	разблагославям	20
благославям	облагославям	9
благославям	благославяха	25
отнасям	изотнасям	24
отнасям	потнасям	5
отнасям	отнасят	31
отнасям	отнасяне	30
отнасям	отнасяй	32
отнасям	наотнасям	17
отнасям	отнасяхте	16
отнасям	отнасяйте	26
отнасям	потнасяха	11
отнасям	отнасят	12
отнасям	потнася	3
отнасям	отнася	0
отнасям	отнасяше	28
отнасям	потнасят	27
отнасям	отнася	7
отнасям	разотнасям	20
отнасям	отнасяме	33
отнасям	отнасяйки	19
отнасям	отнасяха	25
отнасям	отнасях	4
отнасям	изотнася	1
отнасям	отнасял	15
отнасям	отнасяни	18
отнасям	отнасяш	14
отнасям	отнася	21
отнасям	разотнася	2
отнасям	отнасяли	29
отнасям	отнасям	34
отнасям	наотнасят	10
отнасям	ототнасям	8
отнасям	отнасям	9
отнасям	отнасяте	13
отнасям	отнасянето	23
отнасям	отнасях	6
отнасям	отнасяне	22
купувам	изкупува	1
купувам	откупувам	8
купувам	покупува	3
купувам	купува	21
купувам	изкупувам	24
купувам	купуват	31
купувам	купуване	22
купувам	откупува	0
купувам	купувайки	19
купувам	купувах	4
купувам	окупувам	9
купувам	покупуват	27
купувам	купуваш	14
купувам	купуваха	25
купувам	накупуват	10
купувам	купувайте	26
купувам	купувам	34
купувам	купувай	32
купувам	покупувам	5
купувам	купувахте	16
купувам	купуваше	28
купувам	купувани	18
купувам	купуваме	33
купувам	разкупувам	20
купувам	накупувам	17
купувам	разкупува	2
купувам	купувал	15
купувам	купува	7
купувам	окупуват	12
купувам	купувах	6
купувам	купувате	13
купувам	купуване	30
купувам	купували	29
купувам	купуването	23
купувам	покупуваха	11
счупвам	счупваме	33
счупвам	счупвайте	26
счупвам	разсчупвам	20
счупвам	счупваше	28
счупвам	счупвай	32
счупвам	посчупвам	5
счупвам	изсчупвам	24
счупвам	посчупват	27
счупвам	счупвайки	19
счупвам	счупване	22
счупвам	посчупва	3
счупвам	счупвани	18
счупвам	посчупваха	11
счупвам	счупи	1
счупвам	осчупвам	9
счупвам	счупвах	6
счупвам	счупвам	34
счупвам	осчупват	12
счупвам	счупвате	13
счупвам	счупвах	4
счупвам	счупването	23
счупвам	насчупвам	17
счупвам	счупване	30
счупвам	счупвал	15
счупвам	счупва	21
счупвам	счуп	0
счупвам	разсчупва	2
счупвам	счупвали	29
счупвам	счупваш	14
счупвам	насчупват	10
счупвам	отсчупвам	8
счупвам	счуп	7
счупвам	счупвахте	16
счупвам	счупваха	25
счупвам	счупват	31
чувам	чувал	15
чувам	чувате	13
чувам	чуваш	14
чувам	очуват	12
чувам	чувам	34
чувам	чуваме	33
чувам	чувахте	16
чувам	изчувам	24
чувам	чуването	23
чувам	чувах	4
чувам	чувайте	26
чувам	начувам	17
чувам	чували	29
чувам	отчува	0
чувам	чуваше	28
чувам	отчувам	8
чувам	очувам	9
чувам	чувани	18
чувам	чуват	31
чувам	чува	21
чувам	разчува	2
чувам	чувах	6
чувам	чуване	30
чувам	чува	7
чувам	изчува	1
чувам	чувайки	19
чувам	чуваха	25
чувам	почуват	27
чувам	чуване	22
чувам	почува	3
чувам	почувам	5
чувам	начуват	10
чувам	чувай	32
чувам	разчувам	20
чувам	почуваха	11
припирам	припиране	30
припирам	поприраха	11
припирам	припира	21
припирам	оприпират	12
припирам	припирали	29
припирам	поприпирам	5
припирам	наприпират	10
припирам	припираме	33
припирам	отприпира	0
припирам	припирах	6
припирам	отприпирам	8
припирам	припирай	32
припирам	разприпирам	20
припирам	припирах	4
припирам	припираш	14
припирам	припира	7
припирам	припирам	34
припирам	разприпира	2
припирам	припирахте	16
припирам	наприпирам	17
припирам	припиране	22
припирам	припирал	15
припирам	припираха	25
припирам	припират	31
припирам	припирани	18
припирам	припирането	23
припирам	изприпира	1
припирам	припирайки	19
припирам	припирайте	26
припирам	оприпирам	9
припирам	поприпира	3
припирам	припираше	28
припирам	изприпирам	24
припирам	припирате	13
припирам	поприпират	27
строя	построи	1
строя	строи	21
строя	строиха	4
строя	разстроя	20
строя	строили	29
строя	изстроя	24
строя	строеше	28
строя	строейки	19
строя	построете	3
строя	строя	33
строя	построя	5
строя	строенето	23
строя	строите	14
строя	строил	15
строя	построиха	11
строя	строим	13
строя	строий	32
строя	строят	31
строя	стро	7
строя	строиш	16
строя	строя	34
строя	отстроя	8
строя	остроя	9
строя	строини	18
строя	настроя	17
строя	строеха	25
строя	строете	26
строя	строене	22
строя	построят	27
строя	изстрои	2
строя	строех	6
строя	стро	0
строя	остроят	12
строя	строене	30
строя	настроят	10
ушивам	оушивам	9
ушивам	ушиваше	28
ушивам	оушиват	12
ушивам	изуши	1
ушивам	поушива	3
ушивам	поушивам	5
ушивам	ушиваш	14
ушивам	ушивайки	19
ушивам	уши	0
ушивам	ушивайте	26
ушивам	ушивай	32
ушивам	поушиват	27
ушивам	изушивам	24
ушивам	ушива	7
ушивам	отушивам	8
ушивам	поушиваха	11
ушивам	ушиването	23
ушивам	ушиваме	33
ушивам	ушивате	13
ушивам	наушиват	10
ушивам	ушивахте	16
ушивам	ушиваха	25
ушивам	разушива	2
ушивам	разушивам	20
ушивам	ушива	21
ушивам	ушиване	30
ушивам	ушивах	4
ушивам	ушивани	18
ушивам	ушивал	15
ушивам	ушивали	29
ушивам	ушиват	31
ушивам	ушивам	34
ушивам	наушивам	17
ушивам	ушиване	22
ушивам	ушивах	6
обичам	обичаха	25
обичам	обичат	31
обичам	обичал	15
обичам	обичах	6
обичам	обичайте	26
обичам	изобичам	24
обичам	обичаш	14
обичам	обичане	22
обичам	обичах	4
обичам	наобичам	17
обичам	побичат	27
обичам	разобича	2
обичам	разобичам	20
обичам	обичането	23
обичам	обичане	30
обичам	обича	0
обичам	обича	21
обичам	побичам	5
обичам	обичате	13
обичам	обичам	9
обичам	отобичам	8
обичам	обичайки	19
обичам	обичали	29
обичам	побичаха	11
обичам	обича	7
обичам	обичам	34
обичам	обичани	18
обичам	обичаме	33
обичам	изобича	1
обичам	обичай	32
обичам	обичаше	28
обичам	побича	3
обичам	обичат	12
обичам	обичахте	16
обичам	наобичат	10
беся	бесех	6
беся	набесят	10
беся	бесейки	19
беся	побесете	3
беся	бесене	22
беся	беся	34
беся	побесиха	11
беся	побесят	27
беся	избесят	17
беся	избеся	24
беся	обеся	9
беся	бесеше	28
беся	отбес	0
беся	бесеха	25
беся	бесиш	16
беся	бесил	15
беся	бесий	32
беся	бесини	18
беся	побеси	1
беся	бесят	31
беся	бесете	26
беся	избеси	2
беся	бесенето	23
беся	разбеся	20
беся	бесене	30
беся	побеся	5
беся	бесим	13
беся	беся	33
беся	беси	21
беся	бесите	14
беся	бесили	29
беся	бесиха	4
беся	бес	7
беся	отбеся	8
беся	обесят	12
прощавам	напрощавам	17
прощавам	проща	0
прощавам	опрощават	12
прощавам	прощава	21
прощавам	прощавах	4
прощавам	прощаване	30
прощавам	прощават	31
прощавам	прощавахте	16
прощавам	изпрощавам	24
прощавам	прощавате	13
прощавам	прощаваше	28
прощавам	прощавал	15
прощавам	прощаваш	14
прощавам	прощавали	29
прощавам	разпрощавам	20
прощавам	попрощават	27
прощавам	разпрощава	2
прощавам	попрощава	3
прощавам	отпрощавам	8
прощавам	прощавани	18
прощавам	прощавайте	26
прощавам	опрощавам	9
прощавам	прощаваме	33
прощавам	попрощаваха	11
прощавам	прощавам	34
прощавам	изпрощаи	1
прощавам	прощаване	22
прощавам	прощавай	32
прощавам	прощавайки	19
прощавам	прощаването	23
прощавам	прощаваха	25
прощавам	напрощават	10
прощавам	прощава	7
прощавам	попрощавам	5
прощавам	прощавах	6
наемам	наемате	13
наемам	наемах	4
наемам	разнае	2
наемам	наемал	15
наемам	наемане	22
наемам	наемали	29
наемам	разнаем	20
наемам	наемаше	28
наемам	наемайки	19
наемам	нанаемат	10
наемам	наемаха	25
наемам	онаемат	12
наемам	наемай	32
наемам	онаемам	9
наемам	изнае	1
наемам	отнаемам	8
наемам	наемаме	33
наемам	наемах	6
наемам	наемайте	26
наемам	наемат	31
наемам	наема	21
наемам	наемахте	16
наемам	нанаемам	17
наемам	отнаем	0
наемам	наемаш	14
наемам	понаема	3
наемам	наема	7
наемам	понаемат	27
наемам	понаемаха	11
наемам	наемане	30
наемам	наемани	18
наемам	изнаемам	24
наемам	понаемам	5
наемам	наемането	23
наемам	наемам	34
уча	разуча	20
уча	оучат	12
уча	учете	14
уча	учели	29
уча	учете	8
уча	учаме	33
уча	научат	10
уча	науча	17
уча	изуча	2
уча	уча	34
уча	учеш	16
уча	учането	23
уча	изуча	24
уча	учене	22
уча	учейки	19
уча	поучеха	11
уча	уче	1
уча	уче	5
уча	учай	32
уча	уче	21
уча	уче	0
уча	учеха	25
уча	учех	6
уча	учате	13
уча	поуче	3
уча	учат	31
уча	оуча	9
уча	учеше	28
уча	учене	30
уча	учал	15
уча	уча	7
уча	учете	26
уча	поучат	27
уча	учани	18
уча	учеше	4
комбинирам	коминираха	25
комбинирам	коминира	21
комбинирам	изкобинам	24
комбинирам	коминират	31
комбинирам	покобирам	5
комбинирам	накобинам	17
комбинирам	коминирали	29
комбинирам	коминирал	15
комбинирам	откобирам	8
комбинирам	комини	0
комбинирам	покобират	27
комбинирам	коминираш	14
комбинирам	коминирайки	19
комбинирам	коминираше	28
комбинирам	коминирането	23
комбинирам	коминирах	4
комбинирам	коминирай	32
комбинирам	окобират	12
комбинирам	коминирайте	26
комбинирам	изкобира	1
комбинирам	коминираме	33
комбинирам	накобират	10
комбинирам	покобираха	11
комбинирам	коминирани	18
комбинирам	коминирах	6
комбинирам	коминирам	34
комбинирам	коминиране	22
комбинирам	окобирам	9
комбинирам	покобира	3
комбинирам	коминирате	13
комбинирам	коминира	7
комбинирам	разкобира	2
комбинирам	разкобирам	20
комбинирам	коминиране	30
комбинирам	коминирахте	16
търся	отърсят	12
търся	търся	34
търся	търсим	13
търся	натърсят	10
търся	търсил	15
търся	потърси	1
търся	търсех	6
търся	търсене	22
търся	търсеше	28
търся	търсий	32
търся	търс	7
търся	търсиха	4
търся	отърся	9
търся	търсене	30
търся	търсят	31
търся	търсеха	25
търся	потърсят	27
търся	търсейки	19
търся	търсяме	33
търся	търсини	18
търся	търсенето	23
търся	изтърсят	17
търся	отттърся	8
търся	търсиш	16
търся	потърсете	3
търся	потърсиха	11
търся	изтърси	2
търся	потърся	5
търся	търсите	14
търся	търси	21
търся	търсили	29
търся	оттърс	0
търся	разтърся	20
търся	изтърся	24
търся	търсете	26
абсорбирам	аборбира	7
абсорбирам	аборбирали	29
абсорбирам	аборбирах	6
абсорбирам	аборбирам	34
абсорбирам	аборбиране	22
абсорбирам	аборбирайки	19
абсорбирам	аборбира	0
абсорбирам	поборбирам	5
абсорбирам	аборбираше	28
абсорбирам	аборбирайте	26
абсорбирам	аборбирани	18
абсорбирам	разасорбоам	20
абсорбирам	аборбирате	13
абсорбирам	изаборбирам	24
абсорбирам	аборбирах	4
абсорбирам	аборбира	1
абсорбирам	поборбираха	11
абсорбирам	разасорбира	2
абсорбирам	аборбираха	25
абсорбирам	поборбира	3
абсорбирам	аборбираме	33
абсорбирам	аборбирахте	16
абсорбирам	аборбират	31
абсорбирам	оборбирам	9
абсорбирам	аборбирай	32
абсорбирам	поборбират	27
абсорбирам	аборбираш	14
абсорбирам	аборбирането	23
абсорбирам	аборбира	21
абсорбирам	аборбиране	30
абсорбирам	наборбират	10
абсорбирам	наборбирам	17
абсорбирам	отборбирам	8
абсорбирам	аборбирал	15
абсорбирам	оборбират	12
обличам	обличал	15
обличам	обличане	22
обличам	обличайки	19
обличам	изоблича	1
обличам	обличаше	28
обличам	обличате	13
обличам	отблича	0
обличам	облича	7
обличам	наобличам	17
обличам	обличам	9
обличам	обличането	23
обличам	побличат	27
обличам	обличали	29
обличам	обличах	4
обличам	отобличам	8
обличам	обличаме	33
обличам	облича	21
обличам	разобличам	20
обличам	обличаха	25
обличам	обличат	12
обличам	побличам	5
обличам	обличаш	14
обличам	обличам	34
обличам	обличат	31
обличам	побличаха	11
обличам	обличайте	26
обличам	обличай	32
обличам	разоблича	2
обличам	обличах	6
обличам	обличане	30
обличам	обличани	18
обличам	изобличам	24
обличам	наобличат	10
обличам	поблича	3
обличам	обличахте	16
нахапвам	понапва	3
нахапвам	нахапваме	33
нахапвам	отнахвам	8
нахапвам	нахапва	21
нахапвам	нахапвахте	16
нахапвам	изнахвам	24
нахапвам	нахапвайте	26
нахапвам	нахапвах	6
нахапвам	нахапвани	18
нахапвам	нахапвам	34
нахапвам	нахапване	22
нахапвам	нахапваш	14
нахапвам	разнапвам	20
нахапвам	нахапва	7
нахапвам	нанахват	10
нахапвам	онахапват	12
нахапвам	нахапват	31
нахапвам	нахапи	1
нахапвам	нахапването	23
нахапвам	онахапвам	9
нахапвам	нахапвайки	19
нахапвам	нахап	0
нахапвам	разнапва	2
нахапвам	нахапвал	15
нахапвам	нахапваше	28
нахапвам	нанапвам	17
нахапвам	понахвам	5
нахапвам	нахапване	30
нахапвам	понапваха	11
нахапвам	нахапвате	13
нахапвам	нахапвай	32
нахапвам	нахапвах	4
нахапвам	нахапвали	29
нахапвам	нахапваха	25
нахапвам	понапват	27
разбирам	разбирай	32
разбирам	поразбира	3
разбирам	отразбирам	8
разбирам	разбира	1
разбирам	поразбират	27
разбирам	разбирайки	19
разбирам	разбирали	29
разбирам	оразбирам	9
разбирам	разбира	7
разбирам	разразбира	2
разбирам	разбиране	22
разбирам	разбирате	13
разбирам	разбирайте	26
разбирам	разбираш	14
разбирам	разбират	31
разбирам	оразбират	12
разбирам	разбира	21
разбирам	разбирахте	16
разбирам	разбираха	25
разбирам	разбираме	33
разбирам	наразбират	10
разбирам	отразбира	0
разбирам	поразбирам	5
разбирам	разбирах	4
разбирам	разбирам	34
разбирам	разбирани	18
разбирам	разбирането	23
разбирам	изразбирам	24
разбирам	разбираше	28
разбирам	разбирал	15
разбирам	разразбирам	20
разбирам	поразбираха	11
разбирам	разбирах	6
разбирам	наразбирам	17
разбирам	разбиране	30
обсъждам	побъжда	3
обсъждам	объждах	6
обсъждам	объждам	34
обсъждам	объждаше	28
обсъждам	отобъждам	8
обсъждам	объжд	7
обсъждам	объждам	9
обсъждам	разобъжда	2
обсъждам	объждали	29
обсъждам	объждаш	14
обсъждам	побъждат	27
обсъждам	объждайте	26
обсъждам	объждахте	16
обсъждам	побъждаха	11
обсъждам	разобъждам	20
обсъждам	объждайки	19
обсъждам	изобъждам	24
обсъждам	объждаме	33
обсъждам	объжд	0
обсъждам	объждат	12
обсъждам	объждането	23
обсъждам	побъждам	5
обсъждам	объждате	13
обсъждам	объждане	22
обсъждам	объждал	15
обсъждам	объждани	18
обсъждам	объждай	32
обсъждам	объждане	30
обсъждам	объжда	21
обсъждам	объждат	31
обсъждам	объжди	1
обсъждам	объждах	4
обсъждам	наобъждам	17
обсъждам	объждаха	25
обсъждам	наобъждат	10
давам	даваме	33
давам	даваше	28
давам	даване	30
давам	издава	1
давам	раздавам	20
давам	давате	13
давам	давал	15
давам	одават	12
давам	давани	18
давам	издавам	24
давам	давали	29
давам	подава	3
давам	давай	32
давам	давахте	16
давам	даваш	14
давам	даване	22
давам	подавам	5
давам	отдавам	8
давам	давах	4
давам	дава	21
давам	одавам	9
давам	дават	31
давам	подават	27
давам	давам	34
давам	даваха	25
давам	раздава	2
давам	давах	6
давам	подаваха	11
давам	давайки	19
давам	надават	10
давам	даването	23
давам	дава	7
давам	надавам	17
давам	давайте	26
давам	отдава	0
гласувам	глас	7
гласувам	гласувахте	16
гласувам	гласуват	31
гласувам	погласва	3
гласувам	гласувайте	26
гласувам	гласувал	15
гласувам	гласуването	23
гласувам	гласувани	18
гласувам	погласват	27
гласувам	гласувах	4
гласувам	гласува	21
гласувам	погласвам	5
гласувам	изгласвам	24
гласувам	огласват	12
гласувам	гласувате	13
гласувам	гласуване	22
гласувам	огласувам	9
гласувам	гласувай	32
гласувам	отгласувам	8
гласувам	гласуване	30
гласувам	гласуваше	28
гласувам	гласувайки	19
гласувам	гласуваме	33
гласувам	разгласвам	20
гласувам	отгласува	0
гласувам	гласуваха	25
гласувам	нагласват	10
гласувам	изгласи	1
гласувам	гласували	29
гласувам	гласуваш	14
гласувам	погласваха	11
гласувам	нагласвам	17
гласувам	разгласва	2
гласувам	гласувам	34
гласувам	гласувах	6
зачитам	разачитам	20
зачитам	зачита	1
зачитам	изачитам	24
зачитам	зачитали	29
зачитам	зачитам	34
зачитам	зачита	21
зачитам	зачитане	22
зачитам	позачитат	27
зачитам	назачитам	17
зачитам	позачитаха	11
зачитам	разачита	2
зачитам	зачитане	30
зачитам	отзачитам	8
зачитам	зачитай	32
зачитам	зачиташ	14
зачитам	зачитаме	33
зачитам	зачитахте	16
зачитам	зачитате	13
зачитам	зачитал	15
зачитам	позачита	3
зачитам	озачитам	9
зачитам	озачитат	12
зачитам	зачитани	18
зачитам	зачитах	6
зачитам	зачиташе	28
зачитам	зачитат	31
зачитам	зачитайте	26
зачитам	зачитаха	25
зачитам	зачитането	23
зачитам	зачитах	4
зачитам	назачитат	10
зачитам	зачитайки	19
зачитам	позачитам	5
зачитам	зачита	0
зачитам	зачита	7
ухапвам	отхапвам	8
ухапвам	разхапвам	20
ухапвам	ухапвал	15
ухапвам	ухапвай	32
ухапвам	поухапваха	11
ухапвам	ухапвах	4
ухапвам	наухапват	10
ухапвам	оухапвам	9
ухапвам	разхапва	2
ухапвам	ухапваше	28
ухапвам	ухапвам	34
ухапвам	ухапването	23
ухапвам	ухапвайте	26
ухапвам	наухапвам	17
ухапвам	поухапва	3
ухапвам	ухапване	22
ухапвам	ухап	0
ухапвам	ухапвани	18
ухапвам	ухапва	21
ухапвам	ухапвали	29
ухапвам	ухапваха	25
ухапвам	ухапвайки	19
ухапвам	изхапвам	24
ухапвам	ухапи	1
ухапвам	ухапвате	13
ухапвам	ухапваш	14
ухапвам	ухапвах	6
ухапвам	ухапвахте	16
ухапвам	ухапване	30
ухапвам	оухапват	12
ухапвам	ухапва	7
ухапвам	ухапват	31
ухапвам	ухапваме	33
ухапвам	поухапват	27
ухапвам	поухапвам	5
изговарям	изговарям	34
изговарям	изговарям	24
изговарям	оизговарям	9
изговарям	изговаряха	25
изговарям	изговарят	31
изговарям	изговаряте	13
изговарям	поизговаряха	11
изговарям	наизговарям	17
изговарям	изговаря	0
изговарям	изговаряйки	19
изговарям	изговарял	15
изговарям	изговаряне	30
изговарям	изговаряше	28
изговарям	поизговарят	27
изговарям	отговарям	8
изговарям	изговаряхте	16
изговарям	изговаря	7
изговарям	изговаряне	22
изговарям	изговаря	1
изговарям	поизговаря	3
изговарям	изговарях	6
изговарям	изговаряш	14
изговарям	изговаряй	32
изговарям	изговаряйте	26
изговарям	изговарях	4
изговарям	изговаряни	18
изговарям	изговаря	21
изговарям	оизговарят	12
изговарям	разизговаря	2
изговарям	изговарянето	23
изговарям	изговаряме	33
изговарям	наизговарят	10
изговарям	поизговарям	5
изговарям	изговаряли	29
изговарям	разизговарям	20
интересувам	интересевах	4
интересувам	интересува	0
интересувам	интересева	7
интересувам	интересевате	13
интересувам	интересеваш	14
интересувам	интересевувал	15
интересувам	интересевах	6
интересувам	отинерсувам	8
интересувам	интересеване	30
интересувам	поитресевувам	5
интересувам	поитресевуват	27
интересувам	интересевайки	19
интересувам	интересева	21
интересувам	изнннествувам	24
интересувам	интересеваше	28
интересувам	интересевувам	34
интересувам	интересевали	29
интересувам	интересеваме	33
интересувам	наитресевувам	17
интересувам	разитерсува	2
интересувам	интересевуват	31
интересувам	интересеване	22
интересувам	оитересуват	12
интересувам	интересевай	32
интересувам	интересевани	18
интересувам	интереси	1
интересувам	поитресевувах	11
интересувам	разитерсувам	20
интересувам	поитересува	3
интересувам	наитресевуват	10
интересувам	интересевуваха	25
интересувам	интересето	23
интересувам	оитересувам	9
интересувам	интересевахте	16
интересувам	интересевайте	26
пиша	пишани	18
пиша	пишаш	14
пиша	пишаха	25
пиша	попиша	3
пиша	попишат	27
пиша	пишай	32
пиша	пишаш	16
пиша	пиш	7
пиша	изпиша	24
пиша	пишане	30
пиша	разпиша	20
пиша	пиша	21
пиша	пишали	29
пиша	напиша	17
пиша	опиша	9
пиша	пишайте	26
пиша	пишат	31
пиша	пиша	34
пиша	пишеше	28
пиша	изпиша	2
пиша	пишаме	33
пиша	опишат	12
пиша	пишал	15
пиша	пишайки	19
пиша	напишат	10
пиша	пишех	6
пиша	пишете	8
пиша	пишането	23
пиша	попишаха	11
пиша	пишене	22
пиша	изпиша	1
пиша	пишате	13
пиша	пише	5
пиша	отпиша	0
пиша	пишеше	4
прехапвам	прехапваш	14
прехапвам	прехапвайте	26
прехапвам	прехапва	21
прехапвам	прехапвал	15
прехапвам	прехапвахте	16
прехапвам	прехапвам	34
прехапвам	изпрехапвам	24
прехапвам	напрехават	10
прехапвам	прехапвай	32
прехапвам	прехапват	31
прехапвам	попрехапваха	11
прехапвам	прехапва	7
прехапвам	прехапи	1
прехапвам	прехапвах	4
прехапвам	попрехапвам	5
прехапвам	опрехапват	12
прехапвам	разпрехавам	20
прехапвам	прехапваше	28
прехапвам	попрехават	27
прехапвам	прехапваме	33
прехапвам	прехапвах	6
прехапвам	прехапване	30
прехапвам	прехапваха	25
прехапвам	прехапването	23
прехапвам	попрехапва	3
прехапвам	прехапвате	13
прехапвам	прехапване	22
прехапвам	опрехапвам	9
прехапвам	отпрехапвам	8
прехапвам	прехапвайки	19
прехапвам	прехап	0
прехапвам	прехапвани	18
прехапвам	прехапвали	29
прехапвам	разпрехапва	2
прехапвам	напрехапвам	17
желая	желаят	31
желая	желая	34
желая	пожелаете	3
желая	жела	7
желая	желаех	6
желая	изжелаи	2
желая	изжелаят	17
желая	отжела	0
желая	желаене	22
желая	желаиш	16
желая	желаей	32
желая	изжелая	24
желая	ожелаят	12
желая	желаини	18
желая	желаене	30
желая	пожелаят	27
желая	желаейки	19
желая	пожелая	5
желая	желаето	23
желая	желаеха	25
желая	пожелаи	1
желая	ожелая	9
желая	желаяме	33
желая	желаите	14
желая	отжелая	8
желая	желаим	13
желая	желаеше	28
желая	желаиха	4
желая	желаили	29
желая	нажелат	10
желая	желаил	15
желая	желаете	26
желая	пожелаиха	11
желая	разжелая	20
желая	желаи	21
заоравам	заорава	7
заоравам	зараваха	25
заоравам	озарават	12
заоравам	зарават	31
заоравам	позараваха	11
заоравам	заравате	13
заоравам	зарава	21
заоравам	заравал	15
заоравам	зараване	22
заоравам	заравайки	19
заоравам	зараваше	28
заоравам	зараване	30
заоравам	разарава	2
заоравам	разаравам	20
заоравам	назаравам	17
заоравам	заравайте	26
заоравам	озаравам	9
заоравам	заравахте	16
заоравам	заравани	18
заоравам	зараваме	33
заоравам	заравах	4
заоравам	позаравам	5
заоравам	позарава	3
заоравам	заравали	29
заоравам	заравах	6
заоравам	зараваш	14
заоравам	зараването	23
заоравам	заравам	34
заоравам	заораи	1
заоравам	заора	0
заоравам	позарават	27
заоравам	отзаравам	8
заоравам	изаравам	24
заоравам	заравай	32
заоравам	назарават	10
изпитам	изпитане	22
изпитам	изпитах	6
изпитам	разизпита	2
изпитам	наизпитат	10
изпитам	наизпитам	17
изпитам	изпита	21
изпитам	изпитахте	16
изпитам	изпитането	23
изпитам	изпитам	24
изпитам	изпитах	4
изпитам	изпиташ	14
изпитам	изпитаме	33
изпитам	изпита	7
изпитам	изпитай	32
изпитам	изпитате	13
изпитам	изпитали	29
изпитам	поизпитам	5
изпитам	изпитал	15
изпитам	изпиташе	28
изпитам	изпитайки	19
изпитам	изпитат	31
изпитам	изпитайте	26
изпитам	отизпитам	8
изпитам	оизпитат	12
изпитам	поизпитат	27
изпитам	изпита	1
изпитам	изпитаха	25
изпитам	разизпитам	20
изпитам	оизпитам	9
изпитам	поизпитаха	11
изпитам	изпитане	30
изпитам	поизпита	3
изпитам	изпитам	34
изпитам	изпита	0
изпитам	изпитани	18
плащам	плащам	34
плащам	плащаха	25
плащам	изплаща	1
плащам	поплаща	3
плащам	плащайте	26
плащам	оплащат	12
плащам	отплаща	0
плащам	плащане	30
плащам	разплаща	2
плащам	поплащам	5
плащам	плащане	22
плащам	плащахте	16
плащам	плащал	15
плащам	изплащам	24
плащам	поплащаха	11
плащам	плащат	31
плащам	плащах	4
плащам	плащате	13
плащам	наплащам	17
плащам	плащах	6
плащам	плащани	18
плащам	разплащам	20
плащам	плаща	21
плащам	оплащам	9
плащам	плащането	23
плащам	поплащат	27
плащам	плащали	29
плащам	наплащат	10
плащам	плащаме	33
плащам	плащайки	19
плащам	плащай	32
плащам	отплащам	8
плащам	плаща	7
плащам	плащаше	28
плащам	плащаш	14
забравям	позабравя	3
забравям	забравяте	13
забравям	забравяли	29
забравям	забравяй	32
забравям	позабравяха	11
забравям	разабравя	2
забравям	позабравям	5
забравям	позабравят	27
забравям	забравяхте	16
забравям	назабравят	10
забравям	забравял	15
забравям	забравянето	23
забравям	разабравям	20
забравям	забравяха	25
забравям	забравяне	22
забравям	отзабравям	8
забравям	забравях	6
забравям	озабравям	9
забравям	забравям	34
забравям	забравя	7
забравям	назабравям	17
забравям	забравяни	18
забравям	забравяйте	26
забравям	забравяме	33
забравям	забраи	1
забравям	забра	0
забравям	забравят	31
забравям	забравяше	28
забравям	забравяне	30
забравям	забравя	21
забравям	изабравям	24
забравям	забравяйки	19
забравям	озабравят	12
забравям	забравяш	14
забравям	забравях	4
удовлетворявам	удовлетворях	6
удовлетворявам	удовлети	1
удовлетворявам	удовлетворя	21
удовлетворявам	раздовлетворя	2
удовлетворявам	издовлетворям	24
удовлетворявам	удовлетворяйте	26
удовлетворявам	удовлетворят	31
удовлетворявам	надовлетворям	17
удовлетворявам	наудовлетворят	10
удовлетворявам	удовлетворяваш	14
удовлетворявам	удовлетворях	4
удовлетворявам	удовлетворям	34
удовлетворявам	удовлетворявай	32
удовлетворявам	удовлетворяли	29
удовлетворявам	удовлетворя	0
удовлетворявам	оудовлетворям	9
удовлетворявам	отдовлетворям	8
удовлетворявам	удовлетворяте	13
удовлетворявам	удовлетворяне	22
удовлетворявам	удовлетворяхте	16
удовлетворявам	поудовлетворят	27
удовлетворявам	удовлетворяше	28
удовлетворявам	поудовлетворя	3
удовлетворявам	поудовлетворям	5
удовлетворявам	удовлетворя	7
удовлетворявам	удовлетворяме	33
удовлетворявам	удовлетворял	15
удовлетворявам	удовлетворяйки	19
удовлетворявам	поудовлетворяхте	11
удовлетворявам	разудоворям	20
удовлетворявам	удовлетворянето	23
удовлетворявам	удовлетворяни	18
удовлетворявам	удовлетворяха	25
удовлетворявам	оудовлетворят	12
удовлетворявам	удовлетворяне	30
вземам	вземаме	33
вземам	взема	7
вземам	вземах	4
вземам	вземаш	14
вземам	повземам	5
вземам	вземам	34
вземам	вземайте	26
вземам	вземане	22
вземам	взема	21
вземам	вземаше	28
вземам	вземал	15
вземам	вземах	6
вземам	повземаха	11
вземам	овземам	9
вземам	вземайки	19
вземам	вземахте	16
вземам	вземането	23
вземам	извземам	24
вземам	отвзема	0
вземам	вземали	29
вземам	развзема	2
вземам	вземат	31
вземам	вземане	30
вземам	развземам	20
вземам	повзема	3
вземам	извзема	1
вземам	повземат	27
вземам	вземаха	25
вземам	овземат	12
вземам	навземам	17
вземам	отвземам	8
вземам	навземат	10
вземам	вземани	18
вземам	вземай	32
вземам	вземате	13
обесвам	обесват	31
обесвам	побесваха	11
обесвам	разобесва	2
обесвам	обесват	12
обесвам	разобесвам	20
обесвам	обесвайте	26
обесвам	обесвах	6
обесвам	отобесвам	8
обесвам	побесват	27
обесвам	обесвали	29
обесвам	побесвам	5
обесвам	обесваме	33
обесвам	обесвани	18
обесвам	обесването	23
обесвам	обесва	21
обесвам	обесвам	34
обесвам	наобесвам	17
обесвам	обесване	30
обесвам	побесва	3
обесвам	обесваш	14
обесвам	обес	7
обесвам	обесвате	13
обесвам	обесвайки	19
обесвам	обесвам	9
обесвам	обесване	22
обесвам	обеси	1
обесвам	изобесвам	24
обесвам	обес	0
обесвам	обесваха	25
обесвам	обесвал	15
обесвам	обесвай	32
обесвам	обесвах	4
обесвам	обесваше	28
обесвам	наобесват	10
обесвам	обесвахте	16
започвам	изапочвам	24
започвам	започвахте	16
започвам	започ	0
започвам	отапочвам	8
започвам	започваме	33
започвам	започване	22
започвам	започва	21
започвам	позапочват	27
започвам	назапочват	10
започвам	озапочват	12
започвам	започвайки	19
започвам	позапочваха	11
започвам	озапочвам	9
започвам	започваше	28
започвам	започвах	6
започвам	започвани	18
започвам	започвайте	26
започвам	започва	7
започвам	разапочва	2
започвам	започваха	25
започвам	започват	31
започвам	започи	1
започвам	започвам	34
започвам	започването	23
започвам	започвах	4
започвам	позапочвам	5
започвам	започваш	14
започвам	позапочва	3
започвам	назапочвам	17
започвам	започвали	29
започвам	започвате	13
започвам	разапочвам	20
започвам	започвай	32
започвам	започвал	15
започвам	започване	30
омитам	омитаха	25
омитам	омитах	6
омитам	помитах	11
омитам	омитат	12
омитам	омитахте	16
омитам	омитайки	19
омитам	помитат	27
омитам	омитане	30
омитам	помитам	5
омитам	омитам	9
омитам	изомитам	24
омитам	омитат	31
омитам	омитаме	33
омитам	изомита	1
омитам	помита	3
омитам	омиташе	28
омитам	омитам	34
омитам	отмита	0
омитам	омитате	13
омитам	наомитам	17
омитам	омиташ	14
омитам	наомитат	10
омитам	отомитам	8
омитам	омитайте	26
омитам	омитах	4
омитам	омитали	29
омитам	омитай	32
омитам	омита	21
омитам	омитал	15
омитам	разомитам	20
омитам	омитането	23
омитам	омитани	18
омитам	разомита	2
омитам	омитане	22
омитам	омита	7
ям	янето	23
ям	ял	15
ям	изям	24
ям	разя	2
ям	изя	1
ям	яме	33
ям	яй	32
ям	поя	3
ям	пояха	11
ям	отям	8
ям	наят	10
ям	поям	5
ям	яйки	19
ям	яте	13
ям	яне	30
ям	оям	9
ям	яш	14
ям	ят	31
ям	яйте	26
ям	ях	6
ям	отя	0
ям	оят	12
ям	яли	29
ям	я	21
ям	яни	18
ям	ям	34
ям	наям	17
ям	яха	25
ям	поят	27
ям	яхте	16
ям	разям	20
ям	яше	28
ям	ях	4
ям	я	7
ям	яне	22
разнасям	разнасях	4
разнасям	разнасям	34
разнасям	поразнасям	5
разнасям	изразням	24
разнасям	разнася	7
разнасям	оразнасям	9
разнасям	разнасяй	32
разнасям	разнасяли	29
разнасям	разнасяйки	19
разнасям	разнасяйте	26
разнасям	поразнася	3
разнасям	разнася	21
разнасям	разнасях	6
разнасям	разразня	2
разнасям	наразнят	10
разнасям	разнасяш	14
разнасям	разнасяни	18
разнасям	разнасяте	13
разнасям	оразнасят	12
разнасям	разнасяме	33
разнасям	разразням	20
разнасям	разнасяхте	16
разнасям	поразнят	27
разнасям	разнасял	15
разнасям	разнасят	31
разнасям	разнася	0
разнасям	разнасяха	25
разнасям	разнасяне	22
разнасям	отразням	8
разнасям	разнасяне	30
разнасям	наразням	17
разнасям	поразняха	11
разнасям	изразня	1
разнасям	разнасянето	23
разнасям	разнасяше	28
изслушвам	изслушват	31
изслушвам	разислувам	20
изслушвам	изслушването	23
изслушвам	изслушваше	28
изслушвам	наизслушват	10
изслушвам	изслуши	1
изслушвам	изслушвали	29
изслушвам	поизслушват	27
изслушвам	изслушвахте	16
изслушвам	изислушвам	24
изслушвам	отизслушвам	8
изслушвам	изслушвай	32
изслушвам	изслушвайки	19
изслушвам	изслушвайте	26
изслушвам	оизслушват	12
изслушвам	изслушва	21
изслушвам	изслушваш	14
изслушвам	изслушване	22
изслушвам	изслушвате	13
изслушвам	изслушвам	34
изслушвам	наизслувам	17
изслушвам	изслуш	0
изслушвам	поизслушвам	5
изслушвам	изслушване	30
изслушвам	изслушвах	4
изслушвам	разислува	2
изслушвам	изслушва	7
изслушвам	изслушвал	15
изслушвам	оизслушвам	9
изслушвам	поизслушва	3
изслушвам	изслушвах	6
изслушвам	изслушвани	18
изслушвам	изслушваме	33
изслушвам	изслушваха	25
изслушвам	поислушвах	11
отвеждам	отвеждай	32
отвеждам	отвеждат	12
отвеждам	потвеждаха	11
отвеждам	отвеждат	31
отвеждам	отвежда	0
отвеждам	отвеждани	18
отвеждам	отвежда	21
отвеждам	отвеждахте	16
отвеждам	отвеждането	23
отвеждам	потвеждат	27
отвеждам	потвежда	3
отвеждам	разотвежда	2
отвеждам	отвеждам	9
отвеждам	отвеждах	4
отвеждам	отвеждайте	26
отвеждам	отвеждаш	14
отвеждам	отвеждали	29
отвеждам	отвежда	1
отвеждам	отвеждате	13
отвеждам	изотвеждам	24
отвеждам	ототвеждам	8
отвеждам	отвеждам	34
отвеждам	отвеждайки	19
отвеждам	отвеждаме	33
отвеждам	разотвеждам	20
отвеждам	наотвеждат	10
отвеждам	отвеждане	22
отвеждам	отвеждаха	25
отвеждам	потвеждам	5
отвеждам	отвеждане	30
отвеждам	отвеждаше	28
отвеждам	отвеждал	15
отвеждам	наотвеждам	17
отвеждам	отвеждах	6
отвеждам	отвежда	7
заслужавам	заслужавах	6
заслужавам	заслужавайки	19
заслужавам	заслужаваха	25
заслужавам	заслужа	0
заслужавам	заслужава	21
заслужавам	заслужавахте	16
заслужавам	отаслужавам	8
заслужавам	заслужаваше	28
заслужавам	заслужаването	23
заслужавам	заслужавай	32
заслужавам	заслужавах	4
заслужавам	заслужаваме	33
заслужавам	наслужават	10
заслужавам	заслужавали	29
заслужавам	позаслужават	27
заслужавам	разаслужава	2
заслужавам	озаслужавам	9
заслужавам	позаславах	11
заслужавам	заслужавам	34
заслужавам	заслужавате	13
заслужавам	заслужаване	30
заслужавам	заслужавал	15
заслужавам	разаслужавам	20
заслужавам	заслужавани	18
заслужавам	позаслува	3
заслужавам	заслужава	7
заслужавам	заслужа	1
заслужавам	заслужавайте	26
заслужавам	изаслужавам	24
заслужавам	заслужаваш	14
заслужавам	позаслувам	5
заслужавам	назаслужавам	17
заслужавам	озаслужават	12
заслужавам	заслужават	31
заслужавам	заслужаване	22
озадачавам	позадават	27
озадачавам	озадачи	1
озадачавам	озадачвал	15
озадачавам	озадачаваше	28
озадачавам	позадавам	5
озадачавам	озадачвайки	19
озадачавам	озадачвам	9
озадачавам	наозадвам	17
озадачавам	позадаваха	11
озадачавам	озадачаване	30
озадачавам	озадачва	7
озадачавам	озадачавай	32
озадачавам	озадачавам	34
озадачавам	изоздавам	24
озадачавам	разоздавам	20
озадачавам	озадачавани	18
озадачавам	позадава	3
озадачавам	озадачавах	4
озадачавам	озадачавали	29
озадачавам	наоздават	10
озадачавам	озадачаваш	14
озадачавам	отдадавам	8
озадачавам	озадачва	21
озадачавам	озадачавах	6
озадачавам	разоздава	2
озадачавам	озадачват	12
озадачавам	озадачаваме	33
озадачавам	озадачавайте	26
озадачавам	озадачавате	13
озадачавам	озадачаване	22
озадачавам	озада	0
озадачавам	озадачаването	23
озадачавам	озадачават	31
озадачавам	озадачваха	25
озадачавам	озадачавахте	16
правя	правят	31
правя	прави	21
правя	направя	17
правя	отправ	0
правя	изправи	2
правя	правий	32
правя	правите	14
правя	правим	13
правя	прав	7
правя	правене	22
правя	правиш	16
правя	правили	29
правя	поправиха	11
правя	поправя	5
правя	разправя	20
правя	правя	34
правя	правете	26
правя	правил	15
правя	поправете	3
правя	поправят	27
правя	правеха	25
правя	правене	30
правя	правенето	23
правя	правини	18
правя	оправят	12
правя	направят	10
правя	правиха	4
правя	оправя	9
правя	правеше	28
правя	правейки	19
правя	правя	33
правя	отправя	8
правя	поправи	1
правя	изправя	24
правя	правех	6
навестявам	онавествям	9
навестявам	навестявах	4
навестявам	навествя	7
навестявам	нанавят	10
навестявам	навестяване	30
навестявам	навест	0
навестявам	онавествят	12
навестявам	навестявах	6
навестявам	навестяваш	14
навестявам	разнаствям	20
навестявам	навестявай	32
навестявам	отнавям	8
навестявам	навествянето	23
навестявам	навестявали	29
навестявам	навестявам	34
навестявам	навестявате	13
навестявам	навестявал	15
навестявам	навестявахте	16
навестявам	понавят	27
навестявам	навестяваме	33
навестявам	понаветвям	5
навестявам	навестяваха	25
навестявам	навестяваше	28
навестявам	понавя	3
навестявам	навестяване	22
навестявам	навестявайки	19
навестявам	навести	1
навестявам	навестявани	18
навестявам	навестява	21
навестявам	разнавя	2
навестявам	нанавям	17
навестявам	навестяват	31
навестявам	навестявайте	26
навестявам	изнавявам	24
навестявам	понавяха	11
