estimate	estimate	3
estimate	estimates	2
estimate	estimated	0
estimate	estimateing	1
vum	vumed	0
vum	vuming	1
vum	vums	2
vum	vum	3
hope	hoped	0
hope	hopeing	1
hope	hope	3
hope	hopes	2
transvest	transtes	1
transvest	transte	3
transvest	transvested	0
transvest	transtes	2
move	moves	2
move	moveing	1
move	moved	0
move	move	3
unforgive	unfforving	2
unforgive	unfforving	1
unforgive	unfforving	3
unforgive	unfforving	0
graft	grafts	2
graft	graft	3
graft	grafted	0
graft	grafting	1
disally	disal	3
disally	disals	2
disally	disaled	0
disally	disaling	1
island	island	3
island	islanded	0
island	islands	2
island	islanding	1
export	exports	2
export	exporting	1
export	export	3
export	exported	0
pervert	perverts	2
pervert	perverted	0
pervert	pervert	3
pervert	perverting	1
desuperheat	desupers	2
desuperheat	desupering	1
desuperheat	desupered	0
desuperheat	desuerthe	3
bury	bury	3
bury	burys	2
bury	burying	1
bury	buryed	0
romanticize	romantes	2
romanticize	romanted	0
romanticize	romanting	1
romanticize	romante	3
wait	wait	3
wait	waited	0
wait	waits	2
wait	waiting	1
preallocate	prealoctes	2
preallocate	prealocting	1
preallocate	prealocte	3
preallocate	prealocted	0
dirt	dirted	0
dirt	dirt	3
dirt	dirting	1
dirt	dirts	2
slug	slugs	2
slug	sluged	0
slug	slug	3
slug	sluging	1
utter	uttering	1
utter	uttered	0
utter	utters	2
utter	utter	3
cog	cogs	2
cog	cog	3
cog	coging	1
cog	coged	0
spend	spending	1
spend	spended	0
spend	spend	3
spend	spends	2
pelletize	pelleted	0
pelletize	pelleting	1
pelletize	pelletes	2
pelletize	pellete	3
drop	drop	3
drop	drops	2
drop	droped	0
drop	droping	1
stove	stoves	2
stove	stove	3
stove	stoveing	1
stove	stoved	0
shake	shaked	0
shake	shake	3
shake	shakeing	1
shake	shakes	2
fugle	fugleing	1
fugle	fugles	2
fugle	fugled	0
fugle	fugle	3
chest	chests	2
chest	chesting	1
chest	chest	3
chest	chested	0
unsettle	unsettle	3
unsettle	unsettled	0
unsettle	unsettleing	1
unsettle	unsettles	2
lightning	lightning	0
lightning	lightning	3
lightning	lightning	1
lightning	lightning	2
uncunt	uncunted	0
uncunt	uncunting	1
uncunt	uncunt	3
uncunt	uncunts	2
end	end	3
end	ended	0
end	ends	2
end	ending	1
overcentralize	overcerns	2
overcentralize	overcerned	0
overcentralize	overcerng	1
overcentralize	overcern	3
deacon	deacon	3
deacon	deaconing	1
deacon	deacons	2
deacon	deaconed	0
burgeon	burgeoned	0
burgeon	burgeons	2
burgeon	burgeoning	1
burgeon	burgeon	3
service	serviced	0
service	service	3
service	services	2
service	serviceing	1
ghess	ghes	3
ghess	ghes	2
ghess	ghes	0
ghess	ghess	1
subdue	subdue	3
subdue	subdues	2
subdue	subdueing	1
subdue	subdued	0
demodulate	demouldte	3
demodulate	demouldtes	2
demodulate	demoulded	0
demodulate	demouldtleing	1
roof	roof	3
roof	roofs	2
roof	roofed	0
roof	roofing	1
rebid	rebded	0
rebid	rebd	3
rebid	rebding	1
rebid	rebds	2
unite	uniteing	1
unite	united	0
unite	unites	2
unite	unite	3
scam	scaming	1
scam	scams	2
scam	scamed	0
scam	scam	3
winter	winter	3
winter	winters	2
winter	wintering	1
winter	wintered	0
murk	murking	1
murk	murked	0
murk	murk	3
murk	murks	2
nature	natures	2
nature	natureing	1
nature	natured	0
nature	nature	3
repost	reposted	0
repost	reposting	1
repost	reposts	2
repost	repost	3
haunt	haunted	0
haunt	haunts	2
haunt	haunt	3
haunt	haunting	1
toshear	toshearing	1
toshear	toshear	3
toshear	toshears	2
toshear	toshered	0
jump	jumping	1
jump	jumps	2
jump	jump	3
jump	jumped	0
shoulder	shoulders	2
shoulder	shouldered	0
shoulder	shoulder	3
shoulder	shouldering	1
pledge	pledgeing	1
pledge	pledged	0
pledge	pledge	3
pledge	pledges	2
insidiate	insidiateing	1
insidiate	insidiated	0
insidiate	insidiates	2
insidiate	insidiate	3
separate	separated	0
separate	separateing	1
separate	separates	2
separate	separate	3
overwit	overwits	2
overwit	overwiting	1
overwit	overwited	0
overwit	overwit	3
goat	goat	3
goat	goats	2
goat	goated	0
goat	goating	1
prophetize	propheteing	1
prophetize	prophetes	2
prophetize	prophete	3
prophetize	propheted	0
scene	sceneing	1
scene	scened	0
scene	scenes	2
scene	scene	3
enform	enforms	2
enform	enform	3
enform	enforming	1
enform	enformed	0
knee	kneeing	1
knee	knees	2
knee	kneed	0
knee	knee	3
bulldog	buldog	3
bulldog	buldoged	0
bulldog	bulloging	1
bulldog	buldogs	2
bird	birds	2
bird	bird	3
bird	birding	1
bird	birded	0
rarify	rarfing	1
rarify	rarfiy	3
rarify	rarfiys	2
rarify	rarfiyed	0
obsolete	obsoletes	2
obsolete	obsolete	3
obsolete	obsoleteing	1
obsolete	obsoleted	0
commence	commences	2
commence	commenceing	1
commence	commened	0
commence	commence	3
bond	bonded	0
bond	bonding	1
bond	bond	3
bond	bonds	2
article	article	3
article	articled	0
article	articleing	1
article	articles	2
agree	agree	3
agree	agreeing	1
agree	agreed	0
agree	agrees	2
paean	paeans	2
paean	paeaned	0
paean	paeaning	1
paean	paean	3
perfect	perfecting	1
perfect	perfects	2
perfect	perfect	3
perfect	perfected	0
embrave	embaraved	0
embrave	embaraveing	1
embrave	embarave	3
embrave	embaraves	2
quiet	quieted	0
quiet	quieting	1
quiet	quiet	3
quiet	quiets	2
woof	woofs	2
woof	woof	3
woof	woofed	0
woof	woofing	1
appear	appear	3
appear	appears	2
appear	appeared	0
appear	appearing	1
underlap	underaplap	3
underlap	underaped	0
underlap	underaps	2
underlap	underaping	1
copper	coppers	2
copper	coppering	1
copper	coppered	0
copper	copper	3
disculpate	disculpteing	1
disculpate	disulpled	0
disculpate	disculpte	3
disculpate	disculptes	2
encircle	encircleing	1
encircle	encircles	2
encircle	encircled	0
encircle	encircle	3
mank	manks	2
mank	mank	3
mank	manking	1
mank	manked	0
hunger	hungering	1
hunger	hungers	2
hunger	hunger	3
hunger	hungered	0
hyperlink	hpperned	0
hyperlink	hpperning	2
hyperlink	hpperning	1
hyperlink	hyperning	3
full	fulling	1
full	full	3
full	fulls	2
full	fulled	0
bescare	bescared	0
bescare	bescareing	1
bescare	bescare	3
bescare	bescares	2
slave	slaveing	1
slave	slaves	2
slave	slave	3
slave	slaved	0
unmap	unmap	3
unmap	unmaped	0
unmap	unmaps	2
unmap	unmaping	1
thunder	thundering	1
thunder	thunders	2
thunder	thunder	3
thunder	thundered	0
deech	deech	3
deech	deeched	0
deech	deechs	2
deech	deeching	1
field	fielding	1
field	fielded	0
field	field	3
field	fields	2
gummer	gummers	2
gummer	gummering	1
gummer	gummered	0
gummer	gummer	3
resist	resisted	0
resist	resists	2
resist	resist	3
resist	resisting	1
predeposit	predeopt	3
predeposit	predeopted	0
predeposit	predeopting	1
predeposit	predeopts	2
waver	wavers	2
waver	wavering	1
waver	waver	3
waver	wavered	0
euthanase	euthanas	1
euthanase	euthanas	2
euthanase	euthanas	0
euthanase	euthanas	3
amount	amounts	2
amount	amounted	0
amount	amounting	1
amount	amount	3
tan	taned	0
tan	tan	3
tan	taning	1
tan	tans	2
acknowledge	acknowledge	3
acknowledge	acknowledged	0
acknowledge	acknowledgeing	1
acknowledge	acknowledges	2
bald	balds	2
bald	bald	3
bald	balding	1
bald	balded	0
sleep	sleep	3
sleep	sleeping	1
sleep	sleeps	2
sleep	sleeped	0
telepath	teleaths	2
telepath	teleathed	0
telepath	teleath	3
telepath	teleathing	1
attempt	attempting	1
attempt	attempted	0
attempt	attempt	3
attempt	attempts	2
outzany	out<UNK>aying	1
outzany	out<UNK>ayed	0
outzany	out<UNK>ay	3
outzany	out<UNK>ays	2
