nostattaa	nostattako	11
nostattaa	nostattamaan	7
nostattaa	nostattaa	20
nostattaa	nostat	0
nostattaa	nostata	13
nostattaa	nostattakoon	10
nostattaa	nostattivat	12
nostattaa	nostattavat	19
nostattaa	nostatti	9
nostattaa	nostattakaa	5
nostattaa	nostattaen	16
nostattaa	nostattaessaan	6
nostattaa	nostattanut	14
nostattaa	nostattaisin	1
nostattaa	nostattaisi	15
nostattaa	nostattaneet	17
nostattaa	nostattaakseen	3
nostattaa	nostattakoot	8
nostattaa	nostattava	18
nostattaa	nostatetaan	4
nostattaa	nostatan	2
saota	saotkoon	10
saota	saotisi	15
saota	saotaneet	17
saota	saotva	18
saota	saotakseen	3
saota	saotessaan	6
saota	saotan	2
saota	saotkaa	5
saota	saotivat	12
saota	saotvat	19
saota	saot	4
saota	saota	20
saota	saotkoot	8
saota	saoti	9
saota	saotmaan	7
saota	saot	0
saota	saotko	11
saota	saotisin	1
saota	saotnut	14
saota	saota	13
saota	saoten	16
jylistä	jylistäisi	15
jylistä	jylistäneet	17
jylistä	jylistämään	7
jylistä	jylistivät	12
jylistä	jylistäen	16
jylistä	jylistävät	19
jylistä	jylistänyt	14
jylistä	jylistämän	0
jylistä	jylistäko	11
jylistä	jylisti	9
jylistä	jylistävä	18
jylistä	jylistäkseen	3
jylistä	jylistäy	1
jylistä	jylistä	13
jylistä	jylistä	4
jylistä	jylistän	2
jylistä	jylistäkoot	8
jylistä	jylistäen	10
jylistä	jylistäessään	6
jylistä	jylistäkää	5
jylistä	jylistä	20
indusoida	indusoidkaa	5
indusoida	indusoida	2
indusoida	indusoi	13
indusoida	indusoidneet	17
indusoida	indusoidmaan	7
indusoida	indusoida	20
indusoida	indusoidisi	15
indusoida	indusoiden	16
indusoida	indusoidkoot	8
indusoida	indusoidnududadadududududududududududududududududadadudadadadududududududududadududududududududududududududodadududidududududadu	14
indusoida	indusoid	4
indusoida	indusoidisin	1
indusoida	indusoivat	12
indusoida	indusoidkoon	10
indusoida	indusoidakseen	3
indusoida	indusoidman	0
indusoida	indusoidessaan	6
indusoida	indusoidko	11
indusoida	indusoiva	18
indusoida	indusoida	9
indusoida	indusoidvad	19
noutaa	noutaessaan	6
noutaa	noutaisin	1
noutaa	noutakoot	8
noutaa	noutaisi	15
noutaa	noutaneet	17
noutaa	noutanut	14
noutaa	nouti	9
noutaa	noutavat	19
noutaa	noutaakseen	3
noutaa	noutivat	12
noutaa	noutakoon	10
noutaa	noutako	11
noutaa	nouta	4
noutaa	noutaa	20
noutaa	noutava	18
noutaa	noutakaa	5
noutaa	noutamaan	7
noutaa	noutan	2
noutaa	nout	0
noutaa	nouta	13
noutaa	noutaen	16
ängetä	än<UNK>etko	11
ängetä	än<UNK>eten	10
ängetä	än<UNK>etkää	5
ängetä	än<UNK>etkoot	8
ängetä	än<UNK>etneet	17
ängetä	än<UNK>tmään	7
ängetä	än<UNK>ten	16
ängetä	än<UNK>ety	1
ängetä	än<UNK>eti	9
ängetä	än<UNK>tän	2
ängetä	än<UNK>tetään	4
ängetä	än<UNK>t	0
ängetä	än<UNK>etessään	6
ängetä	än<UNK>e	13
ängetä	än<UNK>tä	20
ängetä	än<UNK>etäkseen	3
ängetä	än<UNK>tivät	12
ängetä	än<UNK>etnyt	14
ängetä	än<UNK>etvät	19
ängetä	än<UNK>tvä	18
ängetä	än<UNK>etisi	15
arvostella	arvostellaan	6
arvostella	arvostella	5
arvostella	arvostelan	2
arvostella	arvostella	20
arvostella	arvostella	15
arvostella	arvostellanut	14
arvostella	arvostellan	1
arvostella	arvostellakoon	10
arvostella	arvostella	13
arvostella	arvostella	4
arvostella	arvostella	18
arvostella	arvostellakseen	3
arvostella	arvostellat	17
arvostella	arvostellaan	7
arvostella	arvostellan	16
arvostella	arvostella	11
arvostella	arvostellat	12
arvostella	arvostellan	0
arvostella	arvostella	9
arvostella	arvostellat	8
arvostella	arvostellat	19
käpyillä	käpyilly	1
käpyillä	käpyilläkseen	3
käpyillä	käpyillä	13
käpyillä	käpyillän	16
käpyillä	käpyillä	18
käpyillä	käpyillä	11
käpyillä	käpyillän	2
käpyillä	käpyillä	9
käpyillä	käpyillät	8
käpyillä	käpyillään	7
käpyillä	käpyillän	0
käpyillä	käpyillä	5
käpyillä	käpyillät	12
käpyillä	käpyillät	19
käpyillä	käpyillä	20
käpyillä	käpyillät	14
käpyillä	käpyillän	10
käpyillä	käpyillä	15
käpyillä	käpyillä	4
käpyillä	käpyillään	6
käpyillä	käpyillät	17
rynnistää	rynnistää	20
rynnistää	rynnistänyt	14
rynnistää	rynnistäkää	5
rynnistää	rynnistäy	1
rynnistää	rynnistävä	18
rynnistää	rynnistivät	12
rynnistää	rynnistäkoot	8
rynnistää	rynnistääkseen	3
rynnistää	rynnisti	9
rynnistää	rynnistäessään	6
rynnistää	rynnistämän	0
rynnistää	rynnistämään	7
rynnistää	rynnistä	4
rynnistää	rynnistän	2
rynnistää	rynnistä	13
rynnistää	rynnistäisi	15
rynnistää	rynnistäko	11
rynnistää	rynnistäen	16
rynnistää	rynnistäneet	17
rynnistää	rynnistävät	19
rynnistää	rynnistäen	10
paalittaa	paalittaneet	17
paalittaa	paalittavat	19
paalittaa	paalittakoon	10
paalittaa	paalitti	9
paalittaa	paalittava	18
paalittaa	paalittaen	16
paalittaa	paalittanut	14
paalittaa	paalita	13
paalittaa	paalittaisin	1
paalittaa	paalitetaan	4
paalittaa	paalittivat	12
paalittaa	paalit	0
paalittaa	paalittakoot	8
paalittaa	paalitan	2
paalittaa	paalittamaan	7
paalittaa	paalittaisi	15
paalittaa	paalittaa	20
paalittaa	paalittaessaan	6
paalittaa	paalittaakseen	3
paalittaa	paalittakaa	5
paalittaa	paalittako	11
hukuttaa	hukutetaan	4
hukuttaa	hukuta	13
hukuttaa	hukutti	9
hukuttaa	hukuttakoot	8
hukuttaa	hukuttakoon	10
hukuttaa	hukuttakaa	5
hukuttaa	hukut	0
hukuttaa	hukuttaisin	1
hukuttaa	hukuttaneet	17
hukuttaa	hukuttanut	14
hukuttaa	hukutan	2
hukuttaa	hukuttaa	20
hukuttaa	hukuttamaan	7
hukuttaa	hukuttaakseen	3
hukuttaa	hukuttaessaan	6
hukuttaa	hukuttivat	12
hukuttaa	hukuttavat	19
hukuttaa	hukuttaen	16
hukuttaa	hukuttako	11
hukuttaa	hukuttava	18
hukuttaa	hukuttaisi	15
jyrytä	jyrytneet	17
jyrytä	jyrytko	11
jyrytä	jyryten	16
jyrytä	jyry	13
jyrytä	jyrytisi	15
jyrytä	jyrytän	2
jyrytä	jyrytmään	7
jyrytä	jyrytkää	5
jyrytä	jyrytäkseen	3
jyrytä	jyrytessään	6
jyrytä	jyrytnyt	14
jyrytä	jyrytä	20
jyrytä	jyryten	10
jyrytä	jyryt	0
jyrytä	jyrytvä	18
jyrytä	jyryt	4
jyrytä	jyrytivät	12
jyrytä	jyrytkoot	8
jyrytä	jyrytvät	19
jyrytä	jyryti	9
jyrytä	jyryty	1
hioa	hioman	0
hioa	hionut	14
hioa	hioessaan	6
hioa	hioivat	12
hioa	hiou	2
hioa	hiokoon	10
hioa	hioneet	17
hioa	hioa	20
hioa	hioi	9
hioa	hiova	18
hioa	hiomaan	7
hioa	hiovat	19
hioa	hioisin	1
hioa	hioen	16
hioa	hio	4
hioa	hiokaa	5
hioa	hio	13
hioa	hiokoot	8
hioa	hioisi	15
hioa	hioko	11
hioa	hioakseen	3
kipittää	kipitä	13
kipittää	kipittäkää	5
kipittää	kipittäkoot	8
kipittää	kipitän	2
kipittää	kipittäneet	17
kipittää	kipittänyt	14
kipittää	kipittäen	16
kipittää	kipittävä	18
kipittää	kipit	0
kipittää	kipittäko	11
kipittää	kipitti	9
kipittää	kipittäen	10
kipittää	kipittäessään	6
kipittää	kipittivät	12
kipittää	kipittäy	1
kipittää	kipittääkseen	3
kipittää	kipittäisi	15
kipittää	kipittävät	19
kipittää	kipittää	20
kipittää	kipittämään	7
kipittää	kipitetään	4
maistaa	maistamaan	7
maistaa	maistaa	20
maistaa	maistaessaan	6
maistaa	maisti	9
maistaa	maistivat	12
maistaa	maistanut	14
maistaa	maista	4
maistaa	mais	0
maistaa	maisa	13
maistaa	maistaisi	15
maistaa	maistakaa	5
maistaa	maistava	18
maistaa	maistaen	16
maistaa	maistakoot	8
maistaa	maisan	2
maistaa	maistako	11
maistaa	maistaneet	17
maistaa	maistaakseen	3
maistaa	maistavat	19
maistaa	maistaisin	1
maistaa	maistakoon	10
pitentää	pitentäessään	6
pitentää	pitenti	9
pitentää	pitentää	20
pitentää	pitentäen	10
pitentää	pitentävä	18
pitentää	pitentäkoot	8
pitentää	pitentäisi	15
pitentää	pitentänyt	14
pitentää	pitentäkää	5
pitentää	pitentivät	12
pitentää	pitentäy	1
pitentää	pitentäko	11
pitentää	pitentän	2
pitentää	pitentä	4
pitentää	pitentäneet	17
pitentää	pitentä	13
pitentää	pitentäen	16
pitentää	pitentävät	19
pitentää	pitentääkseen	3
pitentää	pitentämään	7
pitentää	pitentämän	0
kaatua	kaatuvat	19
kaatua	kaatu	4
kaatua	kaatuko	11
kaatua	kaatukoot	8
kaatua	kaatunut	14
kaatua	kaatu	13
kaatua	kaatuisin	1
kaatua	kaatuen	16
kaatua	kaatuivat	12
kaatua	kaatuneet	17
kaatua	kaatuessaan	6
kaatua	kaatuva	18
kaatua	kaatuu	2
kaatua	kaatukoon	10
kaatua	kaatua	20
kaatua	kaatumaan	7
kaatua	kaatukaa	5
kaatua	kaatuisi	15
kaatua	kaatui	9
kaatua	kaatuman	0
kaatua	kaatuakseen	3
kivahtaa	kivahtivat	12
kivahtaa	kivahtanut	14
kivahtaa	kivahtaneet	17
kivahtaa	kivahtaisin	1
kivahtaa	kivahan	2
kivahtaa	kivahtaen	16
kivahtaa	kivah	0
kivahtaa	kivahtakaa	5
kivahtaa	kivahtako	11
kivahtaa	kivaha	13
kivahtaa	kivahtaa	20
kivahtaa	kivahtavat	19
kivahtaa	kivahtakoon	10
kivahtaa	kivahtaisi	15
kivahtaa	kivahtaakseen	3
kivahtaa	kivahtava	18
kivahtaa	kivahti	9
kivahtaa	kivahtaessaan	6
kivahtaa	kivahtakoot	8
kivahtaa	kivahta	4
kivahtaa	kivahtamaan	7
ilmestyä	ilmestyy	2
ilmestyä	ilmestyko	11
ilmestyä	ilmestymään	7
ilmestyä	ilmesty	13
ilmestyä	ilmesty	4
ilmestyä	ilmestyy	1
ilmestyä	ilmestyi	9
ilmestyä	ilmestyvä	18
ilmestyä	ilmestykää	5
ilmestyä	ilmestyisi	15
ilmestyä	ilmestyvät	19
ilmestyä	ilmestykoot	8
ilmestyä	ilmestyen	16
ilmestyä	ilmestyä	20
ilmestyä	ilmestyen	10
ilmestyä	ilmestynyt	14
ilmestyä	ilmestymän	0
ilmestyä	ilmestyivät	12
ilmestyä	ilmestyessään	6
ilmestyä	ilmestyäkseen	3
ilmestyä	ilmestyneet	17
lohduttautua	lohduttautuisin	1
lohduttautua	lohduttautuessaan	6
lohduttautua	lohduttautuman	0
lohduttautua	lohduttautuu	2
lohduttautua	lohduttautunut	14
lohduttautua	lohduttautuvat	19
lohduttautua	lohduttautua	20
lohduttautua	lohduttautui	9
lohduttautua	lohduttautuko	11
lohduttautua	lohdutetautu	4
lohduttautua	lohduttautuen	16
lohduttautua	lohduttautuivat	12
lohduttautua	lohduttautuneet	17
lohduttautua	lohduttautukoon	10
lohduttautua	lohduta	13
lohduttautua	lohduttautukaa	5
lohduttautua	lohduttautuisi	15
lohduttautua	lohduttautumaan	7
lohduttautua	lohduttautuakseen	3
lohduttautua	lohduttautuva	18
lohduttautua	lohduttautukoot	8
pidellä	pidelleet	17
pidellä	pidellät	19
pidellä	pidellä	11
pidellä	pidellät	12
pidellä	pidellän	10
pidellä	pidellään	7
pidellä	pidellä	5
pidellä	pidellä	20
pidellä	pidellä	15
pidellä	pidellän	0
pidellä	pidelläkseen	3
pidellä	pidellät	14
pidellä	pidellä	9
pidellä	pidellän	4
pidellä	pidellän	16
pidellä	pidellän	2
pidellä	pidellä	13
pidellä	pidellä	18
pidellä	pidellät	8
pidellä	pidellään	6
pidellä	pidellän	1
laahautua	laahautu	13
laahautua	laahautuva	18
laahautua	laahautukaa	5
laahautua	laahautuko	11
laahautua	laahautua	20
laahautua	laahautui	9
laahautua	laahautukoot	8
laahautua	laahautunut	14
laahautua	laahautuneet	17
laahautua	laahautuman	0
laahautua	laahautumaan	7
laahautua	laahautuivat	12
laahautua	laahautuu	2
laahautua	laahautukoon	10
laahautua	laahautuisi	15
laahautua	laahautuvat	19
laahautua	laahautuessaan	6
laahautua	laahautuakseen	3
laahautua	laahautu	4
laahautua	laahautuen	16
laahautua	laahautuisin	1
lahjoittaa	lahjoita	13
lahjoittaa	lahjoittaessaan	6
lahjoittaa	lahjoittaen	16
lahjoittaa	lahjoittaisin	1
lahjoittaa	lahjoittavat	19
lahjoittaa	lahjoitetaan	4
lahjoittaa	lahjoitan	2
lahjoittaa	lahjoittaa	20
lahjoittaa	lahjoittivat	12
lahjoittaa	lahjoittako	11
lahjoittaa	lahjoittakoot	8
lahjoittaa	lahjoittakaa	5
lahjoittaa	lahjoittamaan	7
lahjoittaa	lahjoittaisi	15
lahjoittaa	lahjoittakoon	10
lahjoittaa	lahjoittaakseen	3
lahjoittaa	lahjoittaneet	17
lahjoittaa	lahjoitti	9
lahjoittaa	lahjoittanut	14
lahjoittaa	lahjoit	0
lahjoittaa	lahjoittava	18
mainostaa	mainostamaan	7
mainostaa	mainostivat	12
mainostaa	mainos	0
mainostaa	mainosti	9
mainostaa	mainostaakseen	3
mainostaa	mainosan	2
mainostaa	mainostaen	16
mainostaa	mainostakoon	10
mainostaa	mainostava	18
mainostaa	mainostaa	20
mainostaa	mainostavat	19
mainostaa	mainostaisin	1
mainostaa	mainostakoot	8
mainostaa	mainostaneet	17
mainostaa	mainostanut	14
mainostaa	mainostaessaan	6
mainostaa	mainostakaa	5
mainostaa	mainosta	4
mainostaa	mainosta	13
mainostaa	mainostaisi	15
mainostaa	mainostako	11
laajentaa	laajentakoot	8
laajentaa	laajena	13
laajentaa	laajen	0
laajentaa	laajenti	9
laajentaa	laajentaneet	17
laajentaa	laajentavat	19
laajentaa	laajentamaan	7
laajentaa	laajentivat	12
laajentaa	laajentakoon	10
laajentaa	laajentaakseen	3
laajentaa	laajentaessaan	6
laajentaa	laajentaen	16
laajentaa	laajentakaa	5
laajentaa	laajentaisin	1
laajentaa	laajenta	4
laajentaa	laajentava	18
laajentaa	laajentaa	20
laajentaa	laajentanut	14
laajentaa	laajentako	11
laajentaa	laajen	2
laajentaa	laajentaisi	15
pyytää anteeksi	pyytämään	0
pyytää anteeksi	pyytääntaneen	3
pyytää anteeksi	pyytäästaneet	17
pyytää anteeksi	pyytäästaneet	8
pyytää anteeksi	pyytäästanee	5
pyytää anteeksi	pyytäästaneen	7
pyytää anteeksi	pyytääntaneet	20
pyytää anteeksi	pyytäästaneet	12
pyytää anteeksi	pyytäästanut	14
pyytää anteeksi	pyytäästant	15
pyytää anteeksi	pyytäästaneet	11
pyytää anteeksi	pyytään	2
pyytää anteeksi	pyytäästaneen	6
pyytää anteeksi	pyytäentaen	16
pyytää anteeksi	pyytääntaen	18
pyytää anteeksi	pyytä	4
pyytää anteeksi	pyytä	13
pyytää anteeksi	pyytäästaneet	19
pyytää anteeksi	pyytäästan	1
pyytää anteeksi	pyytäästaneet	9
pyytää anteeksi	pyytäentaneen	10
matkata	matkatkoon	10
matkata	matkatisi	15
matkata	matkatkaa	5
matkata	matkatessaan	6
matkata	matkat	4
matkata	matkativat	12
matkata	matkata	20
matkata	matkatko	11
matkata	matkatkoot	8
matkata	matkatnut	14
matkata	matkatvat	19
matkata	matkati	9
matkata	matkatva	18
matkata	matkatmaan	7
matkata	matkatneet	17
matkata	matkatan	2
matkata	matkatisin	1
matkata	matkata	13
matkata	matkaten	16
matkata	matkatakseen	3
matkata	matkat	0
nuukahtaa	nuukahtaisin	1
nuukahtaa	nuukahtaisi	15
nuukahtaa	nuukahtanut	14
nuukahtaa	nuukahtakoon	10
nuukahtaa	nuukahtaa	20
nuukahtaa	nuukahtivat	12
nuukahtaa	nuukahtaneet	17
nuukahtaa	nuukahtavat	19
nuukahtaa	nuukahti	9
nuukahtaa	nuukahta	4
nuukahtaa	nuukahtakaa	5
nuukahtaa	nuukahtaessaan	6
nuukahtaa	nuukahtako	11
nuukahtaa	nuukahan	2
nuukahtaa	nuukah	0
nuukahtaa	nuukahtaakseen	3
nuukahtaa	nuukahtamaan	7
nuukahtaa	nuukahta	13
nuukahtaa	nuukahtaen	16
nuukahtaa	nuukahtakoot	8
nuukahtaa	nuukahtava	18
huudahtaa	huudahtakoot	8
huudahtaa	huudahtaakseen	3
huudahtaa	huudahtaessaan	6
huudahtaa	huudahtaneet	17
huudahtaa	huudahtava	18
huudahtaa	huudahtanut	14
huudahtaa	huudahtakoon	10
huudahtaa	huudahtaisi	15
huudahtaa	huudahtaisin	1
huudahtaa	huudahtamaan	7
huudahtaa	huudahtavat	19
huudahtaa	huudahtivat	12
huudahtaa	huudahtakaa	5
huudahtaa	huudahtako	11
huudahtaa	huudahtaa	20
huudahtaa	huudahti	9
huudahtaa	huudahta	13
huudahtaa	huudahta	4
huudahtaa	huudahtaen	16
huudahtaa	huudah	0
huudahtaa	huudahan	2
murjottaa	murjottava	18
murjottaa	murjottivat	12
murjottaa	murjottanut	14
murjottaa	murjotan	2
murjottaa	murjottaen	16
murjottaa	murjotetaan	4
murjottaa	murjottakaa	5
murjottaa	murjottamaan	7
murjottaa	murjottaisin	1
murjottaa	murjottavat	19
murjottaa	murjotti	9
murjottaa	murjota	13
murjottaa	murjottako	11
murjottaa	murjottaisi	15
murjottaa	murjot	0
murjottaa	murjottaakseen	3
murjottaa	murjottaa	20
murjottaa	murjottaneet	17
murjottaa	murjottakoon	10
murjottaa	murjottaessaan	6
murjottaa	murjottakoot	8
horjua	horjuko	11
horjua	horjuakseen	3
horjua	horjukoot	8
horjua	horjukoon	10
horjua	horjuman	0
horjua	horjumaan	7
horjua	horjuivat	12
horjua	horjuva	18
horjua	horjuisin	1
horjua	horjuu	2
horjua	horjukaa	5
horjua	horju	13
horjua	horjuen	16
horjua	horjuvat	19
horjua	horjuneet	17
horjua	horjuisi	15
horjua	horju	4
horjua	horjuessaan	6
horjua	horjui	9
horjua	horjunut	14
horjua	horjua	20
huvittaa	huvitetaan	4
huvittaa	huvittivat	12
huvittaa	huvittako	11
huvittaa	huvittaakseen	3
huvittaa	huvittakaa	5
huvittaa	huvittaen	16
huvittaa	huvittaneet	17
huvittaa	huvittanut	14
huvittaa	huvittavat	19
huvittaa	huvittaisin	1
huvittaa	huvit	0
huvittaa	huvittaessaan	6
huvittaa	huvitan	2
huvittaa	huvittamaan	7
huvittaa	huvitti	9
huvittaa	huvittaa	20
huvittaa	huvittaisi	15
huvittaa	huvittakoon	10
huvittaa	huvittava	18
huvittaa	huvittakoot	8
huvittaa	huvita	13
peljätä	peljätko	11
peljätä	peljätessään	6
peljätä	peljätmään	7
peljätä	peljätivät	12
peljätä	peljätneet	17
peljätä	peljätnyt	14
peljätä	peljätäkseen	3
peljätä	peljätkoot	8
peljätä	peljäty	1
peljätä	peljätvä	18
peljätä	peljäten	16
peljätä	peljätkää	5
peljätä	peljätmän	0
peljätä	peljätä	13
peljätä	peljätisi	15
peljätä	peljät	4
peljätä	peljäten	10
peljätä	peljäti	9
peljätä	peljätä	20
peljätä	peljätän	2
peljätä	peljätvät	19
karsinoida	karsinoidessaan	6
karsinoida	karsinoida	18
karsinoida	karsinoiden	16
karsinoida	karsinoidi	9
karsinoida	karsinoidan	0
karsinoida	karsinoidat	19
karsinoida	karsinoidaan	7
karsinoida	karsinoid	4
karsinoida	karsinoida	20
karsinoida	karsinoiddat	1
karsinoida	karsinoideed	17
karsinoida	karsinoidko	11
karsinoida	karsinoidisi	15
karsinoida	karsinoivat	12
karsinoida	karsinoidkoot	8
karsinoida	karsinoi	13
karsinoida	karsinoidkoon	10
karsinoida	karsinoin	2
karsinoida	karsinoidadud	14
karsinoida	karsinoidkaa	5
karsinoida	karsinoidakseen	3
odottaa	odottamaan	7
odottaa	odottaisi	15
odottaa	odotan	2
odottaa	odotti	9
odottaa	odottaa	20
odottaa	odota	13
odottaa	odottanut	14
odottaa	odottavat	19
odottaa	odottako	11
odottaa	odotetaan	4
odottaa	odottaen	16
odottaa	odottaisin	1
odottaa	odottakoon	10
odottaa	odottaman	0
odottaa	odottakaa	5
odottaa	odottakoot	8
odottaa	odottaakseen	3
odottaa	odottava	18
odottaa	odottaessaan	6
odottaa	odottaneet	17
odottaa	odottivat	12
riisuuntua	riisuuntukoot	8
riisuuntua	riisuuntu	4
riisuuntua	riisuuntuessaan	6
riisuuntua	riisuuntukoon	10
riisuuntua	riisuuntua	20
riisuuntua	riisuuntuisin	1
riisuuntua	riisuuntumaan	7
riisuuntua	riisuuntuu	2
riisuuntua	riisuuntui	9
riisuuntua	riisuuntuivat	12
riisuuntua	riisuuntuko	11
riisuuntua	riisuuntuneet	17
riisuuntua	riisuuntuisi	15
riisuuntua	riisuuntukaa	5
riisuuntua	riisuuntuva	18
riisuuntua	riisuuntuakseen	3
riisuuntua	riisuuntuvat	19
riisuuntua	riisuuntuman	0
riisuuntua	riisuuntuen	16
riisuuntua	riisuuntu	13
riisuuntua	riisuuntunut	14
ruoskia	ruoskiman	0
ruoskia	ruoskiisin	1
ruoskia	ruoski	13
ruoskia	ruoskiko	11
ruoskia	ruoskineet	17
ruoskia	ruoskivat	19
ruoskia	ruoski	4
ruoskia	ruoskinut	14
ruoskia	ruoskimaan	7
ruoskia	ruoskiakseen	3
ruoskia	ruoskikaa	5
ruoskia	ruoskiivat	12
ruoskia	ruoskien	16
ruoskia	ruoskin	2
ruoskia	ruoskii	9
ruoskia	ruoskiessaan	6
ruoskia	ruoskikoot	8
ruoskia	ruoskiisi	15
ruoskia	ruoskikoon	10
ruoskia	ruoskiva	18
ruoskia	ruoskia	20
politikoida	politikoiden	16
politikoida	politikoin	2
politikoida	politikoidet	17
politikoida	politikoida	15
politikoida	politikoida	20
politikoida	politikoidan	7
politikoida	politikoida	5
politikoida	politikoidat	8
politikoida	politikoida	9
politikoida	politikoidat	12
politikoida	politikoidat	19
politikoida	politikoidet	6
politikoida	politikoidan	10
politikoida	politikoi	13
politikoida	politikoida	11
politikoida	politikoidat	14
politikoida	politikoidat	1
politikoida	politikoida	18
politikoida	politikoidakseen	3
politikoida	politeioidat	4
politikoida	politikoidan	0
närkästyä	närkästymän	0
närkästyä	närkästyko	11
närkästyä	närkästyen	16
närkästyä	närkästyvä	18
närkästyä	närkästykää	5
närkästyä	närkästyäkseen	3
närkästyä	närkästyi	9
närkästyä	närkästymään	7
närkästyä	närkästyvät	19
närkästyä	närkästy	13
närkästyä	närkästykoot	8
närkästyä	närkästynyt	14
närkästyä	närkästyessään	6
närkästyä	närkästyivät	12
närkästyä	närkästyy	2
närkästyä	närkästyisi	15
närkästyä	närkästyä	20
närkästyä	närkästy	4
närkästyä	närkästyen	10
närkästyä	närkästyneet	17
närkästyä	närkästyy	1
aallota	aallotivat	12
aallota	aallotmaan	7
aallota	aallot	4
aallota	aallotan	2
aallota	aallotva	18
aallota	aallotkoot	8
aallota	aalloti	9
aallota	aallot	0
aallota	aallotvat	19
aallota	aallotneet	17
aallota	aallotessaan	6
aallota	aallotko	11
aallota	aallota	20
aallota	aallotkoon	10
aallota	aallotakseen	3
aallota	aallotisin	1
aallota	aallotisi	15
aallota	aallota	13
aallota	aallotkaa	5
aallota	aalloten	16
aallota	aallotnut	14
nyökyttää	nyökyttäen	16
nyökyttää	nyökyttäessään	6
nyökyttää	nyökyttäkoot	8
nyökyttää	nyökyttäko	11
nyökyttää	nyökyttivät	12
nyökyttää	nyökyttävä	18
nyökyttää	nyökyttäkää	5
nyökyttää	nyökytetään	4
nyökyttää	nyökyt	0
nyökyttää	nyökyttäneet	17
nyökyttää	nyökyttää	20
nyökyttää	nyökytä	13
nyökyttää	nyökytti	9
nyökyttää	nyökytän	2
nyökyttää	nyökyttäy	1
nyökyttää	nyökyttävät	19
nyökyttää	nyökyttänyt	14
nyökyttää	nyökyttääkseen	3
nyökyttää	nyökyttämään	7
nyökyttää	nyökyttäisi	15
nyökyttää	nyökyttäen	10
lemmiskellä	lemmiskellään	6
lemmiskellä	lemmiskelläksen	3
lemmiskellä	lemmiskellä	18
lemmiskellä	lemmiskellän	10
lemmiskellä	lemmiskellä	11
lemmiskellä	lemmiskellät	14
lemmiskellä	lemmiskellä	4
lemmiskellä	lemmiskellään	7
lemmiskellä	lemmiskellä	13
lemmiskellä	lemmiskelläl	17
lemmiskellä	lemmiskellän	0
lemmiskellä	lemmiskellä	20
lemmiskellä	lemmiskellän	16
lemmiskellä	lemmiskellän	2
lemmiskellä	lemmiskellä	15
lemmiskellä	lemmiskellä	9
lemmiskellä	lemmiskellät	12
lemmiskellä	lemmiskellät	19
lemmiskellä	lemmiskellä	5
lemmiskellä	lemmiskellän	1
lemmiskellä	lemmiskellät	8
kieltäytyä	kieltäytyy	2
kieltäytyä	kieltäyty	13
kieltäytyä	kieltäytykää	5
kieltäytyä	kieltäytyy	1
kieltäytyä	kieltäyty	4
kieltäytyä	kieltäytyessään	6
kieltäytyä	kieltäytyko	11
kieltäytyä	kieltäytyivät	12
kieltäytyä	kieltäytyen	16
kieltäytyä	kieltäytyäkseen	3
kieltäytyä	kieltäytymään	7
kieltäytyä	kieltäytymän	0
kieltäytyä	kieltäytyisi	15
kieltäytyä	kieltäytyneet	17
kieltäytyä	kieltäytyen	10
kieltäytyä	kieltäytykoot	8
kieltäytyä	kieltäytynyt	14
kieltäytyä	kieltäytyvät	19
kieltäytyä	kieltäytyi	9
kieltäytyä	kieltäytyvä	18
kieltäytyä	kieltäytyä	20
hämmästellä	hämmästellä	11
hämmästellä	hämmästellä	4
hämmästellä	hämmästellän	10
hämmästellä	hämmästellän	1
hämmästellä	hämmästellät	8
hämmästellä	hämmästellä	9
hämmästellä	hämmästellään	6
hämmästellä	hämmästellät	14
hämmästellä	hämmästellät	12
hämmästellä	hämmästellä	13
hämmästellä	hämmästellä	20
hämmästellä	hämmästellät	17
hämmästellä	hämmästellän	2
hämmästellä	hämmästellä	15
hämmästellä	hämmästelläkseen	3
hämmästellä	hämmästellän	0
hämmästellä	hämmästellä	5
hämmästellä	hämmästellän	16
hämmästellä	hämmästellään	7
hämmästellä	hämmästellät	19
hämmästellä	hämmästellä	18
kerskua	kerskumaan	7
kerskua	kerskunut	14
kerskua	kerskuneet	17
kerskua	kerskuakseen	3
kerskua	kerskukoot	8
kerskua	kerskuva	18
kerskua	kerskuman	0
kerskua	kersku	13
kerskua	kerskuvat	19
kerskua	kerskuko	11
kerskua	kerskuisin	1
kerskua	kerskuen	16
kerskua	kersku	4
kerskua	kerskukaa	5
kerskua	kerskukoon	10
kerskua	kerskui	9
kerskua	kerskuivat	12
kerskua	kerskuu	2
kerskua	kerskuessaan	6
kerskua	kerskuisi	15
kerskua	kerskua	20
lorista	loristavat	19
lorista	loristi	9
lorista	loristanut	14
lorista	loristivat	12
lorista	lorista	20
lorista	loristakoon	10
lorista	loristako	11
lorista	loristan	2
lorista	lorisa	13
lorista	loristaakseen	3
lorista	loristaessaan	6
lorista	loristaman	0
lorista	loristava	18
lorista	loristaneet	17
lorista	loristaisi	15
lorista	loristaisin	1
lorista	loristamaan	7
lorista	lorista	4
lorista	loristaen	16
lorista	loristakoot	8
lorista	loristakaa	5
punoittaa	punoittanut	14
punoittaa	punoittakoot	8
punoittaa	punoittaa	20
punoittaa	punoit	0
punoittaa	punoittaneet	17
punoittaa	punoitan	2
punoittaa	punoittaen	16
punoittaa	punoittivat	12
punoittaa	punoittaakseen	3
punoittaa	punoittaisi	15
punoittaa	punoittaisin	1
punoittaa	punoita	13
punoittaa	punoitti	9
punoittaa	punoittakoon	10
punoittaa	punoittako	11
punoittaa	punoittava	18
punoittaa	punoittavat	19
punoittaa	punoittakaa	5
punoittaa	punoitetaan	4
punoittaa	punoittaessaan	6
punoittaa	punoittamaan	7
miinustaa	miinusta	13
miinustaa	miinustamaan	7
miinustaa	miinusti	9
miinustaa	miinustaen	16
miinustaa	miinustakoon	10
miinustaa	miinustanut	14
miinustaa	miinustaisi	15
miinustaa	miinusan	2
miinustaa	miinustakaa	5
miinustaa	miinustivat	12
miinustaa	miinustaisin	1
miinustaa	miinustava	18
miinustaa	miinustakoot	8
miinustaa	miinustaneet	17
miinustaa	miinustako	11
miinustaa	miinustaa	20
miinustaa	miinustavat	19
miinustaa	miinusta	4
miinustaa	miinustaakseen	3
miinustaa	miinustaessaan	6
miinustaa	miinustaman	0
saattaa	saattaen	16
saattaa	saattaisi	15
saattaa	saattavat	19
saattaa	saattaisin	1
saattaa	saattamaan	7
saattaa	saattaneet	17
saattaa	saatti	9
saattaa	saatetaan	4
saattaa	saattaakseen	3
saattaa	saattanut	14
saattaa	saattakoon	10
saattaa	saat	0
saattaa	saatan	2
saattaa	saattava	18
saattaa	saata	13
saattaa	saattako	11
saattaa	saattaessaan	6
saattaa	saattakoot	8
saattaa	saattaa	20
saattaa	saattakaa	5
saattaa	saattivat	12
jäykentää	jäykentäneet	17
jäykentää	jäykentävät	19
jäykentää	jäykentäkoot	8
jäykentää	jäykentää	20
jäykentää	jäykentäkää	5
jäykentää	jäykentäen	10
jäykentää	jäykenti	9
jäykentää	jäykentän	2
jäykentää	jäykentivät	12
jäykentää	jäykentä	4
jäykentää	jäykentä	13
jäykentää	jäykentänyt	14
jäykentää	jäykentäen	16
jäykentää	jäyken	0
jäykentää	jäykentämään	7
jäykentää	jäykentäko	11
jäykentää	jäykentäessään	6
jäykentää	jäykentääkseen	3
jäykentää	jäykentäy	1
jäykentää	jäykentäisi	15
jäykentää	jäykentävä	18
kunnioittaa	kunnioittaneet	17
kunnioittaa	kunnioittakoot	8
kunnioittaa	kunnioittaessaan	6
kunnioittaa	kunnioittamaan	7
kunnioittaa	kunnioitti	9
kunnioittaa	kunnioittakaa	5
kunnioittaa	kunnioittaisi	15
kunnioittaa	kunnioitan	2
kunnioittaa	kunnioittaen	16
kunnioittaa	kunnioittako	11
kunnioittaa	kunnioittaisin	1
kunnioittaa	kunnioittivat	12
kunnioittaa	kunnioittaakseen	3
kunnioittaa	kunnioittaman	0
kunnioittaa	kunnioittava	18
kunnioittaa	kunnioitetaan	4
kunnioittaa	kunnioittavat	19
kunnioittaa	kunnioittakoon	10
kunnioittaa	kunnioittanut	14
kunnioittaa	kunnioita	13
kunnioittaa	kunnioittaa	20
materialisoitua	materillaistan	2
materialisoitua	materilaisi	15
materialisoitua	materilaisouttivat	12
materialisoitua	materillaistautta	4
materialisoitua	materillaistaman	0
materialisoitua	materilaisouttava	18
materialisoitua	materillaistaa	20
materialisoitua	materillaistakon	10
materialisoitua	materillaista	11
materialisoitua	materilaisin	1
materialisoitua	materillaistaan	7
materialisoitua	materillaistai	9
materialisoitua	materilaisoa	5
materialisoitua	materilaisouttaen	16
materialisoitua	materilaisouttakoot	8
materialisoitua	materillaista	13
materialisoitua	materillaistanet	17
materialisoitua	materillaistaan	6
materialisoitua	materilaisouttavat	19
materialisoitua	materillaistanut	14
materialisoitua	materillaiseen	3
kadottaa	kadottakaa	5
kadottaa	kadottavat	19
kadottaa	kadottaisi	15
kadottaa	kadota	13
kadottaa	kadottaen	16
kadottaa	kadottakoon	10
kadottaa	kadotan	2
kadottaa	kadottava	18
kadottaa	kadottaisin	1
kadottaa	kadottivat	12
kadottaa	kadotti	9
kadottaa	kadottako	11
kadottaa	kadottamaan	7
kadottaa	kadottaa	20
kadottaa	kadottanut	14
kadottaa	kadotetaan	4
kadottaa	kadottaessaan	6
kadottaa	kadottaakseen	3
kadottaa	kadottaneet	17
kadottaa	kadottakoot	8
kadottaa	kadot	0
kvantifioida	kaanti<UNK>oidan	2
kvantifioida	kaanti<UNK>i<UNK>deet	17
kvantifioida	kaanti	4
kvantifioida	kaanti<UNK>ioidut	14
kvantifioida	kaanti<UNK>ioiden	16
kvantifioida	kaanti	13
kvantifioida	kaanti<UNK>ioidan	7
kvantifioida	kaanti<UNK>i<UNK>dudat	8
kvantifioida	kaanti<UNK>ioida	15
kvantifioida	kaanti<UNK>ioidet	6
kvantifioida	kaanti<UNK>ioida	9
kvantifioida	kaanti<UNK>ioivat	12
kvantifioida	kaanti<UNK>i<UNK>d<UNK>	18
kvantifioida	kaanti<UNK>ioidan	10
kvantifioida	kaanti<UNK>ioida	20
kvantifioida	kaanti<UNK>ioidan	1
kvantifioida	kaanti<UNK>ioida	5
kvantifioida	kaanti<UNK>ioidan	3
kvantifioida	kaanti<UNK>i<UNK>du	11
kvantifioida	kaanti<UNK>i<UNK>d<UNK>at	19
kvantifioida	kaanti<UNK>ioidan	0
merkitä	merkitän	2
merkitä	merkitvä	18
merkitä	merkit	0
merkitä	merkity	1
merkitä	merkitivät	12
merkitä	merkitko	11
merkitä	merkiti	9
merkitä	merkitä	20
merkitä	merkitäkseen	3
merkitä	merkitneet	17
merkitä	merkiten	10
merkitä	merkitä	13
merkitä	merkitvät	19
merkitä	merkitessään	6
merkitä	merkiten	16
merkitä	merkitmään	7
merkitä	merkitkoot	8
merkitä	merkitnyt	14
merkitä	merkitkää	5
merkitä	merkit	4
merkitä	merkitisi	15
saksata	saksata	20
saksata	saksaten	16
saksata	saksatva	18
saksata	saksatkoon	10
saksata	saksatvat	19
saksata	saksatneet	17
saksata	saksatakseen	3
saksata	saksatnut	14
saksata	saksa	13
saksata	saksatkoot	8
saksata	saksatisin	1
saksata	saksatko	11
saksata	saksati	9
saksata	saksat	4
saksata	saksatan	2
saksata	saksatisi	15
saksata	saksatessaan	6
saksata	saksativat	12
saksata	saksatkaa	5
saksata	saksat	0
saksata	saksatmaan	7
munia	munikoon	10
munia	muninut	14
munia	munineet	17
munia	munii	9
munia	muni	13
munia	munikaa	5
munia	muniakseen	3
munia	munivat	19
munia	munivat	12
munia	munimaan	7
munia	muniisi	15
munia	muniman	0
munia	muniu	2
munia	muni	4
munia	munikoot	8
munia	munien	16
munia	muniessaan	6
munia	muniva	18
munia	munia	20
munia	muniko	11
munia	munisin	1
passivoida	passivoidaa	5
passivoida	passivoiden	16
passivoida	passivoida	18
passivoida	passivoin	2
passivoida	passivoidan	0
passivoida	passivoidkoon	10
passivoida	passivoidat	19
passivoida	passivoidko	11
passivoida	passivoidisi	15
passivoida	passivoida	20
passivoida	passivoidi	9
passivoida	passivoivat	12
passivoida	passivoiddat	1
passivoida	passivoidaan	7
passivoida	passivoidakseen	3
passivoida	passivoidesaan	6
passivoida	passivoideed	17
passivoida	passivoi	13
passivoida	passivoidadud	14
passivoida	passivoid	4
passivoida	passivoidkoot	8
hyökätä	hyökätvät	19
hyökätä	hyökätivät	12
hyökätä	hyökätäkseen	3
hyökätä	hyökäten	10
hyökätä	hyökäty	1
hyökätä	hyökätä	20
hyökätä	hyökätko	11
hyökätä	hyökäti	9
hyökätä	hyökät	13
hyökätä	hyökät	4
hyökätä	hyökätkää	5
hyökätä	hyökätnyt	14
hyökätä	hyökätmään	7
hyökätä	hyökätkoot	8
hyökätä	hyökätän	2
hyökätä	hyökätmän	0
hyökätä	hyökätessään	6
hyökätä	hyökätvä	18
hyökätä	hyökäten	16
hyökätä	hyökätneet	17
hyökätä	hyökätisi	15
rohtua	rohtuessaan	6
rohtua	rohtuu	2
rohtua	rohtuva	18
rohtua	rohtuakseen	3
rohtua	rohtuneet	17
rohtua	rohtukaa	5
rohtua	rohtunut	14
rohtua	rohtuvat	19
rohtua	rohtui	9
rohtua	rohtu	4
rohtua	rohtukoon	10
rohtua	rohtuen	16
rohtua	rohtuivat	12
rohtua	rohtuko	11
rohtua	rohtuman	0
rohtua	rohtua	20
rohtua	rohtumaan	7
rohtua	rohtu	13
rohtua	rohtukoot	8
rohtua	rohtuisi	15
rohtua	rohtuisin	1
kiinnittää	kiinnitä	13
kiinnittää	kiinnittänyt	14
kiinnittää	kiinnitti	9
kiinnittää	kiinnitän	2
kiinnittää	kiinnittäkoot	8
kiinnittää	kiinnitetään	4
kiinnittää	kiinnittäen	10
kiinnittää	kiinnittää	20
kiinnittää	kiinnittääkseen	3
kiinnittää	kiinnittämän	0
kiinnittää	kiinnittävä	18
kiinnittää	kiinnittäen	16
kiinnittää	kiinnittämään	7
kiinnittää	kiinnittävät	19
kiinnittää	kiinnittäy	1
kiinnittää	kiinnittäessään	6
kiinnittää	kiinnittäko	11
kiinnittää	kiinnittäkää	5
kiinnittää	kiinnittäisi	15
kiinnittää	kiinnittäneet	17
kiinnittää	kiinnittivät	12
juolahtaa mieleen	juolahtakoon	10
juolahtaa mieleen	juolahtako	11
juolahtaa mieleen	juolahtaessaan	6
juolahtaa mieleen	juolahtakoot	8
juolahtaa mieleen	juolahtama	18
juolahtaa mieleen	juolahtivat	12
juolahtaa mieleen	juolahtaisi	15
juolahtaa mieleen	juolahtaen	16
juolahtaa mieleen	juolahtaakseen	3
juolahtaa mieleen	juolahtakaa	5
juolahtaa mieleen	juolahtaa	20
juolahtaa mieleen	juolahta	4
juolahtaa mieleen	juolahtaisin	1
juolahtaa mieleen	juolahtan	2
juolahtaa mieleen	juolahti	9
juolahtaa mieleen	juolahtanut	14
juolahtaa mieleen	juolahtamaan	7
juolahtaa mieleen	juolahta	13
juolahtaa mieleen	juolahtaneet	17
juolahtaa mieleen	juolahtaman	0
juolahtaa mieleen	juolahtavat	19
purjehtia	purjehtiakseen	3
purjehtia	purjehtivat	12
purjehtia	purjehti	13
purjehtia	purjehtiko	11
purjehtia	purjehti	4
purjehtia	purjehtiessaan	6
purjehtia	purjehtiva	18
purjehtia	purjehtien	16
purjehtia	purjehtisi	15
purjehtia	purjehtimaan	7
purjehtia	purjehtin	2
purjehtia	purjehtinut	14
purjehtia	purjehtivat	19
purjehtia	purjehtii	9
purjehtia	purjehtineet	17
purjehtia	purjehtia	20
purjehtia	purjehtikaa	5
purjehtia	purjehtikoon	10
purjehtia	purjehtikoot	8
purjehtia	purjehtiman	0
purjehtia	purjehtisin	1
amputoida	amputi	13
amputoida	amputoiddi	15
amputoida	amputoivat	12
amputoida	amputoidakseen	3
amputoida	amputoida	20
amputoida	amputoin	2
amputoida	amputoidkoon	10
amputoida	amputoidneet	17
amputoida	amputoidisin	1
amputoida	amputoidkoot	8
amputoida	amputoidmaan	7
amputoida	amputoiva	18
amputoida	amputoii	9
amputoida	amputoivat	19
amputoida	amputoiden	16
amputoida	amputoidan	0
amputoida	amputoidessaan	6
amputoida	amputoidut	14
amputoida	amputoi	4
amputoida	amputoidko	11
amputoida	amputoidkaa	5
sairastaa	sairastavat	19
sairastaa	sairastaessaan	6
sairastaa	sairastaen	16
sairastaa	sairastaisin	1
sairastaa	sairastaisi	15
sairastaa	sairastava	18
sairastaa	sairastaa	20
sairastaa	sairasta	4
sairastaa	sairastivat	12
sairastaa	sairasan	2
sairastaa	sairastakoon	10
sairastaa	sairastako	11
sairastaa	sairastakaa	5
sairastaa	sairastaakseen	3
sairastaa	sairasti	9
sairastaa	sairastaneet	17
sairastaa	sairastakoot	8
sairastaa	sairas	0
sairastaa	sairastamaan	7
sairastaa	sairastanut	14
sairastaa	sairasa	13
lauleskella	lauleskella	18
lauleskella	lauleskellat	12
lauleskella	lauleskellan	0
lauleskella	lauleskellakseen	3
lauleskella	lauleskella	5
lauleskella	lauleskellat	8
lauleskella	lauleskellan	2
lauleskella	lauleskellaan	7
lauleskella	lauleskellakon	10
lauleskella	lauleskella	15
lauleskella	lauleskellanut	14
lauleskella	lauleskella	20
lauleskella	lauleskellal	17
lauleskella	lauleskellat	19
lauleskella	lauleskella	9
lauleskella	lauleskella	13
lauleskella	lauleskellan	1
lauleskella	lauleskella	11
lauleskella	lauleskellan	4
lauleskella	lauleskellaan	6
lauleskella	lauleskellan	16
menehtyä	menehtyvä	18
menehtyä	menehtyä	20
menehtyä	menehtyko	11
menehtyä	menehtyisi	15
menehtyä	menehtyen	10
menehtyä	menehtyäkseen	3
menehtyä	menehtyneet	17
menehtyä	menehtynyt	14
menehtyä	menehtyivät	12
menehtyä	menehtyy	1
menehtyä	menehtymän	0
menehtyä	menehtyessään	6
menehtyä	menehtyi	9
menehtyä	menehtyen	16
menehtyä	menehtyy	2
menehtyä	menehtykää	5
menehtyä	menehtykoot	8
menehtyä	menehtyvät	19
menehtyä	menehty	4
menehtyä	menehty	13
menehtyä	menehtymään	7
lanata	lanat	0
lanata	lanatko	11
lanata	lanatisi	15
lanata	lanatessaan	6
lanata	lanativat	12
lanata	lanat	4
lanata	lanata	13
lanata	lanatkoon	10
lanata	lanatvat	19
lanata	lanatva	18
lanata	lanatkoot	8
lanata	lanatisin	1
lanata	lanatakseen	3
lanata	lanata	20
lanata	lanatan	2
lanata	lanaten	16
lanata	lanati	9
lanata	lanatnut	14
lanata	lanatneet	17
lanata	lanatmaan	7
lanata	lanatkaa	5
piiloutua	piiloutuivat	12
piiloutua	piiloutukaa	5
piiloutua	piiloutukoon	10
piiloutua	piiloutua	20
piiloutua	piiloutu	13
piiloutua	piiloutukoot	8
piiloutua	piiloutu	4
piiloutua	piiloutuneet	17
piiloutua	piiloutuvat	19
piiloutua	piiloutuu	2
piiloutua	piiloutuko	11
piiloutua	piiloutuva	18
piiloutua	piiloutuisin	1
piiloutua	piiloutunut	14
piiloutua	piiloutumaan	7
piiloutua	piiloutuessaan	6
piiloutua	piiloutuman	0
piiloutua	piiloutuakseen	3
piiloutua	piiloutuisi	15
piiloutua	piiloutuen	16
piiloutua	piiloutui	9
karhentua	karhentuu	2
karhentua	karhentunut	14
karhentua	karhentui	9
karhentua	karhentuessaan	6
karhentua	karhentuva	18
karhentua	karhentua	20
karhentua	karhentuman	0
karhentua	karhentuivat	12
karhentua	karhentuisin	1
karhentua	karhentu	4
karhentua	karhentuakseen	3
karhentua	karhentuisi	15
karhentua	karhentu	13
karhentua	karhentumaan	7
karhentua	karhentuvat	19
karhentua	karhentukaa	5
karhentua	karhentukoon	10
karhentua	karhentukoot	8
karhentua	karhentuneet	17
karhentua	karhentuen	16
karhentua	karhentuko	11
periä	perimän	0
periä	periy	1
periä	perien	10
periä	periessään	6
periä	peri	13
periä	periäkseen	3
periä	perivä	18
periä	perii	9
periä	perin	2
periä	peri	4
periä	perinyt	14
periä	periko	11
periä	perikoot	8
periä	perimään	7
periä	periisi	15
periä	perikää	5
periä	perineet	17
periä	periä	20
periä	perien	16
periä	perivät	12
periä	perivät	19
printata	printatkaa	5
printata	printatkoon	10
printata	printatnut	14
printata	printatkoot	8
printata	printatneet	17
printata	printativat	12
printata	printat	0
printata	printata	20
printata	printatisin	1
printata	printatisi	15
printata	printatmaan	7
printata	printati	9
printata	printatakseen	3
printata	printatko	11
printata	printat	4
printata	printaten	16
printata	printatva	18
printata	printatessaan	6
printata	printan	2
printata	printa	13
printata	printatvat	19
harjoittaa	harjoittaen	16
harjoittaa	harjoittaa	20
harjoittaa	harjoitti	9
harjoittaa	harjoittakoon	10
harjoittaa	harjoittaessaan	6
harjoittaa	harjoittaisin	1
harjoittaa	harjoittakaa	5
harjoittaa	harjoittavat	19
harjoittaa	harjoittaisi	15
harjoittaa	harjoitetaan	4
harjoittaa	harjoittaneet	17
harjoittaa	harjoittanut	14
harjoittaa	harjoitan	2
harjoittaa	harjoittivat	12
harjoittaa	harjoit	0
harjoittaa	harjoittako	11
harjoittaa	harjoittamaan	7
harjoittaa	harjoita	13
harjoittaa	harjoittaakseen	3
harjoittaa	harjoittava	18
harjoittaa	harjoittakoot	8
piilottaa	piilota	13
piilottaa	piilot	0
piilottaa	piilottaisin	1
piilottaa	piilottakaa	5
piilottaa	piilottaen	16
piilottaa	piilotetaan	4
piilottaa	piilotan	2
piilottaa	piilottanut	14
piilottaa	piilottamaan	7
piilottaa	piilottaakseen	3
piilottaa	piilottava	18
piilottaa	piilottaneet	17
piilottaa	piilottakoot	8
piilottaa	piilottakoon	10
piilottaa	piilottivat	12
piilottaa	piilottaa	20
piilottaa	piilottaisi	15
piilottaa	piilottavat	19
piilottaa	piilottaessaan	6
piilottaa	piilottako	11
piilottaa	piilotti	9
hiiskua	hiiskua	20
hiiskua	hiisku	4
hiiskua	hiiskuen	16
hiiskua	hiiskuneet	17
hiiskua	hiiskumaan	7
hiiskua	hiiskuakseen	3
hiiskua	hiiskuu	2
hiiskua	hiiskukaa	5
hiiskua	hiisku	13
hiiskua	hiiskuisin	1
hiiskua	hiiskuva	18
hiiskua	hiiskuvat	19
hiiskua	hiiskui	9
hiiskua	hiiskuman	0
hiiskua	hiiskuivat	12
hiiskua	hiiskuisi	15
hiiskua	hiiskunut	14
hiiskua	hiiskukoon	10
hiiskua	hiiskukoot	8
hiiskua	hiiskuko	11
hiiskua	hiiskuessaan	6
laillistuttaa	laillistuttaisi	15
laillistuttaa	laillistuta	13
laillistuttaa	laillistuttaa	20
laillistuttaa	laillistuttaisin	1
laillistuttaa	laillistutuakseeeeen	3
laillistuttaa	laillistuttamaan	7
laillistuttaa	laillistuttakoon	10
laillistuttaa	laillistuttakaa	5
laillistuttaa	laillistuttako	11
laillistuttaa	laillistutu	4
laillistuttaa	laillistuttakoot	8
laillistuttaa	laillistut	0
laillistuttaa	laillistuttanut	14
laillistuttaa	laillistutuessaan	6
laillistuttaa	laillistuttavat	19
laillistuttaa	laillistutti	9
laillistuttaa	laillistuttaneet	17
laillistuttaa	laillistuttivat	12
laillistuttaa	laillistuttaen	16
laillistuttaa	laillistutan	2
laillistuttaa	laillistuttava	18
saastua	saastua	20
saastua	saastuko	11
saastua	saastuisi	15
saastua	saastukoon	10
saastua	saastuivat	12
saastua	saastuu	2
saastua	saastuman	0
saastua	saastuisin	1
saastua	saastunut	14
saastua	saastuakseen	3
saastua	saastumaan	7
saastua	saastukoot	8
saastua	saastu	4
saastua	saastuneet	17
saastua	saastuessaan	6
saastua	saastu	13
saastua	saastuva	18
saastua	saastuvat	19
saastua	saastui	9
saastua	saastuen	16
saastua	saastukaa	5
kaapeloida	kaapeloiddat	19
kaapeloida	kaapeloiddad	14
kaapeloida	kaapeloida	20
kaapeloida	kaapeloidkoon	10
kaapeloida	kaapeloidda	15
kaapeloida	kaapeloivat	12
kaapeloida	kaapeloin	2
kaapeloida	kaapeloidda	4
kaapeloida	kaapeloidi	9
kaapeloida	kaapeloidan	0
kaapeloida	kaapeloiddet	17
kaapeloida	kaapeloiddat	1
kaapeloida	kaapeloiddan	7
kaapeloida	kaapeloidko	11
kaapeloida	kaapeloidda	18
kaapeloida	kaapeloidakseen	3
kaapeloida	kaapeloidkoot	8
kaapeloida	kaapeloiden	16
kaapeloida	kaapeloida	13
kaapeloida	kaapeloidesaan	6
kaapeloida	kaapeloidda	5
saarnata	saarnat	0
saarnata	saarnatkaa	5
saarnata	saarnatneet	17
saarnata	saarnatessaan	6
saarnata	saarnat	4
saarnata	saarnativat	12
saarnata	saarnata	20
saarnata	saarnatva	18
saarnata	saarnatisi	15
saarnata	saarnatko	11
saarnata	saarnatkoot	8
saarnata	saarnati	9
saarnata	saarnatakseen	3
saarnata	saarnatnut	14
saarnata	saarnatan	2
saarnata	saarnatvat	19
saarnata	saarnatkoon	10
saarnata	saarnatisin	1
saarnata	saarnatmaan	7
saarnata	saarnaten	16
saarnata	saarnata	13
aktiivistua	aktiivistako	11
aktiivistua	aktiivistaisi	15
aktiivistua	aktiivistaisin	1
aktiivistua	aktiivistavat	19
aktiivistua	aktiivistaneet	17
aktiivistua	aktiivistaa	20
aktiivistua	aktiivistaut	3
aktiivistua	aktiivistakaa	5
aktiivistua	aktiivistamaan	7
aktiivistua	aktiivista	4
aktiivistua	aktiivistaman	0
aktiivistua	akiivisti	13
aktiivistua	aktiivistakoon	10
aktiivistua	aktiivistaessaan	6
aktiivistua	aktivistuivat	12
aktiivistua	aktiivistui	9
aktiivistua	aktiivistakoot	8
aktiivistua	aktiivistava	18
aktiivistua	aktiivistaen	16
aktiivistua	aktiivistanut	14
aktiivistua	aktiivistuu	2
juoda	juodkoot	8
juoda	juodu	2
juoda	juodakseen	3
juoda	juodkaa	5
juoda	juodneet	17
juoda	juodisin	1
juoda	juoden	16
juoda	juodivat	12
juoda	juodisi	15
juoda	juod	4
juoda	juodan	0
juoda	juodmaan	7
juoda	juod	13
juoda	juodvat	19
juoda	juodko	11
juoda	juodessaan	6
juoda	juodkoon	10
juoda	juodi	9
juoda	juodnut	14
juoda	juoda	20
juoda	juodva	18
huoahtaa	huoahtaisi	15
huoahtaa	huoahti	9
huoahtaa	huoahtaa	20
huoahtaa	huoahtan	2
huoahtaa	huoahtaessaan	6
huoahtaa	huoahta	4
huoahtaa	huoahtaisin	1
huoahtaa	huoahtakaa	5
huoahtaa	huoahtivat	12
huoahtaa	huoahtavat	19
huoahtaa	huoahtava	18
huoahtaa	huoahtako	11
huoahtaa	huoahtaneet	17
huoahtaa	huoahtanut	14
huoahtaa	huoahtaen	16
huoahtaa	huoaha	13
huoahtaa	huoahtamaan	7
huoahtaa	huoah	0
huoahtaa	huoahtakoot	8
huoahtaa	huoahtakoon	10
huoahtaa	huoahtaakseen	3
kulkea	kulkeu	2
kulkea	kulkeva	18
kulkea	kulkeessaan	6
kulkea	kulkekaa	5
kulkea	kulkeisi	15
kulkea	kulke	4
kulkea	kulke	13
kulkea	kulkeakseen	3
kulkea	kulkevat	19
kulkea	kulkeko	11
kulkea	kulkekoon	10
kulkea	kulkei	9
kulkea	kulkemaan	7
kulkea	kulkeman	0
kulkea	kulkeneet	17
kulkea	kulkeen	16
kulkea	kulkekoot	8
kulkea	kulkea	20
kulkea	kulkeivat	12
kulkea	kulkeisin	1
kulkea	kulkenut	14
politisoida	politisoiva	18
politisoida	politisoida	9
politisoida	politisoin	2
politisoida	politisoidan	4
politisoida	politisoi	13
politisoida	politisoidko	11
politisoida	politisoidat	19
politisoida	politisoidat	8
politisoida	politisoidkoon	10
politisoida	politisoiden	16
politisoida	politisoidat	12
politisoida	politisoidessaan	6
politisoida	politisoidan	0
politisoida	politisoisin	1
politisoida	politisoidan	7
politisoida	politisoida	5
politisoida	politisoisi	15
politisoida	politisoidet	17
politisoida	politisoida	20
politisoida	politisoidut	14
politisoida	politisoidakseen	3
sitoa	sitoessaan	6
sitoa	sitoi	9
sitoa	sitoko	11
sitoa	sitova	18
sitoa	sitoisin	1
sitoa	sitoneet	17
sitoa	sitokoot	8
sitoa	sitonut	14
sitoa	sito	4
sitoa	sitoen	16
sitoa	sitou	2
sitoa	sia	13
sitoa	sitoman	0
sitoa	sitokoon	10
sitoa	sitokaa	5
sitoa	sitoisi	15
sitoa	sitoa	20
sitoa	sitoakseen	3
sitoa	sitovat	19
sitoa	sitoivat	12
sitoa	sitomaan	7
paperoida	paperoidessaan	6
paperoida	paperoidisi	15
paperoida	paperoivat	19
paperoida	paperoidkoot	8
paperoida	paperoidko	11
paperoida	paperoidisin	1
paperoida	paperoidakseen	3
paperoida	paperoiden	16
paperoida	paperoidneed	17
paperoida	paperoidnut	14
paperoida	paperoidan	2
paperoida	paperoiva	18
paperoida	paperoid	4
paperoida	paperoida	9
paperoida	paperoid	0
paperoida	paperoi	13
paperoida	paperoidmaan	7
paperoida	paperoidkaa	5
paperoida	paperoidkoon	10
paperoida	paperoivat	12
paperoida	paperoida	20
pysyä	pysyäkseen	3
pysyä	pysyvät	19
pysyä	pysyessään	6
pysyä	pysyko	11
pysyä	pysyy	1
pysyä	pysyisi	15
pysyä	pysyi	9
pysyä	pysyen	10
pysyä	pysyen	16
pysyä	pysyneet	17
pysyä	pysyivät	12
pysyä	pysyvä	18
pysyä	pysy	13
pysyä	pysymään	7
pysyä	pysynyt	14
pysyä	pysymän	0
pysyä	pysykoot	8
pysyä	pysy	4
pysyä	pysyy	2
pysyä	pysykää	5
pysyä	pysyä	20
prässäyttää	päässäyttäisi	15
prässäyttää	päässäytä	13
prässäyttää	päässäyttävä	18
prässäyttää	päässäytti	9
prässäyttää	päässäyttänyt	14
prässäyttää	päässäyttäkää	5
prässäyttää	päässäyttäko	11
prässäyttää	päässäyttä	4
prässäyttää	päässäyttivät	12
prässäyttää	päässäytän	2
prässäyttää	päässäyttäneet	17
prässäyttää	päässäyttääkseen	3
prässäyttää	päässäyt	0
prässäyttää	päässäyttämään	7
prässäyttää	päässäyttävät	19
prässäyttää	päässäyttäen	16
prässäyttää	päässäyttäessään	6
prässäyttää	päässäyttää	20
prässäyttää	päässäyttäy	1
prässäyttää	päässäyttäen	10
prässäyttää	päässäyttäkoot	8
katsahtaa	katsahtavat	19
katsahtaa	katsahtaakseen	3
katsahtaa	katsahtako	11
katsahtaa	katsahtivat	12
katsahtaa	katsahtava	18
katsahtaa	katsahtaa	20
katsahtaa	katsahtanut	14
katsahtaa	katsahti	9
katsahtaa	katsahta	4
katsahtaa	katsahtaneet	17
katsahtaa	katsahtaisi	15
katsahtaa	katsaha	13
katsahtaa	katsahtaessaan	6
katsahtaa	katsahtaisin	1
katsahtaa	katsahtakoon	10
katsahtaa	katsahan	2
katsahtaa	katsahtakaa	5
katsahtaa	katsah	0
katsahtaa	katsahtakoot	8
katsahtaa	katsahtamaan	7
katsahtaa	katsahtaen	16
jykertää	jykertäisi	15
jykertää	jykertäneet	17
jykertää	jykertäkoot	8
jykertää	jykertääkseen	3
jykertää	jykertivät	12
jykertää	jykerä	13
jykertää	jykertäen	10
jykertää	jykertää	20
jykertää	jykertävä	18
jykertää	jykertäessään	6
jykertää	jykertäko	11
jykertää	jykerti	9
jykertää	jykertä	4
jykertää	jykertäen	16
jykertää	jykertänyt	14
jykertää	jykertävät	19
jykertää	jykertäy	1
jykertää	jykertämään	7
jykertää	jykerän	2
jykertää	jykertämän	0
jykertää	jykertäkää	5
inhottaa	inhota	13
inhottaa	inhot	0
inhottaa	inhottanut	14
inhottaa	inhottakoon	10
inhottaa	inhottaa	20
inhottaa	inhottaneet	17
inhottaa	inhottavat	19
inhottaa	inhotti	9
inhottaa	inhottaen	16
inhottaa	inhottaessaan	6
inhottaa	inhottamaan	7
inhottaa	inhottava	18
inhottaa	inhotetaan	4
inhottaa	inhotan	2
inhottaa	inhottaakseen	3
inhottaa	inhottivat	12
inhottaa	inhottakaa	5
inhottaa	inhottaisi	15
inhottaa	inhottaisin	1
inhottaa	inhottako	11
inhottaa	inhottakoot	8
nakutella	nakutellat	12
nakutella	nakutella	13
nakutella	nakutellako	11
nakutella	nakutellat	8
nakutella	nakutellamaan	7
nakutella	nakutellakseen	3
nakutella	nakutellat	14
nakutella	nakutella	18
nakutella	nakutellan	1
nakutella	nakutellat	19
nakutella	nakutellaessaan	6
nakutella	nakutelli	9
nakutella	nakutellakoon	10
nakutella	nakutella	5
nakutella	nakutellan	0
nakutella	nakutellaneet	17
nakutella	nakutellan	2
nakutella	nakutellan	4
nakutella	nakutellan	16
nakutella	nakutella	15
nakutella	nakutella	20
hapattaa	hapattaakseen	3
hapattaa	hapat	0
hapattaa	hapattakoot	8
hapattaa	hapata	13
hapattaa	hapattaessaan	6
hapattaa	hapattanut	14
hapattaa	hapatetaan	4
hapattaa	hapattakaa	5
hapattaa	hapattaa	20
hapattaa	hapatan	2
hapattaa	hapattaneet	17
hapattaa	hapattavat	19
hapattaa	hapattava	18
hapattaa	hapattaisi	15
hapattaa	hapattako	11
hapattaa	hapattamaan	7
hapattaa	hapattaen	16
hapattaa	hapattakoon	10
hapattaa	hapattaisin	1
hapattaa	hapatti	9
hapattaa	hapattivat	12
saksia	saksiessaan	6
saksia	saksiko	11
saksia	saksikaa	5
saksia	saksii	9
saksia	saksimaan	7
saksia	saksinut	14
saksia	saksivat	19
saksia	saksi	13
saksia	saksikoot	8
saksia	saksikoon	10
saksia	saksi	4
saksia	saksiisi	15
saksia	saksia	20
saksia	saksiakseen	3
saksia	saksivat	12
saksia	saksiva	18
saksia	saksiman	0
saksia	saksien	16
saksia	saksineet	17
saksia	saksiisin	1
saksia	saksiu	2
puhkaista	puhkaistaisi	15
puhkaista	puhkaistaen	16
puhkaista	puhkaista	20
puhkaista	puhkaistako	11
puhkaista	puhkaistaisin	1
puhkaista	puhkaistakseen	3
puhkaista	puhkaistavat	19
puhkaista	puhkaista	4
puhkaista	puhkaisti	9
puhkaista	puhkaistamaan	7
puhkaista	puhkais	0
puhkaista	puhkaistava	18
puhkaista	puhkaisa	13
puhkaista	puhkaistivat	12
puhkaista	puhkaistaneet	17
puhkaista	puhkaistakoon	10
puhkaista	puhkaisan	2
puhkaista	puhkaistakoot	8
puhkaista	puhkaistaessaan	6
puhkaista	puhkaistanut	14
puhkaista	puhkaistakaa	5
harottaa	harottakoot	8
harottaa	harottakaa	5
harottaa	harottaessaan	6
harottaa	harottaa	20
harottaa	harot	0
harottaa	harotetaan	4
harottaa	harottivat	12
harottaa	harotan	2
harottaa	harottaen	16
harottaa	harotti	9
harottaa	harottako	11
harottaa	harota	13
harottaa	harottaisi	15
harottaa	harottavat	19
harottaa	harottaneet	17
harottaa	harottamaan	7
harottaa	harottaakseen	3
harottaa	harottava	18
harottaa	harottakoon	10
harottaa	harottaisin	1
harottaa	harottanut	14
lausua	lausuneet	17
lausua	lausuisin	1
lausua	lausuvat	19
lausua	lausu	13
lausua	lausu	4
lausua	lausuessaan	6
lausua	lausuisi	15
lausua	lausuva	18
lausua	lausukoon	10
lausua	lausua	20
lausua	lausuman	0
lausua	lausuivat	12
lausua	lausuko	11
lausua	lausuu	2
lausua	lausumaan	7
lausua	lausukaa	5
lausua	lausukoot	8
lausua	lausuakseen	3
lausua	lausuen	16
lausua	lausunut	14
lausua	lausui	9
huumaantua	huumaantuen	16
huumaantua	huumaantu	4
huumaantua	huumaantuu	2
huumaantua	huumaantuessaan	6
huumaantua	huumaantu	13
huumaantua	huumaantuva	18
huumaantua	huumaantuvat	19
huumaantua	huumaantuman	0
huumaantua	huumaantuneet	17
huumaantua	huumaantuisi	15
huumaantua	huumaantuisin	1
huumaantua	huumaantukoot	8
huumaantua	huumaantukoon	10
huumaantua	huumaantuakseen	3
huumaantua	huumaantui	9
huumaantua	huumaantuivat	12
huumaantua	huumaantumaan	7
huumaantua	huumaantua	20
huumaantua	huumaantuko	11
huumaantua	huumaantunut	14
huumaantua	huumaantukaa	5
säästää	säästi	9
säästää	säästäko	11
säästää	sääsä	13
säästää	säästäkää	5
säästää	säästämään	7
säästää	säästäisi	15
säästää	säästäkoot	8
säästää	säästäen	16
säästää	sääsän	2
säästää	säästänyt	14
säästää	säästäy	1
säästää	säästäessään	6
säästää	säästävä	18
säästää	säästäen	10
säästää	säästä	4
säästää	säästäneet	17
säästää	sääs	0
säästää	säästääkseen	3
säästää	säästivät	12
säästää	säästävät	19
säästää	säästää	20
fudata	<UNK>auttanut	14
fudata	<UNK>auttaisin	1
fudata	<UNK>udati	9
fudata	<UNK>auttaen	16
fudata	<UNK>auttaneet	17
fudata	<UNK>auttamaan	7
fudata	<UNK>tuttivat	12
fudata	u<UNK>dat	4
fudata	<UNK>auttako	11
fudata	<UNK>auttakoot	8
fudata	<UNK>auttaakseen	3
fudata	<UNK>auttaa	20
fudata	<UNK>aut	0
fudata	u<UNK>atan	2
fudata	<UNK>auttakoon	10
fudata	<UNK>auttava	18
fudata	<UNK>auttavat	19
fudata	<UNK>auttakaa	5
fudata	<UNK>auta	13
fudata	<UNK>auttaisi	15
fudata	<UNK>auttaessaan	6
