nähren	genährt	2
nähren	nähret	1
nähren	nährest	0
nähren	nährte	5
nähren	nährt	7
nähren	nähre	6
nähren	vernähren	3
nähren	nährten	4
nähren	nähren	8
replizieren	repliziert	7
replizieren	replizieret	1
replizieren	verrepzieren	3
replizieren	gerepliert	2
replizieren	replizierten	4
replizieren	replizierest	0
replizieren	replizierte	5
replizieren	replizieren	8
replizieren	repliziere	6
brüten	brütete	5
brüten	brütt	7
brüten	brütest	0
brüten	brüten	8
brüten	brüt	2
brüten	brütet	1
brüten	verbrüten	3
brüten	brüte	6
brüten	brüteten	4
kampieren	kampiert	7
kampieren	kampierest	0
kampieren	kampieren	8
kampieren	verkampieren	3
kampieren	kampieret	1
kampieren	kampier	2
kampieren	kampierte	5
kampieren	kampiere	6
kampieren	kampierten	4
wegwerfen	gewegwerft	2
wegwerfen	wegwerften	4
wegwerfen	wegwerfen	8
wegwerfen	wegwerft	7
wegwerfen	wegwerfe	6
wegwerfen	wegwerfet	1
wegwerfen	wegwerfest	0
wegwerfen	verwegwerfen	3
wegwerfen	wegwerfte	5
betanken	betankt	7
betanken	betank	2
betanken	verbetanken	3
betanken	betankte	5
betanken	betankten	4
betanken	betanke	6
betanken	betanken	8
betanken	betanket	1
betanken	betankest	0
versenken	versenkt	7
versenken	versenken	8
versenken	versenkest	0
versenken	versenke	6
versenken	senken	3
versenken	versenk	2
versenken	versenkte	5
versenken	versenkten	4
versenken	versenket	1
aufregen	aufregten	4
aufregen	aufregte	5
aufregen	aufrege	6
aufregen	aufregen	8
aufregen	aufreg	2
aufregen	aufreget	1
aufregen	veraufregen	3
aufregen	aufregt	7
aufregen	aufregest	0
streichen	streichet	1
streichen	streicht	7
streichen	streichte	5
streichen	verstreichen	3
streichen	streichen	8
streichen	streichten	4
streichen	streiche	6
streichen	streich	2
streichen	streichest	0
überschwemmen	überschwemmte	5
überschwemmen	überschwemmten	4
überschwemmen	verüberschwem	3
überschwemmen	überschwem	2
überschwemmen	überschwemmet	1
überschwemmen	überschwemmt	7
überschwemmen	überschwemme	6
überschwemmen	überschwemmest	0
überschwemmen	überschwemmen	8
bedenken	bedenket	1
bedenken	bedenkt	7
bedenken	bedenken	8
bedenken	verbedenken	3
bedenken	bedenkte	5
bedenken	bedenkten	4
bedenken	bedenkest	0
bedenken	bedenke	6
bedenken	gebedenkt	2
erstürmen	stürmen	3
erstürmen	erstürmen	8
erstürmen	erstürme	6
erstürmen	erstürmte	5
erstürmen	stürmt	1
erstürmen	erstürmt	7
erstürmen	stürmte	0
erstürmen	stürme	2
erstürmen	erstürmten	4
wehen	verwehen	3
wehen	wehte	5
wehen	wehen	8
wehen	weh	2
wehen	wehet	1
wehen	weht	7
wehen	wehe	6
wehen	wehten	4
wehen	wehest	0
kanalisieren	kanalisierten	4
kanalisieren	kanalisiert	1
kanalisieren	kanalisier	2
kanalisieren	kanalisierte	5
kanalisieren	kanalisiere	6
kanalisieren	kanalisieren	8
kanalisieren	kanalisiert	7
kanalisieren	verkanaleren	3
kanalisieren	kanalisierest	0
erwachen	wacht	1
erwachen	erwache	6
erwachen	erwacht	7
erwachen	wachen	3
erwachen	wache	2
erwachen	erwachte	5
erwachen	erwachten	4
erwachen	wachte	0
erwachen	erwachen	8
fauchen	verfauchen	3
fauchen	gefaucht	2
fauchen	fauchet	1
fauchen	fauche	6
fauchen	fauchest	0
fauchen	fauchen	8
fauchen	fauchten	4
fauchen	faucht	7
fauchen	fauchte	5
versinken	versinkt	7
versinken	versinken	8
versinken	versink	2
versinken	versinkten	4
versinken	versinkest	0
versinken	versinket	1
versinken	sinken	3
versinken	versinkte	5
versinken	versinke	6
kneifen	kneif	2
kneifen	kneife	6
kneifen	kneifen	8
kneifen	kneifest	0
kneifen	kneifte	5
kneifen	kneift	7
kneifen	verkneifen	3
kneifen	kneifet	1
kneifen	kneiften	4
ekeln	geekelt	2
ekeln	ekelt	7
ekeln	ekelten	4
ekeln	verekeln	3
ekeln	ekel	6
ekeln	ekelt	1
ekeln	ekeln	8
ekeln	ekelst	0
ekeln	ekelte	5
vermitteln	vermittelst	0
vermitteln	vermittelt	2
vermitteln	vermittelten	4
vermitteln	vermittelte	5
vermitteln	mittel	6
vermitteln	vermittelt	7
vermitteln	mitteln	3
vermitteln	vermittelt	1
vermitteln	vermitteln	8
würzen	verwürzen	3
würzen	würzt	7
würzen	würze	6
würzen	würzte	5
würzen	würzten	4
würzen	würzest	0
würzen	würzet	1
würzen	würzen	8
würzen	gewürzt	2
kollabieren	kollabier	2
kollabieren	verkollabien	3
kollabieren	kollabiert	7
kollabieren	kollabiere	6
kollabieren	kollabieret	1
kollabieren	kollabierten	4
kollabieren	kollabierte	5
kollabieren	kollabieren	8
kollabieren	kollabierest	0
bereiten	bereitest	0
bereiten	bereiteten	4
bereiten	bereitet	7
bereiten	bereite	6
bereiten	bereitet	1
bereiten	bereitete	5
bereiten	verbereiten	3
bereiten	bereit	2
bereiten	bereiten	8
grenzen	grenzt	7
grenzen	grenzest	0
grenzen	vergrenzen	3
grenzen	grenzten	4
grenzen	grenzet	1
grenzen	grenzte	5
grenzen	grenzen	8
grenzen	grenze	6
grenzen	grenz	2
zischen	zischen	8
zischen	zischten	4
zischen	verzischen	3
zischen	zischte	5
zischen	zischet	1
zischen	zisch	2
zischen	zischest	0
zischen	zischt	7
zischen	zische	6
streiken	streiket	1
streiken	streikte	5
streiken	verstreiken	3
streiken	streike	6
streiken	streiken	8
streiken	streikest	0
streiken	streikten	4
streiken	gestreikt	2
streiken	streikt	7
erlangen	langte	0
erlangen	lange	2
erlangen	erlangt	7
erlangen	erlange	6
erlangen	langen	3
erlangen	erlangte	5
erlangen	erlangen	8
erlangen	langt	1
erlangen	erlangten	4
verfassen	fassen	3
verfassen	fasse	6
verfassen	verfassen	8
verfassen	verfassten	4
verfassen	verfass	2
verfassen	verfasst	7
verfassen	verfassest	0
verfassen	verfasste	5
verfassen	verfasset	1
bestätigen	bestätig	2
bestätigen	bestätige	6
bestätigen	bestätigest	0
bestätigen	bestätiget	1
bestätigen	bestätigt	7
bestätigen	bestätigte	5
bestätigen	bestätigen	8
bestätigen	verbestätigen	3
bestätigen	bestätigten	4
terrorisieren	terrorisieren	8
terrorisieren	terrorsiert	1
terrorisieren	terrorisiere	6
terrorisieren	terrorsiert	7
terrorisieren	terrorsierest	0
terrorisieren	terrorsierte	5
terrorisieren	verterroren	3
terrorisieren	terrorsierten	4
terrorisieren	terrorsier	2
prüfen	geprüft	2
prüfen	prüfet	1
prüfen	verprüfen	3
prüfen	prüfe	6
prüfen	prüft	7
prüfen	prüften	4
prüfen	prüfest	0
prüfen	prüfte	5
prüfen	prüfen	8
frappieren	frappiere	6
frappieren	frappierest	0
frappieren	frappiert	7
frappieren	frappierten	4
frappieren	verfrapieren	3
frappieren	frappier	2
frappieren	frappieren	8
frappieren	frappieret	1
frappieren	frappierte	5
sorgen	sorgt	7
sorgen	sorgten	4
sorgen	gesorgt	2
sorgen	sorget	1
sorgen	sorgte	5
sorgen	sorgen	8
sorgen	versorgen	3
sorgen	sorgest	0
sorgen	sorge	6
verscheißern	scheißen	3
verscheißern	verscheißen	8
verscheißern	verscheißt	7
verscheißern	verscheißest	0
verscheißern	scheiße	6
verscheißern	verscheißet	1
verscheißern	verscheiß	2
verscheißern	verscheißte	5
verscheißern	verscheißten	4
sinken	sinken	8
sinken	sinket	1
sinken	sinkten	4
sinken	sinkt	7
sinken	gesinkt	2
sinken	versinken	3
sinken	sinke	6
sinken	sinkte	5
sinken	sinkest	0
ausmustern	ausmustern	8
ausmustern	ausmustert	1
ausmustern	ausmustert	2
ausmustern	ausmusterte	5
ausmustern	ausmuster	6
ausmustern	verausmustern	3
ausmustern	ausmusterten	4
ausmustern	ausmustert	7
ausmustern	ausmusterst	0
wälzen	wälzte	5
wälzen	wälze	6
wälzen	wälzten	4
wälzen	gewälzt	2
wälzen	verwälzen	3
wälzen	wälzet	1
wälzen	wälzen	8
wälzen	wälzest	0
wälzen	wälzt	7
scannen	verscannen	3
scannen	scannen	8
scannen	scannest	0
scannen	scanne	6
scannen	scannet	1
scannen	scannten	4
scannen	scannte	5
scannen	scann	2
scannen	scannt	7
mitteilen	mitteilen	8
mitteilen	vermitteilen	3
mitteilen	mitteilten	4
mitteilen	mitteilet	1
mitteilen	mitteilt	7
mitteilen	mitteil	2
mitteilen	mitteilte	5
mitteilen	mitteilest	0
mitteilen	mitteile	6
verzweigen	verzweig	2
verzweigen	verzweigest	0
verzweigen	verzweigte	5
verzweigen	verzweiget	1
verzweigen	verzweigt	7
verzweigen	zweige	6
verzweigen	verzweigten	4
verzweigen	zweigen	3
verzweigen	verzweigen	8
streuen	streuet	1
streuen	streue	6
streuen	streuten	4
streuen	streuest	0
streuen	verstreuen	3
streuen	gestreut	2
streuen	streute	5
streuen	streuen	8
streuen	streut	7
quarzen	quarzt	7
quarzen	quarzen	8
quarzen	verquarzen	3
quarzen	gequarzt	2
quarzen	quarzet	1
quarzen	quarzte	5
quarzen	quarzest	0
quarzen	quarzten	4
quarzen	quarze	6
anhaben	anhabest	0
anhaben	anhabten	4
anhaben	veranhaben	3
anhaben	anhabte	5
anhaben	anhabt	7
anhaben	anhaben	8
anhaben	anhab	2
anhaben	anhabe	6
anhaben	anhabet	1
fotographieren	fotograpieren	8
fotographieren	fotographiert	7
fotographieren	fotographiten	4
fotographieren	fotographiet	1
fotographieren	fotographite	5
fotographieren	fotographier	2
fotographieren	fotograpiere	6
fotographieren	fotograpierest	0
fotographieren	verfotophiererereren	3
borgen	borgten	4
borgen	borgest	0
borgen	borget	1
borgen	verborgen	3
borgen	borgen	8
borgen	borgte	5
borgen	borge	6
borgen	geborgt	2
borgen	borgt	7
arrivieren	arrivierten	4
arrivieren	verarieren	3
arrivieren	arrivieret	1
arrivieren	arrivierte	5
arrivieren	arriere	6
arrivieren	arrivieren	8
arrivieren	arrivier	2
arrivieren	arriviert	7
arrivieren	arrivierest	0
spotten	verspotten	3
spotten	spotteten	4
spotten	spotte	6
spotten	spottete	5
spotten	spott	2
spotten	spottest	0
spotten	spotten	8
spotten	spott	7
spotten	spottet	1
verbreiten	verbreitet	1
verbreiten	verbreitete	5
verbreiten	verbreitest	0
verbreiten	verbreitet	7
verbreiten	verbreit	2
verbreiten	breiten	3
verbreiten	breite	6
verbreiten	verbreiten	8
verbreiten	verbreiteten	4
studieren	studierest	0
studieren	studierte	5
studieren	studiere	6
studieren	studieren	8
studieren	verstudieren	3
studieren	studiert	7
studieren	studier	2
studieren	studieret	1
studieren	studierten	4
vereisen	vereiste	5
vereisen	vereisen	8
vereisen	vereis	2
vereisen	eise	6
vereisen	vereisest	0
vereisen	eisen	3
vereisen	vereiset	1
vereisen	vereisten	4
vereisen	vereist	7
aufbauen	aufbauen	8
aufbauen	aufbauten	4
aufbauen	aufbau	2
aufbauen	aufbaue	6
aufbauen	veraufbauen	3
aufbauen	aufbauest	0
aufbauen	aufbaute	5
aufbauen	aufbaut	7
aufbauen	aufbauet	1
instituieren	instituerest	0
instituieren	instituerten	4
instituieren	instituer	2
instituieren	institueren	8
instituieren	instituert	7
instituieren	verinstieren	3
instituieren	instituert	1
instituieren	instituere	6
instituieren	instituerte	5
zanken	zanke	6
zanken	zanket	1
zanken	zanken	8
zanken	zank	2
zanken	zankest	0
zanken	zankt	7
zanken	verzanken	3
zanken	zankten	4
zanken	zankte	5
fräsen	fräste	5
fräsen	fräse	6
fräsen	verfräsen	3
fräsen	fräsest	0
fräsen	gefräst	2
fräsen	frästen	4
fräsen	fräst	7
fräsen	fräsen	8
fräsen	fräset	1
erschaffen	erschaffen	8
erschaffen	erschaffe	6
erschaffen	schaffte	0
erschaffen	erschaffte	5
erschaffen	schafft	1
erschaffen	erschafft	7
erschaffen	schaffe	2
erschaffen	schaffen	3
erschaffen	erschafften	4
beamen	beamten	4
beamen	beamte	5
beamen	beam	2
beamen	beamen	8
beamen	beame	6
beamen	beamet	1
beamen	beamest	0
beamen	verbeamen	3
beamen	beamt	7
besudeln	besudelt	7
besudeln	besudeln	8
besudeln	besudelst	0
besudeln	besudel	2
besudeln	besudelt	1
besudeln	besudel	6
besudeln	besudelten	4
besudeln	besudelte	5
besudeln	verbesudeln	3
erzielen	ziele	2
erzielen	zielte	0
erzielen	erzielen	8
erzielen	zielt	1
erzielen	erzielte	5
erzielen	erzielten	4
erzielen	erzielt	7
erzielen	zielen	3
erzielen	erziele	6
überfallen	überfallen	8
überfallen	überfallet	1
überfallen	überfallte	5
überfallen	überfallten	4
überfallen	überfallt	7
überfallen	überfallest	0
überfallen	geüberfalt	2
überfallen	verüberfalen	3
überfallen	überfalle	6
verunsichern	verunsichern	8
verunsichern	verunsicherst	0
verunsichern	verunsichten	4
verunsichern	verunsicherte	5
verunsichern	verunsicht	7
verunsichern	verunsichert	1
verunsichern	unsicher	6
verunsichern	unsichern	3
verunsichern	verunsicher	2
lauten	laute	6
lauten	lautest	0
lauten	lautete	5
lauten	laut	7
lauten	lauten	8
lauten	lautet	1
lauten	lauteten	4
lauten	laut	2
lauten	verlauten	3
marodieren	marodierten	4
marodieren	vermarodieren	3
marodieren	marodierte	5
marodieren	marodiere	6
marodieren	marodiert	7
marodieren	marodier	2
marodieren	marodierest	0
marodieren	marodieret	1
marodieren	marodieren	8
wundern	verwundern	3
wundern	wundert	1
wundern	wunder	6
wundern	wundert	7
wundern	wunderst	0
wundern	wunderte	5
wundern	wundern	8
wundern	wunder	2
wundern	wunderten	4
schichten	schichten	8
schichten	schichtet	1
schichten	schicht	2
schichten	verschichten	3
schichten	schichtest	0
schichten	schicht	7
schichten	schichteten	4
schichten	schichte	6
schichten	schichtete	5
eggen	eggest	0
eggen	eggten	4
eggen	geegt	2
eggen	veregen	3
eggen	egge	6
eggen	eggt	7
eggen	eggte	5
eggen	eggen	8
eggen	egget	1
wiehern	wieherst	0
wiehern	wieherten	4
wiehern	wiehern	8
wiehern	wieher	2
wiehern	wiehert	7
wiehern	wiehert	1
wiehern	wieherte	5
wiehern	verwiehern	3
wiehern	wieher	6
gründen	gründet	7
gründen	gründeten	4
gründen	gründete	5
gründen	gründen	8
gründen	gründe	6
gründen	gründest	0
gründen	vergründen	3
gründen	gründet	1
gründen	gründ	2
lauschen	lauschten	4
lauschen	lauschet	1
lauschen	lauschen	8
lauschen	verlauschen	3
lauschen	lauschest	0
lauschen	lauscht	7
lauschen	lausche	6
lauschen	gelauscht	2
lauschen	lauschte	5
erwärmen	wärmt	1
erwärmen	wärmte	0
erwärmen	erwärmte	5
erwärmen	erwärmen	8
erwärmen	wärmen	3
erwärmen	wärme	2
erwärmen	erwärmt	7
erwärmen	erwärme	6
erwärmen	erwärmten	4
bleichen	bleichten	4
bleichen	bleichte	5
bleichen	bleiche	6
bleichen	bleichet	1
bleichen	bleichen	8
bleichen	verbleichen	3
bleichen	bleichest	0
bleichen	bleich	2
bleichen	bleicht	7
horchen	horchten	4
horchen	horchen	8
horchen	horche	6
horchen	horcht	7
horchen	gehorcht	2
horchen	horchte	5
horchen	horchet	1
horchen	horchest	0
horchen	verhorchen	3
niesen	nieste	5
niesen	niesest	0
niesen	niesten	4
niesen	niesen	8
niesen	niese	6
niesen	niest	7
niesen	nies	2
niesen	verniesen	3
niesen	nieset	1
ergötzen	ergötzten	4
ergötzen	ergötzt	7
ergötzen	ergötzen	8
ergötzen	ergötzte	5
ergötzen	ergötze	6
ergötzen	götzt	1
ergötzen	götzen	3
ergötzen	götzte	0
ergötzen	götze	2
streifen	gestreift	2
streifen	streifen	8
streifen	streifest	0
streifen	streiften	4
streifen	streifte	5
streifen	streife	6
streifen	verstreifen	3
streifen	streift	7
streifen	streifet	1
wählen	wählest	0
wählen	wählten	4
wählen	verwählen	3
wählen	wähle	6
wählen	wählt	7
wählen	wählet	1
wählen	wählen	8
wählen	wählte	5
wählen	gewählt	2
hervorheben	hervorhebet	1
hervorheben	hervorhebten	4
hervorheben	hervorhebest	0
hervorheben	hervorhebte	5
hervorheben	hervorhebe	6
hervorheben	hervorheben	8
hervorheben	hervorhebt	7
hervorheben	hervorheb	2
hervorheben	verherheben	3
zurückkommen	zurückkommten	4
zurückkommen	zurückkommest	0
zurückkommen	zurückkommen	8
zurückkommen	zurückkommt	7
zurückkommen	zurückkomm	2
zurückkommen	zurückkommte	5
zurückkommen	zurückkommet	1
zurückkommen	verzurückomen	3
zurückkommen	zurückkomme	6
umzingeln	umzingelst	0
umzingeln	umzingelten	4
umzingeln	verumzingeln	3
umzingeln	umzingeln	8
umzingeln	umzingelt	1
umzingeln	umzingelte	5
umzingeln	umzingelt	7
umzingeln	umzingel	6
umzingeln	geumzingelt	2
begegnen	begegne	6
begegnen	begegnet	1
begegnen	begegnete	5
begegnen	begegneten	4
begegnen	begegnen	8
begegnen	begegnet	7
begegnen	begegnest	0
begegnen	gebegnegt	2
begegnen	verbegnen	3
rumalbern	gerumalbt	2
rumalbern	rumalbert	7
rumalbern	rumalberte	5
rumalbern	rumalberten	4
rumalbern	rumalbern	8
rumalbern	rumalberst	0
rumalbern	rumalbert	1
rumalbern	verrumalben	3
rumalbern	rumalber	6
verzeichnen	verzeichnet	1
verzeichnen	verzeichn	2
verzeichnen	verzeichneten	4
verzeichnen	verzeichnest	0
verzeichnen	verzeichnt	7
verzeichnen	verzeichnen	8
verzeichnen	zeichne	6
verzeichnen	zeichnen	3
verzeichnen	verzeichnete	5
jetten	jettet	1
jetten	jettest	0
jetten	jett	2
jetten	jettete	5
jetten	jett	7
jetten	verjetten	3
jetten	jetten	8
jetten	jetteten	4
jetten	jette	6
klopfen	klopfet	1
klopfen	klopf	2
klopfen	klopften	4
klopfen	klopfte	5
klopfen	klopfe	6
klopfen	klopfest	0
klopfen	klopft	7
klopfen	klopfen	8
klopfen	verklopfen	3
zementieren	zementierest	0
zementieren	zementieret	1
zementieren	zementierten	4
zementieren	zementiere	6
zementieren	verzementen	3
zementieren	zementier	2
zementieren	zementieren	8
zementieren	zementierte	5
zementieren	zementiert	7
zerstreuen	zerstreute	5
zerstreuen	zerstreut	7
zerstreuen	zerstreu	2
zerstreuen	verzerstreuen	3
zerstreuen	zerstreuen	8
zerstreuen	zerstreuest	0
zerstreuen	zerstreue	6
zerstreuen	zerstreuten	4
zerstreuen	zerstreuet	1
feststellen	feststellten	4
feststellen	feststellest	0
feststellen	feststellet	1
feststellen	feststellte	5
feststellen	feststellt	7
feststellen	feststell	2
feststellen	feststelle	6
feststellen	feststellen	8
feststellen	verfestellen	3
veralten	veraltete	5
veralten	veraltet	1
veralten	veraltest	0
veralten	veraltet	7
veralten	veralt	2
veralten	alte	6
veralten	veralten	8
veralten	veralteten	4
veralten	alten	3
verdoppeln	verdoppelten	4
verdoppeln	verdoppelst	0
verdoppeln	verdoppeln	8
verdoppeln	verdoppelt	1
verdoppeln	verdoppelt	7
verdoppeln	verdoppelte	5
verdoppeln	verdoppelt	2
verdoppeln	doppeln	3
verdoppeln	doppel	6
ausrichten	ausrichtet	1
ausrichten	verausrichten	3
ausrichten	ausrichtest	0
ausrichten	ausrichtete	5
ausrichten	ausrichteten	4
ausrichten	ausrichte	6
ausrichten	ausrichten	8
ausrichten	ausricht	7
ausrichten	ausricht	2
schleißen	schleißte	5
schleißen	verschleißen	3
schleißen	schleißt	7
schleißen	schleißet	1
schleißen	schleiß	2
schleißen	schleißten	4
schleißen	schleiße	6
schleißen	schleißest	0
schleißen	schleißen	8
schwänzen	schwänzte	5
schwänzen	schwänzen	8
schwänzen	verschwänzen	3
schwänzen	schwänzet	1
schwänzen	geschwänzt	2
schwänzen	schwänzest	0
schwänzen	schwänze	6
schwänzen	schwänzten	4
schwänzen	schwänzt	7
überstehen	überstehet	1
überstehen	überstehte	5
überstehen	übersteht	7
überstehen	überstehten	4
überstehen	überstehen	8
überstehen	übersteh	2
überstehen	überstehest	0
überstehen	verübersten	3
überstehen	überstehe	6
lindern	linderst	0
lindern	linderten	4
lindern	linderte	5
lindern	lindert	7
lindern	lindert	1
lindern	linder	6
lindern	verlindern	3
lindern	linder	2
lindern	lindern	8
glottalisieren	glottalisit	7
glottalisieren	glottalisierten	4
glottalisieren	glottalsi	2
glottalisieren	glottalisie	5
glottalisieren	glottalisien	8
glottalisieren	glottalsierst	0
glottalisieren	verglottieren	3
glottalisieren	glottalisie	6
glottalisieren	glottalisiet	1
hervorbringen	hervorbringte	5
hervorbringen	hervorbringen	8
hervorbringen	hervorbringten	4
hervorbringen	hervorbringe	6
hervorbringen	hervorbringt	7
hervorbringen	verherbringen	3
hervorbringen	hervorbringest	0
hervorbringen	hervorbring	2
hervorbringen	hervorbringet	1
kollidieren	kollidieret	1
kollidieren	kollidiert	7
kollidieren	kollidierte	5
kollidieren	kollidierest	0
kollidieren	kollidier	2
kollidieren	kollidiere	6
kollidieren	kollidieren	8
kollidieren	kollidierten	4
kollidieren	verkollieren	3
vererben	vererben	8
vererben	vererbt	7
vererben	vererbest	0
vererben	vererb	2
vererben	erbe	6
vererben	vererbte	5
vererben	erben	3
vererben	vererbten	4
vererben	vererbet	1
verspeisen	verspeis	2
verspeisen	verspeisten	4
verspeisen	verspeist	7
verspeisen	verspeiste	5
verspeisen	speisen	3
verspeisen	speise	6
verspeisen	verspeiset	1
verspeisen	verspeisest	0
verspeisen	verspeisen	8
verfinstern	verfinstert	7
verfinstern	verfinstern	8
verfinstern	verfinstert	2
verfinstern	finster	6
verfinstern	verfinsterte	5
verfinstern	verfinsterst	0
verfinstern	finstern	3
verfinstern	verfinstert	1
verfinstern	verfinsterten	4
integrieren	integriert	7
integrieren	integrieren	8
integrieren	integrieret	1
integrieren	verintegrien	3
integrieren	integriere	6
integrieren	integrierest	0
integrieren	integrierte	5
integrieren	integrierten	4
integrieren	geintegrt	2
