xtara	xarilhom	9
xtara	nxatret	1
xtara	nxatar	11
xtara	nxatru	13
xtara	xatruhom	2
xtara	tixrar	6
xtara	inxarrru	14
xtara	inxatar	12
xtara	xtarar	8
xtara	jinxatru	0
xtara	xrar	7
xtara	jixrar	4
xtara	xatru	15
xtara	xatret	10
xtara	nixtar	5
xtara	xtara	16
xtara	xatruh	3
ittraduċa	tititad	16
ittraduċa	ttttadt	8
ittraduċa	tintitititititititititititititititititititititititititititititititititititititititititititititititititititititititititititititit	9
ittraduċa	tititdddu	15
ittraduċa	ntititddu	13
ittraduċa	tintititindard	10
ittraduċa	tintitititititititititititititititititititititititititititititititititititititititititititititititititititititititititititititit	2
ittraduċa	ntititad	11
ittraduċa	jittrad	5
ittraduċa	nitrad	6
ittraduċa	jitrad	4
ittraduċa	jintititindru	0
ittraduċa	ttttadna	7
ittraduċa	jintititindrdddrdu	3
ittraduċa	intitad	12
ittraduċa	ntititru	1
ittraduċa	intititindru	14
ġabar	ġabruhom	2
ġabar	jiġbar	4
ġabar	niġbar	5
ġabar	ġbarna	7
ġabar	inġabar	12
ġabar	nġabar	11
ġabar	inġabru	14
ġabar	ġabart	8
ġabar	jinġabar	3
ġabar	ġabru	15
ġabar	jinġabru	0
ġabar	ġabar	16
ġabar	tiġbar	6
ġabar	ġabrilhom	9
ġabar	nġabret	1
ġabar	nġabru	13
ġabar	tinġabar	10
għasar	niħasar	5
għasar	ħasar	8
għasar	ti<UNK>sar	6
għasar	jinħasru	0
għasar	inħasru	14
għasar	ħasru	15
għasar	ħasret	10
għasar	ji<UNK>sar	4
għasar	ħasrilhom	9
għasar	ħasruh	3
għasar	ħasar	7
għasar	inħasar	12
għasar	ħasruhom	2
għasar	nħasar	11
għasar	ħasar	16
għasar	nħasru	13
għasar	nħasret	1
ħareġ	nħarġu	13
ħareġ	nħarġu	1
ħareġ	tiħreġ	6
ħareġ	ħarġu	4
ħareġ	inħarġu	14
ħareġ	inħareġ	12
ħareġ	tinħareġ	10
ħareġ	ħareġt	8
ħareġ	ħariġhom	9
ħareġ	nħareġ	11
ħareġ	ħarġuh	2
ħareġ	niħreġ	5
ħareġ	ħarġu	15
ħareġ	jinħarġu	0
ħareġ	ħareġ	16
ħareġ	ħarġuhom	3
ħareġ	ħareġn	7
daħak	daħket	10
daħak	indaħak	12
daħak	daħak	16
daħak	daħku	15
daħak	daħkilhom	9
daħak	ndaħak	11
daħak	dħakt	8
daħak	jindaħak	3
daħak	jindaħku	0
daħak	tidħak	6
daħak	nidħak	5
daħak	dħna	7
daħak	daħkuhom	2
daħak	ndaħket	1
daħak	jidħak	4
daħak	indaħku	14
daħak	ndaħku	13
rikeb	rikeb	8
rikeb	rikbu	15
rikeb	inrikbu	14
rikeb	nrikeb	11
rikeb	nrikbu	1
rikeb	jinrikbu	0
rikeb	rikeb	7
rikeb	nirkeb	6
rikeb	rikbu	4
rikeb	nrikbu	13
rikeb	rikeb	16
rikeb	tinrikeb	10
rikeb	rikibhom	9
rikeb	jirkeb	5
rikeb	inrikeb	12
rikeb	jinrikeb	3
rikeb	rikbuh	2
għażel	ħa<UNK>lu	15
għażel	ħa<UNK>lu	4
għażel	nħa<UNK>lu	1
għażel	ti<UNK><UNK>el	6
għażel	ħa<UNK>el	16
għażel	inħa<UNK><UNK>el	12
għażel	jinħa<UNK>lu	0
għażel	ħa<UNK>eln	7
għażel	tinħa<UNK><UNK>el	10
għażel	ni<UNK><UNK>el	5
għażel	ħa<UNK>luh	2
għażel	nħa<UNK>lu	13
għażel	ħa<UNK>luhom	3
għażel	inħa<UNK>lu	14
għażel	ħt	8
għażel	nħa<UNK><UNK>el	11
għażel	ħa<UNK>ilhom	9
ħa	ħa	10
ħa	ħa	8
ħa	nħa	1
ħa	ħa	3
ħa	ħa	15
ħa	niħ	5
ħa	jinħa	0
ħa	inħa	14
ħa	inħa	12
ħa	ħa	2
ħa	nħa	11
ħa	tiħa	6
ħa	nħa	13
ħa	ħa	9
ħa	ħa	16
ħa	ħa	4
ħa	ħa	7
fired	jinfired	3
fired	nfired	11
fired	infired	12
fired	firidhom	9
fired	nfirdu	1
fired	nfirdu	13
fired	firdu	15
fired	jifred	5
fired	jinfirdu	0
fired	fredna	7
fired	fredt	8
fired	tinfired	10
fired	nifred	6
fired	firduh	2
fired	infirdu	14
fired	fired	16
fired	firdu	4
kiseb	jinkisbu	0
kiseb	kisbuh	2
kiseb	kseb	8
kiseb	nkisbu	1
kiseb	kisbu	4
kiseb	inkisbu	14
kiseb	nkiseb	11
kiseb	nkisbu	13
kiseb	kiseb	16
kiseb	nikseb	6
kiseb	tinkiseb	10
kiseb	jinkiseb	3
kiseb	kisibhom	9
kiseb	inkiseb	12
kiseb	kisbu	15
kiseb	kseb	7
kiseb	jikseb	5
seraq	serquh	3
seraq	nseraq	11
seraq	serquhom	2
seraq	seraq	16
seraq	jisraq	4
seraq	sraqna	7
seraq	serqet	10
seraq	nisraq	5
seraq	sraqt	8
seraq	inserqu	14
seraq	serqilhom	9
seraq	serqu	15
seraq	inseraq	12
seraq	nserqu	13
seraq	jinserqu	0
seraq	jisraqx	1
seraq	tisraq	6
qatel	qatluh	2
qatel	qatel	7
qatel	qtel	8
qatel	jinqatlu	0
qatel	qatlu	15
qatel	qatel	16
qatel	qatlu	4
qatel	niqtel	5
qatel	qatlet	10
qatel	nqatlu	13
qatel	inqatel	12
qatel	nqatel	11
qatel	qatluhom	3
qatel	nqatlu	1
qatel	tiqtel	6
qatel	inqatlu	14
qatel	qatilhom	9
pejjep	<UNK>ejj<UNK>uhom	3
pejjep	in<UNK>jj<UNK>u	14
pejjep	<UNK>ejj<UNK>u	15
pejjep	<UNK>jjje<UNK>	8
pejjep	tejj<UNK>et	10
pejjep	in<UNK>ejje<UNK>	12
pejjep	ti<UNK>jje<UNK>	6
pejjep	<UNK>ejj<UNK>u	4
pejjep	ni<UNK>jje<UNK>	5
pejjep	<UNK>jjje<UNK>n	7
pejjep	n<UNK>jjj<UNK>u	13
pejjep	<UNK>ejj<UNK>hom	9
pejjep	jin<UNK>jj<UNK>u	0
pejjep	<UNK>ejj<UNK>uh	2
pejjep	n<UNK>jjje<UNK>	11
pejjep	<UNK>ejje<UNK>	16
pejjep	n<UNK>jjj<UNK>u	1
fetaħ	ftaħna	7
fetaħ	fetaħ	16
fetaħ	nfetħu	13
fetaħ	fetħu	15
fetaħ	infetħu	14
fetaħ	nfetaħ	11
fetaħ	tiftaħ	6
fetaħ	fetħuhom	2
fetaħ	jiftaħ	4
fetaħ	nfetħet	1
fetaħ	fetħet	10
fetaħ	jinfetaħ	3
fetaħ	niftaħ	5
fetaħ	ftaħt	8
fetaħ	infetaħ	12
fetaħ	jinfetħu	0
fetaħ	fetħilhom	9
eżerċita	er<UNK>u	15
eżerċita	erithom	9
eżerċita	neret	11
eżerċita	terat	8
eżerċita	ji<UNK>ra<UNK>	4
eżerċita	e<UNK>rtuhom	2
eżerċita	n<UNK>ertu	13
eżerċita	in<UNK>er<UNK>u	14
eżerċita	jintirtu	0
eżerċita	ineret	12
eżerċita	ner<UNK>u	1
eżerċita	erat	7
eżerċita	jierat	5
eżerċita	ni<UNK>rat	6
eżerċita	eret	16
eżerċita	jineret	3
eżerċita	tineret	10
baqa'	baq'ilhom	9
baqa'	jinbaq'u	0
baqa'	tibqa'	6
baqa'	nbaq'et	1
baqa'	baq'uhom	2
baqa'	nbaqa'	11
baqa'	baqa'	16
baqa'	nibqa'	5
baqa'	jibqa'	4
baqa'	baq'uh	3
baqa'	bqt	8
baqa'	baq'et	10
baqa'	bqna	7
baqa'	inbaq'u	14
baqa'	nbaq'u	13
baqa'	baq'u	15
baqa'	inbaqa'	12
bidel	jibdel	5
bidel	bidluh	2
bidel	jinbidel	3
bidel	bdt	8
bidel	bdelna	7
bidel	bidel	16
bidel	tinbidel	10
bidel	nbidlu	1
bidel	jinbidlu	0
bidel	nibdel	6
bidel	bidilhom	9
bidel	inbidlu	14
bidel	inbidel	12
bidel	nbidlu	13
bidel	bidlu	15
bidel	bidlu	4
bidel	nbidel	11
telaq	jintelqu	0
telaq	jitlaqx	1
telaq	telqilhom	9
telaq	intelqu	14
telaq	telaq	16
telaq	ntelqu	13
telaq	tlaqna	7
telaq	telquhom	2
telaq	jitlaq	4
telaq	nitlaq	5
telaq	telquh	3
telaq	tlaqt	8
telaq	titlaq	6
telaq	telqu	15
telaq	telqet	10
telaq	intelaq	12
telaq	ntelaq	11
ippenetra	jinri<UNK>u	0
ippenetra	<UNK><UNK>ena	7
ippenetra	jin<UNK>i<UNK>en	3
ippenetra	n<UNK>i<UNK>tnu	1
ippenetra	<UNK>i<UNK>nu	4
ippenetra	ni<UNK><UNK>en	6
ippenetra	ri<UNK>hom	9
ippenetra	tinti<UNK>et	10
ippenetra	n<UNK>i<UNK>tnu	13
ippenetra	t<UNK>enanene<UNK>	8
ippenetra	nti<UNK>en	11
ippenetra	<UNK>i<UNK>uh	2
ippenetra	in<UNK>i<UNK>tu	14
ippenetra	in<UNK>i<UNK>et	12
ippenetra	ji<UNK><UNK>et	5
ippenetra	<UNK>i<UNK>nu	15
ippenetra	ri<UNK>en	16
