naabaah	naabaah,	1
naabaah	naabaah.	0
naabaah	naabaah	2
yiyiigish	yigeeh,	1
yiyiigish	yigigigh.	0
yiyiigish	yigeeh	2
naalnish	naalnish.	0
naalnish	naalnish,	1
naalnish	naalnish	2
naaʼeeł	neił.	0
naaʼeeł	ne<s>neł,	1
naaʼeeł	ne<s>nełłłłneł	2
adlą́	adlą́.	0
adlą́	adlą́,	1
adlą́	adlą́	2
yiłʼá	yi<UNK>á,	1
yiłʼá	yił.	0
yiłʼá	yiłyá	2
yidą́	yidą́.	0
yidą́	yidą́	2
yidą́	yidą́,	1
akʼeʼelchí	aíl<UNK>lh	2
akʼeʼelchí	<UNK><UNK>al<UNK><UNK><UNK>h.	0
akʼeʼelchí	ae<UNK>lh,	1
digeeh	digeeh,	1
digeeh	digeeh	2
digeeh	digeeh.	0
neiʼá	nei<UNK>á.	0
neiʼá	nei<UNK>ná,	1
neiʼá	nei<UNK>á	2
ałhosh	ałhosh	2
ałhosh	ałhosh,	1
ałhosh	ałhosh.	0
yilʼaah	yiylh	2
yilʼaah	yiylylh,	1
yilʼaah	yiylh.	0
níyá	níyá,	1
níyá	níyá.	0
níyá	níyá	2
yidiséí	yid<UNK><UNK><UNK><UNK><UNK><UNK><UNK>y<UNK>,	1
yidiséí	yid<UNK>y<UNK>.	0
yidiséí	yid<UNK><UNK><UNK>	2
nilį́	nilį́,	1
nilį́	nilį́.	0
nilį́	nilį́	2
yichʼish	yish,	1
yichʼish	yiyh.	0
yichʼish	yish	2
yidlą́	yidlą́.	0
yidlą́	yidlą́,	1
yidlą́	yidlą́	2
heechééh	he	2
heechééh	haeeh,	1
heechééh	hei<UNK>.	0
neiłtsʼǫǫd	neis<UNK><UNK><UNK><UNK><UNK><UNK>,	1
neiłtsʼǫǫd	neis<UNK><UNK><UNK><UNK><UNK><UNK><UNK><UNK><UNK><UNK><UNK><UNK><UNK><UNK><UNK><UNK><UNK><UNK><UNK><UNK><UNK><UNK><UNK><UNK><UNK><UNK><UNK><UNK><UNK><UNK><UNK><UNK><UNK><UNK><UNK><UNK><UNK><UNK><UNK><UNK><UNK><UNK><UNK><UNK><UNK><UNK><UNK><UNK><UNK><UNK><UNK><UNK><UNK><UNK><UNK><UNK><UNK><UNK><UNK><UNK><UNK><UNK><UNK><UNK><UNK><UNK><UNK><UNK><UNK><UNK><UNK><UNK><UNK><UNK><UNK><UNK><UNK><UNK><UNK><UNK><UNK><UNK><UNK><UNK><UNK><UNK><UNK><UNK><UNK><UNK><UNK><UNK><UNK><UNK><UNK><UNK><UNK><UNK><UNK><UNK>	2
neiłtsʼǫǫd	ntee<UNK><UNK><UNK><UNK><UNK><UNK><UNK><UNK><UNK><UNK><UNK><UNK>ł.	0
yiniłtséés	nt<s>n<s>nł.	0
yiniłtséés	nta<UNK><UNK>,	1
yiniłtséés	nt<UNK><s>nis<UNK><UNK><UNK>	2
naaʼnaʼ	naa<UNK><UNK><UNK><UNK><UNK><UNK><UNK><UNK><UNK><UNK><UNK><UNK><UNK><UNK><UNK><UNK><UNK><UNK><UNK><UNK><UNK><UNK><UNK><UNK><UNK><UNK><UNK><UNK><UNK><UNK><UNK><UNK><UNK><UNK><UNK><UNK><UNK><UNK><UNK><UNK><UNK><UNK><UNK><UNK><UNK><UNK><UNK><UNK><UNK><UNK><UNK><UNK><UNK><UNK><UNK><UNK><UNK><UNK><UNK><UNK><UNK><UNK><UNK><UNK><UNK><UNK><UNK><UNK><UNK><UNK><UNK><UNK><UNK><UNK><UNK><UNK><UNK><UNK><UNK><UNK><UNK><UNK><UNK><UNK><UNK><UNK><UNK><UNK><UNK><UNK><UNK><UNK><UNK><UNK><UNK><UNK><UNK><UNK><UNK><UNK><UNK><UNK><UNK><UNK><UNK><UNK><UNK><UNK><UNK><UNK><UNK><UNK><UNK><UNK><UNK><UNK><UNK><UNK><UNK><UNK><UNK><UNK><UNK><UNK><UNK>	2
naaʼnaʼ	naa<UNK><UNK><UNK><UNK><UNK><UNK><UNK><UNK><UNK><UNK><UNK><UNK><UNK><UNK><UNK><UNK><UNK><UNK><UNK><UNK><UNK><UNK><UNK><UNK><UNK><UNK><UNK><UNK><UNK><UNK><UNK><UNK><UNK><UNK><UNK><UNK><UNK><UNK><UNK><UNK><UNK><UNK><UNK><UNK><UNK><UNK><UNK><UNK><UNK><UNK><UNK><UNK><UNK><UNK><UNK><UNK><UNK><UNK><UNK><UNK><UNK><UNK><UNK><UNK><UNK><UNK><UNK><UNK><UNK><UNK><UNK><UNK><UNK><UNK><UNK><UNK><UNK><UNK><UNK><UNK><UNK><UNK><UNK><UNK><UNK><UNK><UNK><UNK><UNK><UNK><UNK><UNK><UNK><UNK><UNK><UNK><UNK><UNK><UNK><UNK><UNK><UNK><UNK><UNK><UNK><UNK><UNK><UNK><UNK><UNK><UNK><UNK><UNK>.	0
naaʼnaʼ	naa<UNK><UNK><UNK><UNK><UNK><UNK><UNK><UNK><UNK><UNK><UNK><UNK><UNK><UNK><UNK><UNK><UNK><UNK><UNK><UNK><UNK><UNK><UNK><UNK><UNK><UNK><UNK><UNK><UNK><UNK><UNK><UNK><UNK><UNK><UNK><UNK><UNK><UNK><UNK><UNK><UNK><UNK><UNK><UNK><UNK><UNK><UNK><UNK><UNK><UNK><UNK><UNK><UNK><UNK><UNK><UNK><UNK><UNK><UNK><UNK><UNK><UNK><UNK><UNK><UNK><UNK><UNK><UNK><UNK><UNK><UNK><UNK><UNK><UNK><UNK><UNK><UNK><UNK><UNK><UNK><UNK><UNK><UNK><UNK><UNK><UNK><UNK><UNK><UNK><UNK><UNK><UNK><UNK><UNK><UNK><UNK><UNK><UNK><UNK><UNK><UNK><UNK><UNK><UNK><UNK><UNK><UNK><UNK><UNK><UNK><UNK><UNK><UNK><UNK><UNK><UNK><UNK><UNK><UNK><UNK><UNK><UNK><UNK><UNK><UNK>	1
naataz	ntaaa<UNK><UNK><UNK><UNK><UNK><UNK><UNK><UNK><UNK><UNK><UNK><UNK><UNK><UNK><UNK><UNK><UNK><UNK><UNK><UNK><UNK><UNK><UNK><UNK><UNK><UNK><UNK><UNK><UNK><UNK><UNK><UNK><UNK><UNK><UNK><UNK><UNK><UNK><UNK><UNK><UNK><UNK><UNK><UNK><UNK><UNK><UNK><UNK><UNK><UNK><UNK><UNK><UNK><UNK><UNK><UNK><UNK><UNK><UNK><UNK><UNK><UNK><UNK><UNK><UNK><UNK><UNK><UNK><UNK><UNK><UNK><UNK><UNK><UNK><UNK><UNK><UNK><UNK><UNK><UNK><UNK><UNK><UNK><UNK><UNK><UNK><UNK><UNK><UNK><UNK><UNK><UNK><UNK><UNK><UNK><UNK><UNK><UNK><UNK><UNK><UNK><UNK><UNK><UNK><UNK><UNK>atat,	1
naataz	ntaaa<UNK><UNK><UNK><UNK><UNK><UNK><UNK><UNK><UNK><UNK><UNK><UNK><UNK><UNK><UNK><UNK><UNK><UNK><UNK><UNK><UNK><UNK><UNK><UNK><UNK><UNK><UNK><UNK><UNK><UNK><UNK><UNK><UNK><UNK><UNK><UNK><UNK><UNK><UNK><UNK><UNK><UNK><UNK><UNK><UNK><UNK><UNK><UNK><UNK><UNK><UNK><UNK><UNK><UNK><UNK><UNK><UNK><UNK><UNK><UNK><UNK><UNK><UNK><UNK><UNK><UNK><UNK><UNK><UNK><UNK><UNK><UNK><UNK><UNK><UNK><UNK><UNK><UNK><UNK><UNK><UNK><UNK><UNK><UNK><UNK><UNK><UNK><UNK><UNK><UNK><UNK><UNK><UNK><UNK><UNK><UNK><UNK><UNK><UNK><UNK><UNK><UNK><UNK><UNK><UNK><UNK>atat.	0
naataz	ntaaa<UNK><UNK><UNK><UNK><UNK><UNK><UNK><UNK><UNK><UNK><UNK><UNK><UNK><UNK><UNK><UNK><UNK><UNK><UNK><UNK><UNK><UNK><UNK><UNK><UNK><UNK><UNK><UNK><UNK><UNK><UNK><UNK><UNK><UNK><UNK><UNK><UNK><UNK><UNK><UNK><UNK><UNK><UNK><UNK><UNK><UNK><UNK><UNK><UNK><UNK><UNK><UNK><UNK><UNK><UNK><UNK><UNK><UNK><UNK><UNK><UNK><UNK><UNK><UNK><UNK><UNK><UNK><UNK><UNK><UNK><UNK><UNK><UNK><UNK><UNK><UNK><UNK><UNK><UNK><UNK><UNK><UNK><UNK><UNK><UNK><UNK><UNK><UNK><UNK><UNK><UNK><UNK><UNK><UNK><UNK><UNK><UNK><UNK><UNK><UNK><UNK><UNK><UNK><UNK><UNK><UNK>aatat	2
neiłdo	neił.	0
neiłdo	neiłneł,	1
neiłdo	neiłneł	2
haichʼiid	a<UNK>hi<UNK>,	1
haichʼiid	a<UNK>hidh	2
haichʼiid	hdada<UNK><UNK><UNK><UNK><UNK><UNK><UNK><UNK><UNK><UNK><UNK><UNK><UNK><UNK><UNK><UNK><UNK><UNK><UNK><UNK><UNK><UNK><UNK><UNK><UNK><UNK><UNK><UNK><UNK><UNK><UNK><UNK><UNK><UNK><UNK><UNK><UNK><UNK><UNK><UNK>h.	0
neijaah	neijaah,	1
neijaah	neijaah	2
neijaah	neijaah.	0
yildlóósh	yidlh	2
yildlóósh	yidlh,	1
yildlóósh	yidlish.	0
hainiłchaad	naa<s>nidh	2
hainiłchaad	naa<s>nidh,	1
hainiłchaad	naa<s>nił.	0
hataał	hataał	2
hataał	hataał.	0
hataał	hataał,	1
neidzį́į́s	neid<UNK><UNK>́	2
neidzį́į́s	neiś.	0
neidzį́į́s	neiś,	1
neiłʼeeł	nei<UNK>eł	2
neiłʼeeł	nei<UNK>neł,	1
neiłʼeeł	neił.	0
neishood	neish	2
neishood	neish.	0
neishood	neish,	1
haiłkaał	hał.	0
haiłkaał	ałhiłh,	1
haiłkaał	ałhiłh	2
yiʼnééh	nhiyh.	0
yiʼnééh	nhiyh	2
yiʼnééh	nha<UNK><UNK>h,	1
iilʼéés	s<UNK>s<UNK><UNK><UNK><UNK><UNK><UNK><UNK><UNK><UNK><UNK><UNK><UNK><UNK><UNK><UNK><UNK><UNK><UNK><UNK><UNK><UNK><UNK><UNK><UNK><UNK><UNK><UNK><UNK><UNK><UNK><UNK><UNK><UNK><UNK><UNK><UNK><UNK><UNK><UNK><UNK><UNK><UNK><UNK><UNK><UNK><UNK><UNK><UNK><UNK><UNK><UNK><UNK><UNK><UNK><UNK><UNK><UNK><UNK><UNK><UNK><UNK><UNK><UNK><UNK><UNK><UNK><UNK><UNK><UNK><UNK><UNK><UNK><UNK><UNK><UNK><UNK><UNK><UNK><UNK><UNK><UNK><UNK><UNK><UNK><UNK><UNK><UNK><UNK><UNK><UNK><UNK>,	1
iilʼéés	s<UNK>s<UNK><UNK>.	0
iilʼéés	s<UNK>is<UNK><UNK><UNK><UNK>	2
iiłkeed	di<UNK>eeł	2
iiłkeed	dił.	0
iiłkeed	di<UNK>,	1
neiłtseed	neisłneł,	1
neiłtseed	neisłneł	2
neiłtseed	neiteł.	0
yiłnááh	nłhá,	1
yiłnááh	nłhá	2
yiłnááh	nłhá.	0
haiłhaał	hał.	0
haiłhaał	ałhiłh,	1
haiłhaał	ałhiłh	2
naamaas	naa<s>n<UNK><UNK><UNK><UNK><UNK><UNK><UNK><UNK><UNK><UNK><UNK><UNK><UNK><UNK><UNK><UNK><UNK><UNK><UNK><UNK><UNK><UNK><UNK><UNK><UNK><UNK><UNK><UNK><UNK><UNK><UNK><UNK><UNK><UNK><UNK><UNK><UNK><UNK><UNK><UNK><UNK><UNK><UNK><UNK><UNK><UNK><UNK><UNK><UNK><UNK><UNK><UNK><UNK><UNK><UNK><UNK><UNK><UNK><UNK><UNK><UNK><UNK><UNK><UNK><UNK><UNK><UNK><UNK><UNK><UNK><UNK><UNK><UNK><UNK><UNK><UNK><UNK><UNK><UNK><UNK><UNK><UNK><UNK><UNK><UNK><UNK><UNK><UNK><UNK><UNK><UNK><UNK><UNK><UNK><UNK><UNK><UNK>.	0
naamaas	naa<s>n<UNK><UNK><UNK><UNK><UNK><UNK><UNK><UNK><UNK><UNK><UNK><UNK><UNK><UNK><UNK><UNK><UNK><UNK><UNK><UNK><UNK><UNK><UNK><UNK><UNK><UNK><UNK><UNK><UNK><UNK><UNK><UNK><UNK><UNK><UNK><UNK><UNK><UNK><UNK><UNK><UNK><UNK><UNK><UNK><UNK><UNK><UNK><UNK><UNK><UNK><UNK><UNK><UNK><UNK><UNK><UNK><UNK><UNK><UNK><UNK><UNK><UNK><UNK><UNK><UNK><UNK><UNK><UNK><UNK><UNK><UNK><UNK><UNK><UNK><UNK><UNK><UNK><UNK><UNK><UNK><UNK><UNK><UNK><UNK><UNK><UNK><UNK><UNK><UNK><UNK><UNK><UNK><UNK><UNK><UNK><UNK><UNK><UNK><UNK><UNK><UNK><UNK><UNK><UNK><UNK><UNK><UNK><UNK><UNK><UNK><UNK><UNK><UNK><UNK><UNK><UNK><UNK><UNK><UNK><UNK><UNK><UNK><UNK>	2
naamaas	naa<s>n<UNK><UNK><UNK><UNK><UNK><UNK><UNK><UNK><UNK><UNK><UNK><UNK><UNK><UNK><UNK><UNK><UNK><UNK><UNK><UNK><UNK><UNK><UNK><UNK><UNK><UNK><UNK><UNK><UNK><UNK><UNK><UNK><UNK><UNK><UNK><UNK><UNK><UNK><UNK><UNK><UNK><UNK><UNK><UNK><UNK><UNK><UNK><UNK><UNK><UNK><UNK><UNK><UNK><UNK><UNK><UNK><UNK><UNK><UNK><UNK><UNK><UNK><UNK><UNK><UNK><UNK><UNK><UNK><UNK><UNK><UNK><UNK><UNK><UNK><UNK><UNK><UNK><UNK><UNK><UNK><UNK><UNK><UNK><UNK><UNK><UNK><UNK><UNK><UNK><UNK><UNK><UNK><UNK><UNK><UNK><UNK><UNK><UNK><UNK><UNK><UNK><UNK><UNK><UNK><UNK><UNK><UNK><UNK><UNK><UNK><UNK><UNK><UNK><UNK><UNK><UNK><UNK><UNK><UNK><UNK><UNK><UNK><UNK>	1
yiyą́	yiyą́.	0
yiyą́	yiyą́,	1
yiyą́	yiyą́	2
chʼéldlóósh	hląh.	0
chʼéldlóósh	dlsh	2
chʼéldlóósh	dlsh,	1
iiłʼeeł	i<UNK><s>eł,	1
iiłʼeeł	i<UNK>eeł	2
iiłʼeeł	haei<UNK>ł.	0
iitsʼǫǫd	ditis<UNK><UNK><UNK>.	0
iitsʼǫǫd	dits<UNK><UNK><UNK><UNK><UNK>	2
iitsʼǫǫd	dits<UNK><UNK><UNK><UNK>,	1
iikʼáíí	<UNK>i<UNK>á	2
iikʼáíí	ní<UNK>á,	1
iikʼáíí	ní<UNK>á.	0
yicha	yiyh	2
yicha	yiyh,	1
yicha	yiyh.	0
iimáás	s<UNK>s<UNK><UNK><UNK><UNK><UNK><UNK><UNK><UNK><UNK><UNK><UNK><UNK><UNK><UNK><UNK><UNK><UNK><UNK><UNK><UNK><UNK><UNK><UNK><UNK><UNK><UNK><UNK><UNK><UNK><UNK><UNK><UNK><UNK><UNK><UNK><UNK><UNK><UNK><UNK><UNK><UNK><UNK><UNK><UNK><UNK><UNK><UNK><UNK><UNK><UNK><UNK><UNK><UNK><UNK><UNK><UNK><UNK><UNK><UNK><UNK><UNK><UNK><UNK><UNK><UNK><UNK><UNK><UNK><UNK><UNK><UNK><UNK><UNK><UNK><UNK><UNK><UNK><UNK><UNK><UNK><UNK><UNK><UNK><UNK><UNK><UNK><UNK><UNK><UNK><UNK><UNK><UNK><UNK><UNK><UNK><UNK><UNK><UNK><UNK><UNK><UNK><UNK><UNK><UNK><UNK><UNK><UNK><UNK><UNK><UNK><UNK><UNK><UNK><UNK><UNK><UNK><UNK><UNK><UNK><UNK><UNK><UNK><UNK><UNK><UNK>	2
iimáás	s<UNK>s<UNK><UNK><UNK><UNK><UNK><UNK><UNK><UNK><UNK><UNK><UNK><UNK><UNK><UNK><UNK><UNK><UNK><UNK><UNK><UNK><UNK><UNK><UNK><UNK><UNK><UNK><UNK><UNK><UNK><UNK><UNK><UNK><UNK><UNK><UNK><UNK><UNK><UNK><UNK><UNK><UNK><UNK><UNK><UNK><UNK><UNK><UNK><UNK><UNK><UNK><UNK><UNK><UNK><UNK><UNK><UNK><UNK><UNK><UNK><UNK><UNK><UNK><UNK><UNK><UNK><UNK><UNK><UNK><UNK><UNK><UNK><UNK><UNK><UNK><UNK><UNK><UNK><UNK><UNK><UNK><UNK><UNK><UNK><UNK><UNK><UNK><UNK><UNK><UNK><UNK><UNK>,	1
iimáás	yisá.	0
diidiłjeeh	diłheh	2
diidiłjeeh	dił.	0
diidiłjeeh	diłheh,	1
yidiitsʼį́į́h	yidh	2
yidiitsʼį́į́h	yidh.	0
yidiitsʼį́į́h	yidh,	1
neiłmaas	neis<UNK><UNK><UNK><UNK><UNK><UNK><UNK><UNK><UNK><UNK><UNK><UNK><UNK><UNK><UNK><UNK><UNK><UNK><UNK><UNK><UNK><UNK><UNK><UNK><UNK><UNK><UNK><UNK><UNK><UNK><UNK><UNK><UNK><UNK><UNK><UNK><UNK><UNK><UNK><UNK><UNK><UNK><UNK><UNK><UNK><UNK><UNK><UNK><UNK><UNK><UNK><UNK><UNK><UNK><UNK><UNK>,	1
neiłmaas	neisł.	0
neiłmaas	neis<UNK><UNK><UNK><UNK><UNK><UNK><UNK><UNK><UNK><UNK><UNK><UNK><UNK><UNK><UNK><UNK><UNK><UNK><UNK><UNK><UNK><UNK><UNK><UNK><UNK><UNK><UNK><UNK><UNK><UNK><UNK><UNK><UNK><UNK><UNK><UNK><UNK><UNK><UNK><UNK><UNK><UNK><UNK><UNK><UNK><UNK><UNK><UNK><UNK><UNK><UNK><UNK><UNK><UNK><UNK><UNK><UNK><UNK><UNK><UNK><UNK><UNK><UNK><UNK><UNK><UNK><UNK><UNK><UNK><UNK><UNK><UNK><UNK><UNK><UNK><UNK><UNK><UNK><UNK><UNK><UNK><UNK><UNK><UNK><UNK><UNK><UNK><UNK><UNK><UNK><UNK><UNK><UNK><UNK><UNK><UNK><UNK><UNK><UNK><UNK>	2
yikʼá	yi<UNK>á,	1
yikʼá	yi<UNK>á	2
yikʼá	yiyá.	0
yiltłʼééh	yityylh.	0
yiltłʼééh	yityylh,	1
yiltłʼééh	yityylh	2
átʼį́	á.	0
átʼį́	á,	1
átʼį́	á	2
iiłtʼood	diłłłhodh	2
iiłtʼood	diłho<UNK><UNK><UNK><UNK><UNK><UNK><UNK><UNK><UNK><UNK><UNK><UNK><UNK><UNK><UNK><UNK><UNK><UNK><UNK><UNK><UNK><UNK><UNK><UNK><UNK><UNK><UNK><UNK><UNK><UNK>.	0
iiłtʼood	dił<UNK>od<UNK><UNK><UNK><UNK><UNK><UNK><UNK><UNK><UNK><UNK><UNK><UNK><UNK><UNK><UNK><UNK><UNK><UNK><UNK><UNK><UNK><UNK><UNK><UNK><UNK><UNK><UNK><UNK><UNK><s><s>odododododododododododododododododododododododododododododododododododododododododododododo	1
yiłnaad	naa<s>nidł,	1
yiłnaad	naał.	0
yiłnaad	naa<s>nidł	2
yíłdóóh	y	1
yíłdóóh	yił.	0
yíłdóóh	y	2
yiłchxǫǫh	yiłh<s>yh	2
yiłchxǫǫh	yił.	0
yiłchxǫǫh	yiłh<s>yh,	1
neitin	neitit,	1
neitin	neiteh	2
neitin	neitaeh.	0
naalchiʼ	naalni<UNK>h.	0
naalchiʼ	naalni<UNK>h,	1
naalchiʼ	naalni<UNK>h	2
oołbįįh	ho<UNK>,	1
oołbįįh	ho<UNK>.	0
oołbįįh	hołho<UNK>h	2
neilé	nei<UNK>lne<UNK><UNK><UNK><UNK><UNK><UNK><UNK><UNK><UNK><UNK><UNK><UNK><UNK><UNK><UNK><UNK><UNK><UNK><UNK><UNK><UNK><UNK><UNK><UNK><UNK><UNK><UNK><UNK><UNK><UNK><UNK><UNK><UNK><UNK><UNK><UNK><UNK><UNK><UNK><UNK><UNK><UNK><UNK><UNK><UNK><UNK><UNK><UNK><UNK><UNK><UNK><UNK><UNK><UNK><UNK><UNK><UNK><UNK><UNK><UNK><UNK><UNK><UNK><UNK><UNK><UNK><UNK><UNK><UNK><UNK><UNK><UNK><UNK><UNK><UNK><UNK><UNK><UNK><UNK><UNK><UNK><UNK><UNK><UNK><UNK><UNK><UNK><UNK><UNK><UNK><UNK><UNK><UNK><UNK><UNK><UNK><UNK>lne<UNK><UNK><UNK><UNK>lne<UNK><UNK><UNK><UNK><UNK><UNK><UNK><UNK><UNK><UNK><UNK><UNK><UNK><UNK>	1
neilé	nei<UNK>lne<UNK><UNK><UNK><UNK><UNK><UNK><UNK><UNK><UNK><UNK><UNK><UNK><UNK><UNK><UNK><UNK><UNK><UNK><UNK><UNK><UNK><UNK><UNK><UNK><UNK><UNK><UNK><UNK><UNK><UNK><UNK><UNK><UNK><UNK><UNK><UNK><UNK><UNK><UNK><UNK><UNK><UNK><UNK><UNK><UNK><UNK><UNK><UNK><UNK><UNK><UNK><UNK><UNK><UNK><UNK><UNK><UNK><UNK><UNK><UNK><UNK><UNK><UNK><UNK><UNK><UNK><UNK><UNK><UNK><UNK><UNK><UNK><UNK><UNK><UNK><UNK><UNK><UNK><UNK><UNK><UNK><UNK><UNK><UNK><UNK><UNK><UNK><UNK><UNK><UNK><UNK><UNK><UNK><UNK><UNK><UNK><UNK><UNK><UNK><UNK><UNK><UNK><UNK><UNK>lne<UNK><UNK><UNK><UNK><UNK><UNK><UNK><UNK><UNK><UNK><UNK><UNK><UNK><UNK>	2
neilé	nei<UNK>ln<UNK><UNK><UNK><UNK><UNK><UNK><UNK><UNK><UNK><UNK><UNK><UNK><UNK><UNK><UNK><UNK><UNK><UNK><UNK><UNK><UNK><UNK><UNK><UNK><UNK><UNK><UNK><UNK><UNK><UNK><UNK><UNK><UNK><UNK><UNK><UNK><UNK><UNK><UNK><UNK><UNK><UNK><UNK><UNK><UNK><UNK><UNK><UNK><UNK><UNK><UNK><UNK><UNK><UNK><UNK><UNK><UNK><UNK><UNK><UNK><UNK><UNK><UNK><UNK><UNK><UNK><UNK><UNK><UNK><UNK><UNK><UNK><UNK><UNK><UNK><UNK><UNK><UNK><UNK><UNK><UNK><UNK><UNK><UNK><UNK><UNK><UNK><UNK><UNK><UNK><UNK><UNK><UNK><UNK><UNK><UNK><UNK><UNK><UNK><UNK><UNK><UNK><UNK><UNK>.	0
yíyeeh	y	1
yíyeeh	y	0
yíyeeh	y	2
yiyiitsʼǫs	yits<UNK>.	0
yiyiitsʼǫs	yits<UNK><UNK><UNK><UNK>,	1
yiyiitsʼǫs	yits<UNK><UNK><UNK><UNK>	2
hashkeeh	ae<UNK><UNK><UNK>h	2
hashkeeh	hash.	0
hashkeeh	ae<UNK>h,	1
neiłjooł	neijooł	2
neiłjooł	neijooł.	0
neiłjooł	neijooł,	1
yiłdééh	yił.	0
yiłdééh	yid<UNK><UNK>h	2
yiłdééh	yiłhiłh,	1
yigeeh	yigeeh,	1
yigeeh	yigeeh	2
yigeeh	yigeeh.	0
iiłháásh	sh	2
iiłháásh	sh.	0
iiłháásh	ałhá,	1
iiłjiid	dijddddddddddddddddddddddddddddddddddddddddddddddddddddddddddddddddddddddddddddddddddddddddddddddddddddddddddddddddddddddddddddd	1
iiłjiid	dijaaał	2
iiłjiid	dijaaał.	0
yiʼeesh	yish,	1
yiʼeesh	yish.	0
yiʼeesh	yish	2
yijeeh	yijeeh.	0
yijeeh	yijeeh	2
yijeeh	yijaaah,	1
naachxǫʼ	naa<UNK><UNK><UNK>h,	1
naachxǫʼ	naa<UNK><UNK><UNK>h	2
naachxǫʼ	naa<UNK><UNK><UNK>h.	0
yiłjįzh	yijyyyyh,	1
yiłjįzh	yijyyyył.	0
yiłjįzh	yijyyyyyyyyyyyyyyyyyyyyyyyyyyyyyyyyyyyyyyyyyyyyyyyyyyyyyyyyyyyyyyyyyyyyyyyyyyyyyyyyyyyyyyyyyyyyyyyyyyyyyyyyyyyyyyyyyyyyyyyyyyyyy	2
neiziid	nei<UNK>ne<UNK><UNK><UNK><UNK><UNK>e<UNK>e<UNK>e<UNK>e<UNK><UNK><UNK><UNK>eeee<UNK><UNK><UNK>e<UNK>e<UNK><UNK><UNK>e<UNK>e<UNK>e<UNK>e<UNK>e<UNK>eeee<UNK>e<UNK>e<UNK>e<UNK><UNK>e<UNK>eee<UNK><UNK><UNK>e<UNK>e<UNK><UNK>e<UNK>e<UNK><UNK><UNK><UNK>ee<UNK>e<UNK>e<UNK>e<UNK>e<UNK>e<UNK>e<UNK>e<UNK>e<UNK>e<UNK>e<UNK>e<UNK>eee<UNK>e<UNK><UNK>eeee<UNK><UNK><UNK>e<UNK>e<UNK>e<UNK>e<UNK>e<UNK>ee	1
neiziid	nei<UNK>e<UNK><UNK><UNK><UNK><UNK><UNK><UNK><UNK><UNK><UNK><UNK><UNK><UNK><UNK><UNK><UNK><UNK><UNK><UNK><UNK><UNK><UNK><UNK><UNK><UNK><UNK><UNK><UNK><UNK><UNK><UNK><UNK><UNK><UNK><UNK><UNK><UNK><UNK><UNK><UNK><UNK><UNK><UNK><UNK><UNK><UNK><UNK><UNK><UNK><UNK><UNK><UNK><UNK><UNK><UNK><UNK><UNK><UNK><UNK><UNK><UNK><UNK><UNK><UNK><UNK><UNK><UNK><UNK><UNK><UNK><UNK><UNK><UNK><UNK><UNK><UNK><UNK><UNK><UNK><UNK><UNK><UNK><UNK><UNK><UNK><UNK>e<UNK><UNK><UNK><UNK><UNK><UNK>e<UNK><UNK><UNK><UNK>e<UNK>e<UNK><UNK><UNK><UNK><UNK>e<UNK><UNK><UNK><UNK><UNK><UNK><UNK>e<UNK><UNK><UNK><UNK><UNK><UNK><UNK><UNK>	2
neiziid	nei<UNK>e<UNK><UNK><UNK><UNK><UNK><UNK><UNK><UNK><UNK><UNK><UNK><UNK><UNK><UNK><UNK><UNK><UNK><UNK><UNK><UNK><UNK><UNK><UNK><UNK><UNK><UNK><UNK><UNK><UNK><UNK><UNK><UNK><UNK><UNK><UNK><UNK><UNK><UNK><UNK><UNK><UNK><UNK><UNK><UNK><UNK><UNK><UNK><UNK><UNK><UNK><UNK><UNK><UNK><UNK><UNK><UNK><UNK><UNK><UNK><UNK><UNK><UNK><UNK><UNK><UNK><UNK><UNK><UNK><UNK><UNK><UNK><UNK><UNK><UNK><UNK><UNK><UNK><UNK><UNK><UNK><UNK><UNK><UNK><UNK><UNK><UNK><UNK><UNK><UNK><UNK><UNK><UNK><UNK><UNK><UNK><UNK><UNK><UNK><UNK>.	0
yighááh	yigá.	0
yighááh	yigá,	1
yighááh	yigá	2
neiká	nei<UNK>á.	0
neiká	nei<UNK>ná,	1
neiká	nei<UNK>á	2
yénálniih	nhlniyá	2
yénálniih	nhlniyá,	1
yénálniih	níyá.	0
haikʼę́ę́h	ha<UNK>aa<UNK><UNK><UNK><UNK><UNK><UNK><UNK><UNK><UNK><UNK><UNK><UNK><UNK><UNK><UNK><UNK><UNK><UNK><UNK><UNK><UNK><UNK><UNK><UNK><UNK><UNK><UNK><UNK><UNK><UNK><UNK><UNK><UNK><UNK><UNK><UNK><UNK><UNK><UNK><UNK><UNK><UNK><UNK><UNK><UNK><UNK><UNK><UNK><UNK><UNK><UNK><UNK><UNK><UNK><UNK><UNK><UNK><UNK><UNK><UNK><UNK><UNK><UNK><UNK><UNK><UNK><UNK><UNK><UNK><UNK><UNK><UNK><UNK><UNK><UNK><UNK><UNK><UNK><UNK><UNK><UNK><UNK><UNK><UNK><UNK><UNK><UNK><UNK><UNK><UNK><UNK><UNK><UNK><UNK><UNK><UNK><UNK><UNK><UNK><UNK><UNK><UNK><UNK><UNK><UNK><UNK><UNK><UNK><UNK><UNK><UNK><UNK><UNK><UNK><UNK><UNK><UNK><UNK><UNK><UNK><UNK><UNK><UNK>	0
haikʼę́ę́h	a<UNK>hi<UNK>,	1
haikʼę́ę́h	a<UNK>hi<UNK>	2
iiłtʼééh	hata<s><UNK><UNK><UNK>h,	1
iiłtʼééh	hat<UNK><UNK><UNK><UNK><UNK><UNK><UNK><UNK><UNK><UNK><UNK><UNK><UNK><UNK><UNK><UNK><UNK><UNK><UNK><UNK><UNK><UNK><UNK><UNK><UNK><UNK><UNK><UNK><UNK><UNK><UNK><UNK><UNK><UNK><UNK><UNK><UNK><UNK><UNK><UNK><UNK><UNK><UNK><UNK><UNK><UNK><UNK><UNK><UNK><UNK><UNK><UNK><UNK><UNK><UNK><UNK><UNK><UNK><UNK><UNK><UNK><UNK><UNK><UNK><UNK><UNK><UNK><UNK><UNK><UNK><UNK><UNK><UNK><UNK><UNK><UNK><UNK><UNK><UNK><UNK><UNK><UNK><UNK><UNK><UNK><UNK><UNK><UNK><UNK><UNK><UNK><UNK><UNK><UNK><UNK><UNK><UNK><UNK><UNK><UNK><UNK><UNK><UNK><UNK><UNK><UNK><UNK><UNK><UNK><UNK><UNK><UNK><UNK><UNK><UNK><UNK><UNK><UNK><UNK><UNK><UNK><UNK><UNK><UNK><UNK>	0
iiłtʼééh	hiłhi<UNK>h	2
yikʼąąs	yis<UNK>ą<UNK><UNK><UNK>	2
yikʼąąs	yiyą<UNK>ą<UNK><UNK><UNK>ą<UNK>ą<UNK>ą<UNK>ą<UNK>ą<UNK>ą<UNK>ą<UNK>ą<UNK>ą<UNK>ą<UNK>ą<UNK>ą<UNK>ą<UNK>ą<UNK>ą<UNK>ą<UNK>ą<UNK>ą<UNK>ą<UNK>ą<UNK>ą<UNK>ą<UNK>ą<UNK>ą<UNK>ą<UNK>ą<UNK>ą<UNK>ą<UNK>ą<UNK>ą<UNK>ą<UNK>ą<UNK>.	0
yikʼąąs	yis<UNK>ą<UNK><UNK>,	1
yiníłʼį́	níy<UNK><UNK><UNK><UNK>́,	1
yiníłʼį́	níyił́	2
yiníłʼį́	níy<UNK><UNK><UNK><UNK><UNK><UNK><UNK><UNK>.	0
haishóóh	a<UNK>hish,	1
haishóóh	a<UNK>hish	2
haishóóh	hash.	0
yikʼíididis	yid<UNK><UNK><UNK><UNK><UNK><UNK><UNK><UNK><UNK><UNK><UNK><UNK><UNK><UNK><UNK><UNK><UNK><UNK><UNK><UNK><UNK><UNK><UNK><UNK><UNK><UNK><UNK><UNK><UNK><UNK><UNK><UNK><UNK><UNK><UNK><UNK><UNK><UNK><UNK><UNK><UNK><UNK><UNK><UNK><UNK><UNK><UNK><UNK><UNK><UNK><UNK><UNK><UNK><UNK><UNK><UNK><UNK><UNK><UNK><UNK><UNK><UNK><UNK><UNK><UNK><UNK>	2
yikʼíididis	yid<UNK>y<UNK>,	1
yikʼíididis	yid<UNK>y<UNK>.	0
chʼínádzííd	nídá,	1
chʼínádzííd	nídá.	0
chʼínádzííd	nídá	2
iiłtʼááh	há	2
iiłtʼááh	há.	0
iiłtʼááh	hatá,	1
neiłtʼaʼ	neitał.	0
neiłtʼaʼ	neił<UNK><s>ne<UNK><UNK><UNK><UNK><UNK><UNK><UNK><UNK><UNK><UNK><UNK><UNK><UNK><UNK><UNK><UNK><UNK><UNK><UNK><UNK><UNK><UNK><UNK><UNK><UNK><UNK><UNK><UNK><UNK><UNK><UNK><UNK><UNK><UNK><UNK><UNK><UNK><UNK><UNK><UNK><UNK><UNK><UNK><UNK><UNK><UNK><UNK><UNK><UNK><UNK><UNK><UNK><UNK><UNK><UNK><UNK><UNK><UNK><UNK><UNK><UNK><UNK><UNK><UNK><UNK><UNK><UNK><UNK><UNK><UNK><UNK><UNK><UNK><UNK><UNK><UNK><UNK><UNK><UNK><UNK><UNK><UNK><UNK><UNK><UNK><UNK><UNK><UNK><UNK><UNK><UNK><UNK><UNK><UNK><UNK><UNK><UNK><UNK><UNK><UNK><UNK><UNK><UNK>ae<UNK><UNK><UNK><UNK><UNK><UNK><UNK><UNK><UNK><UNK><UNK><UNK><UNK><UNK><UNK>	2
neiłtʼaʼ	neiłne<UNK><UNK><UNK><UNK><UNK><UNK><UNK><UNK><UNK><UNK><UNK><UNK><UNK><UNK><UNK><UNK><UNK><UNK><UNK><UNK><UNK><UNK><UNK><UNK><UNK><UNK><UNK><UNK><UNK><UNK><UNK><UNK><UNK><UNK><UNK><UNK><UNK><UNK><UNK><UNK><UNK><UNK><UNK><UNK><UNK><UNK><UNK><UNK><UNK><UNK><UNK><UNK><UNK><UNK><UNK><UNK><UNK><UNK><UNK><UNK><UNK><UNK><UNK><UNK><UNK><UNK><UNK><UNK><UNK><UNK><UNK><UNK><UNK><UNK><UNK><UNK><UNK><UNK><UNK><UNK><UNK><UNK><UNK><UNK><UNK><UNK><UNK><UNK><UNK><UNK><UNK><UNK><UNK><UNK><UNK><UNK><UNK><UNK>,	1
yilnood	ndidlnidlnidlnidlnidlnidlnidlnidlnidlnidlnidlnidlnidlnidlnidlnidlnidlnidlnidlnidlnidlnidlnidlnidlnidlnidlnidlnidlnidlnidlnidlnid	1
yilnood	ndidlnidlnidlnidlnidlnidlnidlnidlnidlnidlnidlnidlnidlnidlnidlnidlnidlnidlnidlnidlnidlnidlnidlnidlnidlnidlnidlnidlnidlnidlnidlnid	2
yilnood	ndidlnidlnidlnidlnidlnidlnidlnidlnidlnidlnidlnidlnidlnidlnidlnidlnidlnidlnidlnidlnidlnidlnidlnidlnidlnidlnidlnidlnidlnidlnidlnid	0
nayiiłniih	naa<s>niyh,	1
nayiiłniih	naał.	0
nayiiłniih	naa<s>niyh	2
iiʼnééh	nhi<UNK>nh	2
iiʼnééh	ní<UNK><UNK><UNK><UNK><UNK>h.	0
iiʼnééh	nha<UNK><UNK>h,	1
naabé	naabaa<UNK><UNK><UNK><UNK><UNK><UNK><UNK><UNK><UNK><UNK><UNK><UNK><UNK><UNK><UNK><UNK><UNK><UNK><UNK><UNK><UNK><UNK><UNK><UNK><UNK><UNK><UNK><UNK><UNK><UNK><UNK><UNK><UNK><UNK><UNK><UNK><UNK><UNK><UNK><UNK><UNK><UNK><UNK><UNK><UNK><UNK><UNK><UNK><UNK><UNK><UNK><UNK><UNK><UNK><UNK><UNK><UNK><UNK><UNK><UNK><UNK><UNK><UNK><UNK><UNK><UNK><UNK><UNK><UNK><UNK><UNK><UNK><UNK><UNK><UNK><UNK><UNK><UNK><UNK><UNK><UNK><UNK><UNK><UNK><UNK><UNK><UNK><UNK><UNK><UNK><UNK><UNK><UNK><UNK><UNK><UNK><UNK><UNK><UNK>aa<UNK><UNK><UNK><UNK>aaaaaaaaaaaaaaaaa	0
naabé	naabaa<UNK><UNK><UNK><UNK><UNK><UNK><UNK><UNK><UNK><UNK><UNK><UNK><UNK><UNK><UNK><UNK><UNK><UNK><UNK><UNK><UNK><UNK><UNK><UNK><UNK><UNK><UNK><UNK><UNK><UNK><UNK><UNK><UNK><UNK><UNK><UNK><UNK><UNK><UNK><UNK><UNK><UNK><UNK><UNK><UNK><UNK><UNK><UNK><UNK><UNK><UNK><UNK><UNK><UNK><UNK><UNK><UNK><UNK><UNK><UNK><UNK><UNK><UNK><UNK><UNK><UNK><UNK><UNK><UNK><UNK><UNK><UNK><UNK><UNK><UNK><UNK><UNK><UNK><UNK><UNK><UNK><UNK><UNK><UNK><UNK><UNK><UNK><UNK><UNK><UNK><UNK><UNK><UNK><UNK><UNK><UNK><UNK><UNK><UNK><UNK><UNK><UNK><UNK><UNK><UNK>aaaaaaaaaaaaaaaaa	2
naabé	naabaa<UNK><UNK><UNK><UNK><UNK><UNK><UNK><UNK><UNK><UNK><UNK><UNK><UNK><UNK><UNK><UNK><UNK><UNK><UNK><UNK><UNK><UNK><UNK><UNK><UNK><UNK><UNK><UNK><UNK><UNK><UNK><UNK><UNK><UNK><UNK><UNK><UNK><UNK><UNK><UNK><UNK><UNK><UNK><UNK><UNK><UNK><UNK><UNK><UNK><UNK><UNK><UNK><UNK><UNK><UNK><UNK><UNK><UNK><UNK><UNK><UNK><UNK><UNK><UNK><UNK><UNK><UNK><UNK><UNK><UNK><UNK><UNK><UNK><UNK><UNK><UNK><UNK><UNK><UNK><UNK><UNK><UNK><UNK><UNK><UNK>aaaaaaaaaaaaaaaaaaaaaaaaaaaaaaaaaaaaa	1
naadá	naaá	2
naadá	naaá,	1
naadá	naaá.	0
yidleesh	yidlh,	1
yidleesh	yidleh	2
yidleesh	yidleh.	0
iiłmáás	s<UNK>ił.	0
iiłmáás	s<UNK>iłá	2
iiłmáás	s<UNK>iłá,	1
yideeł	yiłyeł	2
yideeł	yiłyeł,	1
yideeł	yidł.	0
haiłgééd	agaaah,	1
haiłgééd	agaaah	2
haiłgééd	hdadał.	0
iildzííł	<UNK>dlidl<UNK>ł	2
iildzííł	nídlidl<s>l<s>l<s>l<s>lidl<s>l<s>l<s>l<s>lidl<s>l<s>l<s>l<s>l<s>l<s>l<s>l<s>lidlidlidlidlidl<s>l<s>l<s>l<s>l<s>l<s>l<s>l<s>l<s>l<s>l<s>l<s>l<s>l<s>lidl<s>l<s>l<s>l<s>lidl<s>l<s>l<s>l<s>l<s>l<s>l<s>l<s>l<s>l<s>l<s>l<s>l<s>l	0
iildzííł	idlllll<s>l<s>l<s>l<s>l<s>l<s>l<s>l<s>l<s>l<s>l<s>l<s>l<s>l<s>l<s>l<s>l<s>l<s>l<s>l<s>l<s>l<s>l<s>l<s>l<s>l<s>l<s>l<s>l<s>l<s>l<s>l<s>l<s>l<s>l<s>l<s>l<s>l<s>l<s>l<s>l<s>l<s>l<s>l<s>l<s>l<s>l<s>l<s>l<s>l<s>l<s>l<s>l<s>l<s>l<s>l<s>l<s>l<s>l<s>l<s>l<s>	1
naalchʼąął	naalnh,	1
naalchʼąął	naaln<UNK>ł.	0
naalchʼąął	naalnh	2
haigééd	agaaa<UNK><UNK>h,	1
haigééd	agaaah	2
haigééd	hdada<UNK><UNK><UNK><UNK><UNK><UNK><UNK><UNK><UNK><UNK><UNK><UNK><UNK><UNK>h.	0
yíłmáás	yá.	0
yíłmáás	yá,	1
yíłmáás	yá	2
yiłchʼal	yił.	0
yiłchʼal	yiłhlylyh	2
yiłchʼal	yiłhlylyh,	1
yidzííd	yid<UNK><UNK><UNK><UNK><UNK><UNK><UNK><UNK>y<UNK><UNK><UNK><UNK><UNK><UNK>y<UNK>,	1
yidzííd	yid<UNK><UNK><UNK><UNK><UNK><UNK><UNK><UNK><UNK><UNK><UNK><UNK><UNK><UNK><UNK><UNK><UNK><UNK><UNK><UNK><UNK><UNK><UNK><UNK><UNK><UNK><UNK><UNK><UNK><UNK><UNK><UNK><UNK><UNK><UNK><UNK><UNK><UNK><UNK><UNK><UNK><UNK><UNK><UNK><UNK><UNK><UNK><UNK><UNK><UNK><UNK><UNK><UNK><UNK><UNK><UNK><UNK><UNK><UNK><UNK><UNK><UNK><UNK><UNK><UNK><UNK>	2
yidzííd	yid<UNK>y<UNK>.	0
