زدن	زدند	28
زدن	بزد	17
زدن	می‌زدند	25
زدن	زدن	27
زدن	نزده‌ام	4
زدن	زدی	13
زدن	زد	29
زدن	نمی‌زد	15
زدن	زده‌اند	20
زدن	نزده	8
زدن	زدید	14
زدن	نزدم	1
زدن	زده	30
زدن	بزد	21
زدن	برزد	7
زدن	می‌زدند	2
زدن	زده‌ای	19
زدن	بزدید	3
زدن	زدۀ	6
زدن	زدم	22
زدن	نزده‌اید	5
زدن	نزدند	12
زدن	نزد	24
زدن	بزدم	11
زدن	زده‌اید	16
زدن	می‌زدم	10
زدن	زدنم	0
زدن	زده‌ایم	9
زدن	زده‌ام	18
زدن	زدیم	23
زدن	می‌زد	26
نامیدن	نامی	6
نامیدن	نمی‌نامید	15
نامیدن	نامیدم	22
نامیدن	ننامید	24
نامیدن	نامیده‌اید	16
نامیدن	نامیدید	14
نامیدن	بنامید	3
نامیدن	نامید	29
نامیدن	بنامیم	11
نامیدن	نامش	0
نامیدن	نامیدن	27
نامیدن	نامیده	30
نامیدن	نامیده‌ایم	9
نامیدن	می‌نامیدند	25
نامیدن	بنامید	1
نامیدن	ننامیدند	12
نامیدن	می‌نامیم	10
نامیدن	می‌نامید	4
نامیدن	نامیدی	13
نامیدن	می‌نامید	2
نامیدن	نامیده‌اند	20
نامیدن	می‌نامید	26
نامیدن	نامیده‌ای	19
نامیدن	برنامید	7
نامیدن	بنامی	17
نامیدن	نام	8
نامیدن	ننامیده‌اید	5
نامیدن	نامیدند	28
نامیدن	نامیده‌ام	18
نامیدن	نامیدیم	23
نامیدن	بنامید	21
ایستادن	ایستاده‌ایم	9
ایستادن	می‌ایم	10
ایستادن	ایستاد	29
ایستادن	نایستاده‌اید	5
ایستادن	ایستادی	13
ایستادن	ایستادیم	23
ایستادن	نمی‌ایستاد	15
ایستادن	ایستاده‌ای	19
ایستادن	ایستاده‌اند	20
ایستادن	ایستادگان	0
ایستادن	نایستادند	12
ایستادن	ایستادن	27
ایستادن	نایستاده‌ام	4
ایستادن	نایستاد	24
ایستادن	ایستاده	8
ایستادن	برایستاد	7
ایستادن	می‌ایستادند	25
ایستادن	می‌ایستاد	26
ایستادن	بایستاد	21
ایستادن	ایستادند	28
ایستادن	ایستاده	30
ایستادن	ایستادید	14
ایستادن	ایستادۀ	6
ایستادن	بایم	11
ایستادن	ایستاده‌ام	18
ایستادن	نایستادم	1
ایستادن	ایستادم	22
ایستادن	بایستاد	17
ایستادن	می‌ایستاد	2
ایستادن	نایستاده‌ام	3
ایستادن	ایستاده‌اید	16
ورزش کردن	می‌ورزیم	10
ورزش کردن	ورزیدید	14
ورزش کردن	ورزش	12
ورزش کردن	ورزش	9
ورزش کردن	نورزش	24
ورزش کردن	ورزش	0
ورزش کردن	بورزیم	11
ورزش کردن	ورزیدم	22
ورزش کردن	ورزیده‌اید	16
ورزش کردن	ورزش	18
ورزش کردن	می‌ورزش	26
ورزش کردن	ورزش	29
ورزش کردن	می‌ورزش	25
ورزش کردن	ورزش	30
ورزش کردن	ورزِ	6
ورزش کردن	بورزش	21
ورزش کردن	ورزی	13
ورزش کردن	بورز	1
ورزش کردن	ورزش	4
ورزش کردن	ورزش	27
ورزش کردن	بورزید	3
ورزش کردن	ورزیده‌اید	5
ورزش کردن	ورزش	15
ورزش کردن	برزش	7
ورزش کردن	ورزش	28
ورزش کردن	بورزی	17
ورزش کردن	ورزی	19
ورزش کردن	ورزش	23
ورزش کردن	ورزش	20
ورزش کردن	می‌ورزید	2
ورزش کردن	ورز	8
مردن	مرده‌اند	20
مردن	نمرده‌اید	5
مردن	نمی‌مرد	15
مردن	بمرند	1
مردن	مردم	22
مردن	مردن	27
مردن	مردگان	0
مردن	نمرد	24
مردن	مردید	14
مردن	مرده	30
مردن	مرده‌ایم	9
مردن	مرد	29
مردن	بمر	17
مردن	می‌مرم	10
مردن	مرده‌ام	18
مردن	مردند	28
مردن	مرده‌اید	16
مردن	می‌مردند	25
مردن	مردۀ	6
مردن	بمرید	3
مردن	برمرد	7
مردن	مردی	13
مردن	نمرده	8
مردن	می‌مرید	4
مردن	می‌مرند	2
مردن	مرده‌ای	19
مردن	می‌مرد	26
مردن	بمرم	11
مردن	مردیم	23
مردن	نمردند	12
مردن	بمرد	21
نهیب زدن	نمی‌نهید	15
نهیب زدن	ننهید	24
نهیب زدن	می‌نهید	26
نهیب زدن	ننهید	3
نهیب زدن	می‌نهیم	10
نهیب زدن	ننهیدم	1
نهیب زدن	نهیبزدید	14
نهیب زدن	نهیبزده‌ام	18
نهیب زدن	برنهید	7
نهیب زدن	نهییده‌ازد	20
نهیب زدن	نهیبه‌ای	19
نهیب زدن	می‌نهیز	2
نهیب زدن	نهیبزدیم	23
نهیب زدن	نهیبگاز	0
نهیب زدن	نهیبزدند	28
نهیب زدن	ننهیده‌اید	5
نهیب زدن	بنهی	17
نهیب زدن	نهیبه‌اید	16
نهیب زدن	نهیده	30
نهیب زدن	نهیبزِ	6
نهیب زدن	ننهیدزد	12
نهیب زدن	بنهیم	11
نهیب زدن	نهیبزدن	27
نهیب زدن	نهیبزد	29
نهیب زدن	بنهید	21
نهیب زدن	ننهیده‌ام	4
نهیب زدن	نهیب	8
نهیب زدن	نهیبزدی	13
نهیب زدن	می‌نهیدند	25
نهیب زدن	نهیبزده‌ایم	9
نهیب زدن	نهیبزدم	22
بخشیدن	بخشیده‌ای	19
بخشیدن	بخشش	0
بخشیدن	ببخشیم	11
بخشیدن	می‌بخشید	2
بخشیدن	بخشیدی	13
بخشیدن	نبخشیده‌اید	5
بخشیدن	بخشیده‌اید	16
بخشیدن	بخشیدید	14
بخشیدن	بخشیدن	27
بخشیدن	ببخشید	21
بخشیدن	نمی‌بخشید	15
بخشیدن	نبخشید	24
بخشیدن	بخشید	29
بخشیدن	نبخشیدند	12
بخشیدن	بخشیده‌ام	18
بخشیدن	بخشیده	30
بخشیدن	بخشیدم	22
بخشیدن	بخشیده‌ایم	9
بخشیدن	بخشی	6
بخشیدن	می‌بخشیم	10
بخشیدن	می‌بخشیدند	25
بخشیدن	ببخشی	17
بخشیدن	ببخشید	3
بخشیدن	نبخشیدم	1
بخشیدن	بخشیدیم	23
بخشیدن	نبخشیده‌ام	4
بخشیدن	بربخشید	7
بخشیدن	بخشیده‌اند	20
بخشیدن	می‌بخشید	26
بخشیدن	بخشیدند	28
بخشیدن	بخش	8
امضاء کردن	اما<UNK><UNK>	29
امضاء کردن	امضا<UNK>	12
امضاء کردن	امضا<UNK>	7
امضاء کردن	اما<UNK><UNK>	5
امضاء کردن	می‌ام<UNK>	26
امضاء کردن	امضا<UNK>ه‌ای	19
امضاء کردن	اما<UNK><UNK>ید	16
امضاء کردن	امضا<UNK>ده‌اند	20
امضاء کردن	ام<UNK><UNK>یم	23
امضاء کردن	امضا<UNK>	25
امضاء کردن	اما<UNK><UNK>	27
امضاء کردن	ام<UNK><UNK>ید	14
امضاء کردن	امضا<UNK>	17
امضاء کردن	بام<UNK>ب	11
امضاء کردن	ام<UNK><UNK>	24
امضاء کردن	ام<UNK><UNK>	28
امضاء کردن	امش	0
امضاء کردن	امضا<UNK>ام	4
امضاء کردن	می‌ام<UNK>	10
امضاء کردن	ام<UNK><UNK>	8
امضاء کردن	اما<UNK><UNK>ی	13
امضاء کردن	امِ	6
امضاء کردن	اما<UNK><UNK>	22
امضاء کردن	ام<UNK><UNK>ه‌ایم	9
امضاء کردن	امضا<UNK>	1
امضاء کردن	امضا<UNK>ه	30
امضاء کردن	نمی‌ام	15
امضاء کردن	امضا<UNK>	3
امضاء کردن	امضا<UNK>ام	18
امضاء کردن	بمام	21
امضاء کردن	امضا<UNK>	2
ماندن	مان	6
ماندن	ماندم	22
ماندن	بماند	21
ماندن	نماندند	12
ماندن	نماند	24
ماندن	ماندید	14
ماندن	می‌مانید	4
ماندن	بمانم	11
ماندن	می‌ماندند	25
ماندن	مانده‌ایم	9
ماندن	می‌مانند	2
ماندن	مانده‌ام	18
ماندن	ماندند	28
ماندن	برماند	7
ماندن	مانده	30
ماندن	مانده‌ای	19
ماندن	بمانید	3
ماندن	ماندنم	0
ماندن	ماندی	13
ماندن	بمانند	1
ماندن	ماندیم	23
ماندن	می‌ماند	26
ماندن	ماند	29
ماندن	نمانده‌اید	5
ماندن	مانده‌اید	16
ماندن	نمانده	8
ماندن	می‌مانم	10
ماندن	ماندن	27
ماندن	نمی‌ماند	15
ماندن	مانده‌اند	20
ماندن	بمان	17
بازی کردن	بازیدند	28
بازی کردن	بازیده‌اید	5
بازی کردن	بازی	6
بازی کردن	بازیدم	22
بازی کردن	بزی	1
بازی کردن	بازیده‌ایم	9
بازی کردن	بازیده	30
بازی کردن	بزیید	25
بازی کردن	بزی	27
بازی کردن	بازیدیم	23
بازی کردن	بزی	3
بازی کردن	بزی	14
بازی کردن	بزی	12
بازی کردن	می‌بازیم	10
بازی کردن	می‌بزازیند	2
بازی کردن	ببازی	17
بازی کردن	بازیده‌اند	20
بازی کردن	باز	8
بازی کردن	بزییده‌اید	16
بازی کردن	بزی	29
بازی کردن	بمی‌بزای	15
بازی کردن	بازش	0
بازی کردن	ببازیم	11
بازی کردن	ببازی	21
بازی کردن	بزی	13
بازی کردن	بزی	19
بازی کردن	بازیده‌ام	18
بازی کردن	بزی	4
بازی کردن	ببازیک	24
بازی کردن	بربازی	7
بازی کردن	می‌بزاید	26
یافتن	نیافته‌اید	5
یافتن	یافتۀ	6
یافتن	یافتید	14
یافتن	یافتن	27
یافتن	نیافته	8
یافتن	نیافته‌ام	3
یافتن	یافتند	28
یافتن	یافتگان	0
یافتن	یافته‌ام	18
یافتن	یافت	29
یافتن	یافتم	22
یافتن	یافتی	13
یافتن	یافتیم	23
یافتن	بیافت	21
یافتن	یافته‌اید	16
یافتن	یافته‌ای	19
یافتن	نیافتم	1
یافتن	یافته‌اند	20
یافتن	بریافت	7
یافتن	می‌یافت	2
یافتن	نیافت	24
یافتن	می‌یافتند	25
یافتن	بیافتم	11
یافتن	نیافته‌ام	4
یافتن	یافته	30
یافتن	نمی‌یافت	15
یافتن	می‌یافتم	10
یافتن	یافته‌ایم	9
یافتن	نیافتند	12
یافتن	می‌یافت	26
یافتن	بیافت	17
اضافه کردن	اضافه	13
اضافه کردن	اضافه	1
اضافه کردن	اضافه‌ایم	9
اضافه کردن	می‌افه	10
اضافه کردن	باضافه	17
اضافه کردن	اضافه‌اید	5
اضافه کردن	اضافه‌ام	18
اضافه کردن	اضافه	12
اضافه کردن	باضافه	11
اضافه کردن	اضافه	14
اضافه کردن	اضافه‌اه	25
اضافه کردن	اضافه	15
اضافه کردن	اضافه‌ای	19
اضافه کردن	اضافه	22
اضافه کردن	اضافه	8
اضافه کردن	اضافه‌اند	20
اضافه کردن	اضافه‌اند	28
اضافه کردن	اضافه	23
اضافه کردن	می‌اضفه	2
اضافه کردن	اضافه‌اه	3
اضافه کردن	اضافه	29
اضافه کردن	اضافه	30
اضافه کردن	اضافه	0
اضافه کردن	می‌اضافه	26
اضافه کردن	ناضافه	24
اضافه کردن	برافه	7
اضافه کردن	اضافه	27
اضافه کردن	اضافهِ	6
اضافه کردن	باضافه	21
اضافه کردن	اضافه‌اید	16
اضافه کردن	اضافه‌ام	4
چیدن	چیده	30
چیدن	چیده‌اید	16
چیدن	می‌چینند	2
چیدن	چیده‌ای	19
چیدن	چیده‌ام	18
چیدن	نچیده‌اید	5
چیدن	چیدید	14
چیدن	چیدۀ	6
چیدن	چیدگان	0
چیدن	بچیم	11
چیدن	چیدن	27
چیدن	بچی	17
چیدن	نچید	24
چیدن	نچیدند	12
چیدن	چیده‌اند	20
چیدن	چید	29
چیدن	می‌چید	4
چیدن	بچیند	21
چیدن	بچیند	3
چیدن	می‌چیدند	25
چیدن	چیده‌ایم	9
چیدن	چیدم	22
چیدن	می‌چید	26
چیدن	نمی‌چید	15
چیدن	چیدند	28
چیدن	چیدیم	23
چیدن	می‌چیم	10
چیدن	بچیند	1
چیدن	نچیده	8
چیدن	برچید	7
چیدن	چیدی	13
انتخاب کردن	انتخاب	4
انتخاب کردن	انتخاب	16
انتخاب کردن	انتخاب	27
انتخاب کردن	می‌انتخاب	10
انتخاب کردن	انتخاب	15
انتخاب کردن	انتخاب	14
انتخاب کردن	انتخاب	25
انتخاب کردن	انتخاب	6
انتخاب کردن	انتخاب	28
انتخاب کردن	انتخاب	1
انتخاب کردن	انتخاب	20
انتخاب کردن	انتخاب	8
انتخاب کردن	بانتخاب	11
انتخاب کردن	انتخاب	23
انتخاب کردن	انتخاب	5
انتخاب کردن	انتخاب	3
انتخاب کردن	انتخاب	19
انتخاب کردن	انتخاب	12
انتخاب کردن	انتخاب	22
انتخاب کردن	انتخاب	9
انتخاب کردن	انتخاب	0
انتخاب کردن	انتخاب	7
انتخاب کردن	می‌انتخاب	2
انتخاب کردن	می‌انتخاب	26
انتخاب کردن	انتخاب	29
انتخاب کردن	انتخاب	18
انتخاب کردن	بانتخاب	21
انتخاب کردن	انتخاب	30
انتخاب کردن	انتخاب	13
انتخاب کردن	انتخاب	17
انتخاب کردن	نانتخاب	24
دزدیدن	دزدیدن	27
دزدیدن	دزدیدیم	23
دزدیدن	می‌دزدیدند	25
دزدیدن	دزدیده‌ایم	9
دزدیدن	بدزدیم	11
دزدیدن	می‌دزدید	26
دزدیدن	دزد	8
دزدیدن	دزدی	6
دزدیدن	دزدیده‌اند	20
دزدیدن	بدزدید	3
دزدیدن	دزدیده‌ام	18
دزدیدن	دزدیدند	28
دزدیدن	بدزدید	21
دزدیدن	بدزدی	17
دزدیدن	دزدید	29
دزدیدن	دزدش	0
دزدیدن	دزدیدید	14
دزدیدن	ندزدیدند	12
دزدیدن	دزدیده‌ای	19
دزدیدن	ندزدیدم	1
دزدیدن	ندزدید	24
دزدیدن	ندزدیده‌اید	5
دزدیدن	نمی‌دزدید	15
دزدیدن	دزدیده‌اید	16
دزدیدن	دزدیدم	22
دزدیدن	ندزدیده‌ام	4
دزدیدن	می‌دزدید	2
دزدیدن	دزدیده	30
دزدیدن	دزدیدی	13
دزدیدن	بردزدید	7
دزدیدن	می‌دزدیم	10
بریدن	بریده‌ام	18
بریدن	بربرید	7
بریدن	ببرید	1
بریدن	بریده‌ای	19
بریدن	بریده‌اید	16
بریدن	بریده‌اند	20
بریدن	نبرید	24
بریدن	بریدگان	0
بریدن	بریدی	13
بریدن	برید	29
بریدن	نبریده	8
بریدن	ببرید	21
بریدن	می‌برید	4
بریدن	می‌برید	26
بریدن	ببریم	11
بریدن	ببری	17
بریدن	نبریدند	12
بریدن	بریدند	28
بریدن	بریدید	14
بریدن	بریدیم	23
بریدن	می‌بریدند	25
بریدن	می‌برید	2
بریدن	ببرید	3
بریدن	نمی‌برید	15
بریدن	بری	6
بریدن	می‌بریم	10
بریدن	بریدن	27
بریدن	بریده‌ایم	9
بریدن	بریدم	22
بریدن	بریده	30
بریدن	نبریده‌اید	5
نوشتن	نوشته‌ایم	9
نوشتن	می‌نوشت	26
نوشتن	نوشتنم	0
نوشتن	می‌نوشت	2
نوشتن	ننوشتم	1
نوشتن	ننوشته	8
نوشتن	نوشتۀ	6
نوشتن	می‌نوشتم	10
نوشتن	ننوشته‌ام	4
نوشتن	بنوشت	21
نوشتن	نوشتید	14
نوشتن	بنوشت	17
نوشتن	نوشته‌اند	20
نوشتن	نوشت	29
نوشتن	ننوشتند	12
نوشتن	بنوشتم	11
نوشتن	برنوشت	7
نوشتن	نوشتم	22
نوشتن	نوشتند	28
نوشتن	ننوشته‌اید	5
نوشتن	نوشته‌اید	16
نوشتن	می‌نوشتند	25
نوشتن	نوشتیم	23
نوشتن	نوشته‌ام	18
نوشتن	ننوشته‌ام	3
نوشتن	ننوشت	24
نوشتن	نمی‌نوشت	15
نوشتن	نوشته	30
نوشتن	نوشتن	27
نوشتن	نوشته‌ای	19
نوشتن	نوشتی	13
بزرگ شدن	بزرگ	16
بزرگ شدن	بزرگِ	20
بزرگ شدن	بزرگه‌ام	18
بزرگ شدن	بزرگِ	6
بزرگ شدن	بزرگِ	28
بزرگ شدن	بزرگی	13
بزرگ شدن	بزرگ	15
بزرگ شدن	بزرگم	22
بزرگ شدن	بزرگ	1
بزرگ شدن	ببزرگ	11
بزرگ شدن	ببزرگِ	17
بزرگ شدن	می‌بزرگ	26
بزرگ شدن	بزرگِ	27
بزرگ شدن	بزرگ	5
بزرگ شدن	ببرگ	21
بزرگ شدن	بزرگ	3
بزرگ شدن	بزرگ	8
بزرگ شدن	نبزرگ	24
بزرگ شدن	می‌بزرگ	4
بزرگ شدن	بزرگیم	23
بزرگ شدن	بزرگ	12
بزرگ شدن	می‌بزرگِ	10
بزرگ شدن	بزرگید	14
بزرگ شدن	می‌بزرگ	25
بزرگ شدن	بزرگِ	0
بزرگ شدن	بزرگِ	9
بزرگ شدن	می‌بزرگ	2
بزرگ شدن	بزرگ	29
بزرگ شدن	بزرگ	30
بزرگ شدن	بربزرگ	7
بزرگ شدن	بزرگِ	19
ورزیدن	ورزیده‌ای	19
ورزیدن	می‌ورزیم	10
ورزیدن	ورزی	6
ورزیدن	ورزیدید	14
ورزیدن	ورزش	0
ورزیدن	برورزید	7
ورزیدن	بورزیم	11
ورزیدن	ورزیدم	22
ورزیدن	ورزیده‌اید	16
ورزیدن	ورزیدند	28
ورزیدن	ورزیدیم	23
ورزیدن	نورزیدند	12
ورزیدن	می‌ورزید	26
ورزیدن	ورزیده	30
ورزیدن	نمی‌ورزید	15
ورزیدن	ورزیده‌ام	18
ورزیدن	بورزید	21
ورزیدن	نورزید	24
ورزیدن	ورزیده‌اند	20
ورزیدن	می‌ورزید	4
ورزیدن	بورزید	3
ورزیدن	ورزیده‌ایم	9
ورزیدن	می‌ورزیدند	25
ورزیدن	بورزید	1
ورزیدن	بورزی	17
ورزیدن	ورزیدن	27
ورزیدن	ورزید	29
ورزیدن	ورزیدی	13
ورزیدن	می‌ورزید	2
ورزیدن	نورزیده‌اید	5
ورزیدن	ورز	8
کر کردن	کرکرده‌اید	16
کر کردن	کرکرده‌ایم	9
کر کردن	بکرکرک	21
کر کردن	کرکردی	13
کر کردن	کرکردند	28
کر کردن	نکرکم	1
کر کردن	کرکِ	6
کر کردن	بکرکر	17
کر کردن	کرکم	22
کر کردن	برکرکرک	7
کر کردن	کرکش	23
کر کردن	بکرک	11
کر کردن	نکرکند	12
کر کردن	می‌کرک	25
کر کردن	می‌کرک	10
کر کردن	نکرکش	4
کر کردن	کرک	8
کر کردن	نمی‌کرک	15
کر کردن	کرک	29
کر کردن	کرکرده‌ای	19
کر کردن	کرکردن	27
کر کردن	کرک	30
کر کردن	می‌کرک	26
کر کردن	می‌کرک	2
کر کردن	کرکش	20
کر کردن	بکرک	3
کر کردن	نکرکرد	24
کر کردن	کرکرده‌ام	18
کر کردن	نکرکشرده‌اید	5
کر کردن	کرکردید	14
کر کردن	کرکش	0
بوسیدن	بوسیده‌اید	16
بوسیدن	می‌بوسیدند	25
بوسیدن	ببوسیم	11
بوسیدن	بوسیده‌ام	18
بوسیدن	بوسیدند	28
بوسیدن	بوسیدن	27
بوسیدن	نمی‌بوسید	15
بوسیدن	بوسیده	30
بوسیدن	نبوسیده‌ام	4
بوسیدن	ببوسید	3
بوسیدن	بوسیده‌اند	20
بوسیدن	نبوسیدم	1
بوسیدن	بربوسید	7
بوسیدن	نبوسیدند	12
بوسیدن	بوسیدم	22
بوسیدن	نبوسید	24
بوسیدن	بوس	8
بوسیدن	ببوسی	17
بوسیدن	بوسیدید	14
بوسیدن	بوسیدی	13
بوسیدن	نبوسیده‌اید	5
بوسیدن	بوسید	29
بوسیدن	می‌بوسید	2
بوسیدن	می‌بوسید	26
بوسیدن	بوسیده‌ایم	9
بوسیدن	بوسش	0
بوسیدن	ببوسید	21
بوسیدن	بوسیدیم	23
بوسیدن	بوسیده‌ای	19
بوسیدن	بوسی	6
بوسیدن	می‌بوسیم	10
جوگیر شدن	نجورگی	24
جوگیر شدن	جورگی	13
جوگیر شدن	جورگیم	23
جوگیر شدن	جورگی	29
جوگیر شدن	بجورگی	3
جوگیر شدن	جورگی	19
جوگیر شدن	جورگ	8
جوگیر شدن	جورگید	14
جوگیر شدن	بجورگ	21
جوگیر شدن	جورگید	16
جوگیر شدن	جورگیم	22
جوگیر شدن	جورگی	4
جوگیر شدن	می‌جورگی	2
جوگیر شدن	جورگی	30
جوگیر شدن	جورگی	1
جوگیر شدن	می‌جورگیم	10
جوگیر شدن	بجورگی	17
جوگیر شدن	جورگید	20
جوگیر شدن	بجورگیم	11
جوگیر شدن	جورگام	18
جوگیر شدن	جورگِ	6
جوگیر شدن	برگیرگ	7
جوگیر شدن	جورگی	27
جوگیر شدن	جمی‌جورگی	15
جوگیر شدن	می‌جورگی	25
جوگیر شدن	می‌جورگی	26
جوگیر شدن	جورگیم	9
جوگیر شدن	جورگید	5
جوگیر شدن	جورگی	12
جوگیر شدن	جورگی	28
جوگیر شدن	جورگی	0
گشودن	می‌گشود	2
گشودن	می‌گشودند	25
گشودن	می‌گشودم	10
گشودن	نگشوده	8
گشودن	نگشوده‌اید	5
گشودن	می‌گشود	4
گشودن	بگشودم	11
گشودن	برگشود	7
گشودن	نگشودند	12
گشودن	گشوده	30
گشودن	می‌گشود	26
گشودن	بگشود	21
گشودن	گشوده‌ای	19
گشودن	گشود	29
گشودن	گشودید	14
گشودن	گشودۀ	6
گشودن	نگشود	24
گشودن	گشوده‌اید	16
گشودن	گشودیم	23
گشودن	گشوده‌ام	18
گشودن	گشودند	28
گشودن	گشودم	22
گشودن	گشوده‌اند	20
گشودن	بگشود	17
گشودن	گشودی	13
گشودن	گشودن	27
گشودن	بگشود	3
گشودن	گشودنم	0
گشودن	گشوده‌ایم	9
گشودن	نمی‌گشود	15
گشودن	نگشودم	1
حساب کردن	حسابرست	4
حساب کردن	برساب	7
حساب کردن	بحاب	11
حساب کردن	حساب	27
حساب کردن	نحساب	12
حساب کردن	حساب	16
حساب کردن	نحساب	24
حساب کردن	حساب	18
حساب کردن	نحساب	1
حساب کردن	حساب	0
حساب کردن	حسابِ	6
حساب کردن	می‌حابحند	2
حساب کردن	می‌حاب	10
حساب کردن	حساب	30
حساب کردن	حساب	23
حساب کردن	حساب	29
حساب کردن	حساب	22
حساب کردن	می‌حاب	26
حساب کردن	نمی‌حاب	15
حساب کردن	حساب	19
حساب کردن	حساب	8
حساب کردن	حساب	9
حساب کردن	بحاب	3
حساب کردن	حساب	14
حساب کردن	بحاب	21
حساب کردن	حساب	28
حساب کردن	می‌حاب	25
حساب کردن	حساب	20
حساب کردن	حساب	13
حساب کردن	بحاب	17
حساب کردن	حاب	5
نواختن	ننواختند	12
نواختن	بنواخت	21
نواختن	می‌نواخت	2
نواختن	نواختن	27
نواختن	نمی‌نواخت	15
نواختن	نواختند	28
نواختن	ننواخت	24
نواختن	نواخته	30
نواختن	نواخته‌اند	20
نواختن	می‌نواختند	25
نواختن	نواخت	29
نواختن	نواخته‌ای	19
نواختن	ننواخته‌اید	5
نواختن	نواخته‌ام	18
نواختن	نواخته‌اید	16
نواختن	نواختیم	23
نواختن	برنواخت	7
نواختن	بنواخته‌ام	3
نواختن	نواختم	22
نواختن	بنواختم	11
نواختن	می‌نواخت	26
نواختن	ننواخته‌ام	4
نواختن	ننواخته	8
نواختن	ننواختم	1
نواختن	نواختۀ	6
نواختن	نواختنم	0
نواختن	بنواخت	17
نواختن	می‌نواختم	10
نواختن	نواختی	13
نواختن	نواختید	14
نواختن	نواخته‌ایم	9
پوشیدن	نپوشیده	8
پوشیدن	پوشید	29
پوشیدن	نپوشیدم	1
پوشیدن	پوشیده‌اید	16
پوشیدن	پوشیدیم	23
پوشیدن	پوشیده‌اند	20
پوشیدن	می‌پوشیم	10
پوشیدن	پوشی	6
پوشیدن	پوشیده‌ام	18
پوشیدن	نپوشیده‌اید	5
پوشیدن	نپوشیده‌ام	4
پوشیدن	پوشیدید	14
پوشیدن	پوشیدن	27
پوشیدن	پوشیدند	28
پوشیدن	می‌پوشید	2
پوشیدن	بپوشید	21
پوشیدن	پوشیده	30
پوشیدن	نپوشید	24
پوشیدن	پوشیده‌ای	19
پوشیدن	برپوشید	7
پوشیدن	پوشیده‌ایم	9
پوشیدن	پوشش	0
پوشیدن	می‌پوشیدند	25
پوشیدن	نپوشیدند	12
پوشیدن	بپوشید	3
پوشیدن	پوشیدی	13
پوشیدن	بپوشیم	11
پوشیدن	نمی‌پوشید	15
پوشیدن	پوشیدم	22
پوشیدن	بپوشی	17
پوشیدن	می‌پوشید	26
برخاستن	برخاسته‌ایم	9
برخاستن	بربرخاست	7
برخاستن	نبرخاستند	12
برخاستن	نبرخاسته‌اید	5
برخاستن	نمی‌برخاست	15
برخاستن	ببرخاست	3
برخاستن	برخاست	29
برخاستن	ببرخاست	17
برخاستن	برخاستۀ	6
برخاستن	می‌برخاست	26
برخاستن	نبرخاست	24
برخاستن	برخاسته‌ای	19
برخاستن	برخاستن	27
برخاستن	ببرخاست	21
برخاستن	برخاستی	13
برخاستن	می‌برخاست	2
برخاستن	برخاسته‌اید	16
برخاستن	برخاسته‌اند	20
برخاستن	می‌برخاستم	10
برخاستن	می‌برخاستند	25
برخاستن	برخاستید	14
برخاستن	نبرخاستم	1
برخاستن	برخاستیم	23
برخاستن	برخاستم	22
برخاستن	نبرخاسته	8
برخاستن	برخاستگان	0
برخاستن	ببرخاستم	11
برخاستن	برخاستند	28
برخاستن	برخاسته	30
برخاستن	برخاسته‌ام	18
برخاستن	نبرخاسته‌ام	4
تبریک گفتن	تبرگ	8
تبریک گفتن	تبرگی	29
تبریک گفتن	ترگی	28
تبریک گفتن	تبرگی	5
تبریک گفتن	تبرگی	17
تبریک گفتن	تبرگی	24
تبریک گفتن	تبرگاید	16
تبریک گفتن	تبرگاگاند	20
تبریک گفتن	تبرگی	12
تبریک گفتن	تبرگاگام	4
تبریک گفتن	تبرگی	27
تبریک گفتن	ببرگ	21
تبریک گفتن	می‌تریک	26
تبریک گفتن	تبرین	18
تبریک گفتن	تمریگی	15
تبریک گفتن	تبرگی	1
تبریک گفتن	تبرگِ	6
تبریک گفتن	ترگیرگ	7
تبریک گفتن	تبرگی	13
تبریک گفتن	تبرگی	25
تبریک گفتن	تبرگیم	9
تبریک گفتن	تبرگید	3
تبریک گفتن	تبرگی	30
تبریک گفتن	می‌تریم	10
تبریک گفتن	ترگای	0
تبریک گفتن	تبرگی	22
تبریک گفتن	تبریم	23
تبریک گفتن	تبرگی	19
تبریک گفتن	می‌تریک	2
تبریک گفتن	تبرگید	14
تبریک گفتن	ببرگ	11
گذاشتن	نگذاشت	24
گذاشتن	نگذاشتم	1
گذاشتن	برگذاشت	7
گذاشتن	گذاشته‌ام	18
گذاشتن	گذاشتنم	0
گذاشتن	می‌گذاشتم	10
گذاشتن	گذاشتید	14
گذاشتن	گذاشتیم	23
گذاشتن	بگذاشته‌اید	3
گذاشتن	گذاشتم	22
گذاشتن	گذاشتۀ	6
گذاشتن	گذاشتن	27
گذاشتن	می‌گذاشت	2
گذاشتن	می‌گذاشتند	25
گذاشتن	بگذاشتم	11
گذاشتن	نگذاشتند	12
گذاشتن	گذاشتند	28
گذاشتن	نگذاشته‌اید	5
گذاشتن	نگذاشته‌ام	4
گذاشتن	گذاشتی	13
گذاشتن	بگذاشت	21
گذاشتن	گذاشته‌ایم	9
گذاشتن	گذاشته‌اید	16
گذاشتن	نگذاشته	8
گذاشتن	نمی‌گذاشت	15
گذاشتن	گذاشته‌ای	19
گذاشتن	گذاشت	29
گذاشتن	می‌گذاشت	26
گذاشتن	بگذاشت	17
گذاشتن	گذاشته	30
گذاشتن	گذاشته‌اند	20
عطسه کردن	می‌ع<UNK>سه	2
عطسه کردن	ع<UNK>سهیم	23
عطسه کردن	ع<UNK>سهنه	28
عطسه کردن	ع<UNK>سهید	14
عطسه کردن	ع<UNK>سه‌ام	0
عطسه کردن	بع<UNK><UNK>	17
عطسه کردن	ع<UNK>سه	30
عطسه کردن	ع<UNK>سه‌اید	16
عطسه کردن	نع<UNK>ه	24
عطسه کردن	ع<UNK>سه	29
عطسه کردن	ع<UNK>سهرسه	27
عطسه کردن	ع<UNK>سه‌ام	18
عطسه کردن	ع<UNK>سه	8
عطسه کردن	می‌ع<UNK>ه<UNK>م	10
عطسه کردن	ع<UNK>سهم	22
عطسه کردن	ع<UNK>سهِ	6
عطسه کردن	می‌ع<UNK><UNK>ند	25
عطسه کردن	می‌ع<UNK>سه	26
عطسه کردن	ع<UNK>سه‌ام	4
عطسه کردن	ع<UNK>سه‌اید	5
عطسه کردن	ع<UNK>سه‌اند	20
عطسه کردن	بع<UNK><UNK>م	11
عطسه کردن	ع<UNK>سهی	13
عطسه کردن	بع<UNK>ه	21
عطسه کردن	ع<UNK>سه‌ایم	9
عطسه کردن	رس<UNK>ه	7
عطسه کردن	ع<UNK>سه‌ام	1
عطسه کردن	عععه	12
عطسه کردن	ع<UNK>عه‌اه	3
عطسه کردن	ع<UNK>سه‌ای	19
عطسه کردن	نمی‌عه	15
خوردن	خورد	29
خوردن	خوردیم	23
خوردن	خورده‌ای	19
خوردن	نخوردند	12
خوردن	می‌خورد	26
خوردن	می‌خورم	10
خوردن	بخور	17
خوردن	خوردی	13
خوردن	خوردند	28
خوردن	خورده‌اید	16
خوردن	خوردم	22
خوردن	خور	6
خوردن	بخورم	11
خوردن	خورده‌ایم	9
خوردن	بخورند	1
خوردن	بخورد	21
خوردن	نخورده	8
خوردن	می‌خورند	2
خوردن	خوردن	27
خوردن	می‌خورید	4
خوردن	نخورده‌اید	5
خوردن	خوردید	14
خوردن	نخورد	24
خوردن	بخورید	3
خوردن	نمی‌خورد	15
خوردن	می‌خوردند	25
خوردن	خورده	30
خوردن	خوردگان	0
خوردن	خورده‌اند	20
خوردن	خورده‌ام	18
خوردن	برخورد	7
خرید کردن	می‌خرید	26
خرید کردن	خریدید	14
خرید کردن	خریدیم	23
خرید کردن	خریده‌اید	16
خرید کردن	خریده‌اند	20
خرید کردن	نمی‌خرید	15
خرید کردن	خریدند	28
خرید کردن	خری	6
خرید کردن	بخری	17
خرید کردن	خریده‌ام	4
خرید کردن	بخرید	3
خرید کردن	خریدگان	0
خرید کردن	می‌خرید	2
خرید کردن	خریدم	22
خرید کردن	خریده‌ایم	9
خرید کردن	نخرید	24
خرید کردن	خریده‌ای	19
خرید کردن	می‌خریم	10
خرید کردن	بخرید	21
خرید کردن	بخرید	1
خرید کردن	خریدی	13
خرید کردن	خرید	8
خرید کردن	خریده‌اید	5
خرید کردن	خریدن	27
خرید کردن	خرید	29
خرید کردن	می‌خریدند	25
خرید کردن	خریده	30
خرید کردن	برخرید	7
خرید کردن	بخریم	11
خرید کردن	خریده‌ام	18
خرید کردن	نخریدند	12
رسیدن	رسیده‌ایم	9
رسیدن	نرسید	24
رسیدن	رسیدگان	0
رسیدن	برسیم	11
رسیدن	رسیدی	13
رسیدن	نرسیدند	12
رسیدن	رسی	6
رسیدن	برسی	17
رسیدن	رسید	29
رسیدن	رسیده‌ام	18
رسیدن	نرسیده‌اید	5
رسیدن	برسید	7
رسیدن	می‌رسیدند	25
رسیدن	رسیدن	27
رسیدن	نمی‌رسید	15
رسیدن	نرسیده	8
رسیدن	رسیدید	14
رسیدن	رسیده‌اید	16
رسیدن	برسید	3
رسیدن	برسیند	1
رسیدن	رسیدیم	23
رسیدن	رسیده	30
رسیدن	رسیده‌اند	20
رسیدن	می‌رسید	4
رسیدن	رسیدم	22
رسیدن	رسیدند	28
رسیدن	می‌رسید	26
رسیدن	می‌رسینند	2
رسیدن	می‌رسیم	10
رسیدن	رسیده‌ای	19
رسیدن	برسید	21
تمام شدن	تمام	30
تمام شدن	نتمام	24
تمام شدن	بتمام	11
تمام شدن	تمام	1
تمام شدن	تمام	8
تمام شدن	تمام	5
تمام شدن	تمام	27
تمام شدن	تمام	3
تمام شدن	تمام	15
تمام شدن	تمام	14
تمام شدن	تمام	12
تمام شدن	می‌تمام	26
تمام شدن	می‌تمام	10
تمام شدن	ترام	7
تمام شدن	تمام	0
تمام شدن	تمام	28
تمام شدن	بتمام	17
تمام شدن	تمام	20
تمام شدن	تمام	29
تمام شدن	تمام	23
تمام شدن	تمامِ	6
تمام شدن	تمام	13
تمام شدن	تمام	19
تمام شدن	بتمام	21
تمام شدن	تمام	22
تمام شدن	می‌تمام	25
تمام شدن	می‌تمام	2
تمام شدن	تمام	9
تمام شدن	تمام	4
تمام شدن	تمام	16
تمام شدن	تمام	18
کشیدن	نکشید	24
کشیدن	کشیده‌اید	16
کشیدن	کشیدند	28
کشیدن	کشیده‌ای	19
کشیدن	بکشید	3
کشیدن	کشیده‌ایم	9
کشیدن	بکشید	21
کشیدن	می‌کشید	2
کشیدن	نکشیده	8
کشیدن	می‌کشیدند	25
کشیدن	کشیده	30
کشیدن	نکشیده‌ام	4
کشیدن	کشیدیم	23
کشیدن	نمی‌کشید	15
کشیدن	می‌کشید	26
کشیدن	کشید	29
کشیدن	برکشید	7
کشیدن	بکشی	17
کشیدن	نکشیدند	12
کشیدن	کشیده‌اند	20
کشیدن	کشیدم	22
کشیدن	کشیدن	27
کشیدن	کشیده‌ام	18
کشیدن	کشیدنم	0
کشیدن	می‌کشیم	10
کشیدن	کشی	6
کشیدن	کشیدید	14
کشیدن	نکشیدم	1
کشیدن	بکشیم	11
کشیدن	نکشیده‌اید	5
کشیدن	کشیدی	13
تسلیم شدن	بتسلیمِ	17
تسلیم شدن	تسلیم	23
تسلیم شدن	تسلیم	20
تسلیم شدن	تسلیم	29
تسلیم شدن	تسلیمِ	13
تسلیم شدن	تسلیمِ	19
تسلیم شدن	ترسلیم	7
تسلیم شدن	تسلیم	22
تسلیم شدن	می‌تسلیم	2
تسلیم شدن	می‌تسلیم	26
تسلیم شدن	تسلیم	9
تسلیم شدن	تسلیم	4
تسلیم شدن	تسلیم	18
تسلیم شدن	تسلیمِد	16
تسلیم شدن	بتسلیم	11
تسلیم شدن	می‌تسلیم	25
تسلیم شدن	تسلیم	30
تسلیم شدن	تسلیم	1
تسلیم شدن	می‌تسلیم	10
تسلیم شدن	بتسلیم	3
تسلیم شدن	تسلیمِ	28
تسلیم شدن	تسلیم	5
تسلیم شدن	تسلیم	8
تسلیم شدن	تسلیمِ	27
تسلیم شدن	تسلیم	24
تسلیم شدن	تسلیم	15
تسلیم شدن	تسلیم	14
تسلیم شدن	تسلیم	12
تسلیم شدن	بتسلیم	21
تسلیم شدن	تسلیمِ	6
تسلیم شدن	تسلیمش	0
دیدن	دیده‌ای	19
دیدن	بدیم	11
دیدن	بدید	3
دیدن	می‌دیم	10
دیدن	می‌دید	2
دیدن	دیده	30
دیدن	دیده‌ایم	9
دیدن	ندیدم	1
دیدن	ندیده‌ام	4
دیدن	نمی‌دید	15
دیدن	ندید	24
دیدن	دیدن	27
دیدن	دیدۀ	6
دیدن	دیدم	22
دیدن	می‌دیدند	25
دیدن	ندیده‌اید	5
دیدن	دیدگان	0
دیدن	دیده‌اند	20
دیدن	دیدی	13
دیدن	دیدید	14
دیدن	دیده‌ام	18
دیدن	دیدند	28
دیدن	بدید	21
دیدن	بدی	17
دیدن	دیده‌اید	16
دیدن	بردید	7
دیدن	دید	29
دیدن	دیدیم	23
دیدن	می‌دید	26
دیدن	ندیدند	12
دیدن	ندیده	8
گداختن	نمی‌گداخت	15
گداختن	نگداختند	12
گداختن	می‌گداختند	25
گداختن	گداختند	28
گداختن	گداخته	30
گداختن	می‌گداخت	2
گداختن	می‌گداخت	26
گداختن	گداخته‌ایم	9
گداختن	نگداخته‌ام	3
گداختن	برگداخت	7
گداختن	می‌گداختم	10
گداختن	گداخته‌اند	20
گداختن	گداختم	22
گداختن	گداختنم	0
گداختن	گداخته‌اید	16
گداختن	نگداخته‌اید	5
گداختن	گداخته‌ام	18
گداختن	بگداخت	21
گداختن	نگداختم	1
گداختن	گداختی	13
گداختن	نگداخته‌ام	4
گداختن	گداختن	27
گداختن	بگداختم	11
گداختن	گداختید	14
گداختن	گداختیم	23
گداختن	بگداخت	17
گداختن	گداختۀ	6
گداختن	نگداخته	8
گداختن	گداخت	29
گداختن	گداخته‌ای	19
گداختن	نگداخت	24
بوییدن	ببویید	3
بوییدن	نبویدم	1
بوییدن	بوییده‌ای	19
بوییدن	نبویده‌اید	5
بوییدن	نبویده‌ام	4
بوییدن	می‌بویند	2
بوییدن	بربوید	7
بوییدن	بوییده‌ایم	9
بوییدن	ببویم	11
بوییدن	بویید	29
بوییدن	بوییده	30
بوییدن	بوییدی	13
بوییدن	بوییده‌اند	20
بوییدن	بوییدن	27
بوییدن	بوییدیم	23
بوییدن	می‌بوید	26
بوییدن	بوییدم	22
بوییدن	بویی	6
بوییدن	ببوید	21
بوییدن	بوییدند	28
بوییدن	نمی‌بوید	15
بوییدن	می‌بویم	10
بوییدن	ببوی	17
بوییدن	نبویدند	12
بوییدن	بویید	14
بوییدن	بوییده‌اید	16
بوییدن	نبوید	24
بوییدن	بوی	8
بوییدن	بویش	0
بوییدن	می‌بویدند	25
بوییدن	بوییده‌ام	18
یاد گرفتن	یاگی	5
یاد گرفتن	نمی‌یاگ	15
یاد گرفتن	می‌یاگیم	10
یاد گرفتن	می‌یاگی	2
یاد گرفتن	برید	7
یاد گرفتن	بیاگی	3
یاد گرفتن	یاگی	28
یاد گرفتن	یاگِ	19
یاد گرفتن	یاگی	27
یاد گرفتن	یاگش	0
یاد گرفتن	نیاگاگام	4
یاد گرفتن	یاگ	8
یاد گرفتن	بیاگِ	17
یاد گرفتن	یاگید	16
یاد گرفتن	می‌یاگیدند	25
یاد گرفتن	نیاگی	24
یاد گرفتن	یاگِ	6
یاد گرفتن	بیاگِ	11
یاد گرفتن	یاگ	29
یاد گرفتن	یاگی	30
یاد گرفتن	یاگی	13
یاد گرفتن	یاگِ	20
یاد گرفتن	یاگیم	9
یاد گرفتن	نیاگی	1
یاد گرفتن	یاگید	14
یاد گرفتن	یاگه‌ام	18
یاد گرفتن	بیاگی	21
یاد گرفتن	یاگیم	23
یاد گرفتن	نیاگید	12
یاد گرفتن	یاگی	22
یاد گرفتن	می‌یاگ	26
نشستن	نشستن	27
نشستن	نشستید	14
نشستن	نشست	29
نشستن	نشستۀ	6
نشستن	نشستگان	0
نشستن	نمی‌نشست	15
نشستن	ننشستند	12
نشستن	نشسته‌اید	16
نشستن	ننشست	24
نشستن	ننشسته‌اید	5
نشستن	ننشسته‌ام	2
نشستن	بنشست	17
نشستن	برنشست	7
نشستن	می‌نشست	26
نشستن	ننشستم	1
نشستن	می‌نشستم	10
نشستن	نشسته‌ایم	9
نشستن	نشستی	13
نشستن	ننشسته‌ام	3
نشستن	نشسته‌اند	20
نشستن	بنشست	21
نشستن	نشستند	28
نشستن	نشسته‌ام	18
نشستن	می‌نشستند	25
نشستن	ننشسته	8
نشستن	نشسته‌ای	19
نشستن	بنشستم	11
نشستن	نشستم	22
نشستن	نشسته	30
نشستن	ننشسته‌ام	4
نشستن	نشستیم	23
اجرا کردن	ناجراج	24
اجرا کردن	اججراجید	16
اجرا کردن	اججراج	27
اجرا کردن	اجراج	8
اجرا کردن	اجراج	5
اجرا کردن	اججراجند	20
اجرا کردن	اججراج	0
اجرا کردن	اججراجک	25
اجرا کردن	اجراج	12
اجرا کردن	می‌اجراک	2
اجرا کردن	باجراجم	11
اجرا کردن	اججراج	29
اجرا کردن	اججراج	23
اجرا کردن	اجراج	15
اجرا کردن	اجرا	6
اجرا کردن	اججراج	19
اجرا کردن	براجک	7
اجرا کردن	اججراجه‌ایم	9
اجرا کردن	اججراج	3
اجرا کردن	اججراجم	18
اجرا کردن	باجراج	17
اجرا کردن	اجراجِ	13
اجرا کردن	اججراجید	14
اجرا کردن	باجراجک	21
اجرا کردن	می‌اجراج	26
اجرا کردن	اججراجم	22
اجرا کردن	اججراجک	28
اجرا کردن	اججراج	1
اجرا کردن	می‌اجرم	10
اجرا کردن	اجرا	30
اجرا کردن	اججراجک	4
خواندن	بخوانند	1
خواندن	بخواند	21
خواندن	خواندن	27
خواندن	خوان	6
خواندن	بخوانم	11
خواندن	خواندی	13
خواندن	می‌خوانند	2
خواندن	خواندنم	0
خواندن	خوانده‌اند	20
خواندن	می‌خواندند	25
خواندن	خواندند	28
خواندن	نخواند	24
خواندن	می‌خوانم	10
خواندن	خوانده‌ایم	9
خواندن	نخواندند	12
خواندن	خوانده‌ای	19
خواندن	خواندم	22
خواندن	می‌خوانید	4
خواندن	می‌خواند	26
خواندن	بخوان	17
خواندن	نخوانده	8
خواندن	خواندید	14
خواندن	خوانده	30
خواندن	بخوانید	3
خواندن	خواند	29
خواندن	خوانده‌اید	16
خواندن	برخواند	7
خواندن	خواندیم	23
خواندن	نمی‌خواند	15
خواندن	نخوانده‌اید	5
خواندن	خوانده‌ام	18
راست گفتن	رساستف	25
راست گفتن	رساستفم	23
راست گفتن	می‌راست	26
راست گفتن	رساسته‌اید	16
راست گفتن	راستفاد	7
راست گفتن	رساستف	4
راست گفتن	رساسته‌ایم	9
راست گفتن	رساستف	27
راست گفتن	رساستفد	5
راست گفتن	براست	11
راست گفتن	رساستف	3
راست گفتن	رساستم	22
راست گفتن	رساستف	13
راست گفتن	براستف	17
راست گفتن	می‌راست	10
راست گفتن	رساستفد	14
راست گفتن	رساستفد	20
راست گفتن	رساسته‌ام	18
راست گفتن	رساستف	6
راست گفتن	رساستفد	28
راست گفتن	رساستگان	0
راست گفتن	رساستف	12
راست گفتن	می‌راستف	2
راست گفتن	رساستف	15
راست گفتن	براستف	21
راست گفتن	رساسته	30
راست گفتن	رساستگام	1
راست گفتن	رساستف	24
راست گفتن	رساستف	8
راست گفتن	راست	29
راست گفتن	رساستف	19
گوزیدن	می‌گوزیم	10
گوزیدن	گوزیده‌ام	18
گوزیدن	بگوزید	21
گوزیدن	گوزیدیم	23
گوزیدن	بگوزیم	11
گوزیدن	می‌گوزیدند	25
گوزیدن	برگوزید	7
گوزیدن	نگوزیده‌ام	4
گوزیدن	گوز	8
گوزیدن	نگوزیدند	12
گوزیدن	گوزید	29
گوزیدن	گوزیده‌اند	20
گوزیدن	گوزیدی	13
گوزیدن	بگوزی	17
گوزیدن	بگوزید	3
گوزیدن	گوزیدند	28
گوزیدن	می‌گوزید	26
گوزیدن	گوزیدید	14
گوزیدن	گوزیده‌اید	16
گوزیدن	گوزیدن	27
گوزیدن	نگوزیدم	1
گوزیدن	گوزیده	30
گوزیدن	گوزیده‌ای	19
گوزیدن	گوزیدم	22
گوزیدن	نگوزید	24
گوزیدن	گوزی	6
گوزیدن	نمی‌گوزید	15
گوزیدن	نگوزیده‌اید	5
گوزیدن	گوزش	0
گوزیدن	می‌گوزید	2
گوزیدن	گوزیده‌ایم	9
زندگی کردن	زندگی	17
زندگی کردن	زندگی	30
زندگی کردن	می‌زندگی	25
زندگی کردن	بزندگی	21
زندگی کردن	زندگی	29
زندگی کردن	زندگی	13
زندگی کردن	زندگید	16
زندگی کردن	زندگی	12
زندگی کردن	نزندگی	24
زندگی کردن	زندگی	19
زندگی کردن	بزندگی	3
زندگی کردن	زندگی	22
زندگی کردن	می‌زندگی	2
زندگی کردن	زندگی	8
زندگی کردن	زندگان	0
زندگی کردن	زندگی	5
زندگی کردن	زندگیم	23
زندگی کردن	زندگی	1
زندگی کردن	برزندگی	7
زندگی کردن	زندگی	6
زندگی کردن	زندگی	28
زندگی کردن	زندگام	18
زندگی کردن	زندگی	15
زندگی کردن	می‌زندگیم	10
زندگی کردن	زندگی	27
زندگی کردن	زندگیم	9
زندگی کردن	زندگی	4
زندگی کردن	بزندگیم	11
زندگی کردن	زندگید	20
زندگی کردن	زندگید	14
زندگی کردن	می‌زندگی	26
کوچک شدن	کوکش	16
کوچک شدن	کوک	29
کوچک شدن	کوچکِ	6
کوچک شدن	کوچکش	28
کوچک شدن	بکوک	17
کوچک شدن	می‌کوچیند	2
کوچک شدن	کوچک	30
کوچک شدن	کوکش	20
کوچک شدن	کوچک	13
کوچک شدن	می‌کوکوکوکوکوکوکوکوکوکوکوکوکوکوکوکوکوکوکوکوکوکوکوکوکوکوکوکوکوکوکوکوکوکچیم	10
کوچک شدن	کوچک	1
کوچک شدن	نمی‌کوچکچ	15
کوچک شدن	کوچکش	22
کوچک شدن	بکوکچ	21
کوچک شدن	کوچکش	9
کوچک شدن	کوچکش	23
کوچک شدن	کوچکِ	4
کوچک شدن	کوچک	27
کوچک شدن	برکوکچ	7
کوچک شدن	بکوشیم	11
کوچک شدن	می‌کوکوکوکوکوکوکوکوکوکوکوکوکوکوکوکوکوکوکوکوکوکوکوکوکوکوکوکوکوکوکوکوکوکوکوکوکوکوکوکوکوکوکوکوکوکوکوکوکوکچید	26
کوچک شدن	کوچک	8
کوچک شدن	نکوکشک	24
کوچک شدن	کوچکِ	19
کوچک شدن	کوچکش	0
کوچک شدن	کوچیک	5
کوچک شدن	بوکچیک	3
کوچک شدن	نکوک	12
کوچک شدن	کوکچ	14
کوچک شدن	می‌کوکوکوکوکوکوکوکوکوکوکوکوکوکوکوکوکوکوکچ	25
کوچک شدن	کوکش	18
چروک شدن	بچورک	1
چروک شدن	چورکش	20
چروک شدن	چرکش	0
چروک شدن	نمی‌چورک	15
چروک شدن	چرکش	19
چروک شدن	بچورک	11
چروک شدن	چچچچچ<s>شرک	12
چروک شدن	چورکش	27
چروک شدن	چچیرک	5
چروک شدن	چرکش	18
چروک شدن	چرک	8
چروک شدن	چرکش	16
چروک شدن	برچورک	7
چروک شدن	بچرک	21
چروک شدن	چرکِ	6
چروک شدن	می‌چورکش	2
چروک شدن	چرک	22
چروک شدن	چرک	29
چروک شدن	چرک	30
چروک شدن	چچچیرکِ	13
چروک شدن	بچورک	17
چروک شدن	چورکش	23
چروک شدن	بچیرک	3
چروک شدن	می‌چورک	25
چروک شدن	می‌چورک	26
چروک شدن	نچورک	24
چروک شدن	چرکش	28
چروک شدن	مرکش	4
چروک شدن	می‌چورک	10
چروک شدن	چرکش	9
چروک شدن	چچچیرک	14
پختن	نپخته‌ام	4
پختن	پختن	27
پختن	نپخت	24
پختن	می‌پختند	25
پختن	نمی‌پخت	15
پختن	می‌پختم	10
پختن	می‌پخت	26
پختن	پخته‌اند	20
پختن	پختید	14
پختن	پخته‌ایم	9
پختن	پختی	13
پختن	پخته‌اید	16
پختن	نپختند	12
پختن	پخته‌ام	18
پختن	برپخت	7
پختن	نپخته	8
پختن	پختۀ	6
پختن	نپخته‌اید	5
پختن	پخته	30
پختن	بپختم	11
پختن	نپختم	1
پختن	پخت	29
پختن	بپخت	17
پختن	نپخته‌ام	3
پختن	پختم	22
پختن	می‌پختم	2
پختن	پختنم	0
پختن	پخته‌ای	19
پختن	پختیم	23
پختن	پختند	28
پختن	بپخت	21
انزال کردن	ازنلازِد	16
انزال کردن	انلیزده‌اید	5
انزال کردن	می‌انلد	2
انزال کردن	بانل	21
انزال کردن	انلینلِ	6
انزال کردن	انلاز	8
انزال کردن	ازنلی	19
انزال کردن	برانل	7
انزال کردن	ازنلی	13
انزال کردن	انلدزند	12
انزال کردن	می‌انلید	26
انزال کردن	انلدزنا	24
انزال کردن	انلیزِ	17
انزال کردن	ازنلدزند	28
انزال کردن	ازنلید	14
انزال کردن	انلینام	4
انزال کردن	ازنلدم	22
انزال کردن	ازنلدزن	27
انزال کردن	می‌انلیم	10
انزال کردن	انلینلد	1
انزال کردن	انلین	18
انزال کردن	ازنلیم	23
انزال کردن	ازنلده‌ایم	9
انزال کردن	ازنلدزنم	0
انزال کردن	ازنلیند	20
انزال کردن	بانلیم	11
انزال کردن	ازنلدزن	29
انزال کردن	ازنلده	30
انزال کردن	انلین	3
انزال کردن	انلازدلی	15
انزال کردن	ازنلی	25
کاوش کردن	رکشود	7
کاوش کردن	می‌کواش	2
کاوش کردن	کواش	23
کاوش کردن	کواش	30
کاوش کردن	کواشودند	28
کاوش کردن	کواش	22
کاوش کردن	بکواش	17
کاوش کردن	کواش	8
کاوش کردن	کواش	9
کاوش کردن	کشوده‌ام	4
کاوش کردن	کشودند	12
کاوش کردن	کشودم	1
کاوش کردن	کواش	14
کاوش کردن	کشوده‌اید	5
کاوش کردن	رکشود	24
کاوش کردن	کواش	6
کاوش کردن	کشوشوده‌ام	18
کاوش کردن	بکواشود	21
کاوش کردن	کواشود	29
کاوش کردن	می‌کشودم	10
کاوش کردن	کشوش	0
کاوش کردن	نمی‌کاشود	15
کاوش کردن	می‌کاشود	26
کاوش کردن	می‌کاشودند	25
کاوش کردن	بکشودم	11
کاوش کردن	کواشوده‌ای	19
کاوش کردن	کواشوده‌اند	20
کاوش کردن	کواشودن	27
کاوش کردن	کواش	13
کاوش کردن	کشوده‌اید	16
کاوش کردن	کشوشود	3
گوش کردن	گوشودند	28
گوش کردن	بگوشودم	11
گوش کردن	گوشیده‌اید	16
گوش کردن	بگوشید	3
گوش کردن	نمی‌گوشود	15
گوش کردن	می‌گوشود	26
گوش کردن	گوششوده‌ام	18
گوش کردن	گوشِ	6
گوش کردن	گوشردید	14
گوش کردن	برگشود	7
گوش کردن	گوش	8
گوش کردن	می‌گوشود	10
گوش کردن	بگشود	21
گوش کردن	گشوده	30
گوش کردن	گشوده‌ای	19
گوش کردن	گشود	29
گوش کردن	بگوشود	17
گوش کردن	گوششودن	27
گوش کردن	گوشتده‌اید	5
گوش کردن	نگوشکدند	12
گوش کردن	گوشرده‌اند	20
گوش کردن	نگشود	24
گوش کردن	گوشش	13
گوش کردن	گشودیم	23
گوش کردن	گوشودم	22
گوش کردن	گوشش	0
گوش کردن	گوشیده‌ایم	9
گوش کردن	می‌گوشودند	25
گوش کردن	می‌گوشود	2
گوش کردن	گوشیده‌ام	4
گوش کردن	نگشودم	1
حس کردن	حسکردگان	0
حس کردن	نحرکرد	24
حس کردن	حرسکِ	6
حس کردن	حسکرد	8
حس کردن	حسکردی	13
حس کردن	حسکرده‌ام	18
حس کردن	بحسکر	17
حس کردن	برسکرد	7
حس کردن	حسکردم	22
حس کردن	می‌ح رکرد	26
حس کردن	حسکرده‌ایم	9
حس کردن	بحرکرد	21
حس کردن	نحکرده‌اید	5
حس کردن	حسکرده‌اند	20
حس کردن	بحسکرید	3
حس کردن	نحسکرده‌ام	4
حس کردن	بحسکرم	11
حس کردن	نحرکردم	1
حس کردن	حسکرده	30
حس کردن	می‌ح رکردند	25
حس کردن	می‌ححح ند	2
حس کردن	حسکردیم	23
حس کردن	نحکردند	12
حس کردن	حسکردید	14
حس کردن	حسکرد	29
حس کردن	حسکردن	27
حس کردن	نمی‌ح رد	15
حس کردن	حسکردند	28
حس کردن	حسکرده‌اید	16
حس کردن	می‌حرسکشسم	10
حس کردن	حسکرده‌ای	19
جستجو کردن	جستجو	4
جستجو کردن	جستجو	16
جستجو کردن	جستجو	18
جستجو کردن	جستجو	9
جستجو کردن	جستجو	19
جستجو کردن	جستجو	22
جستجو کردن	می‌جستجو	26
جستجو کردن	جستجو	29
جستجو کردن	جستجو	13
جستجو کردن	می‌جستجو	2
جستجو کردن	جستجو	20
جستجو کردن	جستجو	23
جستجو کردن	جستجو	0
جستجو کردن	نجستجو	24
جستجو کردن	جستجو	6
جستجو کردن	جستجو	28
جستجو کردن	جستجو	12
جستجو کردن	بجستجو	11
جستجو کردن	جستجو	14
جستجو کردن	جستجو	15
جستجو کردن	جستجو	27
جستجو کردن	بجستجو	3
جستجو کردن	جستجو	8
جستجو کردن	برستجو	7
جستجو کردن	بجستجو	17
جستجو کردن	جستجو	5
جستجو کردن	می‌جستجو	10
جستجو کردن	جستجو	1
جستجو کردن	جستجو	30
جستجو کردن	بجستجو	21
جستجو کردن	می‌جستجو	25
ساک زدن	برسازد	7
ساک زدن	می‌سازد	26
ساک زدن	سازد	29
ساک زدن	نسازد	24
ساک زدن	سازیده‌ایم	9
ساک زدن	سازِ	6
ساک زدن	می‌سازم	10
ساک زدن	نمی‌ساز	15
ساک زدن	سازدند	28
ساک زدن	بسازید	3
ساک زدن	سازده‌ام	18
ساک زدن	سازده‌اید	16
ساک زدن	می‌سازند	2
ساک زدن	بسازِ	17
ساک زدن	سازدن	27
ساک زدن	سازده	30
ساک زدن	نسازده‌ام	4
ساک زدن	نسازدند	12
ساک زدن	ساز	8
ساک زدن	سازدید	14
ساک زدن	می‌سازدند	25
ساک زدن	بسازد	21
ساک زدن	سازدم	22
ساک زدن	سازده‌ای	19
ساک زدن	سازدی	13
ساک زدن	سازش	0
ساک زدن	سازده‌اند	20
ساک زدن	سازیدیم	23
ساک زدن	بسازم	11
ساک زدن	نساززدم	1
ساک زدن	نسازده‌اید	5
دزدی کردن	دزدی	19
دزدی کردن	دزد	0
دزدی کردن	دزدیدن	27
دزدی کردن	می‌دزدیدند	25
دزدی کردن	دزدیدند	12
دزدی کردن	دزدیده‌ام	4
دزدی کردن	دزدیده‌اید	5
دزدی کردن	بدزدیم	11
دزدی کردن	می‌دزدید	26
دزدی کردن	دزدیده‌اند	20
دزدی کردن	بدزدید	3
دزدی کردن	دزدیده‌ام	18
دزدی کردن	دزدی	6
دزدی کردن	دزد	8
دزدی کردن	بدزدید	21
دزدی کردن	دزدیدند	28
دزدی کردن	بدزدی	17
دزدی کردن	دزدیم	9
دزدی کردن	دزدید	15
دزدی کردن	دزدید	14
دزدی کردن	دزدیم	23
دزدی کردن	دزدی	13
دزدی کردن	دزدید	29
دزدی کردن	دزدیدم	1
دزدی کردن	ندزدید	24
دزدی کردن	دزدیده‌اید	16
دزدی کردن	دزدیدم	22
دزدی کردن	می‌دزدید	2
دزدی کردن	دزدیده	30
دزدی کردن	بردزدید	7
دزدی کردن	می‌دزدیم	10
تحمل کردن	تحلللیم	18
تحمل کردن	تحلللللللللللللللللللللللللللللللللللللللللللللللللللللللللللللللللللللللللللللللللللللللللللللللللللللللللللللللللللللللللللللل	30
تحمل کردن	تحلللللللللللللللللللللللللللللللللللللللللللللللللللللللللللللللللللللللللللللللللللللللللللللللللللللللللللللللللللللللللللللل	1
تحمل کردن	تحلللللللللللللللللللللللللللللللللللللللللللللللللللللللللللللللللللللللللللللللللللللللللللللللللللللللللللللللللللللللللللللل	17
تحمل کردن	تحلیم	23
تحمل کردن	تمی‌تم	15
تحمل کردن	تحلیمِ	0
تحمل کردن	تحلللللللللللللللللللللللللللللللللللللللللللللللللللللللللللللللللللللللللللللللللللللللللللللللللللللللللللللللللللللللللللللل	8
تحمل کردن	تحلیمِد	16
تحمل کردن	تحلیم	4
تحمل کردن	تحلللللللللللللللللللللللللللللللللللللللللللللللللللللللللللللللللللللللللللللللللللللللللللللللللللللللللللللللللللللللللللللل	27
تحمل کردن	تحلللللللللللللللللللللللللللللللللللللللللللللللللللللللللللللللللللللللللللللللللللللللللللللللللللللللللللللللللللللللللللللل	12
تحمل کردن	می‌تملیم	2
تحمل کردن	تحلللللللللللللللللللللللللللللللللللللللللللللللللللللللللللللللللللللللللللللللللللللللللللللللللللللللللللللللللللللللللللللل	28
تحمل کردن	نتمللللللللللللللللللللللللللللللللللللللللللللللللللللللللللللللللللللللللللللللللللللللللللللللللللللللللللللللللللللللللللللل	24
تحمل کردن	می‌تملیم	10
تحمل کردن	تحلیم	13
تحمل کردن	تحلللللللللللللللللللللللللللللللللللللللللللللللللللللللللللللللللللللللللللللللللللللللللللللللللللللللللللللللللللللللللللللل	20
تحمل کردن	بتمللکلللللللللللللللللللللللللللللللللللللللللللللللللللللللللللللللللللللللللللللللللللللللللللللللللللللللللللللللللللللللللل	21
تحمل کردن	تحلللللللللللللللللللللللللللللللللللللللللللللللللللللللللللللللللللللللللللللللللللللللللللللللللللللللللللللللللللللللللللللل	29
تحمل کردن	می‌تمللللللللللللللللللللللللللللللللللللللللللللللللللللللللللللللللللللللللللللللللللللللللللللللللللللللللللللللللللللللللللل	25
تحمل کردن	تحلللللللللللللللللللللللللللللللللللللللللللللللللللللللللللللللللللللللللللللللللللللللللللللللللللللللللللللللللللللللللللللل	22
تحمل کردن	برتملیم	7
تحمل کردن	تحلیمِ	6
تحمل کردن	بتمللیم	11
تحمل کردن	تحلیم	14
تحمل کردن	می‌تملیم	26
تحمل کردن	تحلیم	9
تحمل کردن	تحلیم	3
تحمل کردن	تحلیم	5
تحمل کردن	تحلیمِ	19
آغاز کردن	آغاز	4
آغاز کردن	نمی‌آغاز	15
آغاز کردن	آغازِد	16
آغاز کردن	آغازِ	6
آغاز کردن	بآغازِ	17
آغاز کردن	آغاز	29
آغاز کردن	بآغاز	21
آغاز کردن	برآغاز	7
آغاز کردن	می‌آغاز	26
آغاز کردن	می‌آغازرزند	25
آغاز کردن	آغازِ	22
آغاز کردن	نآغاز	24
آغاز کردن	آغاز	12
آغاز کردن	آغازِ	19
آغاز کردن	آغازید	14
آغاز کردن	آغازِ	0
آغاز کردن	آغاز	27
آغاز کردن	بآغاز	3
آغاز کردن	آغازِ	23
آغاز کردن	آغاز	8
آغاز کردن	آغازِ	13
آغاز کردن	آغازِم	9
آغاز کردن	می‌آغازِ	10
آغاز کردن	آغاز	1
آغاز کردن	آغازِ	18
آغاز کردن	آغازِد	28
آغاز کردن	آغازِد	5
آغاز کردن	آغاز	30
آغاز کردن	بآغازِ	11
آغاز کردن	آغازِد	20
آغاز کردن	می‌آغاز	2
به دنیا آمدن	می‌بهایم	10
به دنیا آمدن	ببهایم	11
به دنیا آمدن	نبهیدند	12
به دنیا آمدن	بههِ	6
به دنیا آمدن	می‌بهایدند	25
به دنیا آمدن	می‌بهه<s>م	2
به دنیا آمدن	بهایدید	14
به دنیا آمدن	ببهای	17
به دنیا آمدن	بهایدن	27
به دنیا آمدن	به‌ایم	9
به دنیا آمدن	بهاده‌اید	16
به دنیا آمدن	نبهاید	24
به دنیا آمدن	به‌ای	19
به دنیا آمدن	به‌اید	5
به دنیا آمدن	بهاده‌ام	18
به دنیا آمدن	می‌بهاید	26
به دنیا آمدن	بهایدی	13
به دنیا آمدن	بهشش	0
به دنیا آمدن	بهادم	22
به دنیا آمدن	بهاده‌اند	20
به دنیا آمدن	نبهایده‌ام	4
به دنیا آمدن	به	8
به دنیا آمدن	بهاد	29
به دنیا آمدن	ببهید	3
به دنیا آمدن	بهایدیم	23
به دنیا آمدن	نمی‌به‌اید	15
به دنیا آمدن	بربهاید	7
به دنیا آمدن	بهایدند	28
به دنیا آمدن	ببهاید	21
به دنیا آمدن	به	30
به دنیا آمدن	بههنیدم	1
دمیدن	دمیده‌اند	20
دمیدن	دمیدم	22
دمیدن	نمی‌دمید	15
دمیدن	بدمید	21
دمیدن	دمید	29
دمیدن	ندمیدند	12
دمیدن	ندمید	24
دمیدن	دمیده‌اید	16
دمیدن	می‌دمیدند	25
دمیدن	دمیده	30
دمیدن	ندمیده‌اید	5
دمیدن	دمیدن	27
دمیدن	دمیده‌ایم	9
دمیدن	دمی	6
دمیدن	دمش	0
دمیدن	بردمید	7
دمیدن	دمیده‌ای	19
دمیدن	دمیده‌ام	18
دمیدن	بدمی	17
دمیدن	ندمیده	8
دمیدن	دمیدیم	23
دمیدن	می‌دمید	2
دمیدن	دمیدید	14
دمیدن	می‌دمید	26
دمیدن	بدمید	3
دمیدن	دمیدی	13
دمیدن	ندمیدم	1
دمیدن	می‌دمیم	10
دمیدن	دمیدند	28
دمیدن	بدمیم	11
دمیدن	ندمیده‌ام	4
رختن	رختم	22
رختن	رخت	29
رختن	نرخت	24
رختن	برخت	21
رختن	برختم	11
رختن	رخته‌اند	20
رختن	نرختم	1
رختن	نرخته‌ام	4
رختن	رختنم	0
رختن	می‌رختم	10
رختن	رختی	13
رختن	نرختند	12
رختن	نرخته	8
رختن	رخته‌ای	19
رختن	برختید	3
رختن	رختیم	23
رختن	نرخته‌اید	5
رختن	رختید	14
رختن	می‌رختند	25
رختن	رخته‌ایم	9
رختن	برخت	7
رختن	رختند	28
رختن	رخته	30
رختن	رخته‌ام	18
رختن	نمی‌رخت	15
رختن	می‌رختم	2
رختن	رخته‌اید	16
رختن	رختن	27
رختن	می‌رخت	26
رختن	برخت	17
رختن	رختۀ	6
پا به عرصه وجود گذاشتن	پذابه‌ایم	9
پا به عرصه وجود گذاشتن	پذابه‌اید	16
پا به عرصه وجود گذاشتن	پذابه‌ای	19
پا به عرصه وجود گذاشتن	پذابه‌ان	0
پا به عرصه وجود گذاشتن	جپوابه‌ام	4
پا به عرصه وجود گذاشتن	پذابه	27
پا به عرصه وجود گذاشتن	می‌پوابودند	25
پا به عرصه وجود گذاشتن	پذابهِ	13
پا به عرصه وجود گذاشتن	پذابه	8
پا به عرصه وجود گذاشتن	جپوابه	1
پا به عرصه وجود گذاشتن	بپوابه	17
پا به عرصه وجود گذاشتن	نمی‌پوابه	15
پا به عرصه وجود گذاشتن	پذابه‌اند	20
پا به عرصه وجود گذاشتن	پذابه‌ام	18
پا به عرصه وجود گذاشتن	می‌پوابود	10
پا به عرصه وجود گذاشتن	پذابه	30
پا به عرصه وجود گذاشتن	نپوابه	24
پا به عرصه وجود گذاشتن	می‌پوابوابه	2
پا به عرصه وجود گذاشتن	بپذابه	21
پا به عرصه وجود گذاشتن	نپوابه	12
پا به عرصه وجود گذاشتن	برپوابه	7
پا به عرصه وجود گذاشتن	بپوابه	11
پا به عرصه وجود گذاشتن	جذابه‌اید	5
پا به عرصه وجود گذاشتن	پوابه	3
پا به عرصه وجود گذاشتن	پذابه	22
پا به عرصه وجود گذاشتن	پذابهِ	6
پا به عرصه وجود گذاشتن	می‌پوابود	26
پا به عرصه وجود گذاشتن	پذابه	29
پا به عرصه وجود گذاشتن	پذابه	28
پا به عرصه وجود گذاشتن	پذابه	14
پا به عرصه وجود گذاشتن	پذابه‌ایم	23
مانستن	نمانسته	8
مانستن	می‌مانستند	25
مانستن	مانستگان	0
مانستن	بمانست	21
مانستن	نمانست	24
مانستن	مانسته‌ایم	9
مانستن	مانسته‌ای	19
مانستن	مانستند	28
مانستن	می‌مانستم	10
مانستن	نمانسته‌ام	4
مانستن	مانسته‌اید	16
مانستن	بمانید	3
مانستن	نمی‌مانست	15
مانستن	نمانسته‌اید	5
مانستن	مانستیم	23
مانستن	نمانستم	1
مانستن	نمانستند	12
مانستن	مانسته‌اند	20
مانستن	می‌مانست	26
مانستن	مانستی	13
مانستن	بمانستم	11
مانستن	مانسته‌ام	18
مانستن	برمانست	7
مانستن	مانسته	30
مانستن	مانستید	14
مانستن	مانست	29
مانستن	مانستم	22
مانستن	می‌مانند	2
مانستن	بمانست	17
مانستن	مانستن	27
مانستن	مانستۀ	6
افسوس خوردن	افوسود	29
افسوس خوردن	می‌افوسوسوسوسوسوسوسوسوسوسوسوسوسوسوسوسوسوسوسوسوسوسوسوسوسوسوسوسوسوسوسوسوسوسوسوسوسوسوسوسوسوسوسوسوسوسوسوسوسوسوسوسوسوسوسوسوسوسوسوسوسو	10
افسوس خوردن	افوسودند	28
افسوس خوردن	می‌اسوسوسوسوسوسوسوسوسوسوسوسوسوسوسوسوسوسوسوسوسوسوسوسوسوسوسوسوسوسوسوسوسوسوسوسوسوسوسوسوسوسوسوسوسوسوسوسوسوسوسوسوسوسوسوسوسوسوسوسوسوسو	2
افسوس خوردن	افوسوده‌اید	16
افسوس خوردن	افوسودم	22
افسوس خوردن	افوسوسود	8
افسوس خوردن	افوسود	4
افسوس خوردن	بافوسود	21
افسوس خوردن	افوسودن	27
افسوس خوردن	بافوسوم	11
افسوس خوردن	افوسوسوسوسوسوسوسوسوسوسوسوسوسوسوسوسوسوسوسوسوسوسوسوسوسوسوسوسوسوسوسوسوسوسوسوسوسوسوسوسوسوسوسوسوسوسوسوسوسوسوسوسوسوسوسوسوسوسوسوسوسوسوس	12
افسوس خوردن	افوسودۀ	6
افسوس خوردن	افوسو	17
افسوس خوردن	افوسودیم	23
افسوس خوردن	افوسوسوسوسوسوسوسوسوسوسوسوسوسوسوسوسوسوسوسوسوسوسوسوسوسوسوسوسوسوسوسوسوسوسوسوسوسوسوسوسوسوسوسوسوسوسوسوسوسوسوسوسوسوسوسوسوسوسوسوسوسوسوس	24
افسوس خوردن	افوسود	1
افسوس خوردن	افوسودید	14
افسوس خوردن	افوسوده‌اند	20
افسوس خوردن	امواسود	15
افسوس خوردن	افوسوده‌اید	5
افسوس خوردن	افوسود	3
افسوس خوردن	افوسوسودگان	0
افسوس خوردن	افوسودی	13
افسوس خوردن	افوسوده	30
افسوس خوردن	اراسوسود	7
افسوس خوردن	می‌افوسوسوسوسوسوسوسوسوسوسوسوسوسوسوسوسوسوسوسوسوسوسوسوسوسوسوسوسوسوسوسوسوسوسوسوسوسوسوسوسوسوسوسوسوسوسوسوسوسوسوسوسوسوسوسوسوسوسوسوسوسو	26
افسوس خوردن	افوسوده‌ام	18
افسوس خوردن	افوسوسوسوسوسوسوسوسوسوسوسوسوسوسوسوسوسوسوسوسوسوسوسوسوسوسوسوسوسوسوسوسوسوسوسوسوسوسوسوسوسوسوسوسوسوسوسوسوسوسوسوسوسوسوسوسوسوسوسوسوسوسوس	25
افسوس خوردن	افوسوسوده‌ای	19
افسوس خوردن	افوسوده‌ایم	9
ختنه کردن	خهنه	28
ختنه کردن	خه	8
ختنه کردن	خه‌خهنه	1
ختنه کردن	خهِ	6
ختنه کردن	می‌خهنم	10
ختنه کردن	خه‌خهنیم	3
ختنه کردن	بخه	11
ختنه کردن	خهنه	12
ختنه کردن	خهی	13
ختنه کردن	خهیم	23
ختنه کردن	خه‌خه‌اید	5
ختنه کردن	خهنه	27
ختنه کردن	بخه	17
ختنه کردن	خهم	22
ختنه کردن	نمی‌خهنه	15
ختنه کردن	می‌خهنند	2
ختنه کردن	خه‌خه‌ام	18
ختنه کردن	می‌خهنک	26
ختنه کردن	خه	30
ختنه کردن	خه‌خه‌اند	20
ختنه کردن	خه‌خه‌ام	4
ختنه کردن	خهینه	14
ختنه کردن	بخه	21
ختنه کردن	برخه	7
ختنه کردن	نخه	24
ختنه کردن	می‌خهنت	25
ختنه کردن	خه‌خه‌اید	16
ختنه کردن	خهنه	0
ختنه کردن	خه‌خه‌ایم	9
ختنه کردن	خه	29
ختنه کردن	خه‌خه‌ای	19
کینه ورزیدن	کنهی	13
کینه ورزیدن	می‌کنه	10
کینه ورزیدن	بکنی	17
کینه ورزیدن	کنه	29
کینه ورزیدن	کنهیدید	14
کینه ورزیدن	می‌کنه	26
کینه ورزیدن	کنهیریودم	1
کینه ورزیدن	کنهریورزنم	0
کینه ورزیدن	کنه‌اینو	5
کینه ورزیدن	کنی	20
کینه ورزیدن	کنه	8
کینه ورزیدن	بکنید	21
کینه ورزیدن	کنهِ	6
کینه ورزیدن	کنه‌ام	18
کینه ورزیدن	کنهیم	23
کینه ورزیدن	کنه‌ایم	9
کینه ورزیدن	کنهیریو	27
کینه ورزیدن	رکنیوریود	7
کینه ورزیدن	می‌کنیدند	25
کینه ورزیدن	کنه	30
کینه ورزیدن	می‌کنیود	2
کینه ورزیدن	نکنه	24
کینه ورزیدن	کنه‌این	3
کینه ورزیدن	کنه	22
کینه ورزیدن	نکنه	12
کینه ورزیدن	کنه‌ام	4
کینه ورزیدن	کنه‌ای	19
کینه ورزیدن	نمی‌کنه	15
کینه ورزیدن	بکنیم	11
کینه ورزیدن	کنه	28
کینه ورزیدن	کنه‌اید	16
تکزنگ زدن	تزنک	25
تکزنگ زدن	می‌تزنم	10
تکزنگ زدن	تزنک	30
تکزنگ زدن	بتزن	17
تکزنگ زدن	تزنک	1
تکزنگ زدن	می‌تزنک	26
تکزنگ زدن	تکش	20
تکزنگ زدن	تزنک	3
تکزنگ زدن	تزنک	8
تکزنگ زدن	تزنک	24
تکزنگ زدن	تکِ	6
تکزنگ زدن	تزنک	27
تکزنگ زدن	تزنک	14
تکزنگ زدن	تزنک	12
تکزنگ زدن	بتزن	21
تکزنگ زدن	تزنک	28
تکزنگ زدن	تمی‌تزنگی	15
تکزنگ زدن	تزنک	23
تکزنگ زدن	تکش	5
تکزنگ زدن	تزنک	16
تکزنگ زدن	تزنک	13
تکزنگ زدن	تزنک	29
تکزنگ زدن	تزنک	22
تکزنگ زدن	تزنک	2
تکزنگ زدن	تزنک	19
تکزنگ زدن	تکش	0
تکزنگ زدن	تزنک	9
تکزنگ زدن	ترک	7
تکزنگ زدن	بتزنم	11
تکزنگ زدن	تزنک	4
تکزنگ زدن	تزنکش	18
مرحمت کردن	مرمته‌ای	19
مرحمت کردن	مرم	4
مرحمت کردن	مرمش	0
مرحمت کردن	مرمِ	6
مرحمت کردن	می‌مرمت	26
مرحمت کردن	نمرمت	24
مرحمت کردن	بمرمت	21
مرحمت کردن	مرمت	29
مرحمت کردن	می‌مرم	10
مرحمت کردن	مرمتیم	23
مرحمت کردن	مرمرم	9
مرحمت کردن	مرمتم	22
مرحمت کردن	بمرمت	17
مرحمت کردن	نمی‌مرم	15
مرحمت کردن	برمرمرم	7
مرحمت کردن	مرم	12
مرحمت کردن	مرمتی	13
مرحمت کردن	بمرمت	3
مرحمت کردن	مرمرم	25
مرحمت کردن	مرمتم	28
مرحمت کردن	مرم	5
مرحمت کردن	مرم	8
مرحمت کردن	مرمرم	18
مرحمت کردن	می‌مرم	2
مرحمت کردن	مرمته‌اید	16
مرحمت کردن	مرمته‌اند	20
مرحمت کردن	مرم	1
مرحمت کردن	مرمت	30
مرحمت کردن	بمرم	11
مرحمت کردن	مرمتید	14
مرحمت کردن	مرمتم	27
تقویت کردن	می‌تقویت	26
تقویت کردن	تقویته‌اند	20
تقویت کردن	تقویتِ	6
تقویت کردن	می‌تقویم	10
تقویت کردن	تقویتی	13
تقویت کردن	تقویت	4
تقویت کردن	تقویتم	22
تقویت کردن	ترتیت	7
تقویت کردن	تقویته‌اید	16
تقویت کردن	بتقویم	11
تقویت کردن	بتقویت	21
تقویت کردن	بتقویت	3
تقویت کردن	تقویت	2
تقویت کردن	تقویتم	1
تقویت کردن	می‌تقویتند	25
تقویت کردن	تقویتند	28
تقویت کردن	تقویت	29
تقویت کردن	تقویت	15
تقویت کردن	تقویت	0
تقویت کردن	تقویت	24
تقویت کردن	تقویتیم	23
تقویت کردن	تقویته‌ایم	9
تقویت کردن	تقویت	12
تقویت کردن	تقویتید	14
تقویت کردن	تقویت	27
تقویت کردن	تقویت	5
تقویت کردن	تقویته	30
تقویت کردن	تقویت	17
تقویت کردن	تقویت	8
تقویت کردن	تقویته‌ام	18
تقویت کردن	تقویته‌ای	19
خواستن	خواستیم	23
خواستن	نخواسته‌ام	4
خواستن	نخواستم	1
خواستن	نخواستند	12
خواستن	نخواسته‌اید	5
خواستن	خواسته	30
خواستن	بخواست	17
خواستن	خواستی	13
خواستن	خواسته‌اید	16
خواستن	نخواست	24
خواستن	خواستید	14
خواستن	می‌خواستم	10
خواستن	خواسته‌ایم	9
خواستن	بخواستم	11
خواستن	خواستۀ	6
خواستن	می‌خواستند	2
خواستن	برخواست	7
خواستن	نخواسته‌ام	3
خواستن	می‌خواست	26
خواستن	خواستگان	0
خواستن	نمی‌خواست	15
خواستن	خواستن	27
خواستن	بخواست	21
خواستن	خواستم	22
خواستن	خواست	29
خواستن	می‌خواستند	25
خواستن	نخواسته	8
خواستن	خواستند	28
خواستن	خواسته‌ای	19
خواستن	خواسته‌اند	20
خواستن	خواسته‌ام	18
درست کردن	نمی‌درست	15
درست کردن	درستی	13
درست کردن	درست	19
درست کردن	درسترادگان	0
درست کردن	درست	9
درست کردن	درستید	14
درست کردن	مرسترست	25
درست کردن	بدرست	17
درست کردن	می‌درست	10
درست کردن	درست	4
درست کردن	درستۀ	6
درست کردن	درست	16
درست کردن	درست	18
درست کردن	بدرست	21
درست کردن	بدرست	3
درست کردن	بردرست	7
درست کردن	درسته	30
درست کردن	می‌درست	26
درست کردن	درستیم	23
درست کردن	می‌درست	2
درست کردن	ندرستم	1
درست کردن	درستم	22
درست کردن	درست	27
درست کردن	بدرست	11
درست کردن	ندرست	24
درست کردن	درست	5
درست کردن	ندرستند	12
درست کردن	درستند	28
درست کردن	درست	8
درست کردن	درست	20
درست کردن	درست	29
گشادن	می‌گشام	10
گشادن	گشاده	30
گشادن	نگشادند	12
گشادن	نگشاده	8
گشادن	بگشاید	3
گشادن	بگشاد	21
گشادن	گشادند	28
گشادن	گشاده‌اید	16
گشادن	نگشاده‌اید	5
گشادن	گشادی	13
گشادن	گشاده‌ام	18
گشادن	نگشاد	24
گشادن	گشادن	27
گشادن	گشادید	14
گشادن	می‌گشاد	26
گشادن	گشادم	22
گشادن	بگشام	11
گشادن	می‌گشادند	25
گشادن	نمی‌گشاد	15
گشادن	بگشاند	1
گشادن	گشاد	29
گشادن	گشا	6
گشادن	گشادنم	0
گشادن	برگشاد	7
گشادن	گشاده‌ای	19
گشادن	می‌گشاند	2
گشادن	بگشا	17
گشادن	گشاده‌ایم	9
گشادن	گشاده‌اند	20
گشادن	می‌گشاید	4
گشادن	گشادیم	23
تنظیم کردن	می‌تنیم	26
تنظیم کردن	می‌تنیم	25
تنظیم کردن	می‌تنیم	10
تنظیم کردن	تن<UNK>م	8
تنظیم کردن	تن<UNK>م	28
تنظیم کردن	تن<UNK>م	5
تنظیم کردن	تن<UNK>م	14
تنظیم کردن	تن<UNK>م	15
تنظیم کردن	تن<UNK>مِد	20
تنظیم کردن	تن<UNK>م	1
تنظیم کردن	بن<UNK><UNK>یم	11
تنظیم کردن	تن<UNK>م	27
تنظیم کردن	تن<UNK>م	17
تنظیم کردن	تن<UNK>م	16
تنظیم کردن	می‌تنیم	2
تنظیم کردن	تن<UNK>م	4
تنظیم کردن	تن<UNK>م	13
تنظیم کردن	تن<UNK>مِ	6
تنظیم کردن	تن<UNK>یم	21
تنظیم کردن	تن<UNK>م	18
تنظیم کردن	تن<UNK>مش	0
تنظیم کردن	تن<UNK>م	30
تنظیم کردن	تن<UNK>م	29
تنظیم کردن	تن<UNK>م	19
تنظیم کردن	تن<UNK>م	22
تنظیم کردن	تن<UNK><UNK>یم	3
تنظیم کردن	ترتم	7
تنظیم کردن	تن<UNK><UNK>یم	24
تنظیم کردن	تن<UNK>م	9
تنظیم کردن	تن<UNK>م	12
تنظیم کردن	تن<UNK>م	23
راست کردن	رساستید	14
راست کردن	می‌راست	26
راست کردن	رساسته‌اید	16
راست کردن	رساستراک	28
راست کردن	می‌راست	2
راست کردن	راستی	13
راست کردن	براست	7
راست کردن	رساسته‌ایم	9
راست کردن	رساستیم	23
راست کردن	راست	8
راست کردن	براستم	11
راست کردن	رساسته‌اند	20
راست کردن	رساستم	22
راست کردن	رساست	1
راست کردن	براست	17
راست کردن	رساسته‌اید	5
راست کردن	رساسته‌ام	4
راست کردن	می‌راست	10
راست کردن	رساست	27
راست کردن	رساسته‌ام	18
راست کردن	رساستۀ	6
راست کردن	رساست	12
راست کردن	رساستگان	0
راست کردن	براست	21
راست کردن	نرست	24
راست کردن	می‌راستند	25
راست کردن	براست	3
راست کردن	رساسته	30
راست کردن	رساسته‌ای	19
راست کردن	رساست	15
راست کردن	رساست	29
پا در میان گذاشتن	پذارده‌ایم	9
پا در میان گذاشتن	پذارده‌ای	19
پا در میان گذاشتن	پذاردیم	23
پا در میان گذاشتن	پذیرگام	5
پا در میان گذاشتن	پذیرگِ	6
پا در میان گذاشتن	پذاردید	14
پا در میان گذاشتن	بپذیرگیم	11
پا در میان گذاشتن	بپذیرگید	21
پا در میان گذاشتن	نمی‌پذام	15
پا در میان گذاشتن	می‌پذام	2
پا در میان گذاشتن	پذارده‌اند	20
پا در میان گذاشتن	پذارده‌اید	16
پا در میان گذاشتن	برپذیرگ	7
پا در میان گذاشتن	پذارد	8
پا در میان گذاشتن	می‌پذامت	26
پا در میان گذاشتن	نپذیرگام	4
پا در میان گذاشتن	پذیرگام	1
پا در میان گذاشتن	می‌پذام	10
پا در میان گذاشتن	پذاردند	28
پا در میان گذاشتن	نپذارد	24
پا در میان گذاشتن	پذاردن	27
پا در میان گذاشتن	می‌پذام	25
پا در میان گذاشتن	بپذیرگِ	17
پا در میان گذاشتن	پذارد	29
پا در میان گذاشتن	پذاردم	22
پا در میان گذاشتن	بپذارید	3
پا در میان گذاشتن	پذاردی	13
پا در میان گذاشتن	پذیرگام	0
پا در میان گذاشتن	پذارده	30
پا در میان گذاشتن	پذارده‌ام	18
پا در میان گذاشتن	نپذیرگام	12
جلق زدن	می‌جقققلید	2
جلق زدن	جقلنده‌اند	20
جلق زدن	جقلد	29
جلق زدن	جقلیزدی	13
جلق زدن	جقلدم	22
جلق زدن	جقلنلدن	27
جلق زدن	نمی‌جللللللللللللللللللللللللللللللللللللللللللللللللللللللللللللللللللللللللللللللللللللللللللللللللللللللللللللللللللللللللللل	15
جلق زدن	بجلللدلد	21
جلق زدن	نجقلد	24
جلق زدن	برجلدقلد	7
جلق زدن	جقلیزه‌ایم	9
جلق زدن	جقلیزدید	14
جلق زدن	جقلیزِ	19
جلق زدن	می‌جقلیدند	25
جلق زدن	بجلل<s>بجزد	1
جلق زدن	جقلده	30
جلق زدن	بجلل	17
جلق زدن	نجقلیده‌اید	5
جلق زدن	بجللیم	11
جلق زدن	جقلیزش	0
جلق زدن	بجلیز	3
جلق زدن	می‌جقلیم	10
جلق زدن	جقلیزده‌ام	18
جلق زدن	جقلیزِ	6
جلق زدن	می‌جقلید	4
جلق زدن	جقلیز	8
جلق زدن	جقلیزده‌اید	16
جلق زدن	جقلیزیم	23
جلق زدن	نجقلیزدند	12
جلق زدن	می‌جلللللللللللللللللللللللللللللللللللللللللللللللللللللللللللللللللللللللللللللللللللللللللللللللللللللللللللللللللللللللللللل	26
جلق زدن	جللللللللللللللللللللللللللللللللللللللللللللللللللللللللللللللللللللللللللللللللللللللللللللللللللللللللللللللللللللللللللللللل	28
زوم کردن	بزورم	11
زوم کردن	زورکش	16
زوم کردن	می‌زوم	25
زوم کردن	زمورک	22
زوم کردن	زورکش	18
زوم کردن	زومِد	20
زوم کردن	زمورک	13
زوم کردن	زمورک	1
زوم کردن	زورکش	19
زوم کردن	بزو	17
زوم کردن	می‌زوم	2
زوم کردن	زومش	0
زوم کردن	می‌زورک	26
زوم کردن	زورکش	9
زوم کردن	زورکردند	28
زوم کردن	زمورکش	4
زوم کردن	بزومید	3
زوم کردن	نزوم	5
زوم کردن	می‌زورم	10
زوم کردن	زوم	30
زوم کردن	زورکید	14
زوم کردن	بزوم	21
زوم کردن	زوم	29
زوم کردن	نمی‌زورک	15
زوم کردن	زومیدیم	23
زوم کردن	نزوم	12
زوم کردن	نزورک	24
زوم کردن	زوم	8
زوم کردن	برزوم	7
زوم کردن	زورک	27
زوم کردن	زومِ	6
باور کردن	می‌بورک	26
باور کردن	می‌بورم	10
باور کردن	بربورک	7
باور کردن	بورارک	12
باور کردن	بمرارک	15
باور کردن	ببورک	21
باور کردن	بوراردند	28
باور کردن	بواردم	22
باور کردن	بورارک	14
باور کردن	بورار	27
باور کردن	بوری	3
باور کردن	بورارید	4
باور کردن	بورارک	29
باور کردن	بورارده‌اند	20
باور کردن	می‌بورند	2
باور کردن	ببور	17
باور کردن	بورارک	23
باور کردن	بورار	0
باور کردن	بورار	9
باور کردن	بوار	6
باور کردن	بوراردی	13
باور کردن	بورارک	16
باور کردن	می‌بورارک	25
باور کردن	بورارک	19
باور کردن	ببورم	11
باور کردن	بورار	5
باور کردن	بورارده‌ام	18
باور کردن	بورار	8
باور کردن	نبورارد	24
باور کردن	بورارک	30
باور کردن	بورارک	1
چیندن	چین	6
چیندن	چیندم	22
چیندن	چینده‌ای	19
چیندن	چیندند	28
چیندن	می‌چینند	2
چیندن	چیندید	14
چیندن	نچیندند	12
چیندن	برچیند	7
چیندن	بچین	17
چیندن	چیندی	13
چیندن	می‌چیند	26
چیندن	نچیند	24
چیندن	چینده‌ایم	9
چیندن	چینده‌ام	18
چیندن	می‌چینم	10
چیندن	چینده	30
چیندن	بچیند	21
چیندن	می‌چینید	4
چیندن	چیند	29
چیندن	می‌چیندند	25
چیندن	بچیند	3
چیندن	نچینده	8
چیندن	چیندن	27
چیندن	نچینده‌اید	5
چیندن	چینده‌اند	20
چیندن	چینده‌اید	16
چیندن	چیندگان	0
چیندن	چیندیم	23
چیندن	بچیند	1
چیندن	نمی‌چیند	15
چیندن	بچینم	11
ترکیدن	بترک	11
ترکیدن	نمی‌ترک	15
ترکیدن	ترک	30
ترکیدن	بترکی	17
ترکیدن	ترکش	16
ترکیدن	بترکید	21
ترکیدن	ترکش	22
ترکیدن	نترکیده‌اید	5
ترکیدن	ترک	8
ترکیدن	ترکش	9
ترکیدن	ترکیدید	14
ترکیدن	می‌ترکید	2
ترکیدن	نترکید	24
ترکیدن	ترکیده‌ای	19
ترکیدن	نترک‌ام	4
ترکیدن	ترکش	20
ترکیدن	ترکید	29
ترکیدن	بترکید	3
ترکیدن	ترکش	0
ترکیدن	ترکیدی	13
ترکیدن	ترکی	6
ترکیدن	ترکیدن	27
ترکیدن	نترک	1
ترکیدن	برکرکرکید	7
ترکیدن	می‌ترکید	26
ترکیدن	می‌ترک	10
ترکیدن	ترکیدند	28
ترکیدن	ترکیدیم	23
ترکیدن	نترکیدند	12
ترکیدن	ترکش	18
ترکیدن	می‌ترکیدند	25
نابود کردن	نابود	5
نابود کردن	می‌نابودند	25
نابود کردن	نابود	8
نابود کردن	نابودۀ	6
نابود کردن	نابودم	22
نابود کردن	بنابوم	11
نابود کردن	نابودید	14
نابود کردن	نابود	29
نابود کردن	بنابود	21
نابود کردن	نابوده‌ایم	9
نابود کردن	نابود	4
نابود کردن	ننابود	24
نابود کردن	نابوده	30
نابود کردن	بنابود	3
نابود کردن	برنابود	7
نابود کردن	می‌نابود	2
نابود کردن	نابود	1
نابود کردن	می‌نابوم	10
نابود کردن	نابودیم	23
نابود کردن	نابودن	27
نابود کردن	می‌نابود	26
نابود کردن	نابوده‌ای	19
نابود کردن	بنابو	17
نابود کردن	نمی‌نابود	15
نابود کردن	نابوده‌اند	20
نابود کردن	نابوده‌اید	16
نابود کردن	نابودی	13
نابود کردن	نابود	12
نابود کردن	نابودنم	0
نابود کردن	نابوده‌ام	18
نابود کردن	نابودند	28
خط زدن	بخ <UNK>د	21
خط زدن	نخ<UNK>زدم	1
خط زدن	خ<UNK>دن	27
خط زدن	بخ <UNK>م	11
خط زدن	نخ<UNK>دند	12
خط زدن	خ خ ده	8
خط زدن	خ<UNK>دید	14
خط زدن	خ<UNK>دند	28
خط زدن	خ<UNK>ده‌اند	20
خط زدن	نخ<UNK>ده‌ام	4
خط زدن	خ<UNK>دی	13
خط زدن	می‌خ<UNK><UNK><UNK>ند	2
خط زدن	خ<UNK>ِ	6
خط زدن	می‌خ <UNK>م	10
خط زدن	خ<UNK>دیم	23
خط زدن	بخ<UNK><UNK>	17
خط زدن	خ<UNK>ده‌اید	16
خط زدن	خ<UNK>دم	22
خط زدن	برخ<UNK>د	7
خط زدن	خ<UNK>ده	30
خط زدن	نخ<UNK>ده‌اید	5
خط زدن	خ<UNK>ده‌ای	19
خط زدن	خ<UNK>د	29
خط زدن	خ <UNK>گان	0
خط زدن	خ<UNK>ده‌ایم	9
خط زدن	می‌خ <UNK>دند	25
خط زدن	خ<UNK>ده‌ام	18
خط زدن	می‌خ <UNK>د	26
خط زدن	نخ<UNK>د	24
خط زدن	بخ <UNK>ید	3
خط زدن	نمی‌خ<UNK><UNK>د	15
حرکت کردن	نحرک	24
حرکت کردن	حرکشته‌اند	20
حرکت کردن	نحرکشته‌ام	4
حرکت کردن	حرکت	5
حرکت کردن	حرکشت	9
حرکت کردن	حرکتند	28
حرکت کردن	بحت	11
حرکت کردن	رکرک	7
حرکت کردن	حرک	22
حرکت کردن	حرکت	14
حرکت کردن	حرک	8
حرکت کردن	حرک	23
حرکت کردن	حرکِ	19
حرکت کردن	می‌حت	10
حرکت کردن	نمی‌حرک	15
حرکت کردن	می‌حرک	25
حرکت کردن	می‌حرک	26
حرکت کردن	حرک	29
حرکت کردن	بحت	17
حرکت کردن	می‌حرک	2
حرکت کردن	حرک	30
حرکت کردن	نحت	1
حرکت کردن	حرکِ	6
حرکت کردن	حرکت	16
حرکت کردن	حرکشته‌ام	18
حرکت کردن	بحت	3
حرکت کردن	بحت	21
حرکت کردن	نحرک	12
حرکت کردن	حرک	27
حرکت کردن	حرک	13
حرکت کردن	حرکش	0
آشنا شدن	آشنا	13
آشنا شدن	آشنا	23
آشنا شدن	آشنا	30
آشنا شدن	آشنا	22
آشنا شدن	نآشنا	24
آشنا شدن	آشنا	19
آشنا شدن	آشنا	4
آشنا شدن	آشنا	9
آشنا شدن	آشنا	16
آشنا شدن	بآشنا	11
آشنا شدن	آشنا	14
آشنا شدن	آشنا	0
آشنا شدن	آشنا	6
آشنا شدن	می‌آشنا	25
آشنا شدن	آشنا	28
آشنا شدن	آشنا	29
آشنا شدن	بآشنا	1
آشنا شدن	بآشنا	17
آشنا شدن	برآشنا	7
آشنا شدن	آشنا	5
آشنا شدن	آشنا	20
آشنا شدن	آشنا	8
آشنا شدن	بآشنا	3
آشنا شدن	می‌آشنا	26
آشنا شدن	بآشنا	21
آشنا شدن	آشنا	12
آشنا شدن	نمی‌آشنا	15
آشنا شدن	می‌آشنام	10
آشنا شدن	می‌آشنا	2
آشنا شدن	آشنا	27
آشنا شدن	آشنا	18
آبتنی کردن	آبنتید	16
آبتنی کردن	آبنتیده‌ام	18
آبتنی کردن	می‌آبنیم	10
آبتنی کردن	آبنت	1
آبتنی کردن	آبنتن	27
آبتنی کردن	آبنتید	14
آبتنی کردن	آتنی	6
آبتنی کردن	آبنت	25
آبتنی کردن	آبنتن	24
آبتنی کردن	آبنت	22
آبتنی کردن	بآبنیم	11
آبتنی کردن	آبنتنید	12
آبتنی کردن	می‌آبنید	2
آبتنی کردن	آتنم	0
آبتنی کردن	می‌آبنید	26
آبتنی کردن	آبنتید	5
آبتنی کردن	آبنتید	3
آبتنی کردن	نمی‌آت	15
آبتنی کردن	آبنت	29
آبتنی کردن	آبنتن	9
آبتنی کردن	آبنت	20
آبتنی کردن	آبنت	17
آبتنی کردن	آبنت	8
آبتنی کردن	آبتند	28
آبتنی کردن	آبنتی	13
آبتنی کردن	آبنتن	19
آبتنی کردن	آبتیده‌ام	4
آبتنی کردن	آبنتن	30
آبتنی کردن	آبنتیم	23
آبتنی کردن	بآبنید	21
آبتنی کردن	برآبینید	7
سر کردن	می‌سرکرد	2
سر کردن	نمی‌سرک	15
سر کردن	بسرکرک	3
سر کردن	سرکش	0
سر کردن	سرکرده‌اید	16
سر کردن	می‌سرکردند	25
سر کردن	سرکرده‌ایم	9
سر کردن	نسرکرد	24
سر کردن	سرکردند	28
سر کردن	برس د	7
سر کردن	سرکرده	30
سر کردن	سرکردم	22
سر کردن	سرکِ	6
سر کردن	سرکرد	29
سر کردن	نسرکرده‌ام	4
سر کردن	سرکردی	13
سر کردن	نسرکردند	12
سر کردن	سرکردیم	23
سر کردن	سرکردن	27
سر کردن	بسرک	17
سر کردن	سرکردید	14
سر کردن	بسرکرد	21
سر کردن	سرکرده‌ای	19
سر کردن	می‌سرک	10
سر کردن	نسرکردم	1
سر کردن	نسرکرده‌اید	5
سر کردن	می‌س رک	26
سر کردن	بسرکرم	11
سر کردن	سرک	8
سر کردن	سرکرده‌اند	20
سر کردن	سرکرده‌ام	18
تمرین کردن	تمرین	8
تمرین کردن	تمرین	23
تمرین کردن	تمرین	5
تمرین کردن	بتمرین	21
تمرین کردن	تمرین	29
تمرین کردن	تمرین	18
تمرین کردن	ترمرین	7
تمرین کردن	تمرین	30
تمرین کردن	تمرین	25
تمرین کردن	تمرین	0
تمرین کردن	تمرین	9
تمرین کردن	نتمرین	24
تمرین کردن	تمرین	16
تمرین کردن	تمرین	4
تمرین کردن	می‌تمریند	2
تمرین کردن	می‌تمرین	26
تمرین کردن	تمرین	13
تمرین کردن	تمرین	27
تمرین کردن	تمریند	28
تمرین کردن	تمرین	6
تمرین کردن	تمرین	1
تمرین کردن	تمرین	20
تمرین کردن	تمرین	15
تمرین کردن	تمرین	14
تمرین کردن	تمرین	3
تمرین کردن	تمرین	19
تمرین کردن	تمرین	22
تمرین کردن	تمرین	12
تمرین کردن	بمریم	11
تمرین کردن	تمری	17
تمرین کردن	می‌تمریم	10
استفاده کردن	استفادیم	23
استفاده کردن	استفاده‌اید	3
استفاده کردن	استفاده	8
استفاده کردن	می‌استفاده‌ام	10
استفاده کردن	استفادم	1
استفاده کردن	می‌استفاد	25
استفاده کردن	استفاده	15
استفاده کردن	استفادید	14
استفاده کردن	استفادند	12
استفاده کردن	استفاده‌ام	18
استفاده کردن	استفاده‌اید	16
استفاده کردن	می‌استفاد	26
استفاده کردن	استفادند	28
استفاده کردن	باستفادم	11
استفاده کردن	استفادۀ	6
استفاده کردن	باستفاده	17
استفاده کردن	برستفاده	7
استفاده کردن	استفاده‌ای	19
استفاده کردن	باستفاد	21
استفاده کردن	استفاده	30
استفاده کردن	استفاده‌ام	4
استفاده کردن	می‌استفاده‌اند	2
استفاده کردن	استفادم	22
استفاده کردن	استفاد	29
استفاده کردن	استفادگان	0
استفاده کردن	استفادن	27
استفاده کردن	استفادی	13
استفاده کردن	استفاده‌اید	5
استفاده کردن	استفاده‌اند	20
استفاده کردن	استفاده‌ایم	9
استفاده کردن	ناستفاد	24
آغاز شدن	آغاز	4
آغاز شدن	نمی‌آغاز	15
آغاز شدن	آغازِ	27
آغاز شدن	آغازِد	16
آغاز شدن	آغازِ	6
آغاز شدن	بآغازِ	17
آغاز شدن	آغاز	29
آغاز شدن	بآغاز	21
آغاز شدن	برآغاز	7
آغاز شدن	می‌آغاز	26
آغاز شدن	آغازِ	22
آغاز شدن	نآغاز	24
آغاز شدن	آغاز	12
آغاز شدن	آغازِ	19
آغاز شدن	آغازید	14
آغاز شدن	بآغاز	3
آغاز شدن	آغاز	5
آغاز شدن	آغازی	13
آغاز شدن	آغاز	8
آغاز شدن	آغازِ	23
آغاز شدن	آغازِم	9
آغاز شدن	نآغاز	1
آغاز شدن	می‌آغازِ	10
آغاز شدن	آغازِ	18
آغاز شدن	می‌آغازند	25
آغاز شدن	آغازِد	28
آغاز شدن	آغاز	30
آغاز شدن	بآغازِ	11
آغاز شدن	آغازِد	20
آغاز شدن	آغازش	0
آغاز شدن	می‌آغاز	2
اعتراض کردن	اعتراض	1
اعتراض کردن	باعتراض	11
اعتراض کردن	اعتراض	13
اعتراض کردن	اعتراض	25
اعتراض کردن	می‌اعتراض	26
اعتراض کردن	اعتراض	23
اعتراض کردن	اعتراض	30
اعتراض کردن	می‌اعتراض	2
اعتراض کردن	اعتراض	22
اعتراض کردن	اعتراض	19
اعتراض کردن	اعتراض	4
اعتراض کردن	اعتراض	9
اعتراض کردن	ناعتراض	24
اعتراض کردن	اعتراض	15
اعتراض کردن	اعتراض	14
اعتراض کردن	اعتراض	0
اعتراض کردن	اعتراض	6
اعتراض کردن	اعتراض	28
اعتراض کردن	اعتراض‌ام	18
اعتراض کردن	اعتراضد	16
اعتراض کردن	اعتراض	29
اعتراض کردن	اعتراض	20
اعتراض کردن	اعتراض	5
اعتراض کردن	باعتراض	21
اعتراض کردن	اعتراض	8
اعتراض کردن	باعتراض	3
اعتراض کردن	می‌اعتراض	10
اعتراض کردن	اعتراض	12
اعتراض کردن	باعتراض	17
اعتراض کردن	اعتراض	7
اعتراض کردن	اعتراض	27
فشردن	فشرده‌اید	16
فشردن	بفشرم	11
فشردن	می‌فشرید	4
فشردن	برفشرد	7
فشردن	می‌فشرم	10
فشردن	نفشردند	12
فشردن	نمی‌فشرد	15
فشردن	بفشرند	1
فشردن	بفشر	17
فشردن	فشرده‌ایم	9
فشردن	بفشرید	3
فشردن	فشردند	28
فشردن	می‌فشردند	25
فشردن	فشرد	29
فشردن	فشرده‌ام	18
فشردن	می‌فشرد	26
فشردن	بفشرد	21
فشردن	فشردن	27
فشردن	نفشرده	8
فشردن	فشرده	30
فشردن	فشردی	13
فشردن	فشردید	14
فشردن	فشردگان	0
فشردن	فشردیم	23
فشردن	فشرده‌اند	20
فشردن	فشرده‌ای	19
فشردن	فشر	6
فشردن	نفشرد	24
فشردن	فشردم	22
فشردن	می‌فشرند	2
فشردن	نفشرده‌اید	5
توصیف کردن	تمی‌توصیف	15
توصیف کردن	توصیف	29
توصیف کردن	توصیف	30
توصیف کردن	توصیف	23
توصیف کردن	توصیفِ	6
توصیف کردن	می‌توصیف	25
توصیف کردن	می‌توصیف	26
توصیف کردن	توصیف	0
توصیف کردن	می‌توصیف	2
توصیف کردن	بتوصیف	21
توصیف کردن	توصیف	18
توصیف کردن	توصیف	4
توصیف کردن	توصیف	16
توصیف کردن	توصیف	27
توصیف کردن	تروصیف	7
توصیف کردن	می‌توصیم	10
توصیف کردن	توصیف	13
توصیف کردن	توصیف	17
توصیف کردن	توصیف	1
توصیف کردن	بتوصیم	11
توصیف کردن	توصیف	20
توصیف کردن	توصیف	28
توصیف کردن	توصیف	12
توصیف کردن	بتوصیف	3
توصیف کردن	توصیف	14
توصیف کردن	توصیف	24
توصیف کردن	توصیف	9
توصیف کردن	توصیف	8
توصیف کردن	توصیف	19
توصیف کردن	توصیف	5
توصیف کردن	توصیف	22
جمع شدن	جم	9
جمع شدن	بجم	3
جمع شدن	جمعشده‌اند	20
جمع شدن	جمعشده	30
جمع شدن	جم	22
جمع شدن	جمععشندن	27
جمع شدن	بجم	11
جمع شدن	بجعععععععععععععععععععععععععععععععععععععععععععععععععععععععععععععععععععععععععععععععععععععععععععععععععععععععععععععععععععععععععععععع	17
جمع شدن	جمعشدند	28
جمع شدن	جمش	0
جمع شدن	جمع د	29
جمع شدن	نمی‌جم	15
جمع شدن	جم	18
جمع شدن	نجم	12
جمع شدن	می‌جم	2
جمع شدن	می‌جمعع	26
جمع شدن	نجم	5
جمع شدن	می‌جمیدند	25
جمع شدن	بجمشد	21
جمع شدن	جمعشنی	19
جمع شدن	جمعشندم	1
جمع شدن	جمِ	6
جمع شدن	جمععععدید	14
جمع شدن	جمععش	23
جمع شدن	نجمعععشعشععع د	24
جمع شدن	جمع ده‌اید	16
جمع شدن	جم	8
جمع شدن	می‌جمید	4
جمع شدن	می‌جم	10
جمع شدن	جمعشدی	13
جمع شدن	برجعشد	7
پا به جهان گذاشتن	پذابه‌ایم	9
پا به جهان گذاشتن	نپذابه‌ام	4
پا به جهان گذاشتن	پذابه‌اید	16
پا به جهان گذاشتن	بپذاب	3
پا به جهان گذاشتن	جمی‌پذابذت	15
پا به جهان گذاشتن	پذابه‌ای	19
پا به جهان گذاشتن	پذابه	8
پا به جهان گذاشتن	می‌پذابهند	25
پا به جهان گذاشتن	پذابه‌اند	20
پا به جهان گذاشتن	بپذابه	17
پا به جهان گذاشتن	جپذابه‌اید	5
پا به جهان گذاشتن	پذابه‌ام	18
پا به جهان گذاشتن	پذابه‌اند	28
پا به جهان گذاشتن	پذابه‌ای	13
پا به جهان گذاشتن	پذابه	30
پا به جهان گذاشتن	برپذابه	7
پا به جهان گذاشتن	بپذابه	21
پا به جهان گذاشتن	پذاب	22
پا به جهان گذاشتن	می‌پذابذت	2
پا به جهان گذاشتن	پذاب	0
پا به جهان گذاشتن	می‌پذابه	26
پا به جهان گذاشتن	می‌پذابه‌ام	10
پا به جهان گذاشتن	پذابهِ	6
پا به جهان گذاشتن	جپذابه‌اجه	12
پا به جهان گذاشتن	جپذابه	24
پا به جهان گذاشتن	پذابه	29
پا به جهان گذاشتن	بپذابه	11
پا به جهان گذاشتن	جپذابه‌ام	1
پا به جهان گذاشتن	پذابه‌ان	27
پا به جهان گذاشتن	پذابه	14
پا به جهان گذاشتن	پذابه‌ایم	23
به زبان آوردن	بهابید	14
به زبان آوردن	به‌ازند	20
به زبان آوردن	نبهابوده‌ام	4
به زبان آوردن	بهابِ	6
به زبان آوردن	می‌بهاب	10
به زبان آوردن	بهابی	13
به زبان آوردن	ببهاب	21
به زبان آوردن	نمی‌به‌ام	15
به زبان آوردن	بهاب	27
به زبان آوردن	می‌بهز ند	2
به زبان آوردن	ببهاب	17
به زبان آوردن	بهاب	0
به زبان آوردن	بهاب	28
به زبان آوردن	نبهاب	5
به زبان آوردن	بهاب	29
به زبان آوردن	به‌از	9
به زبان آوردن	می‌بهاب	25
به زبان آوردن	می‌بهاب	26
به زبان آوردن	نبهاب	12
به زبان آوردن	به‌از	19
به زبان آوردن	بربهاب	7
به زبان آوردن	به	8
به زبان آوردن	ببهاب	11
به زبان آوردن	نبهاب	24
به زبان آوردن	بهابیم	23
به زبان آوردن	به‌اید	16
به زبان آوردن	ببهاب	3
به زبان آوردن	نبهاب	1
به زبان آوردن	به	30
به زبان آوردن	بهاب	18
به زبان آوردن	بهابم	22
حرف زدن	بحرزدزد	1
حرف زدن	می‌حرفد	2
حرف زدن	حرفدی	13
حرف زدن	نحرفدند	12
حرف زدن	حرف	8
حرف زدن	حرفدند	28
حرف زدن	نحرفده‌اید	5
حرف زدن	می‌حرف	10
حرف زدن	حرفیدید	14
حرف زدن	برحرزرزرزد	7
حرف زدن	حرفتاده‌ایم	9
حرف زدن	می‌حرفدند	25
حرف زدن	حرزرزدم	22
حرف زدن	حرزیدیم	23
حرف زدن	می‌حرید	4
حرف زدن	بحرف	17
حرف زدن	نحرفد	24
حرف زدن	حرزدز	27
حرف زدن	حرزد	29
حرف زدن	حرفتند	20
حرف زدن	بحرزرزد	21
حرف زدن	می‌حرف	26
حرف زدن	بحرف	11
حرف زدن	حرفتاده‌اید	16
حرف زدن	حرفش	0
حرف زدن	نمی‌حرزد	15
حرف زدن	حرفتاده‌ام	18
حرف زدن	حرز	30
حرف زدن	بحرفزید	3
حرف زدن	حرفتی	19
حرف زدن	حرفِ	6
فریاد زدن	فرید	8
فریاد زدن	بفرید	21
فریاد زدن	می‌فرید	26
فریاد زدن	بفرید	3
فریاد زدن	بفریم	11
فریاد زدن	فریده‌ایم	9
فریاد زدن	فرید	29
فریاد زدن	فریدیم	23
فریاد زدن	فریدند	28
فریاد زدن	فریدی	13
فریاد زدن	فریدید	14
فریاد زدن	نمی‌فرید	15
فریاد زدن	برفرید	7
فریاد زدن	نفریدند	12
فریاد زدن	بفرید	1
فریاد زدن	فریده	30
فریاد زدن	فری	6
فریاد زدن	فریده‌ای	19
فریاد زدن	می‌فرید	2
فریاد زدن	فریده‌اید	5
فریاد زدن	فریده‌ام	18
فریاد زدن	می‌فرید	4
فریاد زدن	فریدگاز	0
فریاد زدن	می‌فریم	10
فریاد زدن	فریده‌اند	20
فریاد زدن	فریده‌اید	16
فریاد زدن	نفرید	24
فریاد زدن	فریدم	22
فریاد زدن	می‌فریدند	25
فریاد زدن	بفری	17
فریاد زدن	فریدن	27
جا گذاشتن	جذاگِ	6
جا گذاشتن	نجذاگذت	12
جا گذاشتن	جذاگِ	28
جا گذاشتن	جذاگِ	20
جا گذاشتن	بجاگِ	17
جا گذاشتن	جذاگذت	29
جا گذاشتن	جذاگِ	27
جا گذاشتن	نجذاگِ	4
جا گذاشتن	نجذاگذتم	1
جا گذاشتن	جذاگاگان	0
جا گذاشتن	جذاگیم	23
جا گذاشتن	جذاگی	13
جا گذاشتن	نجذاگ	24
جا گذاشتن	می‌جذاگذتند	25
جا گذاشتن	بجذاگِ	3
جا گذاشتن	می‌جذاگذت	26
جا گذاشتن	بجاگِ	11
جا گذاشتن	جذاگذتگاید	5
جا گذاشتن	براگ	7
جا گذاشتن	بجذاگ	21
جا گذاشتن	جذاگِ	19
جا گذاشتن	می‌جذاگِ	10
جا گذاشتن	جذاگِ	16
جا گذاشتن	جذاگید	14
جا گذاشتن	می‌جذاگذت	2
جا گذاشتن	جذاگِ	22
جا گذاشتن	جذاگ	8
جا گذاشتن	نمی‌جذاگذت	15
جا گذاشتن	جذاگِ	9
جا گذاشتن	جذاگاگام	18
جا گذاشتن	جذاگ	30
استراحت کردن	استراحت	3
استراحت کردن	استراحت	14
استراحت کردن	ناستراحت	24
استراحت کردن	استراحت	15
استراحت کردن	استراحت	12
استراحت کردن	ناستراحتم	1
استراحت کردن	استراحتن	27
استراحت کردن	استراحت	6
استراحت کردن	استراحت	20
استراحت کردن	استراحت	17
استراحت کردن	می‌استراحت	26
استراحت کردن	استراحتیم	23
استراحت کردن	می‌استراحت	10
استراحت کردن	استراحته	30
استراحت کردن	باستراحت	11
استراحت کردن	استراحت	4
استراحت کردن	استراحته‌اید	5
استراحت کردن	استراحت	16
استراحت کردن	استراحته‌ایم	9
استراحت کردن	استراحت	7
استراحت کردن	استراحتی	13
استراحت کردن	می‌استراحت	25
استراحت کردن	استراحت	0
استراحت کردن	استراحته‌ام	18
استراحت کردن	استراحتند	28
استراحت کردن	می‌استراحت	2
استراحت کردن	استراحت	29
استراحت کردن	باستراحت	21
استراحت کردن	استراحتم	22
استراحت کردن	استراحت	19
استراحت کردن	استراحت	8
تنیدن	تنی	6
تنیدن	می‌تنیم	10
تنیدن	برتید	7
تنیدن	تنیدم	22
تنیدن	تنیده‌ام	18
تنیدن	تنیدی	13
تنیدن	تنیده‌اید	16
تنیدن	بتنید	3
تنیدن	بتنیم	11
تنیدن	تنیده‌ای	19
تنیدن	نتنیدم	1
تنیدن	تنیده‌اند	20
تنیدن	نتنیده	8
تنیدن	می‌تنید	26
تنیدن	نتنیده‌ام	4
تنیدن	بتنید	21
تنیدن	تنیدیم	23
تنیدن	نتنید	24
تنیدن	تنیدگان	0
تنیدن	می‌تند	2
تنیدن	تنیدند	28
تنیدن	نتنید	12
تنیدن	می‌تند	25
تنیدن	تنیده‌ایم	9
تنیدن	تنیدن	27
تنیدن	نتنیده‌اید	5
تنیدن	تنید	29
تنیدن	تنیده	30
تنیدن	تنیدید	14
تنیدن	بتنی	17
تنیدن	نمی‌تند	15
