descobrir	descobriu	20
descobrir	descobri	26
descobrir	descobriva	21
descobrir	descobriram-no	0
descobrir	descobridos	27
descobrir	descobriram	31
descobrir	descobrem	14
descobrir	descobri	12
descobrir	descobrindo	9
descobrir	descobrir-se	17
descobrir	descobrir-te	3
descobrir	descobrir	33
descobrir	descobri	32
descobrir	descobrirá	24
descobrir	descobriremos	11
descobrir	descobrir-los	6
descobrir	descobrirão	22
descobrir	descobrida	2
descobrir	descobrisse	18
descobrir	descobrir-lo	10
descobrir	descobrim	28
descobrir	descobridas	8
descobrir	descobrei	4
descobrir	descobris	15
descobrir	descobrirei	1
descobrir	descobrires	23
descobrir	descobrido	30
descobrir	descobrirás	13
descobrir	descobrirem	29
descobrir	descobrir-me	5
descobrir	descobres	16
descobrir	descobris	19
descobrir	descobre	7
descobrir	descobriste	25
acomodar	acomodá-los	6
acomodar	acomodou	20
acomodar	acomodo	26
acomodar	acomodados	27
acomodar	acomodam	28
acomodar	acomodas	19
acomodar	acomoda	12
acomodar	acomodarás	13
acomodar	acomodei	4
acomodar	acomodarão	22
acomodar	acomoda	32
acomodar	acomodaste	25
acomodar	acomodos	15
acomodar	acomodarem	29
acomodar	acomodado	30
acomodar	acomodaram	31
acomodar	acomodavam	0
acomodar	acomodaremos	11
acomodar	acomodar-me	5
acomodar	acomodes	16
acomodar	acomodar	33
acomodar	acomodá-lo	10
acomodar	acomodasse	18
acomodar	acomodadas	8
acomodar	acomodares	23
acomodar	acomodada	2
acomodar	acomodem	14
acomodar	acomodava	21
acomodar	acomodará	24
acomodar	acomode	7
acomodar	acomodar-se	17
acomodar	acomodação	3
acomodar	acomodando	9
acomodar	acomodarei	1
orientar	orientar	33
orientar	orientá-lo	10
orientar	oriento	26
orientar	orientará	24
orientar	orientes	16
orientar	orientavam	0
orientar	orientaste	25
orientar	orientam	28
orientar	orientação	3
orientar	orientar-se	17
orientar	orientem	14
orientar	orientá-los	6
orientar	orientaram	31
orientar	orientações	8
orientar	orientares	23
orientar	orientaremos	11
orientar	orienta	32
orientar	orientar-me	5
orientar	orientarão	22
orientar	orientarem	29
orientar	orienta	12
orientar	orientado	30
orientar	oriente	7
orientar	orientasse	18
orientar	orientarei	1
orientar	orientando	9
orientar	orientas	19
orientar	orientada	2
orientar	orientei	4
orientar	orientarás	13
orientar	orientava	21
orientar	orientos	15
orientar	orientados	27
orientar	orientou	20
agourentar	agourento	26
agourentar	agourentam	28
agourentar	agourentaram	31
agourentar	agourentarás	13
agourentar	agourentando	9
agourentar	agourentavam	0
agourentar	agourentos	15
agourentar	agourentá-lo	10
agourentar	agourentadas	8
agourentar	agourenta	12
agourentar	agourentem	14
agourentar	agourentaste	25
agourentar	agourentada	2
agourentar	agourentaremos	11
agourentar	agourentar	33
agourentar	agourentados	27
agourentar	agourentar-me	5
agourentar	agourente	7
agourentar	agourentava	21
agourentar	agourentar-te	3
agourentar	agourentares	23
agourentar	agourentará	24
agourentar	agourentado	30
agourentar	agourentarem	29
agourentar	agourentarão	22
agourentar	agourentarei	1
agourentar	agourentasse	18
agourentar	agourentar-se	17
agourentar	agourentes	16
agourentar	agourentá-los	6
agourentar	agourentei	4
agourentar	agourenta	32
agourentar	agourentou	20
agourentar	agourentas	19
encobrir	encobrisse	18
encobrir	encobridas	8
encobrir	encobrires	23
encobrir	encobrirás	13
encobrir	encobriva	21
encobrir	encobriram	31
encobrir	encobriu	20
encobrir	encobri	26
encobrir	encobrá-lo	10
encobrir	encobrida	2
encobrir	encobrirem	29
encobrir	encobri	12
encobrir	encobrirá	24
encobrir	encobri	32
encobrir	encobris	19
encobrir	encobre	7
encobrir	encobridos	27
encobrir	encobris	15
encobrir	encobriste	25
encobrir	encobrir-me	5
encobrir	encobrirão	22
encobrir	encobrirei	1
encobrir	encobrido	30
encobrir	encobriram-no	0
encobrir	encobrir-te	3
encobrir	encobrindo	9
encobrir	encobriremos	11
encobrir	encobrim	28
encobrir	encobrir	33
encobrir	encobrem	14
encobrir	encobrei	4
encobrir	encobrir-se	17
encobrir	encobrir-los	6
encobrir	encobres	16
deyxar	de<UNK>á-lo	10
deyxar	de<UNK>e	7
deyxar	de<UNK>es	16
deyxar	de<UNK>aste	25
deyxar	de<UNK>ei	4
deyxar	de<UNK>am	28
deyxar	de<UNK>a	32
deyxar	de<UNK>arem	29
deyxar	de<UNK>os	15
deyxar	de<UNK>a	12
deyxar	de<UNK>as	19
deyxar	de<UNK>avam	0
deyxar	de<UNK>em	14
deyxar	de<UNK>ar-te	3
deyxar	de<UNK>ar-se	17
deyxar	de<UNK>ados	27
deyxar	de<UNK>ada	2
deyxar	de<UNK>adas	8
deyxar	de<UNK>ar-me	5
deyxar	de<UNK>á-los	6
deyxar	de<UNK>arei	1
deyxar	de<UNK>aremos	11
deyxar	de<UNK>ou	20
deyxar	de<UNK>arás	13
deyxar	de<UNK>ará	24
deyxar	de<UNK>ar	33
deyxar	de<UNK>ando	9
deyxar	de<UNK>ado	30
deyxar	de<UNK>asse	18
deyxar	de<UNK>ava	21
deyxar	de<UNK>o	26
deyxar	de<UNK>arão	22
deyxar	de<UNK>aram	31
deyxar	de<UNK>ares	23
meter	meterem	29
meter	meter	33
meter	metes	16
meter	meter-se	17
meter	metes	19
meter	mete	32
meter	meteva	21
meter	meterão	22
meter	metei	4
meter	metedos	27
meter	meterás	13
meter	meterei	1
meter	mete	26
meter	metermos	2
meter	metedo	30
meter	meteram-no	0
meter	mete	7
meter	meter-me	5
meter	metesse	18
meter	meter-lo	10
meter	mete	12
meter	meteram-se	9
meter	meteste	25
meter	meteres	23
meter	meterá	24
meter	metes	15
meter	metem	28
meter	meter	6
meter	meteremos	11
meter	metem	14
meter	meteu	20
meter	metedas	8
meter	meter-te	3
meter	meteram	31
perfilhar	perfilhada	2
perfilhar	perfilhos	15
perfilhar	perfilha	32
perfilhar	perfilhar-me	5
perfilhar	perfilhou-se	1
perfilhar	perfilhaste	25
perfilhar	perfilho	26
perfilhar	perfilharão	22
perfilhar	perfilhar	33
perfilhar	perfilharás	13
perfilhar	perfilhou	20
perfilhar	perfilhem	14
perfilhar	perfilhes	16
perfilhar	perfilhava	21
perfilhar	perfilhasse	18
perfilhar	perfilhados	27
perfilhar	perfilharemos	11
perfilhar	perfilha	12
perfilhar	perfilhando	9
perfilhar	perfilhas	19
perfilhar	perfilhá-lo	10
perfilhar	perfilharam	31
perfilhar	perfilhei	4
perfilhar	perfilhadas	8
perfilhar	perfilhares	23
perfilhar	perfilhação	3
perfilhar	perfilharem	29
perfilhar	perfilhado	30
perfilhar	perfilhará	24
perfilhar	perfilham	28
perfilhar	perfilhá-los	6
perfilhar	perfilhe	7
perfilhar	perfilhavam	0
perfilhar	perfilhar-se	17
recear	recearão	22
recear	recearem	29
recear	reces	16
recear	cearam	0
recear	recearam	31
recear	receas	19
recear	receo	26
recear	receados	27
recear	receos	15
recear	receou	20
recear	receam	28
recear	receando	9
recear	recearei	1
recear	recear	33
recear	cea	12
recear	ceado	5
recear	recear-se	17
recear	recea	32
recear	cear	6
recear	recearás	13
recear	receava	21
recear	receasse	18
recear	ceam	4
recear	receares	23
recear	recee	7
recear	receem	14
recear	ceará	11
recear	receada	2
recear	receado	30
recear	receá-lo	10
recear	receará	24
recear	receadas	8
recear	receaste	25
recear	receação	3
largar	largavam	0
largar	largaremos	11
largar	largar-te	3
largar	large	7
largar	largou	20
largar	largarão	22
largar	largares	23
largar	largadas	8
largar	largei	4
largar	largarás	13
largar	largarei	1
largar	largar	33
largar	largar-me	5
largar	largando	9
largar	largarem	29
largar	largar-se	17
largar	larga	12
largar	largo	26
largar	largado	30
largar	largaram	31
largar	largos	15
largar	largasse	18
largar	largá-lo	10
largar	largas	19
largar	largam	28
largar	largava	21
largar	largada	2
largar	largá-los	6
largar	larges	16
largar	largaste	25
largar	largem	14
largar	larga	32
largar	largará	24
largar	largados	27
amedrontar	amedrontadas	8
amedrontar	amedrontei	4
amedrontar	amedrontarei	1
amedrontar	amedrontando	9
amedrontar	amedronta	32
amedrontar	amedrontar-me	5
amedrontar	amedrontasse	18
amedrontar	amedrontarem	29
amedrontar	amedrontará	24
amedrontar	amedrontaste	25
amedrontar	amedrontaram	31
amedrontar	amedrontem	14
amedrontar	amedronta	12
amedrontar	amedrontarás	13
amedrontar	amedrontos	15
amedrontar	amedrontados	27
amedrontar	amedrontava	21
amedrontar	amedrontar	33
amedrontar	amedrontada	2
amedrontar	amedrontes	16
amedrontar	amedronto	26
amedrontar	amedrontar-se	17
amedrontar	amedrontado	30
amedrontar	amedrontar-te	3
amedrontar	amedrontares	23
amedrontar	amedrontam	28
amedrontar	amedrontaremos	11
amedrontar	amedrontá-los	6
amedrontar	amedronte	7
amedrontar	amedrontavam	0
amedrontar	amedrontou	20
amedrontar	amedrontá-lo	10
amedrontar	amedrontas	19
amedrontar	amedrontarão	22
espasmar	espasmar	33
espasmar	espasmos	15
espasmar	espasma	32
espasmar	espasmava	21
espasmar	espasmarás	13
espasmar	espasmas	19
espasmar	espasmam	28
espasmar	espasmavam	0
espasmar	espasmo	26
espasmar	espasmaste	25
espasmar	espasmem	14
espasmar	espasmasse	18
espasmar	espasmarão	22
espasmar	espasmaram	31
espasmar	espasmada	2
espasmar	espasme	7
espasmar	espasmar-te	3
espasmar	espasmar-se	17
espasmar	espasmes	16
espasmar	espasmaremos	11
espasmar	espasmarem	29
espasmar	espasmará	24
espasmar	espasmei	4
espasmar	espasma	12
espasmar	espasmá-lo	10
espasmar	espasmarei	1
espasmar	espasmá-los	6
espasmar	espasmados	27
espasmar	espasmou	20
espasmar	espasmando	9
espasmar	espasmar-me	5
espasmar	espasmares	23
espasmar	espasmado	30
espasmar	espasmadas	8
dividir	dividirei	1
dividir	dividisse	18
dividir	dividires	23
dividir	dividir-se	17
dividir	dividirão	22
dividir	dividis	15
dividir	dividido	30
dividir	dividiá-lo	10
dividir	divides	16
dividir	divide	7
dividir	dividi	32
dividir	dividida	2
dividir	dividiram	31
dividir	dividirá	24
dividir	dividir	33
dividir	dividiremos	11
dividir	dividir-te	3
dividir	dividirem	29
dividir	dividis	19
dividir	dividá-los	6
dividir	dividir-me	5
dividir	dividi	12
dividir	dividei	4
dividir	divididos	27
dividir	divididas	8
dividir	dividim	28
dividir	dividiram-no	0
dividir	dividiu	20
dividir	dividindo	9
dividir	dividirás	13
dividir	dividi	26
dividir	dividiva	21
dividir	dividem	14
dividir	dividiste	25
somar	somado	30
somar	somavam	0
somar	somadas	8
somar	somarás	13
somar	somos	15
somar	somem	14
somar	somasse	18
somar	soma	32
somar	somaremos	11
somar	somarão	22
somar	somada	2
somar	somará	24
somar	somar-te	3
somar	somaste	25
somar	somá-lo	10
somar	somar	33
somar	somou	20
somar	somarem	29
somar	somam	28
somar	soma	12
somar	somas	19
somar	somando	9
somar	somares	23
somar	somados	27
somar	somo	26
somar	somarei	1
somar	some	7
somar	somei	4
somar	somes	16
somar	somaram	31
somar	somar-se	17
somar	somá-los	6
somar	somava	21
somar	somar-me	5
colher	colheram	31
colher	colhem	14
colher	colhedo	30
colher	colherei	1
colher	colheres	23
colher	colher-me	5
colher	colher-lo	10
colher	colhes	19
colher	colhesse	18
colher	colheu	20
colher	colher-se	17
colher	colhe	7
colher	colherá	24
colher	colherão	22
colher	colhedos	27
colher	colhei	4
colher	colhes	16
colher	colherem	29
colher	colhes	15
colher	colhe	32
colher	colhem	28
colher	colheva	21
colher	colhendo	9
colher	colherás	13
colher	colhe	12
colher	colheremos	11
colher	colhedas	8
colher	colher-te	3
colher	colher	6
colher	colhe	26
colher	colheste	25
colher	colheram-no	0
colher	colher	33
colher	colhermos	2
desmarcar	desmarco	26
desmarcar	desmarca	12
desmarcar	desmarcava	21
desmarcar	desmarcarem	29
desmarcar	desmarcas	19
desmarcar	desmarcam	28
desmarcar	desmarcar-se	17
desmarcar	desmarcá-lo	10
desmarcar	desmarca	32
desmarcar	desmarcares	23
desmarcar	desmarces	16
desmarcar	desmarcados	27
desmarcar	desmarcaram	31
desmarcar	desmarcando	9
desmarcar	desmarcar	33
desmarcar	desmarcado	30
desmarcar	desmarcada	2
desmarcar	desmarcarás	13
desmarcar	desmarcem	14
desmarcar	desmarcadas	8
desmarcar	desmarcarão	22
desmarcar	desmarcei	4
desmarcar	desmarcá-los	6
desmarcar	desmarcar-me	5
desmarcar	desmarcasse	18
desmarcar	desmarcação	3
desmarcar	desmarcaremos	11
desmarcar	desmarcavam	0
desmarcar	desmarce	7
desmarcar	desmarcará	24
desmarcar	desmarcou	20
desmarcar	desmarcaste	25
desmarcar	desmarcos	15
desmarcar	desmarcarei	1
testemunhar	testemunhes	16
testemunhar	testemunharei	1
testemunhar	testemunharemos	11
testemunhar	testemunhar-se	17
testemunhar	testemunham	28
testemunhar	testemunhem	14
testemunhar	testemunhá-lo	10
testemunhar	testemunhos	15
testemunhar	testemunhasse	18
testemunhar	testemunharem	29
testemunhar	testemunhando	9
testemunhar	testemunhar	33
testemunhar	testemunhaste	25
testemunhar	testemunhadas	8
testemunhar	testemunhar-me	5
testemunhar	testemunharão	22
testemunhar	testemunhas	19
testemunhar	testemunhou	20
testemunhar	testemunhava	21
testemunhar	testemunhada	2
testemunhar	testemunhei	4
testemunhar	testemunhado	30
testemunhar	testemunha	12
testemunhar	testemunha	32
testemunhar	testemunhares	23
testemunhar	testemunhá-los	6
testemunhar	testemunhe	7
testemunhar	testemunhará	24
testemunhar	testemunharam	31
testemunhar	testemunhados	27
testemunhar	testemunharás	13
testemunhar	testemunhação	3
testemunhar	testemunhavam	0
testemunhar	testemunho	26
acostar	acostado	30
acostar	acostarem	29
acostar	acosto	26
acostar	acostada	2
acostar	acostará	24
acostar	acostando	9
acostar	acostavam	0
acostar	acostá-los	6
acostar	acostas	19
acostar	acostaste	25
acostar	acostar	33
acostar	acostarei	1
acostar	acostarás	13
acostar	acostadas	8
acostar	acostar-te	3
acostar	acostes	16
acostar	acostasse	18
acostar	acostarão	22
acostar	acostaremos	11
acostar	acostar-se	17
acostar	acostares	23
acostar	acostados	27
acostar	acostei	4
acostar	acostou	20
acostar	acostaram	31
acostar	acostem	14
acostar	acosta	32
acostar	acostá-lo	10
acostar	acostar-me	5
acostar	acostava	21
acostar	acosta	12
acostar	acostam	28
acostar	acostos	15
acostar	acoste	7
domesticar	domesticação	3
domesticar	domestica	32
domesticar	domestico	26
domesticar	domestica	12
domesticar	domesticará	24
domesticar	domesticar	33
domesticar	domesticava	21
domesticar	domestice	7
domesticar	domesticaste	25
domesticar	domesticas	19
domesticar	domesticado	30
domesticar	domesticou	20
domesticar	domesticarem	29
domesticar	domesticasse	18
domesticar	domesticavam	0
domesticar	domesticarei	1
domesticar	domesticaremos	11
domesticar	domesticada	2
domesticar	domesticar-se	17
domesticar	domesticadas	8
domesticar	domesticar-me	5
domesticar	domesticá-lo	10
domesticar	domesticos	15
domesticar	domesticei	4
domesticar	domesticem	14
domesticar	domesticando	9
domesticar	domesticarás	13
domesticar	domesticados	27
domesticar	domesticarão	22
domesticar	domesticam	28
domesticar	domesticá-los	6
domesticar	domesticaram	31
domesticar	domestices	16
domesticar	domesticares	23
afiliar	afiliadas	8
afiliar	afiliada	2
afiliar	afiliarás	13
afiliar	afilias	19
afiliar	afiliei	4
afiliar	afiliar-me	5
afiliar	afiliado	30
afiliar	afiliem	14
afiliar	afilios	15
afiliar	afilio	26
afiliar	afiliaremos	11
afiliar	afiliar-se	17
afiliar	afiliá-lo	10
afiliar	afilia	32
afiliar	afiliavam	0
afiliar	afiliarem	29
afiliar	afiliando	9
afiliar	afiliam	28
afiliar	afilies	16
afiliar	afiliaste	25
afiliar	afiliarão	22
afiliar	afiliar	33
afiliar	afiliarei	1
afiliar	afiliá-los	6
afiliar	afiliares	23
afiliar	afiliava	21
afiliar	afiliou	20
afiliar	afiliasse	18
afiliar	afiliados	27
afiliar	afiliaram	31
afiliar	afilie	7
afiliar	afiliação	3
afiliar	afilia	12
afiliar	afiliará	24
inclinar	inclinos	15
inclinar	inclinações	8
inclinar	inclinasse	18
inclinar	inclinavam	0
inclinar	inclinada	2
inclinar	inclinem	14
inclinar	inclinará	24
inclinar	inclinados	27
inclinar	incliná-los	6
inclinar	inclinaram	31
inclinar	inclinarem	29
inclinar	incliná-lo	10
inclinar	inclina	32
inclinar	inclinado	30
inclinar	inclinou-se	1
inclinar	inclinaste	25
inclinar	inclinar	33
inclinar	inclinava	21
inclinar	inclinarão	22
inclinar	inclinaremos	11
inclinar	incline	7
inclinar	inclino	26
inclinar	inclinas	19
inclinar	inclinou	20
inclinar	inclinar-me	5
inclinar	inclinar-se	17
inclinar	inclinares	23
inclinar	inclinação	3
inclinar	inclina	12
inclinar	inclinarás	13
inclinar	inclinam	28
inclinar	inclinei	4
inclinar	inclinaram-se	9
inclinar	inclines	16
anuir	anues	16
anuir	anuiram-no	0
anuir	anue	7
anuir	anuir-te	3
anuir	anuir-me	5
anuir	anui	26
anuir	anuir	33
anuir	anuirá	24
anuir	anuiste	25
anuir	anuiu	20
anuir	anuido	30
anuir	anuiva	21
anuir	anuidos	27
anuir	anuis	15
anuir	anuirás	13
anuir	anuires	23
anuir	anuindo	9
anuir	anuir-los	6
anuir	anuirão	22
anuir	anuem	14
anuir	anuis	19
anuir	anuiremos	11
anuir	anuida	2
anuir	anuei	4
anuir	anuisse	18
anuir	anui	32
anuir	anuiram	31
anuir	anuidas	8
anuir	anuim	28
anuir	anuirem	29
anuir	anuirei	1
anuir	anuir-se	17
anuir	anui	12
anuir	anuir-lo	10
exigir	exigir	33
exigir	exiges	16
exigir	exigi	32
exigir	exigires	23
exigir	exigirão	22
exigir	exigis	19
exigir	exigidos	27
exigir	exigei	4
exigir	exigidas	8
exigir	exigiva	21
exigir	exigirá	24
exigir	exigir-me	5
exigir	exigá-lo	10
exigir	exigi	12
exigir	exigindo	9
exigir	exigiste	25
exigir	exigir-los	6
exigir	exigim	28
exigir	exigem	14
exigir	exigirás	13
exigir	exigiremos	11
exigir	exigiu	20
exigir	exigis	15
exigir	exigi	26
exigir	exigirem	29
exigir	exigisse	18
exigir	exigido	30
exigir	exigir-se	17
exigir	exigir-te	3
exigir	exigiram	31
exigir	exigiram-no	0
exigir	exigirei	1
exigir	exigida	2
exigir	exige	7
legitimar	legitime	7
legitimar	legitimares	23
legitimar	legitimados	27
legitimar	legitimá-los	6
legitimar	legitima	12
legitimar	legitimaram	31
legitimar	legitimar-me	5
legitimar	legitimem	14
legitimar	legitimarão	22
legitimar	legitimasse	18
legitimar	legitimará	24
legitimar	legitimadas	8
legitimar	legitimarei	1
legitimar	legitimação	3
legitimar	legitimes	16
legitimar	legitimarem	29
legitimar	legitimar-se	17
legitimar	legitimam	28
legitimar	legitimava	21
legitimar	legitimá-lo	10
legitimar	legitimavam	0
legitimar	legitima	32
legitimar	legitimos	15
legitimar	legitimarás	13
legitimar	legitimar	33
legitimar	legitimou	20
legitimar	legitimaremos	11
legitimar	legitimas	19
legitimar	legitimado	30
legitimar	legitimo	26
legitimar	legitimada	2
legitimar	legitimando	9
legitimar	legitimei	4
legitimar	legitimaste	25
espreitar	espreitar	33
espreitar	espreitou	20
espreitar	espreitar-se	17
espreitar	espreitar-me	5
espreitar	espreitado	30
espreitar	espreitem	14
espreitar	espreitaremos	11
espreitar	espreitadas	8
espreitar	espreitaram	31
espreitar	espreitares	23
espreitar	espreitá-los	6
espreitar	espreitarem	29
espreitar	espreitados	27
espreitar	espreites	16
espreitar	espreitavam	0
espreitar	espreita	12
espreitar	espreite	7
espreitar	espreita	32
espreitar	espreitá-lo	10
espreitar	espreitas	19
espreitar	espreitos	15
espreitar	espreitarás	13
espreitar	espreitarão	22
espreitar	espreitaste	25
espreitar	espreitasse	18
espreitar	espreitarei	1
espreitar	espreitei	4
espreitar	espreitada	2
espreitar	espreitam	28
espreitar	espreitar-te	3
espreitar	espreitando	9
espreitar	espreito	26
espreitar	espreitava	21
espreitar	espreitará	24
desmobilizar	desmobilizadas	8
desmobilizar	desmobilizar-me	5
desmobilizar	desmobilizas	19
desmobilizar	desmobilizam	28
desmobilizar	desmobilizei	4
desmobilizar	desmobilizares	23
desmobilizar	desmobilizaremos	11
desmobilizar	desmobilizarei	1
desmobilizar	desmobilizou	20
desmobilizar	desmobilizados	27
desmobilizar	desmobilizará	24
desmobilizar	desmobilizando	9
desmobilizar	desmobilizos	15
desmobilizar	desmobilizavam	0
desmobilizar	desmobilizarão	22
desmobilizar	desmobilizar-se	17
desmobilizar	desmobilizar	33
desmobilizar	desmobilizo	26
desmobilizar	desmobilizem	14
desmobilizar	desmobilizava	21
desmobilizar	desmobilizaram	31
desmobilizar	desmobiliza	12
desmobilizar	desmobilizá-los	6
desmobilizar	desmobilizarás	13
desmobilizar	desmobilizasse	18
desmobilizar	desmobilizada	2
desmobilizar	desmobilizaste	25
desmobilizar	desmobilizes	16
desmobilizar	desmobilização	3
desmobilizar	desmobilizarem	29
desmobilizar	desmobilize	7
desmobilizar	desmobilizá-lo	10
desmobilizar	desmobiliza	32
desmobilizar	desmobilizado	30
obedecer	obedecedo	30
obedecer	obedecem	14
obedecer	obedecesse	18
obedecer	obedecerá	24
obedecer	obedece	12
obedecer	obedecerás	13
obedecer	obedecer-lo	10
obedecer	obedece	7
obedecer	obedece	26
obedecer	obedecer-te	3
obedecer	obedecer-se	17
obedecer	obedecerem	29
obedecer	obedecer-me	5
obedecer	obedeceu	20
obedecer	obedeceste	25
obedecer	obedecem	28
obedecer	obedecer	33
obedecer	obedece	32
obedecer	obedecer-los	6
obedecer	obedecei	4
obedecer	obedeces	19
obedecer	obedeceram	31
obedecer	obedecedas	8
obedecer	obedecerei	1
obedecer	obedecermos	2
obedecer	obedeceva	21
obedecer	obedecevam	0
obedecer	obedeceres	23
obedecer	obedeceremos	11
obedecer	obedeces	15
obedecer	obedecerão	22
obedecer	obedeces	16
obedecer	obedecendo	9
obedecer	obedecedos	27
apegar	apegava	21
apegar	apegar-me	5
apegar	apegos	15
apegar	apegaremos	11
apegar	apegando	9
apegar	apega	32
apegar	apege	7
apegar	apegam	28
apegar	apegar-te	3
apegar	apegados	27
apegar	apegares	23
apegar	apegará	24
apegar	apegaram	31
apegar	apegadas	8
apegar	apegarem	29
apegar	apegada	2
apegar	apegado	30
apegar	apegei	4
apegar	apegá-los	6
apegar	apegou-se	1
apegar	apegaste	25
apegar	apega	12
apegar	apegem	14
apegar	apegasse	18
apegar	apegavam	0
apegar	apegou	20
apegar	apegar	33
apegar	apegarás	13
apegar	apegas	19
apegar	apegá-lo	10
apegar	apego	26
apegar	apegarão	22
apegar	apeges	16
apegar	apegar-se	17
incomodar	incomodava	21
incomodar	incomodo	26
incomodar	incomoda	12
incomodar	incomodado	30
incomodar	incomodavam	0
incomodar	incomodar-se	17
incomodar	incomodou	20
incomodar	incomoda	32
incomodar	incomodadas	8
incomodar	incomodaste	25
incomodar	incomodei	4
incomodar	incomodares	23
incomodar	incomodá-lo	10
incomodar	incomodando	9
incomodar	incomodaram	31
incomodar	incomodados	27
incomodar	incomodada	2
incomodar	incomodaremos	11
incomodar	incomodarei	1
incomodar	incomodarem	29
incomodar	incomodá-los	6
incomodar	incomodar-me	5
incomodar	incomodos	15
incomodar	incomodas	19
incomodar	incomodar	33
incomodar	incomodes	16
incomodar	incomodem	14
incomodar	incomodasse	18
incomodar	incomodará	24
incomodar	incomodam	28
incomodar	incomodarão	22
incomodar	incomodarás	13
incomodar	incomodação	3
incomodar	incomode	7
carimbar	carimbei	4
carimbar	carimbo	26
carimbar	carimbem	14
carimbar	carimbá-lo	10
carimbar	carimbaremos	11
carimbar	carimbação	3
carimbar	carimbarão	22
carimbar	carimbam	28
carimbar	carimbarás	13
carimbar	carimbará	24
carimbar	carimbaram	31
carimbar	carimbando	9
carimbar	carimba	12
carimbar	carimbava	21
carimbar	carimbaste	25
carimbar	carimbes	16
carimbar	carimbares	23
carimbar	carimba	32
carimbar	carimbavam	0
carimbar	carimbadas	8
carimbar	carimbe	7
carimbar	carimbada	2
carimbar	carimbarem	29
carimbar	carimbarei	1
carimbar	carimbar-se	17
carimbar	carimbar-me	5
carimbar	carimbasse	18
carimbar	carimbar	33
carimbar	carimbado	30
carimbar	carimbos	15
carimbar	carimbou	20
carimbar	carimbá-los	6
carimbar	carimbados	27
carimbar	carimbas	19
disparar	dispara	12
disparar	disparavam	0
disparar	disparará	24
disparar	disparados	27
disparar	disparem	14
disparar	dispararemos	11
disparar	disparar-te	3
disparar	disparar-me	5
disparar	disparava	21
disparar	dispararam	31
disparar	disparam	28
disparar	disparou	20
disparar	disparado	30
disparar	disparar	33
disparar	disparas	19
disparar	dispare	7
disparar	disparando	9
disparar	dispares	16
disparar	dispararei	1
disparar	disparei	4
disparar	dispará-los	6
disparar	disparaste	25
disparar	disparo	26
disparar	dispara	32
disparar	disparares	23
disparar	dispararem	29
disparar	disparar-se	17
disparar	disparadas	8
disparar	dispararão	22
disparar	disparada	2
disparar	disparos	15
disparar	dispararás	13
disparar	dispará-lo	10
disparar	disparasse	18
recortar	recortou-se	1
recortar	recortarás	13
recortar	recorta	32
recortar	recorte	7
recortar	cortará	11
recortar	recortada	2
recortar	recortaste	25
recortar	cortar	6
recortar	recortares	23
recortar	recortarão	22
recortar	recortou	20
recortar	cortaram	0
recortar	recortasse	18
recortar	recortos	15
recortar	cortam	4
recortar	recorto	26
recortar	recortar-se	17
recortar	corta	12
recortar	recortem	14
recortar	recortadas	8
recortar	recortas	19
recortar	recortaram	31
recortar	recortava	21
recortar	cortado	5
recortar	recortados	27
recortar	recortarem	29
recortar	recortado	30
recortar	recortação	3
recortar	recortará	24
recortar	recortando	9
recortar	recortes	16
recortar	recortam	28
recortar	recortar	33
recortar	recortá-lo	10
perturbar	perturbaram	31
perturbar	perturbações	8
perturbar	perturbação	3
perturbar	perturbam	28
perturbar	perturbas	19
perturbar	perturbes	16
perturbar	perturbei	4
perturbar	perturbá-lo	10
perturbar	perturbava	21
perturbar	perturbasse	18
perturbar	perturbar-se	17
perturbar	perturbavam	0
perturbar	perturbada	2
perturbar	perturbando	9
perturbar	perturba	12
perturbar	perturbará	24
perturbar	perturbarás	13
perturbar	perturbaremos	11
perturbar	perturbou	20
perturbar	perturbe	7
perturbar	perturbá-los	6
perturbar	perturbem	14
perturbar	perturbos	15
perturbar	perturbarão	22
perturbar	perturbarei	1
perturbar	perturbaste	25
perturbar	perturbado	30
perturbar	perturbarem	29
perturbar	perturbares	23
perturbar	perturbados	27
perturbar	perturbo	26
perturbar	perturbar-me	5
perturbar	perturba	32
perturbar	perturbar	33
esbrasear	esbraseares	23
esbrasear	esbrasearemos	11
esbrasear	esbrasearem	29
esbrasear	esbraseadas	8
esbrasear	esbrase	7
esbrasear	esbraseam	28
esbrasear	esbrasei	4
esbrasear	esbraseou	20
esbrasear	esbrasem	14
esbrasear	esbrasearão	22
esbrasear	esbraseaste	25
esbrasear	esbrasea	12
esbrasear	esbrasear-se	17
esbrasear	esbrasearam	31
esbrasear	esbraseos	15
esbrasear	esbrasear	33
esbrasear	esbrasear-te	3
esbrasear	esbraseada	2
esbrasear	esbrasearás	13
esbrasear	esbraseará	24
esbrasear	esbraseado	30
esbrasear	esbraseo	26
esbrasear	esbraseados	27
esbrasear	esbraseavam	0
esbrasear	esbrasearei	1
esbrasear	esbraseando	9
esbrasear	esbraseá-los	6
esbrasear	esbraseá-lo	10
esbrasear	esbraseava	21
esbrasear	esbraseasse	18
esbrasear	esbrasea	32
esbrasear	esbrasear-me	5
esbrasear	esbraseas	19
esbrasear	esbrases	16
refugiar	refugiar	33
refugiar	refugiem	14
refugiar	refugie	7
refugiar	refugiaram	31
refugiar	refugiá-lo	10
refugiar	refugiaram-se	9
refugiar	refugios	15
refugiar	refugiou	20
refugiar	refugiam	28
refugiar	refugiará	24
refugiar	refugiar-me	5
refugiar	refugiava	21
refugiar	refugiares	23
refugiar	refugiasse	18
refugiar	refugiadas	8
refugiar	refugia	32
refugiar	refugias	19
refugiar	refugiar-se	17
refugiar	refugiarás	13
refugiar	refugiados	27
refugiar	fugiará	11
refugiar	fugia	12
refugiar	refugiarem	29
refugiar	refugiação	3
refugiar	fugiar	6
refugiar	fugiaram	0
refugiar	refugio	26
refugiar	refugiaste	25
refugiar	refugiada	2
refugiar	refugiado	30
refugiar	fugiam	4
refugiar	refugiou-se	1
refugiar	refugiarão	22
refugiar	refugies	16
repassar	repassar-se	17
repassar	repassado	30
repassar	repassadas	8
repassar	repassando	9
repassar	repassos	15
repassar	repassou	20
repassar	repassares	23
repassar	repassá-lo	10
repassar	repassava	21
repassar	repassação	3
repassar	repassas	19
repassar	repassarão	22
repassar	repassar	33
repassar	passar	6
repassar	repassam	28
repassar	repasses	16
repassar	passam	4
repassar	repassados	27
repassar	passado	5
repassar	repassou-se	1
repassar	repassaste	25
repassar	passará	11
repassar	repasse	7
repassar	repassará	24
repassar	passaram	0
repassar	repassem	14
repassar	passa	12
repassar	repassarem	29
repassar	repassada	2
repassar	repassaram	31
repassar	repasso	26
repassar	repassarás	13
repassar	repassasse	18
repassar	repassa	32
enriquecer	enriquece	12
enriquecer	enriquecem	14
enriquecer	enriqueces	15
enriquecer	enriquecer-me	5
enriquecer	enriqueceres	23
enriquecer	enriquecerás	13
enriquecer	enriquecerem	29
enriquecer	enriqueceu	20
enriquecer	enriquecermos	2
enriquecer	enriquecer-lo	10
enriquecer	enriquece	26
enriquecer	enriqueceste	25
enriquecer	enriquecer-se	17
enriquecer	enriquecerá	24
enriquecer	enriqueceremos	11
enriquecer	enriquece	7
enriquecer	enriqueceva	21
enriquecer	enriquecer	6
enriquecer	enriqueceram	31
enriquecer	enriqueces	19
enriquecer	enriquecendo	9
enriquecer	enriquecer-te	3
enriquecer	enriqueceram-no	0
enriquecer	enriquecerei	1
enriquecer	enriquecedos	27
enriquecer	enriquecer	33
enriquecer	enriquecei	4
enriquecer	enriquecem	28
enriquecer	enriquecerão	22
enriquecer	enriquece	32
enriquecer	enriquecesse	18
enriquecer	enriquecedo	30
enriquecer	enriquecedas	8
enriquecer	enriqueces	16
vaziar	vaziados	27
vaziar	vaziada	2
vaziar	vaziarás	13
vaziar	vaziará	24
vaziar	vazios	15
vaziar	vaziaram	31
vaziar	vaziado	30
vaziar	vaziavam	0
vaziar	vaziasse	18
vaziar	vaziar	33
vaziar	vaziá-los	6
vaziar	vazia	32
vaziar	vaziadas	8
vaziar	vaziar-se	17
vaziar	vaziarei	1
vaziar	vazia	12
vaziar	vaziares	23
vaziar	vaziam	28
vaziar	vaziar-me	5
vaziar	vazias	19
vaziar	vaziem	14
vaziar	vazio	26
vaziar	vaziava	21
vaziar	vazie	7
vaziar	vaziá-lo	10
vaziar	vaziarão	22
vaziar	vaziaste	25
vaziar	vaziaremos	11
vaziar	vaziou	20
vaziar	vaziando	9
vaziar	vaziar-te	3
vaziar	vazies	16
vaziar	vaziei	4
vaziar	vaziarem	29
reduzir	reduzis	19
reduzir	reduzir-te	3
reduzir	duzido	5
reduzir	reduzem	14
reduzir	duzi	12
reduzir	reduzida	2
reduzir	reduzirá	24
reduzir	duzim	4
reduzir	reduzi	32
reduzir	duziram	0
reduzir	reduzirás	13
reduzir	reduziu	20
reduzir	reduzis	15
reduzir	reduziram	31
reduzir	duzir	6
reduzir	reduzir-se	17
reduzir	reduzindo	9
reduzir	reduziste	25
reduzir	reduzirem	29
reduzir	reduzir-lo	10
reduzir	reduzim	28
reduzir	reduzir	33
reduzir	reduzirei	1
reduzir	reduze	7
reduzir	reduzidos	27
reduzir	reduzirão	22
reduzir	duzirá	11
reduzir	reduzi	26
reduzir	reduzidas	8
reduzir	reduzes	16
reduzir	reduzires	23
reduzir	reduziva	21
reduzir	reduzisse	18
reduzir	reduzido	30
chibatar	chibatarão	22
chibatar	chibatos	15
chibatar	chibata	12
chibatar	chibatarei	1
chibatar	chibatará	24
chibatar	chibate	7
chibatar	chibatam	28
chibatar	chibatar	33
chibatar	chibatá-lo	10
chibatar	chibataram	31
chibatar	chibataremos	11
chibatar	chibataste	25
chibatar	chibatar-se	17
chibatar	chibatá-los	6
chibatar	chibato	26
chibatar	chibatas	19
chibatar	chibatarem	29
chibatar	chibatados	27
chibatar	chibatada	2
chibatar	chibatavam	0
chibatar	chibatei	4
chibatar	chibatado	30
chibatar	chibatarás	13
chibatar	chibatar-me	5
chibatar	chibata	32
chibatar	chibatem	14
chibatar	chibatava	21
chibatar	chibatação	3
chibatar	chibates	16
chibatar	chibatadas	8
chibatar	chibatando	9
chibatar	chibatou	20
chibatar	chibatares	23
chibatar	chibatasse	18
branquear	branqueasse	18
branquear	branquearei	1
branquear	branqueares	23
branquear	branque	7
branquear	branqueas	19
branquear	branquear-me	5
branquear	branqueos	15
branquear	branquem	14
branquear	branquearão	22
branquear	branqueaste	25
branquear	branqueava	21
branquear	branquea	32
branquear	branquearemos	11
branquear	branques	16
branquear	branqueá-lo	10
branquear	branquearás	13
branquear	branqueado	30
branquear	branquear	33
branquear	branqueá-los	6
branquear	branqueam	28
branquear	branqueada	2
branquear	branqueará	24
branquear	branquea	12
branquear	branquear-te	3
branquear	branquearem	29
branquear	branqueou	20
branquear	branqueo	26
branquear	branqueados	27
branquear	branquei	4
branquear	branquearam	31
branquear	branqueadas	8
branquear	branquear-se	17
branquear	branqueando	9
branquear	branqueavam	0
constar	constei	4
constar	constando	9
constar	constá-lo	10
constar	constarão	22
constar	constava	21
constar	constarei	1
constar	constares	23
constar	conste	7
constar	constar-se	17
constar	constado	30
constar	constam	28
constar	constá-los	6
constar	constos	15
constar	constarem	29
constar	consta	12
constar	constará	24
constar	constaremos	11
constar	constar-me	5
constar	consto	26
constar	consta	32
constar	constarás	13
constar	constaram	31
constar	constação	3
constar	constem	14
constar	constasse	18
constar	constaste	25
constar	constada	2
constar	constar	33
constar	constadas	8
constar	constavam	0
constar	constados	27
constar	constou	20
constar	constes	16
constar	constas	19
assaltar	assalte	7
assaltar	assaltavam	0
assaltar	assaltar-me	5
assaltar	assalto	26
assaltar	assaltei	4
assaltar	assaltá-lo	10
assaltar	assaltaremos	11
assaltar	assaltos	15
assaltar	assaltam	28
assaltar	assaltasse	18
assaltar	assaltar	33
assaltar	assalta	12
assaltar	assaltares	23
assaltar	assaltados	27
assaltar	assaltado	30
assaltar	assaltaste	25
assaltar	assaltarem	29
assaltar	assaltem	14
assaltar	assaltes	16
assaltar	assaltarás	13
assaltar	assaltava	21
assaltar	assaltarão	22
assaltar	assaltará	24
assaltar	assaltadas	8
assaltar	assaltou	20
assaltar	assaltas	19
assaltar	assaltada	2
assaltar	assaltando	9
assaltar	assaltá-los	6
assaltar	assaltar-se	17
assaltar	assalta	32
assaltar	assaltarei	1
assaltar	assaltaram	31
assaltar	assaltar-te	3
ajeitar	ajeitarão	22
ajeitar	ajeitem	14
ajeitar	ajeitaste	25
ajeitar	ajeitos	15
ajeitar	ajeitando	9
ajeitar	ajeitares	23
ajeitar	ajeitava	21
ajeitar	ajeito	26
ajeitar	ajeitado	30
ajeitar	ajeitará	24
ajeitar	ajeitadas	8
ajeitar	ajeites	16
ajeitar	ajeitei	4
ajeitar	ajeite	7
ajeitar	ajeitas	19
ajeitar	ajeitam	28
ajeitar	ajeitarei	1
ajeitar	ajeitar-te	3
ajeitar	ajeitaremos	11
ajeitar	ajeitarás	13
ajeitar	ajeitaram	31
ajeitar	ajeitavam	0
ajeitar	ajeitasse	18
ajeitar	ajeitados	27
ajeitar	ajeitada	2
ajeitar	ajeitar-me	5
ajeitar	ajeitá-lo	10
ajeitar	ajeitá-los	6
ajeitar	ajeitarem	29
ajeitar	ajeitou	20
ajeitar	ajeitar-se	17
ajeitar	ajeita	12
ajeitar	ajeitar	33
ajeitar	ajeita	32
impedir	impedis	15
impedir	impediu	20
impedir	impedir-se	17
impedir	impediremos	11
impedir	impedis	19
impedir	impedirei	1
impedir	impedir	33
impedir	impedir-me	5
impedir	impedirás	13
impedir	impedi	32
impedir	impedir-los	6
impedir	impediste	25
impedir	impedindo	9
impedir	impediram-no	0
impedir	impedirem	29
impedir	impedisse	18
impedir	impedidos	27
impedir	impedirá	24
impedir	impediá-lo	10
impedir	impediva	21
impedir	impedido	30
impedir	impedirão	22
impedir	impede	7
impedir	impedes	16
impedir	impedir-te	3
impedir	impedi	26
impedir	impedidas	8
impedir	impedei	4
impedir	impediram	31
impedir	impedida	2
impedir	impedem	14
impedir	impedim	28
impedir	impedires	23
impedir	impedi	12
altear	alteavam	0
altear	altearei	1
altear	altea	32
altear	alteada	2
altear	alteou	20
altear	alteei	4
altear	alteam	28
altear	alteando	9
altear	alteará	24
altear	alteos	15
altear	altearem	29
altear	alteo	26
altear	altearemos	11
altear	altearam	31
altear	alteaste	25
altear	altem	14
altear	alteadas	8
altear	altearás	13
altear	altees	16
altear	altear-me	5
altear	alteasse	18
altear	alteá-los	6
altear	alteado	30
altear	altear-se	17
altear	alte	7
altear	altea	12
altear	altear-te	3
altear	altearão	22
altear	altear	33
altear	alteas	19
altear	alteava	21
altear	alteados	27
altear	alteares	23
altear	alteá-lo	10
consagrar	consagrarei	1
consagrar	consagrou	20
consagrar	consagrada	2
consagrar	consagram	28
consagrar	consagraram-no	0
consagrar	consagrá-lo	10
consagrar	consagra	32
consagrar	consagraremos	11
consagrar	consagre	7
consagrar	consagrei	4
consagrar	consagrava	21
consagrar	consagraram	31
consagrar	consagrá-los	6
consagrar	consagraste	25
consagrar	consagrados	27
consagrar	consagraram-se	9
consagrar	consagro	26
consagrar	consagrado	30
consagrar	consagrarás	13
consagrar	consagrará	24
consagrar	consagra	12
consagrar	consagrares	23
consagrar	consagrasse	18
consagrar	consagras	19
consagrar	consagrem	14
consagrar	consagradas	8
consagrar	consagrarão	22
consagrar	consagrar-me	5
consagrar	consagrarem	29
consagrar	consagrar	33
consagrar	consagração	3
consagrar	consagros	15
consagrar	consagres	16
consagrar	consagrar-se	17
enclausurar	enclausurará	24
enclausurar	enclausurá-lo	10
enclausurar	enclausurava	21
enclausurar	enclausurem	14
enclausurar	enclausurou	20
enclausurar	enclausurar-me	5
enclausurar	enclausurarás	13
enclausurar	enclausure	7
enclausurar	enclausurar-te	3
enclausurar	enclausura	12
enclausurar	enclausuras	19
enclausurar	enclausurei	4
enclausurar	enclausurarei	1
enclausurar	enclausura	32
enclausurar	enclausurá-los	6
enclausurar	enclausuraremos	11
enclausurar	enclausuravam	0
enclausurar	enclausurar	33
enclausurar	enclausuram	28
enclausurar	enclausurados	27
enclausurar	enclausurares	23
enclausurar	enclausuros	15
enclausurar	enclausurar-se	17
enclausurar	enclausurada	2
enclausurar	enclausurado	30
enclausurar	enclausuraste	25
enclausurar	enclausurasse	18
enclausurar	enclausures	16
enclausurar	enclausuro	26
enclausurar	enclausuraram	31
enclausurar	enclausurando	9
enclausurar	enclausuradas	8
enclausurar	enclausurarão	22
enclausurar	enclausurarem	29
dispensar	dispensaram	31
dispensar	dispensar-me	5
dispensar	dispensada	2
dispensar	dispensos	15
dispensar	dispenses	16
dispensar	dispensar-te	3
dispensar	dispensarás	13
dispensar	dispensarem	29
dispensar	dispensadas	8
dispensar	dispensas	19
dispensar	dispensei	4
dispensar	dispensaste	25
dispensar	dispensa	32
dispensar	dispensado	30
dispensar	dispensa	12
dispensar	dispensá-los	6
dispensar	dispensarão	22
dispensar	dispensares	23
dispensar	dispensar-se	17
dispensar	dispensam	28
dispensar	dispenso	26
dispensar	dispensavam	0
dispensar	dispensando	9
dispensar	dispensou	20
dispensar	dispensará	24
dispensar	dispensaremos	11
dispensar	dispensá-lo	10
dispensar	dispensarei	1
dispensar	dispensasse	18
dispensar	dispensar	33
dispensar	dispensava	21
dispensar	dispensem	14
dispensar	dispensados	27
dispensar	dispense	7
gracejar	gracejá-lo	10
gracejar	gracejados	27
gracejar	gracejarão	22
gracejar	gracejo	26
gracejar	gracejares	23
gracejar	gracejam	28
gracejar	gracejaste	25
gracejar	gracejá-los	6
gracejar	gracejavam	0
gracejar	gracejasse	18
gracejar	gracejei	4
gracejar	gracejarem	29
gracejar	gracejos	15
gracejar	gracejava	21
gracejar	gracejando	9
gracejar	gracejarei	1
gracejar	gracejar-me	5
gracejar	gracejes	16
gracejar	gracejará	24
gracejar	gracejado	30
gracejar	gracejarás	13
gracejar	gracejação	3
gracejar	gracejada	2
gracejar	gracejar	33
gracejar	gracejaram	31
gracejar	graceje	7
gracejar	gracejem	14
gracejar	gracejou	20
gracejar	graceja	32
gracejar	gracejadas	8
gracejar	gracejaremos	11
gracejar	gracejar-se	17
gracejar	graceja	12
gracejar	gracejas	19
invocar	invocar-se	17
invocar	invocada	2
invocar	invocarem	29
invocar	invocarás	13
invocar	invocarei	1
invocar	invocasse	18
invocar	invocarão	22
invocar	invocará	24
invocar	invocem	14
invocar	invocaremos	11
invocar	invoca	32
invocar	invocado	30
invocar	invocadas	8
invocar	invoca	12
invocar	invocas	19
invocar	invocos	15
invocar	invocavam	0
invocar	invoce	7
invocar	invocares	23
invocar	invocou	20
invocar	invoces	16
invocar	invocados	27
invocar	invocar-me	5
invocar	invocaram	31
invocar	invocava	21
invocar	invocação	3
invocar	invocaste	25
invocar	invoco	26
invocar	invocá-lo	10
invocar	invocei	4
invocar	invocam	28
invocar	invocá-los	6
invocar	invocar	33
invocar	invocando	9
sedar	sedarão	22
sedar	sedarem	29
sedar	sedas	19
sedar	sedo	26
sedar	sedasse	18
sedar	sedem	14
sedar	sedaste	25
sedar	sedada	2
sedar	sedam	28
sedar	sedaram	31
sedar	sedado	30
sedar	sedadas	8
sedar	sedarás	13
sedar	sedando	9
sedar	seda	12
sedar	sedavam	0
sedar	sedar-me	5
sedar	sedarei	1
sedar	sedaremos	11
sedar	sedos	15
sedar	sedará	24
sedar	sedar-te	3
sedar	sedei	4
sedar	sede	7
sedar	sedar-se	17
sedar	sedados	27
sedar	sedar	33
sedar	sedares	23
sedar	sedou	20
sedar	sedava	21
sedar	sedá-lo	10
sedar	sedes	16
sedar	sedá-los	6
sedar	seda	32
lavrar	lavra	12
lavrar	lavros	15
lavrar	lavrá-lo	10
lavrar	lavrava	21
lavrar	lavrará	24
lavrar	lavraremos	11
lavrar	lavrarás	13
lavrar	lavras	19
lavrar	lavrando	9
lavrar	lavrar-me	5
lavrar	lavraste	25
lavrar	lavrar-te	3
lavrar	lavrar	33
lavrar	lavrados	27
lavrar	lavrarão	22
lavrar	lavrares	23
lavrar	lavrada	2
lavrar	lavres	16
lavrar	lavrá-los	6
lavrar	lavrarem	29
lavrar	lavram	28
lavrar	lavrarei	1
lavrar	lavrei	4
lavrar	lavra	32
lavrar	lavradas	8
lavrar	lavraram	31
lavrar	lavrado	30
lavrar	lavre	7
lavrar	lavravam	0
lavrar	lavrou	20
lavrar	lavrasse	18
lavrar	lavrem	14
lavrar	lavrar-se	17
lavrar	lavro	26
otimizar	otimizá-los	6
otimizar	otimizados	27
otimizar	otimizadas	8
otimizar	otimizará	24
otimizar	otimizos	15
otimizar	otimizares	23
otimizar	otimizar-se	17
otimizar	otimizar-me	5
otimizar	otimiza	32
otimizar	otimizar	33
otimizar	otimizam	28
otimizar	otimizavam	0
otimizar	otimizasse	18
otimizar	otimizas	19
otimizar	otimizaremos	11
otimizar	otimizes	16
otimizar	otimizando	9
otimizar	otimizarei	1
otimizar	otimizo	26
otimizar	otimizado	30
otimizar	otimizei	4
otimizar	otimizá-lo	10
otimizar	otimizada	2
otimizar	otimizava	21
otimizar	otimizarão	22
otimizar	otimizaste	25
otimizar	otimizaram	31
otimizar	otimizou	20
otimizar	otimizarás	13
otimizar	otimiza	12
otimizar	otimizarem	29
otimizar	otimização	3
otimizar	otimize	7
otimizar	otimizem	14
sacrificar	sacrifico	26
sacrificar	sacrificarão	22
sacrificar	sacrificas	19
sacrificar	sacrificou	20
sacrificar	sacrificaremos	11
sacrificar	sacrificar	33
sacrificar	sacrificar-me	5
sacrificar	sacrificei	4
sacrificar	sacrificarmos	2
sacrificar	sacrificá-los	6
sacrificar	sacrificar-se	17
sacrificar	sacrificam	28
sacrificar	sacrifica	32
sacrificar	sacrificarem	29
sacrificar	sacrificá-lo	10
sacrificar	sacrificado	30
sacrificar	sacrificarei	1
sacrificar	sacrificará	24
sacrificar	sacrifice	7
sacrificar	sacrifices	16
sacrificar	sacrificarás	13
sacrificar	sacrificando	9
sacrificar	sacrificadas	8
sacrificar	sacrificem	14
sacrificar	sacrificaram	31
sacrificar	sacrificasse	18
sacrificar	sacrificaste	25
sacrificar	sacrificados	27
sacrificar	sacrificava	21
sacrificar	sacrifica	12
sacrificar	sacrificavam	0
sacrificar	sacrificares	23
sacrificar	sacrificos	15
sacrificar	sacrificação	3
apitar	apitar-me	5
apitar	apitarem	29
apitar	apitadas	8
apitar	apitarás	13
apitar	apitaremos	11
apitar	apitar-se	17
apitar	apitarei	1
apitar	apitava	21
apitar	apitação	3
apitar	apitavam	0
apitar	apitaram	31
apitar	apitem	14
apitar	apita	12
apitar	apite	7
apitar	apitam	28
apitar	apitarão	22
apitar	apitados	27
apitar	apitas	19
apitar	apita	32
apitar	apitares	23
apitar	apitaste	25
apitar	apitá-lo	10
apitar	apitando	9
apitar	apitar	33
apitar	apitá-los	6
apitar	apitos	15
apitar	apites	16
apitar	apitasse	18
apitar	apitou	20
apitar	apitei	4
apitar	apitará	24
apitar	apito	26
apitar	apitada	2
apitar	apitado	30
terminar	terminá-lo	10
terminar	terminará	24
terminar	terminos	15
terminar	termina	12
terminar	terminas	19
terminar	terminam	28
terminar	termines	16
terminar	terminarás	13
terminar	terminarão	22
terminar	terminar-se	17
terminar	terminaremos	11
terminar	terminem	14
terminar	terminaram	31
terminar	terminaste	25
terminar	termino	26
terminar	terminavam	0
terminar	terminarei	1
terminar	terminou	20
terminar	terminasse	18
terminar	terminei	4
terminar	terminadas	8
terminar	terminá-los	6
terminar	terminando	9
terminar	terminar-me	5
terminar	termine	7
terminar	terminação	3
terminar	terminarem	29
terminar	terminada	2
terminar	termina	32
terminar	terminares	23
terminar	terminado	30
terminar	terminar	33
terminar	terminava	21
terminar	terminados	27
civilizar	civilizaste	25
civilizar	civilizem	14
civilizar	civilizava	21
civilizar	civilizou	20
civilizar	civilizando	9
civilizar	civilizará	24
civilizar	civilizarão	22
civilizar	civilizá-los	6
civilizar	civilizavam	0
civilizar	civilizá-lo	10
civilizar	civilizas	19
civilizar	civilizos	15
civilizar	civilizar-se	17
civilizar	civilizado	30
civilizar	civilizados	27
civilizar	civilizes	16
civilizar	civilizares	23
civilizar	civilizadas	8
civilizar	civilizaremos	11
civilizar	civiliza	12
civilizar	civilizo	26
civilizar	civilizarás	13
civilizar	civilizar-me	5
civilizar	civiliza	32
civilizar	civilização	3
civilizar	civilizada	2
civilizar	civilizar	33
civilizar	civilizarem	29
civilizar	civilizei	4
civilizar	civilizaram	31
civilizar	civilizam	28
civilizar	civilize	7
civilizar	civilizou-se	1
civilizar	civilizasse	18
incendiar	incendia	12
incendiar	incendiava	21
incendiar	incendia	32
incendiar	incendiem	14
incendiar	incendies	16
incendiar	incendiado	30
incendiar	incendiasse	18
incendiar	incendiaram	31
incendiar	incendiarás	13
incendiar	incendiada	2
incendiar	incendiei	4
incendiar	incendiarem	29
incendiar	incendiam	28
incendiar	incendiar-se	17
incendiar	incendiá-los	6
incendiar	incendiavam	0
incendiar	incendiarei	1
incendiar	incendiarão	22
incendiar	incendiará	24
incendiar	incendiar	33
incendiar	incendiaremos	11
incendiar	incendiação	3
incendiar	incendio	26
incendiar	incendiadas	8
incendiar	incendiando	9
incendiar	incendiou	20
incendiar	incendie	7
incendiar	incendiados	27
incendiar	incendios	15
incendiar	incendias	19
incendiar	incendiá-lo	10
incendiar	incendiares	23
incendiar	incendiaste	25
incendiar	incendiar-me	5
formular	formulá-los	6
formular	formularás	13
formular	formulem	14
formular	formularem	29
formular	formulaste	25
formular	formulas	19
formular	formulados	27
formular	formular	33
formular	formulava	21
formular	formulavam	0
formular	formular-se	17
formular	formulam	28
formular	formulando	9
formular	formulará	24
formular	formule	7
formular	formularam	31
formular	formula	12
formular	formularei	1
formular	formuladas	8
formular	formularemos	11
formular	formulares	23
formular	formulado	30
formular	formular-me	5
formular	formularão	22
formular	formulos	15
formular	formules	16
formular	formulasse	18
formular	formulá-lo	10
formular	formulo	26
formular	formulei	4
formular	formula	32
formular	formulada	2
formular	formulação	3
formular	formulou	20
maquinar	maquinaste	25
maquinar	maquiná-lo	10
maquinar	maquinar	33
maquinar	maquines	16
maquinar	maquiná-los	6
maquinar	maquine	7
maquinar	maquinava	21
maquinar	maquinando	9
maquinar	maquinado	30
maquinar	maquinarem	29
maquinar	maquinasse	18
maquinar	maquinaram	31
maquinar	maquinou	20
maquinar	maquinará	24
maquinar	maquinam	28
maquinar	maquinos	15
maquinar	maquinares	23
maquinar	maquinaremos	11
maquinar	maquinavam	0
maquinar	maquinada	2
maquinar	maquinar-se	17
maquinar	maquinas	19
maquinar	maquino	26
maquinar	maquinar-me	5
maquinar	maquina	12
maquinar	maquinarás	13
maquinar	maquinadas	8
maquinar	maquinar-te	3
maquinar	maquinem	14
maquinar	maquinei	4
maquinar	maquina	32
maquinar	maquinados	27
maquinar	maquinarei	1
maquinar	maquinarão	22
desvirginar	desvirginas	19
desvirginar	desvirginar-se	17
desvirginar	desvirginavam	0
desvirginar	desvirginar-me	5
desvirginar	desvirgino	26
desvirginar	desvirginarão	22
desvirginar	desvirginares	23
desvirginar	desvirginem	14
desvirginar	desvirginarei	1
desvirginar	desvirginou	20
desvirginar	desvirginará	24
desvirginar	desvirginando	9
desvirginar	desvirgina	32
desvirginar	desvirgines	16
desvirginar	desvirginaste	25
desvirginar	desvirginarem	29
desvirginar	desvirginarás	13
desvirginar	desvirginava	21
desvirginar	desvirginação	3
desvirginar	desvirginá-los	6
desvirginar	desvirginá-lo	10
desvirginar	desvirginado	30
desvirginar	desvirginam	28
desvirginar	desvirginadas	8
desvirginar	desvirginos	15
desvirginar	desvirginaram	31
desvirginar	desvirginar	33
desvirginar	desvirginados	27
desvirginar	desvirginada	2
desvirginar	desvirgina	12
desvirginar	desvirgine	7
desvirginar	desvirginei	4
desvirginar	desvirginasse	18
desvirginar	desvirginaremos	11
adivinhar	adivinhava	21
adivinhar	adivinhar	33
adivinhar	adivinharás	13
adivinhar	adivinhaste	25
adivinhar	adivinharam	31
adivinhar	adivinhei	4
adivinhar	adivinhes	16
adivinhar	adivinhar-se	17
adivinhar	adivinharemos	11
adivinhar	adivinho	26
adivinhar	adivinharei	1
adivinhar	adivinhado	30
adivinhar	adivinhação	3
adivinhar	adivinha	12
adivinhar	adivinhados	27
adivinhar	adivinhações	8
adivinhar	adivinhá-los	6
adivinhar	adivinhou	20
adivinhar	adivinha	32
adivinhar	adivinhares	23
adivinhar	adivinham	28
adivinhar	adivinharem	29
adivinhar	adivinhará	24
adivinhar	adivinhavam	0
adivinhar	adivinhar-me	5
adivinhar	adivinhasse	18
adivinhar	adivinharão	22
adivinhar	adivinhe	7
adivinhar	adivinhá-lo	10
adivinhar	adivinhas	19
adivinhar	adivinhando	9
adivinhar	adivinhem	14
adivinhar	adivinhada	2
adivinhar	adivinhos	15
agoirentar	agoirentar	33
agoirentar	agoirente	7
agoirentar	agoirentado	30
agoirentar	agoirentas	19
agoirentar	agoirentam	28
agoirentar	agoirentes	16
agoirentar	agoirentaremos	11
agoirentar	agoirentarei	1
agoirentar	agoirentando	9
agoirentar	agoirentava	21
agoirentar	agoirentares	23
agoirentar	agoirentasse	18
agoirentar	agoirentos	15
agoirentar	agoirentar-se	17
agoirentar	agoirentar-me	5
agoirentar	agoirentá-los	6
agoirentar	agoirentação	3
agoirentar	agoirentá-lo	10
agoirentar	agoirentarás	13
agoirentar	agoirentou	20
agoirentar	agoirentaste	25
agoirentar	agoirenta	32
agoirentar	agoirentem	14
agoirentar	agoirentada	2
agoirentar	agoirentei	4
agoirentar	agoirentará	24
agoirentar	agoirentavam	0
agoirentar	agoirentados	27
agoirentar	agoirenta	12
agoirentar	agoirentarem	29
agoirentar	agoirentadas	8
agoirentar	agoirentarão	22
agoirentar	agoirentaram	31
agoirentar	agoirento	26
restaurar	restauram	28
restaurar	restaurando	9
restaurar	restaurar-me	5
restaurar	restauradas	8
restaurar	restaurá-los	6
restaurar	restauraremos	11
restaurar	resta	12
restaurar	restaurará	24
restaurar	restaurá-lo	10
restaurar	restaurarem	29
restaurar	restaurarei	1
restaurar	restaurares	23
restaurar	restauraste	25
restaurar	restaurasse	18
restaurar	restauraram	31
restaurar	restauros	15
restaurar	restaurados	27
restaurar	restaurar	33
restaurar	restaurado	30
restaurar	restaures	16
restaurar	restauração	3
restaurar	restaurada	2
restaurar	restauro	26
restaurar	restaurar-se	17
restaurar	restaurarão	22
restaurar	restauras	19
restaurar	restaura	32
restaurar	restaure	7
restaurar	restaurei	4
restaurar	restaurarás	13
restaurar	restauravam	0
restaurar	restaurava	21
restaurar	restaurou	20
restaurar	restaurem	14
abranger	abrange	26
abranger	abranger-me	5
abranger	abrangendo	9
abranger	abrangerá	24
abranger	abranger	6
abranger	abranger-se	17
abranger	abrangerem	29
abranger	abrange	12
abranger	abrangedas	8
abranger	abrangesse	18
abranger	abrangem	14
abranger	abrangeram-no	0
abranger	abranger	33
abranger	abrangeu	20
abranger	abrangeva	21
abranger	abrangedo	30
abranger	abrangerei	1
abranger	abrangeremos	11
abranger	abrangermos	2
abranger	abrangerás	13
abranger	abrange	32
abranger	abrangeres	23
abranger	abranger-te	3
abranger	abrangei	4
abranger	abrangerão	22
abranger	abranger-lo	10
abranger	abranges	16
abranger	abrange	7
abranger	abrangedos	27
abranger	abrangem	28
abranger	abranges	19
abranger	abrangeste	25
abranger	abrangeram	31
abranger	abranges	15
recair	cai	12
recair	recaidos	27
recair	cairá	11
recair	recaindo	9
recair	recairão	22
recair	recairás	13
recair	recai	32
recair	recae	7
recair	recaem	14
recair	recoiu	20
recair	recairá	24
recair	recair-se	17
recair	caido	5
recair	recaido	30
recair	recaiva	21
recair	recairei	1
recair	recaim	28
recair	recair	33
recair	recaidas	8
recair	cair	6
recair	recaires	23
recair	caim	4
recair	recairam	31
recair	recair-te	3
recair	recaida	2
recair	recais	19
recair	recaes	16
recair	recairem	29
recair	cairam	0
recair	recois	15
recair	recá-lo	10
recair	recaisse	18
recair	recaiste	25
recair	recoi	26
configurar	configuraste	25
configurar	configura	12
configurar	configurarão	22
configurar	configuraram	31
configurar	configuros	15
configurar	configurando	9
configurar	configurou	20
configurar	configurarás	13
configurar	configurá-los	6
configurar	configurei	4
configurar	configuração	3
configurar	configure	7
configurar	configures	16
configurar	configurá-lo	10
configurar	configurarei	1
configurar	configurarem	29
configurar	configurares	23
configurar	configurará	24
configurar	configuradas	8
configurar	configurados	27
configurar	configura	32
configurar	configuro	26
configurar	configurava	21
configurar	configurar-me	5
configurar	configurada	2
configurar	configuras	19
configurar	configuram	28
configurar	configurem	14
configurar	configurar	33
configurar	configuravam	0
configurar	configuraremos	11
configurar	configurado	30
configurar	configurasse	18
configurar	configurar-se	17
constituir	constituir-se	17
constituir	constituiu	20
constituir	constituiste	25
constituir	constituires	23
constituir	constituiram	31
constituir	constituirei	1
constituir	constituidas	8
constituir	constituiram-no	0
constituir	constitue	7
constituir	constituei	4
constituir	constitues	16
constituir	constituindo	9
constituir	constituem	14
constituir	constitui	32
constituir	constituir-lo	10
constituir	constituido	30
constituir	constituida	2
constituir	constituir-me	5
constituir	constituidos	27
constituir	constituirás	13
constituir	constituir	33
constituir	constituirão	22
constituir	constituirá	24
constituir	constituirem	29
constituir	constituir-te	3
constituir	constituis	19
constituir	constituiremos	11
constituir	constituis	15
constituir	constituiva	21
constituir	constitui	26
constituir	constituir-los	6
constituir	constituisse	18
constituir	constitui	12
constituir	constituim	28
encarecer	encarecem	28
encarecer	encarecesse	18
encarecer	encarecer-te	3
encarecer	encarecerão	22
encarecer	encareces	15
encarecer	encareceste	25
encarecer	encarecerás	13
encarecer	encareces	19
encarecer	encarecer-se	17
encarecer	encarecei	4
encarecer	encarece	26
encarecer	encarecedo	30
encarecer	encarecendo	9
encarecer	encareces	16
encarecer	encarecem	14
encarecer	encarece	12
encarecer	encarecedas	8
encarecer	encarecermos	2
encarecer	encareceu	20
encarecer	encarece	7
encarecer	encarecer-lo	10
encarecer	encareceres	23
encarecer	encareceram	31
encarecer	encarecer-me	5
encarecer	encarecer	33
encarecer	encarecerá	24
encarecer	encarecerei	1
encarecer	encarece	32
encarecer	encarecedos	27
encarecer	encarecer	6
encarecer	encareceremos	11
encarecer	encareceva	21
encarecer	encareceram-no	0
encarecer	encarecerem	29
marchar	marches	16
marchar	marcha	32
marchar	marchou	20
marchar	marchasse	18
marchar	marchadas	8
marchar	marchar-me	5
marchar	marcha	12
marchar	marchará	24
marchar	marchares	23
marchar	marchaste	25
marchar	marchá-los	6
marchar	marcharão	22
marchar	marcham	28
marchar	marchavam	0
marchar	marchando	9
marchar	marchá-lo	10
marchar	marcharemos	11
marchar	marcharás	13
marchar	marchada	2
marchar	marchar-se	17
marchar	marchados	27
marchar	marcharem	29
marchar	marcharei	1
marchar	marcharam	31
marchar	marche	7
marchar	marchar	33
marchar	marcho	26
marchar	marchava	21
marchar	marchos	15
marchar	marchei	4
marchar	marchar-te	3
marchar	marchado	30
marchar	marchas	19
marchar	marchem	14
surfar	surfaremos	11
surfar	surfei	4
surfar	surfos	15
surfar	surfavam	0
surfar	surfar-te	3
surfar	surfarão	22
surfar	surfá-los	6
surfar	surfa	32
surfar	surfas	19
surfar	surfasse	18
surfar	surfa	12
surfar	surfem	14
surfar	surfaste	25
surfar	surfares	23
surfar	surfo	26
surfar	surfou	20
surfar	surfarem	29
surfar	surfadas	8
surfar	surfaram	31
surfar	surfados	27
surfar	surfando	9
surfar	surfam	28
surfar	surfada	2
surfar	surfará	24
surfar	surfado	30
surfar	surfarei	1
surfar	surfar-se	17
surfar	surfes	16
surfar	surfar-me	5
surfar	surfava	21
surfar	surfe	7
surfar	surfarás	13
surfar	surfar	33
surfar	surfá-lo	10
murmurar	murmurar	33
murmurar	murmuração	3
murmurar	murmurasse	18
murmurar	murmura	12
murmurar	murmurar-se	17
murmurar	murmuros	15
murmurar	murmuraremos	11
murmurar	murmuras	19
murmurar	murmurarás	13
murmurar	murmurava	21
murmurar	murmurando	9
murmurar	murmurará	24
murmurar	murmurarei	1
murmurar	murmuro	26
murmurar	murmurações	8
murmurar	murmurarão	22
murmurar	murmurar-me	5
murmurar	murmuraste	25
murmurar	murmurá-lo	10
murmurar	murmuravam	0
murmurar	murmurado	30
murmurar	murmure	7
murmurar	murmuraram	31
murmurar	murmurou	20
murmurar	murmurem	14
murmurar	murmurarem	29
murmurar	murmurada	2
murmurar	murmuram	28
murmurar	murmura	32
murmurar	murmures	16
murmurar	murmurares	23
murmurar	murmurados	27
murmurar	murmurei	4
murmurar	murmurá-los	6
desflorestar	desflorestarás	13
desflorestar	desflorestada	2
desflorestar	desflorestava	21
desflorestar	desflorestando	9
desflorestar	desflorestou	20
desflorestar	desfloresta	32
desflorestar	desfloreste	7
desflorestar	desflorestar-te	3
desflorestar	desflorestadas	8
desflorestar	desflorestes	16
desflorestar	desflorestares	23
desflorestar	desfloresto	26
desflorestar	desflorestei	4
desflorestar	desflorestado	30
desflorestar	desflorestá-los	6
desflorestar	desflorestasse	18
desflorestar	desflorestaram	31
desflorestar	desflorestar-se	17
desflorestar	desflorestados	27
desflorestar	desflorestar-me	5
desflorestar	desflorestarem	29
desflorestar	desflorestarão	22
desflorestar	desflorestará	24
desflorestar	desflorestaste	25
desflorestar	desflorestam	28
desflorestar	desflorestaremos	11
desflorestar	desflorsta	12
desflorestar	desflorestar	33
desflorestar	desflorestá-lo	10
desflorestar	desflorestos	15
desflorestar	desflorestem	14
desflorestar	desflorestarei	1
desflorestar	desflorestavam	0
desflorestar	desflorestas	19
comprar	comprasse	18
comprar	comprando	9
comprar	compro	26
comprar	comprada	2
comprar	comprar-me	5
comprar	comprares	23
comprar	comprarem	29
comprar	comprar-te	3
comprar	compras	19
comprar	compram	28
comprar	comprarão	22
comprar	comprava	21
comprar	comprarás	13
comprar	comprou	20
comprar	compraram	31
comprar	compra	12
comprar	compres	16
comprar	compraste	25
comprar	comprado	30
comprar	compra	32
comprar	comprou-se	1
comprar	compraremos	11
comprar	comprá-lo	10
comprar	comprar	33
comprar	comprará	24
comprar	compradas	8
comprar	compravam	0
comprar	comprados	27
comprar	comprá-los	6
comprar	comprar-se	17
comprar	comprei	4
comprar	compre	7
comprar	comprem	14
comprar	compros	15
ancinhar	ancinhos	15
ancinhar	ancinhar	33
ancinhar	ancinhar-te	3
ancinhar	ancinhaste	25
ancinhar	ancinharás	13
ancinhar	ancinhar-se	17
ancinhar	ancinhes	16
ancinhar	ancinham	28
ancinhar	ancinhei	4
ancinhar	ancinhadas	8
ancinhar	ancinharei	1
ancinhar	ancinhava	21
ancinhar	ancinhado	30
ancinhar	ancinhá-lo	10
ancinhar	ancinhares	23
ancinhar	ancinhá-los	6
ancinhar	ancinharemos	11
ancinhar	ancinho	26
ancinhar	ancinhou	20
ancinhar	ancinhar-me	5
ancinhar	ancinhando	9
ancinhar	ancinharam	31
ancinhar	ancinhavam	0
ancinhar	ancinhará	24
ancinhar	ancinhe	7
ancinhar	ancinha	32
ancinhar	ancinhasse	18
ancinhar	ancinha	12
ancinhar	ancinharem	29
ancinhar	ancinhados	27
ancinhar	ancinharão	22
ancinhar	ancinhem	14
ancinhar	ancinhada	2
ancinhar	ancinhas	19
renegar	negaram	0
renegar	renego	26
renegar	renegarei	1
renegar	reneges	16
renegar	renegarem	29
renegar	renegasse	18
renegar	renege	7
renegar	renegarmos	2
renegar	renegaste	25
renegar	renegados	27
renegar	negar	6
renegar	renegará	24
renegar	negado	5
renegar	renegando	9
renegar	renegares	23
renegar	renegar	33
renegar	nega	12
renegar	renegado	30
renegar	renegar-te	3
renegar	renegar-se	17
renegar	renega	32
renegar	renegas	19
renegar	renegadas	8
renegar	renegá-lo	10
renegar	renegam	28
renegar	renegarão	22
renegar	negam	4
renegar	renegaram	31
renegar	renegarás	13
renegar	negará	11
renegar	renegem	14
renegar	renegava	21
renegar	renegou	20
renegar	renegos	15
reproduzir	reproduzirão	22
reproduzir	reproduzem	14
reproduzir	reproduzes	16
reproduzir	reproduzido	30
reproduzir	reproduzisse	18
reproduzir	reproduzi	32
reproduzir	produzirá	11
reproduzir	reproduziu	20
reproduzir	produzir	6
reproduzir	reproduzidos	27
reproduzir	reproduzindo	9
reproduzir	reproduzirás	13
reproduzir	reproduzires	23
reproduzir	reproduzir-se	17
reproduzir	reproduzim	28
reproduzir	reproduze	7
reproduzir	produziram	0
reproduzir	reproduziram	31
reproduzir	reproduzidas	8
reproduzir	reproduzis	19
reproduzir	reproduzir-lo	10
reproduzir	reproduziva	21
reproduzir	produzido	5
reproduzir	reproduziste	25
reproduzir	reproduzirem	29
reproduzir	reproduzir-te	3
reproduzir	reproduzis	15
reproduzir	produzim	4
reproduzir	produzi	12
reproduzir	reproduzida	2
reproduzir	reproduzirei	1
reproduzir	reproduzi	26
reproduzir	reproduzirá	24
reproduzir	reproduzir	33
unir	unir-te	3
unir	uniram	31
unir	unir-lo	10
unir	unirá	24
unir	uniram-se	9
unir	unisse	18
unir	unirão	22
unir	unido	30
unir	unida	2
unir	uni	12
unir	unir-los	6
unir	uniram-no	0
unir	unis	15
unir	unes	16
unir	unirás	13
unir	unim	28
unir	unir	33
unir	unires	23
unir	uni	26
unir	unem	14
unir	une	7
unir	unidos	27
unir	unei	4
unir	uniremos	11
unir	unir-se	17
unir	unirei	1
unir	unir-me	5
unir	unidas	8
unir	uni	32
unir	univa	21
unir	uniste	25
unir	uniu	20
unir	unis	19
unir	unirem	29
negligenciar	negligenciar-se	17
negligenciar	negligences	16
negligenciar	negligenciava	21
negligenciar	negligenciada	2
negligenciar	negligencio	26
negligenciar	negligenciou	20
negligenciar	negligenciaste	25
negligenciar	negligenciarei	1
negligenciar	negligenciei	4
negligenciar	negligenciarás	13
negligenciar	negligenciados	27
negligenciar	negligenciarem	29
negligenciar	negligencia	32
negligenciar	negligenciando	9
negligenciar	negligenciares	23
negligenciar	negligenciadas	8
negligenciar	negligenciam	28
negligenciar	negligenciação	3
negligenciar	negligenciar-me	5
negligenciar	negligenciá-lo	10
negligenciar	negligencios	15
negligenciar	negligenciavam	0
negligenciar	negligenciasse	18
negligenciar	negligenciarão	22
negligenciar	negligenciá-los	6
negligenciar	negligence	7
negligenciar	negligencias	19
negligenciar	negligenciar	33
negligenciar	negligenciará	24
negligenciar	negligenciado	30
negligenciar	negligenciaremos	11
negligenciar	negligencia	12
negligenciar	negligencem	14
negligenciar	negligenciaram	31
irritar	irritei	4
irritar	irritam	28
irritar	irrita	32
irritar	irritar-se	17
irritar	irritá-lo	10
irritar	irritará	24
irritar	irrito	26
irritar	irritares	23
irritar	irrita	12
irritar	irritada	2
irritar	irritarão	22
irritar	irritava	21
irritar	irritou	20
irritar	irritá-los	6
irritar	irritarás	13
irritar	irritaste	25
irritar	irritações	8
irritar	irritem	14
irritar	irrites	16
irritar	irritados	27
irritar	irrite	7
irritar	irritarem	29
irritar	irritação	3
irritar	irritar-me	5
irritar	irritaremos	11
irritar	irritar	33
irritar	irritasse	18
irritar	irritas	19
irritar	irritos	15
irritar	irritaram	31
irritar	irritando	9
irritar	irritado	30
irritar	irritaram-no	0
irritar	irritou-se	1
enfarruscar	enfarruscares	23
enfarruscar	enfarruscas	19
enfarruscar	enfarruscar	33
enfarruscar	enfarruscos	15
enfarruscar	enfarrusce	7
enfarruscar	enfarruscem	14
enfarruscar	enfarruscá-los	6
enfarruscar	enfarruscando	9
enfarruscar	enfarruscados	27
enfarruscar	enfarruscarem	29
enfarruscar	enfarrusco	26
enfarruscar	enfarruscou	20
enfarruscar	enfarrusca	12
enfarruscar	enfarruscaste	25
enfarruscar	enfarruscarás	13
enfarruscar	enfarruscaram	31
enfarruscar	enfarruscava	21
enfarruscar	enfarruscará	24
enfarruscar	enfarruscadas	8
enfarruscar	enfarruscada	2
enfarruscar	enfarruscar-se	17
enfarruscar	enfarruscasse	18
enfarruscar	enfarruscaremos	11
enfarruscar	enfarruscavam	0
enfarruscar	enfarruscam	28
enfarruscar	enfarruscar-me	5
enfarruscar	enfarruscarei	1
enfarruscar	enfarruscar-te	3
enfarruscar	enfarruscarão	22
enfarruscar	enfarrusca	32
enfarruscar	enfarruscei	4
enfarruscar	enfarruscá-lo	10
enfarruscar	enfarruscado	30
enfarruscar	enfarrusces	16
contradizer	contradizeva	21
contradizer	contradizer-lo	10
contradizer	contradize	32
contradizer	contradizerei	1
contradizer	contradizerá	24
contradizer	contradizer-me	5
contradizer	contradizerás	13
contradizer	contradizeres	23
contradizer	contradizes	16
contradizer	contradizeremos	11
contradizer	contradizedo	30
contradizer	contradizer-se	17
contradizer	contradizem	14
contradizer	contradizem	28
contradizer	contradizeste	25
contradizer	contradizeu	20
contradizer	contradizerão	22
contradizer	contradizes	19
contradizer	contradeze	7
contradizer	contradizerem	29
contradizer	contradizei	4
contradizer	contradizeram	31
contradizer	contradizermos	2
contradizer	contradize	12
contradizer	contradizedas	8
contradizer	contradizendo	9
contradizer	contradize	26
contradizer	contradizer	33
contradizer	contradizeram-no	0
contradizer	contradizesse	18
contradizer	contradizes	15
contradizer	contradizedos	27
contradizer	contradizer-te	3
contradizer	contradizer	6
monopolizar	monopoliza	32
monopolizar	monopolizares	23
monopolizar	monopolizados	27
monopolizar	monopolizava	21
monopolizar	monopoliza	12
monopolizar	monopolizará	24
monopolizar	monopolize	7
monopolizar	monopolizada	2
monopolizar	monopolizar	33
monopolizar	monopolizarei	1
monopolizar	monopolizei	4
monopolizar	monopolizam	28
monopolizar	monopolizo	26
monopolizar	monopolizá-los	6
monopolizar	monopolizando	9
monopolizar	monopolizaremos	11
monopolizar	monopolizem	14
monopolizar	monopolizar-se	17
monopolizar	monopolizarás	13
monopolizar	monopolizado	30
monopolizar	monopolizes	16
monopolizar	monopolizou	20
monopolizar	monopolizos	15
monopolizar	monopolizadas	8
monopolizar	monopolizarão	22
monopolizar	monopolizavam	0
monopolizar	monopolizaram	31
monopolizar	monopolizar-me	5
monopolizar	monopolizarem	29
monopolizar	monopolizas	19
monopolizar	monopolizar-te	3
monopolizar	monopolizá-lo	10
monopolizar	monopolizasse	18
monopolizar	monopolizaste	25
empregar	empregou	20
empregar	emprega	12
empregar	empregará	24
empregar	empregar	33
empregar	emprega	32
empregar	empregares	23
empregar	empregasse	18
empregar	empregavam	0
empregar	empregados	27
empregar	emprege	7
empregar	empregada	2
empregar	empregá-lo	10
empregar	empregar-me	5
empregar	emprego	26
empregar	empregei	4
empregar	empregar-se	17
empregar	empregarei	1
empregar	empregava	21
empregar	empregem	14
empregar	empreges	16
empregar	empregando	9
empregar	empregaram	31
empregar	empregos	15
empregar	empregarão	22
empregar	empregá-los	6
empregar	empregarás	13
empregar	empregaremos	11
empregar	empregado	30
empregar	empregar-te	3
empregar	empregaste	25
empregar	empregadas	8
empregar	empregarem	29
empregar	empregam	28
empregar	empregas	19
mourejar	mourejaram	31
mourejar	mourejados	27
mourejar	mourejava	21
mourejar	mourejá-los	6
mourejar	moureja	12
mourejar	mourejaremos	11
mourejar	mourejará	24
mourejar	mourejando	9
mourejar	mourejes	16
mourejar	mourejar-se	17
mourejar	mourejares	23
mourejar	mourejar-me	5
mourejar	moureje	7
mourejar	mourejadas	8
mourejar	mourejação	3
mourejar	mourejá-lo	10
mourejar	mourejem	14
mourejar	mourejar	33
mourejar	mourejei	4
mourejar	mourejavam	0
mourejar	mourejarão	22
mourejar	mourejarás	13
mourejar	mourejaste	25
mourejar	mourejos	15
mourejar	moureja	32
mourejar	mourejado	30
mourejar	mourejarem	29
mourejar	mourejam	28
mourejar	mourejo	26
mourejar	mourejarei	1
mourejar	mourejasse	18
mourejar	mourejou	20
mourejar	mourejas	19
mourejar	mourejada	2
montar	montada	2
montar	montaste	25
montar	monta	32
montar	montar	33
montar	montaram	31
montar	monto	26
montar	montam	28
montar	montarem	29
montar	montarão	22
montar	montar-te	3
montar	montar-se	17
montar	montem	14
montar	montos	15
montar	montará	24
montar	montasse	18
montar	montou	20
montar	montarás	13
montar	montas	19
montar	monte	7
montar	montá-los	6
montar	montes	16
montar	montaremos	11
montar	montá-lo	10
montar	monta	12
montar	montares	23
montar	montavam	0
montar	montando	9
montar	montadas	8
montar	montado	30
montar	montarei	1
montar	montados	27
montar	montei	4
montar	montar-me	5
montar	montava	21
bainhar	bainharão	22
bainhar	bainhem	14
bainhar	bainhares	23
bainhar	bainhados	27
bainhar	bainhos	15
bainhar	bainhei	4
bainhar	bainhar-te	3
bainhar	bainharam	31
bainhar	bainhasse	18
bainhar	bainhavam	0
bainhar	bainhe	7
bainhar	bainhou	20
bainhar	bainharás	13
bainhar	bainharem	29
bainhar	bainhada	2
bainhar	bainhadas	8
bainhar	bainha	32
bainhar	bainho	26
bainhar	bainhando	9
bainhar	bainhaste	25
bainhar	bainhava	21
bainhar	bainharei	1
bainhar	bainharemos	11
bainhar	bainham	28
bainhar	bainhá-lo	10
bainhar	bainhar-me	5
bainhar	bainha	12
bainhar	bainhado	30
bainhar	bainhará	24
bainhar	bainhar	33
bainhar	bainhes	16
bainhar	bainhar-se	17
bainhar	bainhá-los	6
bainhar	bainhas	19
exagerar	exageraste	25
exagerar	exagerarão	22
exagerar	exageres	16
exagerar	exagera	12
exagerar	exagerasse	18
exagerar	exagerá-lo	10
exagerar	exagerá-los	6
exagerar	exagerarás	13
exagerar	exagerar-te	3
exagerar	exagerou-se	1
exagerar	exagerar	33
exagerar	exagerar-me	5
exagerar	exagerada	2
exagerar	exageram	28
exagerar	exagere	7
exagerar	exagerava	21
exagerar	exageravam	0
exagerar	exagerado	30
exagerar	exagera	32
exagerar	exageradas	8
exagerar	exagerando	9
exagerar	exagerem	14
exagerar	exagerados	27
exagerar	exagerei	4
exagerar	exageras	19
exagerar	exagerou	20
exagerar	exagerarem	29
exagerar	exagerará	24
exagerar	exagerares	23
exagerar	exagerar-se	17
exagerar	exageraremos	11
exagerar	exagero	26
exagerar	exageros	15
exagerar	exageraram	31
emprehender	emprehenderes	23
emprehender	emprehender	33
emprehender	emprehendes	16
emprehender	emprehendeva	21
emprehender	emprehendes	15
emprehender	emprehende	32
emprehender	emprehenderei	1
emprehender	emprehendedo	30
emprehender	emprehender-te	3
emprehender	emprehenderem	29
emprehender	emprehenderam	31
emprehender	emprehenderam-no	0
emprehender	emprehendesse	18
emprehender	emprehenderão	22
emprehender	emprehendedos	27
emprehender	emprehendermos	2
emprehender	emprehendeste	25
emprehender	emprehender-lo	10
emprehender	emprehende	26
emprehender	emprehenderá	24
emprehender	emprehender-me	5
emprehender	emprehende	7
emprehender	emprehende	12
emprehender	emprehenderás	13
emprehender	emprehendes	19
emprehender	emprehenderemos	11
emprehender	emprehendem	28
emprehender	emprehender-se	17
emprehender	emprehendedas	8
emprehender	emprehendem	14
emprehender	emprehendendo	9
emprehender	emprehendeu	20
emprehender	emprehender	6
emprehender	emprehendei	4
revoltar	voltará	11
revoltar	revoltam	28
revoltar	revoltarem	29
revoltar	revolte	7
revoltar	revoltos	15
revoltar	revoltarás	13
revoltar	revoltarmos	2
revoltar	revoltem	14
revoltar	revoltou-se	1
revoltar	revoltados	27
revoltar	revoltá-lo	10
revoltar	revoltar	33
revoltar	revoltas	19
revoltar	revoltarão	22
revoltar	revoltar-se	17
revoltar	revoltaram-se	9
revoltar	revoltes	16
revoltar	revoltado	30
revoltar	revoltará	24
revoltar	revoltava	21
revoltar	volta	12
revoltar	revoltares	23
revoltar	voltaram	0
revoltar	revoltasse	18
revoltar	voltado	5
revoltar	revoltaram	31
revoltar	revoltadas	8
revoltar	revoltação	3
revoltar	revoltaste	25
revoltar	revolto	26
revoltar	revolta	32
revoltar	voltam	4
revoltar	revoltou	20
revoltar	voltar	6
divagar	divagar-se	17
divagar	divagarão	22
divagar	divagadas	8
divagar	divagar-me	5
divagar	divagava	21
divagar	divagará	24
divagar	divagá-los	6
divagar	divagares	23
divagar	divagavam	0
divagar	divagá-lo	10
divagar	divagei	4
divagar	divagasse	18
divagar	divagaste	25
divagar	divagos	15
divagar	divagou	20
divagar	divagem	14
divagar	divagado	30
divagar	divagas	19
divagar	divagarás	13
divagar	divagando	9
divagar	divagar-te	3
divagar	divagar	33
divagar	divaga	32
divagar	divagarem	29
divagar	divagaremos	11
divagar	divago	26
divagar	divagam	28
divagar	divages	16
divagar	divagarei	1
divagar	divaga	12
divagar	divagada	2
divagar	divagados	27
divagar	divagaram	31
divagar	divage	7
progredir	progredisse	18
progredir	progredis	19
progredir	progredidas	8
progredir	progredida	2
progredir	progredei	4
progredir	progredim	28
progredir	progredires	23
progredir	progrediram-no	0
progredir	progrediram	31
progredir	progredir-me	5
progredir	progredir-lo	10
progredir	progrede	7
progredir	progrediste	25
progredir	progredir-se	17
progredir	progredis	15
progredir	progredirá	24
progredir	progredirem	29
progredir	progrediu	20
progredir	progredidos	27
progredir	progredir-te	3
progredir	progredir-los	6
progredir	progredi	32
progredir	progredindo	9
progredir	progredi	12
progredir	progrediva	21
progredir	progredirão	22
progredir	progredido	30
progredir	progredirás	13
progredir	progrediremos	11
progredir	progredi	26
progredir	progredem	14
progredir	progredir	33
progredir	progredirei	1
progredir	progredes	16
scintilar	scintile	7
scintilar	scintilou	20
scintilar	scintila	12
scintilar	scintilarás	13
scintilar	scintilá-los	6
scintilar	scintilarem	29
scintilar	scintilasse	18
scintilar	scintilado	30
scintilar	scintilar-me	5
scintilar	scintilaremos	11
scintilar	scintilados	27
scintilar	scintilava	21
scintilar	scintilas	19
scintilar	scintilo	26
scintilar	scintilá-lo	10
scintilar	scintilei	4
scintilar	scintiladas	8
scintilar	scintilarão	22
scintilar	scintilam	28
scintilar	scintilando	9
scintilar	scintilação	3
scintilar	scintilará	24
scintilar	scintilos	15
scintilar	scintilem	14
scintilar	scintilada	2
scintilar	scintiles	16
scintilar	scintila	32
scintilar	scintilar-se	17
scintilar	scintilaram	31
scintilar	scintilares	23
scintilar	scintilavam	0
scintilar	scintilarei	1
scintilar	scintilaste	25
scintilar	scintilar	33
livrar	livraremos	11
livrar	livrando	9
livrar	livram	28
livrar	livras	19
livrar	livrá-lo	10
livrar	livra	32
livrar	livradas	8
livrar	livrarmos	2
livrar	livrarás	13
livrar	livraram	31
livrar	livrar	33
livrar	livro	26
livrar	livravam	0
livrar	livrarão	22
livrar	livrar-se	17
livrar	livrará	24
livrar	livraste	25
livrar	livrou	20
livrar	livrava	21
livrar	livres	16
livrar	livra	12
livrar	livrei	4
livrar	livrado	30
livrar	livrá-los	6
livrar	livrares	23
livrar	livrem	14
livrar	livrados	27
livrar	livre	7
livrar	livrarei	1
livrar	livrar-me	5
livrar	livrar-te	3
livrar	livros	15
livrar	livrarem	29
livrar	livrasse	18
lotear	loteei	4
lotear	loteasse	18
lotear	loteado	30
lotear	loteam	28
lotear	loteá-los	6
lotear	loteas	19
lotear	loteos	15
lotear	lotem	14
lotear	lotearam	31
lotear	lotear	33
lotear	lote	7
lotear	lotearei	1
lotear	lotearás	13
lotear	loteares	23
lotear	loteando	9
lotear	lotea	12
lotear	loteavam	0
lotear	lotearem	29
lotear	lotear-te	3
lotear	lotearão	22
lotear	loteaste	25
lotear	loteados	27
lotear	lotearemos	11
lotear	loteo	26
lotear	loteou	20
lotear	loteadas	8
lotear	loteada	2
lotear	lotear-se	17
lotear	lotea	32
lotear	loteá-lo	10
lotear	lotear-me	5
lotear	loteará	24
lotear	loteava	21
lotear	lotees	16
resmungar	resmungarão	22
resmungar	resmungas	19
resmungar	resmungar	33
resmungar	resmunga	12
resmungar	resmungarem	29
resmungar	resmungar-me	5
resmungar	resmungaremos	11
resmungar	resmungar-se	17
resmungar	resmungei	4
resmungar	resmungarei	1
resmungar	resmungem	14
resmungar	resmungado	30
resmungar	resmungação	3
resmungar	resmungará	24
resmungar	resmungando	9
resmungar	resmungavam	0
resmungar	resmungasse	18
resmungar	resmungada	2
resmungar	resmunga	32
resmungar	resmungo	26
resmungar	resmungá-lo	10
resmungar	resmungava	21
resmungar	resmungadas	8
resmungar	resmunges	16
resmungar	resmungam	28
resmungar	resmungos	15
resmungar	resmunge	7
resmungar	resmungá-los	6
resmungar	resmungou	20
resmungar	resmungaram	31
resmungar	resmungados	27
resmungar	resmungarás	13
resmungar	resmungaste	25
resmungar	resmungares	23
ressalvar	ressalvando	9
ressalvar	ressalvar-me	5
ressalvar	ressalvar-se	17
ressalvar	ressalvas	19
ressalvar	ressalvarás	13
ressalvar	ressalvarei	1
ressalvar	ressalvou	20
ressalvar	ressalva	32
ressalvar	ressalvará	24
ressalvar	ressalve	7
ressalvar	ressalvem	14
ressalvar	ressalvadas	8
ressalvar	ressalvaram	31
ressalvar	ressalves	16
ressalvar	ressalvados	27
ressalvar	ressalvei	4
ressalvar	ressalvavam	0
ressalvar	ressalvar	33
ressalvar	ressalvarão	22
ressalvar	ressalvada	2
ressalvar	ressalva	12
ressalvar	ressalvar-te	3
ressalvar	ressalvaremos	11
ressalvar	ressalvava	21
ressalvar	ressalvares	23
ressalvar	ressalvaste	25
ressalvar	ressalvado	30
ressalvar	ressalvo	26
ressalvar	ressalvarem	29
ressalvar	ressalvá-lo	10
ressalvar	ressalvam	28
ressalvar	ressalvasse	18
ressalvar	ressalvos	15
ressalvar	ressalvá-los	6
cantar	cantes	16
cantar	cantar-se	17
cantar	cantavam	0
cantar	cantou	20
cantar	cantar	33
cantar	cantares	23
cantar	cantarão	22
cantar	cantava	21
cantar	cantem	14
cantar	canto	26
cantar	cantarem	29
cantar	cantaram	31
cantar	cantados	27
cantar	cantasse	18
cantar	cantas	19
cantar	cantaremos	11
cantar	cantada	2
cantar	cante	7
cantar	cantaste	25
cantar	cantadas	8
cantar	cantado	30
cantar	cantando	9
cantar	cantá-los	6
cantar	cantarás	13
cantar	canta	32
cantar	cantá-lo	10
cantar	cantar-te	3
cantar	cantará	24
cantar	cantos	15
cantar	cantam	28
cantar	canta	12
cantar	cantei	4
cantar	cantarei	1
cantar	cantar-me	5
contrabalancear	contrabalará	24
contrabalancear	contrabá-los	6
contrabalancear	contrabalá-lo	10
contrabalancear	contrabalaram	31
contrabalancear	contrabala	32
contrabalancear	contrabada	2
contrabalancear	contrabalado	30
contrabalancear	contrabalase	18
contrabalancear	contrabalados	27
contrabalancear	contrabavam	0
contrabalancear	contrabalarás	13
contrabalancear	contrabalam	28
contrabalancear	contrabar-se	17
contrabalancear	contrabarei	1
contrabalancear	contraba	12
contrabalancear	contrabalas	19
contrabalancear	contrabane	7
contrabalancear	contrabalares	23
contrabalancear	contrabarei	4
contrabalancear	contrabalar-me	5
contrabalancear	contrabalarão	22
contrabalancear	contrabando	9
contrabalancear	contrabalar	33
contrabalancear	contrabalo	26
contrabalancear	contrabadas	8
contrabalancear	contrabar-te	3
contrabalancear	contrabalava	21
contrabalancear	contrabandos	11
contrabalancear	contrabalos	15
contrabalancear	contrabalem	14
contrabalancear	contrabalarem	29
contrabalancear	contrabales	16
contrabalancear	contrabalaste	25
contrabalancear	contrabalou	20
