вытащить	вытащите	12
вытащить	вытащится	11
вытащить	вытащил	17
вытащить	вытащения	1
вытащить	вытащитесь	6
вытащить	вытащ	0
вытащить	вытащили	16
вытащить	вытащились	9
вытащить	вытащи	14
вытащить	вытащить	18
вытащить	вытащилась	3
вытащить	вытащит	15
вытащить	вытащишь	2
вытащить	вытащивший	5
вытащить	вытащят	10
вытащить	вытащился	8
вытащить	вытащу	7
вытащить	вытащив	4
вытащить	вытащила	13
задавить	задавим	7
задавить	задавилась	3
задавить	задавивший	5
задавить	задавите	12
задавить	задавила	13
задавить	задавитесь	6
задавить	задавился	8
задавить	задави	14
задавить	задавились	9
задавить	задавить	18
задавить	задавив	4
задавить	задавения	1
задавить	задавили	16
задавить	задав	0
задавить	задавится	11
задавить	задавит	15
задавить	задавишь	2
задавить	задавят	10
задавить	задавил	17
соблюсти	соблюстились	9
соблюсти	соблюстив	4
соблюсти	соблюсти	12
соблюсти	соблюстят	10
соблюсти	соблюстил	17
соблюсти	соблюстился	8
соблюсти	соблюстилась	3
соблюсти	соблюстила	13
соблюсти	соблюсти	6
соблюсти	соблюсти	0
соблюсти	соблюстивший	5
соблюсти	соблюсти	14
соблюсти	соблюсти	15
соблюсти	соблюстим	7
соблюсти	соблюстения	1
соблюсти	соблюстили	16
соблюсти	соблюстишь	2
соблюсти	соблюсти	18
соблюсти	соблюсти	11
выпалить	выпалились	9
выпалить	выпалила	13
выпалить	выпаления	1
выпалить	выпалить	18
выпалить	выпалили	16
выпалить	выпалится	11
выпалить	выпалился	8
выпалить	выпалят	10
выпалить	выпалив	4
выпалить	выпалишь	2
выпалить	выпал	0
выпалить	выпалит	15
выпалить	выпаливший	5
выпалить	выпалилась	3
выпалить	выпалите	12
выпалить	выпалим	7
выпалить	выпалил	17
выпалить	выпалитесь	6
выпалить	выпали	14
высмотреть	высмотрелись	9
высмотреть	высмотретесь	6
высмотреть	высмотрел	17
высмотреть	высмотрев	4
высмотреть	высмотрелась	3
высмотреть	высмотреться	0
высмотреть	высмотрен	2
высмотреть	высмотрет	10
высмотреть	высмотрелся	8
высмотреть	высмотрете	12
высмотреть	высмотрения	1
высмотреть	высмотрет	15
высмотреть	высмотрется	11
высмотреть	высмотревший	5
высмотреть	высмотреть	18
высмотреть	высмотрела	13
высмотреть	высмотрем	7
высмотреть	высмотре	14
высмотреть	высмотрели	16
измазать	измазатся	11
измазать	измазать	18
измазать	измазаться	0
измазать	измазал	17
измазать	измазат	15
измазать	измазали	16
измазать	измаза	14
измазать	измазашь	2
измазать	измазала	13
измазать	измазав	4
измазать	измазался	8
измазать	измазалась	3
измазать	измазатесь	6
измазать	измазалия	1
измазать	измазат	10
измазать	измазались	9
измазать	измазавший	5
измазать	измазате	12
измазать	измазам	7
потревожить	потревожился	8
потревожить	потревожив	4
потревожить	потревожили	16
потревожить	потревожу	7
потревожить	потревожи	14
потревожить	потревожились	9
потревожить	потревожитесь	6
потревожить	потревожиться	0
потревожить	потревожил	17
потревожить	потревоживший	5
потревожить	потревожит	15
потревожить	потревожишь	2
потревожить	потревожят	10
потревожить	потревожится	11
потревожить	потревожилась	3
потревожить	потревожите	12
потревожить	потревожила	13
потревожить	потревожения	1
потревожить	потревожить	18
предсказать	предсказалась	3
предсказать	предсказала	13
предсказать	предсказал	17
предсказать	предсказам	7
предсказать	предсказат	10
предсказать	предсказалия	1
предсказать	предсказашь	2
предсказать	предсказавший	5
предсказать	предсказатся	11
предсказать	предсказат	15
предсказать	предсказатесь	6
предсказать	предсказались	9
предсказать	предсказался	8
предсказать	предсказаться	0
предсказать	предсказате	12
предсказать	предсказали	16
предсказать	предсказав	4
предсказать	предсказа	14
предсказать	предсказать	18
устрашить	устрашилась	3
устрашить	устрашят	10
устрашить	устрашится	11
устрашить	устраши	14
устрашить	устрашивший	5
устрашить	устрашил	17
устрашить	устрашу	7
устрашить	устрашили	16
устрашить	устрашите	12
устрашить	устрашив	4
устрашить	устрашился	8
устрашить	устрашились	9
устрашить	устрашиться	0
устрашить	устрашила	13
устрашить	устрашен	2
устрашить	устрашить	18
устрашить	устрашения	1
устрашить	устрашитесь	6
устрашить	устрашит	15
обезглавить	обезглавился	8
обезглавить	обезглавить	18
обезглавить	обезглавивший	5
обезглавить	обезглавите	12
обезглавить	обезглавилась	3
обезглавить	обезглавили	16
обезглавить	обезглавит	15
обезглавить	обезглави	14
обезглавить	обезглавения	1
обезглавить	обезглавились	9
обезглавить	обезглавится	11
обезглавить	обезглавишь	2
обезглавить	обезглавила	13
обезглавить	обезглавил	17
обезглавить	обезглавиться	0
обезглавить	обезглавят	10
обезглавить	обезглавитесь	6
обезглавить	обезглавив	4
обезглавить	обезглавим	7
истребить	истребился	8
истребить	истребились	9
истребить	истребить	18
истребить	истребения	1
истребить	истребил	17
истребить	истребила	13
истребить	истребилась	3
истребить	истребишь	2
истребить	истребят	10
истребить	истребит	15
истребить	истребитесь	6
истребить	истребиться	0
истребить	истребивший	5
истребить	истребится	11
истребить	истребите	12
истребить	истреби	14
истребить	истребим	7
истребить	истребив	4
истребить	истребили	16
проспать	проспатесь	6
проспать	проспала	13
проспать	проспа	14
проспать	проспат	15
проспать	проспал	17
проспать	проспавший	5
проспать	проспать	18
проспать	проспам	7
проспать	проспат	10
проспать	проспалась	3
проспать	проспали	16
проспать	проспашь	2
проспать	проспалия	1
проспать	проспатся	11
проспать	проспав	4
проспать	проспаться	0
проспать	проспате	12
проспать	проспался	8
проспать	проспались	9
спросить	спросили	16
спросить	спросил	17
спросить	спросился	8
спросить	спросились	9
спросить	спросится	11
спросить	спросим	7
спросить	спросят	10
спросить	попросит	2
спросить	спросить	18
спросить	спросите	12
спросить	спроси	14
спросить	спросения	1
спросить	спросив	4
спросить	просит	3
спросить	спроситься	0
спросить	спроситесь	6
спросить	спросила	13
спросить	просить	5
спросить	спросит	15
мирить	миритесь	6
мирить	мирился	8
мирить	мирения	1
мирить	мирится	11
мирить	мирилась	3
мирить	мирят	10
мирить	миру	7
мирить	мирил	17
мирить	мири	14
мирить	мир	0
мирить	мирила	13
мирить	миривший	5
мирить	мирились	9
мирить	мирили	16
мирить	мирен	2
мирить	мирись	4
мирить	мирит	15
мирить	мирите	12
мирить	мирить	18
подсмотреть	подсмотрения	1
подсмотреть	подсмотретесь	6
подсмотреть	подсмотреть	18
подсмотреть	подсмотрели	16
подсмотреть	подсмотрел	17
подсмотреть	подсмотрете	12
подсмотреть	подсмотрется	11
подсмотреть	подсмотревший	5
подсмотреть	подсмотрем	7
подсмотреть	подсмотре	14
подсмотреть	подсмотрелась	3
подсмотреть	подсмотрет	10
подсмотреть	подсмотрелся	8
подсмотреть	подсмотрела	13
подсмотреть	подсмотрелись	9
подсмотреть	подсмотрен	2
подсмотреть	подсмотрев	4
подсмотреть	подсмотреться	0
подсмотреть	подсмотрет	15
промямлить	промямил	17
промямлить	промямиться	0
промямлить	промямления	1
промямлить	промямитесь	6
промямлить	промямлить	18
промямлить	промямишь	2
промямлить	промямлился	8
промямлить	промямивший	5
промямлить	промямив	4
промямлить	промямлили	16
промямлить	промямлится	11
промямлить	промямите	12
промямлить	промямилась	3
промямлить	промямлила	13
промямлить	промямят	10
промямлить	промями	14
промямлить	промямлились	9
промямлить	промямит	15
промямлить	промямим	7
раскрыть	раскрылия	1
раскрыть	раскрылись	9
раскрыть	раскрытся	11
раскрыть	раскрыте	12
раскрыть	раскрыт	15
раскрыть	раскрыться	0
раскрыть	раскрыли	16
раскрыть	раскрыть	18
раскрыть	раскрым	7
раскрыть	раскрышь	2
раскрыть	раскрылся	8
раскрыть	раскры	14
раскрыть	раскрыл	17
раскрыть	раскрыла	13
раскрыть	раскрыв	4
раскрыть	раскрыт	10
раскрыть	раскрытесь	6
раскрыть	красывший	5
раскрыть	раскрылась	3
скатить	скатил	17
скатить	скатиться	0
скатить	скатить	18
скатить	скатили	16
скатить	покатит	2
скатить	скатитесь	6
скатить	скатится	11
скатить	скатилась	3
скатить	скатите	12
скатить	скатят	10
скатить	скатился	8
скатить	скатились	9
скатить	скативший	5
скатить	скати	14
скатить	скатила	13
скатить	скатения	1
скатить	скату	7
скатить	скатись	4
скатить	скатит	15
утаить	утаись	4
утаить	утаивший	5
утаить	утаился	8
утаить	утаились	9
утаить	утаят	10
утаить	утаи	14
утаить	утаила	13
утаить	утаишь	2
утаить	утаения	1
утаить	утаили	16
утаить	утаите	12
утаить	утаится	11
утаить	утаим	7
утаить	утаил	17
утаить	утаитесь	6
утаить	утаиться	0
утаить	утаит	15
утаить	утаить	18
утаить	утаилась	3
капнуть	капнуться	0
капнуть	капнулись	9
капнуть	капнуте	12
капнуть	капнуть	18
капнуть	капну	14
капнуть	капнут	10
капнуть	капнулся	8
капнуть	капнутся	11
капнуть	капнут	15
капнуть	капнулия	1
капнуть	капнувший	5
капнуть	капнутесь	6
капнуть	капнул	17
капнуть	капнув	4
капнуть	капнулась	3
капнуть	капну	7
капнуть	капнушь	2
капнуть	капнули	16
капнуть	капнула	13
снять	сняте	12
снять	сняться	0
снять	снят	15
снять	снял	17
снять	сням	7
снять	снялся	8
снять	сняла	13
снять	сня	14
снять	снят	10
снять	снялись	9
снять	сняли	16
снять	снять	18
снять	нять	5
снять	снялия	1
снять	снятесь	6
снять	понят	2
снять	сняв	4
снять	снятся	11
снять	нят	3
перехватить	перехватить	18
перехватить	перехватения	1
перехватить	перехватим	7
перехватить	перехвативший	5
перехватить	перехватился	8
перехватить	перехватилась	3
перехватить	перехватитесь	6
перехватить	перехватили	16
перехватить	перехватит	15
перехватить	перехватил	17
перехватить	перехватились	9
перехватить	перехватишь	2
перехватить	перехватиться	0
перехватить	перехватите	12
перехватить	перехвати	14
перехватить	перехватится	11
перехватить	перехватила	13
перехватить	перехватив	4
перехватить	перехватят	10
навестить	навестив	4
навестить	навестится	11
навестить	навестите	12
навестить	навестил	17
навестить	навестились	9
навестить	навестим	7
навестить	навестили	16
навестить	навестивший	5
навестить	навеститься	0
навестить	навестят	10
навестить	навестит	15
навестить	навестилась	3
навестить	навестился	8
навестить	навестить	18
навестить	навеститесь	6
навестить	навестишь	2
навестить	навестила	13
навестить	навестения	1
навестить	навести	14
заинтересовать	заинтерествавший	5
заинтересовать	заинтерестестеость	4
заинтересовать	заинтерестелствовался	8
заинтересовать	заинтерестелись	9
заинтересовать	заинтересения	1
заинтересовать	заинтерестесь	6
заинтересовать	заинтерестем	7
заинтересовать	заинтересте	12
заинтересовать	заинтерестоствалась	3
заинтересовать	заинтерестен	2
заинтересовать	заинтерестели	16
заинтересовать	заинтерестостят	10
заинтересовать	заинтересться	0
заинтересовать	заинтерестеть	18
заинтересовать	заинтерестоватся	11
заинтересовать	заинтереста	14
заинтересовать	заинтерестал	17
заинтересовать	заинтерестела	13
заинтересовать	заинтерестоват	15
развязать	развязатесь	6
развязать	вязат	3
развязать	развязаться	0
развязать	развязат	15
развязать	развязашь	2
развязать	развязать	18
развязать	развязатся	11
развязать	развязала	13
развязать	вязать	5
развязать	развязат	10
развязать	развязались	9
развязать	развязался	8
развязать	развяза	14
развязать	развязам	7
развязать	развязали	16
развязать	развязалия	1
развязать	развязал	17
развязать	развязав	4
развязать	развязате	12
закачать	закачатесь	6
закачать	закача	14
закачать	закачат	15
закачать	закачавший	5
закачать	закачали	16
закачать	закачания	1
закачать	закачаться	0
закачать	закачал	17
закачать	закачалась	3
закачать	закачатся	11
закачать	закачав	4
закачать	закачать	18
закачать	закачашь	2
закачать	закачала	13
закачать	закачался	8
закачать	закачам	7
закачать	закачате	12
закачать	закачат	10
закачать	закачались	9
возложить	возложил	17
возложить	возложит	15
возложить	возложиться	0
возложить	возложитесь	6
возложить	возложив	4
возложить	возложится	11
возложить	возложивший	5
возложить	возложения	1
возложить	возложилась	3
возложить	возложят	10
возложить	возложи	14
возложить	возложить	18
возложить	возложен	2
возложить	возложился	8
возложить	возложились	9
возложить	возложили	16
возложить	возложу	7
возложить	возложите	12
возложить	возложила	13
закутать	закутат	15
закутать	закуталия	1
закутать	закута	14
закутать	закутате	12
закутать	закутат	10
закутать	закутаться	0
закутать	закутались	9
закутать	закутатесь	6
закутать	закутатся	11
закутать	закуташь	2
закутать	закутали	16
закутать	закуталась	3
закутать	закутать	18
закутать	закутав	4
закутать	закутался	8
закутать	закутал	17
закутать	закутала	13
закутать	закутам	7
закутать	закутавший	5
простить	простивший	5
простить	простилась	3
простить	простила	13
простить	простили	16
простить	простим	7
простить	простит	15
простить	проститесь	6
простить	простился	8
простить	проститься	0
простить	простил	17
простить	простишь	2
простить	простят	10
простить	простите	12
простить	простится	11
простить	простения	1
простить	простить	18
простить	простив	4
простить	прости	14
простить	простились	9
прислонить	прислонения	1
прислонить	прислонен	2
прислонить	прислоните	12
прислонить	прислониться	0
прислонить	прислони	14
прислонить	прислонив	4
прислонить	прислонить	18
прислонить	прислонился	8
прислонить	прислонила	13
прислонить	прислонит	15
прислонить	прислонил	17
прислонить	прислонили	16
прислонить	прислонится	11
прислонить	прислоним	7
прислонить	прислонивший	5
прислонить	прислонились	9
прислонить	прислонилась	3
прислонить	прислонят	10
прислонить	прислонитесь	6
возвестить	возвестилась	3
возвестить	возвестил	17
возвестить	возвеститесь	6
возвестить	возвестили	16
возвестить	возвестения	1
возвестить	возвестите	12
возвестить	возвестивший	5
возвестить	возвестит	15
возвестить	возвестим	7
возвестить	возвестить	18
возвестить	возвестишь	2
возвестить	возвестился	8
возвестить	возвестив	4
возвестить	возвестят	10
возвестить	возвести	14
возвестить	возвеститься	0
возвестить	возвестились	9
возвестить	возвестила	13
возвестить	возвестится	11
опровергнуть	опровергнулись	9
опровергнуть	опровергну	7
опровергнуть	опровергнула	13
опровергнуть	опровергнул	17
опровергнуть	опровергнулся	8
опровергнуть	опровергнувший	5
опровергнуть	опровергнут	15
опровергнуть	опровергнутся	11
опровергнуть	опровергнуте	12
опровергнуть	опровергнуться	0
опровергнуть	опровергну	14
опровергнуть	опровергнушь	2
опровергнуть	опровергнуть	18
опровергнуть	опровергнули	16
опровергнуть	опровергнутесь	6
опровергнуть	опровергну	1
опровергнуть	опровергнулась	3
опровергнуть	опровергнят	10
опровергнуть	опровергнув	4
соблазнить	соблазнит	15
соблазнить	соблазни	14
соблазнить	соблазну	7
соблазнить	соблазнились	9
соблазнить	соблазнив	4
соблазнить	соблазнитесь	6
соблазнить	соблазнил	17
соблазнить	соблазнила	13
соблазнить	соблазнен	2
соблазнить	соблазнения	1
соблазнить	соблазн	0
соблазнить	соблазнилась	3
соблазнить	соблазнить	18
соблазнить	соблазните	12
соблазнить	соблазнивший	5
соблазнить	соблазнился	8
соблазнить	соблазнили	16
соблазнить	соблазнят	10
соблазнить	соблазнится	11
ознаменовать	ознаменоват	15
ознаменовать	ознаменова	14
ознаменовать	ознаменовался	8
ознаменовать	ознаменоватесь	6
ознаменовать	ознаменовавший	5
ознаменовать	ознаменовашь	2
ознаменовать	ознаменовали	16
ознаменовать	ознаменовались	9
ознаменовать	ознаменоватся	11
ознаменовать	ознаменовал	17
ознаменовать	ознаменовам	7
ознаменовать	ознаменовалась	3
ознаменовать	ознаменовав	4
ознаменовать	ознаменовать	18
ознаменовать	ознаменовала	13
ознаменовать	ознаменовения	1
ознаменовать	ознаменовате	12
ознаменовать	ознаменоваться	0
ознаменовать	ознаменовят	10
вложить	вложили	16
вложить	вложив	4
вложить	вложить	18
вложить	вложивший	5
вложить	влож	0
вложить	вложила	13
вложить	вложился	8
вложить	вложите	12
вложить	вложил	17
вложить	вложилась	3
вложить	вложится	11
вложить	вложит	15
вложить	вложу	7
вложить	вложишь	2
вложить	вложились	9
вложить	вложения	1
вложить	вложят	10
вложить	вложитесь	6
вложить	вложи	14
пощёлкать	пощ<UNK>лкатся	11
пощёлкать	пощ<UNK>лкали	16
пощёлкать	пощ<UNK>лкалия	1
пощёлкать	пощ<UNK>лкать	18
пощёлкать	пощ<UNK>лкался	8
пощёлкать	пощ<UNK>лкавший	5
пощёлкать	пощ<UNK>лкатесь	6
пощёлкать	пощ<UNK>лкаться	0
пощёлкать	пощ<UNK>лкались	9
пощёлкать	пощ<UNK>лкалась	3
пощёлкать	пощ<UNK>лкав	4
пощёлкать	пощ<UNK>лкал	17
пощёлкать	пощ<UNK>лкат	15
пощёлкать	пощ<UNK>лкашь	2
пощёлкать	пощ<UNK>лка	14
пощёлкать	пощ<UNK>лкала	13
пощёлкать	пощ<UNK>лкам	7
пощёлкать	пощ<UNK>лкате	12
пощёлкать	пощ<UNK>лкат	10
обжечь	обжечь	2
обжечь	обжечь	6
обжечь	обжечся	11
обжечь	обжечь	9
обжечь	обжечь	4
обжечь	обжечий	5
обжечь	обжечя	8
обжечь	обжечь	13
обжечь	обжечь	14
обжечь	обжечу	7
обжечь	обжечь	18
обжечь	обжечься	0
обжечь	обжечь	17
обжечь	обжечь	12
обжечь	обжечи	16
обжечь	обжечят	10
обжечь	обжечь	3
обжечь	обжечь	15
обжечь	обжечия	1
поддеть	подден	2
поддеть	поддения	1
поддеть	поддем	7
поддеть	поддет	15
поддеть	поддевший	5
поддеть	поддела	13
поддеть	поддете	12
поддеть	поддется	11
поддеть	поддел	17
поддеть	подделся	8
поддеть	поддеть	18
поддеть	подделись	9
поддеть	поддев	4
поддеть	поддеться	0
поддеть	поддели	16
поддеть	подделась	3
поддеть	поддет	10
поддеть	подде	14
поддеть	поддетесь	6
приять	приятся	11
приять	приятесь	6
приять	прияте	12
приять	прияшь	2
приять	приям	7
приять	прияли	16
приять	приялия	1
приять	прияла	13
приять	приявший	5
приять	приял	17
приять	приять	18
приять	приялась	3
приять	прияв	4
приять	приялись	9
приять	прият	10
приять	приялся	8
приять	прияться	0
приять	прия	14
приять	прият	15
скривить	скривила	13
скривить	скривен	2
скривить	скрив	0
скривить	скривив	4
скривить	скривились	9
скривить	скривился	8
скривить	скривить	18
скривить	скривил	17
скривить	скривили	16
скривить	скривитесь	6
скривить	скривит	15
скривить	скрививший	5
скривить	скривения	1
скривить	скривят	10
скривить	скриви	14
скривить	скриву	7
скривить	скривилась	3
скривить	скривите	12
скривить	скривится	11
засвидетельствовать	засвидетельствовалия	1
засвидетельствовать	засвидетельствовавший	5
засвидетельствовать	засвидетельствоватесь	6
засвидетельствовать	засвидетельствовате	12
засвидетельствовать	засвидетельствовашь	2
засвидетельствовать	засвидетельствовам	7
засвидетельствовать	засвидетельствовались	9
засвидетельствовать	засвидетельствовался	8
засвидетельствовать	засвидетельствовал	17
засвидетельствовать	засвидетельствоват	15
засвидетельствовать	засвидетельствовалась	3
засвидетельствовать	засвидетельствовала	13
засвидетельствовать	засвидетельствовали	16
засвидетельствовать	засвидетельствова	14
засвидетельствовать	засвидетельствоватся	11
засвидетельствовать	засвидетельствоваться	0
засвидетельствовать	засвидетельствоват	10
засвидетельствовать	засвидетельствовать	18
засвидетельствовать	засвидетельствовав	4
изжить	изжилась	3
изжить	изжит	15
изжить	изжу	7
изжить	изжитесь	6
изжить	изжится	11
изжить	изжен	2
изжить	изжения	1
изжить	изживший	5
изжить	изжил	17
изжить	изжили	16
изжить	изжился	8
изжить	изжись	4
изжить	изжите	12
изжить	изжились	9
изжить	изжила	13
изжить	изжиться	0
изжить	изжи	14
изжить	изжить	18
изжить	изжят	10
опорожнить	опорожнив	4
опорожнить	опорожниться	0
опорожнить	опорожните	12
опорожнить	опорожнить	18
опорожнить	опорожним	7
опорожнить	опорожнил	17
опорожнить	опорожнивший	5
опорожнить	опорожнится	11
опорожнить	опорожнитесь	6
опорожнить	опорожнит	15
опорожнить	опорожни	14
опорожнить	опорожнят	10
опорожнить	опорожнился	8
опорожнить	опорожнили	16
опорожнить	опорожнила	13
опорожнить	опорожнилась	3
опорожнить	опорожнения	1
опорожнить	опорожнились	9
опорожнить	опорожнен	2
спалить	палит	3
спалить	спалите	12
спалить	спалит	15
спалить	спалить	18
спалить	спалят	10
спалить	спалили	16
спалить	спалится	11
спалить	спалим	7
спалить	палить	5
спалить	спалив	4
спалить	спали	14
спалить	спалил	17
спалить	спалился	8
спалить	спалитесь	6
спалить	спаления	1
спалить	спалились	9
спалить	спалила	13
спалить	спал	0
спалить	попалит	2
отыскать	отыскав	4
отыскать	отыскатесь	6
отыскать	отыскам	7
отыскать	отыскались	9
отыскать	отыскате	12
отыскать	отыскалия	1
отыскать	отыскался	8
отыскать	отыскашь	2
отыскать	отыскат	10
отыскать	отыскали	16
отыскать	отыскалась	3
отыскать	отыскатся	11
отыскать	отыскаться	0
отыскать	отыскавший	5
отыскать	отыскать	18
отыскать	отыскала	13
отыскать	отыскат	15
отыскать	отыска	14
отыскать	отыскал	17
сплюнуть	поплюнут	2
сплюнуть	сплюнула	13
сплюнуть	сплюнуть	18
сплюнуть	сплюнули	16
сплюнуть	сплюнут	10
сплюнуть	сплюнуте	12
сплюнуть	сплюну	14
сплюнуть	сплюнув	4
сплюнуть	плюнут	3
сплюнуть	плюнуть	5
сплюнуть	сплюнулись	9
сплюнуть	сплюнутесь	6
сплюнуть	сплюнут	15
сплюнуть	сплюнулся	8
сплюнуть	сплюнулия	1
сплюнуть	сплюнул	17
сплюнуть	сплюну	7
сплюнуть	сплюнуться	0
сплюнуть	сплюнутся	11
получить	получил	17
получить	получивший	5
получить	получим	7
получить	получи	14
получить	получиться	0
получить	получишь	2
получить	получитесь	6
получить	получилась	3
получить	получят	10
получить	получите	12
получить	получит	15
получить	получив	4
получить	получить	18
получить	получили	16
получить	получились	9
получить	получила	13
получить	получится	11
получить	получения	1
получить	получился	8
обезручить	обезручу	7
обезручить	обезручил	17
обезручить	обезручить	18
обезручить	обезручились	9
обезручить	обезручив	4
обезручить	обезручилась	3
обезручить	обезручишь	2
обезручить	обезручивший	5
обезручить	обезручили	16
обезручить	обезручится	11
обезручить	обезручитесь	6
обезручить	обезручиться	0
обезручить	обезручила	13
обезручить	обезручит	15
обезручить	обезручения	1
обезручить	обезручят	10
обезручить	обезручи	14
обезручить	обезручился	8
обезручить	обезручите	12
истолковать	истолковат	15
истолковать	истолковалась	3
истолковать	истолковатесь	6
истолковать	истолковали	16
истолковать	истолковал	17
истолковать	истолковались	9
истолковать	истолковатся	11
истолковать	истолковать	18
истолковать	истолковавший	5
истолковать	истолковала	13
истолковать	истолковался	8
истолковать	истолковашь	2
истолковать	истолковав	4
истолковать	истолкова	14
истолковать	истолковате	12
истолковать	истолковения	1
истолковать	истолковам	7
истолковать	истолковат	10
истолковать	истолковаться	0
запить	запилась	3
запить	запится	11
запить	запился	8
запить	запите	12
запить	запить	18
запить	запили	16
запить	запения	1
запить	запились	9
запить	запил	17
запить	запила	13
запить	запим	7
запить	запи	14
запить	запит	15
запить	запят	10
запить	запиться	0
запить	запишь	2
запить	запивший	5
запить	запитесь	6
запить	запись	4
списать	списал	17
списать	списа	14
списать	писать	5
списать	списате	12
списать	списашия	1
списать	списат	10
списать	пописат	2
списать	писат	3
списать	списала	13
списать	списали	16
списать	списался	8
списать	списам	7
списать	списав	4
списать	списатесь	6
списать	списаться	0
списать	списать	18
списать	списались	9
списать	списатся	11
списать	списат	15
отсосать	отсосал	17
отсосать	отсосалась	3
отсосать	отсосат	15
отсосать	отсосашия	1
отсосать	отсосашь	2
отсосать	отсосались	9
отсосать	отсосатесь	6
отсосать	отсоса	14
отсосать	отсосатся	11
отсосать	отсосался	8
отсосать	отсосам	7
отсосать	отсосав	4
отсосать	отсосали	16
отсосать	отсосаться	0
отсосать	отсосавший	5
отсосать	отсосате	12
отсосать	отсосать	18
отсосать	отсосала	13
отсосать	отсосат	10
ввести	ввестился	8
ввести	ввестились	9
ввести	ввестись	4
ввести	ввестим	7
ввести	ввестят	10
ввести	ввести	15
ввести	ввести	14
ввести	ввестили	16
ввести	ввести	0
ввести	ввести	6
ввести	ввестивший	5
ввести	ввестилась	3
ввести	ввестишь	2
ввести	ввестения	1
ввести	ввестила	13
ввести	ввести	12
ввести	ввестил	17
ввести	ввести	11
ввести	ввести	18
подслушать	подслушания	1
подслушать	подслушат	10
подслушать	подслушаться	0
подслушать	подслуша	14
подслушать	подслушавший	5
подслушать	подслушал	17
подслушать	подслушался	8
подслушать	подслушат	15
подслушать	подслушалась	3
подслушать	подслушате	12
подслушать	подслушашь	2
подслушать	подслушала	13
подслушать	подслушались	9
подслушать	подслушатся	11
подслушать	подслушав	4
подслушать	подслушатесь	6
подслушать	подслушали	16
подслушать	подслушам	7
подслушать	подслушать	18
раздавить	раздавили	16
раздавить	раздавения	1
раздавить	раздавишь	2
раздавить	раздавил	17
раздавить	раздавите	12
раздавить	раздавит	15
раздавить	раздавились	9
раздавить	раздав	0
раздавить	раздавим	7
раздавить	раздавила	13
раздавить	раздавится	11
раздавить	давит	3
раздавить	раздави	14
раздавить	раздавился	8
раздавить	раздавят	10
раздавить	давить	5
раздавить	раздавить	18
раздавить	раздавитесь	6
раздавить	раздавив	4
присчитать	присчитатесь	6
присчитать	присчитам	7
присчитать	присчятат	10
присчитать	присчиташь	2
присчитать	присчитал	17
присчитать	присчитались	9
присчитать	присчитать	18
присчитать	присчитате	12
присчитать	присчитав	4
присчитать	присчитала	13
присчитать	присчитатся	11
присчитать	присчита	14
присчитать	присчитался	8
присчитать	присчиталась	3
присчитать	присчитали	16
присчитать	присчитат	15
присчитать	присчивший	5
присчитать	присчитаться	0
присчитать	присчеташия	1
разорить	разорите	12
разорить	разорен	2
разорить	разорения	1
разорить	разорил	17
разорить	разориться	0
разорить	разоритесь	6
разорить	разорит	15
разорить	разорились	9
разорить	разори	14
разорить	разорят	10
разорить	разорили	16
разорить	разорим	7
разорить	разорить	18
разорить	разорив	4
разорить	разорится	11
разорить	разорила	13
разорить	оразить	5
разорить	разорился	8
разорить	разорилась	3
подметить	подметивший	5
подметить	подметилась	3
подметить	подметят	10
подметить	подметитесь	6
подметить	подметит	15
подметить	подмети	14
подметить	подметится	11
подметить	подметила	13
подметить	подметишь	2
подметить	подметите	12
подметить	подметения	1
подметить	подметиться	0
подметить	подметились	9
подметить	подметил	17
подметить	подметился	8
подметить	подметив	4
подметить	подметить	18
подметить	подметили	16
подметить	подметим	7
схоронить	схороним	7
схоронить	хоронить	5
схоронить	схоронив	4
схоронить	схоронил	17
схоронить	схоронения	1
схоронить	схоронят	10
схоронить	схоронитесь	6
схоронить	схоронить	18
схоронить	схоронился	8
схоронить	схоронила	13
схоронить	схоронили	16
схоронить	похоронит	2
схоронить	схоронились	9
схоронить	схоронит	15
схоронить	схоронится	11
схоронить	схорони	14
схоронить	схорониться	0
схоронить	схороните	12
схоронить	хоронит	3
прищурить	прищурения	1
прищурить	прищурилась	3
прищурить	прищурились	9
прищурить	прищуритесь	6
прищурить	прищурила	13
прищурить	прищурится	11
прищурить	прищурил	17
прищурить	прищури	14
прищурить	прищурили	16
прищурить	прищурят	10
прищурить	прищурен	2
прищурить	прищурив	4
прищурить	прищурим	7
прищурить	прищуриться	0
прищурить	прищурит	15
прищурить	прищурился	8
прищурить	прищурить	18
прищурить	прищуривший	5
прищурить	прищурите	12
уведомить	уведомивший	5
уведомить	уведомим	7
уведомить	уведомят	10
уведомить	уведомит	15
уведомить	уведомите	12
уведомить	уведомились	9
уведомить	уведомила	13
уведомить	уведомитесь	6
уведомить	уведомили	16
уведомить	уведомения	1
уведомить	уведомив	4
уведомить	уведомился	8
уведомить	уведомилась	3
уведомить	уведомишь	2
уведомить	уведомится	11
уведомить	уведоми	14
уведомить	уведомиться	0
уведомить	уведомил	17
уведомить	уведомить	18
выстоять	выстоять	18
выстоять	выстоялись	9
выстоять	выстоялся	8
выстоять	выстояв	4
выстоять	выстоялась	3
выстоять	выстояться	0
выстоять	выстояла	13
выстоять	выстоят	15
выстоять	выстоям	7
выстоять	выстоятся	11
выстоять	выстояли	16
выстоять	выстоялия	1
выстоять	выстоят	10
выстоять	выстояте	12
выстоять	выстояшь	2
выстоять	выстоя	14
выстоять	выстоятесь	6
выстоять	выстоял	17
выстоять	выстоявший	5
покорить	покорилась	3
покорить	покоритесь	6
покорить	покорили	16
покорить	покоришь	2
покорить	покорят	10
покорить	покорила	13
покорить	покорились	9
покорить	покорите	12
покорить	покори	14
покорить	покорения	1
покорить	покорил	17
покорить	покорился	8
покорить	покорит	15
покорить	покорим	7
покорить	покоривший	5
покорить	покорить	18
покорить	покорись	4
покорить	покориться	0
покорить	покорится	11
обыскать	обыскавший	5
обыскать	обыскатся	11
обыскать	обыскать	18
обыскать	обыскался	8
обыскать	обыскали	16
обыскать	обыскам	7
обыскать	обыскала	13
обыскать	обыскалась	3
обыскать	обыскатесь	6
обыскать	обыскат	15
обыскать	обыскаться	0
обыскать	обыскал	17
обыскать	обыскашь	2
обыскать	обыскав	4
обыскать	обыскате	12
обыскать	обыскалия	1
обыскать	обыскат	10
обыскать	обыска	14
обыскать	обыскались	9
подвести	подвести	18
подвести	подвестились	9
подвести	подвестишь	2
подвести	подвести	11
подвести	подвестился	8
подвести	подвестили	16
подвести	подвести	0
подвести	подвестил	17
подвести	подвестилась	3
подвести	подвести	12
подвести	подвестим	7
подвести	подвести	6
подвести	подвестения	1
подвести	подвестят	10
подвести	подвестила	13
подвести	подвести	14
подвести	подвести	15
подвести	подвестив	4
подвести	подвестивший	5
привнести	привнестился	8
привнести	привнестили	16
привнести	привнестишь	2
привнести	привнестит	15
привнести	привнесения	1
привнести	привнестят	10
привнести	привнестила	13
привнести	привнестите	12
привнести	привнеститесь	6
привнести	привнести	18
привнести	привнеститься	0
привнести	привестивший	5
привнести	привнестится	11
привнести	привнести	14
привнести	привенстилась	3
привнести	привнестив	4
привнести	привнестил	17
привнести	привнестим	7
привнести	привнестились	9
выказать	выказашь	2
выказать	выказат	10
выказать	выказал	17
выказать	выказала	13
выказать	выказат	15
выказать	выказать	18
выказать	выказав	4
выказать	выказались	9
выказать	выказали	16
выказать	выказам	7
выказать	выказатся	11
выказать	выказалась	3
выказать	выказатесь	6
выказать	выказавший	5
выказать	выказаться	0
выказать	выказа	14
выказать	выказался	8
выказать	выказате	12
выказать	выказалия	1
размахнуть	размахнут	15
размахнуть	размахнула	13
размахнуть	размахнения	1
размахнуть	размахнул	17
размахнуть	размахнут	10
размахнуть	размахнулись	9
размахнуть	размахнушь	2
размахнуть	размахнув	4
размахнуть	размахну	7
размахнуть	махмахнувший	5
размахнуть	размахнуться	0
размахнуть	размахнутесь	6
размахнуть	размахнулся	8
размахнуть	размахнули	16
размахнуть	размахнутся	11
размахнуть	размахнуть	18
размахнуть	размахнуте	12
размахнуть	размахнулась	3
размахнуть	размахну	14
отгадать	отгадатесь	6
отгадать	отгада	14
отгадать	отгадам	7
отгадать	отгадался	8
отгадать	отгадал	17
отгадать	отгадали	16
отгадать	отгадала	13
отгадать	отгадатся	11
отгадать	отгадаения	1
отгадать	отгадашь	2
отгадать	отгадате	12
отгадать	отгадаться	0
отгадать	отгадавший	5
отгадать	отгадав	4
отгадать	отгадать	18
отгадать	отгадались	9
отгадать	отгадат	15
отгадать	отгадалась	3
отгадать	отгадат	10
раздобыть	раздобылась	3
раздобыть	раздобы	14
раздобыть	раздобытся	11
раздобыть	раздобыте	12
раздобыть	раздобылся	8
раздобыть	раздобытесь	6
раздобыть	раздобым	7
раздобыть	раздобыв	4
раздобыть	раздобышь	2
раздобыть	раздобыться	0
раздобыть	раздобыт	10
раздобыть	раздобыли	16
раздобыть	раздобыл	17
раздобыть	раздобыть	18
раздобыть	раздобыла	13
раздобыть	раздобыт	15
раздобыть	добыть	5
раздобыть	раздобылия	1
раздобыть	раздобылись	9
укротить	укротил	17
укротить	укротись	4
укротить	укротивший	5
укротить	укротилась	3
укротить	укротила	13
укротить	укротиться	0
укротить	укротились	9
укротить	укротят	10
укротить	укротится	11
укротить	укротили	16
укротить	укроту	7
укротить	укротился	8
укротить	укротит	15
укротить	укротитесь	6
укротить	укротишь	2
укротить	укроти	14
укротить	укротить	18
укротить	укротите	12
укротить	укротения	1
вобрать	вобрал	17
вобрать	вобраться	0
вобрать	вобратся	11
вобрать	вобралия	1
вобрать	вобрать	18
вобрать	вобравший	5
вобрать	вобрала	13
вобрать	вобра	14
вобрать	вобратесь	6
вобрать	вобрались	9
вобрать	вобралась	3
вобрать	вобрам	7
вобрать	вобрашь	2
вобрать	вобрате	12
вобрать	вобрат	15
вобрать	вобрав	4
вобрать	вобрался	8
вобрать	вобрат	10
вобрать	вобрали	16
усыновить	усыновения	1
усыновить	усыновит	15
усыновить	усынови	14
усыновить	усыновитесь	6
усыновить	усыновила	13
усыновить	усыновите	12
усыновить	усыновили	16
усыновить	усыновилась	3
усыновить	усыновить	18
усыновить	усыновим	7
усыновить	усыновиться	0
усыновить	усыновят	10
усыновить	усыновились	9
усыновить	усыновишь	2
усыновить	усыновится	11
усыновить	усыновил	17
усыновить	усыновив	4
усыновить	усыновился	8
усыновить	усыновивший	5
сразить	сразить	18
сразить	разит	3
сразить	сразится	11
сразить	разить	5
сразить	сразились	9
сразить	сразитесь	6
сразить	поразит	2
сразить	сразила	13
сразить	сразился	8
сразить	сразил	17
сразить	сразись	4
сразить	сразим	7
сразить	сразения	1
сразить	срази	14
сразить	сразиться	0
сразить	сразите	12
сразить	сразили	16
сразить	сразят	10
сразить	сразит	15
отсечь	отсечь	4
отсечь	отсечь	9
отсечь	отсечь	16
отсечь	отсечь	13
отсечь	отсечь	2
отсечь	отсечу	7
отсечь	отсечься	0
отсечь	отсечь	6
отсечь	отсечь	12
отсечь	отсечят	10
отсечь	отсечь	14
отсечь	отсечь	3
отсечь	отсечь	15
отсечь	отсечения	1
отсечь	отсечь	17
отсечь	отсечий	5
отсечь	отсечь	18
отсечь	отсечь	11
отсечь	отсечялся	8
загадить	загадите	12
загадить	загадитесь	6
загадить	загадит	15
загадить	загадив	4
загадить	загадения	1
загадить	загадят	10
загадить	загадилась	3
загадить	загадиться	0
загадить	загадились	9
загадить	загадишь	2
загадить	загадила	13
загадить	загадили	16
загадить	загадился	8
загадить	загадил	17
загадить	загадим	7
загадить	загади	14
загадить	загадивший	5
загадить	загадить	18
загадить	загадится	11
накормить	накормим	7
накормить	накормите	12
накормить	накормили	16
накормить	накормил	17
накормить	накормишь	2
накормить	накормился	8
накормить	накормиться	0
накормить	накормитесь	6
накормить	накормилась	3
накормить	накормились	9
накормить	накормения	1
накормить	накормивший	5
накормить	накорми	14
накормить	накормит	15
накормить	накормила	13
накормить	накормить	18
накормить	накормят	10
накормить	накормится	11
накормить	накормив	4
помотать	помотат	10
помотать	помоташь	2
помотать	помоталия	1
помотать	помотавший	5
помотать	помотала	13
помотать	помотали	16
помотать	помотатся	11
помотать	помотам	7
помотать	помотав	4
помотать	помотать	18
помотать	помотал	17
помотать	помотате	12
помотать	помотатесь	6
помотать	помотался	8
помотать	помотаться	0
помотать	помотались	9
помотать	помоталась	3
помотать	помота	14
помотать	помотат	15
переговорить	переговорите	12
переговорить	переговорим	7
переговорить	переговорит	15
переговорить	переговорить	18
переговорить	переговорились	9
переговорить	переговорится	11
переговорить	переговориться	0
переговорить	переговорилась	3
переговорить	переговоривший	5
переговорить	переговоритесь	6
переговорить	переговорился	8
переговорить	переговорив	4
переговорить	переговорила	13
переговорить	переговори	14
переговорить	переговорили	16
переговорить	переговорил	17
переговорить	переговоришь	2
переговорить	переговорения	1
переговорить	переговорят	10
отразить	отразим	7
отразить	отразились	9
отразить	отразитесь	6
отразить	отразите	12
отразить	отразения	1
отразить	отразить	18
отразить	отразивший	5
отразить	отразил	17
отразить	отразит	15
отразить	отразят	10
отразить	отразилась	3
отразить	отразишь	2
отразить	отразив	4
отразить	отразили	16
отразить	отрази	14
отразить	отразился	8
отразить	отразиться	0
отразить	отразила	13
отразить	отразится	11
срубить	срубят	10
срубить	срубил	17
срубить	рубить	5
срубить	срубу	7
срубить	срубит	15
срубить	срубения	1
срубить	срубился	8
срубить	срубишь	2
срубить	срубитесь	6
срубить	срубились	9
срубить	срубив	4
срубить	срубите	12
срубить	срубили	16
срубить	сруби	14
срубить	рубит	3
срубить	срубила	13
срубить	срубится	11
срубить	срубить	18
срубить	срубиться	0
забрызгать	забрызгатся	11
забрызгать	забрызгала	13
забрызгать	забрызгат	10
забрызгать	забрызгаться	0
забрызгать	забрызга	14
забрызгать	забрызгат	15
забрызгать	забрызгалия	1
забрызгать	забрызгали	16
забрызгать	забрызгалась	3
забрызгать	забрызгашь	2
забрызгать	забрызгатесь	6
забрызгать	забрызгате	12
забрызгать	забрызгался	8
забрызгать	забрызгав	4
забрызгать	забрызгал	17
забрызгать	забрызгались	9
забрызгать	забрызгать	18
забрызгать	забрызгам	7
забрызгать	забрызгавший	5
сковать	сковавший	5
сковать	сковате	12
сковать	сковатся	11
сковать	сковать	18
сковать	сковам	7
сковать	сковался	8
сковать	сковашь	2
сковать	сковал	17
сковать	сковаться	0
сковать	сковатесь	6
сковать	сковав	4
сковать	сковат	15
сковать	сковалия	1
сковать	сковали	16
сковать	сковала	13
сковать	сковат	10
сковать	сковались	9
сковать	скова	14
сковать	сковалась	3
разжать	разжате	12
разжать	жать	5
разжать	разжались	9
разжать	разжав	4
разжать	разжат	15
разжать	разжать	18
разжать	разжаться	0
разжать	жат	3
разжать	разжалия	1
разжать	разжат	10
разжать	разжался	8
разжать	разжа	14
разжать	разжашь	2
разжать	разжатесь	6
разжать	разжали	16
разжать	разжатся	11
разжать	разжал	17
разжать	разжала	13
разжать	разжам	7
подъять	подъялся	8
подъять	подъялась	3
подъять	подъятесь	6
подъять	подъявший	5
подъять	подъяв	4
подъять	подъяла	13
подъять	подъятся	11
подъять	подъяться	0
подъять	подъят	15
подъять	подъяте	12
подъять	подъялись	9
подъять	подъям	7
подъять	подъя	14
подъять	подъяли	16
подъять	подъялия	1
подъять	подъят	10
подъять	подъял	17
подъять	подъяшь	2
подъять	подъять	18
разочаровать	разочаровам	7
разочаровать	разочароватся	11
разочаровать	разочаровения	1
разочаровать	разочаровалась	3
разочаровать	разочароват	15
разочаровать	разочаровашь	2
разочаровать	разочароваться	0
разочаровать	очарочававший	5
разочаровать	разочаровался	8
разочаровать	разочаровать	18
разочаровать	разочаровате	12
разочаровать	разочарова	14
разочаровать	разочаровал	17
разочаровать	разочаровались	9
разочаровать	разочаровали	16
разочаровать	разочаровят	10
разочаровать	разочаровала	13
разочаровать	разочаровав	4
разочаровать	разочароватесь	6
смирить	смирите	12
смирить	смирен	2
смирить	мирить	5
смирить	смирились	9
смирить	смирят	10
смирить	смиритесь	6
смирить	смиру	7
смирить	смири	14
смирить	смириться	0
смирить	мирит	3
смирить	смирения	1
смирить	смирился	8
смирить	смирится	11
смирить	смирили	16
смирить	смирись	4
смирить	смирила	13
смирить	смирил	17
смирить	смирить	18
смирить	смирит	15
подмести	подместился	8
подмести	подместивший	5
подмести	подмести	15
подмести	подместив	4
подмести	подмести	18
подмести	подмести	0
подмести	подмести	11
подмести	подместения	1
подмести	подместил	17
подмести	подместим	7
подмести	подмести	6
подмести	подместилась	3
подмести	подместили	16
подмести	подмести	12
подмести	подместились	9
подмести	подмести	14
подмести	подместишь	2
подмести	подместят	10
подмести	подместила	13
захватить	захватив	4
захватить	захватите	12
захватить	захватился	8
захватить	захвати	14
захватить	захватим	7
захватить	захватилась	3
захватить	захватишь	2
захватить	захватиться	0
захватить	захватила	13
захватить	захватит	15
захватить	захватится	11
захватить	захватитесь	6
захватить	захватил	17
захватить	захватят	10
захватить	захватились	9
захватить	захватили	16
захватить	захватения	1
захватить	захватить	18
захватить	захвативший	5
подытожить	подытожила	13
подытожить	подытожить	18
подытожить	подытожив	4
подытожить	подытожитесь	6
подытожить	подытожится	11
подытожить	подытожят	10
подытожить	подытожи	14
подытожить	подытожишь	2
подытожить	подытожения	1
подытожить	подытожиться	0
подытожить	подытожились	9
подытожить	подытоживший	5
подытожить	подытожил	17
подытожить	подытожили	16
подытожить	подытожит	15
подытожить	подытожите	12
подытожить	подытожилась	3
подытожить	подытожился	8
подытожить	подытожу	7
пронзить	пронзения	1
пронзить	пронзивший	5
пронзить	пронзится	11
пронзить	пронзим	7
пронзить	пронзил	17
пронзить	пронзите	12
пронзить	пронзиться	0
пронзить	пронзилась	3
пронзить	пронзила	13
пронзить	пронзили	16
пронзить	пронзят	10
пронзить	пронзитесь	6
пронзить	пронзит	15
пронзить	пронзи	14
пронзить	пронзился	8
пронзить	пронзив	4
пронзить	пронзен	2
пронзить	пронзить	18
пронзить	пронзились	9
разукрасить	разукрасили	16
разукрасить	разукрасит	15
разукрасить	разукрасения	1
разукрасить	разукрасил	17
разукрасить	украсит	3
разукрасить	разукрасила	13
разукрасить	разукрасите	12
разукрасить	разукраситесь	6
разукрасить	разукрасив	4
разукрасить	разукрасились	9
разукрасить	разукраси	14
разукрасить	украсить	5
разукрасить	разукрасят	10
разукрасить	разукраситься	0
разукрасить	разукрасился	8
разукрасить	разукрасить	18
разукрасить	разукрасится	11
разукрасить	разукрасим	7
разукрасить	разукрасишь	2
отвергнуть	отвергнуться	0
отвергнуть	отвергнул	17
отвергнуть	отвергнулась	3
отвергнуть	отвергнув	4
отвергнуть	отвергну	7
отвергнуть	отвергнутесь	6
отвергнуть	отвергнулись	9
отвергнуть	отвергнулия	1
отвергнуть	отвергнула	13
отвергнуть	отвергнут	15
отвергнуть	отвергнуте	12
отвергнуть	отвергнушь	2
отвергнуть	отвергнули	16
отвергнуть	отвергну	14
отвергнуть	отвергнувший	5
отвергнуть	отвергнутся	11
отвергнуть	отвергнуть	18
отвергнуть	отвергнут	10
отвергнуть	отвергнулся	8
замочить	замочи	14
замочить	замочились	9
замочить	замочивший	5
замочить	замочу	7
замочить	замочите	12
замочить	замочилась	3
замочить	замочит	15
замочить	замочитесь	6
замочить	замочили	16
замочить	замочился	8
замочить	замочен	2
замочить	замочив	4
замочить	замочить	18
замочить	замочится	11
замочить	замочиться	0
замочить	замочения	1
замочить	замочят	10
замочить	замочила	13
замочить	замочил	17
явить	явил	17
явить	явит	15
явить	явился	8
явить	явят	10
явить	явения	1
явить	явитесь	6
явить	явивший	5
явить	явим	7
явить	яви	14
явить	явиться	0
явить	явишь	2
явить	явилась	3
явить	явись	4
явить	явила	13
явить	явится	11
явить	явите	12
явить	явить	18
явить	явили	16
явить	явились	9
оживить	оживив	4
оживить	оживитесь	6
оживить	оживил	17
оживить	оживят	10
оживить	ожив	0
оживить	оживился	8
оживить	оживилась	3
оживить	оживите	12
оживить	ожививший	5
оживить	оживить	18
оживить	оживила	13
оживить	оживит	15
оживить	оживили	16
оживить	оживились	9
оживить	оживи	14
оживить	оживишь	2
оживить	оживения	1
оживить	оживу	7
оживить	оживится	11
избавить	избавишь	2
избавить	избавились	9
избавить	избавивший	5
избавить	избавили	16
избавить	избавим	7
избавить	избавиться	0
избавить	избавил	17
избавить	избавить	18
избавить	избавят	10
избавить	избавит	15
избавить	избавился	8
избавить	избавите	12
избавить	избавив	4
избавить	избавится	11
избавить	избавения	1
избавить	избавила	13
избавить	избавитесь	6
избавить	избави	14
избавить	избавилась	3
прогреть	прогрения	1
прогреть	прогрется	11
прогреть	прогрелся	8
прогреть	прогрет	10
прогреть	прогре	14
прогреть	прогрет	15
прогреть	прогрелись	9
прогреть	прогреть	18
прогреть	прогрели	16
прогреть	прогрев	4
прогреть	прогретесь	6
прогреть	прогревший	5
прогреть	прогрем	7
прогреть	прогрела	13
прогреть	прогрел	17
прогреть	прогрете	12
прогреть	прогреться	0
прогреть	прогрелась	3
прогреть	прогрен	2
умножить	умножитесь	6
умножить	умножить	18
умножить	умножи	14
умножить	умножят	10
умножить	умножишь	2
умножить	умножились	9
умножить	умножит	15
умножить	умножили	16
умножить	умножится	11
умножить	умножила	13
умножить	умножилась	3
умножить	умножился	8
умножить	умножения	1
умножить	умножите	12
умножить	умноживший	5
умножить	умножив	4
умножить	умножил	17
умножить	умножу	7
умножить	умножиться	0
выдернуть	выдернувший	5
выдернуть	выдернуть	18
выдернуть	выдернулся	8
выдернуть	выдернув	4
выдернуть	выдерну	7
выдернуть	выдернутся	11
выдернуть	выдернул	17
выдернуть	выдернуться	0
выдернуть	выдернули	16
выдернуть	выдернутесь	6
выдернуть	выдернуте	12
выдернуть	выдернула	13
выдернуть	выдернут	10
выдернуть	выдерну	14
выдернуть	выдернушь	2
выдернуть	выдернут	15
выдернуть	выдернулия	1
выдернуть	выдернулась	3
выдернуть	выдернулись	9
