contener	contenernos	8
contener	contenerme	14
contener	contenendo	22
contener	contener	28
contener	contenio	20
contener	contenerán	3
contener	contenerla	6
contener	conteneré	9
contener	contenes	5
contener	conteneba	12
contener	contenemos	25
contener	contenen	17
contener	contene	26
contener	contenerían	1
contener	contenerá	27
contener	contenerás	10
contener	conteneremos	7
contener	contenerlos	15
contener	contenería	19
contener	conteneban	13
contener	contenerse	24
contener	contenió	18
contener	contenerlo	16
contener	contene	21
contener	contenieron	4
contener	contenera	11
contener	contenen	23
contener	contenido	0
contener	conteneran	2
esleír	esleía	28
esleír	esleído	0
esleír	esleíamos	25
esleír	esleíó	18
esleír	esleía	19
esleír	esleía	26
esleír	esleía	9
esleír	esleían	23
esleír	esleía	7
esleír	esleía	4
esleír	esleía	11
esleír	esleía	16
esleír	esleías	5
esleír	esleían	2
esleír	esleíando	22
esleír	esleían	3
esleír	esleía	10
esleír	esleía	8
esleír	esleía	24
esleír	esleía	21
esleír	esleía	27
esleír	esleían	1
esleír	esleían	17
esleír	esleía	14
esleír	esleía	12
esleír	esleía	15
esleír	esleían	13
esleír	esleía	6
esleír	esleío	20
abrir	abriremos	7
abrir	abriban	13
abrir	abría	4
abrir	abrirían	1
abrir	abrir	28
abrir	abrirla	6
abrir	abriría	19
abrir	abrirnos	8
abrir	abrirme	14
abrir	abrira	11
abrir	abrirá	27
abrir	abrin	23
abrir	abrirás	10
abrir	abrirse	24
abrir	abriré	9
abrir	abrido	0
abrir	abriba	12
abrir	abrirlo	16
abrir	abrimos	25
abrir	abri	26
abrir	abrindo	22
abrir	abridos	5
abrir	abrirlos	15
abrir	abriste	2
abrir	abrin	17
abrir	abrió	18
abrir	abrio	20
abrir	abrirán	3
abrir	abrie	21
derruir	derruirme	14
derruir	derrui	26
derruir	derruira	11
derruir	derruindo	22
derruir	derruirá	27
derruir	derruirán	3
derruir	derruie	21
derruir	derruien	17
derruir	derruidos	5
derruir	derruiste	2
derruir	derruiremos	7
derruir	derruiré	9
derruir	derruimos	25
derruir	derruirse	24
derruir	derruiría	19
derruir	derruiban	13
derruir	derruirían	1
derruir	derruió	18
derruir	derruirlo	16
derruir	derruio	20
derruir	derruirás	10
derruir	derruirnos	8
derruir	derruir	28
derruir	derruin	23
derruir	derruirlos	15
derruir	derruiba	12
derruir	derruía	4
derruir	derruido	0
derruir	derruirla	6
recibir	recibirá	27
recibir	recibirnos	8
recibir	recibir	28
recibir	recibindo	22
recibir	recibía	18
recibir	recibiría	19
recibir	recibirlo	16
recibir	recibirán	3
recibir	recibirme	14
recibir	recibimos	25
recibir	recibiste	2
recibir	recibiremos	7
recibir	recibira	11
recibir	recibiré	9
recibir	recibin	23
recibir	recibirían	1
recibir	recibie	21
recibir	recibio	20
recibir	recibirás	10
recibir	recibien	17
recibir	recibidos	5
recibir	recibiban	13
recibir	recibi	26
recibir	recibirse	24
recibir	recibiba	12
recibir	recibirla	6
recibir	recibía	4
recibir	recibido	0
recibir	recibirlos	15
despedazar	despedazan	23
despedazar	despedazarme	14
despedazar	despedazara	11
despedazar	despedazé	1
despedazar	despedazaremos	7
despedazar	despedazaré	9
despedazar	despedazarlos	15
despedazar	despedazaron	4
despedazar	despedazarás	10
despedazar	despedazaría	19
despedazar	despedaze	21
despedazar	despedazaban	13
despedazar	despedazarlo	16
despedazar	despedazarse	24
despedazar	despedazarán	3
despedazar	despedaza	26
despedazar	despedazarnos	8
despedazar	despedazaran	2
despedazar	despedazarla	6
despedazar	despedazaba	12
despedazar	despedazen	17
despedazar	despedazar	28
despedazar	despedazado	0
despedazar	despedazados	5
despedazar	despedazamos	25
despedazar	despedazando	22
despedazar	despedazará	27
despedazar	despedazó	18
despedazar	despedazo	20
gobernar	gobernado	0
gobernar	gobernados	5
gobernar	gobernando	22
gobernar	gobernarían	1
gobernar	gobernarse	24
gobernar	gobernan	23
gobernar	gobernaremos	7
gobernar	goberne	21
gobernar	gobernará	27
gobernar	gobernó	18
gobernar	gobernamos	25
gobernar	gobernarnos	8
gobernar	goberna	26
gobernar	gobernaba	12
gobernar	gobernara	11
gobernar	gobernarán	3
gobernar	gobernaron	4
gobernar	gobernarás	10
gobernar	gobernaré	9
gobernar	gobernaría	19
gobernar	gobernaran	2
gobernar	gobernarlo	16
gobernar	gobernarla	6
gobernar	gobernarme	14
gobernar	gobernen	17
gobernar	gobernarlos	15
gobernar	goberno	20
gobernar	gobernaban	13
gobernar	gobernar	28
anotar	anotamos	25
anotar	anote	21
anotar	anotando	22
anotar	anotaron	4
anotar	anotado	0
anotar	anotarme	14
anotar	anoten	17
anotar	anotar	28
anotar	anotaría	19
anotar	anota	26
anotar	anotaban	13
anotar	anotarse	24
anotar	anotó	18
anotar	anotarlo	16
anotar	anotaba	12
anotar	anotaran	2
anotar	anotarnos	8
anotar	anotarla	6
anotar	anotará	27
anotar	anoto	20
anotar	anotados	5
anotar	anotarlos	15
anotar	anotarán	3
anotar	anotarás	10
anotar	anotaremos	7
anotar	anoté	1
anotar	anotaré	9
anotar	anotan	23
anotar	anotara	11
bendecir	bendecirán	3
bendecir	bendecidos	5
bendecir	bendeciremos	7
bendecir	bendecimos	25
bendecir	bendecira	11
bendecir	bendeciré	9
bendecir	bendecin	23
bendecir	bendecirás	10
bendecir	bendeciría	19
bendecir	bendeciba	12
bendecir	bendecirían	1
bendecir	bendeció	18
bendecir	bendeciste	2
bendecir	bendecirla	6
bendecir	bendecirlos	15
bendecir	bendecirnos	8
bendecir	bendecido	0
bendecir	bendecindo	22
bendecir	bendecirlo	16
bendecir	bendeciban	13
bendecir	bendecio	20
bendecir	bendecía	4
bendecir	bendeci	26
bendecir	bendecirse	24
bendecir	bendecir	28
bendecir	bendecirme	14
bendecir	bendecirá	27
bendecir	bendecie	21
bendecir	bendecien	17
delinear	delineara	11
delinear	delinearse	24
delinear	delinearon	4
delinear	delinearé	9
delinear	delineando	22
delinear	delinearlos	15
delinear	delinearla	6
delinear	delineado	0
delinear	delinearás	10
delinear	delinearnos	8
delinear	delinearan	2
delinear	delineaba	12
delinear	deline	21
delinear	delineaban	13
delinear	delinearía	19
delinear	delinearlo	16
delinear	delineó	18
delinear	delinearemos	7
delinear	delinean	23
delinear	delinemos	25
delinear	delinen	17
delinear	delineará	27
delinear	delinearme	14
delinear	delineo	20
delinear	delineados	5
delinear	delinear	28
delinear	delinearán	3
delinear	delinea	26
delinear	delineé	1
expulsar	expulsen	17
expulsar	expulsaré	9
expulsar	expulsé	1
expulsar	expulsarme	14
expulsar	expulsamos	25
expulsar	expulsaría	19
expulsar	expulsan	23
expulsar	expulsarla	6
expulsar	expulsarás	10
expulsar	expulso	20
expulsar	expulsarnos	8
expulsar	expulsarlos	15
expulsar	expulsarlo	16
expulsar	expulsa	26
expulsar	expulsó	18
expulsar	expulsando	22
expulsar	expulsaremos	7
expulsar	expulsaban	13
expulsar	expulsaron	4
expulsar	expulsado	0
expulsar	expulses	3
expulsar	expulsados	5
expulsar	expulse	21
expulsar	expulsaran	2
expulsar	expulsar	28
expulsar	expulsará	27
expulsar	expulsarse	24
expulsar	expulsaba	12
expulsar	expulsara	11
ficcionar	ficicionen	17
ficcionar	ficicionará	27
ficcionar	ficicionan	23
ficcionar	ficicionarnos	8
ficcionar	ficicionara	11
ficcionar	ficicionarlo	16
ficcionar	ficicionaron	4
ficcionar	ficicionarse	24
ficcionar	ficicionarán	3
ficcionar	ficicionar	28
ficcionar	ficicionaría	19
ficcionar	ficiciono	20
ficcionar	ficicionarme	14
ficcionar	ficiciona	26
ficcionar	ficicionaremos	7
ficcionar	ficicionas	5
ficcionar	ficicionarla	6
ficcionar	ficicionó	18
ficcionar	ficicionarían	1
ficcionar	ficicionaré	9
ficcionar	ficicionamos	25
ficcionar	ficicionaban	13
ficcionar	ficicionarlos	15
ficcionar	ficicionando	22
ficcionar	ficicione	21
ficcionar	ficicionado	0
ficcionar	ficicionaba	12
ficcionar	ficicionarás	10
ficcionar	ficicionaran	2
administrar	administrado	0
administrar	administrarme	14
administrar	administren	17
administrar	administramos	25
administrar	administrarán	3
administrar	administrarse	24
administrar	administró	18
administrar	administrando	22
administrar	administrarás	10
administrar	administraba	12
administrar	administraban	13
administrar	administraré	9
administrar	administraremos	7
administrar	administrarnos	8
administrar	administrarlos	15
administrar	administrarla	6
administrar	administraría	19
administrar	administrarlo	16
administrar	administran	23
administrar	administre	21
administrar	administro	20
administrar	administrados	5
administrar	administrar	28
administrar	administra	26
administrar	administré	1
administrar	administrara	11
administrar	administraron	4
administrar	administraran	2
administrar	administrará	27
desencajar	desencajarlo	16
desencajar	desencajado	0
desencajar	desencajes	3
desencajar	desencajarnos	8
desencajar	desencajan	23
desencajar	desencajarlos	15
desencajar	desencajarme	14
desencajar	desencajaremos	7
desencajar	desencajando	22
desencajar	desencajaré	9
desencajar	desencaje	21
desencajar	desencajaría	19
desencajar	desencajar	28
desencajar	desencaja	26
desencajar	desencajé	1
desencajar	desencajen	17
desencajar	desencajó	18
desencajar	desencajarla	6
desencajar	desencajara	11
desencajar	desencajaba	12
desencajar	desencajará	27
desencajar	desencajados	5
desencajar	desencajaban	13
desencajar	desencajaron	4
desencajar	desencajo	20
desencajar	desencajamos	25
desencajar	desencajarse	24
desencajar	desencajarás	10
desencajar	desencajaran	2
preparar	preparados	5
preparar	prepararnos	8
preparar	preparen	17
preparar	preparando	22
preparar	preparaban	13
preparar	preparé	1
preparar	prepararon	4
preparar	prepararlo	16
preparar	preparó	18
preparar	preparar	28
preparar	preparaba	12
preparar	preparo	20
preparar	prepararlos	15
preparar	prepararla	6
preparar	prepares	3
preparar	prepararse	24
preparar	preparamos	25
preparar	prepararan	2
preparar	prepara	26
preparar	prepararía	19
preparar	preparado	0
preparar	prepararás	10
preparar	prepare	21
preparar	prepararé	9
preparar	prepararemos	7
preparar	preparara	11
preparar	preparará	27
preparar	preparan	23
preparar	prepararme	14
embanderar	embanderará	27
embanderar	embanderarán	3
embanderar	embanderarnos	8
embanderar	embandera	26
embanderar	embanderado	0
embanderar	embanderen	17
embanderar	embanderé	1
embanderar	embandere	21
embanderar	embanderar	28
embanderar	embanderarlos	15
embanderar	embanderaremos	7
embanderar	embanderarlo	16
embanderar	embanderarla	6
embanderar	embanderarse	24
embanderar	embanderamos	25
embanderar	embanderó	18
embanderar	embandero	20
embanderar	embanderaba	12
embanderar	embanderan	23
embanderar	embanderarme	14
embanderar	embanderados	5
embanderar	embanderara	11
embanderar	embanderaría	19
embanderar	embanderaban	13
embanderar	embanderando	22
embanderar	embanderaron	4
embanderar	embanderaran	2
embanderar	embanderaré	9
embanderar	embanderarás	10
huir	huiban	13
huir	huie	21
huir	huirnos	8
huir	huirla	6
huir	huirás	10
huir	huis	5
huir	huindo	22
huir	huiría	19
huir	huimos	25
huir	huirá	27
huir	huien	17
huir	huiste	2
huir	huio	20
huir	huiremos	7
huir	huir	28
huir	huido	0
huir	huirse	24
huir	hui	26
huir	huirlo	16
huir	huiré	9
huir	huiba	12
huir	huió	18
huir	huin	23
huir	huía	4
huir	huirme	14
huir	huira	11
huir	huirán	3
huir	huirían	1
huir	huirlos	15
alear	aleará	27
alear	alearemos	7
alear	alearía	19
alear	alearme	14
alear	aleo	20
alear	alearla	6
alear	alearlos	15
alear	aleando	22
alear	alee	21
alear	alean	23
alear	alear	28
alear	alearlo	16
alear	alearon	4
alear	aleaste	2
alear	aleado	0
alear	aleamos	25
alear	alearán	3
alear	aleaban	13
alear	alearás	10
alear	alearse	24
alear	aleas	5
alear	aleen	17
alear	alearé	9
alear	alea	26
alear	aleaba	12
alear	aleara	11
alear	aleé	1
alear	aleó	18
alear	alearnos	8
aparecer	aparecerla	6
aparecer	apareces	5
aparecer	aparece	26
aparecer	apareció	18
aparecer	aparecen	17
aparecer	aparecendo	22
aparecer	aparecerán	3
aparecer	aparecerlo	16
aparecer	aparecemos	25
aparecer	apareceban	13
aparecer	aparecieron	4
aparecer	aparecería	19
aparecer	aparecerá	27
aparecer	aparecio	20
aparecer	aparece	21
aparecer	aparecerlos	15
aparecer	apareceran	2
aparecer	aparecer	28
aparecer	apareceré	9
aparecer	aparecen	23
aparecer	aparecera	11
aparecer	aparecerme	14
aparecer	apareceremos	7
aparecer	aparecerían	1
aparecer	aparecernos	8
aparecer	aparecerás	10
aparecer	aparecido	0
aparecer	apareceba	12
aparecer	aparecerse	24
trasparentar	trasparntas	5
trasparentar	trasparentaron	4
trasparentar	trasparntearan	2
trasparentar	trasparnte	21
trasparentar	trasparntaría	19
trasparentar	trasparonto	20
trasparentar	trasparntarlos	15
trasparentar	trasparntando	22
trasparentar	trasparen	3
trasparentar	trasparntarme	14
trasparentar	trasparntarlo	16
trasparentar	trasparntaré	9
trasparentar	trasparntar	28
trasparentar	trasparntarnos	8
trasparentar	trasparentarás	10
trasparentar	trasparntamos	25
trasparentar	trasparen	12
trasparentar	trasparntarse	24
trasparentar	trasparntaban	13
trasparentar	trasparentaremos	7
trasparentar	trasparnta	26
trasparentar	trasparntan	23
trasparentar	trasparntara	11
trasparentar	trasparntarla	6
trasparentar	trasparntará	27
trasparentar	trasparen	17
trasparentar	trasparntarían	1
trasparentar	trasparntó	18
trasparentar	trasparentado	0
oler	olieron	4
oler	olemos	25
oler	oles	5
oler	oleré	9
oler	olio	20
oler	olerlos	15
oler	olió	18
oler	olernos	8
oler	ole	26
oler	olerían	1
oler	olen	23
oler	olerme	14
oler	olerá	27
oler	oleremos	7
oler	olendo	22
oler	olerse	24
oler	oler	28
oler	ole	21
oler	olerlo	16
oler	oleran	2
oler	olerla	6
oler	olerás	10
oler	olido	0
oler	oleba	12
oler	olen	17
oler	olera	11
oler	olería	19
oler	oleban	13
oler	olerán	3
somatizar	somatizarse	24
somatizar	somatizarás	10
somatizar	somatiza	26
somatizar	somatizando	22
somatizar	somatizarán	3
somatizar	somatizarla	6
somatizar	somatizan	23
somatizar	somatizamos	25
somatizar	somatizar	28
somatizar	somatizará	27
somatizar	somatizarme	14
somatizar	somatizaban	13
somatizar	somatizarlos	15
somatizar	somatizaré	9
somatizar	somatizara	11
somatizar	somatizo	20
somatizar	somatizarlo	16
somatizar	somatizaremos	7
somatizar	somatizaron	4
somatizar	somatizados	5
somatizar	somatizaran	2
somatizar	somatizé	1
somatizar	somatizaba	12
somatizar	somatizen	17
somatizar	somatizó	18
somatizar	somatizaría	19
somatizar	somatize	21
somatizar	somatizarnos	8
somatizar	somatizado	0
engañar	engañará	27
engañar	engañarás	10
engañar	engañando	22
engañar	engañan	23
engañar	engañaban	13
engañar	engañó	18
engañar	engañarla	6
engañar	engañaste	2
engañar	engañarse	24
engañar	engaña	26
engañar	engañamos	25
engañar	engañarlo	16
engañar	engañarme	14
engañar	engañaremos	7
engañar	engañarlos	15
engañar	engañaron	4
engañar	engañara	11
engañar	engañados	5
engañar	engañar	28
engañar	engañaría	19
engañar	engañado	0
engañar	engaño	20
engañar	engañaba	12
engañar	engañarnos	8
engañar	engañen	17
engañar	engañarán	3
engañar	engañaré	9
engañar	engañe	21
engañar	engañé	1
saltar	saltarme	14
saltar	saltará	27
saltar	saltó	18
saltar	saltarlo	16
saltar	salte	21
saltar	saltarnos	8
saltar	saltara	11
saltar	saltarás	10
saltar	saltarse	24
saltar	salté	1
saltar	salto	20
saltar	saltarla	6
saltar	saltaban	13
saltar	saltado	0
saltar	saltaron	4
saltar	saltan	23
saltar	saltaremos	7
saltar	saltamos	25
saltar	saltarlos	15
saltar	salta	26
saltar	saltaré	9
saltar	saltarán	3
saltar	saltaría	19
saltar	saltas	5
saltar	saltando	22
saltar	saltar	28
saltar	salten	17
saltar	saltaran	2
saltar	saltaba	12
sangrar	sangré	1
sangrar	sangrarlos	15
sangrar	sangrarla	6
sangrar	sangrar	28
sangrar	sangrarán	3
sangrar	sangrando	22
sangrar	sangrados	5
sangrar	sangraría	19
sangrar	sangramos	25
sangrar	sangro	20
sangrar	sangrado	0
sangrar	sangraban	13
sangrar	sangrarás	10
sangrar	sangró	18
sangrar	sangrarlo	16
sangrar	sangraron	4
sangrar	sangraré	9
sangrar	sangra	26
sangrar	sangraste	2
sangrar	sangrarse	24
sangrar	sangran	23
sangrar	sangrará	27
sangrar	sangrara	11
sangrar	sangrarme	14
sangrar	sangraba	12
sangrar	sangrarnos	8
sangrar	sangre	21
sangrar	sangraremos	7
sangrar	sangren	17
resurgir	resurgía	4
resurgir	resurgir	28
resurgir	resurgirme	14
resurgir	resurgiremos	7
resurgir	resurgimos	25
resurgir	resurgio	20
resurgir	resurgiban	13
resurgir	resurgiste	2
resurgir	resurgin	23
resurgir	resurgirlo	16
resurgir	resurgie	21
resurgir	resurgirla	6
resurgir	resurgirás	10
resurgir	resurgirse	24
resurgir	resurgiba	12
resurgir	resurgirán	3
resurgir	resurgió	18
resurgir	resurgira	11
resurgir	resurgindo	22
resurgir	resurgi	26
resurgir	resurgiría	19
resurgir	resurgirlos	15
resurgir	resurgiré	9
resurgir	resurgirá	27
resurgir	resurgido	0
resurgir	resurgidos	5
resurgir	resurgien	17
resurgir	resurgirnos	8
resurgir	resurgirían	1
perseguir	persegui	26
perseguir	perseguió	18
perseguir	perseguía	4
perseguir	perseguirse	24
perseguir	perseguir	28
perseguir	perseguirás	10
perseguir	perseguirá	27
perseguir	perseguio	20
perseguir	perseguin	23
perseguir	perseguiría	19
perseguir	perseguidos	5
perseguir	perseguindo	22
perseguir	perseguiba	12
perseguir	perseguirlo	16
perseguir	perseguiban	13
perseguir	perseguirán	3
perseguir	perseguirlos	15
perseguir	perseguirla	6
perseguir	perseguiremos	7
perseguir	perseguirnos	8
perseguir	perseguin	17
perseguir	perseguiran	2
perseguir	perseguira	11
perseguir	perseguie	21
perseguir	perseguimos	25
perseguir	perseguido	0
perseguir	perseguirme	14
perseguir	perseguirían	1
perseguir	perseguiré	9
amarillecer	amarilecen	23
amarillecer	amarilllon	4
amarillecer	amarilecerse	24
amarillecer	amarileceremos	7
amarillecer	amarileceré	9
amarillecer	amarilecido	0
amarillecer	amarileces	5
amarillecer	amarilecendo	22
amarillecer	amarileceran	2
amarillecer	amarilecerme	14
amarillecer	amarileceba	12
amarillecer	amarilecio	20
amarillecer	amarilecerlo	16
amarillecer	amarilecerían	1
amarillecer	amarilecería	19
amarillecer	amarilecen	17
amarillecer	amarilecemos	25
amarillecer	amarilecerás	10
amarillecer	amarilecerá	27
amarillecer	amarilecerán	3
amarillecer	amarilecerla	6
amarillecer	amarileció	18
amarillecer	amarilecernos	8
amarillecer	amarilecera	11
amarillecer	amarilecerlos	15
amarillecer	amarilece	21
amarillecer	amarilecer	28
amarillecer	amarilece	26
amarillecer	amarileceban	13
oscurecer	oscurecerá	27
oscurecer	oscurecera	11
oscurecer	oscurece	21
oscurecer	oscurecerla	6
oscurecer	oscureceremos	7
oscurecer	oscurecieron	4
oscurecer	oscurecerían	1
oscurecer	oscureceré	9
oscurecer	oscurecerás	10
oscurecer	oscurecido	0
oscurecer	oscurecen	23
oscurecer	oscurecerse	24
oscurecer	oscureces	5
oscurecer	oscurece	26
oscurecer	oscurecerlo	16
oscurecer	oscurecerán	3
oscurecer	oscurecendo	22
oscurecer	oscurecio	20
oscurecer	oscureceba	12
oscurecer	oscurecemos	25
oscurecer	oscurecerlos	15
oscurecer	oscurecernos	8
oscurecer	oscureceban	13
oscurecer	oscurecería	19
oscurecer	oscurecer	28
oscurecer	oscureció	18
oscurecer	oscurecen	17
oscurecer	oscureceran	2
oscurecer	oscurecerme	14
descogollar	descogola	26
descogollar	descogolarlos	15
descogollar	descogolaba	12
descogollar	descogolarme	14
descogollar	descogolar	28
descogollar	descogolamos	25
descogollar	descogolará	27
descogollar	descogolarás	10
descogollar	descogolarla	6
descogollar	descogolarnos	8
descogollar	descogolarían	1
descogollar	descogolaré	9
descogollar	descogolaremos	7
descogollar	descogolarlo	16
descogollar	descogolaría	19
descogollar	descogolan	23
descogollar	descogolaran	2
descogollar	descogolen	17
descogollar	descogolando	22
descogollar	descogolara	11
descogollar	descogolas	5
descogollar	descogolo	20
descogollar	descogolarán	3
descogollar	descogolarse	24
descogollar	descogolaron	4
descogollar	descogolado	0
descogollar	descogole	21
descogollar	descogolaban	13
descogollar	descogoló	18
levantar	levanté	1
levantar	levantaré	9
levantar	levantarla	6
levantar	levantaría	19
levantar	levantara	11
levantar	levante	21
levantar	levantes	3
levantar	levantarse	24
levantar	levantado	0
levantar	levantaran	2
levantar	levantaban	13
levantar	levantó	18
levantar	levantaron	4
levantar	levantaba	12
levantar	levantarnos	8
levantar	levantan	23
levantar	levantar	28
levantar	levanten	17
levantar	levantando	22
levantar	levantarlos	15
levantar	levantados	5
levantar	levantarás	10
levantar	levanta	26
levantar	levanto	20
levantar	levantarme	14
levantar	levantaremos	7
levantar	levantarlo	16
levantar	levantamos	25
levantar	levantará	27
alzar	alzara	11
alzar	alzan	23
alzar	alzen	17
alzar	alzaría	19
alzar	alzarnos	8
alzar	alzarla	6
alzar	alzaron	4
alzar	alzaré	9
alzar	alzará	27
alzar	alzarán	3
alzar	alzados	5
alzar	alzarse	24
alzar	alzaban	13
alzar	alza	26
alzar	alzamos	25
alzar	alzarás	10
alzar	alzarme	14
alzar	alzé	1
alzar	alzando	22
alzar	alze	21
alzar	alzarlo	16
alzar	alzarlos	15
alzar	alzado	0
alzar	alzaremos	7
alzar	alzo	20
alzar	alzar	28
alzar	alzaba	12
alzar	alzó	18
alzar	alzaran	2
reír	reírá	27
reír	reírlo	16
reír	reírse	24
reír	reírás	10
reír	reín	23
reír	reíremos	7
reír	reíen	17
reír	reíban	13
reír	reío	20
reír	reíré	9
reír	reíó	18
reír	reímos	25
reír	reíra	11
reír	reíran	2
reír	reíndo	22
reír	reíría	19
reír	reírán	3
reír	reírnos	8
reír	reírla	6
reír	reíba	12
reír	reír	28
reír	reíron	4
reír	reírían	1
reír	reírlos	15
reír	reídos	5
reír	reírme	14
reír	reí	26
reír	reíe	21
reír	reído	0
espabilarse	espabilados	5
espabilarse	espabilarse	27
espabilarse	espabilen	17
espabilarse	espabilarse	3
espabilarse	espabilarse	24
espabilarse	espabilarsemos	7
espabilarse	espabilarse	8
espabilarse	espabilando	22
espabilarse	espabilarse	6
espabilarse	espabila	4
espabilarse	espabilarse	28
espabilarse	espabilaba	12
espabilarse	espabile	21
espabilarse	espabilan	23
espabilarse	espabilarse	9
espabilarse	espabilarse	14
espabilarse	espabilamos	25
espabilarse	espabila	26
espabilarse	espabilaban	13
espabilarse	espabiarse	11
espabilarse	espabilarse	16
espabilarse	espabilarse	19
espabilarse	espabiló	18
espabilarse	espabilarse	2
espabilarse	espabilo	20
espabilarse	espabilado	0
espabilarse	espabilarse	1
espabilarse	espabilarás	10
espabilarse	espabiarse	15
cuestionar	cuestione	21
cuestionar	cuestionarlo	16
cuestionar	cuestionó	18
cuestionar	cuestionando	22
cuestionar	cuestionaremos	7
cuestionar	cuestionarnos	8
cuestionar	cuestionen	17
cuestionar	cuestionaran	2
cuestionar	cuestionamos	25
cuestionar	cuestionarla	6
cuestionar	cuestionara	11
cuestionar	cuestionaré	9
cuestionar	cuestionaban	13
cuestionar	cuestioné	1
cuestionar	cuestionan	23
cuestionar	cuestionarás	10
cuestionar	cuestiono	20
cuestionar	cuestiona	26
cuestionar	cuestionarse	24
cuestionar	cuestionaba	12
cuestionar	cuestionar	28
cuestionar	cuestionaron	4
cuestionar	cuestionarme	14
cuestionar	cuestionará	27
cuestionar	cuestiones	3
cuestionar	cuestionarlos	15
cuestionar	cuestionas	5
cuestionar	cuestionado	0
cuestionar	cuestionaría	19
confabularse	confabulaba	12
confabularse	confabularse	1
confabularse	confabularse	6
confabularse	confabularás	10
confabularse	confabula	26
confabularse	confabuló	18
confabularse	confabularse	28
confabularse	confabularse	15
confabularse	confabulan	23
confabularse	confabulaban	13
confabularse	confabularse	27
confabularse	confabularse	14
confabularse	confabulen	17
confabularse	confabularse	4
confabularse	confabularse	16
confabularse	confabulo	20
confabularse	confabulado	0
confabularse	confabularsemos	7
confabularse	confabule	21
confabularse	confabularse	11
confabularse	confabulando	22
confabularse	confabularse	9
confabularse	confabulas	5
confabularse	confabularse	19
confabularse	confabularse	2
confabularse	confabulamos	25
confabularse	confabularse	24
confabularse	confabularse	8
confabularse	confabularse	3
atender	atendendo	22
atender	atendeba	12
atender	atendería	19
atender	atendio	20
atender	atendido	0
atender	atenden	17
atender	atenderse	24
atender	atenderlos	15
atender	atenderé	9
atender	atender	28
atender	atendernos	8
atender	atenderá	27
atender	atenderás	10
atender	atenderla	6
atender	atenderemos	7
atender	atenderme	14
atender	atendera	11
atender	atende	26
atender	atendieron	4
atender	atenderan	2
atender	atenden	23
atender	atendeban	13
atender	atenderán	3
atender	atenderían	1
atender	atendemos	25
atender	atenderlo	16
atender	atendes	5
atender	atende	21
atender	atendió	18
satanizar	satanizamos	25
satanizar	satanizaría	19
satanizar	satanizo	20
satanizar	satanizados	5
satanizar	satanizarlos	15
satanizar	satanizaba	12
satanizar	satanizé	1
satanizar	satanizarán	3
satanizar	satanizarás	10
satanizar	satanizar	28
satanizar	satanizaré	9
satanizar	satanizen	17
satanizar	satanizando	22
satanizar	satanizó	18
satanizar	satanizará	27
satanizar	satanizarlo	16
satanizar	satanizado	0
satanizar	satanizaron	4
satanizar	satanizan	23
satanizar	satanizarse	24
satanizar	satanize	21
satanizar	sataniza	26
satanizar	satanizaremos	7
satanizar	satanizaran	2
satanizar	satanizarla	6
satanizar	satanizarme	14
satanizar	satanizaban	13
satanizar	satanizara	11
satanizar	satanizarnos	8
apresar	apresaría	19
apresar	apresarlos	15
apresar	aprese	21
apresar	apresen	17
apresar	apresamos	25
apresar	apresara	11
apresar	apresaran	2
apresar	apresan	23
apresar	apresando	22
apresar	apresarme	14
apresar	apresaremos	7
apresar	apreses	3
apresar	apresé	1
apresar	apresarnos	8
apresar	apresa	26
apresar	apresados	5
apresar	apresó	18
apresar	apreso	20
apresar	apresaré	9
apresar	apresar	28
apresar	apresarse	24
apresar	apresaban	13
apresar	apresarlo	16
apresar	apresarás	10
apresar	apresaba	12
apresar	apresarla	6
apresar	apresado	0
apresar	apresaron	4
apresar	apresará	27
autocalificarse	autocaliarlos	15
autocalificarse	autocalien	17
autocalificarse	autocaliarán	3
autocalificarse	autocalian	23
autocalificarse	autocaliarlo	16
autocalificarse	autocalie	21
autocalificarse	autocalia	26
autocalificarse	autocaliafiarse	28
autocalificarse	autocaliaré	9
autocalificarse	autocalió	18
autocalificarse	autocaliaron	4
autocalificarse	autocaliamos	25
autocalificarse	autocaliaran	2
autocalificarse	autocaliaría	19
autocalificarse	autocabisia	12
autocalificarse	autocaliarme	14
autocalificarse	autocaliarse	24
autocalificarse	autocaliarnos	8
autocalificarse	autocaliara	11
autocalificarse	autocaliará	27
autocalificarse	autocalié	1
autocalificarse	autocaliado	0
autocalificarse	autocalias	5
autocalificarse	autocofio	20
autocalificarse	autocaliaisarla	6
autocalificarse	autocaliaremos	7
autocalificarse	autocaliaban	13
autocalificarse	autocaliando	22
autocalificarse	autocaliarás	10
incendiar	incendié	1
incendiar	incendie	21
incendiar	incendiarlo	16
incendiar	incendiarnos	8
incendiar	incendiarás	10
incendiar	incendiamos	25
incendiar	incendiarlos	15
incendiar	incendiara	11
incendiar	incendiarse	24
incendiar	incendien	17
incendiar	incendiaremos	7
incendiar	incendiando	22
incendiar	incendiaré	9
incendiar	incendió	18
incendiar	incendian	23
incendiar	incendiar	28
incendiar	incendiados	5
incendiar	incendia	26
incendiar	incendiarán	3
incendiar	incendiaron	4
incendiar	incendiaran	2
incendiar	incendiado	0
incendiar	incendiarme	14
incendiar	incendiarla	6
incendiar	incendiaba	12
incendiar	incendiaría	19
incendiar	incendiará	27
incendiar	incendiaban	13
incendiar	incendio	20
replantear	replanten	17
replantear	replantado	0
replantear	replantaba	12
replantear	replantarse	24
replantear	replantaron	4
replantear	replantaré	9
replantear	replantearlo	16
replantear	replantó	18
replantear	replantaran	2
replantear	replantes	3
replantear	replantamos	25
replantear	replanto	20
replantear	replante	21
replantear	replantaremos	7
replantear	replantados	5
replantear	replantan	23
replantear	replantarme	14
replantear	replantaban	13
replantear	replantará	27
replantear	replanté	1
replantear	replantando	22
replantear	replantarla	6
replantear	replantaría	19
replantear	replantearnos	8
replantear	replantara	11
replantear	replantar	28
replantear	replanta	26
replantear	replantarás	10
replantear	replantearlos	15
curar	curarla	6
curar	curen	17
curar	curarme	14
curar	curaban	13
curar	curarnos	8
curar	curo	20
curar	curaba	12
curar	curaré	9
curar	curar	28
curar	curarlo	16
curar	curarán	3
curar	curaran	2
curar	curaremos	7
curar	curarlos	15
curar	curara	11
curar	curamos	25
curar	curando	22
curar	curas	5
curar	curé	1
curar	curó	18
curar	curaría	19
curar	curan	23
curar	curarse	24
curar	curaron	4
curar	cure	21
curar	cura	26
curar	curará	27
curar	curado	0
curar	curarás	10
trinchar	trinchó	18
trinchar	trincho	20
trinchar	trinché	1
trinchar	trinchen	17
trinchar	trincharme	14
trinchar	trinchado	0
trinchar	trincharlos	15
trinchar	trinchados	5
trinchar	trincharé	9
trinchar	trinchan	23
trinchar	trinchará	27
trinchar	trincharnos	8
trinchar	trinche	21
trinchar	trincharon	4
trinchar	trincharás	10
trinchar	trincharla	6
trinchar	trincharía	19
trinchar	trincharse	24
trinchar	trinchamos	25
trinchar	trinchaba	12
trinchar	trinchaban	13
trinchar	trinchando	22
trinchar	trincharán	3
trinchar	trincharan	2
trinchar	trincha	26
trinchar	trinchara	11
trinchar	trincharemos	7
trinchar	trincharlo	16
trinchar	trinchar	28
cumplir	cumpliba	12
cumplir	cumpliré	9
cumplir	cumplimos	25
cumplir	cumplido	0
cumplir	cumpliría	19
cumplir	cumplirían	1
cumplir	cumplía	4
cumplir	cumplirás	10
cumplir	cumpliban	13
cumplir	cumplirán	3
cumplir	cumplirnos	8
cumplir	cumplidos	5
cumplir	cumpli	26
cumplir	cumplien	17
cumplir	cumplió	18
cumplir	cumpliremos	7
cumplir	cumplirá	27
cumplir	cumplirme	14
cumplir	cumplie	21
cumplir	cumpliste	2
cumplir	cumplirlo	16
cumplir	cumplirlos	15
cumplir	cumplira	11
cumplir	cumplin	23
cumplir	cumplirla	6
cumplir	cumplir	28
cumplir	cumplindo	22
cumplir	cumplirse	24
cumplir	cumplio	20
ensillar	ensilaré	9
ensillar	ensilamos	25
ensillar	ensilan	23
ensillar	ensilarlo	16
ensillar	ensilarán	3
ensillar	ensilaban	13
ensillar	ensilarnos	8
ensillar	ensilarse	24
ensillar	ensilarás	10
ensillar	ensilaremos	7
ensillar	ensilando	22
ensillar	ensilaron	4
ensillar	ensilado	0
ensillar	ensilaba	12
ensillar	ensilaría	19
ensillar	ensilarla	6
ensillar	ensila	26
ensillar	ensilarme	14
ensillar	ensilar	28
ensillar	ensilo	20
ensillar	ensilaran	2
ensillar	ensiló	18
ensillar	ensille	21
ensillar	ensillé	1
ensillar	ensillen	17
ensillar	ensilarlos	15
ensillar	ensilados	5
ensillar	ensilara	11
ensillar	ensilará	27
trabajar	trabajes	3
trabajar	trabajé	1
trabajar	trabajara	11
trabajar	trabajó	18
trabajar	trabajaron	4
trabajar	trabajados	5
trabajar	trabajar	28
trabajar	trabajarse	24
trabajar	trabajará	27
trabajar	trabajaba	12
trabajar	trabajarme	14
trabajar	trabajan	23
trabajar	trabajarlos	15
trabajar	trabajamos	25
trabajar	trabajaran	2
trabajar	trabajarlo	16
trabajar	trabajarnos	8
trabajar	trabajado	0
trabajar	trabajaremos	7
trabajar	trabajen	17
trabajar	trabajaría	19
trabajar	trabajaban	13
trabajar	trabajo	20
trabajar	trabajarla	6
trabajar	trabajando	22
trabajar	trabajaré	9
trabajar	trabajarás	10
trabajar	trabaja	26
trabajar	trabaje	21
alumbrarse	alumbrarsemos	7
alumbrarse	alumbrarse	28
alumbrarse	alumbramos	25
alumbrarse	alumbraba	12
alumbrarse	alumbrarse	14
alumbrarse	alumbrarse	15
alumbrarse	alumbrarse	27
alumbrarse	alumbras	5
alumbrarse	alumbrarse	24
alumbrarse	alumbrarse	8
alumbrarse	alumbren	17
alumbrarse	alumbran	23
alumbrarse	alumbraban	13
alumbrarse	alumbrarse	11
alumbrarse	alumbré	1
alumbrarse	alumbro	20
alumbrarse	alumbrarses	10
alumbrarse	alumbró	18
alumbrarse	alumbrarse	16
alumbrarse	alumbrado	0
alumbrarse	alumbrarse	9
alumbrarse	alumbrarse	19
alumbrarse	alumbrarse	2
alumbrarse	alumbres	3
alumbrarse	alumbra	4
alumbrarse	alumbre	21
alumbrarse	alumbrarse	6
alumbrarse	alumbra	26
alumbrarse	alumbrando	22
entender	entenderá	27
entender	entenderemos	7
entender	entendeban	13
entender	entendeba	12
entender	entenderás	10
entender	entendera	11
entender	entenderse	24
entender	entendernos	8
entender	entendes	5
entender	entenden	17
entender	entenderme	14
entender	entendió	18
entender	entendieron	4
entender	entendemos	25
entender	entenderé	9
entender	entendido	0
entender	entenderla	6
entender	entendería	19
entender	entende	26
entender	entenderán	3
entender	entenderan	2
entender	entendendo	22
entender	entenden	23
entender	entender	28
entender	entende	21
entender	entenderlos	15
entender	entenderlo	16
entender	entenderían	1
entender	entendio	20
componer	componido	0
componer	compone	21
componer	componer	28
componer	componendo	22
componer	componeré	9
componer	componera	11
componer	componeran	2
componer	componieron	4
componer	componeban	13
componer	componerás	10
componer	componen	23
componer	componernos	8
componer	componería	19
componer	componerla	6
componer	compone	26
componer	componerán	3
componer	componio	20
componer	componerse	24
componer	compones	5
componer	componerá	27
componer	componerían	1
componer	componen	17
componer	componemos	25
componer	componeba	12
componer	componerlos	15
componer	componeremos	7
componer	componió	18
componer	componerme	14
componer	componerlo	16
quedar	quedando	22
quedar	quedaste	2
quedar	quedar	28
quedar	quedas	5
quedar	quedarás	10
quedar	queda	26
quedar	queden	17
quedar	quedara	11
quedar	quedé	1
quedar	quedan	23
quedar	quedarme	14
quedar	quedamos	25
quedar	quedado	0
quedar	quedarlos	15
quedar	quedarán	3
quedar	quedaría	19
quedar	quedaremos	7
quedar	quedará	27
quedar	quedaré	9
quedar	quedaban	13
quedar	quedarlo	16
quedar	quedaron	4
quedar	quedarla	6
quedar	quedó	18
quedar	quedaba	12
quedar	quedarse	24
quedar	quedo	20
quedar	quede	21
quedar	quedarnos	8
atreguar	atregué	1
atreguar	atreguado	0
atreguar	atreguaron	4
atreguar	atreguen	17
atreguar	atreguan	23
atreguar	atreguarás	10
atreguar	atreguaremos	7
atreguar	atreguó	18
atreguar	atreguaría	19
atreguar	atreguarlos	15
atreguar	atreguaba	12
atreguar	atreguaré	9
atreguar	atregua	26
atreguar	atreguar	28
atreguar	atreguarse	24
atreguar	atreguas	5
atreguar	atreguarlo	16
atreguar	atreguaban	13
atreguar	atreguamos	25
atreguar	atreguo	20
atreguar	atreguando	22
atreguar	atregue	21
atreguar	atreguarla	6
atreguar	atreguará	27
atreguar	atreguarán	3
atreguar	atreguarnos	8
atreguar	atreguarme	14
atreguar	atreguaran	2
atreguar	atreguara	11
envolver	envolves	5
envolver	envolverás	10
envolver	envolverían	1
envolver	envolver	28
envolver	envolvio	20
envolver	envolveran	2
envolver	envolvendo	22
envolver	envolverá	27
envolver	envolve	26
envolver	envolveremos	7
envolver	envolvido	0
envolver	envolven	17
envolver	envolveba	12
envolver	envolvera	11
envolver	envolverse	24
envolver	envolve	21
envolver	envolvieron	4
envolver	envolveban	13
envolver	envolverme	14
envolver	envolverla	6
envolver	envolveré	9
envolver	envolverán	3
envolver	envolvió	18
envolver	envolvemos	25
envolver	envolvernos	8
envolver	envolvería	19
envolver	envolven	23
envolver	envolverlo	16
envolver	envolverlos	15
bufar	bufarás	10
bufar	bufen	17
bufar	bufaran	2
bufar	bufaron	4
bufar	bufamos	25
bufar	bufarla	6
bufar	bufarnos	8
bufar	bufan	23
bufar	bufaba	12
bufar	bufará	27
bufar	bufo	20
bufar	bufa	26
bufar	bufaremos	7
bufar	bufado	0
bufar	bufas	5
bufar	bufarán	3
bufar	bufé	1
bufar	bufaré	9
bufar	bufar	28
bufar	bufó	18
bufar	bufaban	13
bufar	bufe	21
bufar	bufara	11
bufar	bufando	22
bufar	bufaría	19
bufar	bufarme	14
bufar	bufarlos	15
bufar	bufarlo	16
bufar	bufarse	24
ganar	ganarás	10
ganar	ganarnos	8
ganar	ganará	27
ganar	ganan	23
ganar	ganaron	4
ganar	ganar	28
ganar	gana	26
ganar	ganaban	13
ganar	gano	20
ganar	ganaría	19
ganar	ganen	17
ganar	ganando	22
ganar	ganaremos	7
ganar	gané	1
ganar	ganarlos	15
ganar	ganaste	2
ganar	ganarme	14
ganar	gane	21
ganar	ganaré	9
ganar	ganas	5
ganar	ganarán	3
ganar	ganarse	24
ganar	ganamos	25
ganar	ganarla	6
ganar	ganara	11
ganar	ganado	0
ganar	ganaba	12
ganar	ganó	18
ganar	ganarlo	16
precintar	precinta	26
precintar	precintan	23
precintar	precinte	21
precintar	precintados	5
precintar	precintaran	2
precintar	precintar	28
precintar	precintamos	25
precintar	precintaban	13
precintar	precintaremos	7
precintar	precintarlos	15
precintar	precintarnos	8
precintar	precintaría	19
precintar	precintarán	3
precintar	precinto	20
precintar	precintarme	14
precintar	precintaba	12
precintar	precintaron	4
precintar	precintarse	24
precintar	precinté	1
precintar	precintarla	6
precintar	precintaré	9
precintar	precintado	0
precintar	precintando	22
precintar	precintó	18
precintar	precintará	27
precintar	precintarás	10
precintar	precinten	17
precintar	precintarlo	16
precintar	precintara	11
quemar	quemó	18
quemar	quemé	1
quemar	quemarla	6
quemar	quemaría	19
quemar	quemando	22
quemar	quemados	5
quemar	quemarán	3
quemar	quemarme	14
quemar	quemarlo	16
quemar	quemen	17
quemar	queme	21
quemar	quemaba	12
quemar	quemaran	2
quemar	quemaremos	7
quemar	quemarnos	8
quemar	quemara	11
quemar	quemo	20
quemar	quemarse	24
quemar	quemará	27
quemar	quema	26
quemar	quemaban	13
quemar	quemamos	25
quemar	quemado	0
quemar	quemarás	10
quemar	quemarlos	15
quemar	quemaron	4
quemar	quemar	28
quemar	quemaré	9
quemar	queman	23
oprimir	oprimirían	1
oprimir	oprimi	21
oprimir	oprimirlo	16
oprimir	oprimirá	27
oprimir	oprimir	28
oprimir	oprimirse	24
oprimir	oprimió	18
oprimir	oprimiban	13
oprimir	oprimirla	6
oprimir	oprimiste	2
oprimir	oprimido	0
oprimir	oprimi	26
oprimir	oprimien	17
oprimir	oprimindo	22
oprimir	oprimirás	10
oprimir	oprimidos	5
oprimir	oprimirnos	8
oprimir	oprimio	20
oprimir	oprimiba	12
oprimir	oprimía	4
oprimir	oprimiré	9
oprimir	oprimirán	3
oprimir	oprimira	11
oprimir	oprimirlos	15
oprimir	oprimimos	25
oprimir	oprimirme	14
oprimir	oprimiría	19
oprimir	oprimin	23
oprimir	oprimiremos	7
recordar	recordamos	25
recordar	recordando	22
recordar	recordaremos	7
recordar	recordar	28
recordar	recordarnos	8
recordar	recordaba	12
recordar	recordara	11
recordar	recordarás	10
recordar	recordado	0
recordar	recorden	17
recordar	recordarla	6
recordar	recordarlos	15
recordar	recorde	21
recordar	recordaran	2
recordar	recorda	26
recordar	recordaron	4
recordar	recordados	5
recordar	recordará	27
recordar	recordaría	19
recordar	recordarme	14
recordar	recordaré	9
recordar	recordarse	24
recordar	recordé	1
recordar	recordarlo	16
recordar	recordaban	13
recordar	recordes	3
recordar	recordan	23
recordar	recordó	18
recordar	recordo	20
emparedar	emparedé	1
emparedar	emparedarse	24
emparedar	emparedes	3
emparedar	emparedarla	6
emparedar	emparedó	18
emparedar	emparedar	28
emparedar	emparedan	23
emparedar	emparedara	11
emparedar	emparedamos	25
emparedar	emparedado	0
emparedar	emparedaría	19
emparedar	emparedará	27
emparedar	emparedaremos	7
emparedar	emparedarás	10
emparedar	emparedaban	13
emparedar	emparedados	5
emparedar	emparedarlo	16
emparedar	emparedaron	4
emparedar	emparedarlos	15
emparedar	emparedaran	2
emparedar	empareda	26
emparedar	emparedaba	12
emparedar	empareden	17
emparedar	emparedo	20
emparedar	emparede	21
emparedar	emparedarnos	8
emparedar	emparedaré	9
emparedar	emparedarme	14
emparedar	emparedando	22
regresar	regreses	3
regresar	regresaran	2
regresar	regresaremos	7
regresar	regresaré	9
regresar	regresaba	12
regresar	regreso	20
regresar	regresar	28
regresar	regresarla	6
regresar	regresarse	24
regresar	regresan	23
regresar	regresarás	10
regresar	regresarnos	8
regresar	regresarme	14
regresar	regresó	18
regresar	regresados	5
regresar	regresará	27
regresar	regresaría	19
regresar	regresa	26
regresar	regresando	22
regresar	regresamos	25
regresar	regresaron	4
regresar	regresarlo	16
regresar	regresarlos	15
regresar	regresen	17
regresar	regresara	11
regresar	regresado	0
regresar	regresé	1
regresar	regrese	21
regresar	regresaban	13
reprochar	reprocharé	9
reprochar	reprochara	11
reprochar	reprochado	0
reprochar	reprocharme	14
reprochar	reprocharás	10
reprochar	reprocharemos	7
reprochar	reprocho	20
reprochar	reprocharnos	8
reprochar	reproches	3
reprochar	reprocharlos	15
reprochar	reprochan	23
reprochar	reproché	1
reprochar	reprochó	18
reprochar	reprochados	5
reprochar	reproche	21
reprochar	reprocharla	6
reprochar	reprochaba	12
reprochar	reprochaban	13
reprochar	reprocharan	2
reprochar	reprochen	17
reprochar	reprochamos	25
reprochar	reprocharon	4
reprochar	reprocharía	19
reprochar	reprochando	22
reprochar	reprocha	26
reprochar	reprochar	28
reprochar	reprocharse	24
reprochar	reprochará	27
reprochar	reprocharlo	16
arrancar	arrancaré	9
arrancar	arrancaron	4
arrancar	arrancaremos	7
arrancar	arrancaría	19
arrancar	arrancarían	1
arrancar	arrancará	27
arrancar	arrancaba	12
arrancar	arrancaran	2
arrancar	arrancó	18
arrancar	arrancarla	6
arrancar	arrancado	0
arrancar	arrancan	23
arrancar	arrancen	17
arrancar	arrancara	11
arrancar	arrancarán	3
arrancar	arrancarse	24
arrancar	arrancamos	25
arrancar	arrancaban	13
arrancar	arrancar	28
arrancar	arrancarás	10
arrancar	arrancarnos	8
arrancar	arrancados	5
arrancar	arrancarlo	16
arrancar	arrancarlos	15
arrancar	arranca	26
arrancar	arranco	20
arrancar	arrance	21
arrancar	arrancando	22
arrancar	arrancarme	14
erguir	erguira	11
erguir	erguirme	14
erguir	erguió	18
erguir	erguía	4
erguir	erguindo	22
erguir	erguirnos	8
erguir	erguir	28
erguir	erguie	21
erguir	erguirían	1
erguir	erguio	20
erguir	erguirán	3
erguir	erguirá	27
erguir	erguiré	9
erguir	erguiba	12
erguir	erguirlo	16
erguir	erguidos	5
erguir	erguimos	25
erguir	ergui	26
erguir	erguien	17
erguir	erguirlos	15
erguir	erguirás	10
erguir	erguiremos	7
erguir	erguido	0
erguir	erguin	23
erguir	erguirse	24
erguir	erguirla	6
erguir	erguiría	19
erguir	erguiste	2
erguir	erguiban	13
reprender	reprenderlos	15
reprender	reprenderá	27
reprender	reprendeban	13
reprender	reprende	26
reprender	reprenderan	2
reprender	reprendió	18
reprender	reprendido	0
reprender	reprendieron	4
reprender	reprenderme	14
reprender	reprenden	23
reprender	reprendería	19
reprender	reprendendo	22
reprender	reprende	21
reprender	reprenderla	6
reprender	reprendernos	8
reprender	reprenderían	1
reprender	reprendio	20
reprender	reprendemos	25
reprender	reprendeba	12
reprender	reprenderás	10
reprender	reprenderán	3
reprender	reprendes	5
reprender	reprendera	11
reprender	reprender	28
reprender	reprenderé	9
reprender	reprenden	17
reprender	reprenderlo	16
reprender	reprenderse	24
reprender	reprenderemos	7
regionalizar	regiona	26
regionalizar	regionalzarás	10
regionalizar	regionaba	12
regionalizar	regionalizan	23
regionalizar	regionalzarán	3
regionalizar	regionalarían	1
regionalizar	regionados	5
regionalizar	regionalos	8
regionalizar	regionalzaré	9
regionalizar	regionalzarlo	16
regionalizar	regiono	20
regionalizar	regionalizar	28
regionalizar	regionalzarlos	15
regionalizar	regionalzaran	2
regionalizar	regionó	18
regionalizar	regionen	17
regionalizar	regionala	6
regionalizar	regionalzarse	24
regionalizar	regionanzando	22
regionalizar	regionamos	25
regionalizar	regionalzaremos	7
regionalizar	regione	21
regionalizar	regionalzará	27
regionalizar	regionala	19
regionalizar	regionado	0
regionalizar	regionala	11
regionalizar	regionalon	4
regionalizar	regionalzarme	14
regionalizar	regionaban	13
liberar	liberamos	25
liberar	libera	26
liberar	liberes	3
liberar	liberaría	19
liberar	liberaran	2
liberar	liberará	27
liberar	liberaron	4
liberar	liberarás	10
liberar	liberarme	14
liberar	liberarnos	8
liberar	liberaban	13
liberar	libero	20
liberar	liberó	18
liberar	liberara	11
liberar	liberarla	6
liberar	liberados	5
liberar	liberarlos	15
liberar	liberarse	24
liberar	liberaba	12
liberar	liberar	28
liberar	liberaré	9
liberar	liberan	23
liberar	liberarlo	16
liberar	liberen	17
liberar	liberando	22
liberar	liberaremos	7
liberar	liberé	1
liberar	liberado	0
liberar	libere	21
lastrar	lastrarlos	15
lastrar	lastramos	25
lastrar	lastraba	12
lastrar	lastró	18
lastrar	lastrando	22
lastrar	lastrara	11
lastrar	lastrados	5
lastrar	lastraré	9
lastrar	lastraría	19
lastrar	lastro	20
lastrar	lastrará	27
lastrar	lastrarme	14
lastrar	lastrar	28
lastrar	lastré	1
lastrar	lastrarán	3
lastrar	lastraremos	7
lastrar	lastrarlo	16
lastrar	lastra	26
lastrar	lastraste	2
lastrar	lastrarse	24
lastrar	lastran	23
lastrar	lastraron	4
lastrar	lastrarla	6
lastrar	lastrarás	10
lastrar	lastren	17
lastrar	lastraban	13
lastrar	lastre	21
lastrar	lastrarnos	8
lastrar	lastrado	0
golpear	golpeara	11
golpear	golpearán	3
golpear	golpeando	22
golpear	golpeado	0
golpear	golpearan	2
golpear	golpearía	19
golpear	golpearla	6
golpear	golpeo	20
golpear	golpearme	14
golpear	golpeamos	25
golpear	golpeas	5
golpear	golpeará	27
golpear	golpearse	24
golpear	golpear	28
golpear	golpea	26
golpear	golpeaban	13
golpear	golpee	21
golpear	golpearlo	16
golpear	golpearon	4
golpear	golpeé	1
golpear	golpeen	17
golpear	golpearlos	15
golpear	golpearemos	7
golpear	golpeó	18
golpear	golpearnos	8
golpear	golpearé	9
golpear	golpean	23
golpear	golpearás	10
golpear	golpeaba	12
ablandar	ablandaré	9
ablandar	ablandamos	25
ablandar	ablandaba	12
ablandar	ablanda	26
ablandar	ablandaría	19
ablandar	ablande	21
ablandar	ablandarse	24
ablandar	ablandó	18
ablandar	ablandara	11
ablandar	ablandan	23
ablandar	ablandará	27
ablandar	ablandado	0
ablandar	ablandados	5
ablandar	ablandarla	6
ablandar	ablando	20
ablandar	ablandarme	14
ablandar	ablandar	28
ablandar	ablandarlos	15
ablandar	ablandarás	10
ablandar	ablandaremos	7
ablandar	ablandaron	4
ablandar	ablandaran	2
ablandar	ablandarnos	8
ablandar	ablandarlo	16
ablandar	ablandaban	13
ablandar	ablandando	22
ablandar	ablanden	17
ablandar	ablandes	3
ablandar	ablandarían	1
establecer	estableceran	2
establecer	estableceban	13
establecer	establecen	17
establecer	estableceremos	7
establecer	establecernos	8
establecer	establecerás	10
establecer	establecieron	4
establecer	establecerla	6
establecer	estableces	5
establecer	establecerlo	16
establecer	establecería	19
establecer	estableció	18
establecer	establecerse	24
establecer	establecen	23
establecer	establecerlos	15
establecer	establece	26
establecer	establecendo	22
establecer	estableceré	9
establecer	estableceba	12
establecer	establecerían	1
establecer	establecerán	3
establecer	establecio	20
establecer	establecer	28
establecer	establecera	11
establecer	establece	21
establecer	establecerme	14
establecer	establecemos	25
establecer	establecerá	27
establecer	establecido	0
ametrallar	ametralados	5
ametrallar	ametralarnos	8
ametrallar	ametrala	26
ametrallar	ametralaré	9
ametrallar	ametralaron	4
ametrallar	ametralado	0
ametrallar	ametralara	11
ametrallar	ametralen	17
ametrallar	ametralará	27
ametrallar	ametralaban	13
ametrallar	ametralamos	25
ametrallar	ametralo	20
ametrallar	ametrale	21
ametrallar	ametralarla	6
ametrallar	ametralan	23
ametrallar	ametralarme	14
ametrallar	ametralaran	2
ametrallar	ametrallarían	1
ametrallar	ametraló	18
ametrallar	ametralarlo	16
ametrallar	ametralar	28
ametrallar	ametralando	22
ametrallar	ametralaremos	7
ametrallar	ametralaba	12
ametrallar	ametrallarán	3
ametrallar	ametralarlos	15
ametrallar	ametralaría	19
ametrallar	ametralarás	10
ametrallar	ametralarse	24
escuchar	escuchen	17
escuchar	escucharemos	7
escuchar	escucharía	19
escuchar	escucharla	6
escuchar	escucharan	2
escuchar	escucharnos	8
escuchar	escucharse	24
escuchar	escuchaba	12
escuchar	escuché	1
escuchar	escucharlo	16
escuchar	escuchó	18
escuchar	escuches	3
escuchar	escuchará	27
escuchar	escucha	26
escuchar	escuchara	11
escuchar	escuchado	0
escuchar	escucharon	4
escuchar	escuchaban	13
escuchar	escuche	21
escuchar	escucharme	14
escuchar	escuchando	22
escuchar	escuchan	23
escuchar	escuchas	5
escuchar	escucharé	9
escuchar	escucharás	10
escuchar	escuchar	28
escuchar	escuchamos	25
escuchar	escucho	20
escuchar	escucharlos	15
anegar	anegado	0
anegar	anegen	17
anegar	anegarás	10
anegar	anegamos	25
anegar	anegaran	2
anegar	anega	26
anegar	anegaré	9
anegar	anegarlos	15
anegar	anegarlo	16
anegar	anegó	18
anegar	anegaba	12
anegar	anegarnos	8
anegar	anegaría	19
anegar	anegarán	3
anegar	anegarse	24
anegar	anegará	27
anegar	anegarme	14
anegar	anegan	23
anegar	anegaremos	7
anegar	anege	21
anegar	anegar	28
anegar	anegaban	13
anegar	anegarla	6
anegar	anegarían	1
anegar	anegaron	4
anegar	anegara	11
anegar	anegando	22
anegar	anegados	5
anegar	anego	20
florecer	florecendo	22
florecer	florecen	17
florecer	florece	21
florecer	florecerlo	16
florecer	floreceba	12
florecer	florecerían	1
florecer	florecerlos	15
florecer	florecido	0
florecer	florecerla	6
florecer	florece	26
florecer	florecen	23
florecer	florecería	19
florecer	florecio	20
florecer	florecernos	8
florecer	florecerme	14
florecer	florecerse	24
florecer	floreceran	2
florecer	florecerán	3
florecer	florecer	28
florecer	florecieron	4
florecer	floreceremos	7
florecer	florecera	11
florecer	floreceban	13
florecer	floreceré	9
florecer	florecerá	27
florecer	florecerás	10
florecer	floreció	18
florecer	floreces	5
florecer	florecemos	25
raspar	raspara	11
raspar	raspaban	13
raspar	rasparás	10
raspar	rasparme	14
raspar	rasparse	24
raspar	rasparlos	15
raspar	raspé	1
raspar	rasparlo	16
raspar	raspaba	12
raspar	rasparán	3
raspar	raspado	0
raspar	raspados	5
raspar	raspan	23
raspar	raspe	21
raspar	rasparon	4
raspar	raspamos	25
raspar	raspó	18
raspar	raspará	27
raspar	raspando	22
raspar	rasparé	9
raspar	rasparan	2
raspar	rasparla	6
raspar	rasparemos	7
raspar	raspar	28
raspar	raspo	20
raspar	raspa	26
raspar	rasparía	19
raspar	raspen	17
raspar	rasparnos	8
ayudar	ayudarlo	16
ayudar	ayudo	20
ayudar	ayudarás	10
ayudar	ayudamos	25
ayudar	ayudaban	13
ayudar	ayudes	3
ayudar	ayudarlos	15
ayudar	ayudara	11
ayudar	ayudaría	19
ayudar	ayudaba	12
ayudar	ayudarnos	8
ayudar	ayude	21
ayudar	ayudarla	6
ayudar	ayudado	0
ayudar	ayudó	18
ayudar	ayudaremos	7
ayudar	ayudarme	14
ayudar	ayudaron	4
ayudar	ayudas	5
ayudar	ayudaran	2
ayudar	ayuden	17
ayudar	ayudaré	9
ayudar	ayuda	26
ayudar	ayudar	28
ayudar	ayudando	22
ayudar	ayudarse	24
ayudar	ayudan	23
ayudar	ayudará	27
ayudar	ayudarían	1
arrebolar	arrebolarlos	15
arrebolar	arrebolando	22
arrebolar	arrebolaremos	7
arrebolar	arrebolaré	9
arrebolar	arrebolarnos	8
arrebolar	arrebolarás	10
arrebolar	arrebolaban	13
arrebolar	arreboló	18
arrebolar	arrebolo	20
arrebolar	arrebolan	23
arrebolar	arrebolaron	4
arrebolar	arrebolaran	2
arrebolar	arrebolarse	24
arrebolar	arrebolados	5
arrebolar	arrebolaba	12
arrebolar	arrebolará	27
arrebolar	arrebola	26
arrebolar	arrebolarme	14
arrebolar	arrebolara	11
arrebolar	arrebolamos	25
arrebolar	arrebolaría	19
arrebolar	arrebole	21
arrebolar	arrebolarán	3
arrebolar	arrebolen	17
arrebolar	arrebolar	28
arrebolar	arrebolado	0
arrebolar	arrebolarla	6
arrebolar	arrebolarlo	16
arrebolar	arrebolarían	1
quedarse	quedarse	14
quedarse	quedarse	15
quedarse	quedarse	9
quedarse	quedarse	16
quedarse	quedarse	19
quedarse	queda	17
quedarse	quedaste	2
quedarse	quedas	5
quedarse	quedarsemos	7
quedarse	quedarás	10
quedarse	quedarse	6
quedarse	quedansen	23
quedarse	quedaban	13
quedarse	quedarse	11
quedarse	quedansendo	22
quedarse	queda	26
quedarse	quedarse	27
quedarse	quedaba	12
quedarse	queda	18
quedarse	queda	4
quedarse	quedarse	24
quedarse	quedarse	8
quedarse	quedarse	3
quedarse	queda	0
quedarse	quedé	1
quedarse	quedarse	28
quedarse	quedamos	25
quedarse	queda	20
quedarse	queda	21
dibujarse	dibujarse	24
dibujarse	dibujarse	27
dibujarse	dibujaba	12
dibujarse	dibujarse	8
dibujarse	dibujamos	25
dibujarse	dibujarsemos	7
dibujarse	dibujado	0
dibujarse	dibujarás	10
dibujarse	dibuje	21
dibujarse	dibujó	18
dibujarse	dibujes	3
dibujarse	dibujando	22
dibujarse	dibujarse	19
dibujarse	dibujarse	11
dibujarse	dibujarse	16
dibujarse	dibujas	5
dibujarse	dibujé	1
dibujarse	dibujarse	9
dibujarse	dibujarse	15
dibujarse	dibujaban	13
dibujarse	dibujensen	17
dibujarse	dibujansen	23
dibujarse	dibujarse	2
dibujarse	dibuja	26
dibujarse	dibujarse	6
dibujarse	dibujo	20
dibujarse	dibuja	4
dibujarse	dibujarse	14
dibujarse	dibujarse	28
comparar	comparando	22
comparar	compare	21
comparar	comparados	5
comparar	comparaban	13
comparar	comparo	20
comparar	comparará	27
comparar	comparado	0
comparar	compararlos	15
comparar	comparen	17
comparar	comparara	11
comparar	compares	3
comparar	compararon	4
comparar	comparó	18
comparar	compararlo	16
comparar	compararemos	7
comparar	compararla	6
comparar	comparaba	12
comparar	compararse	24
comparar	comparamos	25
comparar	comparan	23
comparar	compararía	19
comparar	comparar	28
comparar	compara	26
comparar	compararan	2
comparar	compararme	14
comparar	compararás	10
comparar	compararnos	8
comparar	compararé	9
comparar	comparé	1
rivalizar	rivalizo	20
rivalizar	rivalizaron	4
rivalizar	rivalize	21
rivalizar	rivalizara	11
rivalizar	rivalizados	5
rivalizar	rivalizen	17
rivalizar	rivalizaba	12
rivalizar	rivalizaban	13
rivalizar	rivalizarás	10
rivalizar	rivalizaré	9
rivalizar	rivalizado	0
rivalizar	rivalizarlos	15
rivalizar	rivalizarlo	16
rivalizar	rivalizó	18
rivalizar	rivalizará	27
rivalizar	rivalizarse	24
rivalizar	rivaliza	26
rivalizar	rivalizarme	14
rivalizar	rivalizarnos	8
rivalizar	rivalizé	1
rivalizar	rivalizarla	6
rivalizar	rivalizan	23
rivalizar	rivalizarán	3
rivalizar	rivalizando	22
rivalizar	rivalizaría	19
rivalizar	rivalizar	28
rivalizar	rivalizaremos	7
rivalizar	rivalizaran	2
rivalizar	rivalizamos	25
quejarse	queje	21
quejarse	quejarse	19
quejarse	quejamos	25
quejarse	quejarse	9
quejarse	quejansen	23
quejarse	queja	0
quejarse	quejarse	11
quejarse	quejarsemos	7
quejarse	queja	4
quejarse	quejensen	17
quejarse	quejaban	13
quejarse	queja	26
quejarse	quejas	5
quejarse	quejó	18
quejarse	quejo	20
quejarse	quejarse	16
quejarse	quejarse	27
quejarse	quejarse	15
quejarse	quejarse	14
quejarse	quejaba	12
quejarse	quejarse	28
quejarse	quejarse	6
quejarse	quejansendo	22
quejarse	quejarses	10
quejarse	quejé	1
quejarse	quejarse	3
quejarse	quejarse	8
quejarse	quejarse	24
quejarse	quejarse	2
filosofar	filosofarlos	15
filosofar	filosofas	5
filosofar	filosofen	17
filosofar	filosofarás	10
filosofar	filosofarse	24
filosofar	filosofara	11
filosofar	filosofaron	4
filosofar	filosofamos	25
filosofar	filosofan	23
filosofar	filosofaba	12
filosofar	filosofaran	2
filosofar	filosofado	0
filosofar	filosofaban	13
filosofar	filosofaré	9
filosofar	filosofarán	3
filosofar	filosofa	26
filosofar	filosofar	28
filosofar	filosofarnos	8
filosofar	filosofo	20
filosofar	filosofó	18
filosofar	filosofe	21
filosofar	filosofará	27
filosofar	filosofarme	14
filosofar	filosofarlo	16
filosofar	filosofarían	1
filosofar	filosofaría	19
filosofar	filosofaremos	7
filosofar	filosofando	22
filosofar	filosofarla	6
declarar	declararon	4
declarar	declaramos	25
declarar	declarar	28
declarar	declaró	18
declarar	declarados	5
declarar	declara	26
declarar	declararme	14
declarar	declaro	20
declarar	declarara	11
declarar	declaran	23
declarar	declaraba	12
declarar	declare	21
declarar	declararás	10
declarar	declararía	19
declarar	declarará	27
declarar	declararlo	16
declarar	declararla	6
declarar	declararlos	15
declarar	declararse	24
declarar	declarado	0
declarar	declares	3
declarar	declararemos	7
declarar	declararan	2
declarar	declaraban	13
declarar	declarando	22
declarar	declaren	17
declarar	declararnos	8
declarar	declaré	1
declarar	declararé	9
descalabrar	descalaba	11
descalabrar	descalabrarla	6
descalabrar	descalaba	19
descalabrar	descalaba	4
descalabrar	descalaba	9
descalabrar	descalabe	21
descalabrar	descalabarnos	8
descalabrar	descalaban	1
descalabrar	descalaba	26
descalabrar	descalabarás	10
descalabrar	descalabarlos	15
descalabrar	descalabó	18
descalabrar	descalaba	14
descalabrar	descalaban	23
descalabrar	descalaban	2
descalabrar	descalaba	24
descalabrar	descalabrarán	3
descalabrar	descalabar	28
descalabrar	descalaba	12
descalabrar	descalabamos	25
descalabrar	descalabado	0
descalabrar	descalaba	27
descalabrar	descalobo	20
descalabrar	descalabaremos	7
descalabrar	descalabrados	5
descalabrar	descalaben	17
descalabrar	descalabando	22
descalabrar	descalabarlo	16
descalabrar	descalaban	13
remendar	remenden	17
remendar	remendaron	4
remendar	remendaré	9
remendar	remendara	11
remendar	remendaba	12
remendar	remendamos	25
remendar	remendaría	19
remendar	remendarnos	8
remendar	remendar	28
remendar	remendaremos	7
remendar	remendarme	14
remendar	remenda	26
remendar	remendados	5
remendar	remendarse	24
remendar	remendé	1
remendar	remendo	20
remendar	remendarás	10
remendar	remendarlo	16
remendar	remendando	22
remendar	remendarlos	15
remendar	remendaban	13
remendar	remendaste	2
remendar	remendado	0
remendar	remendan	23
remendar	remende	21
remendar	remendarla	6
remendar	remendes	3
remendar	remendó	18
remendar	remendará	27
consolidar	consolidara	11
consolidar	consolide	21
consolidar	consolidaban	13
consolidar	consolidaré	9
consolidar	consolidados	5
consolidar	consolidarse	24
consolidar	consolidarnos	8
consolidar	consolidar	28
consolidar	consolido	20
consolidar	consolidan	23
consolidar	consolida	26
consolidar	consolidado	0
consolidar	consolidó	18
consolidar	consolidé	1
consolidar	consolidarla	6
consolidar	consolidaría	19
consolidar	consoliden	17
consolidar	consolidaremos	7
consolidar	consolidando	22
consolidar	consolidarás	10
consolidar	consolidarlos	15
consolidar	consolidaba	12
consolidar	consolidaran	2
consolidar	consolidaron	4
consolidar	consolidarlo	16
consolidar	consolides	3
consolidar	consolidará	27
consolidar	consolidamos	25
consolidar	consolidarme	14
aprender	aprenderlo	16
aprender	aprenderme	14
aprender	aprendido	0
aprender	aprenderan	2
aprender	aprenderán	3
aprender	aprendendo	22
aprender	aprenderé	9
aprender	aprendeba	12
aprender	aprendio	20
aprender	aprendió	18
aprender	aprendernos	8
aprender	aprenden	17
aprender	aprendes	5
aprender	aprendería	19
aprender	aprende	21
aprender	aprendera	11
aprender	aprende	26
aprender	aprenderla	6
aprender	aprender	28
aprender	aprenderás	10
aprender	aprenderse	24
aprender	aprenderá	27
aprender	aprendieron	4
aprender	aprenderemos	7
aprender	aprenden	23
aprender	aprendemos	25
aprender	aprendeban	13
aprender	aprenderían	1
aprender	aprenderlos	15
soñar	soñarán	3
soñar	soñé	1
soñar	soñen	17
soñar	soñaré	9
soñar	soñado	0
soñar	soñaría	19
soñar	soñarlo	16
soñar	soñarnos	8
soñar	soñaron	4
soñar	soñó	18
soñar	soñas	5
soñar	soñara	11
soñar	soñaran	2
soñar	soña	26
soñar	soñando	22
soñar	soñarme	14
soñar	soñar	28
soñar	soñan	23
soñar	soñe	21
soñar	soñarse	24
soñar	soñará	27
soñar	soñamos	25
soñar	soño	20
soñar	soñaremos	7
soñar	soñarás	10
soñar	soñaba	12
soñar	soñaban	13
soñar	soñarlos	15
soñar	soñarla	6
divorciarse	divorciando	22
divorciarse	divorciarse	8
divorciarse	divorcian	23
divorciarse	divorcie	21
divorciarse	divorciamos	25
divorciarse	divorciarse	27
divorciarse	divorcio	20
divorciarse	divorcies	3
divorciarse	divorciarse	24
divorciarse	divorciarse	14
divorciarse	divorciarse	15
divorciarse	divorciarse	28
divorciarse	divorciarse	6
divorciarse	divorciaba	12
divorciarse	divorciaban	13
divorciarse	divorcia	4
divorciarse	divorciarse	2
divorciarse	divorcié	1
divorciarse	divorciarsemos	7
divorciarse	divorciarse	9
divorciarse	divorcia	26
divorciarse	divorciarse	16
divorciarse	divorciarse	11
divorciarse	divorciarse	19
divorciarse	divorciados	5
divorciarse	divorciarses	10
divorciarse	divorcien	17
divorciarse	divorció	18
divorciarse	divorciado	0
relatar	relataremos	7
relatar	relaten	17
relatar	relatara	11
relatar	relataste	2
relatar	relatarme	14
relatar	relataba	12
relatar	relatarla	6
relatar	relató	18
relatar	relatado	0
relatar	relatarás	10
relatar	relata	26
relatar	relatarlos	15
relatar	relato	20
relatar	relaté	1
relatar	relatamos	25
relatar	relatará	27
relatar	relatando	22
relatar	relatarán	3
relatar	relataron	4
relatar	relatarse	24
relatar	relataré	9
relatar	relataría	19
relatar	relate	21
relatar	relatarnos	8
relatar	relatar	28
relatar	relatan	23
relatar	relatados	5
relatar	relataban	13
relatar	relatarlo	16
volver	volverán	3
volver	volverían	1
volver	volvemos	25
volver	volves	5
volver	volverme	14
volver	volveban	13
volver	volveremos	7
volver	volverá	27
volver	volven	17
volver	volvendo	22
volver	volveba	12
volver	volverla	6
volver	volve	26
volver	volveran	2
volver	volvera	11
volver	volverás	10
volver	volve	21
volver	volvió	18
volver	volverse	24
volver	volverlo	16
volver	volvido	0
volver	volvio	20
volver	volvieron	4
volver	volvería	19
volver	volverlos	15
volver	volver	28
volver	volven	23
volver	volveré	9
volver	volvernos	8
despoblar	despoble	21
despoblar	despoblado	0
despoblar	despobló	18
despoblar	despoblamos	25
despoblar	despoblaron	4
despoblar	despoblaría	19
despoblar	despoblarás	10
despoblar	despoblarnos	8
despoblar	despoblarla	6
despoblar	despoblen	17
despoblar	despoblarlos	15
despoblar	despoblan	23
despoblar	despoblando	22
despoblar	despobla	26
despoblar	despoblarlo	16
despoblar	despoblarse	24
despoblar	despoblaran	2
despoblar	despoblarían	1
despoblar	despoblara	11
despoblar	despoblaba	12
despoblar	despoblados	5
despoblar	despoblaré	9
despoblar	despoblaremos	7
despoblar	despoblaban	13
despoblar	despoblará	27
despoblar	despoblarme	14
despoblar	despoblar	28
despoblar	despoblarán	3
despoblar	despoblo	20
llevarse	llevarse	9
llevarse	llevarse	14
llevarse	llevarse	15
llevarse	lleva	26
llevarse	llevarse	16
llevarse	llevarse	19
llevarse	llevarse	2
llevarse	llevaban	13
llevarse	lleva	4
llevarse	llevaba	12
llevarse	llevarsen	1
llevarse	lleva	21
llevarse	llevo	20
llevarse	llevarsen	23
llevarse	llevarse	11
llevarse	llevamos	25
llevarse	llevarsemos	7
llevarse	lleva	18
llevarse	llevansendo	22
llevarse	llevarses	3
llevarse	llevarse	27
llevarse	lleva	17
llevarse	llevarse	24
llevarse	llevarse	8
llevarse	llevarses	5
llevarse	llevarse	10
llevarse	llevarse	28
llevarse	lleva	0
llevarse	llevarse	6
engrapar	engrapan	23
engrapar	engrapar	28
engrapar	engraparía	19
engrapar	engraparé	9
engrapar	engraparemos	7
engrapar	engrapamos	25
engrapar	engrapaba	12
engrapar	engraparlos	15
engrapar	engrapará	27
engrapar	engraparán	3
engrapar	engrapando	22
engrapar	engrapé	1
engrapar	engrapo	20
engrapar	engraparse	24
engrapar	engraparla	6
engrapar	engraparon	4
engrapar	engrapado	0
engrapar	engrape	21
engrapar	engrapara	11
engrapar	engraparan	2
engrapar	engrapó	18
engrapar	engrapaban	13
engrapar	engraparlo	16
engrapar	engraparás	10
engrapar	engraparme	14
engrapar	engraparnos	8
engrapar	engrapa	26
engrapar	engrapados	5
engrapar	engrapen	17
salir	salirán	3
salir	salirla	6
salir	saliremos	7
salir	salien	17
salir	salir	28
salir	sali	26
salir	saliría	19
salir	salirían	1
salir	saliba	12
salir	saliré	9
salir	salio	20
salir	salía	4
salir	salió	18
salir	salira	11
salir	salin	23
salir	salirás	10
salir	salirlo	16
salir	salidos	5
salir	salirse	24
salir	salirme	14
salir	salirlos	15
salir	salimos	25
salir	salindo	22
salir	salido	0
salir	salirnos	8
salir	salirá	27
salir	saliran	2
salir	saliban	13
salir	salie	21
dulcificar	dulcificas	5
dulcificar	dulcificaban	13
dulcificar	dulcificarlo	16
dulcificar	dulcificaré	9
dulcificar	dulcificaría	19
dulcificar	dulcifico	20
dulcificar	dulcificarnos	8
dulcificar	dulcificado	0
dulcificar	dulcificamos	25
dulcificar	dulcificen	17
dulcificar	dulcificarme	14
dulcificar	dulcifié	1
dulcificar	dulcificaba	12
dulcificar	dulcificaran	2
dulcificar	dulcificaron	4
dulcificar	dulcificara	11
dulcificar	dulcifice	21
dulcificar	dulcifican	23
dulcificar	dulcificarás	10
dulcificar	dulcificar	28
dulcificar	dulcificaremos	7
dulcificar	dulcificará	27
dulcificar	dulcificó	18
dulcificar	dulcificando	22
dulcificar	dulcificarlos	15
dulcificar	dulcificarán	3
dulcificar	dulcificarse	24
dulcificar	dulcificarla	6
dulcificar	dulcifica	26
comerse	comersernos	8
comerse	comersen	17
comerse	comerse	2
comerse	comersemos	25
comerse	comerse	19
comerse	comerse	26
comerse	comerses	3
comerse	comersendo	22
comerse	comerses	10
comerse	comerses	5
comerse	comerseban	13
comerse	comerse	9
comerse	comerse	16
comerse	comerse	6
comerse	comersemos	7
comerse	comerse	11
comerse	comerserían	1
comerse	comerseba	12
comerse	comersen	23
comerse	come	4
comerse	comerso	20
comerse	comerse	24
comerse	comerse	27
comerse	comerse	14
comerse	comerse	15
comerse	comersió	18
comerse	comersido	0
comerse	comerse	21
comerse	comerse	28
eclipsar	eclipsaré	9
eclipsar	eclipsará	27
eclipsar	eclipsar	28
eclipsar	eclipsaba	12
eclipsar	eclipsarnos	8
eclipsar	eclipsa	26
eclipsar	eclipsarla	6
eclipsar	eclipses	3
eclipsar	eclipsarme	14
eclipsar	eclipsaban	13
eclipsar	eclipsado	0
eclipsar	eclipsaran	2
eclipsar	eclipsó	18
eclipsar	eclipsando	22
eclipsar	eclipsarlo	16
eclipsar	eclipsarlos	15
eclipsar	eclipse	21
eclipsar	eclipsamos	25
eclipsar	eclipsen	17
eclipsar	eclipsados	5
eclipsar	eclipso	20
eclipsar	eclipsaría	19
eclipsar	eclipsarse	24
eclipsar	eclipsara	11
eclipsar	eclipsan	23
eclipsar	eclipsaron	4
eclipsar	eclipsé	1
eclipsar	eclipsaremos	7
eclipsar	eclipsarás	10
