undkomma	undkommande	4
undkomma	undkommet	0
undkomma	undkommade	7
undkomma	undkommen	13
undkomma	undkomma	14
undkomma	undkommer	2
undkomma	undkommer	9
undkomma	undkommat	1
undkomma	undkommas	10
undkomma	undkommad	8
undkomma	dkomma	3
undkomma	undkomm	12
undkomma	undkommaren	6
undkomma	undkommar	11
undkomma	undkommt	5
dua	duat	1
dua	duer	2
dua	duad	8
dua	duade	7
dua	du	12
dua	a	3
dua	duet	0
dua	dua	14
dua	duande	4
dua	duar	11
dua	duades	9
dua	duen	13
dua	duan	5
dua	due	6
dua	duas	10
vakta	vakter	2
vakta	vakta	14
vakta	vaktat	1
vakta	vaktas	10
vakta	vaktar	11
vakta	vakt	12
vakta	kta	3
vakta	vaktade	7
vakta	vaktan	5
vakta	vaktad	8
vakta	vaktet	0
vakta	vaktande	4
vakta	vakten	13
vakta	vaktaren	6
vakta	vakter	9
desillusionera	desillusinde	7
desillusionera	desillusines	10
desillusionera	desillusin	12
desillusionera	desillusinet	0
desillusionera	druller	2
desillusionera	desillusines	1
desillusionera	desillusinde	4
desillusionera	desillusinad	8
desillusionera	desillusiner	9
desillusionera	desillusine	14
desillusionera	sillusa	3
desillusionera	desillusinor	11
desillusionera	desillusine	6
desillusionera	desillusinen	13
desillusionera	desillusin	5
kröna	krön	12
kröna	na	3
kröna	kröner	9
kröna	krönar	11
kröna	krönet	0
kröna	kröner	2
kröna	krönt	5
kröna	krönen	13
kröna	krönas	10
kröna	krönes	1
kröna	kröne	6
kröna	krönad	8
kröna	kröna	14
kröna	krönte	7
kröna	krönande	4
patrullera	patrulleren	13
patrullera	patrullerat	1
patrullera	patrullerande	4
patrullera	patruller	2
patrullera	patrullerad	8
patrullera	patrulleret	0
patrullera	trulera	3
patrullera	patrulleran	5
patrullera	patrullere	6
patrullera	patrullera	14
patrullera	patrulleras	10
patrullera	patruller	12
patrullera	patruller	9
patrullera	patrullerar	11
patrullera	patrullerade	7
sluka	slukat	1
sluka	slukas	10
sluka	slukade	7
sluka	sluker	2
sluka	uka	3
sluka	slukar	11
sluka	sluk	12
sluka	slukan	5
sluka	sluke	6
sluka	slukad	8
sluka	sluka	14
sluka	sluket	0
sluka	sluken	13
sluka	slukande	4
sluka	slukades	9
ysta	ystet	0
ysta	ystar	11
ysta	ystande	4
ysta	yst	12
ysta	ystad	8
ysta	ystas	10
ysta	ysten	13
ysta	yster	9
ysta	ysta	14
ysta	yste	6
ysta	yster	2
ysta	ta	3
ysta	ystt	5
ysta	ystte	7
ysta	ystes	1
skåda	skådande	4
skåda	dada	3
skåda	skåd	12
skåda	skådades	9
skåda	skåden	13
skåda	skådan	5
skåda	skådet	0
skåda	skåder	2
skåda	skådas	10
skåda	skådade	7
skåda	skådat	1
skåda	skådar	11
skåda	skåda	14
skåda	skåde	6
skåda	skådad	8
insinuera	insinuerades	9
insinuera	insinuera	14
insinuera	insinueren	13
insinuera	insinuert	5
insinuera	insinuerar	11
insinuera	insinuer	2
insinuera	insinuere	6
insinuera	insinueret	0
insinuera	insinuerad	8
insinuera	insinuerande	4
insinuera	insinueras	10
insinuera	insinuerade	7
insinuera	insinuer	12
insinuera	insinuerat	1
insinuera	sinura	3
drabba	drabbe	6
drabba	drabba	14
drabba	drabbade	7
drabba	drabbat	1
drabba	bbba	3
drabba	drabban	5
drabba	drabbad	8
drabba	drabber	2
drabba	drabbet	0
drabba	drabbar	11
drabba	drabbas	10
drabba	drabb	12
drabba	drabbande	4
drabba	drabbades	9
drabba	drabben	13
överse	överser	2
överse	översen	5
överse	översed	8
överse	överset	0
överse	översede	7
överse	överser	9
överse	överset	1
överse	överse	6
överse	rese	3
överse	överse	4
överse	överse	12
överse	överse	14
överse	överser	11
överse	överses	10
överse	översen	13
förutsäga	förutsägen	13
förutsäga	utsäga	3
förutsäga	förutsägad	8
förutsäga	förutsäger	9
förutsäga	förutsäge	6
förutsäga	förutsäga	14
förutsäga	förutsägt	5
förutsäga	förutsäget	0
förutsäga	förutsägas	10
förutsäga	förutsägande	4
förutsäga	förutsäger	2
förutsäga	förutsäg	12
förutsäga	förutsägar	11
förutsäga	förutsägte	7
förutsäga	förutsäges	1
rigga	riggade	7
rigga	riggad	8
rigga	riggt	5
rigga	rigga	14
rigga	rigger	2
rigga	rigge	6
rigga	riggar	11
rigga	riggen	13
rigga	rigger	9
rigga	rigget	0
rigga	rigg	12
rigga	rigges	1
rigga	riggande	4
rigga	ga	3
rigga	riggas	10
uttala	uttalas	10
uttala	uttalat	1
uttala	tala	3
uttala	uttalande	4
uttala	uttala	14
uttala	uttale	6
uttala	uttalet	0
uttala	uttalades	9
uttala	uttalad	8
uttala	uttalen	13
uttala	uttaler	2
uttala	uttal	12
uttala	uttalar	11
uttala	uttalade	7
uttala	uttalan	5
tunnla	nla	3
tunnla	tunnlade	7
tunnla	tunner	2
tunnla	tunnl	12
tunnla	tunnla	14
tunnla	tunnlar	11
tunnla	tunnlande	4
tunnla	tunnlen	13
tunnla	tunnlat	1
tunnla	tunnlan	5
tunnla	tunner	9
tunnla	tunnlas	10
tunnla	tunnlad	8
tunnla	tunnet	0
tunnla	tunnle	6
prisa	prisar	11
prisa	prisande	4
prisa	prisen	13
prisa	priset	0
prisa	priser	9
prisa	prise	6
prisa	sa	3
prisa	prisas	10
prisa	priser	2
prisa	prisat	1
prisa	prisade	7
prisa	prisa	14
prisa	prisan	5
prisa	pris	12
prisa	prisad	8
rationalisera	ratiner	2
rationalisera	ratinnalis	4
rationalisera	ratinnalis	14
rationalisera	ratinnalis	9
rationalisera	ratinnise	6
rationalisera	ratinalen	13
rationalisera	ratin	12
rationalisera	ratinnalis	11
rationalisera	tina	3
rationalisera	ratinnalis	1
rationalisera	ratinnalis	10
rationalisera	ratinnalis	8
rationalisera	ratinnalis	5
rationalisera	ratinnalisade	7
rationalisera	ratinen	0
utforska	utforsker	2
utforska	utforsk	12
utforska	utforske	6
utforska	utforskades	9
utforska	utforskas	10
utforska	utforskar	11
utforska	utforskade	7
utforska	utforsken	13
utforska	utforskande	4
utforska	utforska	14
utforska	utforskan	5
utforska	forska	3
utforska	utforsket	0
utforska	utforskat	1
utforska	utforskad	8
signera	signerat	1
signera	signerades	9
signera	signer	12
signera	signeren	13
signera	gnera	3
signera	signerande	4
signera	signerar	11
signera	signera	14
signera	signere	6
signera	signerad	8
signera	signer	2
signera	signeret	0
signera	signert	5
signera	signerade	7
signera	signeras	10
hänga	ga	3
hänga	hängande	4
hänga	hänger	9
hänga	hänget	0
hänga	hänges	1
hänga	hänge	6
hänga	hänga	14
hänga	häng	12
hänga	hänger	2
hänga	hängas	10
hänga	hängt	5
hänga	hängade	7
hänga	hängen	13
hänga	hängar	11
hänga	hängad	8
infiltrera	infiltreras	10
infiltrera	infiltrerad	8
infiltrera	infiltrerade	7
infiltrera	infiltrere	6
infiltrera	filtra	3
infiltrera	infiltreran	5
infiltrera	infiltrerar	11
infiltrera	infiltrerande	4
infiltrera	infiltrera	14
infiltrera	infiltrer	2
infiltrera	infiltreren	13
infiltrera	infiltrerat	1
infiltrera	infiltrer	12
infiltrera	infiltrer	9
infiltrera	infiltreret	0
angripa	angripen	13
angripa	angripas	10
angripa	gripa	3
angripa	angripande	4
angripa	angripes	1
angripa	angriper	2
angripa	angripar	11
angripa	angripet	0
angripa	angriper	9
angripa	angriparen	6
angripa	angript	5
angripa	angripad	8
angripa	angrip	12
angripa	angripa	14
angripa	angripade	7
administrera	administrande	4
administrera	administrar	11
administrera	administre	12
administrera	administrades	9
administrera	administren	13
administrera	administras	10
administrera	administret	0
administrera	administran	5
administrera	administre	6
administrera	administrad	8
administrera	administrade	7
administrera	minstra	3
administrera	administra	14
administrera	administrer	2
administrera	administrat	1
tillträda	tillträde	6
tillträda	tillträdade	7
tillträda	tillträdan	5
tillträda	tillträden	13
tillträda	tillträdet	0
tillträda	tillträdande	4
tillträda	tillträdad	8
tillträda	lträda	3
tillträda	tillträder	9
tillträda	tillträdas	10
tillträda	tillträder	2
tillträda	tillträda	14
tillträda	tillträdes	1
tillträda	tillträdar	11
tillträda	tillträd	12
rösta	röst	12
rösta	röster	2
rösta	sta	3
rösta	röstade	7
rösta	röste	6
rösta	röster	9
rösta	röstande	4
rösta	röstet	0
rösta	röstar	11
rösta	rösta	14
rösta	rösten	13
rösta	röstad	8
rösta	röstan	5
rösta	röstat	1
rösta	röstas	10
förneka	förnekades	9
förneka	förnekas	10
förneka	förnek	12
förneka	förnekat	1
förneka	förnekade	7
förneka	förneken	13
förneka	förnekande	4
förneka	förnekt	5
förneka	förnekar	11
förneka	förneket	0
förneka	förnekades	2
förneka	neka	3
förneka	förneka	14
förneka	förneke	6
förneka	förnekad	8
slopa	slopad	8
slopa	slope	6
slopa	slopades	9
slopa	opa	3
slopa	slop	12
slopa	slopen	13
slopa	slopa	14
slopa	slopat	1
slopa	slopas	10
slopa	slopan	5
slopa	sloper	2
slopa	slopade	7
slopa	slopande	4
slopa	slopar	11
slopa	slopet	0
bedriva	bedrives	1
bedriva	bedrive	6
bedriva	bedriva	14
bedriva	bedrivar	11
bedriva	bedrivt	5
bedriva	bedriven	13
bedriva	driv	4
bedriva	bedrivade	7
bedriva	driven	0
bedriva	bedrivad	8
bedriva	driva	3
bedriva	driver	2
bedriva	bedriv	12
bedriva	bedriver	9
bedriva	bedrivas	10
destillera	destillerade	7
destillera	destillere	6
destillera	destillerat	1
destillera	destillerar	11
destillera	destilleras	10
destillera	destilleran	5
destillera	destillera	14
destillera	destiller	9
destillera	stilla	3
destillera	destillerande	4
destillera	destiller	12
destillera	destilleret	0
destillera	destillerad	8
destillera	destiller	2
destillera	destilleren	13
övertyga	övertyget	0
övertyga	övertygas	10
övertyga	övertygade	7
övertyga	övertygande	4
övertyga	rtyga	3
övertyga	övertyger	9
övertyga	övertygt	5
övertyga	övertyga	14
övertyga	övertyger	2
övertyga	övertyge	6
övertyga	övertyges	1
övertyga	övertygar	11
övertyga	övertygad	8
övertyga	övertygen	13
övertyga	övertyg	12
gruppera	ppera	3
gruppera	grupperades	2
gruppera	grupperar	11
gruppera	gruppere	6
gruppera	grupperade	7
gruppera	grupperet	0
gruppera	gruppera	14
gruppera	grupperades	9
gruppera	grupperat	1
gruppera	grupperas	10
gruppera	grupperad	8
gruppera	gruppert	5
gruppera	grupperande	4
gruppera	grupperen	13
gruppera	grupper	12
fördärva	fördärva	14
fördärva	fördärvar	11
fördärva	fördärvade	7
fördärva	fördärvas	10
fördärva	fördärvad	8
fördärva	fördärvat	1
fördärva	fördärvades	9
fördärva	fördärvaren	6
fördärva	fördärvet	0
fördärva	fördärv	12
fördärva	fördärvades	2
fördärva	fördärvan	5
fördärva	därva	3
fördärva	fördärvande	4
fördärva	fördärven	13
stava	staven	13
stava	stavet	0
stava	stava	14
stava	stavan	5
stava	stavat	1
stava	stavande	4
stava	stav	12
stava	va	3
stava	stavas	10
stava	staver	9
stava	stavar	11
stava	stave	6
stava	stavade	7
stava	staver	2
stava	stavad	8
märka	märkar	11
märka	märker	2
märka	märke	6
märka	märkas	10
märka	märk	12
märka	märka	14
märka	märken	13
märka	märkes	1
märka	märkte	7
märka	märkt	5
märka	märkad	8
märka	märket	0
märka	märker	9
märka	ka	3
märka	märkande	4
exportera	exorterade	7
exportera	exorteras	10
exportera	exorterraren	6
exportera	portera	3
exportera	exorter	12
exportera	exortera	14
exportera	xorter	2
exportera	exorterar	11
exportera	exorteran	5
exportera	exorterades	9
exportera	exorterat	1
exportera	exorterad	8
exportera	exorteren	13
exportera	exorterande	4
exportera	exorteret	0
möta	möta	14
möta	mötas	10
möta	mötet	0
möta	mötande	4
möta	mötad	8
möta	möte	6
möta	möten	13
möta	möt	12
möta	möter	2
möta	mött	5
möta	mötar	11
möta	möter	9
möta	ta	3
möta	mötte	7
möta	mötes	1
fixa	xa	3
fixa	fixar	11
fixa	fixa	14
fixa	fixade	7
fixa	fixas	10
fixa	fixande	4
fixa	fix	12
fixa	fixen	13
fixa	fixer	9
fixa	fixt	5
fixa	fixe	6
fixa	fixad	8
fixa	fixer	2
fixa	fixes	1
fixa	fixet	0
förordna	förordna	14
förordna	förordnade	7
förordna	förordnar	11
förordna	förordnet	0
förordna	förordnat	1
förordna	ordna	3
förordna	förordn	12
förordna	förordnades	9
förordna	förordnan	5
förordna	förordne	6
förordna	förordnen	13
förordna	förordnande	4
förordna	förordnad	8
förordna	förordnades	2
förordna	förordnas	10
olla	ollet	0
olla	ollat	1
olla	ollande	4
olla	ollade	7
olla	ollen	13
olla	oll	12
olla	oller	2
olla	la	3
olla	ollan	5
olla	ollades	9
olla	ollar	11
olla	ollad	8
olla	ollas	10
olla	olle	6
olla	olla	14
påstå	påstå	12
påstå	påstådes	9
påstå	påståd	8
påstå	påstår	11
påstå	påstå	14
påstå	påstån	5
påstå	påståt	0
påstå	påståde	7
påstå	påståt	1
påstå	påståren	6
påstå	påstånde	4
påstå	påstån	13
påstå	påstås	10
påstå	påstådes	2
påstå	stå	3
emigrera	emigrerat	1
emigrera	migreret	0
emigrera	migrerande	4
emigrera	emigreran	5
emigrera	emigrerades	9
emigrera	emigrerade	7
emigrera	emigrere	6
emigrera	grera	3
emigrera	emigrer	12
emigrera	migrer	2
emigrera	emigreren	13
emigrera	emigreras	10
emigrera	emigrera	14
emigrera	emigrerad	8
emigrera	emigrerar	11
predika	predikaren	6
predika	predik	12
predika	predikade	7
predika	predikas	10
predika	predikat	1
predika	predikades	9
predika	predikar	11
predika	prediken	13
predika	predika	14
predika	dika	3
predika	predikades	2
predika	predikande	4
predika	prediket	0
predika	predikan	5
predika	predikad	8
avgränsa	avgränsa	14
avgränsa	gränsa	3
avgränsa	avgränsas	10
avgränsa	avgränse	6
avgränsa	avgräns	12
avgränsa	avgränset	0
avgränsa	avgränser	9
avgränsa	avgränsande	4
avgränsa	avgränsad	8
avgränsa	avgränsar	11
avgränsa	avgränsen	13
avgränsa	avgränsade	7
avgränsa	avgränst	5
avgränsa	avgränser	2
avgränsa	avgränsat	1
spå	spån	13
spå	spåt	1
spå	spår	11
spå	spån	5
spå	spådes	9
spå	spås	10
spå	spå	12
spå	spåde	7
spå	spådes	2
spå	spåt	0
spå	spånde	4
spå	spåd	8
spå	spå	14
spå	å	3
spå	spåren	6
erhålla	erhållas	10
erhålla	erhålle	6
erhålla	håller	2
erhålla	erhållat	1
erhålla	erhåll	12
erhålla	erhållad	8
erhålla	hålla	3
erhålla	rhållet	0
erhålla	erhållar	11
erhålla	erhållande	4
erhålla	erhållade	7
erhålla	erhållt	5
erhålla	erhålla	14
erhålla	erhållen	13
erhålla	erhåller	9
bekräfta	bekräfte	6
bekräfta	kräft	4
bekräfta	bekräfta	14
bekräfta	bekräftade	7
bekräfta	kräfter	2
bekräfta	bekräftad	8
bekräfta	bekräften	13
bekräfta	bekräftas	10
bekräfta	bekräftat	1
bekräfta	kräfta	3
bekräfta	kräften	0
bekräfta	bekräftar	11
bekräfta	bekräftades	9
bekräfta	bekräft	12
bekräfta	bekräftan	5
klorera	klorer	12
klorera	klorerat	1
klorera	klorere	6
klorera	klorera	14
klorera	klorert	5
klorera	klorer	2
klorera	kloreret	0
klorera	klorerar	11
klorera	kloreras	10
klorera	klorerades	9
klorera	klorerad	8
klorera	kloreren	13
klorera	klorerade	7
klorera	klorerande	4
klorera	orera	3
svara	svarande	4
svara	svart	5
svara	svarade	7
svara	svarades	9
svara	svaren	13
svara	svarar	11
svara	svarer	2
svara	svare	6
svara	svar	12
svara	svarad	8
svara	svara	14
svara	ara	3
svara	svarat	1
svara	svaret	0
svara	svaras	10
klistra	klistrer	2
klistra	klistret	0
klistra	stra	3
klistra	klistrades	9
klistra	klistras	10
klistra	klistren	13
klistra	klistra	14
klistra	klistre	6
klistra	klistrad	8
klistra	klistrat	1
klistra	klistrande	4
klistra	klistrar	11
klistra	klistran	5
klistra	klistr	12
klistra	klistrade	7
lysa	lysar	11
lysa	lyste	7
lysa	lysad	8
lysa	lyser	2
lysa	lysen	13
lysa	lyset	0
lysa	lysa	14
lysa	lysas	10
lysa	lys	12
lysa	sa	3
lysa	lysande	4
lysa	lyser	9
lysa	lyses	1
lysa	lyst	5
lysa	lyse	6
förfina	fina	3
förfina	förfinades	9
förfina	förfinas	10
förfina	förfinet	0
förfina	förfine	6
förfina	förfint	5
förfina	förfinad	8
förfina	förfinen	13
förfina	förfinande	4
förfina	förfin	12
förfina	förfiner	2
förfina	förfinat	1
förfina	förfinade	7
förfina	förfinar	11
förfina	förfina	14
upphäva	upphäves	1
upphäva	upphäve	6
upphäva	upphäv	12
upphäva	upphäven	13
upphäva	upphäva	14
upphäva	upphävas	10
upphäva	upphäver	2
upphäva	upphävar	11
upphäva	upphävt	5
upphäva	upphäver	9
upphäva	upphävte	7
upphäva	phäva	3
upphäva	upphävad	8
upphäva	upphävet	0
upphäva	upphävande	4
donera	donert	5
donera	donera	14
donera	donerande	4
donera	nera	3
donera	donerar	11
donera	donerat	1
donera	donerades	9
donera	doneren	13
donera	donere	6
donera	donerade	7
donera	doner	2
donera	donerad	8
donera	doner	12
donera	doneret	0
donera	doneras	10
framföra	framföras	10
framföra	framföres	1
framföra	amföra	3
framföra	framfören	13
framföra	framförande	4
framföra	framföra	14
framföra	framförad	8
framföra	framfört	5
framföra	framföre	6
framföra	framförer	9
framföra	framförar	11
framföra	amförer	2
framföra	framförade	7
framföra	framföret	0
framföra	framför	12
banda	band	12
banda	bandar	11
banda	bandande	4
banda	bander	9
banda	bandes	1
banda	bandet	0
banda	bande	6
banda	nda	3
banda	bandas	10
banda	banda	14
banda	bandade	7
banda	bandan	5
banda	banden	13
banda	bandad	8
banda	ander	2
befästa	befäster	9
befästa	befästas	10
befästa	befästes	1
befästa	fäster	2
befästa	befäst	12
befästa	befästar	11
befästa	fästa	3
befästa	befästen	13
befästa	fästen	0
befästa	befäste	6
befästa	befästa	14
befästa	befästad	8
befästa	befästan	5
befästa	befästade	7
befästa	fäst	4
krama	kramande	4
krama	kramad	8
krama	kramar	11
krama	krama	14
krama	kramen	13
krama	kramas	10
krama	kramades	9
krama	kramade	7
krama	kramt	5
krama	kramades	2
krama	kramet	0
krama	kramat	1
krama	ama	3
krama	kramaren	6
krama	kram	12
utbyta	utbytes	1
utbyta	utbyt	12
utbyta	utbytad	8
utbyta	utbyter	2
utbyta	utbytas	10
utbyta	utbytar	11
utbyta	utbyte	6
utbyta	utbyter	9
utbyta	byta	3
utbyta	utbyta	14
utbyta	utbytt	5
utbyta	utbytet	0
utbyta	utbytte	7
utbyta	utbytande	4
utbyta	utbyten	13
karaktärisera	karaktärisas	10
karaktärisera	karaktäris	12
karaktärisera	karaktäriset	0
karaktärisera	karaktärses	1
karaktärisera	karaktärisad	8
karaktärisera	karaktärisar	2
karaktärisera	aktärsa	3
karaktärisera	karaktärisande	4
karaktärisera	karaktärser	9
karaktärisera	karaktärisen	13
karaktärisera	karaktärse	7
karaktärisera	karaktärisa	14
karaktärisera	karaktärsen	5
karaktärisera	karaktärisar	11
karaktärisera	karaktärse	6
besöka	söker	2
besöka	besök	12
besöka	besöken	13
besöka	besökas	10
besöka	sök	4
besöka	besökar	11
besöka	besöker	9
besöka	söka	3
besöka	besökte	7
besöka	söken	0
besöka	besöke	6
besöka	besökt	5
besöka	besökad	8
besöka	besöka	14
besöka	besökes	1
underteckna	underteckn	5
underteckna	underteckn	2
underteckna	undertecknde	4
underteckna	undertecknades	9
underteckna	undertecknade	7
underteckna	undertecknar	11
underteckna	derte	3
underteckna	undertecknen	13
underteckna	underteckn	0
underteckna	underteckn	12
underteckna	underteckna	14
underteckna	undertecknas	10
underteckna	undertecknaren	6
underteckna	undertecknad	8
underteckna	undertecknat	1
tillbedja	tillbedja	14
tillbedja	lbedja	3
tillbedja	tillbedjad	8
tillbedja	tillbedjer	2
tillbedja	tillbedjade	7
tillbedja	tillbedjet	0
tillbedja	tillbedjes	1
tillbedja	tillbedjande	4
tillbedja	tillbedjar	11
tillbedja	tillbedjen	13
tillbedja	tillbedjas	10
tillbedja	tillbedj	12
tillbedja	tillbedje	6
tillbedja	tillbedjer	9
tillbedja	tillbedjt	5
tina	tiner	9
tina	tinat	1
tina	tinade	7
tina	tinar	11
tina	tinande	4
tina	tine	6
tina	tina	14
tina	na	3
tina	tiner	2
tina	tin	12
tina	tinet	0
tina	tinas	10
tina	tinad	8
tina	tinen	13
tina	tint	5
fullborda	fullbordat	1
fullborda	fullborden	13
fullborda	fullborda	14
fullborda	fullbordad	8
fullborda	fullbordades	9
fullborda	fullbordas	10
fullborda	fullbord	12
fullborda	fullbordar	11
fullborda	fullborder	2
fullborda	fullbordande	4
fullborda	fullbordan	5
fullborda	fullbordet	0
fullborda	fullbordade	7
fullborda	fullborde	6
fullborda	lborda	3
agna	agne	6
agna	agnas	10
agna	agner	9
agna	agnar	11
agna	agnt	5
agna	agnade	7
agna	agnad	8
agna	agner	2
agna	agnande	4
agna	agnen	13
agna	agna	14
agna	agnat	1
agna	agn	12
agna	na	3
agna	agnet	0
vässa	vässt	5
vässa	vässte	7
vässa	vässer	9
vässa	vässa	14
vässa	sa	3
vässa	vässes	1
vässa	vässen	13
vässa	vässande	4
vässa	vässas	10
vässa	vässe	6
vässa	vässad	8
vässa	väss	12
vässa	vässer	2
vässa	vässet	0
vässa	vässar	11
titulera	titulera	14
titulera	tituleret	0
titulera	titulerar	11
titulera	titulerade	7
titulera	titulerad	8
titulera	titulerades	9
titulera	tituleran	5
titulera	tulera	3
titulera	titulerande	4
titulera	tituleras	10
titulera	tituleren	13
titulera	tituler	2
titulera	titulere	6
titulera	titulerat	1
titulera	tituler	12
anställa	anstället	0
anställa	ställa	3
anställa	anställ	12
anställa	anställande	4
anställa	anställas	10
anställa	anställer	9
anställa	anställe	6
anställa	anställade	7
anställa	anställad	8
anställa	anställar	11
anställa	anställer	2
anställa	anställa	14
anställa	anställen	13
anställa	anställes	1
anställa	anställt	5
dubblera	dubblerades	9
dubblera	blera	3
dubblera	dubbleras	10
dubblera	dubblerade	7
dubblera	dubblerat	1
dubblera	dubblera	14
dubblera	dubblerande	4
dubblera	dubblerer	2
dubblera	dubbler	12
dubblera	dubblere	6
dubblera	dubbleren	13
dubblera	dubblerar	11
dubblera	dubblerad	8
dubblera	dubbleret	0
dubblera	dubblert	5
betrakta	betrakter	9
betrakta	betraktade	7
betrakta	betraktad	8
betrakta	betraktan	5
betrakta	betraktar	11
betrakta	trakt	4
betrakta	betrakt	12
betrakta	betrakte	6
betrakta	betraktat	1
betrakta	betrakta	14
betrakta	trakta	3
betrakta	betraktas	10
betrakta	trakter	2
betrakta	betrakten	13
betrakta	trakten	0
bifoga	foger	2
bifoga	bifoget	0
bifoga	bifoge	6
bifoga	bifogat	1
bifoga	bifogar	11
bifoga	bifogad	8
bifoga	foga	3
bifoga	bifog	12
bifoga	bifogt	5
bifoga	bifogade	7
bifoga	bifogades	9
bifoga	bifogen	13
bifoga	bifogas	10
bifoga	bifogande	4
bifoga	bifoga	14
fördela	fördelat	1
fördela	fördelet	0
fördela	fördelades	2
fördela	fördelen	13
fördela	fördelade	7
fördela	fördelt	5
fördela	fördelas	10
fördela	fördelad	8
fördela	fördelar	11
fördela	dela	3
fördela	fördelades	9
fördela	fördelande	4
fördela	fördel	12
fördela	fördela	14
fördela	fördele	6
boka	bokar	11
boka	boken	13
boka	bokades	9
boka	bokande	4
boka	bokat	1
boka	bok	12
boka	bokt	5
boka	bokad	8
boka	bokas	10
boka	boket	0
boka	boker	2
boka	boke	6
boka	ka	3
boka	bokade	7
boka	boka	14
mena	menar	11
mena	menen	13
mena	menade	7
mena	mena	14
mena	menet	0
mena	na	3
mena	menande	4
mena	menas	10
mena	ment	5
mena	mener	2
mena	menat	1
mena	mene	6
mena	menad	8
mena	menades	9
mena	men	12
diskretisera	diskretisande	4
diskretisera	diskretise	7
diskretisera	diskretiset	0
diskretisera	diskretiser	2
diskretisera	diskretiser	12
diskretisera	diskretiser	9
diskretisera	diskretises	1
diskretisera	diskretiseras	10
diskretisera	diskretiser	11
diskretisera	diskretisen	13
diskretisera	diskretise	6
diskretisera	diskretiserad	8
diskretisera	diskretisen	5
diskretisera	skretisera	3
diskretisera	diskretise	14
jämföra	möra	3
jämföra	jämfört	5
jämföra	jämföret	0
jämföra	jämföres	1
jämföra	jämförer	9
jämföra	jämförande	4
jämföra	jämförer	2
jämföra	jämför	12
jämföra	jämförte	7
jämföra	jämföra	14
jämföra	jämförad	8
jämföra	jämförar	11
jämföra	jämföre	6
jämföra	jämföras	10
jämföra	jämfören	13
brotta	brottad	8
brotta	brottan	5
brotta	brotten	13
brotta	brottet	0
brotta	brotta	14
brotta	brotte	6
brotta	otta	3
brotta	brottande	4
brotta	brottat	1
brotta	rotter	2
brotta	brottade	7
brotta	brottar	11
brotta	brott	12
brotta	brottas	10
brotta	brottades	9
mana	manen	13
mana	manat	1
mana	na	3
mana	mana	14
mana	manar	11
mana	maner	2
mana	manades	9
mana	manade	7
mana	manas	10
mana	mant	5
mana	manande	4
mana	mane	6
mana	man	12
mana	manad	8
mana	manet	0
bordlägga	bordlägges	1
bordlägga	bordläggande	4
bordlägga	bordläggas	10
bordlägga	bordläggar	11
bordlägga	bordläggen	13
bordlägga	dlägga	3
bordlägga	bordlägget	0
bordlägga	bordlägger	9
bordlägga	bordlägg	12
bordlägga	bordläggad	8
bordlägga	bordläggt	5
bordlägga	bordläggade	7
bordlägga	dlägger	2
bordlägga	bordlägge	6
bordlägga	bordlägga	14
behandla	handl	4
behandla	behandlar	11
behandla	behandlan	5
behandla	handlen	0
behandla	behandlad	8
behandla	behandlat	1
behandla	handler	2
behandla	behandla	14
behandla	behandlades	9
behandla	behandle	6
behandla	behandlade	7
behandla	behandl	12
behandla	handla	3
behandla	behandlas	10
behandla	behandlen	13
förtycka	förtycket	0
förtycka	förtycker	2
förtycka	förtyckas	10
förtycka	förtycken	13
förtycka	förtyckar	11
förtycka	tycka	3
förtycka	förtyck	12
förtycka	förtyckte	7
förtycka	förtycker	9
förtycka	förtyckes	1
förtycka	förtyckt	5
förtycka	förtycke	6
förtycka	förtycka	14
förtycka	förtyckande	4
förtycka	förtyckad	8
överväga	övervägt	5
överväga	övervägade	7
överväga	rväga	3
överväga	överväg	12
överväga	överväget	0
överväga	överväges	1
överväga	överväge	6
överväga	övervägad	8
överväga	övervägas	10
överväga	överväga	14
överväga	övervägen	13
överväga	övervägande	4
överväga	överväger	9
överväga	övervägar	11
överväga	överväger	2
jorda	jorda	14
jorda	jorder	9
jorda	jorde	6
jorda	jordande	4
jorda	jordad	8
jorda	jorden	13
jorda	da	3
jorda	jordade	7
jorda	jordar	11
jorda	jordes	1
jorda	jord	12
jorda	jorder	2
jorda	jordas	10
jorda	jordan	5
jorda	jordet	0
upplysa	upplyste	7
upplysa	upplysar	11
upplysa	upplyset	0
upplysa	upplyse	6
upplysa	upplysa	14
upplysa	upplysen	13
upplysa	upplyser	9
upplysa	upplyser	2
upplysa	upplyses	1
upplysa	upplysande	4
upplysa	plysa	3
upplysa	upplysad	8
upplysa	upplys	12
upplysa	upplysas	10
upplysa	upplyst	5
variera	varieras	10
variera	varierades	9
variera	varierad	8
variera	varierar	11
variera	ira	3
variera	varierande	4
variera	varierer	2
variera	varier	12
variera	varierat	1
variera	varieran	5
variera	varieret	0
variera	variere	6
variera	variera	14
variera	varierade	7
variera	varieren	13
stråla	strålas	10
stråla	strålen	13
stråla	stråler	2
stråla	strålad	8
stråla	strål	12
stråla	strålat	1
stråla	strålade	7
stråla	strålades	9
stråla	åla	3
stråla	stråla	14
stråla	stråle	6
stråla	strålan	5
stråla	strålande	4
stråla	strålar	11
stråla	strålet	0
åskåda	åskåd	12
åskåda	kåda	3
åskåda	åskådande	4
åskåda	åskådad	8
åskåda	åskådade	7
åskåda	åskådan	5
åskåda	åskåder	9
åskåda	åskåder	2
åskåda	åskådar	11
åskåda	åskåden	13
åskåda	åskådas	10
åskåda	åskåda	14
åskåda	åskådet	0
åskåda	åskåde	6
åskåda	åskådat	1
ursäkta	säkta	3
ursäkta	ursäktade	7
ursäkta	ursäkta	14
ursäkta	ursäkt	12
ursäkta	ursäkter	9
ursäkta	ursäktan	5
ursäkta	ursäktar	11
ursäkta	ursäktes	1
ursäkta	ursäkter	2
ursäkta	ursäktet	0
ursäkta	ursäkten	13
ursäkta	ursäktas	10
ursäkta	ursäktad	8
ursäkta	ursäkte	6
ursäkta	ursäktande	4
abonnera	eroner	2
abonnera	abonneret	0
abonnera	abonneran	5
abonnera	abonnerad	8
abonnera	abonnerat	1
abonnera	onnera	3
abonnera	abonnerande	4
abonnera	abonnerades	9
abonnera	abonneras	10
abonnera	abonnerar	11
abonnera	abonnerade	7
abonnera	abonner	12
abonnera	abonneren	13
abonnera	abonnera	14
abonnera	abonnere	6
passa	passas	10
passa	passa	14
passa	passer	9
passa	passad	8
passa	passande	4
passa	passes	1
passa	passar	11
passa	passen	13
passa	sa	3
passa	passaren	6
passa	pass	12
passa	passer	2
passa	passan	5
passa	passade	7
passa	passet	0
dekretera	kretera	3
dekretera	dekreterer	2
dekretera	dekreteras	10
dekretera	dekreterar	11
dekretera	dekreterad	8
dekretera	dekreter	12
dekretera	dekreterade	7
dekretera	dekreterande	4
dekretera	dekretera	14
dekretera	dekreterat	1
dekretera	dekreteret	0
dekretera	dekreterades	9
dekretera	dekreteren	13
dekretera	dekretere	6
dekretera	dekretert	5
förebygga	förebyggade	7
förebygga	förebygg	12
förebygga	förebyggande	4
förebygga	förebyggad	8
förebygga	förebygger	2
förebygga	förebyggar	11
förebygga	förebygges	1
förebygga	förebygge	6
förebygga	förebygget	0
förebygga	förebygger	9
förebygga	förebyggt	5
förebygga	förebyggen	13
förebygga	förebyggas	10
förebygga	förebygga	14
förebygga	ebygga	3
förmoda	förmoden	13
förmoda	förmodet	0
förmoda	förmodande	4
förmoda	förmodade	7
förmoda	förmodad	8
förmoda	förmodat	1
förmoda	förmode	6
förmoda	förmodas	10
förmoda	moda	3
förmoda	förmod	12
förmoda	förmoda	14
förmoda	förmodar	11
förmoda	förmoder	9
förmoda	förmodan	5
förmoda	förmoder	2
erkänna	erkännar	11
erkänna	erkänne	6
erkänna	erkännade	7
erkänna	erkänna	14
erkänna	erkänner	9
erkänna	erkännas	10
erkänna	erkännande	4
erkänna	erkännen	13
erkänna	erkännad	8
erkänna	känna	3
erkänna	erkännat	1
erkänna	rkännen	0
erkänna	erkänn	12
erkänna	känner	2
erkänna	erkännt	5
fräsa	fräsad	8
fräsa	fräsen	13
fräsa	fräst	5
fräsa	fräses	1
fräsa	fräsande	4
fräsa	fräse	6
fräsa	fräser	9
fräsa	fräsar	11
fräsa	fräs	12
fräsa	sa	3
fräsa	fräser	2
fräsa	fräset	0
fräsa	fräste	7
fräsa	fräsa	14
fräsa	fräsas	10
ändra	ändra	14
ändra	ändrer	2
ändra	ändrar	11
ändra	ändrad	8
ändra	dra	3
ändra	ändre	6
ändra	ändret	0
ändra	ändrades	9
ändra	ändren	13
ändra	ändrande	4
ändra	ändras	10
ändra	ändrade	7
ändra	ändrat	1
ändra	ändran	5
ändra	ändr	12
betona	tona	3
betona	betonat	1
betona	betonen	13
betona	betone	6
betona	betonar	11
betona	betonades	9
betona	beton	12
betona	toner	2
betona	betona	14
betona	ton	4
betona	tonen	0
betona	betonad	8
betona	betonas	10
betona	betont	5
betona	betonade	7
försöka	försökt	5
försöka	försökande	4
försöka	försöken	13
försöka	försökad	8
försöka	försöke	6
försöka	försöka	14
försöka	försöket	0
försöka	försökes	1
försöka	söka	3
försöka	försöker	2
försöka	försök	12
försöka	försöker	9
försöka	försökar	11
försöka	försökas	10
försöka	försökte	7
turnera	turnerande	4
turnera	turnerad	8
turnera	turnerades	9
turnera	turnert	5
turnera	nera	3
turnera	turneras	10
turnera	turner	12
turnera	turnerar	11
turnera	turnerade	7
turnera	turnerat	1
turnera	turneren	13
turnera	turnerer	2
turnera	turnere	6
turnera	turneret	0
turnera	turnera	14
